2025-01-27 01:23:59 - Debugger session started.
2025-01-27 01:23:59 - BasilMuguet Test_1 started
2025-01-27 01:23:59 -  - - - Adding pulse number 0 with midi index 81. - - -
2025-01-27 01:23:59 - Pulse Index: 0 | Midi Index: 48 | Intensity: 32 | Note Name: C3
2025-01-27 01:23:59 - Pulse Index: 1 | Midi Index: 81 | Intensity: 33 | Note Name: A5
2025-01-27 01:23:59 - 
Logging Idyll Amount:

2025-01-27 01:23:59 - Resonance: 0 | NetInflow: 0 | NetOutflow: 0 | NetOverflow: 0 | State: Static
2025-01-27 01:23:59 - Resonance: 0 | NetInflow: 0 | NetOutflow: 0 | NetOverflow: 0 | State: Static
2025-01-27 01:23:59 - Resonance: 0 | NetInflow: 0 | NetOutflow: 0 | NetOverflow: 0 | State: Static
2025-01-27 01:23:59 - Resonance: 0 | NetInflow: 0 | NetOutflow: 0 | NetOverflow: 0 | State: Static
2025-01-27 01:23:59 - Resonance: 0 | NetInflow: 0 | NetOutflow: 0 | NetOverflow: 0 | State: Static
2025-01-27 01:23:59 - Resonance: 0 | NetInflow: 0 | NetOutflow: 0 | NetOverflow: 0 | State: Static
2025-01-27 01:23:59 - Resonance: 0 | NetInflow: 0 | NetOutflow: 0 | NetOverflow: 0 | State: Static
2025-01-27 01:23:59 - Resonance: 0 | NetInflow: 0 | NetOutflow: 0 | NetOverflow: 0 | State: Static
2025-01-27 01:23:59 - Resonance: 0 | NetInflow: 0 | NetOutflow: 0 | NetOverflow: 0 | State: Static
2025-01-27 01:23:59 - Resonance: 0 | NetInflow: 0 | NetOutflow: 0 | NetOverflow: 0 | State: Static
2025-01-27 01:23:59 - Resonance: 0 | NetInflow: 0 | NetOutflow: 0 | NetOverflow: 0 | State: Static
2025-01-27 01:23:59 - Resonance: 0 | NetInflow: 0 | NetOutflow: 0 | NetOverflow: 0 | State: Static
2025-01-27 01:23:59 - Resonance: 0 | NetInflow: 0 | NetOutflow: 0 | NetOverflow: 0 | State: Static
2025-01-27 01:23:59 - Resonance: 0 | NetInflow: 0 | NetOutflow: 0 | NetOverflow: 0 | State: Static
2025-01-27 01:23:59 - Resonance: 0 | NetInflow: 0 | NetOutflow: 0 | NetOverflow: 0 | State: Static
2025-01-27 01:23:59 - Resonance: 0 | NetInflow: 0 | NetOutflow: 0 | NetOverflow: 0 | State: Static
2025-01-27 01:23:59 - Resonance: 0 | NetInflow: 0 | NetOutflow: 0 | NetOverflow: 0 | State: Static
2025-01-27 01:23:59 - Resonance: 0 | NetInflow: 0 | NetOutflow: 0 | NetOverflow: 0 | State: Static
2025-01-27 01:23:59 - Resonance: 0 | NetInflow: 0 | NetOutflow: 0 | NetOverflow: 0 | State: Static
2025-01-27 01:23:59 - Resonance: 0 | NetInflow: 0 | NetOutflow: 0 | NetOverflow: 0 | State: Static
2025-01-27 01:23:59 - Resonance: 0 | NetInflow: 0 | NetOutflow: 0 | NetOverflow: 0 | State: Static
2025-01-27 01:23:59 - Resonance: 0 | NetInflow: 0 | NetOutflow: 0 | NetOverflow: 0 | State: Static
2025-01-27 01:23:59 - Resonance: 0 | NetInflow: 0 | NetOutflow: 0 | NetOverflow: 0 | State: Static
2025-01-27 01:23:59 - Resonance: 0 | NetInflow: 0 | NetOutflow: 0 | NetOverflow: 0 | State: Static
2025-01-27 01:23:59 - Resonance: 0 | NetInflow: 0 | NetOutflow: 0 | NetOverflow: 0 | State: Static
2025-01-27 01:23:59 - Resonance: 0 | NetInflow: 0 | NetOutflow: 0 | NetOverflow: 0 | State: Static
2025-01-27 01:23:59 - Resonance: 0 | NetInflow: 0 | NetOutflow: 0 | NetOverflow: 0 | State: Static
2025-01-27 01:23:59 - Resonance: 0 | NetInflow: 0 | NetOutflow: 0 | NetOverflow: 0 | State: Static
2025-01-27 01:23:59 - Resonance: 0 | NetInflow: 0 | NetOutflow: 0 | NetOverflow: 0 | State: Static
2025-01-27 01:23:59 - Resonance: 0 | NetInflow: 0 | NetOutflow: 0 | NetOverflow: 0 | State: Static
2025-01-27 01:23:59 - Resonance: 0 | NetInflow: 0 | NetOutflow: 0 | NetOverflow: 0 | State: Static
2025-01-27 01:23:59 - Resonance: 0 | NetInflow: 0 | NetOutflow: 0 | NetOverflow: 0 | State: Static
2025-01-27 01:23:59 - Resonance: 0 | NetInflow: 0 | NetOutflow: 0 | NetOverflow: 0 | State: Static
2025-01-27 01:23:59 - Resonance: 0 | NetInflow: 0 | NetOutflow: 0 | NetOverflow: 0 | State: Static
2025-01-27 01:23:59 - Resonance: 0 | NetInflow: 0 | NetOutflow: 0 | NetOverflow: 0 | State: Static
2025-01-27 01:23:59 - Resonance: 0 | NetInflow: 0 | NetOutflow: 0 | NetOverflow: 0 | State: Static
2025-01-27 01:23:59 - Resonance: 0 | NetInflow: 0 | NetOutflow: 0 | NetOverflow: 0 | State: Static
2025-01-27 01:23:59 - Resonance: 0 | NetInflow: 0 | NetOutflow: 0 | NetOverflow: 0 | State: Static
2025-01-27 01:23:59 - Resonance: 0 | NetInflow: 0 | NetOutflow: 0 | NetOverflow: 0 | State: Static
2025-01-27 01:23:59 - Resonance: 0 | NetInflow: 0 | NetOutflow: 0 | NetOverflow: 0 | State: Static
2025-01-27 01:23:59 - Resonance: 0 | NetInflow: 0 | NetOutflow: 0 | NetOverflow: 0 | State: Static
2025-01-27 01:23:59 - Resonance: 0 | NetInflow: 0 | NetOutflow: 0 | NetOverflow: 0 | State: Static
2025-01-27 01:23:59 - Resonance: 0 | NetInflow: 0 | NetOutflow: 0 | NetOverflow: 0 | State: Static
2025-01-27 01:23:59 - Resonance: 0 | NetInflow: 0 | NetOutflow: 0 | NetOverflow: 0 | State: Static
2025-01-27 01:23:59 - Resonance: 0 | NetInflow: 0 | NetOutflow: 0 | NetOverflow: 0 | State: Static
2025-01-27 01:23:59 - Resonance: 0 | NetInflow: 0 | NetOutflow: 0 | NetOverflow: 0 | State: Static
2025-01-27 01:23:59 - Resonance: 0 | NetInflow: 0 | NetOutflow: 0 | NetOverflow: 0 | State: Static
2025-01-27 01:23:59 - Resonance: 0 | NetInflow: 0 | NetOutflow: 0 | NetOverflow: 0 | State: Static
2025-01-27 01:23:59 - Resonance: 0 | NetInflow: 0 | NetOutflow: 0 | NetOverflow: 0 | State: Static
2025-01-27 01:23:59 - Resonance: 0 | NetInflow: 0 | NetOutflow: 0 | NetOverflow: 0 | State: Static
2025-01-27 01:23:59 -  - - - Adding pulse number 1 with midi index 99. - - -
2025-01-27 01:23:59 - Pulse Index: 0 | Midi Index: 48 | Intensity: 32 | Note Name: C3
2025-01-27 01:23:59 - Pulse Index: 1 | Midi Index: 81 | Intensity: 33 | Note Name: A5
2025-01-27 01:23:59 - Pulse Index: 2 | Midi Index: 99 | Intensity: 50 | Note Name: D#/Eb7
2025-01-27 01:23:59 - 
Logging Idyll Amount:

2025-01-27 01:23:59 - Resonance: 0.1 | NetInflow: 4 | NetOutflow: 0 | NetOverflow: 0 | State: Active
2025-01-27 01:23:59 - Resonance: 0.1 | NetInflow: 4 | NetOutflow: 4 | NetOverflow: 0 | State: Active
2025-01-27 01:23:59 - Resonance: 0.1 | NetInflow: 4 | NetOutflow: 4 | NetOverflow: 0 | State: Active
2025-01-27 01:23:59 - Resonance: 0.1 | NetInflow: 4 | NetOutflow: 4 | NetOverflow: 0 | State: Active
2025-01-27 01:23:59 - Resonance: 0.1 | NetInflow: 4 | NetOutflow: 4 | NetOverflow: 0 | State: Active
2025-01-27 01:23:59 - Resonance: 0.1 | NetInflow: 4 | NetOutflow: 4 | NetOverflow: 0 | State: Active
2025-01-27 01:23:59 - Resonance: 0.1 | NetInflow: 4 | NetOutflow: 4 | NetOverflow: 0 | State: Active
2025-01-27 01:23:59 - Resonance: 0.1 | NetInflow: 4 | NetOutflow: 4 | NetOverflow: 0 | State: Active
2025-01-27 01:23:59 - Resonance: 0.1 | NetInflow: 4 | NetOutflow: 4 | NetOverflow: 0 | State: Active
2025-01-27 01:23:59 - Resonance: 0.1 | NetInflow: 4 | NetOutflow: 4 | NetOverflow: 0 | State: Active
2025-01-27 01:23:59 - Resonance: 0.1 | NetInflow: 4 | NetOutflow: 4 | NetOverflow: 0 | State: Active
2025-01-27 01:23:59 - Resonance: 0.1 | NetInflow: 4 | NetOutflow: 4 | NetOverflow: 0 | State: Active
2025-01-27 01:23:59 - Resonance: 0.1 | NetInflow: 4 | NetOutflow: 4 | NetOverflow: 0 | State: Active
2025-01-27 01:23:59 - Resonance: 0.1 | NetInflow: 4 | NetOutflow: 4 | NetOverflow: 0 | State: Active
2025-01-27 01:23:59 - Resonance: 0.1 | NetInflow: 4 | NetOutflow: 4 | NetOverflow: 0 | State: Active
2025-01-27 01:23:59 - Resonance: 0.1 | NetInflow: 4 | NetOutflow: 4 | NetOverflow: 0 | State: Active
2025-01-27 01:23:59 - Resonance: 0.1 | NetInflow: 4 | NetOutflow: 4 | NetOverflow: 0 | State: Active
2025-01-27 01:23:59 - Resonance: 0.1 | NetInflow: 4 | NetOutflow: 4 | NetOverflow: 0 | State: Active
2025-01-27 01:23:59 - Resonance: 0.1 | NetInflow: 4 | NetOutflow: 4 | NetOverflow: 0 | State: Active
2025-01-27 01:23:59 - Resonance: 0.1 | NetInflow: 4 | NetOutflow: 4 | NetOverflow: 0 | State: Active
2025-01-27 01:23:59 - Resonance: 0.1 | NetInflow: 4 | NetOutflow: 4 | NetOverflow: 0 | State: Active
2025-01-27 01:23:59 - Resonance: 0.1 | NetInflow: 4 | NetOutflow: 4 | NetOverflow: 0 | State: Active
2025-01-27 01:23:59 - Resonance: 0.1 | NetInflow: 4 | NetOutflow: 4 | NetOverflow: 0 | State: Active
2025-01-27 01:23:59 - Resonance: 0.1 | NetInflow: 4 | NetOutflow: 4 | NetOverflow: 0 | State: Active
2025-01-27 01:23:59 - Resonance: 0.1 | NetInflow: 4 | NetOutflow: 4 | NetOverflow: 0 | State: Active
2025-01-27 01:23:59 - Resonance: 0.1 | NetInflow: 4 | NetOutflow: 4 | NetOverflow: 0 | State: Active
2025-01-27 01:23:59 - Resonance: 0.1 | NetInflow: 4 | NetOutflow: 4 | NetOverflow: 0 | State: Active
2025-01-27 01:23:59 - Resonance: 0.1 | NetInflow: 4 | NetOutflow: 4 | NetOverflow: 0 | State: Active
2025-01-27 01:23:59 - Resonance: 0.1 | NetInflow: 4 | NetOutflow: 4 | NetOverflow: 0 | State: Active
2025-01-27 01:23:59 - Resonance: 0.1 | NetInflow: 4 | NetOutflow: 4 | NetOverflow: 0 | State: Active
2025-01-27 01:23:59 - Resonance: 0.1 | NetInflow: 4 | NetOutflow: 4 | NetOverflow: 0 | State: Active
2025-01-27 01:23:59 - Resonance: 0.1 | NetInflow: 4 | NetOutflow: 4 | NetOverflow: 0 | State: Active
2025-01-27 01:23:59 - Resonance: 0.1 | NetInflow: 4 | NetOutflow: 4 | NetOverflow: 0 | State: Active
2025-01-27 01:23:59 - Resonance: 0.1 | NetInflow: 4 | NetOutflow: 4 | NetOverflow: 0 | State: Active
2025-01-27 01:23:59 - Resonance: 0.1 | NetInflow: 4 | NetOutflow: 4 | NetOverflow: 0 | State: Active
2025-01-27 01:23:59 - Resonance: 0.1 | NetInflow: 4 | NetOutflow: 4 | NetOverflow: 0 | State: Active
2025-01-27 01:23:59 - Resonance: 0.1 | NetInflow: 4 | NetOutflow: 4 | NetOverflow: 0 | State: Active
2025-01-27 01:23:59 - Resonance: 0.1 | NetInflow: 4 | NetOutflow: 4 | NetOverflow: 0 | State: Active
2025-01-27 01:23:59 - Resonance: 0.1 | NetInflow: 4 | NetOutflow: 4 | NetOverflow: 0 | State: Active
2025-01-27 01:23:59 - Resonance: 0.1 | NetInflow: 4 | NetOutflow: 4 | NetOverflow: 0 | State: Active
2025-01-27 01:23:59 - Resonance: 0.1 | NetInflow: 4 | NetOutflow: 4 | NetOverflow: 0 | State: Active
2025-01-27 01:23:59 - Resonance: 0.1 | NetInflow: 4 | NetOutflow: 4 | NetOverflow: 0 | State: Active
2025-01-27 01:23:59 - Resonance: 0.1 | NetInflow: 4 | NetOutflow: 4 | NetOverflow: 0 | State: Active
2025-01-27 01:23:59 - Resonance: 0.1 | NetInflow: 4 | NetOutflow: 4 | NetOverflow: 0 | State: Active
2025-01-27 01:23:59 - Resonance: 0.1 | NetInflow: 4 | NetOutflow: 4 | NetOverflow: 0 | State: Active
2025-01-27 01:23:59 - Resonance: 0.1 | NetInflow: 4 | NetOutflow: 4 | NetOverflow: 0 | State: Active
2025-01-27 01:23:59 - Resonance: 0.1 | NetInflow: 4 | NetOutflow: 4 | NetOverflow: 0 | State: Active
2025-01-27 01:23:59 - Resonance: 0.1 | NetInflow: 4 | NetOutflow: 4 | NetOverflow: 0 | State: Active
2025-01-27 01:23:59 - Resonance: 0.1 | NetInflow: 4 | NetOutflow: 4 | NetOverflow: 0 | State: Active
2025-01-27 01:23:59 - Resonance: 0.1 | NetInflow: 4 | NetOutflow: 4 | NetOverflow: 0 | State: Active
2025-01-27 01:23:59 -  - - - Adding pulse number 2 with midi index 122. - - -
2025-01-27 01:23:59 - Pulse Index: 0 | Midi Index: 48 | Intensity: 32 | Note Name: C3
2025-01-27 01:23:59 - Pulse Index: 1 | Midi Index: 81 | Intensity: 33 | Note Name: A5
2025-01-27 01:23:59 - Pulse Index: 2 | Midi Index: 99 | Intensity: 50 | Note Name: D#/Eb7
2025-01-27 01:23:59 - Pulse Index: 3 | Midi Index: 122 | Intensity: 21 | Note Name: D9
2025-01-27 01:23:59 - 
Logging Idyll Amount:

2025-01-27 01:23:59 - Resonance: 0.1 | NetInflow: 6 | NetOutflow: 6 | NetOverflow: 0 | State: Active
2025-01-27 01:23:59 - Resonance: 0.1 | NetInflow: 6 | NetOutflow: 6 | NetOverflow: 0 | State: Active
2025-01-27 01:23:59 - Resonance: 0.1 | NetInflow: 6 | NetOutflow: 6 | NetOverflow: 0 | State: Active
2025-01-27 01:23:59 - Resonance: 0.1 | NetInflow: 6 | NetOutflow: 6 | NetOverflow: 0 | State: Active
2025-01-27 01:23:59 - Resonance: 0.1 | NetInflow: 6 | NetOutflow: 6 | NetOverflow: 0 | State: Active
2025-01-27 01:23:59 - Resonance: 0.1 | NetInflow: 6 | NetOutflow: 6 | NetOverflow: 0 | State: Active
2025-01-27 01:23:59 - Resonance: 0.1 | NetInflow: 6 | NetOutflow: 6 | NetOverflow: 0 | State: Active
2025-01-27 01:23:59 - Resonance: 0.1 | NetInflow: 6 | NetOutflow: 6 | NetOverflow: 0 | State: Active
2025-01-27 01:23:59 - Resonance: 0.1 | NetInflow: 6 | NetOutflow: 6 | NetOverflow: 0 | State: Active
2025-01-27 01:23:59 - Resonance: 0.1 | NetInflow: 6 | NetOutflow: 6 | NetOverflow: 0 | State: Active
2025-01-27 01:23:59 - Resonance: 0.1 | NetInflow: 6 | NetOutflow: 6 | NetOverflow: 0 | State: Active
2025-01-27 01:23:59 - Resonance: 0.1 | NetInflow: 6 | NetOutflow: 6 | NetOverflow: 0 | State: Active
2025-01-27 01:23:59 - Resonance: 0.1 | NetInflow: 6 | NetOutflow: 6 | NetOverflow: 0 | State: Active
2025-01-27 01:23:59 - Resonance: 0.1 | NetInflow: 6 | NetOutflow: 6 | NetOverflow: 0 | State: Active
2025-01-27 01:23:59 - Resonance: 0.1 | NetInflow: 6 | NetOutflow: 6 | NetOverflow: 0 | State: Active
2025-01-27 01:23:59 - Resonance: 0.1 | NetInflow: 6 | NetOutflow: 6 | NetOverflow: 0 | State: Active
2025-01-27 01:23:59 - Resonance: 0.1 | NetInflow: 6 | NetOutflow: 6 | NetOverflow: 0 | State: Active
2025-01-27 01:23:59 - Resonance: 0.1 | NetInflow: 6 | NetOutflow: 6 | NetOverflow: 0 | State: Active
2025-01-27 01:23:59 - Resonance: 0.1 | NetInflow: 6 | NetOutflow: 6 | NetOverflow: 0 | State: Active
2025-01-27 01:23:59 - Resonance: 0.1 | NetInflow: 6 | NetOutflow: 6 | NetOverflow: 0 | State: Active
2025-01-27 01:23:59 - Resonance: 0.1 | NetInflow: 6 | NetOutflow: 6 | NetOverflow: 0 | State: Active
2025-01-27 01:23:59 - Resonance: 0.1 | NetInflow: 6 | NetOutflow: 6 | NetOverflow: 0 | State: Active
2025-01-27 01:23:59 - Resonance: 0.1 | NetInflow: 6 | NetOutflow: 6 | NetOverflow: 0 | State: Active
2025-01-27 01:23:59 - Resonance: 0.1 | NetInflow: 6 | NetOutflow: 6 | NetOverflow: 0 | State: Active
2025-01-27 01:23:59 - Resonance: 0.1 | NetInflow: 6 | NetOutflow: 6 | NetOverflow: 0 | State: Active
2025-01-27 01:23:59 - Resonance: 0.1 | NetInflow: 6 | NetOutflow: 6 | NetOverflow: 0 | State: Active
2025-01-27 01:23:59 - Resonance: 0.1 | NetInflow: 6 | NetOutflow: 6 | NetOverflow: 0 | State: Active
2025-01-27 01:23:59 - Resonance: 0.1 | NetInflow: 6 | NetOutflow: 6 | NetOverflow: 0 | State: Active
2025-01-27 01:23:59 - Resonance: 0.1 | NetInflow: 6 | NetOutflow: 6 | NetOverflow: 0 | State: Active
2025-01-27 01:23:59 - Resonance: 0.1 | NetInflow: 6 | NetOutflow: 6 | NetOverflow: 0 | State: Active
2025-01-27 01:23:59 - Resonance: 0.1 | NetInflow: 6 | NetOutflow: 6 | NetOverflow: 0 | State: Active
2025-01-27 01:23:59 - Resonance: 0.1 | NetInflow: 6 | NetOutflow: 6 | NetOverflow: 0 | State: Active
2025-01-27 01:23:59 - Resonance: 0.1 | NetInflow: 6 | NetOutflow: 6 | NetOverflow: 0 | State: Active
2025-01-27 01:23:59 - Resonance: 0.1 | NetInflow: 6 | NetOutflow: 6 | NetOverflow: 0 | State: Active
2025-01-27 01:23:59 - Resonance: 0.1 | NetInflow: 6 | NetOutflow: 6 | NetOverflow: 0 | State: Active
2025-01-27 01:23:59 - Resonance: 0.1 | NetInflow: 6 | NetOutflow: 6 | NetOverflow: 0 | State: Active
2025-01-27 01:23:59 - Resonance: 0.1 | NetInflow: 6 | NetOutflow: 6 | NetOverflow: 0 | State: Active
2025-01-27 01:23:59 - Resonance: 0.1 | NetInflow: 6 | NetOutflow: 6 | NetOverflow: 0 | State: Active
2025-01-27 01:23:59 - Resonance: 0.1 | NetInflow: 6 | NetOutflow: 6 | NetOverflow: 0 | State: Active
2025-01-27 01:23:59 - Resonance: 0.1 | NetInflow: 6 | NetOutflow: 6 | NetOverflow: 0 | State: Active
2025-01-27 01:23:59 - Resonance: 0.1 | NetInflow: 6 | NetOutflow: 6 | NetOverflow: 0 | State: Active
2025-01-27 01:23:59 - Resonance: 0.1 | NetInflow: 6 | NetOutflow: 6 | NetOverflow: 0 | State: Active
2025-01-27 01:23:59 - Resonance: 0.1 | NetInflow: 6 | NetOutflow: 6 | NetOverflow: 0 | State: Active
2025-01-27 01:23:59 - Resonance: 0.1 | NetInflow: 6 | NetOutflow: 6 | NetOverflow: 0 | State: Active
2025-01-27 01:23:59 - Resonance: 0.1 | NetInflow: 6 | NetOutflow: 6 | NetOverflow: 0 | State: Active
2025-01-27 01:23:59 - Resonance: 0.1 | NetInflow: 6 | NetOutflow: 6 | NetOverflow: 0 | State: Active
2025-01-27 01:23:59 - Resonance: 0.1 | NetInflow: 6 | NetOutflow: 6 | NetOverflow: 0 | State: Active
2025-01-27 01:23:59 - Resonance: 0.1 | NetInflow: 6 | NetOutflow: 6 | NetOverflow: 0 | State: Active
2025-01-27 01:23:59 - Resonance: 0.1 | NetInflow: 6 | NetOutflow: 6 | NetOverflow: 0 | State: Active
2025-01-27 01:23:59 - Resonance: 0.1 | NetInflow: 6 | NetOutflow: 6 | NetOverflow: 0 | State: Active
2025-01-27 01:23:59 -  - - - Adding pulse number 3 with midi index 82. - - -
2025-01-27 01:23:59 - Pulse Index: 0 | Midi Index: 48 | Intensity: 32 | Note Name: C3
2025-01-27 01:23:59 - Pulse Index: 1 | Midi Index: 81 | Intensity: 33 | Note Name: A5
2025-01-27 01:23:59 - Pulse Index: 2 | Midi Index: 82 | Intensity: 50 | Note Name: A#/Bb5
2025-01-27 01:23:59 - Pulse Index: 3 | Midi Index: 99 | Intensity: 50 | Note Name: D#/Eb7
2025-01-27 01:23:59 - Pulse Index: 4 | Midi Index: 122 | Intensity: 21 | Note Name: D9
2025-01-27 01:23:59 - 
Logging Idyll Amount:

2025-01-27 01:23:59 - Resonance: 0.1 | NetInflow: 13 | NetOutflow: 13 | NetOverflow: 0 | State: Active
2025-01-27 01:23:59 - Resonance: 0.1 | NetInflow: 13 | NetOutflow: 13 | NetOverflow: 0 | State: Active
2025-01-27 01:23:59 - Resonance: 0.1 | NetInflow: 13 | NetOutflow: 13 | NetOverflow: 0 | State: Active
2025-01-27 01:23:59 - Resonance: 0.1 | NetInflow: 13 | NetOutflow: 13 | NetOverflow: 0 | State: Active
2025-01-27 01:23:59 - Resonance: 0.1 | NetInflow: 13 | NetOutflow: 13 | NetOverflow: 0 | State: Active
2025-01-27 01:23:59 - Resonance: 0.1 | NetInflow: 13 | NetOutflow: 13 | NetOverflow: 0 | State: Active
2025-01-27 01:23:59 - Resonance: 0.1 | NetInflow: 13 | NetOutflow: 13 | NetOverflow: 0 | State: Active
2025-01-27 01:23:59 - Resonance: 0.1 | NetInflow: 13 | NetOutflow: 13 | NetOverflow: 0 | State: Active
2025-01-27 01:23:59 - Resonance: 0.1 | NetInflow: 13 | NetOutflow: 13 | NetOverflow: 0 | State: Active
2025-01-27 01:23:59 - Resonance: 0.1 | NetInflow: 13 | NetOutflow: 13 | NetOverflow: 0 | State: Active
2025-01-27 01:23:59 - Resonance: 0.1 | NetInflow: 13 | NetOutflow: 13 | NetOverflow: 0 | State: Active
2025-01-27 01:23:59 - Resonance: 0.1 | NetInflow: 13 | NetOutflow: 13 | NetOverflow: 0 | State: Active
2025-01-27 01:23:59 - Resonance: 0.1 | NetInflow: 13 | NetOutflow: 13 | NetOverflow: 0 | State: Active
2025-01-27 01:23:59 - Resonance: 0.1 | NetInflow: 13 | NetOutflow: 13 | NetOverflow: 0 | State: Active
2025-01-27 01:23:59 - Resonance: 0.1 | NetInflow: 13 | NetOutflow: 13 | NetOverflow: 0 | State: Active
2025-01-27 01:23:59 - Resonance: 0.1 | NetInflow: 13 | NetOutflow: 13 | NetOverflow: 0 | State: Active
2025-01-27 01:23:59 - Resonance: 0.1 | NetInflow: 13 | NetOutflow: 13 | NetOverflow: 0 | State: Active
2025-01-27 01:23:59 - Resonance: 0.1 | NetInflow: 13 | NetOutflow: 13 | NetOverflow: 0 | State: Active
2025-01-27 01:23:59 - Resonance: 0.1 | NetInflow: 13 | NetOutflow: 13 | NetOverflow: 0 | State: Active
2025-01-27 01:23:59 - Resonance: 0.1 | NetInflow: 13 | NetOutflow: 13 | NetOverflow: 0 | State: Active
2025-01-27 01:23:59 - Resonance: 0.1 | NetInflow: 13 | NetOutflow: 13 | NetOverflow: 0 | State: Active
2025-01-27 01:23:59 - Resonance: 0.1 | NetInflow: 13 | NetOutflow: 13 | NetOverflow: 0 | State: Active
2025-01-27 01:23:59 - Resonance: 0.1 | NetInflow: 13 | NetOutflow: 13 | NetOverflow: 0 | State: Active
2025-01-27 01:23:59 - Resonance: 0.1 | NetInflow: 13 | NetOutflow: 13 | NetOverflow: 0 | State: Active
2025-01-27 01:23:59 - Resonance: 0.1 | NetInflow: 13 | NetOutflow: 13 | NetOverflow: 0 | State: Active
2025-01-27 01:23:59 - Resonance: 0.1 | NetInflow: 13 | NetOutflow: 13 | NetOverflow: 0 | State: Active
2025-01-27 01:23:59 - Resonance: 0.1 | NetInflow: 13 | NetOutflow: 13 | NetOverflow: 0 | State: Active
2025-01-27 01:23:59 - Resonance: 0.1 | NetInflow: 13 | NetOutflow: 13 | NetOverflow: 0 | State: Active
2025-01-27 01:23:59 - Resonance: 0.1 | NetInflow: 13 | NetOutflow: 13 | NetOverflow: 0 | State: Active
2025-01-27 01:23:59 - Resonance: 0.1 | NetInflow: 13 | NetOutflow: 13 | NetOverflow: 0 | State: Active
2025-01-27 01:23:59 - Resonance: 0.1 | NetInflow: 13 | NetOutflow: 13 | NetOverflow: 0 | State: Active
2025-01-27 01:23:59 - Resonance: 0.1 | NetInflow: 13 | NetOutflow: 13 | NetOverflow: 0 | State: Active
2025-01-27 01:23:59 - Resonance: 0.1 | NetInflow: 13 | NetOutflow: 13 | NetOverflow: 0 | State: Active
2025-01-27 01:23:59 - Resonance: 0.1 | NetInflow: 13 | NetOutflow: 13 | NetOverflow: 0 | State: Active
2025-01-27 01:23:59 - Resonance: 0.1 | NetInflow: 13 | NetOutflow: 13 | NetOverflow: 0 | State: Active
2025-01-27 01:23:59 - Resonance: 0.1 | NetInflow: 13 | NetOutflow: 13 | NetOverflow: 0 | State: Active
2025-01-27 01:23:59 - Resonance: 0.1 | NetInflow: 13 | NetOutflow: 13 | NetOverflow: 0 | State: Active
2025-01-27 01:23:59 - Resonance: 0.1 | NetInflow: 13 | NetOutflow: 13 | NetOverflow: 0 | State: Active
2025-01-27 01:23:59 - Resonance: 0.1 | NetInflow: 13 | NetOutflow: 13 | NetOverflow: 0 | State: Active
2025-01-27 01:23:59 - Resonance: 0.1 | NetInflow: 13 | NetOutflow: 13 | NetOverflow: 0 | State: Active
2025-01-27 01:23:59 - Resonance: 0.1 | NetInflow: 13 | NetOutflow: 13 | NetOverflow: 0 | State: Active
2025-01-27 01:23:59 - Resonance: 0.1 | NetInflow: 13 | NetOutflow: 13 | NetOverflow: 0 | State: Active
2025-01-27 01:23:59 - Resonance: 0.1 | NetInflow: 13 | NetOutflow: 13 | NetOverflow: 0 | State: Active
2025-01-27 01:23:59 - Resonance: 0.1 | NetInflow: 13 | NetOutflow: 13 | NetOverflow: 0 | State: Active
2025-01-27 01:23:59 - Resonance: 0.1 | NetInflow: 13 | NetOutflow: 13 | NetOverflow: 0 | State: Active
2025-01-27 01:23:59 - Resonance: 0.1 | NetInflow: 13 | NetOutflow: 13 | NetOverflow: 0 | State: Active
2025-01-27 01:23:59 - Resonance: 0.1 | NetInflow: 13 | NetOutflow: 13 | NetOverflow: 0 | State: Active
2025-01-27 01:23:59 - Resonance: 0.1 | NetInflow: 13 | NetOutflow: 13 | NetOverflow: 0 | State: Active
2025-01-27 01:23:59 - Resonance: 0.1 | NetInflow: 13 | NetOutflow: 13 | NetOverflow: 0 | State: Active
2025-01-27 01:23:59 - Resonance: 0.1 | NetInflow: 13 | NetOutflow: 13 | NetOverflow: 0 | State: Active
2025-01-27 01:23:59 -  - - - Adding pulse number 4 with midi index 120. - - -
2025-01-27 01:23:59 - Pulse Index: 0 | Midi Index: 48 | Intensity: 32 | Note Name: C3
2025-01-27 01:23:59 - Pulse Index: 1 | Midi Index: 81 | Intensity: 33 | Note Name: A5
2025-01-27 01:23:59 - Pulse Index: 2 | Midi Index: 82 | Intensity: 50 | Note Name: A#/Bb5
2025-01-27 01:23:59 - Pulse Index: 3 | Midi Index: 99 | Intensity: 50 | Note Name: D#/Eb7
2025-01-27 01:23:59 - Pulse Index: 4 | Midi Index: 120 | Intensity: 55 | Note Name: C9
2025-01-27 01:23:59 - Pulse Index: 5 | Midi Index: 122 | Intensity: 21 | Note Name: D9
2025-01-27 01:23:59 - 
Logging Idyll Amount:

2025-01-27 01:23:59 - Resonance: 0.2 | NetInflow: 22.4 | NetOutflow: 16 | NetOverflow: 0 | State: Active
2025-01-27 01:23:59 - Resonance: 0.3 | NetInflow: 22.4 | NetOutflow: 16 | NetOverflow: 0 | State: Active
2025-01-27 01:23:59 - Resonance: 0.5 | NetInflow: 22.4 | NetOutflow: 16 | NetOverflow: 0 | State: Active
2025-01-27 01:23:59 - Resonance: 0.6 | NetInflow: 22.4 | NetOutflow: 16 | NetOverflow: 0 | State: Active
2025-01-27 01:23:59 - Resonance: 0.7 | NetInflow: 22.4 | NetOutflow: 16 | NetOverflow: 0 | State: Active
2025-01-27 01:23:59 - Resonance: 0.8 | NetInflow: 22.4 | NetOutflow: 16 | NetOverflow: 0 | State: Active
2025-01-27 01:23:59 - Resonance: 1 | NetInflow: 22.4 | NetOutflow: 16 | NetOverflow: 0 | State: Active
2025-01-27 01:23:59 - Resonance: 1.1 | NetInflow: 22.4 | NetOutflow: 16 | NetOverflow: 0 | State: Active
2025-01-27 01:23:59 - Resonance: 1.2 | NetInflow: 22.4 | NetOutflow: 16 | NetOverflow: 0 | State: Active
2025-01-27 01:23:59 - Resonance: 1.4 | NetInflow: 22.4 | NetOutflow: 16 | NetOverflow: 0 | State: Active
2025-01-27 01:23:59 - Resonance: 1.5 | NetInflow: 22.4 | NetOutflow: 16 | NetOverflow: 0 | State: Active
2025-01-27 01:23:59 - Resonance: 1.6 | NetInflow: 22.4 | NetOutflow: 16 | NetOverflow: 0 | State: Active
2025-01-27 01:23:59 - Resonance: 1.7 | NetInflow: 22.4 | NetOutflow: 16 | NetOverflow: 0 | State: Active
2025-01-27 01:23:59 - Resonance: 1.9 | NetInflow: 22.4 | NetOutflow: 16 | NetOverflow: 0 | State: Active
2025-01-27 01:23:59 - Resonance: 2 | NetInflow: 22.4 | NetOutflow: 16 | NetOverflow: 0 | State: Active
2025-01-27 01:23:59 - Resonance: 2.1 | NetInflow: 22.4 | NetOutflow: 16 | NetOverflow: 0 | State: Active
2025-01-27 01:23:59 - Resonance: 2.3 | NetInflow: 22.4 | NetOutflow: 16 | NetOverflow: 0 | State: Active
2025-01-27 01:23:59 - Resonance: 2.4 | NetInflow: 22.4 | NetOutflow: 16 | NetOverflow: 0 | State: Active
2025-01-27 01:23:59 - Resonance: 2.5 | NetInflow: 22.4 | NetOutflow: 16 | NetOverflow: 0 | State: Active
2025-01-27 01:23:59 - Resonance: 2.6 | NetInflow: 22.4 | NetOutflow: 16 | NetOverflow: 0 | State: Active
2025-01-27 01:23:59 - Resonance: 2.8 | NetInflow: 22.4 | NetOutflow: 16 | NetOverflow: 0 | State: Active
2025-01-27 01:23:59 - Resonance: 2.9 | NetInflow: 22.4 | NetOutflow: 16 | NetOverflow: 0 | State: Active
2025-01-27 01:23:59 - Resonance: 3 | NetInflow: 22.4 | NetOutflow: 16 | NetOverflow: 0 | State: Active
2025-01-27 01:23:59 - Resonance: 3.2 | NetInflow: 22.4 | NetOutflow: 16 | NetOverflow: 0 | State: Active
2025-01-27 01:23:59 - Resonance: 3.3 | NetInflow: 22.4 | NetOutflow: 16 | NetOverflow: 0 | State: Active
2025-01-27 01:23:59 - Resonance: 3.4 | NetInflow: 22.4 | NetOutflow: 16 | NetOverflow: 0 | State: Active
2025-01-27 01:23:59 - Resonance: 3.5 | NetInflow: 22.4 | NetOutflow: 16 | NetOverflow: 0 | State: Active
2025-01-27 01:23:59 - Resonance: 3.7 | NetInflow: 22.4 | NetOutflow: 16 | NetOverflow: 0 | State: Active
2025-01-27 01:23:59 - Resonance: 3.8 | NetInflow: 22.4 | NetOutflow: 16 | NetOverflow: 0 | State: Active
2025-01-27 01:23:59 - Resonance: 3.9 | NetInflow: 22.4 | NetOutflow: 16 | NetOverflow: 0 | State: Active
2025-01-27 01:23:59 - Resonance: 4 | NetInflow: 22.4 | NetOutflow: 16 | NetOverflow: 0 | State: Active
2025-01-27 01:23:59 - Resonance: 4.2 | NetInflow: 22.4 | NetOutflow: 16 | NetOverflow: 0 | State: Active
2025-01-27 01:23:59 - Resonance: 4.3 | NetInflow: 22.4 | NetOutflow: 16 | NetOverflow: 0 | State: Active
2025-01-27 01:23:59 - Resonance: 4.4 | NetInflow: 22.4 | NetOutflow: 16 | NetOverflow: 0 | State: Active
2025-01-27 01:23:59 - Resonance: 4.6 | NetInflow: 22.4 | NetOutflow: 16 | NetOverflow: 0 | State: Active
2025-01-27 01:23:59 - Resonance: 4.7 | NetInflow: 22.4 | NetOutflow: 16 | NetOverflow: 0 | State: Active
2025-01-27 01:23:59 - Resonance: 4.8 | NetInflow: 22.4 | NetOutflow: 16 | NetOverflow: 0 | State: Active
2025-01-27 01:23:59 - Resonance: 4.9 | NetInflow: 22.4 | NetOutflow: 16 | NetOverflow: 0 | State: Active
2025-01-27 01:23:59 - Resonance: 5.1 | NetInflow: 22.4 | NetOutflow: 16 | NetOverflow: 0 | State: Active
2025-01-27 01:23:59 - Resonance: 5.2 | NetInflow: 22.4 | NetOutflow: 16 | NetOverflow: 0 | State: Active
2025-01-27 01:23:59 - Resonance: 5.3 | NetInflow: 22.4 | NetOutflow: 16 | NetOverflow: 0 | State: Active
2025-01-27 01:23:59 - Resonance: 5.5 | NetInflow: 22.4 | NetOutflow: 16 | NetOverflow: 0 | State: Active
2025-01-27 01:23:59 - Resonance: 5.6 | NetInflow: 22.4 | NetOutflow: 16 | NetOverflow: 0 | State: Active
2025-01-27 01:23:59 - Resonance: 5.7 | NetInflow: 22.4 | NetOutflow: 16 | NetOverflow: 0 | State: Active
2025-01-27 01:23:59 - Resonance: 5.8 | NetInflow: 22.4 | NetOutflow: 16 | NetOverflow: 0 | State: Active
2025-01-27 01:23:59 - Resonance: 6 | NetInflow: 22.4 | NetOutflow: 16 | NetOverflow: 0 | State: Active
2025-01-27 01:23:59 - Resonance: 6.1 | NetInflow: 22.4 | NetOutflow: 16 | NetOverflow: 0 | State: Active
2025-01-27 01:23:59 - Resonance: 6.2 | NetInflow: 22.4 | NetOutflow: 16 | NetOverflow: 0 | State: Active
2025-01-27 01:23:59 - Resonance: 6.4 | NetInflow: 22.4 | NetOutflow: 16 | NetOverflow: 0 | State: Active
2025-01-27 01:23:59 - Resonance: 6.5 | NetInflow: 22.4 | NetOutflow: 16 | NetOverflow: 0 | State: Active
2025-01-27 01:23:59 - Pulse Index: 0 | Midi Index: 48 | Intensity: 32 | Note Name: C3
2025-01-27 01:23:59 - Pulse Index: 1 | Midi Index: 81 | Intensity: 33 | Note Name: A5
2025-01-27 01:23:59 - Pulse Index: 2 | Midi Index: 82 | Intensity: 50 | Note Name: A#/Bb5
2025-01-27 01:23:59 - Pulse Index: 3 | Midi Index: 99 | Intensity: 50 | Note Name: D#/Eb7
2025-01-27 01:23:59 - Pulse Index: 4 | Midi Index: 120 | Intensity: 55 | Note Name: C9
2025-01-27 01:23:59 - Pulse Index: 5 | Midi Index: 122 | Intensity: 21 | Note Name: D9
