2025-02-02 01:35:19 - Debugger session started.
2025-02-02 01:35:19 - BasilMuguet Test_1 started
2025-02-02 01:35:19 -  - - - Adding pulse number 0 with midi index 108. - - -
2025-02-02 01:35:19 - Pulse Index: 0 | Midi Index: 48 | Intensity: 32 | Note Name: C3
2025-02-02 01:35:19 - Pulse Index: 1 | Midi Index: 108 | Intensity: 32 | Note Name: C8
2025-02-02 01:35:19 - 
Logging Idyll Amount:

2025-02-02 01:35:19 - Resonance: 0.2 | NetInflow: 8 | NetOutflow: 0 | NetOverflow: 0 | State: Active
2025-02-02 01:35:19 - Resonance: 0.2 | NetInflow: 8 | NetOutflow: 8 | NetOverflow: 0 | State: Active
2025-02-02 01:35:19 - Resonance: 0.2 | NetInflow: 8 | NetOutflow: 8 | NetOverflow: 0 | State: Active
2025-02-02 01:35:19 - Resonance: 0.2 | NetInflow: 8 | NetOutflow: 8 | NetOverflow: 0 | State: Active
2025-02-02 01:35:19 - Resonance: 0.2 | NetInflow: 8 | NetOutflow: 8 | NetOverflow: 0 | State: Active
2025-02-02 01:35:19 - Resonance: 0.2 | NetInflow: 8 | NetOutflow: 8 | NetOverflow: 0 | State: Active
2025-02-02 01:35:19 - Resonance: 0.2 | NetInflow: 8 | NetOutflow: 8 | NetOverflow: 0 | State: Active
2025-02-02 01:35:19 - Resonance: 0.2 | NetInflow: 8 | NetOutflow: 8 | NetOverflow: 0 | State: Active
2025-02-02 01:35:19 - Resonance: 0.2 | NetInflow: 8 | NetOutflow: 8 | NetOverflow: 0 | State: Active
2025-02-02 01:35:19 - Resonance: 0.2 | NetInflow: 8 | NetOutflow: 8 | NetOverflow: 0 | State: Active
2025-02-02 01:35:19 - Resonance: 0.2 | NetInflow: 8 | NetOutflow: 8 | NetOverflow: 0 | State: Active
2025-02-02 01:35:19 - Resonance: 0.2 | NetInflow: 8 | NetOutflow: 8 | NetOverflow: 0 | State: Active
2025-02-02 01:35:19 - Resonance: 0.2 | NetInflow: 8 | NetOutflow: 8 | NetOverflow: 0 | State: Active
2025-02-02 01:35:19 - Resonance: 0.2 | NetInflow: 8 | NetOutflow: 8 | NetOverflow: 0 | State: Active
2025-02-02 01:35:19 - Resonance: 0.2 | NetInflow: 8 | NetOutflow: 8 | NetOverflow: 0 | State: Active
2025-02-02 01:35:19 - Resonance: 0.2 | NetInflow: 8 | NetOutflow: 8 | NetOverflow: 0 | State: Active
2025-02-02 01:35:19 - Resonance: 0.2 | NetInflow: 8 | NetOutflow: 8 | NetOverflow: 0 | State: Active
2025-02-02 01:35:19 - Resonance: 0.2 | NetInflow: 8 | NetOutflow: 8 | NetOverflow: 0 | State: Active
2025-02-02 01:35:19 - Resonance: 0.2 | NetInflow: 8 | NetOutflow: 8 | NetOverflow: 0 | State: Active
2025-02-02 01:35:19 - Resonance: 0.2 | NetInflow: 8 | NetOutflow: 8 | NetOverflow: 0 | State: Active
2025-02-02 01:35:19 - Resonance: 0.2 | NetInflow: 8 | NetOutflow: 8 | NetOverflow: 0 | State: Active
2025-02-02 01:35:19 - Resonance: 0.2 | NetInflow: 8 | NetOutflow: 8 | NetOverflow: 0 | State: Active
2025-02-02 01:35:19 - Resonance: 0.2 | NetInflow: 8 | NetOutflow: 8 | NetOverflow: 0 | State: Active
2025-02-02 01:35:19 - Resonance: 0.2 | NetInflow: 8 | NetOutflow: 8 | NetOverflow: 0 | State: Active
2025-02-02 01:35:19 - Resonance: 0.2 | NetInflow: 8 | NetOutflow: 8 | NetOverflow: 0 | State: Active
2025-02-02 01:35:19 - Resonance: 0.2 | NetInflow: 8 | NetOutflow: 8 | NetOverflow: 0 | State: Active
2025-02-02 01:35:19 - Resonance: 0.2 | NetInflow: 8 | NetOutflow: 8 | NetOverflow: 0 | State: Active
2025-02-02 01:35:19 - Resonance: 0.2 | NetInflow: 8 | NetOutflow: 8 | NetOverflow: 0 | State: Active
2025-02-02 01:35:19 - Resonance: 0.2 | NetInflow: 8 | NetOutflow: 8 | NetOverflow: 0 | State: Active
2025-02-02 01:35:19 - Resonance: 0.2 | NetInflow: 8 | NetOutflow: 8 | NetOverflow: 0 | State: Active
2025-02-02 01:35:19 - Resonance: 0.2 | NetInflow: 8 | NetOutflow: 8 | NetOverflow: 0 | State: Active
2025-02-02 01:35:19 - Resonance: 0.2 | NetInflow: 8 | NetOutflow: 8 | NetOverflow: 0 | State: Active
2025-02-02 01:35:19 - Resonance: 0.2 | NetInflow: 8 | NetOutflow: 8 | NetOverflow: 0 | State: Active
2025-02-02 01:35:19 - Resonance: 0.2 | NetInflow: 8 | NetOutflow: 8 | NetOverflow: 0 | State: Active
2025-02-02 01:35:19 - Resonance: 0.2 | NetInflow: 8 | NetOutflow: 8 | NetOverflow: 0 | State: Active
2025-02-02 01:35:19 - Resonance: 0.2 | NetInflow: 8 | NetOutflow: 8 | NetOverflow: 0 | State: Active
2025-02-02 01:35:19 - Resonance: 0.2 | NetInflow: 8 | NetOutflow: 8 | NetOverflow: 0 | State: Active
2025-02-02 01:35:19 - Resonance: 0.2 | NetInflow: 8 | NetOutflow: 8 | NetOverflow: 0 | State: Active
2025-02-02 01:35:19 - Resonance: 0.2 | NetInflow: 8 | NetOutflow: 8 | NetOverflow: 0 | State: Active
2025-02-02 01:35:19 - Resonance: 0.2 | NetInflow: 8 | NetOutflow: 8 | NetOverflow: 0 | State: Active
2025-02-02 01:35:19 - Resonance: 0.2 | NetInflow: 8 | NetOutflow: 8 | NetOverflow: 0 | State: Active
2025-02-02 01:35:19 - Resonance: 0.2 | NetInflow: 8 | NetOutflow: 8 | NetOverflow: 0 | State: Active
2025-02-02 01:35:19 - Resonance: 0.2 | NetInflow: 8 | NetOutflow: 8 | NetOverflow: 0 | State: Active
2025-02-02 01:35:19 - Resonance: 0.2 | NetInflow: 8 | NetOutflow: 8 | NetOverflow: 0 | State: Active
2025-02-02 01:35:19 - Resonance: 0.2 | NetInflow: 8 | NetOutflow: 8 | NetOverflow: 0 | State: Active
2025-02-02 01:35:19 - Resonance: 0.2 | NetInflow: 8 | NetOutflow: 8 | NetOverflow: 0 | State: Active
2025-02-02 01:35:19 - Resonance: 0.2 | NetInflow: 8 | NetOutflow: 8 | NetOverflow: 0 | State: Active
2025-02-02 01:35:19 - Resonance: 0.2 | NetInflow: 8 | NetOutflow: 8 | NetOverflow: 0 | State: Active
2025-02-02 01:35:19 - Resonance: 0.2 | NetInflow: 8 | NetOutflow: 8 | NetOverflow: 0 | State: Active
2025-02-02 01:35:19 - Resonance: 0.2 | NetInflow: 8 | NetOutflow: 8 | NetOverflow: 0 | State: Active
2025-02-02 01:35:19 -  - - - Adding pulse number 1 with midi index 74. - - -
2025-02-02 01:35:19 - Pulse Index: 0 | Midi Index: 48 | Intensity: 32 | Note Name: C3
2025-02-02 01:35:19 - Pulse Index: 1 | Midi Index: 74 | Intensity: 17 | Note Name: D5
2025-02-02 01:35:19 - Pulse Index: 2 | Midi Index: 108 | Intensity: 32 | Note Name: C8
2025-02-02 01:35:19 - 
Logging Idyll Amount:

2025-02-02 01:35:19 - Resonance: 0.2 | NetInflow: 5 | NetOutflow: 5 | NetOverflow: 0 | State: Active
2025-02-02 01:35:19 - Resonance: 0.2 | NetInflow: 5 | NetOutflow: 5 | NetOverflow: 0 | State: Active
2025-02-02 01:35:19 - Resonance: 0.2 | NetInflow: 5 | NetOutflow: 5 | NetOverflow: 0 | State: Active
2025-02-02 01:35:20 - Resonance: 0.2 | NetInflow: 5 | NetOutflow: 5 | NetOverflow: 0 | State: Active
2025-02-02 01:35:20 - Resonance: 0.2 | NetInflow: 5 | NetOutflow: 5 | NetOverflow: 0 | State: Active
2025-02-02 01:35:20 - Resonance: 0.2 | NetInflow: 5 | NetOutflow: 5 | NetOverflow: 0 | State: Active
2025-02-02 01:35:20 - Resonance: 0.2 | NetInflow: 5 | NetOutflow: 5 | NetOverflow: 0 | State: Active
2025-02-02 01:35:20 - Resonance: 0.2 | NetInflow: 5 | NetOutflow: 5 | NetOverflow: 0 | State: Active
2025-02-02 01:35:20 - Resonance: 0.2 | NetInflow: 5 | NetOutflow: 5 | NetOverflow: 0 | State: Active
2025-02-02 01:35:20 - Resonance: 0.2 | NetInflow: 5 | NetOutflow: 5 | NetOverflow: 0 | State: Active
2025-02-02 01:35:20 - Resonance: 0.2 | NetInflow: 5 | NetOutflow: 5 | NetOverflow: 0 | State: Active
2025-02-02 01:35:20 - Resonance: 0.2 | NetInflow: 5 | NetOutflow: 5 | NetOverflow: 0 | State: Active
2025-02-02 01:35:20 - Resonance: 0.2 | NetInflow: 5 | NetOutflow: 5 | NetOverflow: 0 | State: Active
2025-02-02 01:35:20 - Resonance: 0.2 | NetInflow: 5 | NetOutflow: 5 | NetOverflow: 0 | State: Active
2025-02-02 01:35:20 - Resonance: 0.2 | NetInflow: 5 | NetOutflow: 5 | NetOverflow: 0 | State: Active
2025-02-02 01:35:20 - Resonance: 0.2 | NetInflow: 5 | NetOutflow: 5 | NetOverflow: 0 | State: Active
2025-02-02 01:35:20 - Resonance: 0.2 | NetInflow: 5 | NetOutflow: 5 | NetOverflow: 0 | State: Active
2025-02-02 01:35:20 - Resonance: 0.2 | NetInflow: 5 | NetOutflow: 5 | NetOverflow: 0 | State: Active
2025-02-02 01:35:20 - Resonance: 0.2 | NetInflow: 5 | NetOutflow: 5 | NetOverflow: 0 | State: Active
2025-02-02 01:35:20 - Resonance: 0.2 | NetInflow: 5 | NetOutflow: 5 | NetOverflow: 0 | State: Active
2025-02-02 01:35:20 - Resonance: 0.2 | NetInflow: 5 | NetOutflow: 5 | NetOverflow: 0 | State: Active
2025-02-02 01:35:20 - Resonance: 0.2 | NetInflow: 5 | NetOutflow: 5 | NetOverflow: 0 | State: Active
2025-02-02 01:35:20 - Resonance: 0.2 | NetInflow: 5 | NetOutflow: 5 | NetOverflow: 0 | State: Active
2025-02-02 01:35:20 - Resonance: 0.2 | NetInflow: 5 | NetOutflow: 5 | NetOverflow: 0 | State: Active
2025-02-02 01:35:20 - Resonance: 0.2 | NetInflow: 5 | NetOutflow: 5 | NetOverflow: 0 | State: Active
2025-02-02 01:35:20 - Resonance: 0.2 | NetInflow: 5 | NetOutflow: 5 | NetOverflow: 0 | State: Active
2025-02-02 01:35:20 - Resonance: 0.2 | NetInflow: 5 | NetOutflow: 5 | NetOverflow: 0 | State: Active
2025-02-02 01:35:20 - Resonance: 0.2 | NetInflow: 5 | NetOutflow: 5 | NetOverflow: 0 | State: Active
2025-02-02 01:35:20 - Resonance: 0.2 | NetInflow: 5 | NetOutflow: 5 | NetOverflow: 0 | State: Active
2025-02-02 01:35:20 - Resonance: 0.2 | NetInflow: 5 | NetOutflow: 5 | NetOverflow: 0 | State: Active
2025-02-02 01:35:20 - Resonance: 0.2 | NetInflow: 5 | NetOutflow: 5 | NetOverflow: 0 | State: Active
2025-02-02 01:35:20 - Resonance: 0.2 | NetInflow: 5 | NetOutflow: 5 | NetOverflow: 0 | State: Active
2025-02-02 01:35:20 - Resonance: 0.2 | NetInflow: 5 | NetOutflow: 5 | NetOverflow: 0 | State: Active
2025-02-02 01:35:20 - Resonance: 0.2 | NetInflow: 5 | NetOutflow: 5 | NetOverflow: 0 | State: Active
2025-02-02 01:35:20 - Resonance: 0.2 | NetInflow: 5 | NetOutflow: 5 | NetOverflow: 0 | State: Active
2025-02-02 01:35:20 - Resonance: 0.2 | NetInflow: 5 | NetOutflow: 5 | NetOverflow: 0 | State: Active
2025-02-02 01:35:20 - Resonance: 0.2 | NetInflow: 5 | NetOutflow: 5 | NetOverflow: 0 | State: Active
2025-02-02 01:35:20 - Resonance: 0.2 | NetInflow: 5 | NetOutflow: 5 | NetOverflow: 0 | State: Active
2025-02-02 01:35:20 - Resonance: 0.2 | NetInflow: 5 | NetOutflow: 5 | NetOverflow: 0 | State: Active
2025-02-02 01:35:20 - Resonance: 0.2 | NetInflow: 5 | NetOutflow: 5 | NetOverflow: 0 | State: Active
2025-02-02 01:35:20 - Resonance: 0.2 | NetInflow: 5 | NetOutflow: 5 | NetOverflow: 0 | State: Active
2025-02-02 01:35:20 - Resonance: 0.2 | NetInflow: 5 | NetOutflow: 5 | NetOverflow: 0 | State: Active
2025-02-02 01:35:20 - Resonance: 0.2 | NetInflow: 5 | NetOutflow: 5 | NetOverflow: 0 | State: Active
2025-02-02 01:35:20 - Resonance: 0.2 | NetInflow: 5 | NetOutflow: 5 | NetOverflow: 0 | State: Active
2025-02-02 01:35:20 - Resonance: 0.2 | NetInflow: 5 | NetOutflow: 5 | NetOverflow: 0 | State: Active
2025-02-02 01:35:20 - Resonance: 0.2 | NetInflow: 5 | NetOutflow: 5 | NetOverflow: 0 | State: Active
2025-02-02 01:35:20 - Resonance: 0.2 | NetInflow: 5 | NetOutflow: 5 | NetOverflow: 0 | State: Active
2025-02-02 01:35:20 - Resonance: 0.2 | NetInflow: 5 | NetOutflow: 5 | NetOverflow: 0 | State: Active
2025-02-02 01:35:20 - Resonance: 0.2 | NetInflow: 5 | NetOutflow: 5 | NetOverflow: 0 | State: Active
2025-02-02 01:35:20 - Resonance: 0.2 | NetInflow: 5 | NetOutflow: 5 | NetOverflow: 0 | State: Active
2025-02-02 01:35:20 -  - - - Adding pulse number 2 with midi index 90. - - -
2025-02-02 01:35:20 - Pulse Index: 0 | Midi Index: 48 | Intensity: 32 | Note Name: C3
2025-02-02 01:35:20 - Pulse Index: 1 | Midi Index: 74 | Intensity: 17 | Note Name: D5
2025-02-02 01:35:20 - Pulse Index: 2 | Midi Index: 90 | Intensity: 48 | Note Name: F#/Gb6
2025-02-02 01:35:20 - Pulse Index: 3 | Midi Index: 108 | Intensity: 32 | Note Name: C8
2025-02-02 01:35:20 - 
Logging Idyll Amount:

2025-02-02 01:35:20 - Resonance: 0.2 | NetInflow: 9.3 | NetOutflow: 9.3 | NetOverflow: 0 | State: Active
2025-02-02 01:35:20 - Resonance: 0.2 | NetInflow: 9.3 | NetOutflow: 9.3 | NetOverflow: 0 | State: Active
2025-02-02 01:35:20 - Resonance: 0.2 | NetInflow: 9.3 | NetOutflow: 9.3 | NetOverflow: 0 | State: Active
2025-02-02 01:35:20 - Resonance: 0.2 | NetInflow: 9.3 | NetOutflow: 9.3 | NetOverflow: 0 | State: Active
2025-02-02 01:35:20 - Resonance: 0.2 | NetInflow: 9.3 | NetOutflow: 9.3 | NetOverflow: 0 | State: Active
2025-02-02 01:35:20 - Resonance: 0.2 | NetInflow: 9.3 | NetOutflow: 9.3 | NetOverflow: 0 | State: Active
2025-02-02 01:35:20 - Resonance: 0.2 | NetInflow: 9.3 | NetOutflow: 9.3 | NetOverflow: 0 | State: Active
2025-02-02 01:35:20 - Resonance: 0.2 | NetInflow: 9.3 | NetOutflow: 9.3 | NetOverflow: 0 | State: Active
2025-02-02 01:35:20 - Resonance: 0.2 | NetInflow: 9.3 | NetOutflow: 9.3 | NetOverflow: 0 | State: Active
2025-02-02 01:35:20 - Resonance: 0.2 | NetInflow: 9.3 | NetOutflow: 9.3 | NetOverflow: 0 | State: Active
2025-02-02 01:35:20 - Resonance: 0.2 | NetInflow: 9.3 | NetOutflow: 9.3 | NetOverflow: 0 | State: Active
2025-02-02 01:35:20 - Resonance: 0.2 | NetInflow: 9.3 | NetOutflow: 9.3 | NetOverflow: 0 | State: Active
2025-02-02 01:35:20 - Resonance: 0.2 | NetInflow: 9.3 | NetOutflow: 9.3 | NetOverflow: 0 | State: Active
2025-02-02 01:35:20 - Resonance: 0.2 | NetInflow: 9.3 | NetOutflow: 9.3 | NetOverflow: 0 | State: Active
2025-02-02 01:35:20 - Resonance: 0.2 | NetInflow: 9.3 | NetOutflow: 9.3 | NetOverflow: 0 | State: Active
2025-02-02 01:35:20 - Resonance: 0.2 | NetInflow: 9.3 | NetOutflow: 9.3 | NetOverflow: 0 | State: Active
2025-02-02 01:35:20 - Resonance: 0.2 | NetInflow: 9.3 | NetOutflow: 9.3 | NetOverflow: 0 | State: Active
2025-02-02 01:35:20 - Resonance: 0.2 | NetInflow: 9.3 | NetOutflow: 9.3 | NetOverflow: 0 | State: Active
2025-02-02 01:35:20 - Resonance: 0.2 | NetInflow: 9.3 | NetOutflow: 9.3 | NetOverflow: 0 | State: Active
2025-02-02 01:35:20 - Resonance: 0.2 | NetInflow: 9.3 | NetOutflow: 9.3 | NetOverflow: 0 | State: Active
2025-02-02 01:35:20 - Resonance: 0.2 | NetInflow: 9.3 | NetOutflow: 9.3 | NetOverflow: 0 | State: Active
2025-02-02 01:35:20 - Resonance: 0.2 | NetInflow: 9.3 | NetOutflow: 9.3 | NetOverflow: 0 | State: Active
2025-02-02 01:35:20 - Resonance: 0.2 | NetInflow: 9.3 | NetOutflow: 9.3 | NetOverflow: 0 | State: Active
2025-02-02 01:35:20 - Resonance: 0.2 | NetInflow: 9.3 | NetOutflow: 9.3 | NetOverflow: 0 | State: Active
2025-02-02 01:35:20 - Resonance: 0.2 | NetInflow: 9.3 | NetOutflow: 9.3 | NetOverflow: 0 | State: Active
2025-02-02 01:35:20 - Resonance: 0.2 | NetInflow: 9.3 | NetOutflow: 9.3 | NetOverflow: 0 | State: Active
2025-02-02 01:35:20 - Resonance: 0.2 | NetInflow: 9.3 | NetOutflow: 9.3 | NetOverflow: 0 | State: Active
2025-02-02 01:35:20 - Resonance: 0.2 | NetInflow: 9.3 | NetOutflow: 9.3 | NetOverflow: 0 | State: Active
2025-02-02 01:35:20 - Resonance: 0.2 | NetInflow: 9.3 | NetOutflow: 9.3 | NetOverflow: 0 | State: Active
2025-02-02 01:35:20 - Resonance: 0.2 | NetInflow: 9.3 | NetOutflow: 9.3 | NetOverflow: 0 | State: Active
2025-02-02 01:35:20 - Resonance: 0.2 | NetInflow: 9.3 | NetOutflow: 9.3 | NetOverflow: 0 | State: Active
2025-02-02 01:35:20 - Resonance: 0.2 | NetInflow: 9.3 | NetOutflow: 9.3 | NetOverflow: 0 | State: Active
2025-02-02 01:35:20 - Resonance: 0.2 | NetInflow: 9.3 | NetOutflow: 9.3 | NetOverflow: 0 | State: Active
2025-02-02 01:35:20 - Resonance: 0.2 | NetInflow: 9.3 | NetOutflow: 9.3 | NetOverflow: 0 | State: Active
2025-02-02 01:35:20 - Resonance: 0.2 | NetInflow: 9.3 | NetOutflow: 9.3 | NetOverflow: 0 | State: Active
2025-02-02 01:35:20 - Resonance: 0.2 | NetInflow: 9.3 | NetOutflow: 9.3 | NetOverflow: 0 | State: Active
2025-02-02 01:35:20 - Resonance: 0.2 | NetInflow: 9.3 | NetOutflow: 9.3 | NetOverflow: 0 | State: Active
2025-02-02 01:35:20 - Resonance: 0.2 | NetInflow: 9.3 | NetOutflow: 9.3 | NetOverflow: 0 | State: Active
2025-02-02 01:35:20 - Resonance: 0.2 | NetInflow: 9.3 | NetOutflow: 9.3 | NetOverflow: 0 | State: Active
2025-02-02 01:35:20 - Resonance: 0.2 | NetInflow: 9.3 | NetOutflow: 9.3 | NetOverflow: 0 | State: Active
2025-02-02 01:35:20 - Resonance: 0.2 | NetInflow: 9.3 | NetOutflow: 9.3 | NetOverflow: 0 | State: Active
2025-02-02 01:35:20 - Resonance: 0.2 | NetInflow: 9.3 | NetOutflow: 9.3 | NetOverflow: 0 | State: Active
2025-02-02 01:35:20 - Resonance: 0.2 | NetInflow: 9.3 | NetOutflow: 9.3 | NetOverflow: 0 | State: Active
2025-02-02 01:35:20 - Resonance: 0.2 | NetInflow: 9.3 | NetOutflow: 9.3 | NetOverflow: 0 | State: Active
2025-02-02 01:35:20 - Resonance: 0.2 | NetInflow: 9.3 | NetOutflow: 9.3 | NetOverflow: 0 | State: Active
2025-02-02 01:35:20 - Resonance: 0.2 | NetInflow: 9.3 | NetOutflow: 9.3 | NetOverflow: 0 | State: Active
2025-02-02 01:35:20 - Resonance: 0.2 | NetInflow: 9.3 | NetOutflow: 9.3 | NetOverflow: 0 | State: Active
2025-02-02 01:35:20 - Resonance: 0.2 | NetInflow: 9.3 | NetOutflow: 9.3 | NetOverflow: 0 | State: Active
2025-02-02 01:35:20 - Resonance: 0.2 | NetInflow: 9.3 | NetOutflow: 9.3 | NetOverflow: 0 | State: Active
2025-02-02 01:35:20 - Resonance: 0.2 | NetInflow: 9.3 | NetOutflow: 9.3 | NetOverflow: 0 | State: Active
2025-02-02 01:35:20 -  - - - Adding pulse number 3 with midi index 107. - - -
2025-02-02 01:35:20 - Pulse Index: 0 | Midi Index: 48 | Intensity: 32 | Note Name: C3
2025-02-02 01:35:20 - Pulse Index: 1 | Midi Index: 74 | Intensity: 17 | Note Name: D5
2025-02-02 01:35:20 - Pulse Index: 2 | Midi Index: 90 | Intensity: 48 | Note Name: F#/Gb6
2025-02-02 01:35:20 - Pulse Index: 3 | Midi Index: 107 | Intensity: 39 | Note Name: B7
2025-02-02 01:35:20 - Pulse Index: 4 | Midi Index: 108 | Intensity: 32 | Note Name: C8
2025-02-02 01:35:20 - 
Logging Idyll Amount:

2025-02-02 01:35:20 - Resonance: 0.2 | NetInflow: 11.5 | NetOutflow: 11.5 | NetOverflow: 0 | State: Active
2025-02-02 01:35:20 - Resonance: 0.2 | NetInflow: 11.5 | NetOutflow: 11.5 | NetOverflow: 0 | State: Active
2025-02-02 01:35:20 - Resonance: 0.2 | NetInflow: 11.5 | NetOutflow: 11.5 | NetOverflow: 0 | State: Active
2025-02-02 01:35:20 - Resonance: 0.2 | NetInflow: 11.5 | NetOutflow: 11.5 | NetOverflow: 0 | State: Active
2025-02-02 01:35:20 - Resonance: 0.2 | NetInflow: 11.5 | NetOutflow: 11.5 | NetOverflow: 0 | State: Active
2025-02-02 01:35:20 - Resonance: 0.2 | NetInflow: 11.5 | NetOutflow: 11.5 | NetOverflow: 0 | State: Active
2025-02-02 01:35:20 - Resonance: 0.2 | NetInflow: 11.5 | NetOutflow: 11.5 | NetOverflow: 0 | State: Active
2025-02-02 01:35:20 - Resonance: 0.2 | NetInflow: 11.5 | NetOutflow: 11.5 | NetOverflow: 0 | State: Active
2025-02-02 01:35:20 - Resonance: 0.2 | NetInflow: 11.5 | NetOutflow: 11.5 | NetOverflow: 0 | State: Active
2025-02-02 01:35:20 - Resonance: 0.2 | NetInflow: 11.5 | NetOutflow: 11.5 | NetOverflow: 0 | State: Active
2025-02-02 01:35:20 - Resonance: 0.2 | NetInflow: 11.5 | NetOutflow: 11.5 | NetOverflow: 0 | State: Active
2025-02-02 01:35:20 - Resonance: 0.2 | NetInflow: 11.5 | NetOutflow: 11.5 | NetOverflow: 0 | State: Active
2025-02-02 01:35:20 - Resonance: 0.2 | NetInflow: 11.5 | NetOutflow: 11.5 | NetOverflow: 0 | State: Active
2025-02-02 01:35:20 - Resonance: 0.2 | NetInflow: 11.5 | NetOutflow: 11.5 | NetOverflow: 0 | State: Active
2025-02-02 01:35:20 - Resonance: 0.2 | NetInflow: 11.5 | NetOutflow: 11.5 | NetOverflow: 0 | State: Active
2025-02-02 01:35:20 - Resonance: 0.2 | NetInflow: 11.5 | NetOutflow: 11.5 | NetOverflow: 0 | State: Active
2025-02-02 01:35:20 - Resonance: 0.2 | NetInflow: 11.5 | NetOutflow: 11.5 | NetOverflow: 0 | State: Active
2025-02-02 01:35:20 - Resonance: 0.2 | NetInflow: 11.5 | NetOutflow: 11.5 | NetOverflow: 0 | State: Active
2025-02-02 01:35:20 - Resonance: 0.2 | NetInflow: 11.5 | NetOutflow: 11.5 | NetOverflow: 0 | State: Active
2025-02-02 01:35:20 - Resonance: 0.2 | NetInflow: 11.5 | NetOutflow: 11.5 | NetOverflow: 0 | State: Active
2025-02-02 01:35:20 - Resonance: 0.2 | NetInflow: 11.5 | NetOutflow: 11.5 | NetOverflow: 0 | State: Active
2025-02-02 01:35:20 - Resonance: 0.2 | NetInflow: 11.5 | NetOutflow: 11.5 | NetOverflow: 0 | State: Active
2025-02-02 01:35:20 - Resonance: 0.2 | NetInflow: 11.5 | NetOutflow: 11.5 | NetOverflow: 0 | State: Active
2025-02-02 01:35:20 - Resonance: 0.2 | NetInflow: 11.5 | NetOutflow: 11.5 | NetOverflow: 0 | State: Active
2025-02-02 01:35:20 - Resonance: 0.2 | NetInflow: 11.5 | NetOutflow: 11.5 | NetOverflow: 0 | State: Active
2025-02-02 01:35:20 - Resonance: 0.2 | NetInflow: 11.5 | NetOutflow: 11.5 | NetOverflow: 0 | State: Active
2025-02-02 01:35:20 - Resonance: 0.2 | NetInflow: 11.5 | NetOutflow: 11.5 | NetOverflow: 0 | State: Active
2025-02-02 01:35:20 - Resonance: 0.2 | NetInflow: 11.5 | NetOutflow: 11.5 | NetOverflow: 0 | State: Active
2025-02-02 01:35:20 - Resonance: 0.2 | NetInflow: 11.5 | NetOutflow: 11.5 | NetOverflow: 0 | State: Active
2025-02-02 01:35:20 - Resonance: 0.2 | NetInflow: 11.5 | NetOutflow: 11.5 | NetOverflow: 0 | State: Active
2025-02-02 01:35:20 - Resonance: 0.2 | NetInflow: 11.5 | NetOutflow: 11.5 | NetOverflow: 0 | State: Active
2025-02-02 01:35:20 - Resonance: 0.2 | NetInflow: 11.5 | NetOutflow: 11.5 | NetOverflow: 0 | State: Active
2025-02-02 01:35:20 - Resonance: 0.2 | NetInflow: 11.5 | NetOutflow: 11.5 | NetOverflow: 0 | State: Active
2025-02-02 01:35:20 - Resonance: 0.2 | NetInflow: 11.5 | NetOutflow: 11.5 | NetOverflow: 0 | State: Active
2025-02-02 01:35:20 - Resonance: 0.2 | NetInflow: 11.5 | NetOutflow: 11.5 | NetOverflow: 0 | State: Active
2025-02-02 01:35:20 - Resonance: 0.2 | NetInflow: 11.5 | NetOutflow: 11.5 | NetOverflow: 0 | State: Active
2025-02-02 01:35:20 - Resonance: 0.2 | NetInflow: 11.5 | NetOutflow: 11.5 | NetOverflow: 0 | State: Active
2025-02-02 01:35:20 - Resonance: 0.2 | NetInflow: 11.5 | NetOutflow: 11.5 | NetOverflow: 0 | State: Active
2025-02-02 01:35:20 - Resonance: 0.2 | NetInflow: 11.5 | NetOutflow: 11.5 | NetOverflow: 0 | State: Active
2025-02-02 01:35:20 - Resonance: 0.2 | NetInflow: 11.5 | NetOutflow: 11.5 | NetOverflow: 0 | State: Active
2025-02-02 01:35:20 - Resonance: 0.2 | NetInflow: 11.5 | NetOutflow: 11.5 | NetOverflow: 0 | State: Active
2025-02-02 01:35:20 - Resonance: 0.2 | NetInflow: 11.5 | NetOutflow: 11.5 | NetOverflow: 0 | State: Active
2025-02-02 01:35:20 - Resonance: 0.2 | NetInflow: 11.5 | NetOutflow: 11.5 | NetOverflow: 0 | State: Active
2025-02-02 01:35:20 - Resonance: 0.2 | NetInflow: 11.5 | NetOutflow: 11.5 | NetOverflow: 0 | State: Active
2025-02-02 01:35:20 - Resonance: 0.2 | NetInflow: 11.5 | NetOutflow: 11.5 | NetOverflow: 0 | State: Active
2025-02-02 01:35:20 - Resonance: 0.2 | NetInflow: 11.5 | NetOutflow: 11.5 | NetOverflow: 0 | State: Active
2025-02-02 01:35:20 - Resonance: 0.2 | NetInflow: 11.5 | NetOutflow: 11.5 | NetOverflow: 0 | State: Active
2025-02-02 01:35:20 - Resonance: 0.2 | NetInflow: 11.5 | NetOutflow: 11.5 | NetOverflow: 0 | State: Active
2025-02-02 01:35:20 - Resonance: 0.2 | NetInflow: 11.5 | NetOutflow: 11.5 | NetOverflow: 0 | State: Active
2025-02-02 01:35:20 - Resonance: 0.2 | NetInflow: 11.5 | NetOutflow: 11.5 | NetOverflow: 0 | State: Active
2025-02-02 01:35:20 -  - - - Adding pulse number 4 with midi index 119. - - -
2025-02-02 01:35:20 - Pulse Index: 0 | Midi Index: 48 | Intensity: 32 | Note Name: C3
2025-02-02 01:35:20 - Pulse Index: 1 | Midi Index: 74 | Intensity: 17 | Note Name: D5
2025-02-02 01:35:20 - Pulse Index: 2 | Midi Index: 90 | Intensity: 48 | Note Name: F#/Gb6
2025-02-02 01:35:20 - Pulse Index: 3 | Midi Index: 107 | Intensity: 39 | Note Name: B7
2025-02-02 01:35:20 - Pulse Index: 4 | Midi Index: 108 | Intensity: 32 | Note Name: C8
2025-02-02 01:35:20 - Pulse Index: 5 | Midi Index: 119 | Intensity: 32 | Note Name: B8
2025-02-02 01:35:20 - 
Logging Idyll Amount:

2025-02-02 01:35:20 - Resonance: 0.2 | NetInflow: 14.4 | NetOutflow: 14.4 | NetOverflow: 0 | State: Active
2025-02-02 01:35:20 - Resonance: 0.2 | NetInflow: 14.4 | NetOutflow: 14.4 | NetOverflow: 0 | State: Active
2025-02-02 01:35:20 - Resonance: 0.2 | NetInflow: 14.4 | NetOutflow: 14.4 | NetOverflow: 0 | State: Active
2025-02-02 01:35:20 - Resonance: 0.2 | NetInflow: 14.4 | NetOutflow: 14.4 | NetOverflow: 0 | State: Active
2025-02-02 01:35:20 - Resonance: 0.2 | NetInflow: 14.4 | NetOutflow: 14.4 | NetOverflow: 0 | State: Active
2025-02-02 01:35:20 - Resonance: 0.2 | NetInflow: 14.4 | NetOutflow: 14.4 | NetOverflow: 0 | State: Active
2025-02-02 01:35:20 - Resonance: 0.2 | NetInflow: 14.4 | NetOutflow: 14.4 | NetOverflow: 0 | State: Active
2025-02-02 01:35:20 - Resonance: 0.2 | NetInflow: 14.4 | NetOutflow: 14.4 | NetOverflow: 0 | State: Active
2025-02-02 01:35:20 - Resonance: 0.2 | NetInflow: 14.4 | NetOutflow: 14.4 | NetOverflow: 0 | State: Active
2025-02-02 01:35:20 - Resonance: 0.2 | NetInflow: 14.4 | NetOutflow: 14.4 | NetOverflow: 0 | State: Active
2025-02-02 01:35:20 - Resonance: 0.2 | NetInflow: 14.4 | NetOutflow: 14.4 | NetOverflow: 0 | State: Active
2025-02-02 01:35:20 - Resonance: 0.2 | NetInflow: 14.4 | NetOutflow: 14.4 | NetOverflow: 0 | State: Active
2025-02-02 01:35:20 - Resonance: 0.2 | NetInflow: 14.4 | NetOutflow: 14.4 | NetOverflow: 0 | State: Active
2025-02-02 01:35:20 - Resonance: 0.2 | NetInflow: 14.4 | NetOutflow: 14.4 | NetOverflow: 0 | State: Active
2025-02-02 01:35:20 - Resonance: 0.2 | NetInflow: 14.4 | NetOutflow: 14.4 | NetOverflow: 0 | State: Active
2025-02-02 01:35:20 - Resonance: 0.2 | NetInflow: 14.4 | NetOutflow: 14.4 | NetOverflow: 0 | State: Active
2025-02-02 01:35:20 - Resonance: 0.2 | NetInflow: 14.4 | NetOutflow: 14.4 | NetOverflow: 0 | State: Active
2025-02-02 01:35:20 - Resonance: 0.2 | NetInflow: 14.4 | NetOutflow: 14.4 | NetOverflow: 0 | State: Active
2025-02-02 01:35:20 - Resonance: 0.2 | NetInflow: 14.4 | NetOutflow: 14.4 | NetOverflow: 0 | State: Active
2025-02-02 01:35:20 - Resonance: 0.2 | NetInflow: 14.4 | NetOutflow: 14.4 | NetOverflow: 0 | State: Active
2025-02-02 01:35:20 - Resonance: 0.2 | NetInflow: 14.4 | NetOutflow: 14.4 | NetOverflow: 0 | State: Active
2025-02-02 01:35:20 - Resonance: 0.2 | NetInflow: 14.4 | NetOutflow: 14.4 | NetOverflow: 0 | State: Active
2025-02-02 01:35:20 - Resonance: 0.2 | NetInflow: 14.4 | NetOutflow: 14.4 | NetOverflow: 0 | State: Active
2025-02-02 01:35:20 - Resonance: 0.2 | NetInflow: 14.4 | NetOutflow: 14.4 | NetOverflow: 0 | State: Active
2025-02-02 01:35:20 - Resonance: 0.2 | NetInflow: 14.4 | NetOutflow: 14.4 | NetOverflow: 0 | State: Active
2025-02-02 01:35:20 - Resonance: 0.2 | NetInflow: 14.4 | NetOutflow: 14.4 | NetOverflow: 0 | State: Active
2025-02-02 01:35:20 - Resonance: 0.2 | NetInflow: 14.4 | NetOutflow: 14.4 | NetOverflow: 0 | State: Active
2025-02-02 01:35:20 - Resonance: 0.2 | NetInflow: 14.4 | NetOutflow: 14.4 | NetOverflow: 0 | State: Active
2025-02-02 01:35:20 - Resonance: 0.2 | NetInflow: 14.4 | NetOutflow: 14.4 | NetOverflow: 0 | State: Active
2025-02-02 01:35:20 - Resonance: 0.2 | NetInflow: 14.4 | NetOutflow: 14.4 | NetOverflow: 0 | State: Active
2025-02-02 01:35:20 - Resonance: 0.2 | NetInflow: 14.4 | NetOutflow: 14.4 | NetOverflow: 0 | State: Active
2025-02-02 01:35:20 - Resonance: 0.2 | NetInflow: 14.4 | NetOutflow: 14.4 | NetOverflow: 0 | State: Active
2025-02-02 01:35:20 - Resonance: 0.2 | NetInflow: 14.4 | NetOutflow: 14.4 | NetOverflow: 0 | State: Active
2025-02-02 01:35:20 - Resonance: 0.2 | NetInflow: 14.4 | NetOutflow: 14.4 | NetOverflow: 0 | State: Active
2025-02-02 01:35:20 - Resonance: 0.2 | NetInflow: 14.4 | NetOutflow: 14.4 | NetOverflow: 0 | State: Active
2025-02-02 01:35:20 - Resonance: 0.2 | NetInflow: 14.4 | NetOutflow: 14.4 | NetOverflow: 0 | State: Active
2025-02-02 01:35:20 - Resonance: 0.2 | NetInflow: 14.4 | NetOutflow: 14.4 | NetOverflow: 0 | State: Active
2025-02-02 01:35:20 - Resonance: 0.2 | NetInflow: 14.4 | NetOutflow: 14.4 | NetOverflow: 0 | State: Active
2025-02-02 01:35:20 - Resonance: 0.2 | NetInflow: 14.4 | NetOutflow: 14.4 | NetOverflow: 0 | State: Active
2025-02-02 01:35:20 - Resonance: 0.2 | NetInflow: 14.4 | NetOutflow: 14.4 | NetOverflow: 0 | State: Active
2025-02-02 01:35:20 - Resonance: 0.2 | NetInflow: 14.4 | NetOutflow: 14.4 | NetOverflow: 0 | State: Active
2025-02-02 01:35:20 - Resonance: 0.2 | NetInflow: 14.4 | NetOutflow: 14.4 | NetOverflow: 0 | State: Active
2025-02-02 01:35:20 - Resonance: 0.2 | NetInflow: 14.4 | NetOutflow: 14.4 | NetOverflow: 0 | State: Active
2025-02-02 01:35:20 - Resonance: 0.2 | NetInflow: 14.4 | NetOutflow: 14.4 | NetOverflow: 0 | State: Active
2025-02-02 01:35:20 - Resonance: 0.2 | NetInflow: 14.4 | NetOutflow: 14.4 | NetOverflow: 0 | State: Active
2025-02-02 01:35:20 - Resonance: 0.2 | NetInflow: 14.4 | NetOutflow: 14.4 | NetOverflow: 0 | State: Active
2025-02-02 01:35:20 - Resonance: 0.2 | NetInflow: 14.4 | NetOutflow: 14.4 | NetOverflow: 0 | State: Active
2025-02-02 01:35:20 - Resonance: 0.2 | NetInflow: 14.4 | NetOutflow: 14.4 | NetOverflow: 0 | State: Active
2025-02-02 01:35:20 - Resonance: 0.2 | NetInflow: 14.4 | NetOutflow: 14.4 | NetOverflow: 0 | State: Active
2025-02-02 01:35:20 - Resonance: 0.2 | NetInflow: 14.4 | NetOutflow: 14.4 | NetOverflow: 0 | State: Active
2025-02-02 01:35:20 - Pulse Index: 0 | Midi Index: 48 | Intensity: 32 | Note Name: C3
2025-02-02 01:35:20 - Pulse Index: 1 | Midi Index: 74 | Intensity: 17 | Note Name: D5
2025-02-02 01:35:20 - Pulse Index: 2 | Midi Index: 90 | Intensity: 48 | Note Name: F#/Gb6
2025-02-02 01:35:20 - Pulse Index: 3 | Midi Index: 107 | Intensity: 39 | Note Name: B7
2025-02-02 01:35:20 - Pulse Index: 4 | Midi Index: 108 | Intensity: 32 | Note Name: C8
2025-02-02 01:35:20 - Pulse Index: 5 | Midi Index: 119 | Intensity: 32 | Note Name: B8
