2025-02-16 10:00:45 - Debugger session started.
2025-02-16 10:00:45 - BasilMuguet Test_1 started
2025-02-16 10:00:45 -  - - - Adding pulse number 0 with midi index 105. - - -
2025-02-16 10:00:45 - Pulse Index: 0 | Midi Index: 69 | Intensity: 32 | Note Name: A4
2025-02-16 10:00:45 - Pulse Index: 1 | Midi Index: 105 | Intensity: 19 | Note Name: A7
2025-02-16 10:00:45 - 
Logging Idyll Amount:

2025-02-16 10:00:45 - Resonance: 0 | NetInflow: 2 | NetOutflow: 0 | NetOverflow: 0 | State: Active
2025-02-16 10:00:45 - Resonance: 0 | NetInflow: 2 | NetOutflow: 2 | NetOverflow: 0 | State: Active
2025-02-16 10:00:45 - Resonance: 0 | NetInflow: 2 | NetOutflow: 2 | NetOverflow: 0 | State: Active
2025-02-16 10:00:45 - Resonance: 0 | NetInflow: 2 | NetOutflow: 2 | NetOverflow: 0 | State: Active
2025-02-16 10:00:45 - Resonance: 0 | NetInflow: 2 | NetOutflow: 2 | NetOverflow: 0 | State: Active
2025-02-16 10:00:45 - Resonance: 0 | NetInflow: 2 | NetOutflow: 2 | NetOverflow: 0 | State: Active
2025-02-16 10:00:45 - Resonance: 0 | NetInflow: 2 | NetOutflow: 2 | NetOverflow: 0 | State: Active
2025-02-16 10:00:45 - Resonance: 0 | NetInflow: 2 | NetOutflow: 2 | NetOverflow: 0 | State: Active
2025-02-16 10:00:45 - Resonance: 0 | NetInflow: 2 | NetOutflow: 2 | NetOverflow: 0 | State: Active
2025-02-16 10:00:45 - Resonance: 0 | NetInflow: 2 | NetOutflow: 2 | NetOverflow: 0 | State: Active
2025-02-16 10:00:45 - Resonance: 0 | NetInflow: 2 | NetOutflow: 2 | NetOverflow: 0 | State: Active
2025-02-16 10:00:45 - Resonance: 0 | NetInflow: 2 | NetOutflow: 2 | NetOverflow: 0 | State: Active
2025-02-16 10:00:45 - Resonance: 0 | NetInflow: 2 | NetOutflow: 2 | NetOverflow: 0 | State: Active
2025-02-16 10:00:45 - Resonance: 0 | NetInflow: 2 | NetOutflow: 2 | NetOverflow: 0 | State: Active
2025-02-16 10:00:45 - Resonance: 0 | NetInflow: 2 | NetOutflow: 2 | NetOverflow: 0 | State: Active
2025-02-16 10:00:45 - Resonance: 0 | NetInflow: 2 | NetOutflow: 2 | NetOverflow: 0 | State: Active
2025-02-16 10:00:45 - Resonance: 0 | NetInflow: 2 | NetOutflow: 2 | NetOverflow: 0 | State: Active
2025-02-16 10:00:45 - Resonance: 0 | NetInflow: 2 | NetOutflow: 2 | NetOverflow: 0 | State: Active
2025-02-16 10:00:45 - Resonance: 0 | NetInflow: 2 | NetOutflow: 2 | NetOverflow: 0 | State: Active
2025-02-16 10:00:45 - Resonance: 0 | NetInflow: 2 | NetOutflow: 2 | NetOverflow: 0 | State: Active
2025-02-16 10:00:45 - Resonance: 0 | NetInflow: 2 | NetOutflow: 2 | NetOverflow: 0 | State: Active
2025-02-16 10:00:45 - Resonance: 0 | NetInflow: 2 | NetOutflow: 2 | NetOverflow: 0 | State: Active
2025-02-16 10:00:45 - Resonance: 0 | NetInflow: 2 | NetOutflow: 2 | NetOverflow: 0 | State: Active
2025-02-16 10:00:45 - Resonance: 0 | NetInflow: 2 | NetOutflow: 2 | NetOverflow: 0 | State: Active
2025-02-16 10:00:45 - Resonance: 0 | NetInflow: 2 | NetOutflow: 2 | NetOverflow: 0 | State: Active
2025-02-16 10:00:45 - Resonance: 0 | NetInflow: 2 | NetOutflow: 2 | NetOverflow: 0 | State: Active
2025-02-16 10:00:45 - Resonance: 0 | NetInflow: 2 | NetOutflow: 2 | NetOverflow: 0 | State: Active
2025-02-16 10:00:45 - Resonance: 0 | NetInflow: 2 | NetOutflow: 2 | NetOverflow: 0 | State: Active
2025-02-16 10:00:45 - Resonance: 0 | NetInflow: 2 | NetOutflow: 2 | NetOverflow: 0 | State: Active
2025-02-16 10:00:45 - Resonance: 0 | NetInflow: 2 | NetOutflow: 2 | NetOverflow: 0 | State: Active
2025-02-16 10:00:45 - Resonance: 0 | NetInflow: 2 | NetOutflow: 2 | NetOverflow: 0 | State: Active
2025-02-16 10:00:45 - Resonance: 0 | NetInflow: 2 | NetOutflow: 2 | NetOverflow: 0 | State: Active
2025-02-16 10:00:45 - Resonance: 0 | NetInflow: 2 | NetOutflow: 2 | NetOverflow: 0 | State: Active
2025-02-16 10:00:45 - Resonance: 0 | NetInflow: 2 | NetOutflow: 2 | NetOverflow: 0 | State: Active
2025-02-16 10:00:45 - Resonance: 0 | NetInflow: 2 | NetOutflow: 2 | NetOverflow: 0 | State: Active
2025-02-16 10:00:45 - Resonance: 0 | NetInflow: 2 | NetOutflow: 2 | NetOverflow: 0 | State: Active
2025-02-16 10:00:45 - Resonance: 0 | NetInflow: 2 | NetOutflow: 2 | NetOverflow: 0 | State: Active
2025-02-16 10:00:45 - Resonance: 0 | NetInflow: 2 | NetOutflow: 2 | NetOverflow: 0 | State: Active
2025-02-16 10:00:45 - Resonance: 0 | NetInflow: 2 | NetOutflow: 2 | NetOverflow: 0 | State: Active
2025-02-16 10:00:45 - Resonance: 0 | NetInflow: 2 | NetOutflow: 2 | NetOverflow: 0 | State: Active
2025-02-16 10:00:45 - Resonance: 0 | NetInflow: 2 | NetOutflow: 2 | NetOverflow: 0 | State: Active
2025-02-16 10:00:45 - Resonance: 0 | NetInflow: 2 | NetOutflow: 2 | NetOverflow: 0 | State: Active
2025-02-16 10:00:45 - Resonance: 0 | NetInflow: 2 | NetOutflow: 2 | NetOverflow: 0 | State: Active
2025-02-16 10:00:45 - Resonance: 0 | NetInflow: 2 | NetOutflow: 2 | NetOverflow: 0 | State: Active
2025-02-16 10:00:45 - Resonance: 0 | NetInflow: 2 | NetOutflow: 2 | NetOverflow: 0 | State: Active
2025-02-16 10:00:45 - Resonance: 0 | NetInflow: 2 | NetOutflow: 2 | NetOverflow: 0 | State: Active
2025-02-16 10:00:45 - Resonance: 0 | NetInflow: 2 | NetOutflow: 2 | NetOverflow: 0 | State: Active
2025-02-16 10:00:45 - Resonance: 0 | NetInflow: 2 | NetOutflow: 2 | NetOverflow: 0 | State: Active
2025-02-16 10:00:45 - Resonance: 0 | NetInflow: 2 | NetOutflow: 2 | NetOverflow: 0 | State: Active
2025-02-16 10:00:45 - Resonance: 0 | NetInflow: 2 | NetOutflow: 2 | NetOverflow: 0 | State: Active
2025-02-16 10:00:45 -  - - - Adding pulse number 1 with midi index 81. - - -
2025-02-16 10:00:45 - Pulse Index: 0 | Midi Index: 69 | Intensity: 32 | Note Name: A4
2025-02-16 10:00:45 - Pulse Index: 1 | Midi Index: 81 | Intensity: 39 | Note Name: A5
2025-02-16 10:00:45 - Pulse Index: 2 | Midi Index: 105 | Intensity: 19 | Note Name: A7
2025-02-16 10:00:45 - 
Logging Idyll Amount:

2025-02-16 10:00:45 - Resonance: 0 | NetInflow: 6 | NetOutflow: 6 | NetOverflow: 0 | State: Active
2025-02-16 10:00:45 - Resonance: 0 | NetInflow: 6 | NetOutflow: 6 | NetOverflow: 0 | State: Active
2025-02-16 10:00:45 - Resonance: 0 | NetInflow: 6 | NetOutflow: 6 | NetOverflow: 0 | State: Active
2025-02-16 10:00:45 - Resonance: 0 | NetInflow: 6 | NetOutflow: 6 | NetOverflow: 0 | State: Active
2025-02-16 10:00:45 - Resonance: 0 | NetInflow: 6 | NetOutflow: 6 | NetOverflow: 0 | State: Active
2025-02-16 10:00:45 - Resonance: 0 | NetInflow: 6 | NetOutflow: 6 | NetOverflow: 0 | State: Active
2025-02-16 10:00:45 - Resonance: 0 | NetInflow: 6 | NetOutflow: 6 | NetOverflow: 0 | State: Active
2025-02-16 10:00:45 - Resonance: 0 | NetInflow: 6 | NetOutflow: 6 | NetOverflow: 0 | State: Active
2025-02-16 10:00:45 - Resonance: 0 | NetInflow: 6 | NetOutflow: 6 | NetOverflow: 0 | State: Active
2025-02-16 10:00:45 - Resonance: 0 | NetInflow: 6 | NetOutflow: 6 | NetOverflow: 0 | State: Active
2025-02-16 10:00:45 - Resonance: 0 | NetInflow: 6 | NetOutflow: 6 | NetOverflow: 0 | State: Active
2025-02-16 10:00:45 - Resonance: 0 | NetInflow: 6 | NetOutflow: 6 | NetOverflow: 0 | State: Active
2025-02-16 10:00:45 - Resonance: 0 | NetInflow: 6 | NetOutflow: 6 | NetOverflow: 0 | State: Active
2025-02-16 10:00:45 - Resonance: 0 | NetInflow: 6 | NetOutflow: 6 | NetOverflow: 0 | State: Active
2025-02-16 10:00:45 - Resonance: 0 | NetInflow: 6 | NetOutflow: 6 | NetOverflow: 0 | State: Active
2025-02-16 10:00:45 - Resonance: 0 | NetInflow: 6 | NetOutflow: 6 | NetOverflow: 0 | State: Active
2025-02-16 10:00:45 - Resonance: 0 | NetInflow: 6 | NetOutflow: 6 | NetOverflow: 0 | State: Active
2025-02-16 10:00:45 - Resonance: 0 | NetInflow: 6 | NetOutflow: 6 | NetOverflow: 0 | State: Active
2025-02-16 10:00:45 - Resonance: 0 | NetInflow: 6 | NetOutflow: 6 | NetOverflow: 0 | State: Active
2025-02-16 10:00:45 - Resonance: 0 | NetInflow: 6 | NetOutflow: 6 | NetOverflow: 0 | State: Active
2025-02-16 10:00:45 - Resonance: 0 | NetInflow: 6 | NetOutflow: 6 | NetOverflow: 0 | State: Active
2025-02-16 10:00:45 - Resonance: 0 | NetInflow: 6 | NetOutflow: 6 | NetOverflow: 0 | State: Active
2025-02-16 10:00:45 - Resonance: 0 | NetInflow: 6 | NetOutflow: 6 | NetOverflow: 0 | State: Active
2025-02-16 10:00:45 - Resonance: 0 | NetInflow: 6 | NetOutflow: 6 | NetOverflow: 0 | State: Active
2025-02-16 10:00:45 - Resonance: 0 | NetInflow: 6 | NetOutflow: 6 | NetOverflow: 0 | State: Active
2025-02-16 10:00:45 - Resonance: 0 | NetInflow: 6 | NetOutflow: 6 | NetOverflow: 0 | State: Active
2025-02-16 10:00:45 - Resonance: 0 | NetInflow: 6 | NetOutflow: 6 | NetOverflow: 0 | State: Active
2025-02-16 10:00:45 - Resonance: 0 | NetInflow: 6 | NetOutflow: 6 | NetOverflow: 0 | State: Active
2025-02-16 10:00:45 - Resonance: 0 | NetInflow: 6 | NetOutflow: 6 | NetOverflow: 0 | State: Active
2025-02-16 10:00:45 - Resonance: 0 | NetInflow: 6 | NetOutflow: 6 | NetOverflow: 0 | State: Active
2025-02-16 10:00:45 - Resonance: 0 | NetInflow: 6 | NetOutflow: 6 | NetOverflow: 0 | State: Active
2025-02-16 10:00:45 - Resonance: 0 | NetInflow: 6 | NetOutflow: 6 | NetOverflow: 0 | State: Active
2025-02-16 10:00:45 - Resonance: 0 | NetInflow: 6 | NetOutflow: 6 | NetOverflow: 0 | State: Active
2025-02-16 10:00:45 - Resonance: 0 | NetInflow: 6 | NetOutflow: 6 | NetOverflow: 0 | State: Active
2025-02-16 10:00:45 - Resonance: 0 | NetInflow: 6 | NetOutflow: 6 | NetOverflow: 0 | State: Active
2025-02-16 10:00:45 - Resonance: 0 | NetInflow: 6 | NetOutflow: 6 | NetOverflow: 0 | State: Active
2025-02-16 10:00:45 - Resonance: 0 | NetInflow: 6 | NetOutflow: 6 | NetOverflow: 0 | State: Active
2025-02-16 10:00:45 - Resonance: 0 | NetInflow: 6 | NetOutflow: 6 | NetOverflow: 0 | State: Active
2025-02-16 10:00:45 - Resonance: 0 | NetInflow: 6 | NetOutflow: 6 | NetOverflow: 0 | State: Active
2025-02-16 10:00:45 - Resonance: 0 | NetInflow: 6 | NetOutflow: 6 | NetOverflow: 0 | State: Active
2025-02-16 10:00:45 - Resonance: 0 | NetInflow: 6 | NetOutflow: 6 | NetOverflow: 0 | State: Active
2025-02-16 10:00:45 - Resonance: 0 | NetInflow: 6 | NetOutflow: 6 | NetOverflow: 0 | State: Active
2025-02-16 10:00:45 - Resonance: 0 | NetInflow: 6 | NetOutflow: 6 | NetOverflow: 0 | State: Active
2025-02-16 10:00:45 - Resonance: 0 | NetInflow: 6 | NetOutflow: 6 | NetOverflow: 0 | State: Active
2025-02-16 10:00:45 - Resonance: 0 | NetInflow: 6 | NetOutflow: 6 | NetOverflow: 0 | State: Active
2025-02-16 10:00:45 - Resonance: 0 | NetInflow: 6 | NetOutflow: 6 | NetOverflow: 0 | State: Active
2025-02-16 10:00:45 - Resonance: 0 | NetInflow: 6 | NetOutflow: 6 | NetOverflow: 0 | State: Active
2025-02-16 10:00:45 - Resonance: 0 | NetInflow: 6 | NetOutflow: 6 | NetOverflow: 0 | State: Active
2025-02-16 10:00:45 - Resonance: 0 | NetInflow: 6 | NetOutflow: 6 | NetOverflow: 0 | State: Active
2025-02-16 10:00:45 - Resonance: 0 | NetInflow: 6 | NetOutflow: 6 | NetOverflow: 0 | State: Active
2025-02-16 10:00:45 -  - - - Adding pulse number 2 with midi index 87. - - -
2025-02-16 10:00:45 - Pulse Index: 0 | Midi Index: 69 | Intensity: 32 | Note Name: A4
2025-02-16 10:00:45 - Pulse Index: 1 | Midi Index: 81 | Intensity: 39 | Note Name: A5
2025-02-16 10:00:45 - Pulse Index: 2 | Midi Index: 87 | Intensity: 36 | Note Name: D#/Eb6
2025-02-16 10:00:45 - Pulse Index: 3 | Midi Index: 105 | Intensity: 19 | Note Name: A7
2025-02-16 10:00:45 - 
Logging Idyll Amount:

2025-02-16 10:00:45 - Resonance: 0 | NetInflow: 7.3 | NetOutflow: 7.3 | NetOverflow: 0 | State: Active
2025-02-16 10:00:45 - Resonance: 0 | NetInflow: 7.3 | NetOutflow: 7.3 | NetOverflow: 0 | State: Active
2025-02-16 10:00:45 - Resonance: 0 | NetInflow: 7.3 | NetOutflow: 7.3 | NetOverflow: 0 | State: Active
2025-02-16 10:00:45 - Resonance: 0 | NetInflow: 7.3 | NetOutflow: 7.3 | NetOverflow: 0 | State: Active
2025-02-16 10:00:45 - Resonance: 0 | NetInflow: 7.3 | NetOutflow: 7.3 | NetOverflow: 0 | State: Active
2025-02-16 10:00:45 - Resonance: 0 | NetInflow: 7.3 | NetOutflow: 7.3 | NetOverflow: 0 | State: Active
2025-02-16 10:00:45 - Resonance: 0 | NetInflow: 7.3 | NetOutflow: 7.3 | NetOverflow: 0 | State: Active
2025-02-16 10:00:45 - Resonance: 0 | NetInflow: 7.3 | NetOutflow: 7.3 | NetOverflow: 0 | State: Active
2025-02-16 10:00:45 - Resonance: 0 | NetInflow: 7.3 | NetOutflow: 7.3 | NetOverflow: 0 | State: Active
2025-02-16 10:00:45 - Resonance: 0 | NetInflow: 7.3 | NetOutflow: 7.3 | NetOverflow: 0 | State: Active
2025-02-16 10:00:45 - Resonance: 0 | NetInflow: 7.3 | NetOutflow: 7.3 | NetOverflow: 0 | State: Active
2025-02-16 10:00:45 - Resonance: 0 | NetInflow: 7.3 | NetOutflow: 7.3 | NetOverflow: 0 | State: Active
2025-02-16 10:00:45 - Resonance: 0 | NetInflow: 7.3 | NetOutflow: 7.3 | NetOverflow: 0 | State: Active
2025-02-16 10:00:45 - Resonance: 0 | NetInflow: 7.3 | NetOutflow: 7.3 | NetOverflow: 0 | State: Active
2025-02-16 10:00:45 - Resonance: 0 | NetInflow: 7.3 | NetOutflow: 7.3 | NetOverflow: 0 | State: Active
2025-02-16 10:00:45 - Resonance: 0 | NetInflow: 7.3 | NetOutflow: 7.3 | NetOverflow: 0 | State: Active
2025-02-16 10:00:45 - Resonance: 0 | NetInflow: 7.3 | NetOutflow: 7.3 | NetOverflow: 0 | State: Active
2025-02-16 10:00:45 - Resonance: 0 | NetInflow: 7.3 | NetOutflow: 7.3 | NetOverflow: 0 | State: Active
2025-02-16 10:00:45 - Resonance: 0 | NetInflow: 7.3 | NetOutflow: 7.3 | NetOverflow: 0 | State: Active
2025-02-16 10:00:45 - Resonance: 0 | NetInflow: 7.3 | NetOutflow: 7.3 | NetOverflow: 0 | State: Active
2025-02-16 10:00:45 - Resonance: 0 | NetInflow: 7.3 | NetOutflow: 7.3 | NetOverflow: 0 | State: Active
2025-02-16 10:00:45 - Resonance: 0 | NetInflow: 7.3 | NetOutflow: 7.3 | NetOverflow: 0 | State: Active
2025-02-16 10:00:45 - Resonance: 0 | NetInflow: 7.3 | NetOutflow: 7.3 | NetOverflow: 0 | State: Active
2025-02-16 10:00:45 - Resonance: 0 | NetInflow: 7.3 | NetOutflow: 7.3 | NetOverflow: 0 | State: Active
2025-02-16 10:00:45 - Resonance: 0 | NetInflow: 7.3 | NetOutflow: 7.3 | NetOverflow: 0 | State: Active
2025-02-16 10:00:45 - Resonance: 0 | NetInflow: 7.3 | NetOutflow: 7.3 | NetOverflow: 0 | State: Active
2025-02-16 10:00:45 - Resonance: 0 | NetInflow: 7.3 | NetOutflow: 7.3 | NetOverflow: 0 | State: Active
2025-02-16 10:00:45 - Resonance: 0 | NetInflow: 7.3 | NetOutflow: 7.3 | NetOverflow: 0 | State: Active
2025-02-16 10:00:45 - Resonance: 0 | NetInflow: 7.3 | NetOutflow: 7.3 | NetOverflow: 0 | State: Active
2025-02-16 10:00:45 - Resonance: 0 | NetInflow: 7.3 | NetOutflow: 7.3 | NetOverflow: 0 | State: Active
2025-02-16 10:00:45 - Resonance: 0 | NetInflow: 7.3 | NetOutflow: 7.3 | NetOverflow: 0 | State: Active
2025-02-16 10:00:45 - Resonance: 0 | NetInflow: 7.3 | NetOutflow: 7.3 | NetOverflow: 0 | State: Active
2025-02-16 10:00:45 - Resonance: 0 | NetInflow: 7.3 | NetOutflow: 7.3 | NetOverflow: 0 | State: Active
2025-02-16 10:00:45 - Resonance: 0 | NetInflow: 7.3 | NetOutflow: 7.3 | NetOverflow: 0 | State: Active
2025-02-16 10:00:45 - Resonance: 0 | NetInflow: 7.3 | NetOutflow: 7.3 | NetOverflow: 0 | State: Active
2025-02-16 10:00:45 - Resonance: 0 | NetInflow: 7.3 | NetOutflow: 7.3 | NetOverflow: 0 | State: Active
2025-02-16 10:00:45 - Resonance: 0 | NetInflow: 7.3 | NetOutflow: 7.3 | NetOverflow: 0 | State: Active
2025-02-16 10:00:45 - Resonance: 0 | NetInflow: 7.3 | NetOutflow: 7.3 | NetOverflow: 0 | State: Active
2025-02-16 10:00:45 - Resonance: 0 | NetInflow: 7.3 | NetOutflow: 7.3 | NetOverflow: 0 | State: Active
2025-02-16 10:00:45 - Resonance: 0 | NetInflow: 7.3 | NetOutflow: 7.3 | NetOverflow: 0 | State: Active
2025-02-16 10:00:45 - Resonance: 0 | NetInflow: 7.3 | NetOutflow: 7.3 | NetOverflow: 0 | State: Active
2025-02-16 10:00:45 - Resonance: 0 | NetInflow: 7.3 | NetOutflow: 7.3 | NetOverflow: 0 | State: Active
2025-02-16 10:00:45 - Resonance: 0 | NetInflow: 7.3 | NetOutflow: 7.3 | NetOverflow: 0 | State: Active
2025-02-16 10:00:45 - Resonance: 0 | NetInflow: 7.3 | NetOutflow: 7.3 | NetOverflow: 0 | State: Active
2025-02-16 10:00:45 - Resonance: 0 | NetInflow: 7.3 | NetOutflow: 7.3 | NetOverflow: 0 | State: Active
2025-02-16 10:00:45 - Resonance: 0 | NetInflow: 7.3 | NetOutflow: 7.3 | NetOverflow: 0 | State: Active
2025-02-16 10:00:45 - Resonance: 0 | NetInflow: 7.3 | NetOutflow: 7.3 | NetOverflow: 0 | State: Active
2025-02-16 10:00:45 - Resonance: 0 | NetInflow: 7.3 | NetOutflow: 7.3 | NetOverflow: 0 | State: Active
2025-02-16 10:00:45 - Resonance: 0 | NetInflow: 7.3 | NetOutflow: 7.3 | NetOverflow: 0 | State: Active
2025-02-16 10:00:45 - Resonance: 0 | NetInflow: 7.3 | NetOutflow: 7.3 | NetOverflow: 0 | State: Active
2025-02-16 10:00:45 -  - - - Adding pulse number 3 with midi index 108. - - -
2025-02-16 10:00:45 - Pulse Index: 0 | Midi Index: 69 | Intensity: 32 | Note Name: A4
2025-02-16 10:00:45 - Pulse Index: 1 | Midi Index: 81 | Intensity: 39 | Note Name: A5
2025-02-16 10:00:45 - Pulse Index: 2 | Midi Index: 87 | Intensity: 36 | Note Name: D#/Eb6
2025-02-16 10:00:45 - Pulse Index: 3 | Midi Index: 105 | Intensity: 19 | Note Name: A7
2025-02-16 10:00:45 - Pulse Index: 4 | Midi Index: 108 | Intensity: 19 | Note Name: C8
2025-02-16 10:00:45 - 
Logging Idyll Amount:

2025-02-16 10:00:45 - Resonance: 0 | NetInflow: 7 | NetOutflow: 7 | NetOverflow: 0 | State: Active
2025-02-16 10:00:45 - Resonance: 0 | NetInflow: 7 | NetOutflow: 7 | NetOverflow: 0 | State: Active
2025-02-16 10:00:45 - Resonance: 0 | NetInflow: 7 | NetOutflow: 7 | NetOverflow: 0 | State: Active
2025-02-16 10:00:45 - Resonance: 0 | NetInflow: 7 | NetOutflow: 7 | NetOverflow: 0 | State: Active
2025-02-16 10:00:45 - Resonance: 0 | NetInflow: 7 | NetOutflow: 7 | NetOverflow: 0 | State: Active
2025-02-16 10:00:45 - Resonance: 0 | NetInflow: 7 | NetOutflow: 7 | NetOverflow: 0 | State: Active
2025-02-16 10:00:45 - Resonance: 0 | NetInflow: 7 | NetOutflow: 7 | NetOverflow: 0 | State: Active
2025-02-16 10:00:45 - Resonance: 0 | NetInflow: 7 | NetOutflow: 7 | NetOverflow: 0 | State: Active
2025-02-16 10:00:45 - Resonance: 0 | NetInflow: 7 | NetOutflow: 7 | NetOverflow: 0 | State: Active
2025-02-16 10:00:45 - Resonance: 0 | NetInflow: 7 | NetOutflow: 7 | NetOverflow: 0 | State: Active
2025-02-16 10:00:45 - Resonance: 0 | NetInflow: 7 | NetOutflow: 7 | NetOverflow: 0 | State: Active
2025-02-16 10:00:45 - Resonance: 0 | NetInflow: 7 | NetOutflow: 7 | NetOverflow: 0 | State: Active
2025-02-16 10:00:45 - Resonance: 0 | NetInflow: 7 | NetOutflow: 7 | NetOverflow: 0 | State: Active
2025-02-16 10:00:45 - Resonance: 0 | NetInflow: 7 | NetOutflow: 7 | NetOverflow: 0 | State: Active
2025-02-16 10:00:45 - Resonance: 0 | NetInflow: 7 | NetOutflow: 7 | NetOverflow: 0 | State: Active
2025-02-16 10:00:45 - Resonance: 0 | NetInflow: 7 | NetOutflow: 7 | NetOverflow: 0 | State: Active
2025-02-16 10:00:45 - Resonance: 0 | NetInflow: 7 | NetOutflow: 7 | NetOverflow: 0 | State: Active
2025-02-16 10:00:45 - Resonance: 0 | NetInflow: 7 | NetOutflow: 7 | NetOverflow: 0 | State: Active
2025-02-16 10:00:45 - Resonance: 0 | NetInflow: 7 | NetOutflow: 7 | NetOverflow: 0 | State: Active
2025-02-16 10:00:45 - Resonance: 0 | NetInflow: 7 | NetOutflow: 7 | NetOverflow: 0 | State: Active
2025-02-16 10:00:45 - Resonance: 0 | NetInflow: 7 | NetOutflow: 7 | NetOverflow: 0 | State: Active
2025-02-16 10:00:45 - Resonance: 0 | NetInflow: 7 | NetOutflow: 7 | NetOverflow: 0 | State: Active
2025-02-16 10:00:45 - Resonance: 0 | NetInflow: 7 | NetOutflow: 7 | NetOverflow: 0 | State: Active
2025-02-16 10:00:45 - Resonance: 0 | NetInflow: 7 | NetOutflow: 7 | NetOverflow: 0 | State: Active
2025-02-16 10:00:45 - Resonance: 0 | NetInflow: 7 | NetOutflow: 7 | NetOverflow: 0 | State: Active
2025-02-16 10:00:45 - Resonance: 0 | NetInflow: 7 | NetOutflow: 7 | NetOverflow: 0 | State: Active
2025-02-16 10:00:45 - Resonance: 0 | NetInflow: 7 | NetOutflow: 7 | NetOverflow: 0 | State: Active
2025-02-16 10:00:45 - Resonance: 0 | NetInflow: 7 | NetOutflow: 7 | NetOverflow: 0 | State: Active
2025-02-16 10:00:45 - Resonance: 0 | NetInflow: 7 | NetOutflow: 7 | NetOverflow: 0 | State: Active
2025-02-16 10:00:45 - Resonance: 0 | NetInflow: 7 | NetOutflow: 7 | NetOverflow: 0 | State: Active
2025-02-16 10:00:45 - Resonance: 0 | NetInflow: 7 | NetOutflow: 7 | NetOverflow: 0 | State: Active
2025-02-16 10:00:45 - Resonance: 0 | NetInflow: 7 | NetOutflow: 7 | NetOverflow: 0 | State: Active
2025-02-16 10:00:45 - Resonance: 0 | NetInflow: 7 | NetOutflow: 7 | NetOverflow: 0 | State: Active
2025-02-16 10:00:45 - Resonance: 0 | NetInflow: 7 | NetOutflow: 7 | NetOverflow: 0 | State: Active
2025-02-16 10:00:45 - Resonance: 0 | NetInflow: 7 | NetOutflow: 7 | NetOverflow: 0 | State: Active
2025-02-16 10:00:45 - Resonance: 0 | NetInflow: 7 | NetOutflow: 7 | NetOverflow: 0 | State: Active
2025-02-16 10:00:45 - Resonance: 0 | NetInflow: 7 | NetOutflow: 7 | NetOverflow: 0 | State: Active
2025-02-16 10:00:45 - Resonance: 0 | NetInflow: 7 | NetOutflow: 7 | NetOverflow: 0 | State: Active
2025-02-16 10:00:45 - Resonance: 0 | NetInflow: 7 | NetOutflow: 7 | NetOverflow: 0 | State: Active
2025-02-16 10:00:45 - Resonance: 0 | NetInflow: 7 | NetOutflow: 7 | NetOverflow: 0 | State: Active
2025-02-16 10:00:45 - Resonance: 0 | NetInflow: 7 | NetOutflow: 7 | NetOverflow: 0 | State: Active
2025-02-16 10:00:45 - Resonance: 0 | NetInflow: 7 | NetOutflow: 7 | NetOverflow: 0 | State: Active
2025-02-16 10:00:45 - Resonance: 0 | NetInflow: 7 | NetOutflow: 7 | NetOverflow: 0 | State: Active
2025-02-16 10:00:45 - Resonance: 0 | NetInflow: 7 | NetOutflow: 7 | NetOverflow: 0 | State: Active
2025-02-16 10:00:45 - Resonance: 0 | NetInflow: 7 | NetOutflow: 7 | NetOverflow: 0 | State: Active
2025-02-16 10:00:45 - Resonance: 0 | NetInflow: 7 | NetOutflow: 7 | NetOverflow: 0 | State: Active
2025-02-16 10:00:45 - Resonance: 0 | NetInflow: 7 | NetOutflow: 7 | NetOverflow: 0 | State: Active
2025-02-16 10:00:45 - Resonance: 0 | NetInflow: 7 | NetOutflow: 7 | NetOverflow: 0 | State: Active
2025-02-16 10:00:45 - Resonance: 0 | NetInflow: 7 | NetOutflow: 7 | NetOverflow: 0 | State: Active
2025-02-16 10:00:45 - Resonance: 0 | NetInflow: 7 | NetOutflow: 7 | NetOverflow: 0 | State: Active
2025-02-16 10:00:45 -  - - - Adding pulse number 4 with midi index 116. - - -
2025-02-16 10:00:45 - Pulse Index: 0 | Midi Index: 69 | Intensity: 32 | Note Name: A4
2025-02-16 10:00:45 - Pulse Index: 1 | Midi Index: 81 | Intensity: 39 | Note Name: A5
2025-02-16 10:00:45 - Pulse Index: 2 | Midi Index: 87 | Intensity: 36 | Note Name: D#/Eb6
2025-02-16 10:00:45 - Pulse Index: 3 | Midi Index: 105 | Intensity: 19 | Note Name: A7
2025-02-16 10:00:45 - Pulse Index: 4 | Midi Index: 108 | Intensity: 19 | Note Name: C8
2025-02-16 10:00:45 - Pulse Index: 5 | Midi Index: 116 | Intensity: 41 | Note Name: G#/Ab8
2025-02-16 10:00:45 - 
Logging Idyll Amount:

2025-02-16 10:00:45 - Resonance: 0 | NetInflow: 9.6 | NetOutflow: 9.6 | NetOverflow: 0 | State: Active
2025-02-16 10:00:45 - Resonance: 0 | NetInflow: 9.6 | NetOutflow: 9.6 | NetOverflow: 0 | State: Active
2025-02-16 10:00:45 - Resonance: 0 | NetInflow: 9.6 | NetOutflow: 9.6 | NetOverflow: 0 | State: Active
2025-02-16 10:00:45 - Resonance: 0 | NetInflow: 9.6 | NetOutflow: 9.6 | NetOverflow: 0 | State: Active
2025-02-16 10:00:45 - Resonance: 0 | NetInflow: 9.6 | NetOutflow: 9.6 | NetOverflow: 0 | State: Active
2025-02-16 10:00:45 - Resonance: 0 | NetInflow: 9.6 | NetOutflow: 9.6 | NetOverflow: 0 | State: Active
2025-02-16 10:00:45 - Resonance: 0 | NetInflow: 9.6 | NetOutflow: 9.6 | NetOverflow: 0 | State: Active
2025-02-16 10:00:45 - Resonance: 0 | NetInflow: 9.6 | NetOutflow: 9.6 | NetOverflow: 0 | State: Active
2025-02-16 10:00:45 - Resonance: 0 | NetInflow: 9.6 | NetOutflow: 9.6 | NetOverflow: 0 | State: Active
2025-02-16 10:00:45 - Resonance: 0 | NetInflow: 9.6 | NetOutflow: 9.6 | NetOverflow: 0 | State: Active
2025-02-16 10:00:45 - Resonance: 0 | NetInflow: 9.6 | NetOutflow: 9.6 | NetOverflow: 0 | State: Active
2025-02-16 10:00:45 - Resonance: 0 | NetInflow: 9.6 | NetOutflow: 9.6 | NetOverflow: 0 | State: Active
2025-02-16 10:00:45 - Resonance: 0 | NetInflow: 9.6 | NetOutflow: 9.6 | NetOverflow: 0 | State: Active
2025-02-16 10:00:45 - Resonance: 0 | NetInflow: 9.6 | NetOutflow: 9.6 | NetOverflow: 0 | State: Active
2025-02-16 10:00:45 - Resonance: 0 | NetInflow: 9.6 | NetOutflow: 9.6 | NetOverflow: 0 | State: Active
2025-02-16 10:00:45 - Resonance: 0 | NetInflow: 9.6 | NetOutflow: 9.6 | NetOverflow: 0 | State: Active
2025-02-16 10:00:45 - Resonance: 0 | NetInflow: 9.6 | NetOutflow: 9.6 | NetOverflow: 0 | State: Active
2025-02-16 10:00:45 - Resonance: 0 | NetInflow: 9.6 | NetOutflow: 9.6 | NetOverflow: 0 | State: Active
2025-02-16 10:00:45 - Resonance: 0 | NetInflow: 9.6 | NetOutflow: 9.6 | NetOverflow: 0 | State: Active
2025-02-16 10:00:45 - Resonance: 0 | NetInflow: 9.6 | NetOutflow: 9.6 | NetOverflow: 0 | State: Active
2025-02-16 10:00:45 - Resonance: 0 | NetInflow: 9.6 | NetOutflow: 9.6 | NetOverflow: 0 | State: Active
2025-02-16 10:00:45 - Resonance: 0 | NetInflow: 9.6 | NetOutflow: 9.6 | NetOverflow: 0 | State: Active
2025-02-16 10:00:45 - Resonance: 0 | NetInflow: 9.6 | NetOutflow: 9.6 | NetOverflow: 0 | State: Active
2025-02-16 10:00:45 - Resonance: 0 | NetInflow: 9.6 | NetOutflow: 9.6 | NetOverflow: 0 | State: Active
2025-02-16 10:00:45 - Resonance: 0 | NetInflow: 9.6 | NetOutflow: 9.6 | NetOverflow: 0 | State: Active
2025-02-16 10:00:45 - Resonance: 0 | NetInflow: 9.6 | NetOutflow: 9.6 | NetOverflow: 0 | State: Active
2025-02-16 10:00:45 - Resonance: 0 | NetInflow: 9.6 | NetOutflow: 9.6 | NetOverflow: 0 | State: Active
2025-02-16 10:00:45 - Resonance: 0 | NetInflow: 9.6 | NetOutflow: 9.6 | NetOverflow: 0 | State: Active
2025-02-16 10:00:45 - Resonance: 0 | NetInflow: 9.6 | NetOutflow: 9.6 | NetOverflow: 0 | State: Active
2025-02-16 10:00:45 - Resonance: 0 | NetInflow: 9.6 | NetOutflow: 9.6 | NetOverflow: 0 | State: Active
2025-02-16 10:00:45 - Resonance: 0 | NetInflow: 9.6 | NetOutflow: 9.6 | NetOverflow: 0 | State: Active
2025-02-16 10:00:45 - Resonance: 0 | NetInflow: 9.6 | NetOutflow: 9.6 | NetOverflow: 0 | State: Active
2025-02-16 10:00:45 - Resonance: 0 | NetInflow: 9.6 | NetOutflow: 9.6 | NetOverflow: 0 | State: Active
2025-02-16 10:00:45 - Resonance: 0 | NetInflow: 9.6 | NetOutflow: 9.6 | NetOverflow: 0 | State: Active
2025-02-16 10:00:45 - Resonance: 0 | NetInflow: 9.6 | NetOutflow: 9.6 | NetOverflow: 0 | State: Active
2025-02-16 10:00:45 - Resonance: 0 | NetInflow: 9.6 | NetOutflow: 9.6 | NetOverflow: 0 | State: Active
2025-02-16 10:00:45 - Resonance: 0 | NetInflow: 9.6 | NetOutflow: 9.6 | NetOverflow: 0 | State: Active
2025-02-16 10:00:45 - Resonance: 0 | NetInflow: 9.6 | NetOutflow: 9.6 | NetOverflow: 0 | State: Active
2025-02-16 10:00:45 - Resonance: 0 | NetInflow: 9.6 | NetOutflow: 9.6 | NetOverflow: 0 | State: Active
2025-02-16 10:00:45 - Resonance: 0 | NetInflow: 9.6 | NetOutflow: 9.6 | NetOverflow: 0 | State: Active
2025-02-16 10:00:45 - Resonance: 0 | NetInflow: 9.6 | NetOutflow: 9.6 | NetOverflow: 0 | State: Active
2025-02-16 10:00:45 - Resonance: 0 | NetInflow: 9.6 | NetOutflow: 9.6 | NetOverflow: 0 | State: Active
2025-02-16 10:00:45 - Resonance: 0 | NetInflow: 9.6 | NetOutflow: 9.6 | NetOverflow: 0 | State: Active
2025-02-16 10:00:45 - Resonance: 0 | NetInflow: 9.6 | NetOutflow: 9.6 | NetOverflow: 0 | State: Active
2025-02-16 10:00:45 - Resonance: 0 | NetInflow: 9.6 | NetOutflow: 9.6 | NetOverflow: 0 | State: Active
2025-02-16 10:00:45 - Resonance: 0 | NetInflow: 9.6 | NetOutflow: 9.6 | NetOverflow: 0 | State: Active
2025-02-16 10:00:45 - Resonance: 0 | NetInflow: 9.6 | NetOutflow: 9.6 | NetOverflow: 0 | State: Active
2025-02-16 10:00:45 - Resonance: 0 | NetInflow: 9.6 | NetOutflow: 9.6 | NetOverflow: 0 | State: Active
2025-02-16 10:00:45 - Resonance: 0 | NetInflow: 9.6 | NetOutflow: 9.6 | NetOverflow: 0 | State: Active
2025-02-16 10:00:45 - Resonance: 0 | NetInflow: 9.6 | NetOutflow: 9.6 | NetOverflow: 0 | State: Active
2025-02-16 10:00:45 - Pulse Index: 0 | Midi Index: 69 | Intensity: 32 | Note Name: A4
2025-02-16 10:00:45 - Pulse Index: 1 | Midi Index: 81 | Intensity: 39 | Note Name: A5
2025-02-16 10:00:45 - Pulse Index: 2 | Midi Index: 87 | Intensity: 36 | Note Name: D#/Eb6
2025-02-16 10:00:45 - Pulse Index: 3 | Midi Index: 105 | Intensity: 19 | Note Name: A7
2025-02-16 10:00:45 - Pulse Index: 4 | Midi Index: 108 | Intensity: 19 | Note Name: C8
2025-02-16 10:00:45 - Pulse Index: 5 | Midi Index: 116 | Intensity: 41 | Note Name: G#/Ab8
2025-02-16 10:00:45 - - - - Resonator Parameter: 244215 - - - 
2025-02-16 10:00:45 - OriginFrequency: 440 | OriginIntensity: 32 | MaxIdyllAmount: 16 | CriticalEffect: 0 | CriticalEffectDurationThreshold: 0 | CriticalEffectIntensity: 0
2025-02-16 10:00:45 - InflowLimit: 32 | OutflowLimit: 16 | OverflowLimit: 16
2025-02-16 10:00:45 - ID: 0 | InflowMultiplier: 1 | OutflowMultiplier: 1 | OverflowMultiplier: 1 | InflowEffect: 0 | OutflowEffect: 0 | OverflowEffect: 0
2025-02-16 10:00:45 - ID: 1 | InflowMultiplier: 1 | OutflowMultiplier: 1 | OverflowMultiplier: 1 | InflowEffect: 0 | OutflowEffect: 0 | OverflowEffect: 0
2025-02-16 10:00:45 - ID: 2 | InflowMultiplier: 1 | OutflowMultiplier: 1 | OverflowMultiplier: 1 | InflowEffect: 0 | OutflowEffect: 0 | OverflowEffect: 0
2025-02-16 10:00:45 - ID: 3 | InflowMultiplier: 1 | OutflowMultiplier: 1 | OverflowMultiplier: 1 | InflowEffect: 0 | OutflowEffect: 0 | OverflowEffect: 0
2025-02-16 10:00:45 - ID: 4 | InflowMultiplier: 1 | OutflowMultiplier: 1 | OverflowMultiplier: 1 | InflowEffect: 0 | OutflowEffect: 0 | OverflowEffect: 0
2025-02-16 10:00:45 - ID: 5 | InflowMultiplier: 1 | OutflowMultiplier: 1 | OverflowMultiplier: 1 | InflowEffect: 0 | OutflowEffect: 0 | OverflowEffect: 0
2025-02-16 10:00:45 - ID: 6 | InflowMultiplier: 1 | OutflowMultiplier: 1 | OverflowMultiplier: 1 | InflowEffect: 0 | OutflowEffect: 0 | OverflowEffect: 0
2025-02-16 10:00:45 - ID: 7 | InflowMultiplier: 1 | OutflowMultiplier: 1 | OverflowMultiplier: 1 | InflowEffect: 0 | OutflowEffect: 0 | OverflowEffect: 0
2025-02-16 10:00:45 - ID: 8 | InflowMultiplier: 1 | OutflowMultiplier: 1 | OverflowMultiplier: 1 | InflowEffect: 0 | OutflowEffect: 0 | OverflowEffect: 0
2025-02-16 10:00:45 - ID: 9 | InflowMultiplier: 1 | OutflowMultiplier: 1 | OverflowMultiplier: 1 | InflowEffect: 0 | OutflowEffect: 0 | OverflowEffect: 0
2025-02-16 10:00:45 - ID: 10 | InflowMultiplier: 1 | OutflowMultiplier: 1 | OverflowMultiplier: 1 | InflowEffect: 0 | OutflowEffect: 0 | OverflowEffect: 0
2025-02-16 10:00:45 - ID: 11 | InflowMultiplier: 1 | OutflowMultiplier: 1 | OverflowMultiplier: 1 | InflowEffect: 0 | OutflowEffect: 0 | OverflowEffect: 0
2025-02-16 10:00:45 - ID: 12 | InflowMultiplier: 1 | OutflowMultiplier: 1 | OverflowMultiplier: 1 | InflowEffect: 0 | OutflowEffect: 0 | OverflowEffect: 0
2025-02-16 10:00:45 - ID: 13 | InflowMultiplier: 1 | OutflowMultiplier: 1 | OverflowMultiplier: 1 | InflowEffect: 0 | OutflowEffect: 0 | OverflowEffect: 0
