2025-01-25 04:11:33 - Debugger session started.
2025-01-25 04:11:33 - BasilMuguet Test_1 started
2025-01-25 04:11:33 -  - - - Adding pulse number 0 with midi index 62. - - -
2025-01-25 04:11:33 -  - - - Adding pulse number 1 with midi index 119. - - -
2025-01-25 04:11:33 -  - - - Adding pulse number 2 with midi index 121. - - -
2025-01-25 04:11:33 -  - - - Adding pulse number 3 with midi index 74. - - -
2025-01-25 04:11:33 -  - - - Adding pulse number 4 with midi index 64. - - -
2025-01-25 04:11:33 - Pulse Index: 0 | Midi Index: 48 | Intensity: 32 | Note Name: C3
2025-01-25 04:11:33 - Pulse Index: 1 | Midi Index: 62 | Intensity: 50 | Note Name: D4
2025-01-25 04:11:33 - Pulse Index: 2 | Midi Index: 64 | Intensity: 42 | Note Name: E4
2025-01-25 04:11:33 - Pulse Index: 3 | Midi Index: 74 | Intensity: 54 | Note Name: D5
2025-01-25 04:11:33 - Pulse Index: 4 | Midi Index: 119 | Intensity: 52 | Note Name: B8
2025-01-25 04:11:33 - Pulse Index: 5 | Midi Index: 121 | Intensity: 43 | Note Name: C#/Db9
2025-01-25 04:11:33 - 
Logging Idyll Amount:

2025-01-25 04:11:33 - Resonance: 2 | NetInflow: 25.6 | NetOutflow: 16 | NetOverflow: 0 | State: Active
2025-01-25 04:11:33 - Resonance: 2.1 | NetInflow: 25.6 | NetOutflow: 16 | NetOverflow: 0 | State: Active
2025-01-25 04:11:33 - Resonance: 2.3 | NetInflow: 25.6 | NetOutflow: 16 | NetOverflow: 0 | State: Active
2025-01-25 04:11:33 - Resonance: 2.5 | NetInflow: 25.6 | NetOutflow: 16 | NetOverflow: 0 | State: Active
2025-01-25 04:11:33 - Resonance: 2.7 | NetInflow: 25.6 | NetOutflow: 16 | NetOverflow: 0 | State: Active
2025-01-25 04:11:33 - Resonance: 2.9 | NetInflow: 25.6 | NetOutflow: 16 | NetOverflow: 0 | State: Active
2025-01-25 04:11:33 - Resonance: 3.1 | NetInflow: 25.6 | NetOutflow: 16 | NetOverflow: 0 | State: Active
2025-01-25 04:11:33 - Resonance: 3.3 | NetInflow: 25.6 | NetOutflow: 16 | NetOverflow: 0 | State: Active
2025-01-25 04:11:33 - Resonance: 3.5 | NetInflow: 25.6 | NetOutflow: 16 | NetOverflow: 0 | State: Active
2025-01-25 04:11:33 - Resonance: 3.7 | NetInflow: 25.6 | NetOutflow: 16 | NetOverflow: 0 | State: Active
2025-01-25 04:11:33 - Resonance: 3.9 | NetInflow: 25.6 | NetOutflow: 16 | NetOverflow: 0 | State: Active
2025-01-25 04:11:33 - Resonance: 4.1 | NetInflow: 25.6 | NetOutflow: 16 | NetOverflow: 0 | State: Active
2025-01-25 04:11:33 - Resonance: 4.3 | NetInflow: 25.6 | NetOutflow: 16 | NetOverflow: 0 | State: Active
2025-01-25 04:11:33 - Resonance: 4.4 | NetInflow: 25.6 | NetOutflow: 16 | NetOverflow: 0 | State: Active
2025-01-25 04:11:33 - Resonance: 4.6 | NetInflow: 25.6 | NetOutflow: 16 | NetOverflow: 0 | State: Active
2025-01-25 04:11:33 - Resonance: 4.8 | NetInflow: 25.6 | NetOutflow: 16 | NetOverflow: 0 | State: Active
2025-01-25 04:11:33 - Resonance: 5 | NetInflow: 25.6 | NetOutflow: 16 | NetOverflow: 0 | State: Active
2025-01-25 04:11:33 - Resonance: 5.2 | NetInflow: 25.6 | NetOutflow: 16 | NetOverflow: 0 | State: Active
2025-01-25 04:11:33 - Resonance: 5.4 | NetInflow: 25.6 | NetOutflow: 16 | NetOverflow: 0 | State: Active
2025-01-25 04:11:33 - Resonance: 5.6 | NetInflow: 25.6 | NetOutflow: 16 | NetOverflow: 0 | State: Active
2025-01-25 04:11:33 - Resonance: 5.8 | NetInflow: 25.6 | NetOutflow: 16 | NetOverflow: 0 | State: Active
2025-01-25 04:11:33 - Resonance: 6 | NetInflow: 25.6 | NetOutflow: 16 | NetOverflow: 0 | State: Active
2025-01-25 04:11:33 - Resonance: 6.2 | NetInflow: 25.6 | NetOutflow: 16 | NetOverflow: 0 | State: Active
2025-01-25 04:11:33 - Resonance: 6.4 | NetInflow: 25.6 | NetOutflow: 16 | NetOverflow: 0 | State: Active
2025-01-25 04:11:33 - Resonance: 6.6 | NetInflow: 25.6 | NetOutflow: 16 | NetOverflow: 0 | State: Active
2025-01-25 04:11:33 - Resonance: 6.8 | NetInflow: 25.6 | NetOutflow: 16 | NetOverflow: 0 | State: Active
2025-01-25 04:11:33 - Resonance: 6.9 | NetInflow: 25.6 | NetOutflow: 16 | NetOverflow: 0 | State: Active
2025-01-25 04:11:33 - Resonance: 7.1 | NetInflow: 25.6 | NetOutflow: 16 | NetOverflow: 0 | State: Active
2025-01-25 04:11:33 - Resonance: 7.3 | NetInflow: 25.6 | NetOutflow: 16 | NetOverflow: 0 | State: Active
2025-01-25 04:11:33 - Resonance: 7.5 | NetInflow: 25.6 | NetOutflow: 16 | NetOverflow: 0 | State: Active
2025-01-25 04:11:33 - Resonance: 7.7 | NetInflow: 25.6 | NetOutflow: 16 | NetOverflow: 0 | State: Active
2025-01-25 04:11:33 - Resonance: 7.9 | NetInflow: 25.6 | NetOutflow: 16 | NetOverflow: 0 | State: Active
2025-01-25 04:11:33 - Resonance: 8.1 | NetInflow: 25.6 | NetOutflow: 16 | NetOverflow: 0 | State: Active
2025-01-25 04:11:33 - Resonance: 8.3 | NetInflow: 25.6 | NetOutflow: 16 | NetOverflow: 0 | State: Active
2025-01-25 04:11:33 - Resonance: 8.5 | NetInflow: 25.6 | NetOutflow: 16 | NetOverflow: 0 | State: Active
2025-01-25 04:11:33 - Resonance: 8.7 | NetInflow: 25.6 | NetOutflow: 16 | NetOverflow: 0 | State: Active
2025-01-25 04:11:33 - Resonance: 8.9 | NetInflow: 25.6 | NetOutflow: 16 | NetOverflow: 0 | State: Active
2025-01-25 04:11:33 - Resonance: 9.1 | NetInflow: 25.6 | NetOutflow: 16 | NetOverflow: 0 | State: Active
2025-01-25 04:11:33 - Resonance: 9.2 | NetInflow: 25.6 | NetOutflow: 16 | NetOverflow: 0 | State: Active
2025-01-25 04:11:33 - Resonance: 9.4 | NetInflow: 25.6 | NetOutflow: 16 | NetOverflow: 0 | State: Active
2025-01-25 04:11:33 - Resonance: 9.6 | NetInflow: 25.6 | NetOutflow: 16 | NetOverflow: 0 | State: Active
2025-01-25 04:11:33 - Resonance: 9.8 | NetInflow: 25.6 | NetOutflow: 16 | NetOverflow: 0 | State: Active
2025-01-25 04:11:33 - Resonance: 10 | NetInflow: 25.6 | NetOutflow: 16 | NetOverflow: 0 | State: Active
2025-01-25 04:11:33 - Resonance: 10.2 | NetInflow: 25.6 | NetOutflow: 16 | NetOverflow: 0 | State: Active
2025-01-25 04:11:33 - Resonance: 10.4 | NetInflow: 25.6 | NetOutflow: 16 | NetOverflow: 0 | State: Active
2025-01-25 04:11:33 - Resonance: 10.6 | NetInflow: 25.6 | NetOutflow: 16 | NetOverflow: 0 | State: Active
2025-01-25 04:11:33 - Resonance: 10.8 | NetInflow: 25.6 | NetOutflow: 16 | NetOverflow: 0 | State: Active
2025-01-25 04:11:33 - Resonance: 11 | NetInflow: 25.6 | NetOutflow: 16 | NetOverflow: 0 | State: Active
2025-01-25 04:11:33 - Resonance: 11.2 | NetInflow: 25.6 | NetOutflow: 16 | NetOverflow: 0 | State: Active
2025-01-25 04:11:33 - Resonance: 11.4 | NetInflow: 25.6 | NetOutflow: 16 | NetOverflow: 0 | State: Active
2025-01-25 04:11:33 - Resonance: 11.6 | NetInflow: 25.6 | NetOutflow: 16 | NetOverflow: 0 | State: Active
2025-01-25 04:11:33 - Resonance: 11.7 | NetInflow: 25.6 | NetOutflow: 16 | NetOverflow: 0 | State: Active
2025-01-25 04:11:33 - Resonance: 11.9 | NetInflow: 25.6 | NetOutflow: 16 | NetOverflow: 0 | State: Active
2025-01-25 04:11:33 - Resonance: 12.1 | NetInflow: 25.6 | NetOutflow: 16 | NetOverflow: 0 | State: Active
2025-01-25 04:11:33 - Resonance: 12.3 | NetInflow: 25.6 | NetOutflow: 16 | NetOverflow: 0 | State: Active
2025-01-25 04:11:33 - Resonance: 12.5 | NetInflow: 25.6 | NetOutflow: 16 | NetOverflow: 0 | State: Active
2025-01-25 04:11:33 - Resonance: 12.7 | NetInflow: 25.6 | NetOutflow: 16 | NetOverflow: 0 | State: Active
2025-01-25 04:11:33 - Resonance: 12.9 | NetInflow: 25.6 | NetOutflow: 16 | NetOverflow: 0 | State: Active
2025-01-25 04:11:33 - Resonance: 13.1 | NetInflow: 25.6 | NetOutflow: 16 | NetOverflow: 0 | State: Active
2025-01-25 04:11:33 - Resonance: 13.3 | NetInflow: 25.6 | NetOutflow: 16 | NetOverflow: 0 | State: Active
2025-01-25 04:11:33 - Resonance: 13.5 | NetInflow: 25.6 | NetOutflow: 16 | NetOverflow: 0 | State: Active
2025-01-25 04:11:33 - Resonance: 13.7 | NetInflow: 25.6 | NetOutflow: 16 | NetOverflow: 0 | State: Active
2025-01-25 04:11:33 - Resonance: 13.9 | NetInflow: 25.6 | NetOutflow: 16 | NetOverflow: 0 | State: Active
2025-01-25 04:11:33 - Resonance: 14 | NetInflow: 25.6 | NetOutflow: 16 | NetOverflow: 0 | State: Active
2025-01-25 04:11:33 - Resonance: 14.2 | NetInflow: 25.6 | NetOutflow: 16 | NetOverflow: 0 | State: Active
2025-01-25 04:11:33 - Resonance: 14.4 | NetInflow: 25.6 | NetOutflow: 16 | NetOverflow: 0 | State: Active
2025-01-25 04:11:33 - Resonance: 14.6 | NetInflow: 25.6 | NetOutflow: 16 | NetOverflow: 0 | State: Active
2025-01-25 04:11:33 - Resonance: 14.8 | NetInflow: 25.6 | NetOutflow: 16 | NetOverflow: 0 | State: Active
2025-01-25 04:11:33 - Resonance: 15 | NetInflow: 25.6 | NetOutflow: 16 | NetOverflow: 0 | State: Active
2025-01-25 04:11:33 - Resonance: 15.2 | NetInflow: 25.6 | NetOutflow: 16 | NetOverflow: 0 | State: Active
2025-01-25 04:11:33 - Resonance: 15.4 | NetInflow: 25.6 | NetOutflow: 16 | NetOverflow: 0 | State: Active
2025-01-25 04:11:33 - Resonance: 15.6 | NetInflow: 25.6 | NetOutflow: 16 | NetOverflow: 0 | State: Active
2025-01-25 04:11:33 - Resonance: 15.8 | NetInflow: 25.6 | NetOutflow: 16 | NetOverflow: 0 | State: Active
2025-01-25 04:11:33 - Resonance: 16 | NetInflow: 25.6 | NetOutflow: 16 | NetOverflow: 0 | State: Active
2025-01-25 04:11:33 - Resonance: 16 | NetInflow: 25.6 | NetOutflow: 16 | NetOverflow: 8 | State: Overflow
2025-01-25 04:11:33 - Resonance: 16 | NetInflow: 25.6 | NetOutflow: 16 | NetOverflow: 9.6 | State: Overflow
2025-01-25 04:11:33 - Resonance: 16 | NetInflow: 25.6 | NetOutflow: 16 | NetOverflow: 9.6 | State: Overflow
2025-01-25 04:11:33 - Resonance: 16 | NetInflow: 25.6 | NetOutflow: 16 | NetOverflow: 9.6 | State: Overflow
2025-01-25 04:11:33 - Resonance: 16 | NetInflow: 25.6 | NetOutflow: 16 | NetOverflow: 9.6 | State: Overflow
2025-01-25 04:11:33 - Resonance: 16 | NetInflow: 25.6 | NetOutflow: 16 | NetOverflow: 9.6 | State: Overflow
2025-01-25 04:11:33 - Resonance: 16 | NetInflow: 25.6 | NetOutflow: 16 | NetOverflow: 9.6 | State: Overflow
2025-01-25 04:11:33 - Resonance: 16 | NetInflow: 25.6 | NetOutflow: 16 | NetOverflow: 9.6 | State: Overflow
2025-01-25 04:11:33 - Resonance: 16 | NetInflow: 25.6 | NetOutflow: 16 | NetOverflow: 9.6 | State: Overflow
2025-01-25 04:11:33 - Resonance: 16 | NetInflow: 25.6 | NetOutflow: 16 | NetOverflow: 9.6 | State: Overflow
2025-01-25 04:11:33 - Resonance: 16 | NetInflow: 25.6 | NetOutflow: 16 | NetOverflow: 9.6 | State: Overflow
2025-01-25 04:11:33 - Resonance: 16 | NetInflow: 25.6 | NetOutflow: 16 | NetOverflow: 9.6 | State: Overflow
2025-01-25 04:11:33 - Resonance: 16 | NetInflow: 25.6 | NetOutflow: 16 | NetOverflow: 9.6 | State: Overflow
2025-01-25 04:11:33 - Resonance: 16 | NetInflow: 25.6 | NetOutflow: 16 | NetOverflow: 9.6 | State: Overflow
2025-01-25 04:11:33 - Resonance: 16 | NetInflow: 25.6 | NetOutflow: 16 | NetOverflow: 9.6 | State: Overflow
2025-01-25 04:11:33 - Resonance: 16 | NetInflow: 25.6 | NetOutflow: 16 | NetOverflow: 9.6 | State: Overflow
2025-01-25 04:11:33 - Resonance: 16 | NetInflow: 25.6 | NetOutflow: 16 | NetOverflow: 9.6 | State: Overflow
2025-01-25 04:11:33 - Resonance: 16 | NetInflow: 25.6 | NetOutflow: 16 | NetOverflow: 9.6 | State: Overflow
2025-01-25 04:11:33 - Resonance: 16 | NetInflow: 25.6 | NetOutflow: 16 | NetOverflow: 9.6 | State: Overflow
2025-01-25 04:11:33 - Resonance: 16 | NetInflow: 25.6 | NetOutflow: 16 | NetOverflow: 9.6 | State: Overflow
2025-01-25 04:11:33 - Resonance: 16 | NetInflow: 25.6 | NetOutflow: 16 | NetOverflow: 9.6 | State: Overflow
2025-01-25 04:11:33 - Resonance: 16 | NetInflow: 25.6 | NetOutflow: 16 | NetOverflow: 9.6 | State: Overflow
2025-01-25 04:11:33 - Resonance: 16 | NetInflow: 25.6 | NetOutflow: 16 | NetOverflow: 9.6 | State: Overflow
2025-01-25 04:11:33 - Resonance: 16 | NetInflow: 25.6 | NetOutflow: 16 | NetOverflow: 9.6 | State: Overflow
2025-01-25 04:11:33 - Resonance: 16 | NetInflow: 25.6 | NetOutflow: 16 | NetOverflow: 9.6 | State: Overflow
2025-01-25 04:11:33 - Resonance: 16 | NetInflow: 25.6 | NetOutflow: 16 | NetOverflow: 9.6 | State: Overflow
2025-01-25 04:11:33 - Resonance: 16 | NetInflow: 25.6 | NetOutflow: 16 | NetOverflow: 9.6 | State: Overflow
2025-01-25 04:11:33 - Resonance: 16 | NetInflow: 25.6 | NetOutflow: 16 | NetOverflow: 9.6 | State: Overflow
2025-01-25 04:11:33 - Resonance: 16 | NetInflow: 25.6 | NetOutflow: 16 | NetOverflow: 9.6 | State: Overflow
2025-01-25 04:11:33 - Resonance: 16 | NetInflow: 25.6 | NetOutflow: 16 | NetOverflow: 9.6 | State: Overflow
2025-01-25 04:11:33 - Resonance: 16 | NetInflow: 25.6 | NetOutflow: 16 | NetOverflow: 9.6 | State: Overflow
2025-01-25 04:11:33 - Resonance: 16 | NetInflow: 25.6 | NetOutflow: 16 | NetOverflow: 9.6 | State: Overflow
2025-01-25 04:11:33 - Resonance: 16 | NetInflow: 25.6 | NetOutflow: 16 | NetOverflow: 9.6 | State: Overflow
2025-01-25 04:11:33 - Resonance: 16 | NetInflow: 25.6 | NetOutflow: 16 | NetOverflow: 9.6 | State: Overflow
2025-01-25 04:11:33 - Resonance: 16 | NetInflow: 25.6 | NetOutflow: 16 | NetOverflow: 9.6 | State: Overflow
2025-01-25 04:11:33 - Resonance: 16 | NetInflow: 25.6 | NetOutflow: 16 | NetOverflow: 9.6 | State: Overflow
2025-01-25 04:11:33 - Resonance: 16 | NetInflow: 25.6 | NetOutflow: 16 | NetOverflow: 9.6 | State: Overflow
2025-01-25 04:11:33 - Resonance: 16 | NetInflow: 25.6 | NetOutflow: 16 | NetOverflow: 9.6 | State: Overflow
2025-01-25 04:11:33 - Resonance: 16 | NetInflow: 25.6 | NetOutflow: 16 | NetOverflow: 9.6 | State: Overflow
2025-01-25 04:11:33 - Resonance: 16 | NetInflow: 25.6 | NetOutflow: 16 | NetOverflow: 9.6 | State: Overflow
2025-01-25 04:11:33 - Resonance: 16 | NetInflow: 25.6 | NetOutflow: 16 | NetOverflow: 9.6 | State: Overflow
2025-01-25 04:11:33 - Resonance: 16 | NetInflow: 25.6 | NetOutflow: 16 | NetOverflow: 9.6 | State: Overflow
2025-01-25 04:11:33 - Resonance: 16 | NetInflow: 25.6 | NetOutflow: 16 | NetOverflow: 9.6 | State: Overflow
2025-01-25 04:11:33 - Resonance: 16 | NetInflow: 25.6 | NetOutflow: 16 | NetOverflow: 9.6 | State: Overflow
2025-01-25 04:11:33 - Resonance: 16 | NetInflow: 25.6 | NetOutflow: 16 | NetOverflow: 9.6 | State: Overflow
2025-01-25 04:11:33 - Resonance: 16 | NetInflow: 25.6 | NetOutflow: 16 | NetOverflow: 9.6 | State: Overflow
2025-01-25 04:11:33 - Resonance: 16 | NetInflow: 25.6 | NetOutflow: 16 | NetOverflow: 9.6 | State: Overflow
2025-01-25 04:11:33 - Resonance: 16 | NetInflow: 25.6 | NetOutflow: 16 | NetOverflow: 9.6 | State: Overflow
2025-01-25 04:11:33 - Resonance: 16 | NetInflow: 25.6 | NetOutflow: 16 | NetOverflow: 9.6 | State: Overflow
2025-01-25 04:11:33 - Resonance: 16 | NetInflow: 25.6 | NetOutflow: 16 | NetOverflow: 9.6 | State: Overflow
2025-01-25 04:11:33 - Resonance: 16 | NetInflow: 25.6 | NetOutflow: 16 | NetOverflow: 9.6 | State: Overflow
2025-01-25 04:11:33 - Resonance: 16 | NetInflow: 25.6 | NetOutflow: 16 | NetOverflow: 9.6 | State: Overflow
2025-01-25 04:11:33 - Resonance: 16 | NetInflow: 25.6 | NetOutflow: 16 | NetOverflow: 9.6 | State: Overflow
2025-01-25 04:11:33 - Resonance: 16 | NetInflow: 25.6 | NetOutflow: 16 | NetOverflow: 9.6 | State: Overflow
2025-01-25 04:11:33 - Resonance: 16 | NetInflow: 25.6 | NetOutflow: 16 | NetOverflow: 9.6 | State: Overflow
2025-01-25 04:11:33 - Resonance: 16 | NetInflow: 25.6 | NetOutflow: 16 | NetOverflow: 9.6 | State: Overflow
2025-01-25 04:11:33 - Resonance: 16 | NetInflow: 25.6 | NetOutflow: 16 | NetOverflow: 9.6 | State: Overflow
2025-01-25 04:11:33 - Resonance: 16 | NetInflow: 25.6 | NetOutflow: 16 | NetOverflow: 9.6 | State: Overflow
2025-01-25 04:11:33 - Resonance: 16 | NetInflow: 25.6 | NetOutflow: 16 | NetOverflow: 9.6 | State: Overflow
2025-01-25 04:11:33 - Resonance: 16 | NetInflow: 25.6 | NetOutflow: 16 | NetOverflow: 9.6 | State: Overflow
2025-01-25 04:11:33 - Resonance: 16 | NetInflow: 25.6 | NetOutflow: 16 | NetOverflow: 9.6 | State: Overflow
2025-01-25 04:11:33 - Resonance: 16 | NetInflow: 25.6 | NetOutflow: 16 | NetOverflow: 9.6 | State: Overflow
2025-01-25 04:11:33 - Resonance: 16 | NetInflow: 25.6 | NetOutflow: 16 | NetOverflow: 9.6 | State: Overflow
2025-01-25 04:11:33 - Resonance: 16 | NetInflow: 25.6 | NetOutflow: 16 | NetOverflow: 9.6 | State: Overflow
2025-01-25 04:11:33 - Resonance: 16 | NetInflow: 25.6 | NetOutflow: 16 | NetOverflow: 9.6 | State: Overflow
2025-01-25 04:11:33 - Resonance: 16 | NetInflow: 25.6 | NetOutflow: 16 | NetOverflow: 9.6 | State: Overflow
2025-01-25 04:11:33 - Resonance: 16 | NetInflow: 25.6 | NetOutflow: 16 | NetOverflow: 9.6 | State: Overflow
2025-01-25 04:11:33 - Resonance: 16 | NetInflow: 25.6 | NetOutflow: 16 | NetOverflow: 9.6 | State: Overflow
2025-01-25 04:11:33 - Resonance: 16 | NetInflow: 25.6 | NetOutflow: 16 | NetOverflow: 9.6 | State: Overflow
2025-01-25 04:11:33 - Resonance: 16 | NetInflow: 25.6 | NetOutflow: 16 | NetOverflow: 9.6 | State: Overflow
2025-01-25 04:11:33 - Resonance: 16 | NetInflow: 25.6 | NetOutflow: 16 | NetOverflow: 9.6 | State: Overflow
2025-01-25 04:11:33 - Resonance: 16 | NetInflow: 25.6 | NetOutflow: 16 | NetOverflow: 9.6 | State: Overflow
2025-01-25 04:11:33 - Resonance: 16 | NetInflow: 25.6 | NetOutflow: 16 | NetOverflow: 9.6 | State: Overflow
2025-01-25 04:11:33 - Resonance: 16 | NetInflow: 25.6 | NetOutflow: 16 | NetOverflow: 9.6 | State: Overflow
2025-01-25 04:11:33 - Resonance: 16 | NetInflow: 25.6 | NetOutflow: 16 | NetOverflow: 9.6 | State: Overflow
2025-01-25 04:11:33 - Resonance: 16 | NetInflow: 25.6 | NetOutflow: 16 | NetOverflow: 9.6 | State: Overflow
2025-01-25 04:11:33 - Resonance: 16 | NetInflow: 25.6 | NetOutflow: 16 | NetOverflow: 9.6 | State: Overflow
2025-01-25 04:11:33 - Resonance: 16 | NetInflow: 25.6 | NetOutflow: 16 | NetOverflow: 9.6 | State: Overflow
2025-01-25 04:11:33 - Resonance: 16 | NetInflow: 25.6 | NetOutflow: 16 | NetOverflow: 9.6 | State: Overflow
2025-01-25 04:11:33 - Resonance: 16 | NetInflow: 25.6 | NetOutflow: 16 | NetOverflow: 9.6 | State: Overflow
2025-01-25 04:11:33 - Resonance: 16 | NetInflow: 25.6 | NetOutflow: 16 | NetOverflow: 9.6 | State: Overflow
2025-01-25 04:11:33 - Resonance: 16 | NetInflow: 25.6 | NetOutflow: 16 | NetOverflow: 9.6 | State: Overflow
2025-01-25 04:11:33 - Resonance: 16 | NetInflow: 25.6 | NetOutflow: 16 | NetOverflow: 9.6 | State: Overflow
2025-01-25 04:11:33 - Resonance: 16 | NetInflow: 25.6 | NetOutflow: 16 | NetOverflow: 9.6 | State: Overflow
2025-01-25 04:11:33 - Resonance: 16 | NetInflow: 25.6 | NetOutflow: 16 | NetOverflow: 9.6 | State: Overflow
2025-01-25 04:11:33 - Resonance: 16 | NetInflow: 25.6 | NetOutflow: 16 | NetOverflow: 9.6 | State: Overflow
2025-01-25 04:11:33 - Resonance: 16 | NetInflow: 25.6 | NetOutflow: 16 | NetOverflow: 9.6 | State: Overflow
2025-01-25 04:11:33 - Resonance: 16 | NetInflow: 25.6 | NetOutflow: 16 | NetOverflow: 9.6 | State: Overflow
2025-01-25 04:11:33 - Resonance: 16 | NetInflow: 25.6 | NetOutflow: 16 | NetOverflow: 9.6 | State: Overflow
2025-01-25 04:11:33 - Resonance: 16 | NetInflow: 25.6 | NetOutflow: 16 | NetOverflow: 9.6 | State: Overflow
2025-01-25 04:11:33 - Resonance: 16 | NetInflow: 25.6 | NetOutflow: 16 | NetOverflow: 9.6 | State: Overflow
2025-01-25 04:11:33 - Resonance: 16 | NetInflow: 25.6 | NetOutflow: 16 | NetOverflow: 9.6 | State: Overflow
2025-01-25 04:11:33 - Resonance: 16 | NetInflow: 25.6 | NetOutflow: 16 | NetOverflow: 9.6 | State: Overflow
2025-01-25 04:11:33 - Resonance: 16 | NetInflow: 25.6 | NetOutflow: 16 | NetOverflow: 9.6 | State: Overflow
2025-01-25 04:11:33 - Resonance: 16 | NetInflow: 25.6 | NetOutflow: 16 | NetOverflow: 9.6 | State: Overflow
2025-01-25 04:11:33 - Resonance: 16 | NetInflow: 25.6 | NetOutflow: 16 | NetOverflow: 9.6 | State: Overflow
2025-01-25 04:11:33 - Resonance: 16 | NetInflow: 25.6 | NetOutflow: 16 | NetOverflow: 9.6 | State: Overflow
2025-01-25 04:11:33 - Resonance: 16 | NetInflow: 25.6 | NetOutflow: 16 | NetOverflow: 9.6 | State: Overflow
2025-01-25 04:11:33 - Resonance: 16 | NetInflow: 25.6 | NetOutflow: 16 | NetOverflow: 9.6 | State: Overflow
2025-01-25 04:11:33 - Resonance: 16 | NetInflow: 25.6 | NetOutflow: 16 | NetOverflow: 9.6 | State: Overflow
2025-01-25 04:11:33 - Resonance: 16 | NetInflow: 25.6 | NetOutflow: 16 | NetOverflow: 9.6 | State: Overflow
2025-01-25 04:11:33 - Resonance: 16 | NetInflow: 25.6 | NetOutflow: 16 | NetOverflow: 9.6 | State: Overflow
2025-01-25 04:11:33 - Resonance: 16 | NetInflow: 25.6 | NetOutflow: 16 | NetOverflow: 9.6 | State: Overflow
2025-01-25 04:11:33 - Resonance: 16 | NetInflow: 25.6 | NetOutflow: 16 | NetOverflow: 9.6 | State: Overflow
2025-01-25 04:11:33 - Resonance: 16 | NetInflow: 25.6 | NetOutflow: 16 | NetOverflow: 9.6 | State: Overflow
2025-01-25 04:11:33 - Resonance: 16 | NetInflow: 25.6 | NetOutflow: 16 | NetOverflow: 9.6 | State: Overflow
2025-01-25 04:11:33 - Resonance: 16 | NetInflow: 25.6 | NetOutflow: 16 | NetOverflow: 9.6 | State: Overflow
2025-01-25 04:11:33 - Resonance: 16 | NetInflow: 25.6 | NetOutflow: 16 | NetOverflow: 9.6 | State: Overflow
2025-01-25 04:11:33 - Resonance: 16 | NetInflow: 25.6 | NetOutflow: 16 | NetOverflow: 9.6 | State: Overflow
2025-01-25 04:11:33 - Resonance: 16 | NetInflow: 25.6 | NetOutflow: 16 | NetOverflow: 9.6 | State: Overflow
2025-01-25 04:11:33 - Resonance: 16 | NetInflow: 25.6 | NetOutflow: 16 | NetOverflow: 9.6 | State: Overflow
2025-01-25 04:11:33 - Resonance: 16 | NetInflow: 25.6 | NetOutflow: 16 | NetOverflow: 9.6 | State: Overflow
2025-01-25 04:11:33 - Resonance: 16 | NetInflow: 25.6 | NetOutflow: 16 | NetOverflow: 9.6 | State: Overflow
2025-01-25 04:11:33 - Resonance: 16 | NetInflow: 25.6 | NetOutflow: 16 | NetOverflow: 9.6 | State: Overflow
2025-01-25 04:11:33 - Resonance: 16 | NetInflow: 25.6 | NetOutflow: 16 | NetOverflow: 9.6 | State: Overflow
2025-01-25 04:11:33 - Resonance: 16 | NetInflow: 25.6 | NetOutflow: 16 | NetOverflow: 9.6 | State: Overflow
2025-01-25 04:11:33 - Resonance: 16 | NetInflow: 25.6 | NetOutflow: 16 | NetOverflow: 9.6 | State: Overflow
2025-01-25 04:11:33 - Resonance: 16 | NetInflow: 25.6 | NetOutflow: 16 | NetOverflow: 9.6 | State: Overflow
2025-01-25 04:11:33 - Resonance: 16 | NetInflow: 25.6 | NetOutflow: 16 | NetOverflow: 9.6 | State: Overflow
2025-01-25 04:11:33 - Resonance: 16 | NetInflow: 25.6 | NetOutflow: 16 | NetOverflow: 9.6 | State: Overflow
2025-01-25 04:11:33 - Resonance: 16 | NetInflow: 25.6 | NetOutflow: 16 | NetOverflow: 9.6 | State: Overflow
2025-01-25 04:11:33 - Resonance: 16 | NetInflow: 25.6 | NetOutflow: 16 | NetOverflow: 9.6 | State: Overflow
2025-01-25 04:11:33 - Resonance: 16 | NetInflow: 25.6 | NetOutflow: 16 | NetOverflow: 9.6 | State: Overflow
2025-01-25 04:11:33 - Resonance: 16 | NetInflow: 25.6 | NetOutflow: 16 | NetOverflow: 9.6 | State: Overflow
2025-01-25 04:11:33 - Resonance: 16 | NetInflow: 25.6 | NetOutflow: 16 | NetOverflow: 9.6 | State: Overflow
2025-01-25 04:11:33 - Resonance: 16 | NetInflow: 25.6 | NetOutflow: 16 | NetOverflow: 9.6 | State: Overflow
