2025-01-25 04:05:28 - Debugger session started.
2025-01-25 04:05:28 - BasilMuguet Test_1 started
2025-01-25 04:05:28 -  - - - Adding pulse number 0 with midi index 63. - - -
2025-01-25 04:05:28 -  - - - Adding pulse number 1 with midi index 101. - - -
2025-01-25 04:05:28 -  - - - Adding pulse number 2 with midi index 106. - - -
2025-01-25 04:05:28 -  - - - Adding pulse number 3 with midi index 68. - - -
2025-01-25 04:05:28 -  - - - Adding pulse number 4 with midi index 106. - - -
2025-01-25 04:05:28 - Pulse Index: 0 | Midi Index: 48 | Intensity: 32 | Note Name: C3
2025-01-25 04:05:28 - Pulse Index: 1 | Midi Index: 63 | Intensity: 49 | Note Name: D#/Eb4
2025-01-25 04:05:28 - Pulse Index: 2 | Midi Index: 68 | Intensity: 58 | Note Name: G#/Ab4
2025-01-25 04:05:28 - Pulse Index: 3 | Midi Index: 101 | Intensity: 18 | Note Name: F7
2025-01-25 04:05:28 - Pulse Index: 4 | Midi Index: 106 | Intensity: 43 | Note Name: A#/Bb7
2025-01-25 04:05:28 - Pulse Index: 5 | Midi Index: 106 | Intensity: 27 | Note Name: A#/Bb7
2025-01-25 04:05:28 - NaN Check: False 1
2025-01-25 04:05:28 - NaN Check: False 2
2025-01-25 04:05:28 - LinkNode: 2 <- 15 / 6
2025-01-25 04:05:28 - NaN Check: False 1
2025-01-25 04:05:28 - NaN Check: False 2
2025-01-25 04:05:28 - LinkNode: 2 <- 15 / 6
2025-01-25 04:05:28 - 
Logging Idyll Amount:

2025-01-25 04:05:28 - NaN Check: False 1
2025-01-25 04:05:28 - NaN Check: False 2
2025-01-25 04:05:28 - LinkNode: 2 <- 15 / 6
2025-01-25 04:05:28 - Resonance: 1.8 | NetInflow: 24.5 | NetOutflow: 16 | NetOverflow: 0 | State: Active
2025-01-25 04:05:28 - NaN Check: False 1
2025-01-25 04:05:28 - NaN Check: False 2
2025-01-25 04:05:28 - LinkNode: 2 <- 15 / 6
2025-01-25 04:05:28 - Resonance: 2 | NetInflow: 24.5 | NetOutflow: 16 | NetOverflow: 0 | State: Active
2025-01-25 04:05:28 - NaN Check: False 1
2025-01-25 04:05:28 - NaN Check: False 2
2025-01-25 04:05:28 - LinkNode: 2 <- 15 / 6
2025-01-25 04:05:28 - Resonance: 2.2 | NetInflow: 24.5 | NetOutflow: 16 | NetOverflow: 0 | State: Active
2025-01-25 04:05:28 - NaN Check: False 1
2025-01-25 04:05:28 - NaN Check: False 2
2025-01-25 04:05:28 - LinkNode: 2 <- 15 / 6
2025-01-25 04:05:28 - Resonance: 2.3 | NetInflow: 24.5 | NetOutflow: 16 | NetOverflow: 0 | State: Active
2025-01-25 04:05:28 - NaN Check: False 1
2025-01-25 04:05:28 - NaN Check: False 2
2025-01-25 04:05:28 - LinkNode: 2 <- 15 / 6
2025-01-25 04:05:28 - Resonance: 2.5 | NetInflow: 24.5 | NetOutflow: 16 | NetOverflow: 0 | State: Active
2025-01-25 04:05:28 - NaN Check: False 1
2025-01-25 04:05:28 - NaN Check: False 2
2025-01-25 04:05:28 - LinkNode: 2 <- 15 / 6
2025-01-25 04:05:28 - Resonance: 2.7 | NetInflow: 24.5 | NetOutflow: 16 | NetOverflow: 0 | State: Active
2025-01-25 04:05:28 - NaN Check: False 1
2025-01-25 04:05:28 - NaN Check: False 2
2025-01-25 04:05:28 - LinkNode: 2 <- 15 / 6
2025-01-25 04:05:28 - Resonance: 2.8 | NetInflow: 24.5 | NetOutflow: 16 | NetOverflow: 0 | State: Active
2025-01-25 04:05:28 - NaN Check: False 1
2025-01-25 04:05:28 - NaN Check: False 2
2025-01-25 04:05:28 - LinkNode: 2 <- 15 / 6
2025-01-25 04:05:28 - Resonance: 3 | NetInflow: 24.5 | NetOutflow: 16 | NetOverflow: 0 | State: Active
2025-01-25 04:05:28 - NaN Check: False 1
2025-01-25 04:05:28 - NaN Check: False 2
2025-01-25 04:05:28 - LinkNode: 2 <- 15 / 6
2025-01-25 04:05:28 - Resonance: 3.2 | NetInflow: 24.5 | NetOutflow: 16 | NetOverflow: 0 | State: Active
2025-01-25 04:05:28 - NaN Check: False 1
2025-01-25 04:05:28 - NaN Check: False 2
2025-01-25 04:05:28 - LinkNode: 2 <- 15 / 6
2025-01-25 04:05:28 - Resonance: 3.4 | NetInflow: 24.5 | NetOutflow: 16 | NetOverflow: 0 | State: Active
2025-01-25 04:05:28 - NaN Check: False 1
2025-01-25 04:05:28 - NaN Check: False 2
2025-01-25 04:05:28 - LinkNode: 2 <- 15 / 6
2025-01-25 04:05:28 - Resonance: 3.5 | NetInflow: 24.5 | NetOutflow: 16 | NetOverflow: 0 | State: Active
2025-01-25 04:05:28 - NaN Check: False 1
2025-01-25 04:05:28 - NaN Check: False 2
2025-01-25 04:05:28 - LinkNode: 2 <- 15 / 6
2025-01-25 04:05:28 - Resonance: 3.7 | NetInflow: 24.5 | NetOutflow: 16 | NetOverflow: 0 | State: Active
2025-01-25 04:05:28 - NaN Check: False 1
2025-01-25 04:05:28 - NaN Check: False 2
2025-01-25 04:05:28 - LinkNode: 2 <- 15 / 6
2025-01-25 04:05:28 - Resonance: 3.9 | NetInflow: 24.5 | NetOutflow: 16 | NetOverflow: 0 | State: Active
2025-01-25 04:05:28 - NaN Check: False 1
2025-01-25 04:05:28 - NaN Check: False 2
2025-01-25 04:05:28 - LinkNode: 2 <- 15 / 6
2025-01-25 04:05:28 - Resonance: 4 | NetInflow: 24.5 | NetOutflow: 16 | NetOverflow: 0 | State: Active
2025-01-25 04:05:28 - NaN Check: False 1
2025-01-25 04:05:28 - NaN Check: False 2
2025-01-25 04:05:28 - LinkNode: 2 <- 15 / 6
2025-01-25 04:05:28 - Resonance: 4.2 | NetInflow: 24.5 | NetOutflow: 16 | NetOverflow: 0 | State: Active
2025-01-25 04:05:28 - NaN Check: False 1
2025-01-25 04:05:28 - NaN Check: False 2
2025-01-25 04:05:28 - LinkNode: 2 <- 15 / 6
2025-01-25 04:05:28 - Resonance: 4.4 | NetInflow: 24.5 | NetOutflow: 16 | NetOverflow: 0 | State: Active
2025-01-25 04:05:28 - NaN Check: False 1
2025-01-25 04:05:28 - NaN Check: False 2
2025-01-25 04:05:28 - LinkNode: 2 <- 15 / 6
2025-01-25 04:05:28 - Resonance: 4.5 | NetInflow: 24.5 | NetOutflow: 16 | NetOverflow: 0 | State: Active
2025-01-25 04:05:28 - NaN Check: False 1
2025-01-25 04:05:28 - NaN Check: False 2
2025-01-25 04:05:28 - LinkNode: 2 <- 15 / 6
2025-01-25 04:05:28 - Resonance: 4.7 | NetInflow: 24.5 | NetOutflow: 16 | NetOverflow: 0 | State: Active
2025-01-25 04:05:28 - NaN Check: False 1
2025-01-25 04:05:28 - NaN Check: False 2
2025-01-25 04:05:28 - LinkNode: 2 <- 15 / 6
2025-01-25 04:05:28 - Resonance: 4.9 | NetInflow: 24.5 | NetOutflow: 16 | NetOverflow: 0 | State: Active
2025-01-25 04:05:28 - NaN Check: False 1
2025-01-25 04:05:28 - NaN Check: False 2
2025-01-25 04:05:28 - LinkNode: 2 <- 15 / 6
2025-01-25 04:05:28 - Resonance: 5.1 | NetInflow: 24.5 | NetOutflow: 16 | NetOverflow: 0 | State: Active
2025-01-25 04:05:28 - NaN Check: False 1
2025-01-25 04:05:28 - NaN Check: False 2
2025-01-25 04:05:28 - LinkNode: 2 <- 15 / 6
2025-01-25 04:05:28 - Resonance: 5.2 | NetInflow: 24.5 | NetOutflow: 16 | NetOverflow: 0 | State: Active
2025-01-25 04:05:28 - NaN Check: False 1
2025-01-25 04:05:28 - NaN Check: False 2
2025-01-25 04:05:28 - LinkNode: 2 <- 15 / 6
2025-01-25 04:05:28 - Resonance: 5.4 | NetInflow: 24.5 | NetOutflow: 16 | NetOverflow: 0 | State: Active
2025-01-25 04:05:28 - NaN Check: False 1
2025-01-25 04:05:28 - NaN Check: False 2
2025-01-25 04:05:28 - LinkNode: 2 <- 15 / 6
2025-01-25 04:05:28 - Resonance: 5.6 | NetInflow: 24.5 | NetOutflow: 16 | NetOverflow: 0 | State: Active
2025-01-25 04:05:28 - NaN Check: False 1
2025-01-25 04:05:28 - NaN Check: False 2
2025-01-25 04:05:28 - LinkNode: 2 <- 15 / 6
2025-01-25 04:05:28 - Resonance: 5.7 | NetInflow: 24.5 | NetOutflow: 16 | NetOverflow: 0 | State: Active
2025-01-25 04:05:28 - NaN Check: False 1
2025-01-25 04:05:28 - NaN Check: False 2
2025-01-25 04:05:28 - LinkNode: 2 <- 15 / 6
2025-01-25 04:05:28 - Resonance: 5.9 | NetInflow: 24.5 | NetOutflow: 16 | NetOverflow: 0 | State: Active
2025-01-25 04:05:28 - NaN Check: False 1
2025-01-25 04:05:28 - NaN Check: False 2
2025-01-25 04:05:28 - LinkNode: 2 <- 15 / 6
2025-01-25 04:05:28 - Resonance: 6.1 | NetInflow: 24.5 | NetOutflow: 16 | NetOverflow: 0 | State: Active
2025-01-25 04:05:28 - NaN Check: False 1
2025-01-25 04:05:28 - NaN Check: False 2
2025-01-25 04:05:28 - LinkNode: 2 <- 15 / 6
2025-01-25 04:05:28 - Resonance: 6.2 | NetInflow: 24.5 | NetOutflow: 16 | NetOverflow: 0 | State: Active
2025-01-25 04:05:28 - NaN Check: False 1
2025-01-25 04:05:28 - NaN Check: False 2
2025-01-25 04:05:28 - LinkNode: 2 <- 15 / 6
2025-01-25 04:05:28 - Resonance: 6.4 | NetInflow: 24.5 | NetOutflow: 16 | NetOverflow: 0 | State: Active
2025-01-25 04:05:28 - NaN Check: False 1
2025-01-25 04:05:28 - NaN Check: False 2
2025-01-25 04:05:28 - LinkNode: 2 <- 15 / 6
2025-01-25 04:05:28 - Resonance: 6.6 | NetInflow: 24.5 | NetOutflow: 16 | NetOverflow: 0 | State: Active
2025-01-25 04:05:28 - NaN Check: False 1
2025-01-25 04:05:28 - NaN Check: False 2
2025-01-25 04:05:28 - LinkNode: 2 <- 15 / 6
2025-01-25 04:05:28 - Resonance: 6.8 | NetInflow: 24.5 | NetOutflow: 16 | NetOverflow: 0 | State: Active
2025-01-25 04:05:28 - NaN Check: False 1
2025-01-25 04:05:28 - NaN Check: False 2
2025-01-25 04:05:28 - LinkNode: 2 <- 15 / 6
2025-01-25 04:05:28 - Resonance: 6.9 | NetInflow: 24.5 | NetOutflow: 16 | NetOverflow: 0 | State: Active
2025-01-25 04:05:28 - NaN Check: False 1
2025-01-25 04:05:28 - NaN Check: False 2
2025-01-25 04:05:28 - LinkNode: 2 <- 15 / 6
2025-01-25 04:05:28 - Resonance: 7.1 | NetInflow: 24.5 | NetOutflow: 16 | NetOverflow: 0 | State: Active
2025-01-25 04:05:28 - NaN Check: False 1
2025-01-25 04:05:28 - NaN Check: False 2
2025-01-25 04:05:28 - LinkNode: 2 <- 15 / 6
2025-01-25 04:05:28 - Resonance: 7.3 | NetInflow: 24.5 | NetOutflow: 16 | NetOverflow: 0 | State: Active
2025-01-25 04:05:28 - NaN Check: False 1
2025-01-25 04:05:28 - NaN Check: False 2
2025-01-25 04:05:28 - LinkNode: 2 <- 15 / 6
2025-01-25 04:05:28 - Resonance: 7.4 | NetInflow: 24.5 | NetOutflow: 16 | NetOverflow: 0 | State: Active
2025-01-25 04:05:28 - NaN Check: False 1
2025-01-25 04:05:28 - NaN Check: False 2
2025-01-25 04:05:28 - LinkNode: 2 <- 15 / 6
2025-01-25 04:05:28 - Resonance: 7.6 | NetInflow: 24.5 | NetOutflow: 16 | NetOverflow: 0 | State: Active
2025-01-25 04:05:28 - NaN Check: False 1
2025-01-25 04:05:28 - NaN Check: False 2
2025-01-25 04:05:28 - LinkNode: 2 <- 15 / 6
2025-01-25 04:05:28 - Resonance: 7.8 | NetInflow: 24.5 | NetOutflow: 16 | NetOverflow: 0 | State: Active
2025-01-25 04:05:28 - NaN Check: False 1
2025-01-25 04:05:28 - NaN Check: False 2
2025-01-25 04:05:28 - LinkNode: 2 <- 15 / 6
2025-01-25 04:05:28 - Resonance: 7.9 | NetInflow: 24.5 | NetOutflow: 16 | NetOverflow: 0 | State: Active
2025-01-25 04:05:28 - NaN Check: False 1
2025-01-25 04:05:28 - NaN Check: False 2
2025-01-25 04:05:28 - LinkNode: 2 <- 15 / 6
2025-01-25 04:05:28 - Resonance: 8.1 | NetInflow: 24.5 | NetOutflow: 16 | NetOverflow: 0 | State: Active
2025-01-25 04:05:28 - NaN Check: False 1
2025-01-25 04:05:28 - NaN Check: False 2
2025-01-25 04:05:28 - LinkNode: 2 <- 15 / 6
2025-01-25 04:05:28 - Resonance: 8.3 | NetInflow: 24.5 | NetOutflow: 16 | NetOverflow: 0 | State: Active
2025-01-25 04:05:28 - NaN Check: False 1
2025-01-25 04:05:28 - NaN Check: False 2
2025-01-25 04:05:28 - LinkNode: 2 <- 15 / 6
2025-01-25 04:05:28 - Resonance: 8.5 | NetInflow: 24.5 | NetOutflow: 16 | NetOverflow: 0 | State: Active
2025-01-25 04:05:28 - NaN Check: False 1
2025-01-25 04:05:28 - NaN Check: False 2
2025-01-25 04:05:28 - LinkNode: 2 <- 15 / 6
2025-01-25 04:05:28 - Resonance: 8.6 | NetInflow: 24.5 | NetOutflow: 16 | NetOverflow: 0 | State: Active
2025-01-25 04:05:28 - NaN Check: False 1
2025-01-25 04:05:28 - NaN Check: False 2
2025-01-25 04:05:28 - LinkNode: 2 <- 15 / 6
2025-01-25 04:05:28 - Resonance: 8.8 | NetInflow: 24.5 | NetOutflow: 16 | NetOverflow: 0 | State: Active
2025-01-25 04:05:28 - NaN Check: False 1
2025-01-25 04:05:28 - NaN Check: False 2
2025-01-25 04:05:28 - LinkNode: 2 <- 15 / 6
2025-01-25 04:05:28 - Resonance: 9 | NetInflow: 24.5 | NetOutflow: 16 | NetOverflow: 0 | State: Active
2025-01-25 04:05:28 - NaN Check: False 1
2025-01-25 04:05:28 - NaN Check: False 2
2025-01-25 04:05:28 - LinkNode: 2 <- 15 / 6
2025-01-25 04:05:28 - Resonance: 9.1 | NetInflow: 24.5 | NetOutflow: 16 | NetOverflow: 0 | State: Active
2025-01-25 04:05:28 - NaN Check: False 1
2025-01-25 04:05:28 - NaN Check: False 2
2025-01-25 04:05:28 - LinkNode: 2 <- 15 / 6
2025-01-25 04:05:28 - Resonance: 9.3 | NetInflow: 24.5 | NetOutflow: 16 | NetOverflow: 0 | State: Active
2025-01-25 04:05:28 - NaN Check: False 1
2025-01-25 04:05:28 - NaN Check: False 2
2025-01-25 04:05:28 - LinkNode: 2 <- 15 / 6
2025-01-25 04:05:28 - Resonance: 9.5 | NetInflow: 24.5 | NetOutflow: 16 | NetOverflow: 0 | State: Active
2025-01-25 04:05:28 - NaN Check: False 1
2025-01-25 04:05:28 - NaN Check: False 2
2025-01-25 04:05:28 - LinkNode: 2 <- 15 / 6
2025-01-25 04:05:28 - Resonance: 9.6 | NetInflow: 24.5 | NetOutflow: 16 | NetOverflow: 0 | State: Active
2025-01-25 04:05:28 - NaN Check: False 1
2025-01-25 04:05:28 - NaN Check: False 2
2025-01-25 04:05:28 - LinkNode: 2 <- 15 / 6
2025-01-25 04:05:28 - Resonance: 9.8 | NetInflow: 24.5 | NetOutflow: 16 | NetOverflow: 0 | State: Active
2025-01-25 04:05:28 - NaN Check: False 1
2025-01-25 04:05:28 - NaN Check: False 2
2025-01-25 04:05:28 - LinkNode: 2 <- 15 / 6
2025-01-25 04:05:28 - Resonance: 10 | NetInflow: 24.5 | NetOutflow: 16 | NetOverflow: 0 | State: Active
2025-01-25 04:05:28 - NaN Check: False 1
2025-01-25 04:05:28 - NaN Check: False 2
2025-01-25 04:05:28 - LinkNode: 2 <- 15 / 6
2025-01-25 04:05:28 - Resonance: 10.2 | NetInflow: 24.5 | NetOutflow: 16 | NetOverflow: 0 | State: Active
2025-01-25 04:05:28 - NaN Check: False 1
2025-01-25 04:05:28 - NaN Check: False 2
2025-01-25 04:05:28 - LinkNode: 2 <- 15 / 6
2025-01-25 04:05:28 - Resonance: 10.3 | NetInflow: 24.5 | NetOutflow: 16 | NetOverflow: 0 | State: Active
2025-01-25 04:05:28 - NaN Check: False 1
2025-01-25 04:05:28 - NaN Check: False 2
2025-01-25 04:05:28 - LinkNode: 2 <- 15 / 6
2025-01-25 04:05:28 - Resonance: 10.5 | NetInflow: 24.5 | NetOutflow: 16 | NetOverflow: 0 | State: Active
2025-01-25 04:05:28 - NaN Check: False 1
2025-01-25 04:05:28 - NaN Check: False 2
2025-01-25 04:05:28 - LinkNode: 2 <- 15 / 6
2025-01-25 04:05:28 - Resonance: 10.7 | NetInflow: 24.5 | NetOutflow: 16 | NetOverflow: 0 | State: Active
2025-01-25 04:05:28 - NaN Check: False 1
2025-01-25 04:05:28 - NaN Check: False 2
2025-01-25 04:05:28 - LinkNode: 2 <- 15 / 6
2025-01-25 04:05:28 - Resonance: 10.8 | NetInflow: 24.5 | NetOutflow: 16 | NetOverflow: 0 | State: Active
2025-01-25 04:05:28 - NaN Check: False 1
2025-01-25 04:05:28 - NaN Check: False 2
2025-01-25 04:05:28 - LinkNode: 2 <- 15 / 6
2025-01-25 04:05:28 - Resonance: 11 | NetInflow: 24.5 | NetOutflow: 16 | NetOverflow: 0 | State: Active
2025-01-25 04:05:28 - NaN Check: False 1
2025-01-25 04:05:28 - NaN Check: False 2
2025-01-25 04:05:28 - LinkNode: 2 <- 15 / 6
2025-01-25 04:05:28 - Resonance: 11.2 | NetInflow: 24.5 | NetOutflow: 16 | NetOverflow: 0 | State: Active
2025-01-25 04:05:28 - NaN Check: False 1
2025-01-25 04:05:28 - NaN Check: False 2
2025-01-25 04:05:28 - LinkNode: 2 <- 15 / 6
2025-01-25 04:05:28 - Resonance: 11.3 | NetInflow: 24.5 | NetOutflow: 16 | NetOverflow: 0 | State: Active
2025-01-25 04:05:28 - NaN Check: False 1
2025-01-25 04:05:28 - NaN Check: False 2
2025-01-25 04:05:28 - LinkNode: 2 <- 15 / 6
2025-01-25 04:05:28 - Resonance: 11.5 | NetInflow: 24.5 | NetOutflow: 16 | NetOverflow: 0 | State: Active
2025-01-25 04:05:28 - NaN Check: False 1
2025-01-25 04:05:28 - NaN Check: False 2
2025-01-25 04:05:28 - LinkNode: 2 <- 15 / 6
2025-01-25 04:05:28 - Resonance: 11.7 | NetInflow: 24.5 | NetOutflow: 16 | NetOverflow: 0 | State: Active
2025-01-25 04:05:28 - NaN Check: False 1
2025-01-25 04:05:28 - NaN Check: False 2
2025-01-25 04:05:28 - LinkNode: 2 <- 15 / 6
2025-01-25 04:05:28 - Resonance: 11.9 | NetInflow: 24.5 | NetOutflow: 16 | NetOverflow: 0 | State: Active
2025-01-25 04:05:28 - NaN Check: False 1
2025-01-25 04:05:28 - NaN Check: False 2
2025-01-25 04:05:28 - LinkNode: 2 <- 15 / 6
2025-01-25 04:05:28 - Resonance: 12 | NetInflow: 24.5 | NetOutflow: 16 | NetOverflow: 0 | State: Active
2025-01-25 04:05:28 - NaN Check: False 1
2025-01-25 04:05:28 - NaN Check: False 2
2025-01-25 04:05:28 - LinkNode: 2 <- 15 / 6
2025-01-25 04:05:28 - Resonance: 12.2 | NetInflow: 24.5 | NetOutflow: 16 | NetOverflow: 0 | State: Active
2025-01-25 04:05:28 - NaN Check: False 1
2025-01-25 04:05:28 - NaN Check: False 2
2025-01-25 04:05:28 - LinkNode: 2 <- 15 / 6
2025-01-25 04:05:28 - Resonance: 12.4 | NetInflow: 24.5 | NetOutflow: 16 | NetOverflow: 0 | State: Active
2025-01-25 04:05:28 - NaN Check: False 1
2025-01-25 04:05:28 - NaN Check: False 2
2025-01-25 04:05:28 - LinkNode: 2 <- 15 / 6
2025-01-25 04:05:28 - Resonance: 12.5 | NetInflow: 24.5 | NetOutflow: 16 | NetOverflow: 0 | State: Active
2025-01-25 04:05:28 - NaN Check: False 1
2025-01-25 04:05:28 - NaN Check: False 2
2025-01-25 04:05:28 - LinkNode: 2 <- 15 / 6
2025-01-25 04:05:28 - Resonance: 12.7 | NetInflow: 24.5 | NetOutflow: 16 | NetOverflow: 0 | State: Active
2025-01-25 04:05:28 - NaN Check: False 1
2025-01-25 04:05:28 - NaN Check: False 2
2025-01-25 04:05:28 - LinkNode: 2 <- 15 / 6
2025-01-25 04:05:28 - Resonance: 12.9 | NetInflow: 24.5 | NetOutflow: 16 | NetOverflow: 0 | State: Active
2025-01-25 04:05:28 - NaN Check: False 1
2025-01-25 04:05:28 - NaN Check: False 2
2025-01-25 04:05:28 - LinkNode: 2 <- 15 / 6
2025-01-25 04:05:28 - Resonance: 13 | NetInflow: 24.5 | NetOutflow: 16 | NetOverflow: 0 | State: Active
2025-01-25 04:05:28 - NaN Check: False 1
2025-01-25 04:05:28 - NaN Check: False 2
2025-01-25 04:05:28 - LinkNode: 2 <- 15 / 6
2025-01-25 04:05:28 - Resonance: 13.2 | NetInflow: 24.5 | NetOutflow: 16 | NetOverflow: 0 | State: Active
2025-01-25 04:05:28 - NaN Check: False 1
2025-01-25 04:05:29 - NaN Check: False 2
2025-01-25 04:05:29 - LinkNode: 2 <- 15 / 6
2025-01-25 04:05:29 - Resonance: 13.4 | NetInflow: 24.5 | NetOutflow: 16 | NetOverflow: 0 | State: Active
2025-01-25 04:05:29 - NaN Check: False 1
2025-01-25 04:05:29 - NaN Check: False 2
2025-01-25 04:05:29 - LinkNode: 2 <- 15 / 6
2025-01-25 04:05:29 - Resonance: 13.6 | NetInflow: 24.5 | NetOutflow: 16 | NetOverflow: 0 | State: Active
2025-01-25 04:05:29 - NaN Check: False 1
2025-01-25 04:05:29 - NaN Check: False 2
2025-01-25 04:05:29 - LinkNode: 2 <- 15 / 6
2025-01-25 04:05:29 - Resonance: 13.7 | NetInflow: 24.5 | NetOutflow: 16 | NetOverflow: 0 | State: Active
2025-01-25 04:05:29 - NaN Check: False 1
2025-01-25 04:05:29 - NaN Check: False 2
2025-01-25 04:05:29 - LinkNode: 2 <- 15 / 6
2025-01-25 04:05:29 - Resonance: 13.9 | NetInflow: 24.5 | NetOutflow: 16 | NetOverflow: 0 | State: Active
2025-01-25 04:05:29 - NaN Check: False 1
2025-01-25 04:05:29 - NaN Check: False 2
2025-01-25 04:05:29 - LinkNode: 2 <- 15 / 6
2025-01-25 04:05:29 - Resonance: 14.1 | NetInflow: 24.5 | NetOutflow: 16 | NetOverflow: 0 | State: Active
2025-01-25 04:05:29 - NaN Check: False 1
2025-01-25 04:05:29 - NaN Check: False 2
2025-01-25 04:05:29 - LinkNode: 2 <- 15 / 6
2025-01-25 04:05:29 - Resonance: 14.2 | NetInflow: 24.5 | NetOutflow: 16 | NetOverflow: 0 | State: Active
2025-01-25 04:05:29 - NaN Check: False 1
2025-01-25 04:05:29 - NaN Check: False 2
2025-01-25 04:05:29 - LinkNode: 2 <- 15 / 6
2025-01-25 04:05:29 - Resonance: 14.4 | NetInflow: 24.5 | NetOutflow: 16 | NetOverflow: 0 | State: Active
2025-01-25 04:05:29 - NaN Check: False 1
2025-01-25 04:05:29 - NaN Check: False 2
2025-01-25 04:05:29 - LinkNode: 2 <- 15 / 6
2025-01-25 04:05:29 - Resonance: 14.6 | NetInflow: 24.5 | NetOutflow: 16 | NetOverflow: 0 | State: Active
2025-01-25 04:05:29 - NaN Check: False 1
2025-01-25 04:05:29 - NaN Check: False 2
2025-01-25 04:05:29 - LinkNode: 2 <- 15 / 6
2025-01-25 04:05:29 - Resonance: 14.7 | NetInflow: 24.5 | NetOutflow: 16 | NetOverflow: 0 | State: Active
2025-01-25 04:05:29 - NaN Check: False 1
2025-01-25 04:05:29 - NaN Check: False 2
2025-01-25 04:05:29 - LinkNode: 2 <- 15 / 6
2025-01-25 04:05:29 - Resonance: 14.9 | NetInflow: 24.5 | NetOutflow: 16 | NetOverflow: 0 | State: Active
2025-01-25 04:05:29 - NaN Check: False 1
2025-01-25 04:05:29 - NaN Check: False 2
2025-01-25 04:05:29 - LinkNode: 2 <- 15 / 6
2025-01-25 04:05:29 - Resonance: 15.1 | NetInflow: 24.5 | NetOutflow: 16 | NetOverflow: 0 | State: Active
2025-01-25 04:05:29 - NaN Check: False 1
2025-01-25 04:05:29 - NaN Check: False 2
2025-01-25 04:05:29 - LinkNode: 2 <- 15 / 6
2025-01-25 04:05:29 - Resonance: 15.3 | NetInflow: 24.5 | NetOutflow: 16 | NetOverflow: 0 | State: Active
2025-01-25 04:05:29 - NaN Check: False 1
2025-01-25 04:05:29 - NaN Check: False 2
2025-01-25 04:05:29 - LinkNode: 2 <- 15 / 6
2025-01-25 04:05:29 - Resonance: 15.4 | NetInflow: 24.5 | NetOutflow: 16 | NetOverflow: 0 | State: Active
2025-01-25 04:05:29 - NaN Check: False 1
2025-01-25 04:05:29 - NaN Check: False 2
2025-01-25 04:05:29 - LinkNode: 2 <- 15 / 6
2025-01-25 04:05:29 - Resonance: 15.6 | NetInflow: 24.5 | NetOutflow: 16 | NetOverflow: 0 | State: Active
2025-01-25 04:05:29 - NaN Check: False 1
2025-01-25 04:05:29 - NaN Check: False 2
2025-01-25 04:05:29 - LinkNode: 2 <- 15 / 6
2025-01-25 04:05:29 - Resonance: 15.8 | NetInflow: 24.5 | NetOutflow: 16 | NetOverflow: 0 | State: Active
2025-01-25 04:05:29 - NaN Check: False 1
2025-01-25 04:05:29 - NaN Check: False 2
2025-01-25 04:05:29 - LinkNode: 2 <- 15 / 6
2025-01-25 04:05:29 - Resonance: 15.9 | NetInflow: 24.5 | NetOutflow: 16 | NetOverflow: 0 | State: Active
2025-01-25 04:05:29 - NaN Check: False 1
2025-01-25 04:05:29 - NaN Check: False 2
2025-01-25 04:05:29 - LinkNode: 2 <- 15 / 6
2025-01-25 04:05:29 - Resonance: 16 | NetInflow: 24.5 | NetOutflow: 16 | NetOverflow: 5 | State: Overflow
2025-01-25 04:05:29 - NaN Check: False 1
2025-01-25 04:05:29 - NaN Check: False 2
2025-01-25 04:05:29 - LinkNode: 2 <- 15 / 6
2025-01-25 04:05:29 - Resonance: 16 | NetInflow: 24.5 | NetOutflow: 16 | NetOverflow: 8.5 | State: Overflow
2025-01-25 04:05:29 - NaN Check: False 1
2025-01-25 04:05:29 - NaN Check: False 2
2025-01-25 04:05:29 - LinkNode: 2 <- 15 / 6
2025-01-25 04:05:29 - Resonance: 16 | NetInflow: 24.5 | NetOutflow: 16 | NetOverflow: 8.5 | State: Overflow
2025-01-25 04:05:29 - NaN Check: False 1
2025-01-25 04:05:29 - NaN Check: False 2
2025-01-25 04:05:29 - LinkNode: 2 <- 15 / 6
2025-01-25 04:05:29 - Resonance: 16 | NetInflow: 24.5 | NetOutflow: 16 | NetOverflow: 8.5 | State: Overflow
2025-01-25 04:05:29 - NaN Check: False 1
2025-01-25 04:05:29 - NaN Check: False 2
2025-01-25 04:05:29 - LinkNode: 2 <- 15 / 6
2025-01-25 04:05:29 - Resonance: 16 | NetInflow: 24.5 | NetOutflow: 16 | NetOverflow: 8.5 | State: Overflow
2025-01-25 04:05:29 - NaN Check: False 1
2025-01-25 04:05:29 - NaN Check: False 2
2025-01-25 04:05:29 - LinkNode: 2 <- 15 / 6
2025-01-25 04:05:29 - Resonance: 16 | NetInflow: 24.5 | NetOutflow: 16 | NetOverflow: 8.5 | State: Overflow
2025-01-25 04:05:29 - NaN Check: False 1
2025-01-25 04:05:29 - NaN Check: False 2
2025-01-25 04:05:29 - LinkNode: 2 <- 15 / 6
2025-01-25 04:05:29 - Resonance: 16 | NetInflow: 24.5 | NetOutflow: 16 | NetOverflow: 8.5 | State: Overflow
2025-01-25 04:05:29 - NaN Check: False 1
2025-01-25 04:05:29 - NaN Check: False 2
2025-01-25 04:05:29 - LinkNode: 2 <- 15 / 6
2025-01-25 04:05:29 - Resonance: 16 | NetInflow: 24.5 | NetOutflow: 16 | NetOverflow: 8.5 | State: Overflow
2025-01-25 04:05:29 - NaN Check: False 1
2025-01-25 04:05:29 - NaN Check: False 2
2025-01-25 04:05:29 - LinkNode: 2 <- 15 / 6
2025-01-25 04:05:29 - Resonance: 16 | NetInflow: 24.5 | NetOutflow: 16 | NetOverflow: 8.5 | State: Overflow
2025-01-25 04:05:29 - NaN Check: False 1
2025-01-25 04:05:29 - NaN Check: False 2
2025-01-25 04:05:29 - LinkNode: 2 <- 15 / 6
2025-01-25 04:05:29 - Resonance: 16 | NetInflow: 24.5 | NetOutflow: 16 | NetOverflow: 8.5 | State: Overflow
2025-01-25 04:05:29 - NaN Check: False 1
2025-01-25 04:05:29 - NaN Check: False 2
2025-01-25 04:05:29 - LinkNode: 2 <- 15 / 6
2025-01-25 04:05:29 - Resonance: 16 | NetInflow: 24.5 | NetOutflow: 16 | NetOverflow: 8.5 | State: Overflow
2025-01-25 04:05:29 - NaN Check: False 1
2025-01-25 04:05:29 - NaN Check: False 2
2025-01-25 04:05:29 - LinkNode: 2 <- 15 / 6
2025-01-25 04:05:29 - Resonance: 16 | NetInflow: 24.5 | NetOutflow: 16 | NetOverflow: 8.5 | State: Overflow
2025-01-25 04:05:29 - NaN Check: False 1
2025-01-25 04:05:29 - NaN Check: False 2
2025-01-25 04:05:29 - LinkNode: 2 <- 15 / 6
2025-01-25 04:05:29 - Resonance: 16 | NetInflow: 24.5 | NetOutflow: 16 | NetOverflow: 8.5 | State: Overflow
2025-01-25 04:05:29 - NaN Check: False 1
2025-01-25 04:05:29 - NaN Check: False 2
2025-01-25 04:05:29 - LinkNode: 2 <- 15 / 6
2025-01-25 04:05:29 - Resonance: 16 | NetInflow: 24.5 | NetOutflow: 16 | NetOverflow: 8.5 | State: Overflow
2025-01-25 04:05:29 - NaN Check: False 1
2025-01-25 04:05:29 - NaN Check: False 2
2025-01-25 04:05:29 - LinkNode: 2 <- 15 / 6
2025-01-25 04:05:29 - Resonance: 16 | NetInflow: 24.5 | NetOutflow: 16 | NetOverflow: 8.5 | State: Overflow
2025-01-25 04:05:29 - NaN Check: False 1
2025-01-25 04:05:29 - NaN Check: False 2
2025-01-25 04:05:29 - LinkNode: 2 <- 15 / 6
2025-01-25 04:05:29 - Resonance: 16 | NetInflow: 24.5 | NetOutflow: 16 | NetOverflow: 8.5 | State: Overflow
2025-01-25 04:05:29 - NaN Check: False 1
2025-01-25 04:05:29 - NaN Check: False 2
2025-01-25 04:05:29 - LinkNode: 2 <- 15 / 6
2025-01-25 04:05:29 - Resonance: 16 | NetInflow: 24.5 | NetOutflow: 16 | NetOverflow: 8.5 | State: Overflow
2025-01-25 04:05:29 - NaN Check: False 1
2025-01-25 04:05:29 - NaN Check: False 2
2025-01-25 04:05:29 - LinkNode: 2 <- 15 / 6
2025-01-25 04:05:29 - Resonance: 16 | NetInflow: 24.5 | NetOutflow: 16 | NetOverflow: 8.5 | State: Overflow
2025-01-25 04:05:29 - NaN Check: False 1
2025-01-25 04:05:29 - NaN Check: False 2
2025-01-25 04:05:29 - LinkNode: 2 <- 15 / 6
2025-01-25 04:05:29 - Resonance: 16 | NetInflow: 24.5 | NetOutflow: 16 | NetOverflow: 8.5 | State: Overflow
2025-01-25 04:05:29 - NaN Check: False 1
2025-01-25 04:05:29 - NaN Check: False 2
2025-01-25 04:05:29 - LinkNode: 2 <- 15 / 6
2025-01-25 04:05:29 - Resonance: 16 | NetInflow: 24.5 | NetOutflow: 16 | NetOverflow: 8.5 | State: Overflow
2025-01-25 04:05:29 - NaN Check: False 1
2025-01-25 04:05:29 - NaN Check: False 2
2025-01-25 04:05:29 - LinkNode: 2 <- 15 / 6
2025-01-25 04:05:29 - Resonance: 16 | NetInflow: 24.5 | NetOutflow: 16 | NetOverflow: 8.5 | State: Overflow
2025-01-25 04:05:29 - NaN Check: False 1
2025-01-25 04:05:29 - NaN Check: False 2
2025-01-25 04:05:29 - LinkNode: 2 <- 15 / 6
2025-01-25 04:05:29 - Resonance: 16 | NetInflow: 24.5 | NetOutflow: 16 | NetOverflow: 8.5 | State: Overflow
2025-01-25 04:05:29 - NaN Check: False 1
2025-01-25 04:05:29 - NaN Check: False 2
2025-01-25 04:05:29 - LinkNode: 2 <- 15 / 6
2025-01-25 04:05:29 - Resonance: 16 | NetInflow: 24.5 | NetOutflow: 16 | NetOverflow: 8.5 | State: Overflow
2025-01-25 04:05:29 - NaN Check: False 1
2025-01-25 04:05:29 - NaN Check: False 2
2025-01-25 04:05:29 - LinkNode: 2 <- 15 / 6
2025-01-25 04:05:29 - Resonance: 16 | NetInflow: 24.5 | NetOutflow: 16 | NetOverflow: 8.5 | State: Overflow
2025-01-25 04:05:29 - NaN Check: False 1
2025-01-25 04:05:29 - NaN Check: False 2
2025-01-25 04:05:29 - LinkNode: 2 <- 15 / 6
2025-01-25 04:05:29 - Resonance: 16 | NetInflow: 24.5 | NetOutflow: 16 | NetOverflow: 8.5 | State: Overflow
2025-01-25 04:05:29 - NaN Check: False 1
2025-01-25 04:05:29 - NaN Check: False 2
2025-01-25 04:05:29 - LinkNode: 2 <- 15 / 6
2025-01-25 04:05:29 - Resonance: 16 | NetInflow: 24.5 | NetOutflow: 16 | NetOverflow: 8.5 | State: Overflow
2025-01-25 04:05:29 - NaN Check: False 1
2025-01-25 04:05:29 - NaN Check: False 2
2025-01-25 04:05:29 - LinkNode: 2 <- 15 / 6
2025-01-25 04:05:29 - Resonance: 16 | NetInflow: 24.5 | NetOutflow: 16 | NetOverflow: 8.5 | State: Overflow
2025-01-25 04:05:29 - NaN Check: False 1
2025-01-25 04:05:29 - NaN Check: False 2
2025-01-25 04:05:29 - LinkNode: 2 <- 15 / 6
2025-01-25 04:05:29 - Resonance: 16 | NetInflow: 24.5 | NetOutflow: 16 | NetOverflow: 8.5 | State: Overflow
2025-01-25 04:05:29 - NaN Check: False 1
2025-01-25 04:05:29 - NaN Check: False 2
2025-01-25 04:05:29 - LinkNode: 2 <- 15 / 6
2025-01-25 04:05:29 - Resonance: 16 | NetInflow: 24.5 | NetOutflow: 16 | NetOverflow: 8.5 | State: Overflow
2025-01-25 04:05:29 - NaN Check: False 1
2025-01-25 04:05:29 - NaN Check: False 2
2025-01-25 04:05:29 - LinkNode: 2 <- 15 / 6
2025-01-25 04:05:29 - Resonance: 16 | NetInflow: 24.5 | NetOutflow: 16 | NetOverflow: 8.5 | State: Overflow
2025-01-25 04:05:29 - NaN Check: False 1
2025-01-25 04:05:29 - NaN Check: False 2
2025-01-25 04:05:29 - LinkNode: 2 <- 15 / 6
2025-01-25 04:05:29 - Resonance: 16 | NetInflow: 24.5 | NetOutflow: 16 | NetOverflow: 8.5 | State: Overflow
2025-01-25 04:05:29 - NaN Check: False 1
2025-01-25 04:05:29 - NaN Check: False 2
2025-01-25 04:05:29 - LinkNode: 2 <- 15 / 6
2025-01-25 04:05:29 - Resonance: 16 | NetInflow: 24.5 | NetOutflow: 16 | NetOverflow: 8.5 | State: Overflow
2025-01-25 04:05:29 - NaN Check: False 1
2025-01-25 04:05:29 - NaN Check: False 2
2025-01-25 04:05:29 - LinkNode: 2 <- 15 / 6
2025-01-25 04:05:29 - Resonance: 16 | NetInflow: 24.5 | NetOutflow: 16 | NetOverflow: 8.5 | State: Overflow
2025-01-25 04:05:29 - NaN Check: False 1
2025-01-25 04:05:29 - NaN Check: False 2
2025-01-25 04:05:29 - LinkNode: 2 <- 15 / 6
2025-01-25 04:05:29 - Resonance: 16 | NetInflow: 24.5 | NetOutflow: 16 | NetOverflow: 8.5 | State: Overflow
2025-01-25 04:05:29 - NaN Check: False 1
2025-01-25 04:05:29 - NaN Check: False 2
2025-01-25 04:05:29 - LinkNode: 2 <- 15 / 6
2025-01-25 04:05:29 - Resonance: 16 | NetInflow: 24.5 | NetOutflow: 16 | NetOverflow: 8.5 | State: Overflow
2025-01-25 04:05:29 - NaN Check: False 1
2025-01-25 04:05:29 - NaN Check: False 2
2025-01-25 04:05:29 - LinkNode: 2 <- 15 / 6
2025-01-25 04:05:29 - Resonance: 16 | NetInflow: 24.5 | NetOutflow: 16 | NetOverflow: 8.5 | State: Overflow
2025-01-25 04:05:29 - NaN Check: False 1
2025-01-25 04:05:29 - NaN Check: False 2
2025-01-25 04:05:29 - LinkNode: 2 <- 15 / 6
2025-01-25 04:05:29 - Resonance: 16 | NetInflow: 24.5 | NetOutflow: 16 | NetOverflow: 8.5 | State: Overflow
2025-01-25 04:05:29 - NaN Check: False 1
2025-01-25 04:05:29 - NaN Check: False 2
2025-01-25 04:05:29 - LinkNode: 2 <- 15 / 6
2025-01-25 04:05:29 - Resonance: 16 | NetInflow: 24.5 | NetOutflow: 16 | NetOverflow: 8.5 | State: Overflow
2025-01-25 04:05:29 - NaN Check: False 1
2025-01-25 04:05:29 - NaN Check: False 2
2025-01-25 04:05:29 - LinkNode: 2 <- 15 / 6
2025-01-25 04:05:29 - Resonance: 16 | NetInflow: 24.5 | NetOutflow: 16 | NetOverflow: 8.5 | State: Overflow
2025-01-25 04:05:29 - NaN Check: False 1
2025-01-25 04:05:29 - NaN Check: False 2
2025-01-25 04:05:29 - LinkNode: 2 <- 15 / 6
2025-01-25 04:05:29 - Resonance: 16 | NetInflow: 24.5 | NetOutflow: 16 | NetOverflow: 8.5 | State: Overflow
2025-01-25 04:05:29 - NaN Check: False 1
2025-01-25 04:05:29 - NaN Check: False 2
2025-01-25 04:05:29 - LinkNode: 2 <- 15 / 6
2025-01-25 04:05:29 - Resonance: 16 | NetInflow: 24.5 | NetOutflow: 16 | NetOverflow: 8.5 | State: Overflow
2025-01-25 04:05:29 - NaN Check: False 1
2025-01-25 04:05:29 - NaN Check: False 2
2025-01-25 04:05:29 - LinkNode: 2 <- 15 / 6
2025-01-25 04:05:29 - Resonance: 16 | NetInflow: 24.5 | NetOutflow: 16 | NetOverflow: 8.5 | State: Overflow
2025-01-25 04:05:29 - NaN Check: False 1
2025-01-25 04:05:29 - NaN Check: False 2
2025-01-25 04:05:29 - LinkNode: 2 <- 15 / 6
2025-01-25 04:05:29 - Resonance: 16 | NetInflow: 24.5 | NetOutflow: 16 | NetOverflow: 8.5 | State: Overflow
2025-01-25 04:05:29 - NaN Check: False 1
2025-01-25 04:05:29 - NaN Check: False 2
2025-01-25 04:05:29 - LinkNode: 2 <- 15 / 6
2025-01-25 04:05:29 - Resonance: 16 | NetInflow: 24.5 | NetOutflow: 16 | NetOverflow: 8.5 | State: Overflow
2025-01-25 04:05:29 - NaN Check: False 1
2025-01-25 04:05:29 - NaN Check: False 2
2025-01-25 04:05:29 - LinkNode: 2 <- 15 / 6
2025-01-25 04:05:29 - Resonance: 16 | NetInflow: 24.5 | NetOutflow: 16 | NetOverflow: 8.5 | State: Overflow
2025-01-25 04:05:29 - NaN Check: False 1
2025-01-25 04:05:29 - NaN Check: False 2
2025-01-25 04:05:29 - LinkNode: 2 <- 15 / 6
2025-01-25 04:05:29 - Resonance: 16 | NetInflow: 24.5 | NetOutflow: 16 | NetOverflow: 8.5 | State: Overflow
2025-01-25 04:05:29 - NaN Check: False 1
2025-01-25 04:05:29 - NaN Check: False 2
2025-01-25 04:05:29 - LinkNode: 2 <- 15 / 6
2025-01-25 04:05:29 - Resonance: 16 | NetInflow: 24.5 | NetOutflow: 16 | NetOverflow: 8.5 | State: Overflow
2025-01-25 04:05:29 - NaN Check: False 1
2025-01-25 04:05:29 - NaN Check: False 2
2025-01-25 04:05:29 - LinkNode: 2 <- 15 / 6
2025-01-25 04:05:29 - Resonance: 16 | NetInflow: 24.5 | NetOutflow: 16 | NetOverflow: 8.5 | State: Overflow
2025-01-25 04:05:29 - NaN Check: False 1
2025-01-25 04:05:29 - NaN Check: False 2
2025-01-25 04:05:29 - LinkNode: 2 <- 15 / 6
2025-01-25 04:05:29 - Resonance: 16 | NetInflow: 24.5 | NetOutflow: 16 | NetOverflow: 8.5 | State: Overflow
2025-01-25 04:05:29 - NaN Check: False 1
2025-01-25 04:05:29 - NaN Check: False 2
2025-01-25 04:05:29 - LinkNode: 2 <- 15 / 6
2025-01-25 04:05:29 - Resonance: 16 | NetInflow: 24.5 | NetOutflow: 16 | NetOverflow: 8.5 | State: Overflow
2025-01-25 04:05:29 - NaN Check: False 1
2025-01-25 04:05:29 - NaN Check: False 2
2025-01-25 04:05:29 - LinkNode: 2 <- 15 / 6
2025-01-25 04:05:29 - Resonance: 16 | NetInflow: 24.5 | NetOutflow: 16 | NetOverflow: 8.5 | State: Overflow
2025-01-25 04:05:29 - NaN Check: False 1
2025-01-25 04:05:29 - NaN Check: False 2
2025-01-25 04:05:29 - LinkNode: 2 <- 15 / 6
2025-01-25 04:05:29 - Resonance: 16 | NetInflow: 24.5 | NetOutflow: 16 | NetOverflow: 8.5 | State: Overflow
2025-01-25 04:05:29 - NaN Check: False 1
2025-01-25 04:05:29 - NaN Check: False 2
2025-01-25 04:05:29 - LinkNode: 2 <- 15 / 6
2025-01-25 04:05:29 - Resonance: 16 | NetInflow: 24.5 | NetOutflow: 16 | NetOverflow: 8.5 | State: Overflow
2025-01-25 04:05:29 - NaN Check: False 1
2025-01-25 04:05:29 - NaN Check: False 2
2025-01-25 04:05:29 - LinkNode: 2 <- 15 / 6
2025-01-25 04:05:29 - Resonance: 16 | NetInflow: 24.5 | NetOutflow: 16 | NetOverflow: 8.5 | State: Overflow
2025-01-25 04:05:29 - NaN Check: False 1
2025-01-25 04:05:29 - NaN Check: False 2
2025-01-25 04:05:29 - LinkNode: 2 <- 15 / 6
2025-01-25 04:05:29 - Resonance: 16 | NetInflow: 24.5 | NetOutflow: 16 | NetOverflow: 8.5 | State: Overflow
2025-01-25 04:05:29 - NaN Check: False 1
2025-01-25 04:05:29 - NaN Check: False 2
2025-01-25 04:05:29 - LinkNode: 2 <- 15 / 6
2025-01-25 04:05:29 - Resonance: 16 | NetInflow: 24.5 | NetOutflow: 16 | NetOverflow: 8.5 | State: Overflow
2025-01-25 04:05:29 - NaN Check: False 1
2025-01-25 04:05:29 - NaN Check: False 2
2025-01-25 04:05:29 - LinkNode: 2 <- 15 / 6
2025-01-25 04:05:29 - Resonance: 16 | NetInflow: 24.5 | NetOutflow: 16 | NetOverflow: 8.5 | State: Overflow
2025-01-25 04:05:29 - NaN Check: False 1
2025-01-25 04:05:29 - NaN Check: False 2
2025-01-25 04:05:29 - LinkNode: 2 <- 15 / 6
2025-01-25 04:05:29 - Resonance: 16 | NetInflow: 24.5 | NetOutflow: 16 | NetOverflow: 8.5 | State: Overflow
2025-01-25 04:05:29 - NaN Check: False 1
2025-01-25 04:05:29 - NaN Check: False 2
2025-01-25 04:05:29 - LinkNode: 2 <- 15 / 6
2025-01-25 04:05:29 - Resonance: 16 | NetInflow: 24.5 | NetOutflow: 16 | NetOverflow: 8.5 | State: Overflow
2025-01-25 04:05:29 - NaN Check: False 1
2025-01-25 04:05:29 - NaN Check: False 2
2025-01-25 04:05:29 - LinkNode: 2 <- 15 / 6
2025-01-25 04:05:29 - Resonance: 16 | NetInflow: 24.5 | NetOutflow: 16 | NetOverflow: 8.5 | State: Overflow
2025-01-25 04:05:29 - NaN Check: False 1
2025-01-25 04:05:29 - NaN Check: False 2
2025-01-25 04:05:29 - LinkNode: 2 <- 15 / 6
2025-01-25 04:05:29 - Resonance: 16 | NetInflow: 24.5 | NetOutflow: 16 | NetOverflow: 8.5 | State: Overflow
2025-01-25 04:05:29 - NaN Check: False 1
2025-01-25 04:05:29 - NaN Check: False 2
2025-01-25 04:05:29 - LinkNode: 2 <- 15 / 6
2025-01-25 04:05:29 - Resonance: 16 | NetInflow: 24.5 | NetOutflow: 16 | NetOverflow: 8.5 | State: Overflow
2025-01-25 04:05:29 - NaN Check: False 1
2025-01-25 04:05:29 - NaN Check: False 2
2025-01-25 04:05:29 - LinkNode: 2 <- 15 / 6
2025-01-25 04:05:29 - Resonance: 16 | NetInflow: 24.5 | NetOutflow: 16 | NetOverflow: 8.5 | State: Overflow
2025-01-25 04:05:29 - NaN Check: False 1
2025-01-25 04:05:29 - NaN Check: False 2
2025-01-25 04:05:29 - LinkNode: 2 <- 15 / 6
2025-01-25 04:05:29 - Resonance: 16 | NetInflow: 24.5 | NetOutflow: 16 | NetOverflow: 8.5 | State: Overflow
2025-01-25 04:05:29 - NaN Check: False 1
2025-01-25 04:05:29 - NaN Check: False 2
2025-01-25 04:05:29 - LinkNode: 2 <- 15 / 6
2025-01-25 04:05:29 - Resonance: 16 | NetInflow: 24.5 | NetOutflow: 16 | NetOverflow: 8.5 | State: Overflow
2025-01-25 04:05:29 - NaN Check: False 1
2025-01-25 04:05:29 - NaN Check: False 2
2025-01-25 04:05:29 - LinkNode: 2 <- 15 / 6
2025-01-25 04:05:29 - Resonance: 16 | NetInflow: 24.5 | NetOutflow: 16 | NetOverflow: 8.5 | State: Overflow
2025-01-25 04:05:29 - NaN Check: False 1
2025-01-25 04:05:29 - NaN Check: False 2
2025-01-25 04:05:29 - LinkNode: 2 <- 15 / 6
2025-01-25 04:05:29 - Resonance: 16 | NetInflow: 24.5 | NetOutflow: 16 | NetOverflow: 8.5 | State: Overflow
2025-01-25 04:05:29 - NaN Check: False 1
2025-01-25 04:05:29 - NaN Check: False 2
2025-01-25 04:05:29 - LinkNode: 2 <- 15 / 6
2025-01-25 04:05:29 - Resonance: 16 | NetInflow: 24.5 | NetOutflow: 16 | NetOverflow: 8.5 | State: Overflow
2025-01-25 04:05:29 - NaN Check: False 1
2025-01-25 04:05:29 - NaN Check: False 2
2025-01-25 04:05:29 - LinkNode: 2 <- 15 / 6
2025-01-25 04:05:29 - Resonance: 16 | NetInflow: 24.5 | NetOutflow: 16 | NetOverflow: 8.5 | State: Overflow
2025-01-25 04:05:29 - NaN Check: False 1
2025-01-25 04:05:29 - NaN Check: False 2
2025-01-25 04:05:29 - LinkNode: 2 <- 15 / 6
2025-01-25 04:05:29 - Resonance: 16 | NetInflow: 24.5 | NetOutflow: 16 | NetOverflow: 8.5 | State: Overflow
2025-01-25 04:05:29 - NaN Check: False 1
2025-01-25 04:05:29 - NaN Check: False 2
2025-01-25 04:05:29 - LinkNode: 2 <- 15 / 6
2025-01-25 04:05:29 - Resonance: 16 | NetInflow: 24.5 | NetOutflow: 16 | NetOverflow: 8.5 | State: Overflow
2025-01-25 04:05:29 - NaN Check: False 1
2025-01-25 04:05:29 - NaN Check: False 2
2025-01-25 04:05:29 - LinkNode: 2 <- 15 / 6
2025-01-25 04:05:29 - Resonance: 16 | NetInflow: 24.5 | NetOutflow: 16 | NetOverflow: 8.5 | State: Overflow
2025-01-25 04:05:29 - NaN Check: False 1
2025-01-25 04:05:29 - NaN Check: False 2
2025-01-25 04:05:29 - LinkNode: 2 <- 15 / 6
2025-01-25 04:05:29 - Resonance: 16 | NetInflow: 24.5 | NetOutflow: 16 | NetOverflow: 8.5 | State: Overflow
2025-01-25 04:05:29 - NaN Check: False 1
2025-01-25 04:05:29 - NaN Check: False 2
2025-01-25 04:05:29 - LinkNode: 2 <- 15 / 6
2025-01-25 04:05:29 - Resonance: 16 | NetInflow: 24.5 | NetOutflow: 16 | NetOverflow: 8.5 | State: Overflow
2025-01-25 04:05:29 - NaN Check: False 1
2025-01-25 04:05:29 - NaN Check: False 2
2025-01-25 04:05:29 - LinkNode: 2 <- 15 / 6
2025-01-25 04:05:29 - Resonance: 16 | NetInflow: 24.5 | NetOutflow: 16 | NetOverflow: 8.5 | State: Overflow
2025-01-25 04:05:29 - NaN Check: False 1
2025-01-25 04:05:29 - NaN Check: False 2
2025-01-25 04:05:29 - LinkNode: 2 <- 15 / 6
2025-01-25 04:05:29 - Resonance: 16 | NetInflow: 24.5 | NetOutflow: 16 | NetOverflow: 8.5 | State: Overflow
2025-01-25 04:05:29 - NaN Check: False 1
2025-01-25 04:05:29 - NaN Check: False 2
2025-01-25 04:05:29 - LinkNode: 2 <- 15 / 6
2025-01-25 04:05:29 - Resonance: 16 | NetInflow: 24.5 | NetOutflow: 16 | NetOverflow: 8.5 | State: Overflow
2025-01-25 04:05:29 - NaN Check: False 1
2025-01-25 04:05:29 - NaN Check: False 2
2025-01-25 04:05:29 - LinkNode: 2 <- 15 / 6
2025-01-25 04:05:29 - Resonance: 16 | NetInflow: 24.5 | NetOutflow: 16 | NetOverflow: 8.5 | State: Overflow
2025-01-25 04:05:29 - NaN Check: False 1
2025-01-25 04:05:29 - NaN Check: False 2
2025-01-25 04:05:29 - LinkNode: 2 <- 15 / 6
2025-01-25 04:05:29 - Resonance: 16 | NetInflow: 24.5 | NetOutflow: 16 | NetOverflow: 8.5 | State: Overflow
2025-01-25 04:05:29 - NaN Check: False 1
2025-01-25 04:05:29 - NaN Check: False 2
2025-01-25 04:05:29 - LinkNode: 2 <- 15 / 6
2025-01-25 04:05:29 - Resonance: 16 | NetInflow: 24.5 | NetOutflow: 16 | NetOverflow: 8.5 | State: Overflow
2025-01-25 04:05:29 - NaN Check: False 1
2025-01-25 04:05:29 - NaN Check: False 2
2025-01-25 04:05:29 - LinkNode: 2 <- 15 / 6
2025-01-25 04:05:29 - Resonance: 16 | NetInflow: 24.5 | NetOutflow: 16 | NetOverflow: 8.5 | State: Overflow
2025-01-25 04:05:29 - NaN Check: False 1
2025-01-25 04:05:29 - NaN Check: False 2
2025-01-25 04:05:29 - LinkNode: 2 <- 15 / 6
2025-01-25 04:05:29 - Resonance: 16 | NetInflow: 24.5 | NetOutflow: 16 | NetOverflow: 8.5 | State: Overflow
2025-01-25 04:05:29 - NaN Check: False 1
2025-01-25 04:05:29 - NaN Check: False 2
2025-01-25 04:05:29 - LinkNode: 2 <- 15 / 6
2025-01-25 04:05:29 - Resonance: 16 | NetInflow: 24.5 | NetOutflow: 16 | NetOverflow: 8.5 | State: Overflow
2025-01-25 04:05:29 - NaN Check: False 1
2025-01-25 04:05:29 - NaN Check: False 2
2025-01-25 04:05:29 - LinkNode: 2 <- 15 / 6
2025-01-25 04:05:29 - Resonance: 16 | NetInflow: 24.5 | NetOutflow: 16 | NetOverflow: 8.5 | State: Overflow
2025-01-25 04:05:29 - NaN Check: False 1
2025-01-25 04:05:29 - NaN Check: False 2
2025-01-25 04:05:29 - LinkNode: 2 <- 15 / 6
2025-01-25 04:05:29 - Resonance: 16 | NetInflow: 24.5 | NetOutflow: 16 | NetOverflow: 8.5 | State: Overflow
2025-01-25 04:05:29 - NaN Check: False 1
2025-01-25 04:05:29 - NaN Check: False 2
2025-01-25 04:05:29 - LinkNode: 2 <- 15 / 6
2025-01-25 04:05:29 - Resonance: 16 | NetInflow: 24.5 | NetOutflow: 16 | NetOverflow: 8.5 | State: Overflow
2025-01-25 04:05:29 - NaN Check: False 1
2025-01-25 04:05:29 - NaN Check: False 2
2025-01-25 04:05:29 - LinkNode: 2 <- 15 / 6
2025-01-25 04:05:29 - Resonance: 16 | NetInflow: 24.5 | NetOutflow: 16 | NetOverflow: 8.5 | State: Overflow
2025-01-25 04:05:29 - NaN Check: False 1
2025-01-25 04:05:29 - NaN Check: False 2
2025-01-25 04:05:29 - LinkNode: 2 <- 15 / 6
2025-01-25 04:05:29 - Resonance: 16 | NetInflow: 24.5 | NetOutflow: 16 | NetOverflow: 8.5 | State: Overflow
2025-01-25 04:05:29 - NaN Check: False 1
2025-01-25 04:05:29 - NaN Check: False 2
2025-01-25 04:05:29 - LinkNode: 2 <- 15 / 6
2025-01-25 04:05:29 - Resonance: 16 | NetInflow: 24.5 | NetOutflow: 16 | NetOverflow: 8.5 | State: Overflow
2025-01-25 04:05:29 - NaN Check: False 1
2025-01-25 04:05:29 - NaN Check: False 2
2025-01-25 04:05:29 - LinkNode: 2 <- 15 / 6
2025-01-25 04:05:29 - Resonance: 16 | NetInflow: 24.5 | NetOutflow: 16 | NetOverflow: 8.5 | State: Overflow
2025-01-25 04:05:29 - NaN Check: False 1
2025-01-25 04:05:29 - NaN Check: False 2
2025-01-25 04:05:29 - LinkNode: 2 <- 15 / 6
2025-01-25 04:05:29 - Resonance: 16 | NetInflow: 24.5 | NetOutflow: 16 | NetOverflow: 8.5 | State: Overflow
2025-01-25 04:05:29 - NaN Check: False 1
2025-01-25 04:05:29 - NaN Check: False 2
2025-01-25 04:05:29 - LinkNode: 2 <- 15 / 6
2025-01-25 04:05:29 - Resonance: 16 | NetInflow: 24.5 | NetOutflow: 16 | NetOverflow: 8.5 | State: Overflow
2025-01-25 04:05:29 - NaN Check: False 1
2025-01-25 04:05:29 - NaN Check: False 2
2025-01-25 04:05:29 - LinkNode: 2 <- 15 / 6
2025-01-25 04:05:29 - Resonance: 16 | NetInflow: 24.5 | NetOutflow: 16 | NetOverflow: 8.5 | State: Overflow
2025-01-25 04:05:29 - NaN Check: False 1
2025-01-25 04:05:29 - NaN Check: False 2
2025-01-25 04:05:29 - LinkNode: 2 <- 15 / 6
2025-01-25 04:05:29 - Resonance: 16 | NetInflow: 24.5 | NetOutflow: 16 | NetOverflow: 8.5 | State: Overflow
2025-01-25 04:05:29 - NaN Check: False 1
2025-01-25 04:05:29 - NaN Check: False 2
2025-01-25 04:05:29 - LinkNode: 2 <- 15 / 6
2025-01-25 04:05:29 - Resonance: 16 | NetInflow: 24.5 | NetOutflow: 16 | NetOverflow: 8.5 | State: Overflow
2025-01-25 04:05:29 - NaN Check: False 1
2025-01-25 04:05:29 - NaN Check: False 2
2025-01-25 04:05:29 - LinkNode: 2 <- 15 / 6
2025-01-25 04:05:29 - Resonance: 16 | NetInflow: 24.5 | NetOutflow: 16 | NetOverflow: 8.5 | State: Overflow
2025-01-25 04:05:29 - NaN Check: False 1
2025-01-25 04:05:29 - NaN Check: False 2
2025-01-25 04:05:29 - LinkNode: 2 <- 15 / 6
2025-01-25 04:05:29 - Resonance: 16 | NetInflow: 24.5 | NetOutflow: 16 | NetOverflow: 8.5 | State: Overflow
2025-01-25 04:05:29 - NaN Check: False 1
2025-01-25 04:05:29 - NaN Check: False 2
2025-01-25 04:05:29 - LinkNode: 2 <- 15 / 6
2025-01-25 04:05:29 - Resonance: 16 | NetInflow: 24.5 | NetOutflow: 16 | NetOverflow: 8.5 | State: Overflow
2025-01-25 04:05:29 - NaN Check: False 1
2025-01-25 04:05:29 - NaN Check: False 2
2025-01-25 04:05:29 - LinkNode: 2 <- 15 / 6
2025-01-25 04:05:29 - Resonance: 16 | NetInflow: 24.5 | NetOutflow: 16 | NetOverflow: 8.5 | State: Overflow
2025-01-25 04:05:29 - NaN Check: False 1
2025-01-25 04:05:29 - NaN Check: False 2
2025-01-25 04:05:29 - LinkNode: 2 <- 15 / 6
2025-01-25 04:05:29 - Resonance: 16 | NetInflow: 24.5 | NetOutflow: 16 | NetOverflow: 8.5 | State: Overflow
2025-01-25 04:05:29 - NaN Check: False 1
2025-01-25 04:05:29 - NaN Check: False 2
2025-01-25 04:05:29 - LinkNode: 2 <- 15 / 6
2025-01-25 04:05:29 - Resonance: 16 | NetInflow: 24.5 | NetOutflow: 16 | NetOverflow: 8.5 | State: Overflow
2025-01-25 04:05:29 - NaN Check: False 1
2025-01-25 04:05:29 - NaN Check: False 2
2025-01-25 04:05:29 - LinkNode: 2 <- 15 / 6
2025-01-25 04:05:29 - Resonance: 16 | NetInflow: 24.5 | NetOutflow: 16 | NetOverflow: 8.5 | State: Overflow
2025-01-25 04:05:29 - NaN Check: False 1
2025-01-25 04:05:29 - NaN Check: False 2
2025-01-25 04:05:29 - LinkNode: 2 <- 15 / 6
2025-01-25 04:05:29 - Resonance: 16 | NetInflow: 24.5 | NetOutflow: 16 | NetOverflow: 8.5 | State: Overflow
2025-01-25 04:05:29 - NaN Check: False 1
2025-01-25 04:05:29 - NaN Check: False 2
2025-01-25 04:05:29 - LinkNode: 2 <- 15 / 6
2025-01-25 04:05:29 - Resonance: 16 | NetInflow: 24.5 | NetOutflow: 16 | NetOverflow: 8.5 | State: Overflow
2025-01-25 04:05:29 - NaN Check: False 1
2025-01-25 04:05:29 - NaN Check: False 2
2025-01-25 04:05:29 - LinkNode: 2 <- 15 / 6
2025-01-25 04:05:29 - Resonance: 16 | NetInflow: 24.5 | NetOutflow: 16 | NetOverflow: 8.5 | State: Overflow
2025-01-25 04:05:29 - NaN Check: False 1
2025-01-25 04:05:29 - NaN Check: False 2
2025-01-25 04:05:29 - LinkNode: 2 <- 15 / 6
2025-01-25 04:05:29 - Resonance: 16 | NetInflow: 24.5 | NetOutflow: 16 | NetOverflow: 8.5 | State: Overflow
2025-01-25 04:05:29 - NaN Check: False 1
2025-01-25 04:05:29 - NaN Check: False 2
2025-01-25 04:05:29 - LinkNode: 2 <- 15 / 6
2025-01-25 04:05:29 - Resonance: 16 | NetInflow: 24.5 | NetOutflow: 16 | NetOverflow: 8.5 | State: Overflow
2025-01-25 04:05:29 - NaN Check: False 1
2025-01-25 04:05:29 - NaN Check: False 2
2025-01-25 04:05:29 - LinkNode: 2 <- 15 / 6
2025-01-25 04:05:29 - Resonance: 16 | NetInflow: 24.5 | NetOutflow: 16 | NetOverflow: 8.5 | State: Overflow
2025-01-25 04:05:29 - NaN Check: False 1
2025-01-25 04:05:29 - NaN Check: False 2
2025-01-25 04:05:29 - LinkNode: 2 <- 15 / 6
2025-01-25 04:05:29 - Resonance: 16 | NetInflow: 24.5 | NetOutflow: 16 | NetOverflow: 8.5 | State: Overflow
2025-01-25 04:05:29 - NaN Check: False 1
2025-01-25 04:05:29 - NaN Check: False 2
2025-01-25 04:05:29 - LinkNode: 2 <- 15 / 6
2025-01-25 04:05:29 - Resonance: 16 | NetInflow: 24.5 | NetOutflow: 16 | NetOverflow: 8.5 | State: Overflow
2025-01-25 04:05:29 - NaN Check: False 1
2025-01-25 04:05:29 - NaN Check: False 2
2025-01-25 04:05:29 - LinkNode: 2 <- 15 / 6
2025-01-25 04:05:29 - Resonance: 16 | NetInflow: 24.5 | NetOutflow: 16 | NetOverflow: 8.5 | State: Overflow
2025-01-25 04:05:29 - NaN Check: False 1
2025-01-25 04:05:29 - NaN Check: False 2
2025-01-25 04:05:29 - LinkNode: 2 <- 15 / 6
2025-01-25 04:05:29 - Resonance: 16 | NetInflow: 24.5 | NetOutflow: 16 | NetOverflow: 8.5 | State: Overflow
2025-01-25 04:05:29 - NaN Check: False 1
2025-01-25 04:05:29 - NaN Check: False 2
2025-01-25 04:05:29 - LinkNode: 2 <- 15 / 6
2025-01-25 04:05:29 - Resonance: 16 | NetInflow: 24.5 | NetOutflow: 16 | NetOverflow: 8.5 | State: Overflow
2025-01-25 04:05:29 - NaN Check: False 1
2025-01-25 04:05:29 - NaN Check: False 2
2025-01-25 04:05:29 - LinkNode: 2 <- 15 / 6
2025-01-25 04:05:29 - Resonance: 16 | NetInflow: 24.5 | NetOutflow: 16 | NetOverflow: 8.5 | State: Overflow
2025-01-25 04:05:29 - NaN Check: False 1
2025-01-25 04:05:29 - NaN Check: False 2
2025-01-25 04:05:29 - LinkNode: 2 <- 15 / 6
2025-01-25 04:05:29 - Resonance: 16 | NetInflow: 24.5 | NetOutflow: 16 | NetOverflow: 8.5 | State: Overflow
2025-01-25 04:05:29 - NaN Check: False 1
2025-01-25 04:05:29 - NaN Check: False 2
2025-01-25 04:05:29 - LinkNode: 2 <- 15 / 6
2025-01-25 04:05:29 - Resonance: 16 | NetInflow: 24.5 | NetOutflow: 16 | NetOverflow: 8.5 | State: Overflow
