2025-01-25 04:08:04 - Debugger session started.
2025-01-25 04:08:04 - BasilMuguet Test_1 started
2025-01-25 04:08:04 -  - - - Adding pulse number 0 with midi index 115. - - -
2025-01-25 04:08:04 -  - - - Adding pulse number 1 with midi index 113. - - -
2025-01-25 04:08:04 -  - - - Adding pulse number 2 with midi index 112. - - -
2025-01-25 04:08:04 -  - - - Adding pulse number 3 with midi index 62. - - -
2025-01-25 04:08:04 -  - - - Adding pulse number 4 with midi index 71. - - -
2025-01-25 04:08:04 - Pulse Index: 0 | Midi Index: 48 | Intensity: 32 | Note Name: C3
2025-01-25 04:08:04 - Pulse Index: 1 | Midi Index: 62 | Intensity: 19 | Note Name: D4
2025-01-25 04:08:04 - Pulse Index: 2 | Midi Index: 71 | Intensity: 57 | Note Name: B4
2025-01-25 04:08:04 - Pulse Index: 3 | Midi Index: 112 | Intensity: 60 | Note Name: E8
2025-01-25 04:08:04 - Pulse Index: 4 | Midi Index: 113 | Intensity: 63 | Note Name: F8
2025-01-25 04:08:04 - Pulse Index: 5 | Midi Index: 115 | Intensity: 20 | Note Name: G8
2025-01-25 04:08:04 - NaN Check: False 1
2025-01-25 04:08:04 - NaN Check: False 2
2025-01-25 04:08:04 - LinkNode: 2 <- 15 / 6
2025-01-25 04:08:04 - NaN Check: False 1
2025-01-25 04:08:04 - NaN Check: False 2
2025-01-25 04:08:04 - LinkNode: 2 <- 15 / 6
2025-01-25 04:08:04 - 
Logging Idyll Amount:

2025-01-25 04:08:04 - NaN Check: False 1
2025-01-25 04:08:04 - NaN Check: False 2
2025-01-25 04:08:04 - LinkNode: 2 <- 15 / 6
2025-01-25 04:08:04 - Resonance: 2.3 | NetInflow: 28.5 | NetOutflow: 16 | NetOverflow: 0 | State: Active
2025-01-25 04:08:04 - NaN Check: False 1
2025-01-25 04:08:04 - NaN Check: False 2
2025-01-25 04:08:04 - LinkNode: 2 <- 15 / 6
2025-01-25 04:08:04 - Resonance: 2.5 | NetInflow: 28.5 | NetOutflow: 16 | NetOverflow: 0 | State: Active
2025-01-25 04:08:04 - NaN Check: False 1
2025-01-25 04:08:04 - NaN Check: False 2
2025-01-25 04:08:04 - LinkNode: 2 <- 15 / 6
2025-01-25 04:08:04 - Resonance: 2.8 | NetInflow: 28.5 | NetOutflow: 16 | NetOverflow: 0 | State: Active
2025-01-25 04:08:04 - NaN Check: False 1
2025-01-25 04:08:04 - NaN Check: False 2
2025-01-25 04:08:04 - LinkNode: 2 <- 15 / 6
2025-01-25 04:08:04 - Resonance: 3 | NetInflow: 28.5 | NetOutflow: 16 | NetOverflow: 0 | State: Active
2025-01-25 04:08:04 - NaN Check: False 1
2025-01-25 04:08:04 - NaN Check: False 2
2025-01-25 04:08:04 - LinkNode: 2 <- 15 / 6
2025-01-25 04:08:04 - Resonance: 3.3 | NetInflow: 28.5 | NetOutflow: 16 | NetOverflow: 0 | State: Active
2025-01-25 04:08:04 - NaN Check: False 1
2025-01-25 04:08:04 - NaN Check: False 2
2025-01-25 04:08:04 - LinkNode: 2 <- 15 / 6
2025-01-25 04:08:04 - Resonance: 3.5 | NetInflow: 28.5 | NetOutflow: 16 | NetOverflow: 0 | State: Active
2025-01-25 04:08:04 - NaN Check: False 1
2025-01-25 04:08:04 - NaN Check: False 2
2025-01-25 04:08:04 - LinkNode: 2 <- 15 / 6
2025-01-25 04:08:04 - Resonance: 3.8 | NetInflow: 28.5 | NetOutflow: 16 | NetOverflow: 0 | State: Active
2025-01-25 04:08:04 - NaN Check: False 1
2025-01-25 04:08:04 - NaN Check: False 2
2025-01-25 04:08:04 - LinkNode: 2 <- 15 / 6
2025-01-25 04:08:04 - Resonance: 4 | NetInflow: 28.5 | NetOutflow: 16 | NetOverflow: 0 | State: Active
2025-01-25 04:08:04 - NaN Check: False 1
2025-01-25 04:08:04 - NaN Check: False 2
2025-01-25 04:08:04 - LinkNode: 2 <- 15 / 6
2025-01-25 04:08:04 - Resonance: 4.3 | NetInflow: 28.5 | NetOutflow: 16 | NetOverflow: 0 | State: Active
2025-01-25 04:08:04 - NaN Check: False 1
2025-01-25 04:08:04 - NaN Check: False 2
2025-01-25 04:08:04 - LinkNode: 2 <- 15 / 6
2025-01-25 04:08:04 - Resonance: 4.5 | NetInflow: 28.5 | NetOutflow: 16 | NetOverflow: 0 | State: Active
2025-01-25 04:08:04 - NaN Check: False 1
2025-01-25 04:08:04 - NaN Check: False 2
2025-01-25 04:08:04 - LinkNode: 2 <- 15 / 6
2025-01-25 04:08:04 - Resonance: 4.8 | NetInflow: 28.5 | NetOutflow: 16 | NetOverflow: 0 | State: Active
2025-01-25 04:08:04 - NaN Check: False 1
2025-01-25 04:08:04 - NaN Check: False 2
2025-01-25 04:08:04 - LinkNode: 2 <- 15 / 6
2025-01-25 04:08:04 - Resonance: 5 | NetInflow: 28.5 | NetOutflow: 16 | NetOverflow: 0 | State: Active
2025-01-25 04:08:04 - NaN Check: False 1
2025-01-25 04:08:04 - NaN Check: False 2
2025-01-25 04:08:04 - LinkNode: 2 <- 15 / 6
2025-01-25 04:08:04 - Resonance: 5.3 | NetInflow: 28.5 | NetOutflow: 16 | NetOverflow: 0 | State: Active
2025-01-25 04:08:04 - NaN Check: False 1
2025-01-25 04:08:04 - NaN Check: False 2
2025-01-25 04:08:04 - LinkNode: 2 <- 15 / 6
2025-01-25 04:08:04 - Resonance: 5.5 | NetInflow: 28.5 | NetOutflow: 16 | NetOverflow: 0 | State: Active
2025-01-25 04:08:04 - NaN Check: False 1
2025-01-25 04:08:04 - NaN Check: False 2
2025-01-25 04:08:04 - LinkNode: 2 <- 15 / 6
2025-01-25 04:08:04 - Resonance: 5.8 | NetInflow: 28.5 | NetOutflow: 16 | NetOverflow: 0 | State: Active
2025-01-25 04:08:04 - NaN Check: False 1
2025-01-25 04:08:04 - NaN Check: False 2
2025-01-25 04:08:04 - LinkNode: 2 <- 15 / 6
2025-01-25 04:08:04 - Resonance: 6 | NetInflow: 28.5 | NetOutflow: 16 | NetOverflow: 0 | State: Active
2025-01-25 04:08:04 - NaN Check: False 1
2025-01-25 04:08:04 - NaN Check: False 2
2025-01-25 04:08:04 - LinkNode: 2 <- 15 / 6
2025-01-25 04:08:04 - Resonance: 6.3 | NetInflow: 28.5 | NetOutflow: 16 | NetOverflow: 0 | State: Active
2025-01-25 04:08:04 - NaN Check: False 1
2025-01-25 04:08:04 - NaN Check: False 2
2025-01-25 04:08:04 - LinkNode: 2 <- 15 / 6
2025-01-25 04:08:04 - Resonance: 6.5 | NetInflow: 28.5 | NetOutflow: 16 | NetOverflow: 0 | State: Active
2025-01-25 04:08:04 - NaN Check: False 1
2025-01-25 04:08:04 - NaN Check: False 2
2025-01-25 04:08:04 - LinkNode: 2 <- 15 / 6
2025-01-25 04:08:04 - Resonance: 6.8 | NetInflow: 28.5 | NetOutflow: 16 | NetOverflow: 0 | State: Active
2025-01-25 04:08:04 - NaN Check: False 1
2025-01-25 04:08:04 - NaN Check: False 2
2025-01-25 04:08:04 - LinkNode: 2 <- 15 / 6
2025-01-25 04:08:04 - Resonance: 7 | NetInflow: 28.5 | NetOutflow: 16 | NetOverflow: 0 | State: Active
2025-01-25 04:08:04 - NaN Check: False 1
2025-01-25 04:08:04 - NaN Check: False 2
2025-01-25 04:08:04 - LinkNode: 2 <- 15 / 6
2025-01-25 04:08:04 - Resonance: 7.3 | NetInflow: 28.5 | NetOutflow: 16 | NetOverflow: 0 | State: Active
2025-01-25 04:08:04 - NaN Check: False 1
2025-01-25 04:08:04 - NaN Check: False 2
2025-01-25 04:08:04 - LinkNode: 2 <- 15 / 6
2025-01-25 04:08:04 - Resonance: 7.5 | NetInflow: 28.5 | NetOutflow: 16 | NetOverflow: 0 | State: Active
2025-01-25 04:08:04 - NaN Check: False 1
2025-01-25 04:08:04 - NaN Check: False 2
2025-01-25 04:08:04 - LinkNode: 2 <- 15 / 6
2025-01-25 04:08:04 - Resonance: 7.8 | NetInflow: 28.5 | NetOutflow: 16 | NetOverflow: 0 | State: Active
2025-01-25 04:08:04 - NaN Check: False 1
2025-01-25 04:08:04 - NaN Check: False 2
2025-01-25 04:08:04 - LinkNode: 2 <- 15 / 6
2025-01-25 04:08:04 - Resonance: 8.1 | NetInflow: 28.5 | NetOutflow: 16 | NetOverflow: 0 | State: Active
2025-01-25 04:08:04 - NaN Check: False 1
2025-01-25 04:08:04 - NaN Check: False 2
2025-01-25 04:08:04 - LinkNode: 2 <- 15 / 6
2025-01-25 04:08:04 - Resonance: 8.3 | NetInflow: 28.5 | NetOutflow: 16 | NetOverflow: 0 | State: Active
2025-01-25 04:08:04 - NaN Check: False 1
2025-01-25 04:08:04 - NaN Check: False 2
2025-01-25 04:08:04 - LinkNode: 2 <- 15 / 6
2025-01-25 04:08:04 - Resonance: 8.6 | NetInflow: 28.5 | NetOutflow: 16 | NetOverflow: 0 | State: Active
2025-01-25 04:08:04 - NaN Check: False 1
2025-01-25 04:08:04 - NaN Check: False 2
2025-01-25 04:08:04 - LinkNode: 2 <- 15 / 6
2025-01-25 04:08:04 - Resonance: 8.8 | NetInflow: 28.5 | NetOutflow: 16 | NetOverflow: 0 | State: Active
2025-01-25 04:08:04 - NaN Check: False 1
2025-01-25 04:08:04 - NaN Check: False 2
2025-01-25 04:08:04 - LinkNode: 2 <- 15 / 6
2025-01-25 04:08:04 - Resonance: 9.1 | NetInflow: 28.5 | NetOutflow: 16 | NetOverflow: 0 | State: Active
2025-01-25 04:08:04 - NaN Check: False 1
2025-01-25 04:08:04 - NaN Check: False 2
2025-01-25 04:08:04 - LinkNode: 2 <- 15 / 6
2025-01-25 04:08:04 - Resonance: 9.3 | NetInflow: 28.5 | NetOutflow: 16 | NetOverflow: 0 | State: Active
2025-01-25 04:08:04 - NaN Check: False 1
2025-01-25 04:08:04 - NaN Check: False 2
2025-01-25 04:08:04 - LinkNode: 2 <- 15 / 6
2025-01-25 04:08:04 - Resonance: 9.6 | NetInflow: 28.5 | NetOutflow: 16 | NetOverflow: 0 | State: Active
2025-01-25 04:08:04 - NaN Check: False 1
2025-01-25 04:08:04 - NaN Check: False 2
2025-01-25 04:08:04 - LinkNode: 2 <- 15 / 6
2025-01-25 04:08:04 - Resonance: 9.8 | NetInflow: 28.5 | NetOutflow: 16 | NetOverflow: 0 | State: Active
2025-01-25 04:08:04 - NaN Check: False 1
2025-01-25 04:08:04 - NaN Check: False 2
2025-01-25 04:08:04 - LinkNode: 2 <- 15 / 6
2025-01-25 04:08:04 - Resonance: 10.1 | NetInflow: 28.5 | NetOutflow: 16 | NetOverflow: 0 | State: Active
2025-01-25 04:08:04 - NaN Check: False 1
2025-01-25 04:08:04 - NaN Check: False 2
2025-01-25 04:08:04 - LinkNode: 2 <- 15 / 6
2025-01-25 04:08:04 - Resonance: 10.3 | NetInflow: 28.5 | NetOutflow: 16 | NetOverflow: 0 | State: Active
2025-01-25 04:08:04 - NaN Check: False 1
2025-01-25 04:08:04 - NaN Check: False 2
2025-01-25 04:08:04 - LinkNode: 2 <- 15 / 6
2025-01-25 04:08:04 - Resonance: 10.6 | NetInflow: 28.5 | NetOutflow: 16 | NetOverflow: 0 | State: Active
2025-01-25 04:08:04 - NaN Check: False 1
2025-01-25 04:08:04 - NaN Check: False 2
2025-01-25 04:08:04 - LinkNode: 2 <- 15 / 6
2025-01-25 04:08:04 - Resonance: 10.8 | NetInflow: 28.5 | NetOutflow: 16 | NetOverflow: 0 | State: Active
2025-01-25 04:08:04 - NaN Check: False 1
2025-01-25 04:08:04 - NaN Check: False 2
2025-01-25 04:08:04 - LinkNode: 2 <- 15 / 6
2025-01-25 04:08:04 - Resonance: 11.1 | NetInflow: 28.5 | NetOutflow: 16 | NetOverflow: 0 | State: Active
2025-01-25 04:08:04 - NaN Check: False 1
2025-01-25 04:08:04 - NaN Check: False 2
2025-01-25 04:08:04 - LinkNode: 2 <- 15 / 6
2025-01-25 04:08:04 - Resonance: 11.3 | NetInflow: 28.5 | NetOutflow: 16 | NetOverflow: 0 | State: Active
2025-01-25 04:08:04 - NaN Check: False 1
2025-01-25 04:08:04 - NaN Check: False 2
2025-01-25 04:08:04 - LinkNode: 2 <- 15 / 6
2025-01-25 04:08:04 - Resonance: 11.6 | NetInflow: 28.5 | NetOutflow: 16 | NetOverflow: 0 | State: Active
2025-01-25 04:08:04 - NaN Check: False 1
2025-01-25 04:08:04 - NaN Check: False 2
2025-01-25 04:08:04 - LinkNode: 2 <- 15 / 6
2025-01-25 04:08:04 - Resonance: 11.8 | NetInflow: 28.5 | NetOutflow: 16 | NetOverflow: 0 | State: Active
2025-01-25 04:08:04 - NaN Check: False 1
2025-01-25 04:08:04 - NaN Check: False 2
2025-01-25 04:08:04 - LinkNode: 2 <- 15 / 6
2025-01-25 04:08:04 - Resonance: 12.1 | NetInflow: 28.5 | NetOutflow: 16 | NetOverflow: 0 | State: Active
2025-01-25 04:08:04 - NaN Check: False 1
2025-01-25 04:08:04 - NaN Check: False 2
2025-01-25 04:08:04 - LinkNode: 2 <- 15 / 6
2025-01-25 04:08:04 - Resonance: 12.3 | NetInflow: 28.5 | NetOutflow: 16 | NetOverflow: 0 | State: Active
2025-01-25 04:08:04 - NaN Check: False 1
2025-01-25 04:08:04 - NaN Check: False 2
2025-01-25 04:08:04 - LinkNode: 2 <- 15 / 6
2025-01-25 04:08:04 - Resonance: 12.6 | NetInflow: 28.5 | NetOutflow: 16 | NetOverflow: 0 | State: Active
2025-01-25 04:08:04 - NaN Check: False 1
2025-01-25 04:08:04 - NaN Check: False 2
2025-01-25 04:08:04 - LinkNode: 2 <- 15 / 6
2025-01-25 04:08:04 - Resonance: 12.8 | NetInflow: 28.5 | NetOutflow: 16 | NetOverflow: 0 | State: Active
2025-01-25 04:08:04 - NaN Check: False 1
2025-01-25 04:08:04 - NaN Check: False 2
2025-01-25 04:08:04 - LinkNode: 2 <- 15 / 6
2025-01-25 04:08:04 - Resonance: 13.1 | NetInflow: 28.5 | NetOutflow: 16 | NetOverflow: 0 | State: Active
2025-01-25 04:08:04 - NaN Check: False 1
2025-01-25 04:08:04 - NaN Check: False 2
2025-01-25 04:08:04 - LinkNode: 2 <- 15 / 6
2025-01-25 04:08:04 - Resonance: 13.3 | NetInflow: 28.5 | NetOutflow: 16 | NetOverflow: 0 | State: Active
2025-01-25 04:08:04 - NaN Check: False 1
2025-01-25 04:08:04 - NaN Check: False 2
2025-01-25 04:08:04 - LinkNode: 2 <- 15 / 6
2025-01-25 04:08:04 - Resonance: 13.6 | NetInflow: 28.5 | NetOutflow: 16 | NetOverflow: 0 | State: Active
2025-01-25 04:08:04 - NaN Check: False 1
2025-01-25 04:08:04 - NaN Check: False 2
2025-01-25 04:08:04 - LinkNode: 2 <- 15 / 6
2025-01-25 04:08:04 - Resonance: 13.8 | NetInflow: 28.5 | NetOutflow: 16 | NetOverflow: 0 | State: Active
2025-01-25 04:08:04 - NaN Check: False 1
2025-01-25 04:08:04 - NaN Check: False 2
2025-01-25 04:08:04 - LinkNode: 2 <- 15 / 6
2025-01-25 04:08:04 - Resonance: 14.1 | NetInflow: 28.5 | NetOutflow: 16 | NetOverflow: 0 | State: Active
2025-01-25 04:08:04 - NaN Check: False 1
2025-01-25 04:08:04 - NaN Check: False 2
2025-01-25 04:08:04 - LinkNode: 2 <- 15 / 6
2025-01-25 04:08:05 - Resonance: 14.3 | NetInflow: 28.5 | NetOutflow: 16 | NetOverflow: 0 | State: Active
2025-01-25 04:08:05 - NaN Check: False 1
2025-01-25 04:08:05 - NaN Check: False 2
2025-01-25 04:08:05 - LinkNode: 2 <- 15 / 6
2025-01-25 04:08:05 - Resonance: 14.6 | NetInflow: 28.5 | NetOutflow: 16 | NetOverflow: 0 | State: Active
2025-01-25 04:08:05 - NaN Check: False 1
2025-01-25 04:08:05 - NaN Check: False 2
2025-01-25 04:08:05 - LinkNode: 2 <- 15 / 6
2025-01-25 04:08:05 - Resonance: 14.8 | NetInflow: 28.5 | NetOutflow: 16 | NetOverflow: 0 | State: Active
2025-01-25 04:08:05 - NaN Check: False 1
2025-01-25 04:08:05 - NaN Check: False 2
2025-01-25 04:08:05 - LinkNode: 2 <- 15 / 6
2025-01-25 04:08:05 - Resonance: 15.1 | NetInflow: 28.5 | NetOutflow: 16 | NetOverflow: 0 | State: Active
2025-01-25 04:08:05 - NaN Check: False 1
2025-01-25 04:08:05 - NaN Check: False 2
2025-01-25 04:08:05 - LinkNode: 2 <- 15 / 6
2025-01-25 04:08:05 - Resonance: 15.3 | NetInflow: 28.5 | NetOutflow: 16 | NetOverflow: 0 | State: Active
2025-01-25 04:08:05 - NaN Check: False 1
2025-01-25 04:08:05 - NaN Check: False 2
2025-01-25 04:08:05 - LinkNode: 2 <- 15 / 6
2025-01-25 04:08:05 - Resonance: 15.6 | NetInflow: 28.5 | NetOutflow: 16 | NetOverflow: 0 | State: Active
2025-01-25 04:08:05 - NaN Check: False 1
2025-01-25 04:08:05 - NaN Check: False 2
2025-01-25 04:08:05 - LinkNode: 2 <- 15 / 6
2025-01-25 04:08:05 - Resonance: 15.8 | NetInflow: 28.5 | NetOutflow: 16 | NetOverflow: 0 | State: Active
2025-01-25 04:08:05 - NaN Check: False 1
2025-01-25 04:08:05 - NaN Check: False 2
2025-01-25 04:08:05 - LinkNode: 2 <- 15 / 6
2025-01-25 04:08:05 - Resonance: 16 | NetInflow: 28.5 | NetOutflow: 16 | NetOverflow: 2.5 | State: Overflow
2025-01-25 04:08:05 - NaN Check: False 1
2025-01-25 04:08:05 - NaN Check: False 2
2025-01-25 04:08:05 - LinkNode: 2 <- 15 / 6
2025-01-25 04:08:05 - Resonance: 16 | NetInflow: 28.5 | NetOutflow: 16 | NetOverflow: 12.5 | State: Overflow
2025-01-25 04:08:05 - NaN Check: False 1
2025-01-25 04:08:05 - NaN Check: False 2
2025-01-25 04:08:05 - LinkNode: 2 <- 15 / 6
2025-01-25 04:08:05 - Resonance: 16 | NetInflow: 28.5 | NetOutflow: 16 | NetOverflow: 12.5 | State: Overflow
2025-01-25 04:08:05 - NaN Check: False 1
2025-01-25 04:08:05 - NaN Check: False 2
2025-01-25 04:08:05 - LinkNode: 2 <- 15 / 6
2025-01-25 04:08:05 - Resonance: 16 | NetInflow: 28.5 | NetOutflow: 16 | NetOverflow: 12.5 | State: Overflow
2025-01-25 04:08:05 - NaN Check: False 1
2025-01-25 04:08:05 - NaN Check: False 2
2025-01-25 04:08:05 - LinkNode: 2 <- 15 / 6
2025-01-25 04:08:05 - Resonance: 16 | NetInflow: 28.5 | NetOutflow: 16 | NetOverflow: 12.5 | State: Overflow
2025-01-25 04:08:05 - NaN Check: False 1
2025-01-25 04:08:05 - NaN Check: False 2
2025-01-25 04:08:05 - LinkNode: 2 <- 15 / 6
2025-01-25 04:08:05 - Resonance: 16 | NetInflow: 28.5 | NetOutflow: 16 | NetOverflow: 12.5 | State: Overflow
2025-01-25 04:08:05 - NaN Check: False 1
2025-01-25 04:08:05 - NaN Check: False 2
2025-01-25 04:08:05 - LinkNode: 2 <- 15 / 6
2025-01-25 04:08:05 - Resonance: 16 | NetInflow: 28.5 | NetOutflow: 16 | NetOverflow: 12.5 | State: Overflow
2025-01-25 04:08:05 - NaN Check: False 1
2025-01-25 04:08:05 - NaN Check: False 2
2025-01-25 04:08:05 - LinkNode: 2 <- 15 / 6
2025-01-25 04:08:05 - Resonance: 16 | NetInflow: 28.5 | NetOutflow: 16 | NetOverflow: 12.5 | State: Overflow
2025-01-25 04:08:05 - NaN Check: False 1
2025-01-25 04:08:05 - NaN Check: False 2
2025-01-25 04:08:05 - LinkNode: 2 <- 15 / 6
2025-01-25 04:08:05 - Resonance: 16 | NetInflow: 28.5 | NetOutflow: 16 | NetOverflow: 12.5 | State: Overflow
2025-01-25 04:08:05 - NaN Check: False 1
2025-01-25 04:08:05 - NaN Check: False 2
2025-01-25 04:08:05 - LinkNode: 2 <- 15 / 6
2025-01-25 04:08:05 - Resonance: 16 | NetInflow: 28.5 | NetOutflow: 16 | NetOverflow: 12.5 | State: Overflow
2025-01-25 04:08:05 - NaN Check: False 1
2025-01-25 04:08:05 - NaN Check: False 2
2025-01-25 04:08:05 - LinkNode: 2 <- 15 / 6
2025-01-25 04:08:05 - Resonance: 16 | NetInflow: 28.5 | NetOutflow: 16 | NetOverflow: 12.5 | State: Overflow
2025-01-25 04:08:05 - NaN Check: False 1
2025-01-25 04:08:05 - NaN Check: False 2
2025-01-25 04:08:05 - LinkNode: 2 <- 15 / 6
2025-01-25 04:08:05 - Resonance: 16 | NetInflow: 28.5 | NetOutflow: 16 | NetOverflow: 12.5 | State: Overflow
2025-01-25 04:08:05 - NaN Check: False 1
2025-01-25 04:08:05 - NaN Check: False 2
2025-01-25 04:08:05 - LinkNode: 2 <- 15 / 6
2025-01-25 04:08:05 - Resonance: 16 | NetInflow: 28.5 | NetOutflow: 16 | NetOverflow: 12.5 | State: Overflow
2025-01-25 04:08:05 - NaN Check: False 1
2025-01-25 04:08:05 - NaN Check: False 2
2025-01-25 04:08:05 - LinkNode: 2 <- 15 / 6
2025-01-25 04:08:05 - Resonance: 16 | NetInflow: 28.5 | NetOutflow: 16 | NetOverflow: 12.5 | State: Overflow
2025-01-25 04:08:05 - NaN Check: False 1
2025-01-25 04:08:05 - NaN Check: False 2
2025-01-25 04:08:05 - LinkNode: 2 <- 15 / 6
2025-01-25 04:08:05 - Resonance: 16 | NetInflow: 28.5 | NetOutflow: 16 | NetOverflow: 12.5 | State: Overflow
2025-01-25 04:08:05 - NaN Check: False 1
2025-01-25 04:08:05 - NaN Check: False 2
2025-01-25 04:08:05 - LinkNode: 2 <- 15 / 6
2025-01-25 04:08:05 - Resonance: 16 | NetInflow: 28.5 | NetOutflow: 16 | NetOverflow: 12.5 | State: Overflow
2025-01-25 04:08:05 - NaN Check: False 1
2025-01-25 04:08:05 - NaN Check: False 2
2025-01-25 04:08:05 - LinkNode: 2 <- 15 / 6
2025-01-25 04:08:05 - Resonance: 16 | NetInflow: 28.5 | NetOutflow: 16 | NetOverflow: 12.5 | State: Overflow
2025-01-25 04:08:05 - NaN Check: False 1
2025-01-25 04:08:05 - NaN Check: False 2
2025-01-25 04:08:05 - LinkNode: 2 <- 15 / 6
2025-01-25 04:08:05 - Resonance: 16 | NetInflow: 28.5 | NetOutflow: 16 | NetOverflow: 12.5 | State: Overflow
2025-01-25 04:08:05 - NaN Check: False 1
2025-01-25 04:08:05 - NaN Check: False 2
2025-01-25 04:08:05 - LinkNode: 2 <- 15 / 6
2025-01-25 04:08:05 - Resonance: 16 | NetInflow: 28.5 | NetOutflow: 16 | NetOverflow: 12.5 | State: Overflow
2025-01-25 04:08:05 - NaN Check: False 1
2025-01-25 04:08:05 - NaN Check: False 2
2025-01-25 04:08:05 - LinkNode: 2 <- 15 / 6
2025-01-25 04:08:05 - Resonance: 16 | NetInflow: 28.5 | NetOutflow: 16 | NetOverflow: 12.5 | State: Overflow
2025-01-25 04:08:05 - NaN Check: False 1
2025-01-25 04:08:05 - NaN Check: False 2
2025-01-25 04:08:05 - LinkNode: 2 <- 15 / 6
2025-01-25 04:08:05 - Resonance: 16 | NetInflow: 28.5 | NetOutflow: 16 | NetOverflow: 12.5 | State: Overflow
2025-01-25 04:08:05 - NaN Check: False 1
2025-01-25 04:08:05 - NaN Check: False 2
2025-01-25 04:08:05 - LinkNode: 2 <- 15 / 6
2025-01-25 04:08:05 - Resonance: 16 | NetInflow: 28.5 | NetOutflow: 16 | NetOverflow: 12.5 | State: Overflow
2025-01-25 04:08:05 - NaN Check: False 1
2025-01-25 04:08:05 - NaN Check: False 2
2025-01-25 04:08:05 - LinkNode: 2 <- 15 / 6
2025-01-25 04:08:05 - Resonance: 16 | NetInflow: 28.5 | NetOutflow: 16 | NetOverflow: 12.5 | State: Overflow
2025-01-25 04:08:05 - NaN Check: False 1
2025-01-25 04:08:05 - NaN Check: False 2
2025-01-25 04:08:05 - LinkNode: 2 <- 15 / 6
2025-01-25 04:08:05 - Resonance: 16 | NetInflow: 28.5 | NetOutflow: 16 | NetOverflow: 12.5 | State: Overflow
2025-01-25 04:08:05 - NaN Check: False 1
2025-01-25 04:08:05 - NaN Check: False 2
2025-01-25 04:08:05 - LinkNode: 2 <- 15 / 6
2025-01-25 04:08:05 - Resonance: 16 | NetInflow: 28.5 | NetOutflow: 16 | NetOverflow: 12.5 | State: Overflow
2025-01-25 04:08:05 - NaN Check: False 1
2025-01-25 04:08:05 - NaN Check: False 2
2025-01-25 04:08:05 - LinkNode: 2 <- 15 / 6
2025-01-25 04:08:05 - Resonance: 16 | NetInflow: 28.5 | NetOutflow: 16 | NetOverflow: 12.5 | State: Overflow
2025-01-25 04:08:05 - NaN Check: False 1
2025-01-25 04:08:05 - NaN Check: False 2
2025-01-25 04:08:05 - LinkNode: 2 <- 15 / 6
2025-01-25 04:08:05 - Resonance: 16 | NetInflow: 28.5 | NetOutflow: 16 | NetOverflow: 12.5 | State: Overflow
2025-01-25 04:08:05 - NaN Check: False 1
2025-01-25 04:08:05 - NaN Check: False 2
2025-01-25 04:08:05 - LinkNode: 2 <- 15 / 6
2025-01-25 04:08:05 - Resonance: 16 | NetInflow: 28.5 | NetOutflow: 16 | NetOverflow: 12.5 | State: Overflow
2025-01-25 04:08:05 - NaN Check: False 1
2025-01-25 04:08:05 - NaN Check: False 2
2025-01-25 04:08:05 - LinkNode: 2 <- 15 / 6
2025-01-25 04:08:05 - Resonance: 16 | NetInflow: 28.5 | NetOutflow: 16 | NetOverflow: 12.5 | State: Overflow
2025-01-25 04:08:05 - NaN Check: False 1
2025-01-25 04:08:05 - NaN Check: False 2
2025-01-25 04:08:05 - LinkNode: 2 <- 15 / 6
2025-01-25 04:08:05 - Resonance: 16 | NetInflow: 28.5 | NetOutflow: 16 | NetOverflow: 12.5 | State: Overflow
2025-01-25 04:08:05 - NaN Check: False 1
2025-01-25 04:08:05 - NaN Check: False 2
2025-01-25 04:08:05 - LinkNode: 2 <- 15 / 6
2025-01-25 04:08:05 - Resonance: 16 | NetInflow: 28.5 | NetOutflow: 16 | NetOverflow: 12.5 | State: Overflow
2025-01-25 04:08:05 - NaN Check: False 1
2025-01-25 04:08:05 - NaN Check: False 2
2025-01-25 04:08:05 - LinkNode: 2 <- 15 / 6
2025-01-25 04:08:05 - Resonance: 16 | NetInflow: 28.5 | NetOutflow: 16 | NetOverflow: 12.5 | State: Overflow
2025-01-25 04:08:05 - NaN Check: False 1
2025-01-25 04:08:05 - NaN Check: False 2
2025-01-25 04:08:05 - LinkNode: 2 <- 15 / 6
2025-01-25 04:08:05 - Resonance: 16 | NetInflow: 28.5 | NetOutflow: 16 | NetOverflow: 12.5 | State: Overflow
2025-01-25 04:08:05 - NaN Check: False 1
2025-01-25 04:08:05 - NaN Check: False 2
2025-01-25 04:08:05 - LinkNode: 2 <- 15 / 6
2025-01-25 04:08:05 - Resonance: 16 | NetInflow: 28.5 | NetOutflow: 16 | NetOverflow: 12.5 | State: Overflow
2025-01-25 04:08:05 - NaN Check: False 1
2025-01-25 04:08:05 - NaN Check: False 2
2025-01-25 04:08:05 - LinkNode: 2 <- 15 / 6
2025-01-25 04:08:05 - Resonance: 16 | NetInflow: 28.5 | NetOutflow: 16 | NetOverflow: 12.5 | State: Overflow
2025-01-25 04:08:05 - NaN Check: False 1
2025-01-25 04:08:05 - NaN Check: False 2
2025-01-25 04:08:05 - LinkNode: 2 <- 15 / 6
2025-01-25 04:08:05 - Resonance: 16 | NetInflow: 28.5 | NetOutflow: 16 | NetOverflow: 12.5 | State: Overflow
2025-01-25 04:08:05 - NaN Check: False 1
2025-01-25 04:08:05 - NaN Check: False 2
2025-01-25 04:08:05 - LinkNode: 2 <- 15 / 6
2025-01-25 04:08:05 - Resonance: 16 | NetInflow: 28.5 | NetOutflow: 16 | NetOverflow: 12.5 | State: Overflow
2025-01-25 04:08:05 - NaN Check: False 1
2025-01-25 04:08:05 - NaN Check: False 2
2025-01-25 04:08:05 - LinkNode: 2 <- 15 / 6
2025-01-25 04:08:05 - Resonance: 16 | NetInflow: 28.5 | NetOutflow: 16 | NetOverflow: 12.5 | State: Overflow
2025-01-25 04:08:05 - NaN Check: False 1
2025-01-25 04:08:05 - NaN Check: False 2
2025-01-25 04:08:05 - LinkNode: 2 <- 15 / 6
2025-01-25 04:08:05 - Resonance: 16 | NetInflow: 28.5 | NetOutflow: 16 | NetOverflow: 12.5 | State: Overflow
2025-01-25 04:08:05 - NaN Check: False 1
2025-01-25 04:08:05 - NaN Check: False 2
2025-01-25 04:08:05 - LinkNode: 2 <- 15 / 6
2025-01-25 04:08:05 - Resonance: 16 | NetInflow: 28.5 | NetOutflow: 16 | NetOverflow: 12.5 | State: Overflow
2025-01-25 04:08:05 - NaN Check: False 1
2025-01-25 04:08:05 - NaN Check: False 2
2025-01-25 04:08:05 - LinkNode: 2 <- 15 / 6
2025-01-25 04:08:05 - Resonance: 16 | NetInflow: 28.5 | NetOutflow: 16 | NetOverflow: 12.5 | State: Overflow
2025-01-25 04:08:05 - NaN Check: False 1
2025-01-25 04:08:05 - NaN Check: False 2
2025-01-25 04:08:05 - LinkNode: 2 <- 15 / 6
2025-01-25 04:08:05 - Resonance: 16 | NetInflow: 28.5 | NetOutflow: 16 | NetOverflow: 12.5 | State: Overflow
2025-01-25 04:08:05 - NaN Check: False 1
2025-01-25 04:08:05 - NaN Check: False 2
2025-01-25 04:08:05 - LinkNode: 2 <- 15 / 6
2025-01-25 04:08:05 - Resonance: 16 | NetInflow: 28.5 | NetOutflow: 16 | NetOverflow: 12.5 | State: Overflow
2025-01-25 04:08:05 - NaN Check: False 1
2025-01-25 04:08:05 - NaN Check: False 2
2025-01-25 04:08:05 - LinkNode: 2 <- 15 / 6
2025-01-25 04:08:05 - Resonance: 16 | NetInflow: 28.5 | NetOutflow: 16 | NetOverflow: 12.5 | State: Overflow
2025-01-25 04:08:05 - NaN Check: False 1
2025-01-25 04:08:05 - NaN Check: False 2
2025-01-25 04:08:05 - LinkNode: 2 <- 15 / 6
2025-01-25 04:08:05 - Resonance: 16 | NetInflow: 28.5 | NetOutflow: 16 | NetOverflow: 12.5 | State: Overflow
2025-01-25 04:08:05 - NaN Check: False 1
2025-01-25 04:08:05 - NaN Check: False 2
2025-01-25 04:08:05 - LinkNode: 2 <- 15 / 6
2025-01-25 04:08:05 - Resonance: 16 | NetInflow: 28.5 | NetOutflow: 16 | NetOverflow: 12.5 | State: Overflow
2025-01-25 04:08:05 - NaN Check: False 1
2025-01-25 04:08:05 - NaN Check: False 2
2025-01-25 04:08:05 - LinkNode: 2 <- 15 / 6
2025-01-25 04:08:05 - Resonance: 16 | NetInflow: 28.5 | NetOutflow: 16 | NetOverflow: 12.5 | State: Overflow
2025-01-25 04:08:05 - NaN Check: False 1
2025-01-25 04:08:05 - NaN Check: False 2
2025-01-25 04:08:05 - LinkNode: 2 <- 15 / 6
2025-01-25 04:08:05 - Resonance: 16 | NetInflow: 28.5 | NetOutflow: 16 | NetOverflow: 12.5 | State: Overflow
2025-01-25 04:08:05 - NaN Check: False 1
2025-01-25 04:08:05 - NaN Check: False 2
2025-01-25 04:08:05 - LinkNode: 2 <- 15 / 6
2025-01-25 04:08:05 - Resonance: 16 | NetInflow: 28.5 | NetOutflow: 16 | NetOverflow: 12.5 | State: Overflow
2025-01-25 04:08:05 - NaN Check: False 1
2025-01-25 04:08:05 - NaN Check: False 2
2025-01-25 04:08:05 - LinkNode: 2 <- 15 / 6
2025-01-25 04:08:05 - Resonance: 16 | NetInflow: 28.5 | NetOutflow: 16 | NetOverflow: 12.5 | State: Overflow
2025-01-25 04:08:05 - NaN Check: False 1
2025-01-25 04:08:05 - NaN Check: False 2
2025-01-25 04:08:05 - LinkNode: 2 <- 15 / 6
2025-01-25 04:08:05 - Resonance: 16 | NetInflow: 28.5 | NetOutflow: 16 | NetOverflow: 12.5 | State: Overflow
2025-01-25 04:08:05 - NaN Check: False 1
2025-01-25 04:08:05 - NaN Check: False 2
2025-01-25 04:08:05 - LinkNode: 2 <- 15 / 6
2025-01-25 04:08:05 - Resonance: 16 | NetInflow: 28.5 | NetOutflow: 16 | NetOverflow: 12.5 | State: Overflow
2025-01-25 04:08:05 - NaN Check: False 1
2025-01-25 04:08:05 - NaN Check: False 2
2025-01-25 04:08:05 - LinkNode: 2 <- 15 / 6
2025-01-25 04:08:05 - Resonance: 16 | NetInflow: 28.5 | NetOutflow: 16 | NetOverflow: 12.5 | State: Overflow
2025-01-25 04:08:05 - NaN Check: False 1
2025-01-25 04:08:05 - NaN Check: False 2
2025-01-25 04:08:05 - LinkNode: 2 <- 15 / 6
2025-01-25 04:08:05 - Resonance: 16 | NetInflow: 28.5 | NetOutflow: 16 | NetOverflow: 12.5 | State: Overflow
2025-01-25 04:08:05 - NaN Check: False 1
2025-01-25 04:08:05 - NaN Check: False 2
2025-01-25 04:08:05 - LinkNode: 2 <- 15 / 6
2025-01-25 04:08:05 - Resonance: 16 | NetInflow: 28.5 | NetOutflow: 16 | NetOverflow: 12.5 | State: Overflow
2025-01-25 04:08:05 - NaN Check: False 1
2025-01-25 04:08:05 - NaN Check: False 2
2025-01-25 04:08:05 - LinkNode: 2 <- 15 / 6
2025-01-25 04:08:05 - Resonance: 16 | NetInflow: 28.5 | NetOutflow: 16 | NetOverflow: 12.5 | State: Overflow
2025-01-25 04:08:05 - NaN Check: False 1
2025-01-25 04:08:05 - NaN Check: False 2
2025-01-25 04:08:05 - LinkNode: 2 <- 15 / 6
2025-01-25 04:08:05 - Resonance: 16 | NetInflow: 28.5 | NetOutflow: 16 | NetOverflow: 12.5 | State: Overflow
2025-01-25 04:08:05 - NaN Check: False 1
2025-01-25 04:08:05 - NaN Check: False 2
2025-01-25 04:08:05 - LinkNode: 2 <- 15 / 6
2025-01-25 04:08:05 - Resonance: 16 | NetInflow: 28.5 | NetOutflow: 16 | NetOverflow: 12.5 | State: Overflow
2025-01-25 04:08:05 - NaN Check: False 1
2025-01-25 04:08:05 - NaN Check: False 2
2025-01-25 04:08:05 - LinkNode: 2 <- 15 / 6
2025-01-25 04:08:05 - Resonance: 16 | NetInflow: 28.5 | NetOutflow: 16 | NetOverflow: 12.5 | State: Overflow
2025-01-25 04:08:05 - NaN Check: False 1
2025-01-25 04:08:05 - NaN Check: False 2
2025-01-25 04:08:05 - LinkNode: 2 <- 15 / 6
2025-01-25 04:08:05 - Resonance: 16 | NetInflow: 28.5 | NetOutflow: 16 | NetOverflow: 12.5 | State: Overflow
2025-01-25 04:08:05 - NaN Check: False 1
2025-01-25 04:08:05 - NaN Check: False 2
2025-01-25 04:08:05 - LinkNode: 2 <- 15 / 6
2025-01-25 04:08:05 - Resonance: 16 | NetInflow: 28.5 | NetOutflow: 16 | NetOverflow: 12.5 | State: Overflow
2025-01-25 04:08:05 - NaN Check: False 1
2025-01-25 04:08:05 - NaN Check: False 2
2025-01-25 04:08:05 - LinkNode: 2 <- 15 / 6
2025-01-25 04:08:05 - Resonance: 16 | NetInflow: 28.5 | NetOutflow: 16 | NetOverflow: 12.5 | State: Overflow
2025-01-25 04:08:05 - NaN Check: False 1
2025-01-25 04:08:05 - NaN Check: False 2
2025-01-25 04:08:05 - LinkNode: 2 <- 15 / 6
2025-01-25 04:08:05 - Resonance: 16 | NetInflow: 28.5 | NetOutflow: 16 | NetOverflow: 12.5 | State: Overflow
2025-01-25 04:08:05 - NaN Check: False 1
2025-01-25 04:08:05 - NaN Check: False 2
2025-01-25 04:08:05 - LinkNode: 2 <- 15 / 6
2025-01-25 04:08:05 - Resonance: 16 | NetInflow: 28.5 | NetOutflow: 16 | NetOverflow: 12.5 | State: Overflow
2025-01-25 04:08:05 - NaN Check: False 1
2025-01-25 04:08:05 - NaN Check: False 2
2025-01-25 04:08:05 - LinkNode: 2 <- 15 / 6
2025-01-25 04:08:05 - Resonance: 16 | NetInflow: 28.5 | NetOutflow: 16 | NetOverflow: 12.5 | State: Overflow
2025-01-25 04:08:05 - NaN Check: False 1
2025-01-25 04:08:05 - NaN Check: False 2
2025-01-25 04:08:05 - LinkNode: 2 <- 15 / 6
2025-01-25 04:08:05 - Resonance: 16 | NetInflow: 28.5 | NetOutflow: 16 | NetOverflow: 12.5 | State: Overflow
2025-01-25 04:08:05 - NaN Check: False 1
2025-01-25 04:08:05 - NaN Check: False 2
2025-01-25 04:08:05 - LinkNode: 2 <- 15 / 6
2025-01-25 04:08:05 - Resonance: 16 | NetInflow: 28.5 | NetOutflow: 16 | NetOverflow: 12.5 | State: Overflow
2025-01-25 04:08:05 - NaN Check: False 1
2025-01-25 04:08:05 - NaN Check: False 2
2025-01-25 04:08:05 - LinkNode: 2 <- 15 / 6
2025-01-25 04:08:05 - Resonance: 16 | NetInflow: 28.5 | NetOutflow: 16 | NetOverflow: 12.5 | State: Overflow
2025-01-25 04:08:05 - NaN Check: False 1
2025-01-25 04:08:05 - NaN Check: False 2
2025-01-25 04:08:05 - LinkNode: 2 <- 15 / 6
2025-01-25 04:08:05 - Resonance: 16 | NetInflow: 28.5 | NetOutflow: 16 | NetOverflow: 12.5 | State: Overflow
2025-01-25 04:08:05 - NaN Check: False 1
2025-01-25 04:08:05 - NaN Check: False 2
2025-01-25 04:08:05 - LinkNode: 2 <- 15 / 6
2025-01-25 04:08:05 - Resonance: 16 | NetInflow: 28.5 | NetOutflow: 16 | NetOverflow: 12.5 | State: Overflow
2025-01-25 04:08:05 - NaN Check: False 1
2025-01-25 04:08:05 - NaN Check: False 2
2025-01-25 04:08:05 - LinkNode: 2 <- 15 / 6
2025-01-25 04:08:05 - Resonance: 16 | NetInflow: 28.5 | NetOutflow: 16 | NetOverflow: 12.5 | State: Overflow
2025-01-25 04:08:05 - NaN Check: False 1
2025-01-25 04:08:05 - NaN Check: False 2
2025-01-25 04:08:05 - LinkNode: 2 <- 15 / 6
2025-01-25 04:08:05 - Resonance: 16 | NetInflow: 28.5 | NetOutflow: 16 | NetOverflow: 12.5 | State: Overflow
2025-01-25 04:08:05 - NaN Check: False 1
2025-01-25 04:08:05 - NaN Check: False 2
2025-01-25 04:08:05 - LinkNode: 2 <- 15 / 6
2025-01-25 04:08:05 - Resonance: 16 | NetInflow: 28.5 | NetOutflow: 16 | NetOverflow: 12.5 | State: Overflow
2025-01-25 04:08:05 - NaN Check: False 1
2025-01-25 04:08:05 - NaN Check: False 2
2025-01-25 04:08:05 - LinkNode: 2 <- 15 / 6
2025-01-25 04:08:05 - Resonance: 16 | NetInflow: 28.5 | NetOutflow: 16 | NetOverflow: 12.5 | State: Overflow
2025-01-25 04:08:05 - NaN Check: False 1
2025-01-25 04:08:05 - NaN Check: False 2
2025-01-25 04:08:05 - LinkNode: 2 <- 15 / 6
2025-01-25 04:08:05 - Resonance: 16 | NetInflow: 28.5 | NetOutflow: 16 | NetOverflow: 12.5 | State: Overflow
2025-01-25 04:08:05 - NaN Check: False 1
2025-01-25 04:08:05 - NaN Check: False 2
2025-01-25 04:08:05 - LinkNode: 2 <- 15 / 6
2025-01-25 04:08:05 - Resonance: 16 | NetInflow: 28.5 | NetOutflow: 16 | NetOverflow: 12.5 | State: Overflow
2025-01-25 04:08:05 - NaN Check: False 1
2025-01-25 04:08:05 - NaN Check: False 2
2025-01-25 04:08:05 - LinkNode: 2 <- 15 / 6
2025-01-25 04:08:05 - Resonance: 16 | NetInflow: 28.5 | NetOutflow: 16 | NetOverflow: 12.5 | State: Overflow
2025-01-25 04:08:05 - NaN Check: False 1
2025-01-25 04:08:05 - NaN Check: False 2
2025-01-25 04:08:05 - LinkNode: 2 <- 15 / 6
2025-01-25 04:08:05 - Resonance: 16 | NetInflow: 28.5 | NetOutflow: 16 | NetOverflow: 12.5 | State: Overflow
2025-01-25 04:08:05 - NaN Check: False 1
2025-01-25 04:08:05 - NaN Check: False 2
2025-01-25 04:08:05 - LinkNode: 2 <- 15 / 6
2025-01-25 04:08:05 - Resonance: 16 | NetInflow: 28.5 | NetOutflow: 16 | NetOverflow: 12.5 | State: Overflow
2025-01-25 04:08:05 - NaN Check: False 1
2025-01-25 04:08:05 - NaN Check: False 2
2025-01-25 04:08:05 - LinkNode: 2 <- 15 / 6
2025-01-25 04:08:05 - Resonance: 16 | NetInflow: 28.5 | NetOutflow: 16 | NetOverflow: 12.5 | State: Overflow
2025-01-25 04:08:05 - NaN Check: False 1
2025-01-25 04:08:05 - NaN Check: False 2
2025-01-25 04:08:05 - LinkNode: 2 <- 15 / 6
2025-01-25 04:08:05 - Resonance: 16 | NetInflow: 28.5 | NetOutflow: 16 | NetOverflow: 12.5 | State: Overflow
2025-01-25 04:08:05 - NaN Check: False 1
2025-01-25 04:08:05 - NaN Check: False 2
2025-01-25 04:08:05 - LinkNode: 2 <- 15 / 6
2025-01-25 04:08:05 - Resonance: 16 | NetInflow: 28.5 | NetOutflow: 16 | NetOverflow: 12.5 | State: Overflow
2025-01-25 04:08:05 - NaN Check: False 1
2025-01-25 04:08:05 - NaN Check: False 2
2025-01-25 04:08:05 - LinkNode: 2 <- 15 / 6
2025-01-25 04:08:05 - Resonance: 16 | NetInflow: 28.5 | NetOutflow: 16 | NetOverflow: 12.5 | State: Overflow
2025-01-25 04:08:05 - NaN Check: False 1
2025-01-25 04:08:05 - NaN Check: False 2
2025-01-25 04:08:05 - LinkNode: 2 <- 15 / 6
2025-01-25 04:08:05 - Resonance: 16 | NetInflow: 28.5 | NetOutflow: 16 | NetOverflow: 12.5 | State: Overflow
2025-01-25 04:08:05 - NaN Check: False 1
2025-01-25 04:08:05 - NaN Check: False 2
2025-01-25 04:08:05 - LinkNode: 2 <- 15 / 6
2025-01-25 04:08:05 - Resonance: 16 | NetInflow: 28.5 | NetOutflow: 16 | NetOverflow: 12.5 | State: Overflow
2025-01-25 04:08:05 - NaN Check: False 1
2025-01-25 04:08:05 - NaN Check: False 2
2025-01-25 04:08:05 - LinkNode: 2 <- 15 / 6
2025-01-25 04:08:05 - Resonance: 16 | NetInflow: 28.5 | NetOutflow: 16 | NetOverflow: 12.5 | State: Overflow
2025-01-25 04:08:05 - NaN Check: False 1
2025-01-25 04:08:05 - NaN Check: False 2
2025-01-25 04:08:05 - LinkNode: 2 <- 15 / 6
2025-01-25 04:08:05 - Resonance: 16 | NetInflow: 28.5 | NetOutflow: 16 | NetOverflow: 12.5 | State: Overflow
2025-01-25 04:08:05 - NaN Check: False 1
2025-01-25 04:08:05 - NaN Check: False 2
2025-01-25 04:08:05 - LinkNode: 2 <- 15 / 6
2025-01-25 04:08:05 - Resonance: 16 | NetInflow: 28.5 | NetOutflow: 16 | NetOverflow: 12.5 | State: Overflow
2025-01-25 04:08:05 - NaN Check: False 1
2025-01-25 04:08:05 - NaN Check: False 2
2025-01-25 04:08:05 - LinkNode: 2 <- 15 / 6
2025-01-25 04:08:05 - Resonance: 16 | NetInflow: 28.5 | NetOutflow: 16 | NetOverflow: 12.5 | State: Overflow
2025-01-25 04:08:05 - NaN Check: False 1
2025-01-25 04:08:05 - NaN Check: False 2
2025-01-25 04:08:05 - LinkNode: 2 <- 15 / 6
2025-01-25 04:08:05 - Resonance: 16 | NetInflow: 28.5 | NetOutflow: 16 | NetOverflow: 12.5 | State: Overflow
2025-01-25 04:08:05 - NaN Check: False 1
2025-01-25 04:08:05 - NaN Check: False 2
2025-01-25 04:08:05 - LinkNode: 2 <- 15 / 6
2025-01-25 04:08:05 - Resonance: 16 | NetInflow: 28.5 | NetOutflow: 16 | NetOverflow: 12.5 | State: Overflow
2025-01-25 04:08:05 - NaN Check: False 1
2025-01-25 04:08:05 - NaN Check: False 2
2025-01-25 04:08:05 - LinkNode: 2 <- 15 / 6
2025-01-25 04:08:05 - Resonance: 16 | NetInflow: 28.5 | NetOutflow: 16 | NetOverflow: 12.5 | State: Overflow
2025-01-25 04:08:05 - NaN Check: False 1
2025-01-25 04:08:05 - NaN Check: False 2
2025-01-25 04:08:05 - LinkNode: 2 <- 15 / 6
2025-01-25 04:08:05 - Resonance: 16 | NetInflow: 28.5 | NetOutflow: 16 | NetOverflow: 12.5 | State: Overflow
2025-01-25 04:08:05 - NaN Check: False 1
2025-01-25 04:08:05 - NaN Check: False 2
2025-01-25 04:08:05 - LinkNode: 2 <- 15 / 6
2025-01-25 04:08:05 - Resonance: 16 | NetInflow: 28.5 | NetOutflow: 16 | NetOverflow: 12.5 | State: Overflow
2025-01-25 04:08:05 - NaN Check: False 1
2025-01-25 04:08:05 - NaN Check: False 2
2025-01-25 04:08:05 - LinkNode: 2 <- 15 / 6
2025-01-25 04:08:05 - Resonance: 16 | NetInflow: 28.5 | NetOutflow: 16 | NetOverflow: 12.5 | State: Overflow
2025-01-25 04:08:05 - NaN Check: False 1
2025-01-25 04:08:05 - NaN Check: False 2
2025-01-25 04:08:05 - LinkNode: 2 <- 15 / 6
2025-01-25 04:08:05 - Resonance: 16 | NetInflow: 28.5 | NetOutflow: 16 | NetOverflow: 12.5 | State: Overflow
2025-01-25 04:08:05 - NaN Check: False 1
2025-01-25 04:08:05 - NaN Check: False 2
2025-01-25 04:08:05 - LinkNode: 2 <- 15 / 6
2025-01-25 04:08:05 - Resonance: 16 | NetInflow: 28.5 | NetOutflow: 16 | NetOverflow: 12.5 | State: Overflow
2025-01-25 04:08:05 - NaN Check: False 1
2025-01-25 04:08:05 - NaN Check: False 2
2025-01-25 04:08:05 - LinkNode: 2 <- 15 / 6
2025-01-25 04:08:05 - Resonance: 16 | NetInflow: 28.5 | NetOutflow: 16 | NetOverflow: 12.5 | State: Overflow
2025-01-25 04:08:05 - NaN Check: False 1
2025-01-25 04:08:05 - NaN Check: False 2
2025-01-25 04:08:05 - LinkNode: 2 <- 15 / 6
2025-01-25 04:08:05 - Resonance: 16 | NetInflow: 28.5 | NetOutflow: 16 | NetOverflow: 12.5 | State: Overflow
2025-01-25 04:08:05 - NaN Check: False 1
2025-01-25 04:08:05 - NaN Check: False 2
2025-01-25 04:08:05 - LinkNode: 2 <- 15 / 6
2025-01-25 04:08:05 - Resonance: 16 | NetInflow: 28.5 | NetOutflow: 16 | NetOverflow: 12.5 | State: Overflow
2025-01-25 04:08:05 - NaN Check: False 1
2025-01-25 04:08:05 - NaN Check: False 2
2025-01-25 04:08:05 - LinkNode: 2 <- 15 / 6
2025-01-25 04:08:05 - Resonance: 16 | NetInflow: 28.5 | NetOutflow: 16 | NetOverflow: 12.5 | State: Overflow
2025-01-25 04:08:05 - NaN Check: False 1
2025-01-25 04:08:05 - NaN Check: False 2
2025-01-25 04:08:05 - LinkNode: 2 <- 15 / 6
2025-01-25 04:08:05 - Resonance: 16 | NetInflow: 28.5 | NetOutflow: 16 | NetOverflow: 12.5 | State: Overflow
2025-01-25 04:08:05 - NaN Check: False 1
2025-01-25 04:08:05 - NaN Check: False 2
2025-01-25 04:08:05 - LinkNode: 2 <- 15 / 6
2025-01-25 04:08:05 - Resonance: 16 | NetInflow: 28.5 | NetOutflow: 16 | NetOverflow: 12.5 | State: Overflow
2025-01-25 04:08:05 - NaN Check: False 1
2025-01-25 04:08:05 - NaN Check: False 2
2025-01-25 04:08:05 - LinkNode: 2 <- 15 / 6
2025-01-25 04:08:05 - Resonance: 16 | NetInflow: 28.5 | NetOutflow: 16 | NetOverflow: 12.5 | State: Overflow
2025-01-25 04:08:05 - NaN Check: False 1
2025-01-25 04:08:05 - NaN Check: False 2
2025-01-25 04:08:05 - LinkNode: 2 <- 15 / 6
2025-01-25 04:08:05 - Resonance: 16 | NetInflow: 28.5 | NetOutflow: 16 | NetOverflow: 12.5 | State: Overflow
2025-01-25 04:08:05 - NaN Check: False 1
2025-01-25 04:08:05 - NaN Check: False 2
2025-01-25 04:08:05 - LinkNode: 2 <- 15 / 6
2025-01-25 04:08:05 - Resonance: 16 | NetInflow: 28.5 | NetOutflow: 16 | NetOverflow: 12.5 | State: Overflow
2025-01-25 04:08:05 - NaN Check: False 1
2025-01-25 04:08:05 - NaN Check: False 2
2025-01-25 04:08:05 - LinkNode: 2 <- 15 / 6
2025-01-25 04:08:05 - Resonance: 16 | NetInflow: 28.5 | NetOutflow: 16 | NetOverflow: 12.5 | State: Overflow
2025-01-25 04:08:05 - NaN Check: False 1
2025-01-25 04:08:05 - NaN Check: False 2
2025-01-25 04:08:05 - LinkNode: 2 <- 15 / 6
2025-01-25 04:08:05 - Resonance: 16 | NetInflow: 28.5 | NetOutflow: 16 | NetOverflow: 12.5 | State: Overflow
2025-01-25 04:08:05 - NaN Check: False 1
2025-01-25 04:08:05 - NaN Check: False 2
2025-01-25 04:08:05 - LinkNode: 2 <- 15 / 6
2025-01-25 04:08:05 - Resonance: 16 | NetInflow: 28.5 | NetOutflow: 16 | NetOverflow: 12.5 | State: Overflow
2025-01-25 04:08:05 - NaN Check: False 1
2025-01-25 04:08:05 - NaN Check: False 2
2025-01-25 04:08:05 - LinkNode: 2 <- 15 / 6
2025-01-25 04:08:05 - Resonance: 16 | NetInflow: 28.5 | NetOutflow: 16 | NetOverflow: 12.5 | State: Overflow
2025-01-25 04:08:05 - NaN Check: False 1
2025-01-25 04:08:05 - NaN Check: False 2
2025-01-25 04:08:05 - LinkNode: 2 <- 15 / 6
2025-01-25 04:08:05 - Resonance: 16 | NetInflow: 28.5 | NetOutflow: 16 | NetOverflow: 12.5 | State: Overflow
2025-01-25 04:08:05 - NaN Check: False 1
2025-01-25 04:08:05 - NaN Check: False 2
2025-01-25 04:08:05 - LinkNode: 2 <- 15 / 6
2025-01-25 04:08:05 - Resonance: 16 | NetInflow: 28.5 | NetOutflow: 16 | NetOverflow: 12.5 | State: Overflow
2025-01-25 04:08:05 - NaN Check: False 1
2025-01-25 04:08:05 - NaN Check: False 2
2025-01-25 04:08:05 - LinkNode: 2 <- 15 / 6
2025-01-25 04:08:05 - Resonance: 16 | NetInflow: 28.5 | NetOutflow: 16 | NetOverflow: 12.5 | State: Overflow
2025-01-25 04:08:05 - NaN Check: False 1
2025-01-25 04:08:05 - NaN Check: False 2
2025-01-25 04:08:05 - LinkNode: 2 <- 15 / 6
2025-01-25 04:08:05 - Resonance: 16 | NetInflow: 28.5 | NetOutflow: 16 | NetOverflow: 12.5 | State: Overflow
2025-01-25 04:08:05 - NaN Check: False 1
2025-01-25 04:08:05 - NaN Check: False 2
2025-01-25 04:08:05 - LinkNode: 2 <- 15 / 6
2025-01-25 04:08:05 - Resonance: 16 | NetInflow: 28.5 | NetOutflow: 16 | NetOverflow: 12.5 | State: Overflow
2025-01-25 04:08:05 - NaN Check: False 1
2025-01-25 04:08:05 - NaN Check: False 2
2025-01-25 04:08:05 - LinkNode: 2 <- 15 / 6
2025-01-25 04:08:05 - Resonance: 16 | NetInflow: 28.5 | NetOutflow: 16 | NetOverflow: 12.5 | State: Overflow
2025-01-25 04:08:05 - NaN Check: False 1
2025-01-25 04:08:05 - NaN Check: False 2
2025-01-25 04:08:05 - LinkNode: 2 <- 15 / 6
2025-01-25 04:08:05 - Resonance: 16 | NetInflow: 28.5 | NetOutflow: 16 | NetOverflow: 12.5 | State: Overflow
2025-01-25 04:08:05 - NaN Check: False 1
2025-01-25 04:08:05 - NaN Check: False 2
2025-01-25 04:08:05 - LinkNode: 2 <- 15 / 6
2025-01-25 04:08:05 - Resonance: 16 | NetInflow: 28.5 | NetOutflow: 16 | NetOverflow: 12.5 | State: Overflow
2025-01-25 04:08:05 - NaN Check: False 1
2025-01-25 04:08:05 - NaN Check: False 2
2025-01-25 04:08:05 - LinkNode: 2 <- 15 / 6
2025-01-25 04:08:05 - Resonance: 16 | NetInflow: 28.5 | NetOutflow: 16 | NetOverflow: 12.5 | State: Overflow
2025-01-25 04:08:05 - NaN Check: False 1
2025-01-25 04:08:05 - NaN Check: False 2
2025-01-25 04:08:05 - LinkNode: 2 <- 15 / 6
2025-01-25 04:08:05 - Resonance: 16 | NetInflow: 28.5 | NetOutflow: 16 | NetOverflow: 12.5 | State: Overflow
2025-01-25 04:08:05 - NaN Check: False 1
2025-01-25 04:08:05 - NaN Check: False 2
2025-01-25 04:08:05 - LinkNode: 2 <- 15 / 6
2025-01-25 04:08:05 - Resonance: 16 | NetInflow: 28.5 | NetOutflow: 16 | NetOverflow: 12.5 | State: Overflow
2025-01-25 04:08:05 - NaN Check: False 1
2025-01-25 04:08:05 - NaN Check: False 2
2025-01-25 04:08:05 - LinkNode: 2 <- 15 / 6
2025-01-25 04:08:05 - Resonance: 16 | NetInflow: 28.5 | NetOutflow: 16 | NetOverflow: 12.5 | State: Overflow
2025-01-25 04:08:05 - NaN Check: False 1
2025-01-25 04:08:05 - NaN Check: False 2
2025-01-25 04:08:05 - LinkNode: 2 <- 15 / 6
2025-01-25 04:08:05 - Resonance: 16 | NetInflow: 28.5 | NetOutflow: 16 | NetOverflow: 12.5 | State: Overflow
2025-01-25 04:08:05 - NaN Check: False 1
2025-01-25 04:08:05 - NaN Check: False 2
2025-01-25 04:08:05 - LinkNode: 2 <- 15 / 6
2025-01-25 04:08:05 - Resonance: 16 | NetInflow: 28.5 | NetOutflow: 16 | NetOverflow: 12.5 | State: Overflow
2025-01-25 04:08:05 - NaN Check: False 1
2025-01-25 04:08:05 - NaN Check: False 2
2025-01-25 04:08:05 - LinkNode: 2 <- 15 / 6
2025-01-25 04:08:05 - Resonance: 16 | NetInflow: 28.5 | NetOutflow: 16 | NetOverflow: 12.5 | State: Overflow
2025-01-25 04:08:05 - NaN Check: False 1
2025-01-25 04:08:05 - NaN Check: False 2
2025-01-25 04:08:05 - LinkNode: 2 <- 15 / 6
2025-01-25 04:08:05 - Resonance: 16 | NetInflow: 28.5 | NetOutflow: 16 | NetOverflow: 12.5 | State: Overflow
2025-01-25 04:08:05 - NaN Check: False 1
2025-01-25 04:08:05 - NaN Check: False 2
2025-01-25 04:08:05 - LinkNode: 2 <- 15 / 6
2025-01-25 04:08:05 - Resonance: 16 | NetInflow: 28.5 | NetOutflow: 16 | NetOverflow: 12.5 | State: Overflow
2025-01-25 04:08:05 - NaN Check: False 1
2025-01-25 04:08:05 - NaN Check: False 2
2025-01-25 04:08:05 - LinkNode: 2 <- 15 / 6
2025-01-25 04:08:05 - Resonance: 16 | NetInflow: 28.5 | NetOutflow: 16 | NetOverflow: 12.5 | State: Overflow
2025-01-25 04:08:05 - NaN Check: False 1
2025-01-25 04:08:05 - NaN Check: False 2
2025-01-25 04:08:05 - LinkNode: 2 <- 15 / 6
2025-01-25 04:08:05 - Resonance: 16 | NetInflow: 28.5 | NetOutflow: 16 | NetOverflow: 12.5 | State: Overflow
2025-01-25 04:08:05 - NaN Check: False 1
2025-01-25 04:08:05 - NaN Check: False 2
2025-01-25 04:08:05 - LinkNode: 2 <- 15 / 6
2025-01-25 04:08:05 - Resonance: 16 | NetInflow: 28.5 | NetOutflow: 16 | NetOverflow: 12.5 | State: Overflow
2025-01-25 04:08:05 - NaN Check: False 1
2025-01-25 04:08:05 - NaN Check: False 2
2025-01-25 04:08:05 - LinkNode: 2 <- 15 / 6
2025-01-25 04:08:05 - Resonance: 16 | NetInflow: 28.5 | NetOutflow: 16 | NetOverflow: 12.5 | State: Overflow
2025-01-25 04:08:05 - NaN Check: False 1
2025-01-25 04:08:05 - NaN Check: False 2
2025-01-25 04:08:05 - LinkNode: 2 <- 15 / 6
2025-01-25 04:08:05 - Resonance: 16 | NetInflow: 28.5 | NetOutflow: 16 | NetOverflow: 12.5 | State: Overflow
2025-01-25 04:08:05 - NaN Check: False 1
2025-01-25 04:08:05 - NaN Check: False 2
2025-01-25 04:08:05 - LinkNode: 2 <- 15 / 6
2025-01-25 04:08:05 - Resonance: 16 | NetInflow: 28.5 | NetOutflow: 16 | NetOverflow: 12.5 | State: Overflow
2025-01-25 04:08:05 - NaN Check: False 1
2025-01-25 04:08:05 - NaN Check: False 2
2025-01-25 04:08:05 - LinkNode: 2 <- 15 / 6
2025-01-25 04:08:05 - Resonance: 16 | NetInflow: 28.5 | NetOutflow: 16 | NetOverflow: 12.5 | State: Overflow
2025-01-25 04:08:05 - NaN Check: False 1
2025-01-25 04:08:05 - NaN Check: False 2
2025-01-25 04:08:05 - LinkNode: 2 <- 15 / 6
2025-01-25 04:08:05 - Resonance: 16 | NetInflow: 28.5 | NetOutflow: 16 | NetOverflow: 12.5 | State: Overflow
2025-01-25 04:08:05 - NaN Check: False 1
2025-01-25 04:08:05 - NaN Check: False 2
2025-01-25 04:08:05 - LinkNode: 2 <- 15 / 6
2025-01-25 04:08:05 - Resonance: 16 | NetInflow: 28.5 | NetOutflow: 16 | NetOverflow: 12.5 | State: Overflow
2025-01-25 04:08:05 - NaN Check: False 1
2025-01-25 04:08:05 - NaN Check: False 2
2025-01-25 04:08:05 - LinkNode: 2 <- 15 / 6
2025-01-25 04:08:05 - Resonance: 16 | NetInflow: 28.5 | NetOutflow: 16 | NetOverflow: 12.5 | State: Overflow
2025-01-25 04:08:05 - NaN Check: False 1
2025-01-25 04:08:05 - NaN Check: False 2
2025-01-25 04:08:05 - LinkNode: 2 <- 15 / 6
2025-01-25 04:08:05 - Resonance: 16 | NetInflow: 28.5 | NetOutflow: 16 | NetOverflow: 12.5 | State: Overflow
2025-01-25 04:08:05 - NaN Check: False 1
2025-01-25 04:08:05 - NaN Check: False 2
2025-01-25 04:08:05 - LinkNode: 2 <- 15 / 6
2025-01-25 04:08:05 - Resonance: 16 | NetInflow: 28.5 | NetOutflow: 16 | NetOverflow: 12.5 | State: Overflow
2025-01-25 04:08:05 - NaN Check: False 1
2025-01-25 04:08:05 - NaN Check: False 2
2025-01-25 04:08:05 - LinkNode: 2 <- 15 / 6
2025-01-25 04:08:05 - Resonance: 16 | NetInflow: 28.5 | NetOutflow: 16 | NetOverflow: 12.5 | State: Overflow
2025-01-25 04:08:05 - NaN Check: False 1
2025-01-25 04:08:05 - NaN Check: False 2
2025-01-25 04:08:05 - LinkNode: 2 <- 15 / 6
2025-01-25 04:08:05 - Resonance: 16 | NetInflow: 28.5 | NetOutflow: 16 | NetOverflow: 12.5 | State: Overflow
2025-01-25 04:08:05 - NaN Check: False 1
2025-01-25 04:08:05 - NaN Check: False 2
2025-01-25 04:08:05 - LinkNode: 2 <- 15 / 6
2025-01-25 04:08:05 - Resonance: 16 | NetInflow: 28.5 | NetOutflow: 16 | NetOverflow: 12.5 | State: Overflow
2025-01-25 04:08:05 - NaN Check: False 1
2025-01-25 04:08:05 - NaN Check: False 2
2025-01-25 04:08:05 - LinkNode: 2 <- 15 / 6
2025-01-25 04:08:05 - Resonance: 16 | NetInflow: 28.5 | NetOutflow: 16 | NetOverflow: 12.5 | State: Overflow
2025-01-25 04:08:05 - NaN Check: False 1
2025-01-25 04:08:05 - NaN Check: False 2
2025-01-25 04:08:05 - LinkNode: 2 <- 15 / 6
2025-01-25 04:08:05 - Resonance: 16 | NetInflow: 28.5 | NetOutflow: 16 | NetOverflow: 12.5 | State: Overflow
2025-01-25 04:08:05 - NaN Check: False 1
2025-01-25 04:08:05 - NaN Check: False 2
2025-01-25 04:08:05 - LinkNode: 2 <- 15 / 6
2025-01-25 04:08:05 - Resonance: 16 | NetInflow: 28.5 | NetOutflow: 16 | NetOverflow: 12.5 | State: Overflow
