2025-01-25 03:33:52 - Debugger session started.
2025-01-25 03:33:52 - BasilMuguet Test_1 started
2025-01-25 03:33:52 -  - - - Adding pulse number 0 with midi index 126. - - -
2025-01-25 03:33:52 -  - - - Adding pulse number 1 with midi index 126. - - -
2025-01-25 03:33:52 -  - - - Adding pulse number 2 with midi index 95. - - -
2025-01-25 03:33:52 -  - - - Adding pulse number 3 with midi index 99. - - -
2025-01-25 03:33:52 -  - - - Adding pulse number 4 with midi index 67. - - -
2025-01-25 03:33:52 - Pulse Index: 0 | Midi Index: 48 | Intensity: 32 | Note Name: C3
2025-01-25 03:33:52 - Pulse Index: 1 | Midi Index: 67 | Intensity: 21 | Note Name: G4
2025-01-25 03:33:52 - Pulse Index: 2 | Midi Index: 95 | Intensity: 20 | Note Name: B6
2025-01-25 03:33:52 - Pulse Index: 3 | Midi Index: 99 | Intensity: 34 | Note Name: D#/Eb7
2025-01-25 03:33:52 - Pulse Index: 4 | Midi Index: 126 | Intensity: 42 | Note Name: F#/Gb9
2025-01-25 03:33:52 - Pulse Index: 5 | Midi Index: 126 | Intensity: 58 | Note Name: F#/Gb9
2025-01-25 03:33:52 - NaN Check: 1 False
2025-01-25 03:33:52 - NaN Check: 2 False
2025-01-25 03:33:52 - NaN Check: 1 False
2025-01-25 03:33:52 - NaN Check: 2 False
2025-01-25 03:33:52 - 
Logging Idyll Amount:

2025-01-25 03:33:52 - NaN Check: 1 False
2025-01-25 03:33:52 - NaN Check: 2 False
2025-01-25 03:33:52 - Resonance: 0.7 | NetInflow: 15 | NetOutflow: 15 | NetOverflow: 0 | State: Active
2025-01-25 03:33:52 - NaN Check: 1 False
2025-01-25 03:33:52 - NaN Check: 2 False
2025-01-25 03:33:52 - Resonance: 0.7 | NetInflow: 15 | NetOutflow: 15 | NetOverflow: 0 | State: Active
2025-01-25 03:33:52 - NaN Check: 1 False
2025-01-25 03:33:52 - NaN Check: 2 False
2025-01-25 03:33:52 - Resonance: 0.7 | NetInflow: 15 | NetOutflow: 15 | NetOverflow: 0 | State: Active
2025-01-25 03:33:52 - NaN Check: 1 False
2025-01-25 03:33:52 - NaN Check: 2 False
2025-01-25 03:33:52 - Resonance: 0.7 | NetInflow: 15 | NetOutflow: 15 | NetOverflow: 0 | State: Active
2025-01-25 03:33:52 - NaN Check: 1 False
2025-01-25 03:33:52 - NaN Check: 2 False
2025-01-25 03:33:52 - Resonance: 0.7 | NetInflow: 15 | NetOutflow: 15 | NetOverflow: 0 | State: Active
2025-01-25 03:33:52 - NaN Check: 1 False
2025-01-25 03:33:52 - NaN Check: 2 False
2025-01-25 03:33:52 - Resonance: 0.7 | NetInflow: 15 | NetOutflow: 15 | NetOverflow: 0 | State: Active
2025-01-25 03:33:52 - NaN Check: 1 False
2025-01-25 03:33:52 - NaN Check: 2 False
2025-01-25 03:33:52 - Resonance: 0.7 | NetInflow: 15 | NetOutflow: 15 | NetOverflow: 0 | State: Active
2025-01-25 03:33:52 - NaN Check: 1 False
2025-01-25 03:33:52 - NaN Check: 2 False
2025-01-25 03:33:52 - Resonance: 0.7 | NetInflow: 15 | NetOutflow: 15 | NetOverflow: 0 | State: Active
2025-01-25 03:33:52 - NaN Check: 1 False
2025-01-25 03:33:52 - NaN Check: 2 False
2025-01-25 03:33:52 - Resonance: 0.7 | NetInflow: 15 | NetOutflow: 15 | NetOverflow: 0 | State: Active
2025-01-25 03:33:52 - NaN Check: 1 False
2025-01-25 03:33:52 - NaN Check: 2 False
2025-01-25 03:33:52 - Resonance: 0.7 | NetInflow: 15 | NetOutflow: 15 | NetOverflow: 0 | State: Active
2025-01-25 03:33:52 - NaN Check: 1 False
2025-01-25 03:33:52 - NaN Check: 2 False
2025-01-25 03:33:52 - Resonance: 0.7 | NetInflow: 15 | NetOutflow: 15 | NetOverflow: 0 | State: Active
2025-01-25 03:33:52 - NaN Check: 1 False
2025-01-25 03:33:52 - NaN Check: 2 False
2025-01-25 03:33:52 - Resonance: 0.7 | NetInflow: 15 | NetOutflow: 15 | NetOverflow: 0 | State: Active
2025-01-25 03:33:52 - NaN Check: 1 False
2025-01-25 03:33:52 - NaN Check: 2 False
2025-01-25 03:33:52 - Resonance: 0.7 | NetInflow: 15 | NetOutflow: 15 | NetOverflow: 0 | State: Active
2025-01-25 03:33:52 - NaN Check: 1 False
2025-01-25 03:33:52 - NaN Check: 2 False
2025-01-25 03:33:52 - Resonance: 0.7 | NetInflow: 15 | NetOutflow: 15 | NetOverflow: 0 | State: Active
2025-01-25 03:33:52 - NaN Check: 1 False
2025-01-25 03:33:52 - NaN Check: 2 False
2025-01-25 03:33:52 - Resonance: 0.7 | NetInflow: 15 | NetOutflow: 15 | NetOverflow: 0 | State: Active
2025-01-25 03:33:52 - NaN Check: 1 False
2025-01-25 03:33:52 - NaN Check: 2 False
2025-01-25 03:33:52 - Resonance: 0.7 | NetInflow: 15 | NetOutflow: 15 | NetOverflow: 0 | State: Active
2025-01-25 03:33:52 - NaN Check: 1 False
2025-01-25 03:33:52 - NaN Check: 2 False
2025-01-25 03:33:52 - Resonance: 0.7 | NetInflow: 15 | NetOutflow: 15 | NetOverflow: 0 | State: Active
2025-01-25 03:33:52 - NaN Check: 1 False
2025-01-25 03:33:52 - NaN Check: 2 False
2025-01-25 03:33:52 - Resonance: 0.7 | NetInflow: 15 | NetOutflow: 15 | NetOverflow: 0 | State: Active
2025-01-25 03:33:52 - NaN Check: 1 False
2025-01-25 03:33:52 - NaN Check: 2 False
2025-01-25 03:33:52 - Resonance: 0.7 | NetInflow: 15 | NetOutflow: 15 | NetOverflow: 0 | State: Active
2025-01-25 03:33:52 - NaN Check: 1 False
2025-01-25 03:33:52 - NaN Check: 2 False
2025-01-25 03:33:52 - Resonance: 0.7 | NetInflow: 15 | NetOutflow: 15 | NetOverflow: 0 | State: Active
2025-01-25 03:33:52 - NaN Check: 1 False
2025-01-25 03:33:52 - NaN Check: 2 False
2025-01-25 03:33:52 - Resonance: 0.7 | NetInflow: 15 | NetOutflow: 15 | NetOverflow: 0 | State: Active
2025-01-25 03:33:52 - NaN Check: 1 False
2025-01-25 03:33:52 - NaN Check: 2 False
2025-01-25 03:33:52 - Resonance: 0.7 | NetInflow: 15 | NetOutflow: 15 | NetOverflow: 0 | State: Active
2025-01-25 03:33:52 - NaN Check: 1 False
2025-01-25 03:33:52 - NaN Check: 2 False
2025-01-25 03:33:52 - Resonance: 0.7 | NetInflow: 15 | NetOutflow: 15 | NetOverflow: 0 | State: Active
2025-01-25 03:33:52 - NaN Check: 1 False
2025-01-25 03:33:52 - NaN Check: 2 False
2025-01-25 03:33:52 - Resonance: 0.7 | NetInflow: 15 | NetOutflow: 15 | NetOverflow: 0 | State: Active
2025-01-25 03:33:52 - NaN Check: 1 False
2025-01-25 03:33:52 - NaN Check: 2 False
2025-01-25 03:33:52 - Resonance: 0.7 | NetInflow: 15 | NetOutflow: 15 | NetOverflow: 0 | State: Active
2025-01-25 03:33:52 - NaN Check: 1 False
2025-01-25 03:33:52 - NaN Check: 2 False
2025-01-25 03:33:52 - Resonance: 0.7 | NetInflow: 15 | NetOutflow: 15 | NetOverflow: 0 | State: Active
2025-01-25 03:33:52 - NaN Check: 1 False
2025-01-25 03:33:52 - NaN Check: 2 False
2025-01-25 03:33:52 - Resonance: 0.7 | NetInflow: 15 | NetOutflow: 15 | NetOverflow: 0 | State: Active
2025-01-25 03:33:52 - NaN Check: 1 False
2025-01-25 03:33:52 - NaN Check: 2 False
2025-01-25 03:33:52 - Resonance: 0.7 | NetInflow: 15 | NetOutflow: 15 | NetOverflow: 0 | State: Active
2025-01-25 03:33:52 - NaN Check: 1 False
2025-01-25 03:33:52 - NaN Check: 2 False
2025-01-25 03:33:52 - Resonance: 0.7 | NetInflow: 15 | NetOutflow: 15 | NetOverflow: 0 | State: Active
2025-01-25 03:33:52 - NaN Check: 1 False
2025-01-25 03:33:52 - NaN Check: 2 False
2025-01-25 03:33:52 - Resonance: 0.7 | NetInflow: 15 | NetOutflow: 15 | NetOverflow: 0 | State: Active
2025-01-25 03:33:52 - NaN Check: 1 False
2025-01-25 03:33:52 - NaN Check: 2 False
2025-01-25 03:33:52 - Resonance: 0.7 | NetInflow: 15 | NetOutflow: 15 | NetOverflow: 0 | State: Active
2025-01-25 03:33:52 - NaN Check: 1 False
2025-01-25 03:33:52 - NaN Check: 2 False
2025-01-25 03:33:52 - Resonance: 0.7 | NetInflow: 15 | NetOutflow: 15 | NetOverflow: 0 | State: Active
2025-01-25 03:33:52 - NaN Check: 1 False
2025-01-25 03:33:52 - NaN Check: 2 False
2025-01-25 03:33:52 - Resonance: 0.7 | NetInflow: 15 | NetOutflow: 15 | NetOverflow: 0 | State: Active
2025-01-25 03:33:52 - NaN Check: 1 False
2025-01-25 03:33:52 - NaN Check: 2 False
2025-01-25 03:33:52 - Resonance: 0.7 | NetInflow: 15 | NetOutflow: 15 | NetOverflow: 0 | State: Active
2025-01-25 03:33:52 - NaN Check: 1 False
2025-01-25 03:33:52 - NaN Check: 2 False
2025-01-25 03:33:52 - Resonance: 0.7 | NetInflow: 15 | NetOutflow: 15 | NetOverflow: 0 | State: Active
2025-01-25 03:33:52 - NaN Check: 1 False
2025-01-25 03:33:52 - NaN Check: 2 False
2025-01-25 03:33:52 - Resonance: 0.7 | NetInflow: 15 | NetOutflow: 15 | NetOverflow: 0 | State: Active
2025-01-25 03:33:52 - NaN Check: 1 False
2025-01-25 03:33:52 - NaN Check: 2 False
2025-01-25 03:33:52 - Resonance: 0.7 | NetInflow: 15 | NetOutflow: 15 | NetOverflow: 0 | State: Active
2025-01-25 03:33:52 - NaN Check: 1 False
2025-01-25 03:33:52 - NaN Check: 2 False
2025-01-25 03:33:52 - Resonance: 0.7 | NetInflow: 15 | NetOutflow: 15 | NetOverflow: 0 | State: Active
2025-01-25 03:33:52 - NaN Check: 1 False
2025-01-25 03:33:52 - NaN Check: 2 False
2025-01-25 03:33:52 - Resonance: 0.7 | NetInflow: 15 | NetOutflow: 15 | NetOverflow: 0 | State: Active
2025-01-25 03:33:52 - NaN Check: 1 False
2025-01-25 03:33:52 - NaN Check: 2 False
2025-01-25 03:33:52 - Resonance: 0.7 | NetInflow: 15 | NetOutflow: 15 | NetOverflow: 0 | State: Active
2025-01-25 03:33:52 - NaN Check: 1 False
2025-01-25 03:33:52 - NaN Check: 2 False
2025-01-25 03:33:52 - Resonance: 0.7 | NetInflow: 15 | NetOutflow: 15 | NetOverflow: 0 | State: Active
2025-01-25 03:33:52 - NaN Check: 1 False
2025-01-25 03:33:52 - NaN Check: 2 False
2025-01-25 03:33:52 - Resonance: 0.7 | NetInflow: 15 | NetOutflow: 15 | NetOverflow: 0 | State: Active
2025-01-25 03:33:52 - NaN Check: 1 False
2025-01-25 03:33:52 - NaN Check: 2 False
2025-01-25 03:33:52 - Resonance: 0.7 | NetInflow: 15 | NetOutflow: 15 | NetOverflow: 0 | State: Active
2025-01-25 03:33:52 - NaN Check: 1 False
2025-01-25 03:33:52 - NaN Check: 2 False
2025-01-25 03:33:52 - Resonance: 0.7 | NetInflow: 15 | NetOutflow: 15 | NetOverflow: 0 | State: Active
2025-01-25 03:33:52 - NaN Check: 1 False
2025-01-25 03:33:52 - NaN Check: 2 False
2025-01-25 03:33:52 - Resonance: 0.7 | NetInflow: 15 | NetOutflow: 15 | NetOverflow: 0 | State: Active
2025-01-25 03:33:52 - NaN Check: 1 False
2025-01-25 03:33:52 - NaN Check: 2 False
2025-01-25 03:33:52 - Resonance: 0.7 | NetInflow: 15 | NetOutflow: 15 | NetOverflow: 0 | State: Active
2025-01-25 03:33:52 - NaN Check: 1 False
2025-01-25 03:33:52 - NaN Check: 2 False
2025-01-25 03:33:52 - Resonance: 0.7 | NetInflow: 15 | NetOutflow: 15 | NetOverflow: 0 | State: Active
2025-01-25 03:33:52 - NaN Check: 1 False
2025-01-25 03:33:52 - NaN Check: 2 False
2025-01-25 03:33:52 - Resonance: 0.7 | NetInflow: 15 | NetOutflow: 15 | NetOverflow: 0 | State: Active
2025-01-25 03:33:52 - NaN Check: 1 False
2025-01-25 03:33:52 - NaN Check: 2 False
2025-01-25 03:33:52 - Resonance: 0.7 | NetInflow: 15 | NetOutflow: 15 | NetOverflow: 0 | State: Active
2025-01-25 03:33:52 - NaN Check: 1 False
2025-01-25 03:33:52 - NaN Check: 2 False
2025-01-25 03:33:52 - Resonance: 0.7 | NetInflow: 15 | NetOutflow: 15 | NetOverflow: 0 | State: Active
2025-01-25 03:33:52 - NaN Check: 1 False
2025-01-25 03:33:52 - NaN Check: 2 False
2025-01-25 03:33:52 - Resonance: 0.7 | NetInflow: 15 | NetOutflow: 15 | NetOverflow: 0 | State: Active
2025-01-25 03:33:52 - NaN Check: 1 False
2025-01-25 03:33:52 - NaN Check: 2 False
2025-01-25 03:33:52 - Resonance: 0.7 | NetInflow: 15 | NetOutflow: 15 | NetOverflow: 0 | State: Active
2025-01-25 03:33:52 - NaN Check: 1 False
2025-01-25 03:33:52 - NaN Check: 2 False
2025-01-25 03:33:52 - Resonance: 0.7 | NetInflow: 15 | NetOutflow: 15 | NetOverflow: 0 | State: Active
2025-01-25 03:33:52 - NaN Check: 1 False
2025-01-25 03:33:52 - NaN Check: 2 False
2025-01-25 03:33:52 - Resonance: 0.7 | NetInflow: 15 | NetOutflow: 15 | NetOverflow: 0 | State: Active
2025-01-25 03:33:52 - NaN Check: 1 False
2025-01-25 03:33:52 - NaN Check: 2 False
2025-01-25 03:33:52 - Resonance: 0.7 | NetInflow: 15 | NetOutflow: 15 | NetOverflow: 0 | State: Active
2025-01-25 03:33:52 - NaN Check: 1 False
2025-01-25 03:33:52 - NaN Check: 2 False
2025-01-25 03:33:52 - Resonance: 0.7 | NetInflow: 15 | NetOutflow: 15 | NetOverflow: 0 | State: Active
2025-01-25 03:33:52 - NaN Check: 1 False
2025-01-25 03:33:52 - NaN Check: 2 False
2025-01-25 03:33:52 - Resonance: 0.7 | NetInflow: 15 | NetOutflow: 15 | NetOverflow: 0 | State: Active
2025-01-25 03:33:52 - NaN Check: 1 False
2025-01-25 03:33:52 - NaN Check: 2 False
2025-01-25 03:33:52 - Resonance: 0.7 | NetInflow: 15 | NetOutflow: 15 | NetOverflow: 0 | State: Active
2025-01-25 03:33:52 - NaN Check: 1 False
2025-01-25 03:33:52 - NaN Check: 2 False
2025-01-25 03:33:52 - Resonance: 0.7 | NetInflow: 15 | NetOutflow: 15 | NetOverflow: 0 | State: Active
2025-01-25 03:33:52 - NaN Check: 1 False
2025-01-25 03:33:52 - NaN Check: 2 False
2025-01-25 03:33:52 - Resonance: 0.7 | NetInflow: 15 | NetOutflow: 15 | NetOverflow: 0 | State: Active
2025-01-25 03:33:52 - NaN Check: 1 False
2025-01-25 03:33:52 - NaN Check: 2 False
2025-01-25 03:33:52 - Resonance: 0.7 | NetInflow: 15 | NetOutflow: 15 | NetOverflow: 0 | State: Active
2025-01-25 03:33:52 - NaN Check: 1 False
2025-01-25 03:33:52 - NaN Check: 2 False
2025-01-25 03:33:52 - Resonance: 0.7 | NetInflow: 15 | NetOutflow: 15 | NetOverflow: 0 | State: Active
2025-01-25 03:33:52 - NaN Check: 1 False
2025-01-25 03:33:52 - NaN Check: 2 False
2025-01-25 03:33:52 - Resonance: 0.7 | NetInflow: 15 | NetOutflow: 15 | NetOverflow: 0 | State: Active
2025-01-25 03:33:52 - NaN Check: 1 False
2025-01-25 03:33:52 - NaN Check: 2 False
2025-01-25 03:33:52 - Resonance: 0.7 | NetInflow: 15 | NetOutflow: 15 | NetOverflow: 0 | State: Active
2025-01-25 03:33:52 - NaN Check: 1 False
2025-01-25 03:33:52 - NaN Check: 2 False
2025-01-25 03:33:52 - Resonance: 0.7 | NetInflow: 15 | NetOutflow: 15 | NetOverflow: 0 | State: Active
2025-01-25 03:33:52 - NaN Check: 1 False
2025-01-25 03:33:52 - NaN Check: 2 False
2025-01-25 03:33:52 - Resonance: 0.7 | NetInflow: 15 | NetOutflow: 15 | NetOverflow: 0 | State: Active
2025-01-25 03:33:52 - NaN Check: 1 False
2025-01-25 03:33:52 - NaN Check: 2 False
2025-01-25 03:33:52 - Resonance: 0.7 | NetInflow: 15 | NetOutflow: 15 | NetOverflow: 0 | State: Active
2025-01-25 03:33:52 - NaN Check: 1 False
2025-01-25 03:33:52 - NaN Check: 2 False
2025-01-25 03:33:52 - Resonance: 0.7 | NetInflow: 15 | NetOutflow: 15 | NetOverflow: 0 | State: Active
2025-01-25 03:33:52 - NaN Check: 1 False
2025-01-25 03:33:52 - NaN Check: 2 False
2025-01-25 03:33:52 - Resonance: 0.7 | NetInflow: 15 | NetOutflow: 15 | NetOverflow: 0 | State: Active
2025-01-25 03:33:52 - NaN Check: 1 False
2025-01-25 03:33:52 - NaN Check: 2 False
2025-01-25 03:33:52 - Resonance: 0.7 | NetInflow: 15 | NetOutflow: 15 | NetOverflow: 0 | State: Active
2025-01-25 03:33:52 - NaN Check: 1 False
2025-01-25 03:33:52 - NaN Check: 2 False
2025-01-25 03:33:52 - Resonance: 0.7 | NetInflow: 15 | NetOutflow: 15 | NetOverflow: 0 | State: Active
2025-01-25 03:33:52 - NaN Check: 1 False
2025-01-25 03:33:52 - NaN Check: 2 False
2025-01-25 03:33:52 - Resonance: 0.7 | NetInflow: 15 | NetOutflow: 15 | NetOverflow: 0 | State: Active
2025-01-25 03:33:52 - NaN Check: 1 False
2025-01-25 03:33:52 - NaN Check: 2 False
2025-01-25 03:33:52 - Resonance: 0.7 | NetInflow: 15 | NetOutflow: 15 | NetOverflow: 0 | State: Active
2025-01-25 03:33:52 - NaN Check: 1 False
2025-01-25 03:33:52 - NaN Check: 2 False
2025-01-25 03:33:52 - Resonance: 0.7 | NetInflow: 15 | NetOutflow: 15 | NetOverflow: 0 | State: Active
2025-01-25 03:33:52 - NaN Check: 1 False
2025-01-25 03:33:52 - NaN Check: 2 False
2025-01-25 03:33:52 - Resonance: 0.7 | NetInflow: 15 | NetOutflow: 15 | NetOverflow: 0 | State: Active
2025-01-25 03:33:52 - NaN Check: 1 False
2025-01-25 03:33:52 - NaN Check: 2 False
2025-01-25 03:33:52 - Resonance: 0.7 | NetInflow: 15 | NetOutflow: 15 | NetOverflow: 0 | State: Active
2025-01-25 03:33:52 - NaN Check: 1 False
2025-01-25 03:33:52 - NaN Check: 2 False
2025-01-25 03:33:52 - Resonance: 0.7 | NetInflow: 15 | NetOutflow: 15 | NetOverflow: 0 | State: Active
2025-01-25 03:33:52 - NaN Check: 1 False
2025-01-25 03:33:52 - NaN Check: 2 False
2025-01-25 03:33:52 - Resonance: 0.7 | NetInflow: 15 | NetOutflow: 15 | NetOverflow: 0 | State: Active
2025-01-25 03:33:52 - NaN Check: 1 False
2025-01-25 03:33:52 - NaN Check: 2 False
2025-01-25 03:33:52 - Resonance: 0.7 | NetInflow: 15 | NetOutflow: 15 | NetOverflow: 0 | State: Active
2025-01-25 03:33:52 - NaN Check: 1 False
2025-01-25 03:33:52 - NaN Check: 2 False
2025-01-25 03:33:52 - Resonance: 0.7 | NetInflow: 15 | NetOutflow: 15 | NetOverflow: 0 | State: Active
2025-01-25 03:33:52 - NaN Check: 1 False
2025-01-25 03:33:52 - NaN Check: 2 False
2025-01-25 03:33:52 - Resonance: 0.7 | NetInflow: 15 | NetOutflow: 15 | NetOverflow: 0 | State: Active
2025-01-25 03:33:52 - NaN Check: 1 False
2025-01-25 03:33:52 - NaN Check: 2 False
2025-01-25 03:33:52 - Resonance: 0.7 | NetInflow: 15 | NetOutflow: 15 | NetOverflow: 0 | State: Active
2025-01-25 03:33:52 - NaN Check: 1 False
2025-01-25 03:33:52 - NaN Check: 2 False
2025-01-25 03:33:52 - Resonance: 0.7 | NetInflow: 15 | NetOutflow: 15 | NetOverflow: 0 | State: Active
2025-01-25 03:33:52 - NaN Check: 1 False
2025-01-25 03:33:52 - NaN Check: 2 False
2025-01-25 03:33:52 - Resonance: 0.7 | NetInflow: 15 | NetOutflow: 15 | NetOverflow: 0 | State: Active
2025-01-25 03:33:52 - NaN Check: 1 False
2025-01-25 03:33:52 - NaN Check: 2 False
2025-01-25 03:33:52 - Resonance: 0.7 | NetInflow: 15 | NetOutflow: 15 | NetOverflow: 0 | State: Active
2025-01-25 03:33:52 - NaN Check: 1 False
2025-01-25 03:33:52 - NaN Check: 2 False
2025-01-25 03:33:52 - Resonance: 0.7 | NetInflow: 15 | NetOutflow: 15 | NetOverflow: 0 | State: Active
2025-01-25 03:33:52 - NaN Check: 1 False
2025-01-25 03:33:52 - NaN Check: 2 False
2025-01-25 03:33:52 - Resonance: 0.7 | NetInflow: 15 | NetOutflow: 15 | NetOverflow: 0 | State: Active
2025-01-25 03:33:52 - NaN Check: 1 False
2025-01-25 03:33:52 - NaN Check: 2 False
2025-01-25 03:33:52 - Resonance: 0.7 | NetInflow: 15 | NetOutflow: 15 | NetOverflow: 0 | State: Active
2025-01-25 03:33:52 - NaN Check: 1 False
2025-01-25 03:33:52 - NaN Check: 2 False
2025-01-25 03:33:52 - Resonance: 0.7 | NetInflow: 15 | NetOutflow: 15 | NetOverflow: 0 | State: Active
2025-01-25 03:33:52 - NaN Check: 1 False
2025-01-25 03:33:52 - NaN Check: 2 False
2025-01-25 03:33:52 - Resonance: 0.7 | NetInflow: 15 | NetOutflow: 15 | NetOverflow: 0 | State: Active
2025-01-25 03:33:52 - NaN Check: 1 False
2025-01-25 03:33:52 - NaN Check: 2 False
2025-01-25 03:33:52 - Resonance: 0.7 | NetInflow: 15 | NetOutflow: 15 | NetOverflow: 0 | State: Active
2025-01-25 03:33:52 - NaN Check: 1 False
2025-01-25 03:33:52 - NaN Check: 2 False
2025-01-25 03:33:52 - Resonance: 0.7 | NetInflow: 15 | NetOutflow: 15 | NetOverflow: 0 | State: Active
2025-01-25 03:33:52 - NaN Check: 1 False
2025-01-25 03:33:52 - NaN Check: 2 False
2025-01-25 03:33:52 - Resonance: 0.7 | NetInflow: 15 | NetOutflow: 15 | NetOverflow: 0 | State: Active
2025-01-25 03:33:52 - NaN Check: 1 False
2025-01-25 03:33:52 - NaN Check: 2 False
2025-01-25 03:33:52 - Resonance: 0.7 | NetInflow: 15 | NetOutflow: 15 | NetOverflow: 0 | State: Active
2025-01-25 03:33:52 - NaN Check: 1 False
2025-01-25 03:33:52 - NaN Check: 2 False
2025-01-25 03:33:52 - Resonance: 0.7 | NetInflow: 15 | NetOutflow: 15 | NetOverflow: 0 | State: Active
2025-01-25 03:33:52 - NaN Check: 1 False
2025-01-25 03:33:52 - NaN Check: 2 False
2025-01-25 03:33:52 - Resonance: 0.7 | NetInflow: 15 | NetOutflow: 15 | NetOverflow: 0 | State: Active
2025-01-25 03:33:52 - NaN Check: 1 False
2025-01-25 03:33:52 - NaN Check: 2 False
2025-01-25 03:33:52 - Resonance: 0.7 | NetInflow: 15 | NetOutflow: 15 | NetOverflow: 0 | State: Active
2025-01-25 03:33:52 - NaN Check: 1 False
2025-01-25 03:33:52 - NaN Check: 2 False
2025-01-25 03:33:52 - Resonance: 0.7 | NetInflow: 15 | NetOutflow: 15 | NetOverflow: 0 | State: Active
2025-01-25 03:33:52 - NaN Check: 1 False
2025-01-25 03:33:52 - NaN Check: 2 False
2025-01-25 03:33:52 - Resonance: 0.7 | NetInflow: 15 | NetOutflow: 15 | NetOverflow: 0 | State: Active
2025-01-25 03:33:52 - NaN Check: 1 False
2025-01-25 03:33:52 - NaN Check: 2 False
2025-01-25 03:33:52 - Resonance: 0.7 | NetInflow: 15 | NetOutflow: 15 | NetOverflow: 0 | State: Active
2025-01-25 03:33:52 - NaN Check: 1 False
2025-01-25 03:33:52 - NaN Check: 2 False
2025-01-25 03:33:52 - Resonance: 0.7 | NetInflow: 15 | NetOutflow: 15 | NetOverflow: 0 | State: Active
2025-01-25 03:33:52 - NaN Check: 1 False
2025-01-25 03:33:52 - NaN Check: 2 False
2025-01-25 03:33:52 - Resonance: 0.7 | NetInflow: 15 | NetOutflow: 15 | NetOverflow: 0 | State: Active
2025-01-25 03:33:52 - NaN Check: 1 False
2025-01-25 03:33:52 - NaN Check: 2 False
2025-01-25 03:33:52 - Resonance: 0.7 | NetInflow: 15 | NetOutflow: 15 | NetOverflow: 0 | State: Active
2025-01-25 03:33:52 - NaN Check: 1 False
2025-01-25 03:33:52 - NaN Check: 2 False
2025-01-25 03:33:52 - Resonance: 0.7 | NetInflow: 15 | NetOutflow: 15 | NetOverflow: 0 | State: Active
2025-01-25 03:33:52 - NaN Check: 1 False
2025-01-25 03:33:52 - NaN Check: 2 False
2025-01-25 03:33:52 - Resonance: 0.7 | NetInflow: 15 | NetOutflow: 15 | NetOverflow: 0 | State: Active
2025-01-25 03:33:52 - NaN Check: 1 False
2025-01-25 03:33:52 - NaN Check: 2 False
2025-01-25 03:33:52 - Resonance: 0.7 | NetInflow: 15 | NetOutflow: 15 | NetOverflow: 0 | State: Active
2025-01-25 03:33:52 - NaN Check: 1 False
2025-01-25 03:33:52 - NaN Check: 2 False
2025-01-25 03:33:52 - Resonance: 0.7 | NetInflow: 15 | NetOutflow: 15 | NetOverflow: 0 | State: Active
2025-01-25 03:33:52 - NaN Check: 1 False
2025-01-25 03:33:52 - NaN Check: 2 False
2025-01-25 03:33:52 - Resonance: 0.7 | NetInflow: 15 | NetOutflow: 15 | NetOverflow: 0 | State: Active
2025-01-25 03:33:52 - NaN Check: 1 False
2025-01-25 03:33:52 - NaN Check: 2 False
2025-01-25 03:33:52 - Resonance: 0.7 | NetInflow: 15 | NetOutflow: 15 | NetOverflow: 0 | State: Active
2025-01-25 03:33:52 - NaN Check: 1 False
2025-01-25 03:33:52 - NaN Check: 2 False
2025-01-25 03:33:52 - Resonance: 0.7 | NetInflow: 15 | NetOutflow: 15 | NetOverflow: 0 | State: Active
2025-01-25 03:33:52 - NaN Check: 1 False
2025-01-25 03:33:52 - NaN Check: 2 False
2025-01-25 03:33:52 - Resonance: 0.7 | NetInflow: 15 | NetOutflow: 15 | NetOverflow: 0 | State: Active
2025-01-25 03:33:52 - NaN Check: 1 False
2025-01-25 03:33:52 - NaN Check: 2 False
2025-01-25 03:33:52 - Resonance: 0.7 | NetInflow: 15 | NetOutflow: 15 | NetOverflow: 0 | State: Active
2025-01-25 03:33:52 - NaN Check: 1 False
2025-01-25 03:33:52 - NaN Check: 2 False
2025-01-25 03:33:52 - Resonance: 0.7 | NetInflow: 15 | NetOutflow: 15 | NetOverflow: 0 | State: Active
2025-01-25 03:33:52 - NaN Check: 1 False
2025-01-25 03:33:52 - NaN Check: 2 False
2025-01-25 03:33:52 - Resonance: 0.7 | NetInflow: 15 | NetOutflow: 15 | NetOverflow: 0 | State: Active
2025-01-25 03:33:52 - NaN Check: 1 False
2025-01-25 03:33:52 - NaN Check: 2 False
2025-01-25 03:33:52 - Resonance: 0.7 | NetInflow: 15 | NetOutflow: 15 | NetOverflow: 0 | State: Active
2025-01-25 03:33:52 - NaN Check: 1 False
2025-01-25 03:33:52 - NaN Check: 2 False
2025-01-25 03:33:52 - Resonance: 0.7 | NetInflow: 15 | NetOutflow: 15 | NetOverflow: 0 | State: Active
2025-01-25 03:33:52 - NaN Check: 1 False
2025-01-25 03:33:52 - NaN Check: 2 False
2025-01-25 03:33:52 - Resonance: 0.7 | NetInflow: 15 | NetOutflow: 15 | NetOverflow: 0 | State: Active
2025-01-25 03:33:52 - NaN Check: 1 False
2025-01-25 03:33:52 - NaN Check: 2 False
2025-01-25 03:33:52 - Resonance: 0.7 | NetInflow: 15 | NetOutflow: 15 | NetOverflow: 0 | State: Active
2025-01-25 03:33:52 - NaN Check: 1 False
2025-01-25 03:33:52 - NaN Check: 2 False
2025-01-25 03:33:52 - Resonance: 0.7 | NetInflow: 15 | NetOutflow: 15 | NetOverflow: 0 | State: Active
2025-01-25 03:33:52 - NaN Check: 1 False
2025-01-25 03:33:52 - NaN Check: 2 False
2025-01-25 03:33:52 - Resonance: 0.7 | NetInflow: 15 | NetOutflow: 15 | NetOverflow: 0 | State: Active
2025-01-25 03:33:52 - NaN Check: 1 False
2025-01-25 03:33:52 - NaN Check: 2 False
2025-01-25 03:33:52 - Resonance: 0.7 | NetInflow: 15 | NetOutflow: 15 | NetOverflow: 0 | State: Active
2025-01-25 03:33:52 - NaN Check: 1 False
2025-01-25 03:33:52 - NaN Check: 2 False
2025-01-25 03:33:52 - Resonance: 0.7 | NetInflow: 15 | NetOutflow: 15 | NetOverflow: 0 | State: Active
2025-01-25 03:33:52 - NaN Check: 1 False
2025-01-25 03:33:52 - NaN Check: 2 False
2025-01-25 03:33:52 - Resonance: 0.7 | NetInflow: 15 | NetOutflow: 15 | NetOverflow: 0 | State: Active
2025-01-25 03:33:52 - NaN Check: 1 False
2025-01-25 03:33:52 - NaN Check: 2 False
2025-01-25 03:33:52 - Resonance: 0.7 | NetInflow: 15 | NetOutflow: 15 | NetOverflow: 0 | State: Active
2025-01-25 03:33:52 - NaN Check: 1 False
2025-01-25 03:33:52 - NaN Check: 2 False
2025-01-25 03:33:52 - Resonance: 0.7 | NetInflow: 15 | NetOutflow: 15 | NetOverflow: 0 | State: Active
2025-01-25 03:33:52 - NaN Check: 1 False
2025-01-25 03:33:52 - NaN Check: 2 False
2025-01-25 03:33:52 - Resonance: 0.7 | NetInflow: 15 | NetOutflow: 15 | NetOverflow: 0 | State: Active
2025-01-25 03:33:52 - NaN Check: 1 False
2025-01-25 03:33:52 - NaN Check: 2 False
2025-01-25 03:33:52 - Resonance: 0.7 | NetInflow: 15 | NetOutflow: 15 | NetOverflow: 0 | State: Active
2025-01-25 03:33:52 - NaN Check: 1 False
2025-01-25 03:33:52 - NaN Check: 2 False
2025-01-25 03:33:52 - Resonance: 0.7 | NetInflow: 15 | NetOutflow: 15 | NetOverflow: 0 | State: Active
2025-01-25 03:33:52 - NaN Check: 1 False
2025-01-25 03:33:52 - NaN Check: 2 False
2025-01-25 03:33:52 - Resonance: 0.7 | NetInflow: 15 | NetOutflow: 15 | NetOverflow: 0 | State: Active
2025-01-25 03:33:52 - NaN Check: 1 False
2025-01-25 03:33:52 - NaN Check: 2 False
2025-01-25 03:33:52 - Resonance: 0.7 | NetInflow: 15 | NetOutflow: 15 | NetOverflow: 0 | State: Active
2025-01-25 03:33:52 - NaN Check: 1 False
2025-01-25 03:33:52 - NaN Check: 2 False
2025-01-25 03:33:52 - Resonance: 0.7 | NetInflow: 15 | NetOutflow: 15 | NetOverflow: 0 | State: Active
2025-01-25 03:33:52 - NaN Check: 1 False
2025-01-25 03:33:52 - NaN Check: 2 False
2025-01-25 03:33:52 - Resonance: 0.7 | NetInflow: 15 | NetOutflow: 15 | NetOverflow: 0 | State: Active
2025-01-25 03:33:52 - NaN Check: 1 False
2025-01-25 03:33:52 - NaN Check: 2 False
2025-01-25 03:33:52 - Resonance: 0.7 | NetInflow: 15 | NetOutflow: 15 | NetOverflow: 0 | State: Active
2025-01-25 03:33:52 - NaN Check: 1 False
2025-01-25 03:33:52 - NaN Check: 2 False
2025-01-25 03:33:52 - Resonance: 0.7 | NetInflow: 15 | NetOutflow: 15 | NetOverflow: 0 | State: Active
2025-01-25 03:33:52 - NaN Check: 1 False
2025-01-25 03:33:52 - NaN Check: 2 False
2025-01-25 03:33:52 - Resonance: 0.7 | NetInflow: 15 | NetOutflow: 15 | NetOverflow: 0 | State: Active
2025-01-25 03:33:52 - NaN Check: 1 False
2025-01-25 03:33:52 - NaN Check: 2 False
2025-01-25 03:33:52 - Resonance: 0.7 | NetInflow: 15 | NetOutflow: 15 | NetOverflow: 0 | State: Active
2025-01-25 03:33:52 - NaN Check: 1 False
2025-01-25 03:33:52 - NaN Check: 2 False
2025-01-25 03:33:52 - Resonance: 0.7 | NetInflow: 15 | NetOutflow: 15 | NetOverflow: 0 | State: Active
2025-01-25 03:33:52 - NaN Check: 1 False
2025-01-25 03:33:52 - NaN Check: 2 False
2025-01-25 03:33:52 - Resonance: 0.7 | NetInflow: 15 | NetOutflow: 15 | NetOverflow: 0 | State: Active
2025-01-25 03:33:52 - NaN Check: 1 False
2025-01-25 03:33:52 - NaN Check: 2 False
2025-01-25 03:33:52 - Resonance: 0.7 | NetInflow: 15 | NetOutflow: 15 | NetOverflow: 0 | State: Active
2025-01-25 03:33:52 - NaN Check: 1 False
2025-01-25 03:33:52 - NaN Check: 2 False
2025-01-25 03:33:52 - Resonance: 0.7 | NetInflow: 15 | NetOutflow: 15 | NetOverflow: 0 | State: Active
2025-01-25 03:33:52 - NaN Check: 1 False
2025-01-25 03:33:52 - NaN Check: 2 False
2025-01-25 03:33:52 - Resonance: 0.7 | NetInflow: 15 | NetOutflow: 15 | NetOverflow: 0 | State: Active
2025-01-25 03:33:52 - NaN Check: 1 False
2025-01-25 03:33:52 - NaN Check: 2 False
2025-01-25 03:33:52 - Resonance: 0.7 | NetInflow: 15 | NetOutflow: 15 | NetOverflow: 0 | State: Active
2025-01-25 03:33:52 - NaN Check: 1 False
2025-01-25 03:33:52 - NaN Check: 2 False
2025-01-25 03:33:52 - Resonance: 0.7 | NetInflow: 15 | NetOutflow: 15 | NetOverflow: 0 | State: Active
2025-01-25 03:33:52 - NaN Check: 1 False
2025-01-25 03:33:52 - NaN Check: 2 False
2025-01-25 03:33:52 - Resonance: 0.7 | NetInflow: 15 | NetOutflow: 15 | NetOverflow: 0 | State: Active
2025-01-25 03:33:52 - NaN Check: 1 False
2025-01-25 03:33:52 - NaN Check: 2 False
2025-01-25 03:33:52 - Resonance: 0.7 | NetInflow: 15 | NetOutflow: 15 | NetOverflow: 0 | State: Active
2025-01-25 03:33:52 - NaN Check: 1 False
2025-01-25 03:33:52 - NaN Check: 2 False
2025-01-25 03:33:52 - Resonance: 0.7 | NetInflow: 15 | NetOutflow: 15 | NetOverflow: 0 | State: Active
2025-01-25 03:33:52 - NaN Check: 1 False
2025-01-25 03:33:52 - NaN Check: 2 False
2025-01-25 03:33:52 - Resonance: 0.7 | NetInflow: 15 | NetOutflow: 15 | NetOverflow: 0 | State: Active
2025-01-25 03:33:52 - NaN Check: 1 False
2025-01-25 03:33:52 - NaN Check: 2 False
2025-01-25 03:33:52 - Resonance: 0.7 | NetInflow: 15 | NetOutflow: 15 | NetOverflow: 0 | State: Active
2025-01-25 03:33:52 - NaN Check: 1 False
2025-01-25 03:33:52 - NaN Check: 2 False
2025-01-25 03:33:52 - Resonance: 0.7 | NetInflow: 15 | NetOutflow: 15 | NetOverflow: 0 | State: Active
2025-01-25 03:33:52 - NaN Check: 1 False
2025-01-25 03:33:52 - NaN Check: 2 False
2025-01-25 03:33:52 - Resonance: 0.7 | NetInflow: 15 | NetOutflow: 15 | NetOverflow: 0 | State: Active
2025-01-25 03:33:52 - NaN Check: 1 False
2025-01-25 03:33:52 - NaN Check: 2 False
2025-01-25 03:33:52 - Resonance: 0.7 | NetInflow: 15 | NetOutflow: 15 | NetOverflow: 0 | State: Active
2025-01-25 03:33:52 - NaN Check: 1 False
2025-01-25 03:33:52 - NaN Check: 2 False
2025-01-25 03:33:52 - Resonance: 0.7 | NetInflow: 15 | NetOutflow: 15 | NetOverflow: 0 | State: Active
2025-01-25 03:33:52 - NaN Check: 1 False
2025-01-25 03:33:52 - NaN Check: 2 False
2025-01-25 03:33:52 - Resonance: 0.7 | NetInflow: 15 | NetOutflow: 15 | NetOverflow: 0 | State: Active
2025-01-25 03:33:52 - NaN Check: 1 False
2025-01-25 03:33:52 - NaN Check: 2 False
2025-01-25 03:33:52 - Resonance: 0.7 | NetInflow: 15 | NetOutflow: 15 | NetOverflow: 0 | State: Active
2025-01-25 03:33:52 - NaN Check: 1 False
2025-01-25 03:33:52 - NaN Check: 2 False
2025-01-25 03:33:52 - Resonance: 0.7 | NetInflow: 15 | NetOutflow: 15 | NetOverflow: 0 | State: Active
2025-01-25 03:33:52 - NaN Check: 1 False
2025-01-25 03:33:52 - NaN Check: 2 False
2025-01-25 03:33:52 - Resonance: 0.7 | NetInflow: 15 | NetOutflow: 15 | NetOverflow: 0 | State: Active
2025-01-25 03:33:52 - NaN Check: 1 False
2025-01-25 03:33:52 - NaN Check: 2 False
2025-01-25 03:33:52 - Resonance: 0.7 | NetInflow: 15 | NetOutflow: 15 | NetOverflow: 0 | State: Active
2025-01-25 03:33:52 - NaN Check: 1 False
2025-01-25 03:33:52 - NaN Check: 2 False
2025-01-25 03:33:52 - Resonance: 0.7 | NetInflow: 15 | NetOutflow: 15 | NetOverflow: 0 | State: Active
2025-01-25 03:33:52 - NaN Check: 1 False
2025-01-25 03:33:52 - NaN Check: 2 False
2025-01-25 03:33:52 - Resonance: 0.7 | NetInflow: 15 | NetOutflow: 15 | NetOverflow: 0 | State: Active
2025-01-25 03:33:52 - NaN Check: 1 False
2025-01-25 03:33:52 - NaN Check: 2 False
2025-01-25 03:33:52 - Resonance: 0.7 | NetInflow: 15 | NetOutflow: 15 | NetOverflow: 0 | State: Active
2025-01-25 03:33:52 - NaN Check: 1 False
2025-01-25 03:33:52 - NaN Check: 2 False
2025-01-25 03:33:52 - Resonance: 0.7 | NetInflow: 15 | NetOutflow: 15 | NetOverflow: 0 | State: Active
2025-01-25 03:33:52 - NaN Check: 1 False
2025-01-25 03:33:52 - NaN Check: 2 False
2025-01-25 03:33:52 - Resonance: 0.7 | NetInflow: 15 | NetOutflow: 15 | NetOverflow: 0 | State: Active
2025-01-25 03:33:52 - NaN Check: 1 False
2025-01-25 03:33:52 - NaN Check: 2 False
2025-01-25 03:33:52 - Resonance: 0.7 | NetInflow: 15 | NetOutflow: 15 | NetOverflow: 0 | State: Active
2025-01-25 03:33:52 - NaN Check: 1 False
2025-01-25 03:33:52 - NaN Check: 2 False
2025-01-25 03:33:52 - Resonance: 0.7 | NetInflow: 15 | NetOutflow: 15 | NetOverflow: 0 | State: Active
2025-01-25 03:33:52 - NaN Check: 1 False
2025-01-25 03:33:52 - NaN Check: 2 False
2025-01-25 03:33:52 - Resonance: 0.7 | NetInflow: 15 | NetOutflow: 15 | NetOverflow: 0 | State: Active
2025-01-25 03:33:52 - NaN Check: 1 False
2025-01-25 03:33:52 - NaN Check: 2 False
2025-01-25 03:33:52 - Resonance: 0.7 | NetInflow: 15 | NetOutflow: 15 | NetOverflow: 0 | State: Active
2025-01-25 03:33:52 - NaN Check: 1 False
2025-01-25 03:33:52 - NaN Check: 2 False
2025-01-25 03:33:52 - Resonance: 0.7 | NetInflow: 15 | NetOutflow: 15 | NetOverflow: 0 | State: Active
2025-01-25 03:33:52 - NaN Check: 1 False
2025-01-25 03:33:52 - NaN Check: 2 False
2025-01-25 03:33:52 - Resonance: 0.7 | NetInflow: 15 | NetOutflow: 15 | NetOverflow: 0 | State: Active
2025-01-25 03:33:52 - NaN Check: 1 False
2025-01-25 03:33:52 - NaN Check: 2 False
2025-01-25 03:33:52 - Resonance: 0.7 | NetInflow: 15 | NetOutflow: 15 | NetOverflow: 0 | State: Active
2025-01-25 03:33:52 - NaN Check: 1 False
2025-01-25 03:33:52 - NaN Check: 2 False
2025-01-25 03:33:52 - Resonance: 0.7 | NetInflow: 15 | NetOutflow: 15 | NetOverflow: 0 | State: Active
2025-01-25 03:33:52 - NaN Check: 1 False
2025-01-25 03:33:52 - NaN Check: 2 False
2025-01-25 03:33:52 - Resonance: 0.7 | NetInflow: 15 | NetOutflow: 15 | NetOverflow: 0 | State: Active
2025-01-25 03:33:52 - NaN Check: 1 False
2025-01-25 03:33:52 - NaN Check: 2 False
2025-01-25 03:33:52 - Resonance: 0.7 | NetInflow: 15 | NetOutflow: 15 | NetOverflow: 0 | State: Active
2025-01-25 03:33:52 - NaN Check: 1 False
2025-01-25 03:33:52 - NaN Check: 2 False
2025-01-25 03:33:52 - Resonance: 0.7 | NetInflow: 15 | NetOutflow: 15 | NetOverflow: 0 | State: Active
2025-01-25 03:33:52 - NaN Check: 1 False
2025-01-25 03:33:52 - NaN Check: 2 False
2025-01-25 03:33:52 - Resonance: 0.7 | NetInflow: 15 | NetOutflow: 15 | NetOverflow: 0 | State: Active
2025-01-25 03:33:52 - NaN Check: 1 False
2025-01-25 03:33:52 - NaN Check: 2 False
2025-01-25 03:33:52 - Resonance: 0.7 | NetInflow: 15 | NetOutflow: 15 | NetOverflow: 0 | State: Active
2025-01-25 03:33:52 - NaN Check: 1 False
2025-01-25 03:33:52 - NaN Check: 2 False
2025-01-25 03:33:52 - Resonance: 0.7 | NetInflow: 15 | NetOutflow: 15 | NetOverflow: 0 | State: Active
2025-01-25 03:33:52 - NaN Check: 1 False
2025-01-25 03:33:52 - NaN Check: 2 False
2025-01-25 03:33:52 - Resonance: 0.7 | NetInflow: 15 | NetOutflow: 15 | NetOverflow: 0 | State: Active
2025-01-25 03:33:52 - NaN Check: 1 False
2025-01-25 03:33:52 - NaN Check: 2 False
2025-01-25 03:33:52 - Resonance: 0.7 | NetInflow: 15 | NetOutflow: 15 | NetOverflow: 0 | State: Active
2025-01-25 03:33:52 - NaN Check: 1 False
2025-01-25 03:33:52 - NaN Check: 2 False
2025-01-25 03:33:52 - Resonance: 0.7 | NetInflow: 15 | NetOutflow: 15 | NetOverflow: 0 | State: Active
2025-01-25 03:33:52 - NaN Check: 1 False
2025-01-25 03:33:52 - NaN Check: 2 False
2025-01-25 03:33:52 - Resonance: 0.7 | NetInflow: 15 | NetOutflow: 15 | NetOverflow: 0 | State: Active
2025-01-25 03:33:52 - NaN Check: 1 False
2025-01-25 03:33:52 - NaN Check: 2 False
2025-01-25 03:33:52 - Resonance: 0.7 | NetInflow: 15 | NetOutflow: 15 | NetOverflow: 0 | State: Active
2025-01-25 03:33:52 - NaN Check: 1 False
2025-01-25 03:33:52 - NaN Check: 2 False
2025-01-25 03:33:52 - Resonance: 0.7 | NetInflow: 15 | NetOutflow: 15 | NetOverflow: 0 | State: Active
2025-01-25 03:33:52 - NaN Check: 1 False
2025-01-25 03:33:52 - NaN Check: 2 False
2025-01-25 03:33:52 - Resonance: 0.7 | NetInflow: 15 | NetOutflow: 15 | NetOverflow: 0 | State: Active
2025-01-25 03:33:52 - NaN Check: 1 False
2025-01-25 03:33:52 - NaN Check: 2 False
2025-01-25 03:33:52 - Resonance: 0.7 | NetInflow: 15 | NetOutflow: 15 | NetOverflow: 0 | State: Active
2025-01-25 03:33:52 - NaN Check: 1 False
2025-01-25 03:33:52 - NaN Check: 2 False
2025-01-25 03:33:52 - Resonance: 0.7 | NetInflow: 15 | NetOutflow: 15 | NetOverflow: 0 | State: Active
2025-01-25 03:33:52 - NaN Check: 1 False
2025-01-25 03:33:52 - NaN Check: 2 False
2025-01-25 03:33:52 - Resonance: 0.7 | NetInflow: 15 | NetOutflow: 15 | NetOverflow: 0 | State: Active
2025-01-25 03:33:52 - NaN Check: 1 False
2025-01-25 03:33:52 - NaN Check: 2 False
2025-01-25 03:33:52 - Resonance: 0.7 | NetInflow: 15 | NetOutflow: 15 | NetOverflow: 0 | State: Active
2025-01-25 03:33:52 - NaN Check: 1 False
2025-01-25 03:33:52 - NaN Check: 2 False
2025-01-25 03:33:52 - Resonance: 0.7 | NetInflow: 15 | NetOutflow: 15 | NetOverflow: 0 | State: Active
2025-01-25 03:33:52 - NaN Check: 1 False
2025-01-25 03:33:52 - NaN Check: 2 False
2025-01-25 03:33:52 - Resonance: 0.7 | NetInflow: 15 | NetOutflow: 15 | NetOverflow: 0 | State: Active
2025-01-25 03:33:52 - NaN Check: 1 False
2025-01-25 03:33:52 - NaN Check: 2 False
2025-01-25 03:33:52 - Resonance: 0.7 | NetInflow: 15 | NetOutflow: 15 | NetOverflow: 0 | State: Active
2025-01-25 03:33:52 - NaN Check: 1 False
2025-01-25 03:33:52 - NaN Check: 2 False
2025-01-25 03:33:52 - Resonance: 0.7 | NetInflow: 15 | NetOutflow: 15 | NetOverflow: 0 | State: Active
2025-01-25 03:33:52 - NaN Check: 1 False
2025-01-25 03:33:52 - NaN Check: 2 False
2025-01-25 03:33:52 - Resonance: 0.7 | NetInflow: 15 | NetOutflow: 15 | NetOverflow: 0 | State: Active
2025-01-25 03:33:52 - NaN Check: 1 False
2025-01-25 03:33:52 - NaN Check: 2 False
2025-01-25 03:33:52 - Resonance: 0.7 | NetInflow: 15 | NetOutflow: 15 | NetOverflow: 0 | State: Active
2025-01-25 03:33:52 - NaN Check: 1 False
2025-01-25 03:33:52 - NaN Check: 2 False
2025-01-25 03:33:52 - Resonance: 0.7 | NetInflow: 15 | NetOutflow: 15 | NetOverflow: 0 | State: Active
2025-01-25 03:33:52 - NaN Check: 1 False
2025-01-25 03:33:52 - NaN Check: 2 False
2025-01-25 03:33:52 - Resonance: 0.7 | NetInflow: 15 | NetOutflow: 15 | NetOverflow: 0 | State: Active
2025-01-25 03:33:52 - NaN Check: 1 False
2025-01-25 03:33:52 - NaN Check: 2 False
2025-01-25 03:33:52 - Resonance: 0.7 | NetInflow: 15 | NetOutflow: 15 | NetOverflow: 0 | State: Active
2025-01-25 03:33:52 - NaN Check: 1 False
2025-01-25 03:33:52 - NaN Check: 2 False
2025-01-25 03:33:52 - Resonance: 0.7 | NetInflow: 15 | NetOutflow: 15 | NetOverflow: 0 | State: Active
2025-01-25 03:33:52 - NaN Check: 1 False
2025-01-25 03:33:52 - NaN Check: 2 False
2025-01-25 03:33:52 - Resonance: 0.7 | NetInflow: 15 | NetOutflow: 15 | NetOverflow: 0 | State: Active
2025-01-25 03:33:52 - NaN Check: 1 False
2025-01-25 03:33:52 - NaN Check: 2 False
2025-01-25 03:33:52 - Resonance: 0.7 | NetInflow: 15 | NetOutflow: 15 | NetOverflow: 0 | State: Active
2025-01-25 03:33:52 - NaN Check: 1 False
2025-01-25 03:33:52 - NaN Check: 2 False
2025-01-25 03:33:52 - Resonance: 0.7 | NetInflow: 15 | NetOutflow: 15 | NetOverflow: 0 | State: Active
