2025-02-01 23:53:46 - Debugger session started.
2025-02-01 23:53:46 - BasilMuguet Test_1 started
2025-02-01 23:53:46 -  - - - Adding pulse number 0 with midi index 111. - - -
2025-02-01 23:53:46 - Pulse Index: 0 | Midi Index: 48 | Intensity: 32 | Note Name: C3
2025-02-01 23:53:46 - Pulse Index: 1 | Midi Index: 111 | Intensity: 28 | Note Name: D#/Eb8
2025-02-01 23:53:46 - 
Logging Idyll Amount:

2025-02-01 23:53:46 - Resonance: 0 | NetInflow: 2 | NetOutflow: 0 | NetOverflow: 0 | State: Active
2025-02-01 23:53:46 - Resonance: 0 | NetInflow: 2 | NetOutflow: 2 | NetOverflow: 0 | State: Active
2025-02-01 23:53:46 - Resonance: 0 | NetInflow: 2 | NetOutflow: 2 | NetOverflow: 0 | State: Active
2025-02-01 23:53:46 - Resonance: 0 | NetInflow: 2 | NetOutflow: 2 | NetOverflow: 0 | State: Active
2025-02-01 23:53:46 - Resonance: 0 | NetInflow: 2 | NetOutflow: 2 | NetOverflow: 0 | State: Active
2025-02-01 23:53:46 - Resonance: 0 | NetInflow: 2 | NetOutflow: 2 | NetOverflow: 0 | State: Active
2025-02-01 23:53:46 - Resonance: 0 | NetInflow: 2 | NetOutflow: 2 | NetOverflow: 0 | State: Active
2025-02-01 23:53:46 - Resonance: 0 | NetInflow: 2 | NetOutflow: 2 | NetOverflow: 0 | State: Active
2025-02-01 23:53:46 - Resonance: 0 | NetInflow: 2 | NetOutflow: 2 | NetOverflow: 0 | State: Active
2025-02-01 23:53:46 - Resonance: 0 | NetInflow: 2 | NetOutflow: 2 | NetOverflow: 0 | State: Active
2025-02-01 23:53:46 - Resonance: 0 | NetInflow: 2 | NetOutflow: 2 | NetOverflow: 0 | State: Active
2025-02-01 23:53:46 - Resonance: 0 | NetInflow: 2 | NetOutflow: 2 | NetOverflow: 0 | State: Active
2025-02-01 23:53:46 - Resonance: 0 | NetInflow: 2 | NetOutflow: 2 | NetOverflow: 0 | State: Active
2025-02-01 23:53:46 - Resonance: 0 | NetInflow: 2 | NetOutflow: 2 | NetOverflow: 0 | State: Active
2025-02-01 23:53:46 - Resonance: 0 | NetInflow: 2 | NetOutflow: 2 | NetOverflow: 0 | State: Active
2025-02-01 23:53:46 - Resonance: 0 | NetInflow: 2 | NetOutflow: 2 | NetOverflow: 0 | State: Active
2025-02-01 23:53:46 - Resonance: 0 | NetInflow: 2 | NetOutflow: 2 | NetOverflow: 0 | State: Active
2025-02-01 23:53:46 - Resonance: 0 | NetInflow: 2 | NetOutflow: 2 | NetOverflow: 0 | State: Active
2025-02-01 23:53:46 - Resonance: 0 | NetInflow: 2 | NetOutflow: 2 | NetOverflow: 0 | State: Active
2025-02-01 23:53:46 - Resonance: 0 | NetInflow: 2 | NetOutflow: 2 | NetOverflow: 0 | State: Active
2025-02-01 23:53:46 - Resonance: 0 | NetInflow: 2 | NetOutflow: 2 | NetOverflow: 0 | State: Active
2025-02-01 23:53:46 - Resonance: 0 | NetInflow: 2 | NetOutflow: 2 | NetOverflow: 0 | State: Active
2025-02-01 23:53:46 - Resonance: 0 | NetInflow: 2 | NetOutflow: 2 | NetOverflow: 0 | State: Active
2025-02-01 23:53:46 - Resonance: 0 | NetInflow: 2 | NetOutflow: 2 | NetOverflow: 0 | State: Active
2025-02-01 23:53:46 - Resonance: 0 | NetInflow: 2 | NetOutflow: 2 | NetOverflow: 0 | State: Active
2025-02-01 23:53:46 - Resonance: 0 | NetInflow: 2 | NetOutflow: 2 | NetOverflow: 0 | State: Active
2025-02-01 23:53:46 - Resonance: 0 | NetInflow: 2 | NetOutflow: 2 | NetOverflow: 0 | State: Active
2025-02-01 23:53:46 - Resonance: 0 | NetInflow: 2 | NetOutflow: 2 | NetOverflow: 0 | State: Active
2025-02-01 23:53:46 - Resonance: 0 | NetInflow: 2 | NetOutflow: 2 | NetOverflow: 0 | State: Active
2025-02-01 23:53:46 - Resonance: 0 | NetInflow: 2 | NetOutflow: 2 | NetOverflow: 0 | State: Active
2025-02-01 23:53:46 - Resonance: 0 | NetInflow: 2 | NetOutflow: 2 | NetOverflow: 0 | State: Active
2025-02-01 23:53:46 - Resonance: 0 | NetInflow: 2 | NetOutflow: 2 | NetOverflow: 0 | State: Active
2025-02-01 23:53:46 - Resonance: 0 | NetInflow: 2 | NetOutflow: 2 | NetOverflow: 0 | State: Active
2025-02-01 23:53:46 - Resonance: 0 | NetInflow: 2 | NetOutflow: 2 | NetOverflow: 0 | State: Active
2025-02-01 23:53:46 - Resonance: 0 | NetInflow: 2 | NetOutflow: 2 | NetOverflow: 0 | State: Active
2025-02-01 23:53:46 - Resonance: 0 | NetInflow: 2 | NetOutflow: 2 | NetOverflow: 0 | State: Active
2025-02-01 23:53:46 - Resonance: 0 | NetInflow: 2 | NetOutflow: 2 | NetOverflow: 0 | State: Active
2025-02-01 23:53:46 - Resonance: 0 | NetInflow: 2 | NetOutflow: 2 | NetOverflow: 0 | State: Active
2025-02-01 23:53:46 - Resonance: 0 | NetInflow: 2 | NetOutflow: 2 | NetOverflow: 0 | State: Active
2025-02-01 23:53:46 - Resonance: 0 | NetInflow: 2 | NetOutflow: 2 | NetOverflow: 0 | State: Active
2025-02-01 23:53:46 - Resonance: 0 | NetInflow: 2 | NetOutflow: 2 | NetOverflow: 0 | State: Active
2025-02-01 23:53:46 - Resonance: 0 | NetInflow: 2 | NetOutflow: 2 | NetOverflow: 0 | State: Active
2025-02-01 23:53:46 - Resonance: 0 | NetInflow: 2 | NetOutflow: 2 | NetOverflow: 0 | State: Active
2025-02-01 23:53:46 - Resonance: 0 | NetInflow: 2 | NetOutflow: 2 | NetOverflow: 0 | State: Active
2025-02-01 23:53:46 - Resonance: 0 | NetInflow: 2 | NetOutflow: 2 | NetOverflow: 0 | State: Active
2025-02-01 23:53:46 - Resonance: 0 | NetInflow: 2 | NetOutflow: 2 | NetOverflow: 0 | State: Active
2025-02-01 23:53:46 - Resonance: 0 | NetInflow: 2 | NetOutflow: 2 | NetOverflow: 0 | State: Active
2025-02-01 23:53:46 - Resonance: 0 | NetInflow: 2 | NetOutflow: 2 | NetOverflow: 0 | State: Active
2025-02-01 23:53:46 - Resonance: 0 | NetInflow: 2 | NetOutflow: 2 | NetOverflow: 0 | State: Active
2025-02-01 23:53:46 - Resonance: 0 | NetInflow: 2 | NetOutflow: 2 | NetOverflow: 0 | State: Active
2025-02-01 23:53:46 -  - - - Adding pulse number 1 with midi index 114. - - -
2025-02-01 23:53:46 - Pulse Index: 0 | Midi Index: 48 | Intensity: 32 | Note Name: C3
2025-02-01 23:53:46 - Pulse Index: 1 | Midi Index: 111 | Intensity: 28 | Note Name: D#/Eb8
2025-02-01 23:53:46 - Pulse Index: 2 | Midi Index: 114 | Intensity: 24 | Note Name: F#/Gb8
2025-02-01 23:53:46 - 
Logging Idyll Amount:

2025-02-01 23:53:46 - Resonance: 0 | NetInflow: 2 | NetOutflow: 2 | NetOverflow: 0 | State: Active
2025-02-01 23:53:46 - Resonance: 0 | NetInflow: 2 | NetOutflow: 2 | NetOverflow: 0 | State: Active
2025-02-01 23:53:46 - Resonance: 0 | NetInflow: 2 | NetOutflow: 2 | NetOverflow: 0 | State: Active
2025-02-01 23:53:46 - Resonance: 0 | NetInflow: 2 | NetOutflow: 2 | NetOverflow: 0 | State: Active
2025-02-01 23:53:46 - Resonance: 0 | NetInflow: 2 | NetOutflow: 2 | NetOverflow: 0 | State: Active
2025-02-01 23:53:46 - Resonance: 0 | NetInflow: 2 | NetOutflow: 2 | NetOverflow: 0 | State: Active
2025-02-01 23:53:46 - Resonance: 0 | NetInflow: 2 | NetOutflow: 2 | NetOverflow: 0 | State: Active
2025-02-01 23:53:46 - Resonance: 0 | NetInflow: 2 | NetOutflow: 2 | NetOverflow: 0 | State: Active
2025-02-01 23:53:46 - Resonance: 0 | NetInflow: 2 | NetOutflow: 2 | NetOverflow: 0 | State: Active
2025-02-01 23:53:46 - Resonance: 0 | NetInflow: 2 | NetOutflow: 2 | NetOverflow: 0 | State: Active
2025-02-01 23:53:46 - Resonance: 0 | NetInflow: 2 | NetOutflow: 2 | NetOverflow: 0 | State: Active
2025-02-01 23:53:46 - Resonance: 0 | NetInflow: 2 | NetOutflow: 2 | NetOverflow: 0 | State: Active
2025-02-01 23:53:46 - Resonance: 0 | NetInflow: 2 | NetOutflow: 2 | NetOverflow: 0 | State: Active
2025-02-01 23:53:46 - Resonance: 0 | NetInflow: 2 | NetOutflow: 2 | NetOverflow: 0 | State: Active
2025-02-01 23:53:46 - Resonance: 0 | NetInflow: 2 | NetOutflow: 2 | NetOverflow: 0 | State: Active
2025-02-01 23:53:46 - Resonance: 0 | NetInflow: 2 | NetOutflow: 2 | NetOverflow: 0 | State: Active
2025-02-01 23:53:46 - Resonance: 0 | NetInflow: 2 | NetOutflow: 2 | NetOverflow: 0 | State: Active
2025-02-01 23:53:46 - Resonance: 0 | NetInflow: 2 | NetOutflow: 2 | NetOverflow: 0 | State: Active
2025-02-01 23:53:46 - Resonance: 0 | NetInflow: 2 | NetOutflow: 2 | NetOverflow: 0 | State: Active
2025-02-01 23:53:46 - Resonance: 0 | NetInflow: 2 | NetOutflow: 2 | NetOverflow: 0 | State: Active
2025-02-01 23:53:46 - Resonance: 0 | NetInflow: 2 | NetOutflow: 2 | NetOverflow: 0 | State: Active
2025-02-01 23:53:46 - Resonance: 0 | NetInflow: 2 | NetOutflow: 2 | NetOverflow: 0 | State: Active
2025-02-01 23:53:46 - Resonance: 0 | NetInflow: 2 | NetOutflow: 2 | NetOverflow: 0 | State: Active
2025-02-01 23:53:46 - Resonance: 0 | NetInflow: 2 | NetOutflow: 2 | NetOverflow: 0 | State: Active
2025-02-01 23:53:46 - Resonance: 0 | NetInflow: 2 | NetOutflow: 2 | NetOverflow: 0 | State: Active
2025-02-01 23:53:46 - Resonance: 0 | NetInflow: 2 | NetOutflow: 2 | NetOverflow: 0 | State: Active
2025-02-01 23:53:46 - Resonance: 0 | NetInflow: 2 | NetOutflow: 2 | NetOverflow: 0 | State: Active
2025-02-01 23:53:46 - Resonance: 0 | NetInflow: 2 | NetOutflow: 2 | NetOverflow: 0 | State: Active
2025-02-01 23:53:46 - Resonance: 0 | NetInflow: 2 | NetOutflow: 2 | NetOverflow: 0 | State: Active
2025-02-01 23:53:46 - Resonance: 0 | NetInflow: 2 | NetOutflow: 2 | NetOverflow: 0 | State: Active
2025-02-01 23:53:46 - Resonance: 0 | NetInflow: 2 | NetOutflow: 2 | NetOverflow: 0 | State: Active
2025-02-01 23:53:46 - Resonance: 0 | NetInflow: 2 | NetOutflow: 2 | NetOverflow: 0 | State: Active
2025-02-01 23:53:46 - Resonance: 0 | NetInflow: 2 | NetOutflow: 2 | NetOverflow: 0 | State: Active
2025-02-01 23:53:46 - Resonance: 0 | NetInflow: 2 | NetOutflow: 2 | NetOverflow: 0 | State: Active
2025-02-01 23:53:46 - Resonance: 0 | NetInflow: 2 | NetOutflow: 2 | NetOverflow: 0 | State: Active
2025-02-01 23:53:46 - Resonance: 0 | NetInflow: 2 | NetOutflow: 2 | NetOverflow: 0 | State: Active
2025-02-01 23:53:46 - Resonance: 0 | NetInflow: 2 | NetOutflow: 2 | NetOverflow: 0 | State: Active
2025-02-01 23:53:46 - Resonance: 0 | NetInflow: 2 | NetOutflow: 2 | NetOverflow: 0 | State: Active
2025-02-01 23:53:46 - Resonance: 0 | NetInflow: 2 | NetOutflow: 2 | NetOverflow: 0 | State: Active
2025-02-01 23:53:46 - Resonance: 0 | NetInflow: 2 | NetOutflow: 2 | NetOverflow: 0 | State: Active
2025-02-01 23:53:46 - Resonance: 0 | NetInflow: 2 | NetOutflow: 2 | NetOverflow: 0 | State: Active
2025-02-01 23:53:46 - Resonance: 0 | NetInflow: 2 | NetOutflow: 2 | NetOverflow: 0 | State: Active
2025-02-01 23:53:46 - Resonance: 0 | NetInflow: 2 | NetOutflow: 2 | NetOverflow: 0 | State: Active
2025-02-01 23:53:46 - Resonance: 0 | NetInflow: 2 | NetOutflow: 2 | NetOverflow: 0 | State: Active
2025-02-01 23:53:46 - Resonance: 0 | NetInflow: 2 | NetOutflow: 2 | NetOverflow: 0 | State: Active
2025-02-01 23:53:46 - Resonance: 0 | NetInflow: 2 | NetOutflow: 2 | NetOverflow: 0 | State: Active
2025-02-01 23:53:46 - Resonance: 0 | NetInflow: 2 | NetOutflow: 2 | NetOverflow: 0 | State: Active
2025-02-01 23:53:46 - Resonance: 0 | NetInflow: 2 | NetOutflow: 2 | NetOverflow: 0 | State: Active
2025-02-01 23:53:46 - Resonance: 0 | NetInflow: 2 | NetOutflow: 2 | NetOverflow: 0 | State: Active
2025-02-01 23:53:46 - Resonance: 0 | NetInflow: 2 | NetOutflow: 2 | NetOverflow: 0 | State: Active
2025-02-01 23:53:46 -  - - - Adding pulse number 2 with midi index 112. - - -
2025-02-01 23:53:46 - Pulse Index: 0 | Midi Index: 48 | Intensity: 32 | Note Name: C3
2025-02-01 23:53:46 - Pulse Index: 1 | Midi Index: 111 | Intensity: 28 | Note Name: D#/Eb8
2025-02-01 23:53:46 - Pulse Index: 2 | Midi Index: 112 | Intensity: 34 | Note Name: E8
2025-02-01 23:53:46 - Pulse Index: 3 | Midi Index: 114 | Intensity: 24 | Note Name: F#/Gb8
2025-02-01 23:53:46 - 
Logging Idyll Amount:

2025-02-01 23:53:46 - Resonance: 0 | NetInflow: 2.7 | NetOutflow: 2.7 | NetOverflow: 0 | State: Active
2025-02-01 23:53:46 - Resonance: 0 | NetInflow: 2.7 | NetOutflow: 2.7 | NetOverflow: 0 | State: Active
2025-02-01 23:53:46 - Resonance: 0 | NetInflow: 2.7 | NetOutflow: 2.7 | NetOverflow: 0 | State: Active
2025-02-01 23:53:46 - Resonance: 0 | NetInflow: 2.7 | NetOutflow: 2.7 | NetOverflow: 0 | State: Active
2025-02-01 23:53:46 - Resonance: 0 | NetInflow: 2.7 | NetOutflow: 2.7 | NetOverflow: 0 | State: Active
2025-02-01 23:53:46 - Resonance: 0 | NetInflow: 2.7 | NetOutflow: 2.7 | NetOverflow: 0 | State: Active
2025-02-01 23:53:46 - Resonance: 0 | NetInflow: 2.7 | NetOutflow: 2.7 | NetOverflow: 0 | State: Active
2025-02-01 23:53:46 - Resonance: 0 | NetInflow: 2.7 | NetOutflow: 2.7 | NetOverflow: 0 | State: Active
2025-02-01 23:53:46 - Resonance: 0 | NetInflow: 2.7 | NetOutflow: 2.7 | NetOverflow: 0 | State: Active
2025-02-01 23:53:46 - Resonance: 0 | NetInflow: 2.7 | NetOutflow: 2.7 | NetOverflow: 0 | State: Active
2025-02-01 23:53:46 - Resonance: 0 | NetInflow: 2.7 | NetOutflow: 2.7 | NetOverflow: 0 | State: Active
2025-02-01 23:53:46 - Resonance: 0 | NetInflow: 2.7 | NetOutflow: 2.7 | NetOverflow: 0 | State: Active
2025-02-01 23:53:46 - Resonance: 0 | NetInflow: 2.7 | NetOutflow: 2.7 | NetOverflow: 0 | State: Active
2025-02-01 23:53:46 - Resonance: 0 | NetInflow: 2.7 | NetOutflow: 2.7 | NetOverflow: 0 | State: Active
2025-02-01 23:53:46 - Resonance: 0 | NetInflow: 2.7 | NetOutflow: 2.7 | NetOverflow: 0 | State: Active
2025-02-01 23:53:46 - Resonance: 0 | NetInflow: 2.7 | NetOutflow: 2.7 | NetOverflow: 0 | State: Active
2025-02-01 23:53:46 - Resonance: 0 | NetInflow: 2.7 | NetOutflow: 2.7 | NetOverflow: 0 | State: Active
2025-02-01 23:53:46 - Resonance: 0 | NetInflow: 2.7 | NetOutflow: 2.7 | NetOverflow: 0 | State: Active
2025-02-01 23:53:46 - Resonance: 0 | NetInflow: 2.7 | NetOutflow: 2.7 | NetOverflow: 0 | State: Active
2025-02-01 23:53:46 - Resonance: 0 | NetInflow: 2.7 | NetOutflow: 2.7 | NetOverflow: 0 | State: Active
2025-02-01 23:53:46 - Resonance: 0 | NetInflow: 2.7 | NetOutflow: 2.7 | NetOverflow: 0 | State: Active
2025-02-01 23:53:46 - Resonance: 0 | NetInflow: 2.7 | NetOutflow: 2.7 | NetOverflow: 0 | State: Active
2025-02-01 23:53:46 - Resonance: 0 | NetInflow: 2.7 | NetOutflow: 2.7 | NetOverflow: 0 | State: Active
2025-02-01 23:53:46 - Resonance: 0 | NetInflow: 2.7 | NetOutflow: 2.7 | NetOverflow: 0 | State: Active
2025-02-01 23:53:46 - Resonance: 0 | NetInflow: 2.7 | NetOutflow: 2.7 | NetOverflow: 0 | State: Active
2025-02-01 23:53:46 - Resonance: 0 | NetInflow: 2.7 | NetOutflow: 2.7 | NetOverflow: 0 | State: Active
2025-02-01 23:53:46 - Resonance: 0 | NetInflow: 2.7 | NetOutflow: 2.7 | NetOverflow: 0 | State: Active
2025-02-01 23:53:46 - Resonance: 0 | NetInflow: 2.7 | NetOutflow: 2.7 | NetOverflow: 0 | State: Active
2025-02-01 23:53:46 - Resonance: 0 | NetInflow: 2.7 | NetOutflow: 2.7 | NetOverflow: 0 | State: Active
2025-02-01 23:53:46 - Resonance: 0 | NetInflow: 2.7 | NetOutflow: 2.7 | NetOverflow: 0 | State: Active
2025-02-01 23:53:46 - Resonance: 0 | NetInflow: 2.7 | NetOutflow: 2.7 | NetOverflow: 0 | State: Active
2025-02-01 23:53:46 - Resonance: 0 | NetInflow: 2.7 | NetOutflow: 2.7 | NetOverflow: 0 | State: Active
2025-02-01 23:53:46 - Resonance: 0 | NetInflow: 2.7 | NetOutflow: 2.7 | NetOverflow: 0 | State: Active
2025-02-01 23:53:46 - Resonance: 0 | NetInflow: 2.7 | NetOutflow: 2.7 | NetOverflow: 0 | State: Active
2025-02-01 23:53:46 - Resonance: 0 | NetInflow: 2.7 | NetOutflow: 2.7 | NetOverflow: 0 | State: Active
2025-02-01 23:53:46 - Resonance: 0 | NetInflow: 2.7 | NetOutflow: 2.7 | NetOverflow: 0 | State: Active
2025-02-01 23:53:46 - Resonance: 0 | NetInflow: 2.7 | NetOutflow: 2.7 | NetOverflow: 0 | State: Active
2025-02-01 23:53:46 - Resonance: 0 | NetInflow: 2.7 | NetOutflow: 2.7 | NetOverflow: 0 | State: Active
2025-02-01 23:53:46 - Resonance: 0 | NetInflow: 2.7 | NetOutflow: 2.7 | NetOverflow: 0 | State: Active
2025-02-01 23:53:46 - Resonance: 0 | NetInflow: 2.7 | NetOutflow: 2.7 | NetOverflow: 0 | State: Active
2025-02-01 23:53:46 - Resonance: 0 | NetInflow: 2.7 | NetOutflow: 2.7 | NetOverflow: 0 | State: Active
2025-02-01 23:53:46 - Resonance: 0 | NetInflow: 2.7 | NetOutflow: 2.7 | NetOverflow: 0 | State: Active
2025-02-01 23:53:46 - Resonance: 0 | NetInflow: 2.7 | NetOutflow: 2.7 | NetOverflow: 0 | State: Active
2025-02-01 23:53:46 - Resonance: 0 | NetInflow: 2.7 | NetOutflow: 2.7 | NetOverflow: 0 | State: Active
2025-02-01 23:53:46 - Resonance: 0 | NetInflow: 2.7 | NetOutflow: 2.7 | NetOverflow: 0 | State: Active
2025-02-01 23:53:46 - Resonance: 0 | NetInflow: 2.7 | NetOutflow: 2.7 | NetOverflow: 0 | State: Active
2025-02-01 23:53:46 - Resonance: 0 | NetInflow: 2.7 | NetOutflow: 2.7 | NetOverflow: 0 | State: Active
2025-02-01 23:53:46 - Resonance: 0 | NetInflow: 2.7 | NetOutflow: 2.7 | NetOverflow: 0 | State: Active
2025-02-01 23:53:46 - Resonance: 0 | NetInflow: 2.7 | NetOutflow: 2.7 | NetOverflow: 0 | State: Active
2025-02-01 23:53:46 - Resonance: 0 | NetInflow: 2.7 | NetOutflow: 2.7 | NetOverflow: 0 | State: Active
2025-02-01 23:53:46 -  - - - Adding pulse number 3 with midi index 73. - - -
2025-02-01 23:53:46 - Pulse Index: 0 | Midi Index: 48 | Intensity: 32 | Note Name: C3
2025-02-01 23:53:46 - Pulse Index: 1 | Midi Index: 73 | Intensity: 26 | Note Name: C#/Db5
2025-02-01 23:53:46 - Pulse Index: 2 | Midi Index: 111 | Intensity: 28 | Note Name: D#/Eb8
2025-02-01 23:53:46 - Pulse Index: 3 | Midi Index: 112 | Intensity: 34 | Note Name: E8
2025-02-01 23:53:46 - Pulse Index: 4 | Midi Index: 114 | Intensity: 24 | Note Name: F#/Gb8
2025-02-01 23:53:46 - 
Logging Idyll Amount:

2025-02-01 23:53:46 - Resonance: 0 | NetInflow: 4 | NetOutflow: 4 | NetOverflow: 0 | State: Active
2025-02-01 23:53:46 - Resonance: 0 | NetInflow: 4 | NetOutflow: 4 | NetOverflow: 0 | State: Active
2025-02-01 23:53:46 - Resonance: 0 | NetInflow: 4 | NetOutflow: 4 | NetOverflow: 0 | State: Active
2025-02-01 23:53:46 - Resonance: 0 | NetInflow: 4 | NetOutflow: 4 | NetOverflow: 0 | State: Active
2025-02-01 23:53:46 - Resonance: 0 | NetInflow: 4 | NetOutflow: 4 | NetOverflow: 0 | State: Active
2025-02-01 23:53:46 - Resonance: 0 | NetInflow: 4 | NetOutflow: 4 | NetOverflow: 0 | State: Active
2025-02-01 23:53:46 - Resonance: 0 | NetInflow: 4 | NetOutflow: 4 | NetOverflow: 0 | State: Active
2025-02-01 23:53:46 - Resonance: 0 | NetInflow: 4 | NetOutflow: 4 | NetOverflow: 0 | State: Active
2025-02-01 23:53:46 - Resonance: 0 | NetInflow: 4 | NetOutflow: 4 | NetOverflow: 0 | State: Active
2025-02-01 23:53:46 - Resonance: 0 | NetInflow: 4 | NetOutflow: 4 | NetOverflow: 0 | State: Active
2025-02-01 23:53:46 - Resonance: 0 | NetInflow: 4 | NetOutflow: 4 | NetOverflow: 0 | State: Active
2025-02-01 23:53:46 - Resonance: 0 | NetInflow: 4 | NetOutflow: 4 | NetOverflow: 0 | State: Active
2025-02-01 23:53:46 - Resonance: 0 | NetInflow: 4 | NetOutflow: 4 | NetOverflow: 0 | State: Active
2025-02-01 23:53:46 - Resonance: 0 | NetInflow: 4 | NetOutflow: 4 | NetOverflow: 0 | State: Active
2025-02-01 23:53:46 - Resonance: 0 | NetInflow: 4 | NetOutflow: 4 | NetOverflow: 0 | State: Active
2025-02-01 23:53:46 - Resonance: 0 | NetInflow: 4 | NetOutflow: 4 | NetOverflow: 0 | State: Active
2025-02-01 23:53:46 - Resonance: 0 | NetInflow: 4 | NetOutflow: 4 | NetOverflow: 0 | State: Active
2025-02-01 23:53:46 - Resonance: 0 | NetInflow: 4 | NetOutflow: 4 | NetOverflow: 0 | State: Active
2025-02-01 23:53:46 - Resonance: 0 | NetInflow: 4 | NetOutflow: 4 | NetOverflow: 0 | State: Active
2025-02-01 23:53:46 - Resonance: 0 | NetInflow: 4 | NetOutflow: 4 | NetOverflow: 0 | State: Active
2025-02-01 23:53:46 - Resonance: 0 | NetInflow: 4 | NetOutflow: 4 | NetOverflow: 0 | State: Active
2025-02-01 23:53:46 - Resonance: 0 | NetInflow: 4 | NetOutflow: 4 | NetOverflow: 0 | State: Active
2025-02-01 23:53:46 - Resonance: 0 | NetInflow: 4 | NetOutflow: 4 | NetOverflow: 0 | State: Active
2025-02-01 23:53:46 - Resonance: 0 | NetInflow: 4 | NetOutflow: 4 | NetOverflow: 0 | State: Active
2025-02-01 23:53:46 - Resonance: 0 | NetInflow: 4 | NetOutflow: 4 | NetOverflow: 0 | State: Active
2025-02-01 23:53:46 - Resonance: 0 | NetInflow: 4 | NetOutflow: 4 | NetOverflow: 0 | State: Active
2025-02-01 23:53:46 - Resonance: 0 | NetInflow: 4 | NetOutflow: 4 | NetOverflow: 0 | State: Active
2025-02-01 23:53:46 - Resonance: 0 | NetInflow: 4 | NetOutflow: 4 | NetOverflow: 0 | State: Active
2025-02-01 23:53:46 - Resonance: 0 | NetInflow: 4 | NetOutflow: 4 | NetOverflow: 0 | State: Active
2025-02-01 23:53:46 - Resonance: 0 | NetInflow: 4 | NetOutflow: 4 | NetOverflow: 0 | State: Active
2025-02-01 23:53:46 - Resonance: 0 | NetInflow: 4 | NetOutflow: 4 | NetOverflow: 0 | State: Active
2025-02-01 23:53:46 - Resonance: 0 | NetInflow: 4 | NetOutflow: 4 | NetOverflow: 0 | State: Active
2025-02-01 23:53:46 - Resonance: 0 | NetInflow: 4 | NetOutflow: 4 | NetOverflow: 0 | State: Active
2025-02-01 23:53:46 - Resonance: 0 | NetInflow: 4 | NetOutflow: 4 | NetOverflow: 0 | State: Active
2025-02-01 23:53:46 - Resonance: 0 | NetInflow: 4 | NetOutflow: 4 | NetOverflow: 0 | State: Active
2025-02-01 23:53:46 - Resonance: 0 | NetInflow: 4 | NetOutflow: 4 | NetOverflow: 0 | State: Active
2025-02-01 23:53:46 - Resonance: 0 | NetInflow: 4 | NetOutflow: 4 | NetOverflow: 0 | State: Active
2025-02-01 23:53:46 - Resonance: 0 | NetInflow: 4 | NetOutflow: 4 | NetOverflow: 0 | State: Active
2025-02-01 23:53:46 - Resonance: 0 | NetInflow: 4 | NetOutflow: 4 | NetOverflow: 0 | State: Active
2025-02-01 23:53:46 - Resonance: 0 | NetInflow: 4 | NetOutflow: 4 | NetOverflow: 0 | State: Active
2025-02-01 23:53:46 - Resonance: 0 | NetInflow: 4 | NetOutflow: 4 | NetOverflow: 0 | State: Active
2025-02-01 23:53:46 - Resonance: 0 | NetInflow: 4 | NetOutflow: 4 | NetOverflow: 0 | State: Active
2025-02-01 23:53:46 - Resonance: 0 | NetInflow: 4 | NetOutflow: 4 | NetOverflow: 0 | State: Active
2025-02-01 23:53:46 - Resonance: 0 | NetInflow: 4 | NetOutflow: 4 | NetOverflow: 0 | State: Active
2025-02-01 23:53:46 - Resonance: 0 | NetInflow: 4 | NetOutflow: 4 | NetOverflow: 0 | State: Active
2025-02-01 23:53:46 - Resonance: 0 | NetInflow: 4 | NetOutflow: 4 | NetOverflow: 0 | State: Active
2025-02-01 23:53:46 - Resonance: 0 | NetInflow: 4 | NetOutflow: 4 | NetOverflow: 0 | State: Active
2025-02-01 23:53:46 - Resonance: 0 | NetInflow: 4 | NetOutflow: 4 | NetOverflow: 0 | State: Active
2025-02-01 23:53:46 - Resonance: 0 | NetInflow: 4 | NetOutflow: 4 | NetOverflow: 0 | State: Active
2025-02-01 23:53:46 - Resonance: 0 | NetInflow: 4 | NetOutflow: 4 | NetOverflow: 0 | State: Active
2025-02-01 23:53:46 -  - - - Adding pulse number 4 with midi index 110. - - -
2025-02-01 23:53:46 - Pulse Index: 0 | Midi Index: 48 | Intensity: 32 | Note Name: C3
2025-02-01 23:53:46 - Pulse Index: 1 | Midi Index: 73 | Intensity: 26 | Note Name: C#/Db5
2025-02-01 23:53:46 - Pulse Index: 2 | Midi Index: 110 | Intensity: 35 | Note Name: D8
2025-02-01 23:53:46 - Pulse Index: 3 | Midi Index: 111 | Intensity: 28 | Note Name: D#/Eb8
2025-02-01 23:53:46 - Pulse Index: 4 | Midi Index: 112 | Intensity: 34 | Note Name: E8
2025-02-01 23:53:46 - Pulse Index: 5 | Midi Index: 114 | Intensity: 24 | Note Name: F#/Gb8
2025-02-01 23:53:46 - 
Logging Idyll Amount:

2025-02-01 23:53:46 - Resonance: 0 | NetInflow: 6 | NetOutflow: 6 | NetOverflow: 0 | State: Active
2025-02-01 23:53:46 - Resonance: 0 | NetInflow: 6 | NetOutflow: 6 | NetOverflow: 0 | State: Active
2025-02-01 23:53:46 - Resonance: 0 | NetInflow: 6 | NetOutflow: 6 | NetOverflow: 0 | State: Active
2025-02-01 23:53:46 - Resonance: 0 | NetInflow: 6 | NetOutflow: 6 | NetOverflow: 0 | State: Active
2025-02-01 23:53:46 - Resonance: 0 | NetInflow: 6 | NetOutflow: 6 | NetOverflow: 0 | State: Active
2025-02-01 23:53:46 - Resonance: 0 | NetInflow: 6 | NetOutflow: 6 | NetOverflow: 0 | State: Active
2025-02-01 23:53:46 - Resonance: 0 | NetInflow: 6 | NetOutflow: 6 | NetOverflow: 0 | State: Active
2025-02-01 23:53:46 - Resonance: 0 | NetInflow: 6 | NetOutflow: 6 | NetOverflow: 0 | State: Active
2025-02-01 23:53:46 - Resonance: 0 | NetInflow: 6 | NetOutflow: 6 | NetOverflow: 0 | State: Active
2025-02-01 23:53:46 - Resonance: 0 | NetInflow: 6 | NetOutflow: 6 | NetOverflow: 0 | State: Active
2025-02-01 23:53:46 - Resonance: 0 | NetInflow: 6 | NetOutflow: 6 | NetOverflow: 0 | State: Active
2025-02-01 23:53:46 - Resonance: 0 | NetInflow: 6 | NetOutflow: 6 | NetOverflow: 0 | State: Active
2025-02-01 23:53:46 - Resonance: 0 | NetInflow: 6 | NetOutflow: 6 | NetOverflow: 0 | State: Active
2025-02-01 23:53:46 - Resonance: 0 | NetInflow: 6 | NetOutflow: 6 | NetOverflow: 0 | State: Active
2025-02-01 23:53:46 - Resonance: 0 | NetInflow: 6 | NetOutflow: 6 | NetOverflow: 0 | State: Active
2025-02-01 23:53:46 - Resonance: 0 | NetInflow: 6 | NetOutflow: 6 | NetOverflow: 0 | State: Active
2025-02-01 23:53:46 - Resonance: 0 | NetInflow: 6 | NetOutflow: 6 | NetOverflow: 0 | State: Active
2025-02-01 23:53:46 - Resonance: 0 | NetInflow: 6 | NetOutflow: 6 | NetOverflow: 0 | State: Active
2025-02-01 23:53:46 - Resonance: 0 | NetInflow: 6 | NetOutflow: 6 | NetOverflow: 0 | State: Active
2025-02-01 23:53:46 - Resonance: 0 | NetInflow: 6 | NetOutflow: 6 | NetOverflow: 0 | State: Active
2025-02-01 23:53:46 - Resonance: 0 | NetInflow: 6 | NetOutflow: 6 | NetOverflow: 0 | State: Active
2025-02-01 23:53:46 - Resonance: 0 | NetInflow: 6 | NetOutflow: 6 | NetOverflow: 0 | State: Active
2025-02-01 23:53:46 - Resonance: 0 | NetInflow: 6 | NetOutflow: 6 | NetOverflow: 0 | State: Active
2025-02-01 23:53:46 - Resonance: 0 | NetInflow: 6 | NetOutflow: 6 | NetOverflow: 0 | State: Active
2025-02-01 23:53:46 - Resonance: 0 | NetInflow: 6 | NetOutflow: 6 | NetOverflow: 0 | State: Active
2025-02-01 23:53:46 - Resonance: 0 | NetInflow: 6 | NetOutflow: 6 | NetOverflow: 0 | State: Active
2025-02-01 23:53:46 - Resonance: 0 | NetInflow: 6 | NetOutflow: 6 | NetOverflow: 0 | State: Active
2025-02-01 23:53:46 - Resonance: 0 | NetInflow: 6 | NetOutflow: 6 | NetOverflow: 0 | State: Active
2025-02-01 23:53:46 - Resonance: 0 | NetInflow: 6 | NetOutflow: 6 | NetOverflow: 0 | State: Active
2025-02-01 23:53:46 - Resonance: 0 | NetInflow: 6 | NetOutflow: 6 | NetOverflow: 0 | State: Active
2025-02-01 23:53:46 - Resonance: 0 | NetInflow: 6 | NetOutflow: 6 | NetOverflow: 0 | State: Active
2025-02-01 23:53:46 - Resonance: 0 | NetInflow: 6 | NetOutflow: 6 | NetOverflow: 0 | State: Active
2025-02-01 23:53:46 - Resonance: 0 | NetInflow: 6 | NetOutflow: 6 | NetOverflow: 0 | State: Active
2025-02-01 23:53:46 - Resonance: 0 | NetInflow: 6 | NetOutflow: 6 | NetOverflow: 0 | State: Active
2025-02-01 23:53:46 - Resonance: 0 | NetInflow: 6 | NetOutflow: 6 | NetOverflow: 0 | State: Active
2025-02-01 23:53:46 - Resonance: 0 | NetInflow: 6 | NetOutflow: 6 | NetOverflow: 0 | State: Active
2025-02-01 23:53:46 - Resonance: 0 | NetInflow: 6 | NetOutflow: 6 | NetOverflow: 0 | State: Active
2025-02-01 23:53:46 - Resonance: 0 | NetInflow: 6 | NetOutflow: 6 | NetOverflow: 0 | State: Active
2025-02-01 23:53:46 - Resonance: 0 | NetInflow: 6 | NetOutflow: 6 | NetOverflow: 0 | State: Active
2025-02-01 23:53:46 - Resonance: 0 | NetInflow: 6 | NetOutflow: 6 | NetOverflow: 0 | State: Active
2025-02-01 23:53:46 - Resonance: 0 | NetInflow: 6 | NetOutflow: 6 | NetOverflow: 0 | State: Active
2025-02-01 23:53:46 - Resonance: 0 | NetInflow: 6 | NetOutflow: 6 | NetOverflow: 0 | State: Active
2025-02-01 23:53:46 - Resonance: 0 | NetInflow: 6 | NetOutflow: 6 | NetOverflow: 0 | State: Active
2025-02-01 23:53:46 - Resonance: 0 | NetInflow: 6 | NetOutflow: 6 | NetOverflow: 0 | State: Active
2025-02-01 23:53:46 - Resonance: 0 | NetInflow: 6 | NetOutflow: 6 | NetOverflow: 0 | State: Active
2025-02-01 23:53:46 - Resonance: 0 | NetInflow: 6 | NetOutflow: 6 | NetOverflow: 0 | State: Active
2025-02-01 23:53:46 - Resonance: 0 | NetInflow: 6 | NetOutflow: 6 | NetOverflow: 0 | State: Active
2025-02-01 23:53:46 - Resonance: 0 | NetInflow: 6 | NetOutflow: 6 | NetOverflow: 0 | State: Active
2025-02-01 23:53:46 - Resonance: 0 | NetInflow: 6 | NetOutflow: 6 | NetOverflow: 0 | State: Active
2025-02-01 23:53:46 - Resonance: 0 | NetInflow: 6 | NetOutflow: 6 | NetOverflow: 0 | State: Active
2025-02-01 23:53:46 - Pulse Index: 0 | Midi Index: 48 | Intensity: 32 | Note Name: C3
2025-02-01 23:53:46 - Pulse Index: 1 | Midi Index: 73 | Intensity: 26 | Note Name: C#/Db5
2025-02-01 23:53:46 - Pulse Index: 2 | Midi Index: 110 | Intensity: 35 | Note Name: D8
2025-02-01 23:53:46 - Pulse Index: 3 | Midi Index: 111 | Intensity: 28 | Note Name: D#/Eb8
2025-02-01 23:53:46 - Pulse Index: 4 | Midi Index: 112 | Intensity: 34 | Note Name: E8
2025-02-01 23:53:46 - Pulse Index: 5 | Midi Index: 114 | Intensity: 24 | Note Name: F#/Gb8
