2025-01-25 02:56:22 - Debugger session started.
2025-01-25 02:56:22 - BasilMuguet Test_1 started
2025-01-25 02:56:22 -  - - - Adding pulse number 0 with midi index 116. - - -
2025-01-25 02:56:22 -  - - - Adding pulse number 1 with midi index 92. - - -
2025-01-25 02:56:22 -  - - - Adding pulse number 2 with midi index 71. - - -
2025-01-25 02:56:22 -  - - - Adding pulse number 3 with midi index 70. - - -
2025-01-25 02:56:22 -  - - - Adding pulse number 4 with midi index 81. - - -
2025-01-25 02:56:22 - Pulse Index: 0 | Midi Index: 48 | Intensity: 32 | Note Name: C3
2025-01-25 02:56:22 - Pulse Index: 1 | Midi Index: 70 | Intensity: 36 | Note Name: A#/Bb4
2025-01-25 02:56:22 - Pulse Index: 2 | Midi Index: 71 | Intensity: 62 | Note Name: B4
2025-01-25 02:56:22 - Pulse Index: 3 | Midi Index: 81 | Intensity: 50 | Note Name: A5
2025-01-25 02:56:22 - Pulse Index: 4 | Midi Index: 92 | Intensity: 53 | Note Name: G#/Ab6
2025-01-25 02:56:22 - Pulse Index: 5 | Midi Index: 116 | Intensity: 59 | Note Name: G#/Ab8
2025-01-25 02:56:22 - 
Logging Idyll Amount:

2025-01-25 02:56:22 - Resonance: 2.4 | NetInflow: 32 | NetOutflow: 16 | NetOverflow: 0 | State: Active
2025-01-25 02:56:22 - Resonance: 2.4 | NetInflow: 32 | NetOutflow: 16 | NetOverflow: 0 | State: Active
2025-01-25 02:56:22 - Resonance: 2.4 | NetInflow: 32 | NetOutflow: 16 | NetOverflow: 0 | State: Active
2025-01-25 02:56:22 - Resonance: 2.4 | NetInflow: 32 | NetOutflow: 16 | NetOverflow: 0 | State: Active
2025-01-25 02:56:22 - Resonance: 2.4 | NetInflow: 32 | NetOutflow: 16 | NetOverflow: 0 | State: Active
2025-01-25 02:56:22 - Resonance: 2.4 | NetInflow: 32 | NetOutflow: 16 | NetOverflow: 0 | State: Active
2025-01-25 02:56:22 - Resonance: 2.4 | NetInflow: 32 | NetOutflow: 16 | NetOverflow: 0 | State: Active
2025-01-25 02:56:22 - Resonance: 2.4 | NetInflow: 32 | NetOutflow: 16 | NetOverflow: 0 | State: Active
2025-01-25 02:56:22 - Resonance: 2.4 | NetInflow: 32 | NetOutflow: 16 | NetOverflow: 0 | State: Active
2025-01-25 02:56:22 - Resonance: 2.4 | NetInflow: 32 | NetOutflow: 16 | NetOverflow: 0 | State: Active
2025-01-25 02:56:22 - Resonance: 2.4 | NetInflow: 32 | NetOutflow: 16 | NetOverflow: 0 | State: Active
2025-01-25 02:56:22 - Resonance: 2.4 | NetInflow: 32 | NetOutflow: 16 | NetOverflow: 0 | State: Active
2025-01-25 02:56:22 - Resonance: 2.4 | NetInflow: 32 | NetOutflow: 16 | NetOverflow: 0 | State: Active
2025-01-25 02:56:22 - Resonance: 2.4 | NetInflow: 32 | NetOutflow: 16 | NetOverflow: 0 | State: Active
2025-01-25 02:56:22 - Resonance: 2.4 | NetInflow: 32 | NetOutflow: 16 | NetOverflow: 0 | State: Active
2025-01-25 02:56:22 - Resonance: 2.4 | NetInflow: 32 | NetOutflow: 16 | NetOverflow: 0 | State: Active
2025-01-25 02:56:22 - Resonance: 2.4 | NetInflow: 32 | NetOutflow: 16 | NetOverflow: 0 | State: Active
2025-01-25 02:56:22 - Resonance: 2.4 | NetInflow: 32 | NetOutflow: 16 | NetOverflow: 0 | State: Active
2025-01-25 02:56:22 - Resonance: 2.4 | NetInflow: 32 | NetOutflow: 16 | NetOverflow: 0 | State: Active
2025-01-25 02:56:22 - Resonance: 2.4 | NetInflow: 32 | NetOutflow: 16 | NetOverflow: 0 | State: Active
2025-01-25 02:56:22 - Resonance: 2.4 | NetInflow: 32 | NetOutflow: 16 | NetOverflow: 0 | State: Active
2025-01-25 02:56:22 - Resonance: 2.4 | NetInflow: 32 | NetOutflow: 16 | NetOverflow: 0 | State: Active
2025-01-25 02:56:22 - Resonance: 2.4 | NetInflow: 32 | NetOutflow: 16 | NetOverflow: 0 | State: Active
2025-01-25 02:56:22 - Resonance: 2.4 | NetInflow: 32 | NetOutflow: 16 | NetOverflow: 0 | State: Active
2025-01-25 02:56:22 - Resonance: 2.4 | NetInflow: 32 | NetOutflow: 16 | NetOverflow: 0 | State: Active
2025-01-25 02:56:22 - Resonance: 2.4 | NetInflow: 32 | NetOutflow: 16 | NetOverflow: 0 | State: Active
2025-01-25 02:56:22 - Resonance: 2.4 | NetInflow: 32 | NetOutflow: 16 | NetOverflow: 0 | State: Active
2025-01-25 02:56:22 - Resonance: 2.4 | NetInflow: 32 | NetOutflow: 16 | NetOverflow: 0 | State: Active
2025-01-25 02:56:22 - Resonance: 2.4 | NetInflow: 32 | NetOutflow: 16 | NetOverflow: 0 | State: Active
2025-01-25 02:56:22 - Resonance: 2.4 | NetInflow: 32 | NetOutflow: 16 | NetOverflow: 0 | State: Active
2025-01-25 02:56:22 - Resonance: 2.4 | NetInflow: 32 | NetOutflow: 16 | NetOverflow: 0 | State: Active
2025-01-25 02:56:22 - Resonance: 2.4 | NetInflow: 32 | NetOutflow: 16 | NetOverflow: 0 | State: Active
2025-01-25 02:56:22 - Resonance: 2.4 | NetInflow: 32 | NetOutflow: 16 | NetOverflow: 0 | State: Active
2025-01-25 02:56:22 - Resonance: 2.4 | NetInflow: 32 | NetOutflow: 16 | NetOverflow: 0 | State: Active
2025-01-25 02:56:22 - Resonance: 2.4 | NetInflow: 32 | NetOutflow: 16 | NetOverflow: 0 | State: Active
2025-01-25 02:56:22 - Resonance: 2.4 | NetInflow: 32 | NetOutflow: 16 | NetOverflow: 0 | State: Active
2025-01-25 02:56:22 - Resonance: 2.4 | NetInflow: 32 | NetOutflow: 16 | NetOverflow: 0 | State: Active
2025-01-25 02:56:22 - Resonance: 2.4 | NetInflow: 32 | NetOutflow: 16 | NetOverflow: 0 | State: Active
2025-01-25 02:56:22 - Resonance: 2.4 | NetInflow: 32 | NetOutflow: 16 | NetOverflow: 0 | State: Active
2025-01-25 02:56:22 - Resonance: 2.4 | NetInflow: 32 | NetOutflow: 16 | NetOverflow: 0 | State: Active
2025-01-25 02:56:22 - Resonance: 2.4 | NetInflow: 32 | NetOutflow: 16 | NetOverflow: 0 | State: Active
2025-01-25 02:56:22 - Resonance: 2.4 | NetInflow: 32 | NetOutflow: 16 | NetOverflow: 0 | State: Active
2025-01-25 02:56:22 - Resonance: 2.4 | NetInflow: 32 | NetOutflow: 16 | NetOverflow: 0 | State: Active
2025-01-25 02:56:22 - Resonance: 2.4 | NetInflow: 32 | NetOutflow: 16 | NetOverflow: 0 | State: Active
2025-01-25 02:56:22 - Resonance: 2.4 | NetInflow: 32 | NetOutflow: 16 | NetOverflow: 0 | State: Active
2025-01-25 02:56:22 - Resonance: 2.4 | NetInflow: 32 | NetOutflow: 16 | NetOverflow: 0 | State: Active
2025-01-25 02:56:22 - Resonance: 2.4 | NetInflow: 32 | NetOutflow: 16 | NetOverflow: 0 | State: Active
2025-01-25 02:56:22 - Resonance: 2.4 | NetInflow: 32 | NetOutflow: 16 | NetOverflow: 0 | State: Active
2025-01-25 02:56:22 - Resonance: 2.4 | NetInflow: 32 | NetOutflow: 16 | NetOverflow: 0 | State: Active
2025-01-25 02:56:22 - Resonance: 2.4 | NetInflow: 32 | NetOutflow: 16 | NetOverflow: 0 | State: Active
2025-01-25 02:56:22 - Resonance: 2.4 | NetInflow: 32 | NetOutflow: 16 | NetOverflow: 0 | State: Active
2025-01-25 02:56:22 - Resonance: 2.4 | NetInflow: 32 | NetOutflow: 16 | NetOverflow: 0 | State: Active
2025-01-25 02:56:22 - Resonance: 2.4 | NetInflow: 32 | NetOutflow: 16 | NetOverflow: 0 | State: Active
2025-01-25 02:56:22 - Resonance: 2.4 | NetInflow: 32 | NetOutflow: 16 | NetOverflow: 0 | State: Active
2025-01-25 02:56:22 - Resonance: 2.4 | NetInflow: 32 | NetOutflow: 16 | NetOverflow: 0 | State: Active
2025-01-25 02:56:22 - Resonance: 2.4 | NetInflow: 32 | NetOutflow: 16 | NetOverflow: 0 | State: Active
2025-01-25 02:56:22 - Resonance: 2.4 | NetInflow: 32 | NetOutflow: 16 | NetOverflow: 0 | State: Active
2025-01-25 02:56:22 - Resonance: 2.4 | NetInflow: 32 | NetOutflow: 16 | NetOverflow: 0 | State: Active
2025-01-25 02:56:22 - Resonance: 2.4 | NetInflow: 32 | NetOutflow: 16 | NetOverflow: 0 | State: Active
2025-01-25 02:56:22 - Resonance: 2.4 | NetInflow: 32 | NetOutflow: 16 | NetOverflow: 0 | State: Active
2025-01-25 02:56:22 - Resonance: 2.4 | NetInflow: 32 | NetOutflow: 16 | NetOverflow: 0 | State: Active
2025-01-25 02:56:22 - Resonance: 2.4 | NetInflow: 32 | NetOutflow: 16 | NetOverflow: 0 | State: Active
2025-01-25 02:56:22 - Resonance: 2.4 | NetInflow: 32 | NetOutflow: 16 | NetOverflow: 0 | State: Active
2025-01-25 02:56:22 - Resonance: 2.4 | NetInflow: 32 | NetOutflow: 16 | NetOverflow: 0 | State: Active
2025-01-25 02:56:22 - Resonance: 2.4 | NetInflow: 32 | NetOutflow: 16 | NetOverflow: 0 | State: Active
2025-01-25 02:56:22 - Resonance: 2.4 | NetInflow: 32 | NetOutflow: 16 | NetOverflow: 0 | State: Active
2025-01-25 02:56:22 - Resonance: 2.4 | NetInflow: 32 | NetOutflow: 16 | NetOverflow: 0 | State: Active
2025-01-25 02:56:22 - Resonance: 2.4 | NetInflow: 32 | NetOutflow: 16 | NetOverflow: 0 | State: Active
2025-01-25 02:56:22 - Resonance: 2.4 | NetInflow: 32 | NetOutflow: 16 | NetOverflow: 0 | State: Active
2025-01-25 02:56:22 - Resonance: 2.4 | NetInflow: 32 | NetOutflow: 16 | NetOverflow: 0 | State: Active
2025-01-25 02:56:22 - Resonance: 2.4 | NetInflow: 32 | NetOutflow: 16 | NetOverflow: 0 | State: Active
2025-01-25 02:56:22 - Resonance: 2.4 | NetInflow: 32 | NetOutflow: 16 | NetOverflow: 0 | State: Active
2025-01-25 02:56:22 - Resonance: 2.4 | NetInflow: 32 | NetOutflow: 16 | NetOverflow: 0 | State: Active
2025-01-25 02:56:22 - Resonance: 2.4 | NetInflow: 32 | NetOutflow: 16 | NetOverflow: 0 | State: Active
2025-01-25 02:56:22 - Resonance: 2.4 | NetInflow: 32 | NetOutflow: 16 | NetOverflow: 0 | State: Active
2025-01-25 02:56:22 - Resonance: 2.4 | NetInflow: 32 | NetOutflow: 16 | NetOverflow: 0 | State: Active
2025-01-25 02:56:22 - Resonance: 2.4 | NetInflow: 32 | NetOutflow: 16 | NetOverflow: 0 | State: Active
2025-01-25 02:56:22 - Resonance: 2.4 | NetInflow: 32 | NetOutflow: 16 | NetOverflow: 0 | State: Active
2025-01-25 02:56:22 - Resonance: 2.4 | NetInflow: 32 | NetOutflow: 16 | NetOverflow: 0 | State: Active
2025-01-25 02:56:22 - Resonance: 2.4 | NetInflow: 32 | NetOutflow: 16 | NetOverflow: 0 | State: Active
2025-01-25 02:56:22 - Resonance: 2.4 | NetInflow: 32 | NetOutflow: 16 | NetOverflow: 0 | State: Active
2025-01-25 02:56:22 - Resonance: 2.4 | NetInflow: 32 | NetOutflow: 16 | NetOverflow: 0 | State: Active
2025-01-25 02:56:22 - Resonance: 2.4 | NetInflow: 32 | NetOutflow: 16 | NetOverflow: 0 | State: Active
2025-01-25 02:56:22 - Resonance: 2.4 | NetInflow: 32 | NetOutflow: 16 | NetOverflow: 0 | State: Active
2025-01-25 02:56:22 - Resonance: 2.4 | NetInflow: 32 | NetOutflow: 16 | NetOverflow: 0 | State: Active
2025-01-25 02:56:22 - Resonance: 2.4 | NetInflow: 32 | NetOutflow: 16 | NetOverflow: 0 | State: Active
2025-01-25 02:56:22 - Resonance: 2.4 | NetInflow: 32 | NetOutflow: 16 | NetOverflow: 0 | State: Active
2025-01-25 02:56:22 - Resonance: 2.4 | NetInflow: 32 | NetOutflow: 16 | NetOverflow: 0 | State: Active
2025-01-25 02:56:22 - Resonance: 2.4 | NetInflow: 32 | NetOutflow: 16 | NetOverflow: 0 | State: Active
2025-01-25 02:56:22 - Resonance: 2.4 | NetInflow: 32 | NetOutflow: 16 | NetOverflow: 0 | State: Active
2025-01-25 02:56:22 - Resonance: 2.4 | NetInflow: 32 | NetOutflow: 16 | NetOverflow: 0 | State: Active
2025-01-25 02:56:22 - Resonance: 2.4 | NetInflow: 32 | NetOutflow: 16 | NetOverflow: 0 | State: Active
2025-01-25 02:56:22 - Resonance: 2.4 | NetInflow: 32 | NetOutflow: 16 | NetOverflow: 0 | State: Active
2025-01-25 02:56:22 - Resonance: 2.4 | NetInflow: 32 | NetOutflow: 16 | NetOverflow: 0 | State: Active
2025-01-25 02:56:22 - Resonance: 2.4 | NetInflow: 32 | NetOutflow: 16 | NetOverflow: 0 | State: Active
2025-01-25 02:56:22 - Resonance: 2.4 | NetInflow: 32 | NetOutflow: 16 | NetOverflow: 0 | State: Active
2025-01-25 02:56:22 - Resonance: 2.4 | NetInflow: 32 | NetOutflow: 16 | NetOverflow: 0 | State: Active
2025-01-25 02:56:22 - Resonance: 2.4 | NetInflow: 32 | NetOutflow: 16 | NetOverflow: 0 | State: Active
2025-01-25 02:56:22 - Resonance: 2.4 | NetInflow: 32 | NetOutflow: 16 | NetOverflow: 0 | State: Active
2025-01-25 02:56:22 - Resonance: 2.4 | NetInflow: 32 | NetOutflow: 16 | NetOverflow: 0 | State: Active
2025-01-25 02:56:22 - Resonance: 2.4 | NetInflow: 32 | NetOutflow: 16 | NetOverflow: 0 | State: Active
2025-01-25 02:56:22 - Resonance: 2.4 | NetInflow: 32 | NetOutflow: 16 | NetOverflow: 0 | State: Active
2025-01-25 02:56:22 - Resonance: 2.4 | NetInflow: 32 | NetOutflow: 16 | NetOverflow: 0 | State: Active
2025-01-25 02:56:22 - Resonance: 2.4 | NetInflow: 32 | NetOutflow: 16 | NetOverflow: 0 | State: Active
2025-01-25 02:56:22 - Resonance: 2.4 | NetInflow: 32 | NetOutflow: 16 | NetOverflow: 0 | State: Active
2025-01-25 02:56:22 - Resonance: 2.4 | NetInflow: 32 | NetOutflow: 16 | NetOverflow: 0 | State: Active
2025-01-25 02:56:22 - Resonance: 2.4 | NetInflow: 32 | NetOutflow: 16 | NetOverflow: 0 | State: Active
2025-01-25 02:56:22 - Resonance: 2.4 | NetInflow: 32 | NetOutflow: 16 | NetOverflow: 0 | State: Active
2025-01-25 02:56:22 - Resonance: 2.4 | NetInflow: 32 | NetOutflow: 16 | NetOverflow: 0 | State: Active
2025-01-25 02:56:22 - Resonance: 2.4 | NetInflow: 32 | NetOutflow: 16 | NetOverflow: 0 | State: Active
2025-01-25 02:56:22 - Resonance: 2.4 | NetInflow: 32 | NetOutflow: 16 | NetOverflow: 0 | State: Active
2025-01-25 02:56:22 - Resonance: 2.4 | NetInflow: 32 | NetOutflow: 16 | NetOverflow: 0 | State: Active
2025-01-25 02:56:22 - Resonance: 2.4 | NetInflow: 32 | NetOutflow: 16 | NetOverflow: 0 | State: Active
2025-01-25 02:56:22 - Resonance: 2.4 | NetInflow: 32 | NetOutflow: 16 | NetOverflow: 0 | State: Active
2025-01-25 02:56:22 - Resonance: 2.4 | NetInflow: 32 | NetOutflow: 16 | NetOverflow: 0 | State: Active
2025-01-25 02:56:22 - Resonance: 2.4 | NetInflow: 32 | NetOutflow: 16 | NetOverflow: 0 | State: Active
2025-01-25 02:56:22 - Resonance: 2.4 | NetInflow: 32 | NetOutflow: 16 | NetOverflow: 0 | State: Active
2025-01-25 02:56:22 - Resonance: 2.4 | NetInflow: 32 | NetOutflow: 16 | NetOverflow: 0 | State: Active
2025-01-25 02:56:22 - Resonance: 2.4 | NetInflow: 32 | NetOutflow: 16 | NetOverflow: 0 | State: Active
2025-01-25 02:56:22 - Resonance: 2.4 | NetInflow: 32 | NetOutflow: 16 | NetOverflow: 0 | State: Active
2025-01-25 02:56:22 - Resonance: 2.4 | NetInflow: 32 | NetOutflow: 16 | NetOverflow: 0 | State: Active
2025-01-25 02:56:22 - Resonance: 2.4 | NetInflow: 32 | NetOutflow: 16 | NetOverflow: 0 | State: Active
2025-01-25 02:56:22 - Resonance: 2.4 | NetInflow: 32 | NetOutflow: 16 | NetOverflow: 0 | State: Active
2025-01-25 02:56:22 - Resonance: 2.4 | NetInflow: 32 | NetOutflow: 16 | NetOverflow: 0 | State: Active
2025-01-25 02:56:22 - Resonance: 2.4 | NetInflow: 32 | NetOutflow: 16 | NetOverflow: 0 | State: Active
2025-01-25 02:56:22 - Resonance: 2.4 | NetInflow: 32 | NetOutflow: 16 | NetOverflow: 0 | State: Active
2025-01-25 02:56:22 - Resonance: 2.4 | NetInflow: 32 | NetOutflow: 16 | NetOverflow: 0 | State: Active
2025-01-25 02:56:22 - Resonance: 2.4 | NetInflow: 32 | NetOutflow: 16 | NetOverflow: 0 | State: Active
2025-01-25 02:56:22 - Resonance: 2.4 | NetInflow: 32 | NetOutflow: 16 | NetOverflow: 0 | State: Active
2025-01-25 02:56:22 - Resonance: 2.4 | NetInflow: 32 | NetOutflow: 16 | NetOverflow: 0 | State: Active
2025-01-25 02:56:22 - Resonance: 2.4 | NetInflow: 32 | NetOutflow: 16 | NetOverflow: 0 | State: Active
2025-01-25 02:56:22 - Resonance: 2.4 | NetInflow: 32 | NetOutflow: 16 | NetOverflow: 0 | State: Active
2025-01-25 02:56:22 - Resonance: 2.4 | NetInflow: 32 | NetOutflow: 16 | NetOverflow: 0 | State: Active
2025-01-25 02:56:22 - Resonance: 2.4 | NetInflow: 32 | NetOutflow: 16 | NetOverflow: 0 | State: Active
2025-01-25 02:56:22 - Resonance: 2.4 | NetInflow: 32 | NetOutflow: 16 | NetOverflow: 0 | State: Active
2025-01-25 02:56:22 - Resonance: 2.4 | NetInflow: 32 | NetOutflow: 16 | NetOverflow: 0 | State: Active
2025-01-25 02:56:22 - Resonance: 2.4 | NetInflow: 32 | NetOutflow: 16 | NetOverflow: 0 | State: Active
2025-01-25 02:56:22 - Resonance: 2.4 | NetInflow: 32 | NetOutflow: 16 | NetOverflow: 0 | State: Active
2025-01-25 02:56:22 - Resonance: 2.4 | NetInflow: 32 | NetOutflow: 16 | NetOverflow: 0 | State: Active
2025-01-25 02:56:22 - Resonance: 2.4 | NetInflow: 32 | NetOutflow: 16 | NetOverflow: 0 | State: Active
2025-01-25 02:56:22 - Resonance: 2.4 | NetInflow: 32 | NetOutflow: 16 | NetOverflow: 0 | State: Active
2025-01-25 02:56:22 - Resonance: 2.4 | NetInflow: 32 | NetOutflow: 16 | NetOverflow: 0 | State: Active
2025-01-25 02:56:22 - Resonance: 2.4 | NetInflow: 32 | NetOutflow: 16 | NetOverflow: 0 | State: Active
2025-01-25 02:56:22 - Resonance: 2.4 | NetInflow: 32 | NetOutflow: 16 | NetOverflow: 0 | State: Active
2025-01-25 02:56:22 - Resonance: 2.4 | NetInflow: 32 | NetOutflow: 16 | NetOverflow: 0 | State: Active
2025-01-25 02:56:22 - Resonance: 2.4 | NetInflow: 32 | NetOutflow: 16 | NetOverflow: 0 | State: Active
2025-01-25 02:56:22 - Resonance: 2.4 | NetInflow: 32 | NetOutflow: 16 | NetOverflow: 0 | State: Active
2025-01-25 02:56:22 - Resonance: 2.4 | NetInflow: 32 | NetOutflow: 16 | NetOverflow: 0 | State: Active
2025-01-25 02:56:22 - Resonance: 2.4 | NetInflow: 32 | NetOutflow: 16 | NetOverflow: 0 | State: Active
2025-01-25 02:56:22 - Resonance: 2.4 | NetInflow: 32 | NetOutflow: 16 | NetOverflow: 0 | State: Active
2025-01-25 02:56:22 - Resonance: 2.4 | NetInflow: 32 | NetOutflow: 16 | NetOverflow: 0 | State: Active
2025-01-25 02:56:22 - Resonance: 2.4 | NetInflow: 32 | NetOutflow: 16 | NetOverflow: 0 | State: Active
2025-01-25 02:56:22 - Resonance: 2.4 | NetInflow: 32 | NetOutflow: 16 | NetOverflow: 0 | State: Active
2025-01-25 02:56:22 - Resonance: 2.4 | NetInflow: 32 | NetOutflow: 16 | NetOverflow: 0 | State: Active
2025-01-25 02:56:22 - Resonance: 2.4 | NetInflow: 32 | NetOutflow: 16 | NetOverflow: 0 | State: Active
2025-01-25 02:56:22 - Resonance: 2.4 | NetInflow: 32 | NetOutflow: 16 | NetOverflow: 0 | State: Active
2025-01-25 02:56:22 - Resonance: 2.4 | NetInflow: 32 | NetOutflow: 16 | NetOverflow: 0 | State: Active
2025-01-25 02:56:22 - Resonance: 2.4 | NetInflow: 32 | NetOutflow: 16 | NetOverflow: 0 | State: Active
2025-01-25 02:56:22 - Resonance: 2.4 | NetInflow: 32 | NetOutflow: 16 | NetOverflow: 0 | State: Active
2025-01-25 02:56:22 - Resonance: 2.4 | NetInflow: 32 | NetOutflow: 16 | NetOverflow: 0 | State: Active
2025-01-25 02:56:22 - Resonance: 2.4 | NetInflow: 32 | NetOutflow: 16 | NetOverflow: 0 | State: Active
2025-01-25 02:56:22 - Resonance: 2.4 | NetInflow: 32 | NetOutflow: 16 | NetOverflow: 0 | State: Active
2025-01-25 02:56:22 - Resonance: 2.4 | NetInflow: 32 | NetOutflow: 16 | NetOverflow: 0 | State: Active
2025-01-25 02:56:22 - Resonance: 2.4 | NetInflow: 32 | NetOutflow: 16 | NetOverflow: 0 | State: Active
2025-01-25 02:56:22 - Resonance: 2.4 | NetInflow: 32 | NetOutflow: 16 | NetOverflow: 0 | State: Active
2025-01-25 02:56:22 - Resonance: 2.4 | NetInflow: 32 | NetOutflow: 16 | NetOverflow: 0 | State: Active
2025-01-25 02:56:22 - Resonance: 2.4 | NetInflow: 32 | NetOutflow: 16 | NetOverflow: 0 | State: Active
2025-01-25 02:56:22 - Resonance: 2.4 | NetInflow: 32 | NetOutflow: 16 | NetOverflow: 0 | State: Active
2025-01-25 02:56:22 - Resonance: 2.4 | NetInflow: 32 | NetOutflow: 16 | NetOverflow: 0 | State: Active
2025-01-25 02:56:22 - Resonance: 2.4 | NetInflow: 32 | NetOutflow: 16 | NetOverflow: 0 | State: Active
2025-01-25 02:56:22 - Resonance: 2.4 | NetInflow: 32 | NetOutflow: 16 | NetOverflow: 0 | State: Active
2025-01-25 02:56:22 - Resonance: 2.4 | NetInflow: 32 | NetOutflow: 16 | NetOverflow: 0 | State: Active
2025-01-25 02:56:22 - Resonance: 2.4 | NetInflow: 32 | NetOutflow: 16 | NetOverflow: 0 | State: Active
2025-01-25 02:56:22 - Resonance: 2.4 | NetInflow: 32 | NetOutflow: 16 | NetOverflow: 0 | State: Active
2025-01-25 02:56:22 - Resonance: 2.4 | NetInflow: 32 | NetOutflow: 16 | NetOverflow: 0 | State: Active
2025-01-25 02:56:22 - Resonance: 2.4 | NetInflow: 32 | NetOutflow: 16 | NetOverflow: 0 | State: Active
2025-01-25 02:56:22 - Resonance: 2.4 | NetInflow: 32 | NetOutflow: 16 | NetOverflow: 0 | State: Active
2025-01-25 02:56:22 - Resonance: 2.4 | NetInflow: 32 | NetOutflow: 16 | NetOverflow: 0 | State: Active
2025-01-25 02:56:22 - Resonance: 2.4 | NetInflow: 32 | NetOutflow: 16 | NetOverflow: 0 | State: Active
2025-01-25 02:56:22 - Resonance: 2.4 | NetInflow: 32 | NetOutflow: 16 | NetOverflow: 0 | State: Active
2025-01-25 02:56:22 - Resonance: 2.4 | NetInflow: 32 | NetOutflow: 16 | NetOverflow: 0 | State: Active
2025-01-25 02:56:22 - Resonance: 2.4 | NetInflow: 32 | NetOutflow: 16 | NetOverflow: 0 | State: Active
2025-01-25 02:56:22 - Resonance: 2.4 | NetInflow: 32 | NetOutflow: 16 | NetOverflow: 0 | State: Active
2025-01-25 02:56:22 - Resonance: 2.4 | NetInflow: 32 | NetOutflow: 16 | NetOverflow: 0 | State: Active
2025-01-25 02:56:22 - Resonance: 2.4 | NetInflow: 32 | NetOutflow: 16 | NetOverflow: 0 | State: Active
2025-01-25 02:56:22 - Resonance: 2.4 | NetInflow: 32 | NetOutflow: 16 | NetOverflow: 0 | State: Active
2025-01-25 02:56:22 - Resonance: 2.4 | NetInflow: 32 | NetOutflow: 16 | NetOverflow: 0 | State: Active
2025-01-25 02:56:22 - Resonance: 2.4 | NetInflow: 32 | NetOutflow: 16 | NetOverflow: 0 | State: Active
2025-01-25 02:56:22 - Resonance: 2.4 | NetInflow: 32 | NetOutflow: 16 | NetOverflow: 0 | State: Active
2025-01-25 02:56:22 - Resonance: 2.4 | NetInflow: 32 | NetOutflow: 16 | NetOverflow: 0 | State: Active
2025-01-25 02:56:22 - Resonance: 2.4 | NetInflow: 32 | NetOutflow: 16 | NetOverflow: 0 | State: Active
2025-01-25 02:56:22 - Resonance: 2.4 | NetInflow: 32 | NetOutflow: 16 | NetOverflow: 0 | State: Active
2025-01-25 02:56:22 - Resonance: 2.4 | NetInflow: 32 | NetOutflow: 16 | NetOverflow: 0 | State: Active
2025-01-25 02:56:22 - Resonance: 2.4 | NetInflow: 32 | NetOutflow: 16 | NetOverflow: 0 | State: Active
2025-01-25 02:56:22 - Resonance: 2.4 | NetInflow: 32 | NetOutflow: 16 | NetOverflow: 0 | State: Active
2025-01-25 02:56:22 - Resonance: 2.4 | NetInflow: 32 | NetOutflow: 16 | NetOverflow: 0 | State: Active
2025-01-25 02:56:22 - Resonance: 2.4 | NetInflow: 32 | NetOutflow: 16 | NetOverflow: 0 | State: Active
2025-01-25 02:56:22 - Resonance: 2.4 | NetInflow: 32 | NetOutflow: 16 | NetOverflow: 0 | State: Active
2025-01-25 02:56:22 - Resonance: 2.4 | NetInflow: 32 | NetOutflow: 16 | NetOverflow: 0 | State: Active
2025-01-25 02:56:22 - Resonance: 2.4 | NetInflow: 32 | NetOutflow: 16 | NetOverflow: 0 | State: Active
