2025-01-25 03:29:31 - Debugger session started.
2025-01-25 03:29:31 - BasilMuguet Test_1 started
2025-01-25 03:29:31 -  - - - Adding pulse number 0 with midi index 84. - - -
2025-01-25 03:29:31 -  - - - Adding pulse number 1 with midi index 68. - - -
2025-01-25 03:29:31 -  - - - Adding pulse number 2 with midi index 74. - - -
2025-01-25 03:29:31 -  - - - Adding pulse number 3 with midi index 96. - - -
2025-01-25 03:29:31 -  - - - Adding pulse number 4 with midi index 60. - - -
2025-01-25 03:29:31 - Pulse Index: 0 | Midi Index: 48 | Intensity: 32 | Note Name: C3
2025-01-25 03:29:31 - Pulse Index: 1 | Midi Index: 60 | Intensity: 42 | Note Name: C4
2025-01-25 03:29:31 - Pulse Index: 2 | Midi Index: 68 | Intensity: 35 | Note Name: G#/Ab4
2025-01-25 03:29:31 - Pulse Index: 3 | Midi Index: 74 | Intensity: 18 | Note Name: D5
2025-01-25 03:29:31 - Pulse Index: 4 | Midi Index: 84 | Intensity: 19 | Note Name: C6
2025-01-25 03:29:31 - Pulse Index: 5 | Midi Index: 96 | Intensity: 40 | Note Name: C7
2025-01-25 03:29:31 - 
Logging Idyll Amount:

2025-01-25 03:29:31 - Resonance: 0.8 | NetInflow: 16 | NetOutflow: 16 | NetOverflow: 0 | State: Active
2025-01-25 03:29:31 - Resonance: 0.8 | NetInflow: 16 | NetOutflow: 16 | NetOverflow: 0 | State: Active
2025-01-25 03:29:31 - Resonance: 0.8 | NetInflow: 16 | NetOutflow: 16 | NetOverflow: 0 | State: Active
2025-01-25 03:29:31 - Resonance: 0.8 | NetInflow: 16 | NetOutflow: 16 | NetOverflow: 0 | State: Active
2025-01-25 03:29:31 - Resonance: 0.8 | NetInflow: 16 | NetOutflow: 16 | NetOverflow: 0 | State: Active
2025-01-25 03:29:31 - Resonance: 0.8 | NetInflow: 16 | NetOutflow: 16 | NetOverflow: 0 | State: Active
2025-01-25 03:29:31 - Resonance: 0.8 | NetInflow: 16 | NetOutflow: 16 | NetOverflow: 0 | State: Active
2025-01-25 03:29:31 - Resonance: 0.8 | NetInflow: 16 | NetOutflow: 16 | NetOverflow: 0 | State: Active
2025-01-25 03:29:31 - Resonance: 0.8 | NetInflow: 16 | NetOutflow: 16 | NetOverflow: 0 | State: Active
2025-01-25 03:29:31 - Resonance: 0.8 | NetInflow: 16 | NetOutflow: 16 | NetOverflow: 0 | State: Active
2025-01-25 03:29:31 - Resonance: 0.8 | NetInflow: 16 | NetOutflow: 16 | NetOverflow: 0 | State: Active
2025-01-25 03:29:31 - Resonance: 0.8 | NetInflow: 16 | NetOutflow: 16 | NetOverflow: 0 | State: Active
2025-01-25 03:29:31 - Resonance: 0.8 | NetInflow: 16 | NetOutflow: 16 | NetOverflow: 0 | State: Active
2025-01-25 03:29:31 - Resonance: 0.8 | NetInflow: 16 | NetOutflow: 16 | NetOverflow: 0 | State: Active
2025-01-25 03:29:31 - Resonance: 0.8 | NetInflow: 16 | NetOutflow: 16 | NetOverflow: 0 | State: Active
2025-01-25 03:29:31 - Resonance: 0.8 | NetInflow: 16 | NetOutflow: 16 | NetOverflow: 0 | State: Active
2025-01-25 03:29:31 - Resonance: 0.8 | NetInflow: 16 | NetOutflow: 16 | NetOverflow: 0 | State: Active
2025-01-25 03:29:31 - Resonance: 0.8 | NetInflow: 16 | NetOutflow: 16 | NetOverflow: 0 | State: Active
2025-01-25 03:29:31 - Resonance: 0.8 | NetInflow: 16 | NetOutflow: 16 | NetOverflow: 0 | State: Active
2025-01-25 03:29:31 - Resonance: 0.8 | NetInflow: 16 | NetOutflow: 16 | NetOverflow: 0 | State: Active
2025-01-25 03:29:31 - Resonance: 0.8 | NetInflow: 16 | NetOutflow: 16 | NetOverflow: 0 | State: Active
2025-01-25 03:29:31 - Resonance: 0.8 | NetInflow: 16 | NetOutflow: 16 | NetOverflow: 0 | State: Active
2025-01-25 03:29:31 - Resonance: 0.8 | NetInflow: 16 | NetOutflow: 16 | NetOverflow: 0 | State: Active
2025-01-25 03:29:31 - Resonance: 0.8 | NetInflow: 16 | NetOutflow: 16 | NetOverflow: 0 | State: Active
2025-01-25 03:29:31 - Resonance: 0.8 | NetInflow: 16 | NetOutflow: 16 | NetOverflow: 0 | State: Active
2025-01-25 03:29:31 - Resonance: 0.8 | NetInflow: 16 | NetOutflow: 16 | NetOverflow: 0 | State: Active
2025-01-25 03:29:31 - Resonance: 0.8 | NetInflow: 16 | NetOutflow: 16 | NetOverflow: 0 | State: Active
2025-01-25 03:29:31 - Resonance: 0.8 | NetInflow: 16 | NetOutflow: 16 | NetOverflow: 0 | State: Active
2025-01-25 03:29:31 - Resonance: 0.8 | NetInflow: 16 | NetOutflow: 16 | NetOverflow: 0 | State: Active
2025-01-25 03:29:31 - Resonance: 0.8 | NetInflow: 16 | NetOutflow: 16 | NetOverflow: 0 | State: Active
2025-01-25 03:29:31 - Resonance: 0.8 | NetInflow: 16 | NetOutflow: 16 | NetOverflow: 0 | State: Active
2025-01-25 03:29:31 - Resonance: 0.8 | NetInflow: 16 | NetOutflow: 16 | NetOverflow: 0 | State: Active
2025-01-25 03:29:31 - Resonance: 0.8 | NetInflow: 16 | NetOutflow: 16 | NetOverflow: 0 | State: Active
2025-01-25 03:29:31 - Resonance: 0.8 | NetInflow: 16 | NetOutflow: 16 | NetOverflow: 0 | State: Active
2025-01-25 03:29:31 - Resonance: 0.8 | NetInflow: 16 | NetOutflow: 16 | NetOverflow: 0 | State: Active
2025-01-25 03:29:31 - Resonance: 0.8 | NetInflow: 16 | NetOutflow: 16 | NetOverflow: 0 | State: Active
2025-01-25 03:29:31 - Resonance: 0.8 | NetInflow: 16 | NetOutflow: 16 | NetOverflow: 0 | State: Active
2025-01-25 03:29:31 - Resonance: 0.8 | NetInflow: 16 | NetOutflow: 16 | NetOverflow: 0 | State: Active
2025-01-25 03:29:31 - Resonance: 0.8 | NetInflow: 16 | NetOutflow: 16 | NetOverflow: 0 | State: Active
2025-01-25 03:29:31 - Resonance: 0.8 | NetInflow: 16 | NetOutflow: 16 | NetOverflow: 0 | State: Active
2025-01-25 03:29:31 - Resonance: 0.8 | NetInflow: 16 | NetOutflow: 16 | NetOverflow: 0 | State: Active
2025-01-25 03:29:31 - Resonance: 0.8 | NetInflow: 16 | NetOutflow: 16 | NetOverflow: 0 | State: Active
2025-01-25 03:29:31 - Resonance: 0.8 | NetInflow: 16 | NetOutflow: 16 | NetOverflow: 0 | State: Active
2025-01-25 03:29:31 - Resonance: 0.8 | NetInflow: 16 | NetOutflow: 16 | NetOverflow: 0 | State: Active
2025-01-25 03:29:31 - Resonance: 0.8 | NetInflow: 16 | NetOutflow: 16 | NetOverflow: 0 | State: Active
2025-01-25 03:29:31 - Resonance: 0.8 | NetInflow: 16 | NetOutflow: 16 | NetOverflow: 0 | State: Active
2025-01-25 03:29:31 - Resonance: 0.8 | NetInflow: 16 | NetOutflow: 16 | NetOverflow: 0 | State: Active
2025-01-25 03:29:31 - Resonance: 0.8 | NetInflow: 16 | NetOutflow: 16 | NetOverflow: 0 | State: Active
2025-01-25 03:29:31 - Resonance: 0.8 | NetInflow: 16 | NetOutflow: 16 | NetOverflow: 0 | State: Active
2025-01-25 03:29:31 - Resonance: 0.8 | NetInflow: 16 | NetOutflow: 16 | NetOverflow: 0 | State: Active
2025-01-25 03:29:31 - Resonance: 0.8 | NetInflow: 16 | NetOutflow: 16 | NetOverflow: 0 | State: Active
2025-01-25 03:29:31 - Resonance: 0.8 | NetInflow: 16 | NetOutflow: 16 | NetOverflow: 0 | State: Active
2025-01-25 03:29:31 - Resonance: 0.8 | NetInflow: 16 | NetOutflow: 16 | NetOverflow: 0 | State: Active
2025-01-25 03:29:31 - Resonance: 0.8 | NetInflow: 16 | NetOutflow: 16 | NetOverflow: 0 | State: Active
2025-01-25 03:29:31 - Resonance: 0.8 | NetInflow: 16 | NetOutflow: 16 | NetOverflow: 0 | State: Active
2025-01-25 03:29:31 - Resonance: 0.8 | NetInflow: 16 | NetOutflow: 16 | NetOverflow: 0 | State: Active
2025-01-25 03:29:31 - Resonance: 0.8 | NetInflow: 16 | NetOutflow: 16 | NetOverflow: 0 | State: Active
2025-01-25 03:29:31 - Resonance: 0.8 | NetInflow: 16 | NetOutflow: 16 | NetOverflow: 0 | State: Active
2025-01-25 03:29:31 - Resonance: 0.8 | NetInflow: 16 | NetOutflow: 16 | NetOverflow: 0 | State: Active
2025-01-25 03:29:31 - Resonance: 0.8 | NetInflow: 16 | NetOutflow: 16 | NetOverflow: 0 | State: Active
2025-01-25 03:29:31 - Resonance: 0.8 | NetInflow: 16 | NetOutflow: 16 | NetOverflow: 0 | State: Active
2025-01-25 03:29:31 - Resonance: 0.8 | NetInflow: 16 | NetOutflow: 16 | NetOverflow: 0 | State: Active
2025-01-25 03:29:31 - Resonance: 0.8 | NetInflow: 16 | NetOutflow: 16 | NetOverflow: 0 | State: Active
2025-01-25 03:29:31 - Resonance: 0.8 | NetInflow: 16 | NetOutflow: 16 | NetOverflow: 0 | State: Active
2025-01-25 03:29:31 - Resonance: 0.8 | NetInflow: 16 | NetOutflow: 16 | NetOverflow: 0 | State: Active
2025-01-25 03:29:31 - Resonance: 0.8 | NetInflow: 16 | NetOutflow: 16 | NetOverflow: 0 | State: Active
2025-01-25 03:29:31 - Resonance: 0.8 | NetInflow: 16 | NetOutflow: 16 | NetOverflow: 0 | State: Active
2025-01-25 03:29:31 - Resonance: 0.8 | NetInflow: 16 | NetOutflow: 16 | NetOverflow: 0 | State: Active
2025-01-25 03:29:31 - Resonance: 0.8 | NetInflow: 16 | NetOutflow: 16 | NetOverflow: 0 | State: Active
2025-01-25 03:29:31 - Resonance: 0.8 | NetInflow: 16 | NetOutflow: 16 | NetOverflow: 0 | State: Active
2025-01-25 03:29:31 - Resonance: 0.8 | NetInflow: 16 | NetOutflow: 16 | NetOverflow: 0 | State: Active
2025-01-25 03:29:31 - Resonance: 0.8 | NetInflow: 16 | NetOutflow: 16 | NetOverflow: 0 | State: Active
2025-01-25 03:29:31 - Resonance: 0.8 | NetInflow: 16 | NetOutflow: 16 | NetOverflow: 0 | State: Active
2025-01-25 03:29:31 - Resonance: 0.8 | NetInflow: 16 | NetOutflow: 16 | NetOverflow: 0 | State: Active
2025-01-25 03:29:31 - Resonance: 0.8 | NetInflow: 16 | NetOutflow: 16 | NetOverflow: 0 | State: Active
2025-01-25 03:29:31 - Resonance: 0.8 | NetInflow: 16 | NetOutflow: 16 | NetOverflow: 0 | State: Active
2025-01-25 03:29:31 - Resonance: 0.8 | NetInflow: 16 | NetOutflow: 16 | NetOverflow: 0 | State: Active
2025-01-25 03:29:31 - Resonance: 0.8 | NetInflow: 16 | NetOutflow: 16 | NetOverflow: 0 | State: Active
2025-01-25 03:29:31 - Resonance: 0.8 | NetInflow: 16 | NetOutflow: 16 | NetOverflow: 0 | State: Active
2025-01-25 03:29:31 - Resonance: 0.8 | NetInflow: 16 | NetOutflow: 16 | NetOverflow: 0 | State: Active
2025-01-25 03:29:31 - Resonance: 0.8 | NetInflow: 16 | NetOutflow: 16 | NetOverflow: 0 | State: Active
2025-01-25 03:29:31 - Resonance: 0.8 | NetInflow: 16 | NetOutflow: 16 | NetOverflow: 0 | State: Active
2025-01-25 03:29:31 - Resonance: 0.8 | NetInflow: 16 | NetOutflow: 16 | NetOverflow: 0 | State: Active
2025-01-25 03:29:31 - Resonance: 0.8 | NetInflow: 16 | NetOutflow: 16 | NetOverflow: 0 | State: Active
2025-01-25 03:29:31 - Resonance: 0.8 | NetInflow: 16 | NetOutflow: 16 | NetOverflow: 0 | State: Active
2025-01-25 03:29:31 - Resonance: 0.8 | NetInflow: 16 | NetOutflow: 16 | NetOverflow: 0 | State: Active
2025-01-25 03:29:31 - Resonance: 0.8 | NetInflow: 16 | NetOutflow: 16 | NetOverflow: 0 | State: Active
2025-01-25 03:29:31 - Resonance: 0.8 | NetInflow: 16 | NetOutflow: 16 | NetOverflow: 0 | State: Active
2025-01-25 03:29:31 - Resonance: 0.8 | NetInflow: 16 | NetOutflow: 16 | NetOverflow: 0 | State: Active
2025-01-25 03:29:31 - Resonance: 0.8 | NetInflow: 16 | NetOutflow: 16 | NetOverflow: 0 | State: Active
2025-01-25 03:29:31 - Resonance: 0.8 | NetInflow: 16 | NetOutflow: 16 | NetOverflow: 0 | State: Active
2025-01-25 03:29:31 - Resonance: 0.8 | NetInflow: 16 | NetOutflow: 16 | NetOverflow: 0 | State: Active
2025-01-25 03:29:31 - Resonance: 0.8 | NetInflow: 16 | NetOutflow: 16 | NetOverflow: 0 | State: Active
2025-01-25 03:29:31 - Resonance: 0.8 | NetInflow: 16 | NetOutflow: 16 | NetOverflow: 0 | State: Active
2025-01-25 03:29:31 - Resonance: 0.8 | NetInflow: 16 | NetOutflow: 16 | NetOverflow: 0 | State: Active
2025-01-25 03:29:31 - Resonance: 0.8 | NetInflow: 16 | NetOutflow: 16 | NetOverflow: 0 | State: Active
2025-01-25 03:29:31 - Resonance: 0.8 | NetInflow: 16 | NetOutflow: 16 | NetOverflow: 0 | State: Active
2025-01-25 03:29:31 - Resonance: 0.8 | NetInflow: 16 | NetOutflow: 16 | NetOverflow: 0 | State: Active
2025-01-25 03:29:31 - Resonance: 0.8 | NetInflow: 16 | NetOutflow: 16 | NetOverflow: 0 | State: Active
2025-01-25 03:29:31 - Resonance: 0.8 | NetInflow: 16 | NetOutflow: 16 | NetOverflow: 0 | State: Active
2025-01-25 03:29:31 - Resonance: 0.8 | NetInflow: 16 | NetOutflow: 16 | NetOverflow: 0 | State: Active
2025-01-25 03:29:31 - Resonance: 0.8 | NetInflow: 16 | NetOutflow: 16 | NetOverflow: 0 | State: Active
2025-01-25 03:29:31 - Resonance: 0.8 | NetInflow: 16 | NetOutflow: 16 | NetOverflow: 0 | State: Active
2025-01-25 03:29:31 - Resonance: 0.8 | NetInflow: 16 | NetOutflow: 16 | NetOverflow: 0 | State: Active
2025-01-25 03:29:31 - Resonance: 0.8 | NetInflow: 16 | NetOutflow: 16 | NetOverflow: 0 | State: Active
2025-01-25 03:29:31 - Resonance: 0.8 | NetInflow: 16 | NetOutflow: 16 | NetOverflow: 0 | State: Active
2025-01-25 03:29:31 - Resonance: 0.8 | NetInflow: 16 | NetOutflow: 16 | NetOverflow: 0 | State: Active
2025-01-25 03:29:31 - Resonance: 0.8 | NetInflow: 16 | NetOutflow: 16 | NetOverflow: 0 | State: Active
2025-01-25 03:29:31 - Resonance: 0.8 | NetInflow: 16 | NetOutflow: 16 | NetOverflow: 0 | State: Active
2025-01-25 03:29:31 - Resonance: 0.8 | NetInflow: 16 | NetOutflow: 16 | NetOverflow: 0 | State: Active
2025-01-25 03:29:31 - Resonance: 0.8 | NetInflow: 16 | NetOutflow: 16 | NetOverflow: 0 | State: Active
2025-01-25 03:29:31 - Resonance: 0.8 | NetInflow: 16 | NetOutflow: 16 | NetOverflow: 0 | State: Active
2025-01-25 03:29:31 - Resonance: 0.8 | NetInflow: 16 | NetOutflow: 16 | NetOverflow: 0 | State: Active
2025-01-25 03:29:31 - Resonance: 0.8 | NetInflow: 16 | NetOutflow: 16 | NetOverflow: 0 | State: Active
2025-01-25 03:29:31 - Resonance: 0.8 | NetInflow: 16 | NetOutflow: 16 | NetOverflow: 0 | State: Active
2025-01-25 03:29:31 - Resonance: 0.8 | NetInflow: 16 | NetOutflow: 16 | NetOverflow: 0 | State: Active
2025-01-25 03:29:31 - Resonance: 0.8 | NetInflow: 16 | NetOutflow: 16 | NetOverflow: 0 | State: Active
2025-01-25 03:29:31 - Resonance: 0.8 | NetInflow: 16 | NetOutflow: 16 | NetOverflow: 0 | State: Active
2025-01-25 03:29:31 - Resonance: 0.8 | NetInflow: 16 | NetOutflow: 16 | NetOverflow: 0 | State: Active
2025-01-25 03:29:31 - Resonance: 0.8 | NetInflow: 16 | NetOutflow: 16 | NetOverflow: 0 | State: Active
2025-01-25 03:29:31 - Resonance: 0.8 | NetInflow: 16 | NetOutflow: 16 | NetOverflow: 0 | State: Active
2025-01-25 03:29:31 - Resonance: 0.8 | NetInflow: 16 | NetOutflow: 16 | NetOverflow: 0 | State: Active
2025-01-25 03:29:31 - Resonance: 0.8 | NetInflow: 16 | NetOutflow: 16 | NetOverflow: 0 | State: Active
2025-01-25 03:29:31 - Resonance: 0.8 | NetInflow: 16 | NetOutflow: 16 | NetOverflow: 0 | State: Active
2025-01-25 03:29:31 - Resonance: 0.8 | NetInflow: 16 | NetOutflow: 16 | NetOverflow: 0 | State: Active
2025-01-25 03:29:31 - Resonance: 0.8 | NetInflow: 16 | NetOutflow: 16 | NetOverflow: 0 | State: Active
2025-01-25 03:29:31 - Resonance: 0.8 | NetInflow: 16 | NetOutflow: 16 | NetOverflow: 0 | State: Active
2025-01-25 03:29:31 - Resonance: 0.8 | NetInflow: 16 | NetOutflow: 16 | NetOverflow: 0 | State: Active
2025-01-25 03:29:31 - Resonance: 0.8 | NetInflow: 16 | NetOutflow: 16 | NetOverflow: 0 | State: Active
2025-01-25 03:29:31 - Resonance: 0.8 | NetInflow: 16 | NetOutflow: 16 | NetOverflow: 0 | State: Active
2025-01-25 03:29:31 - Resonance: 0.8 | NetInflow: 16 | NetOutflow: 16 | NetOverflow: 0 | State: Active
2025-01-25 03:29:31 - Resonance: 0.8 | NetInflow: 16 | NetOutflow: 16 | NetOverflow: 0 | State: Active
2025-01-25 03:29:31 - Resonance: 0.8 | NetInflow: 16 | NetOutflow: 16 | NetOverflow: 0 | State: Active
2025-01-25 03:29:31 - Resonance: 0.8 | NetInflow: 16 | NetOutflow: 16 | NetOverflow: 0 | State: Active
2025-01-25 03:29:31 - Resonance: 0.8 | NetInflow: 16 | NetOutflow: 16 | NetOverflow: 0 | State: Active
2025-01-25 03:29:31 - Resonance: 0.8 | NetInflow: 16 | NetOutflow: 16 | NetOverflow: 0 | State: Active
2025-01-25 03:29:31 - Resonance: 0.8 | NetInflow: 16 | NetOutflow: 16 | NetOverflow: 0 | State: Active
2025-01-25 03:29:31 - Resonance: 0.8 | NetInflow: 16 | NetOutflow: 16 | NetOverflow: 0 | State: Active
2025-01-25 03:29:31 - Resonance: 0.8 | NetInflow: 16 | NetOutflow: 16 | NetOverflow: 0 | State: Active
2025-01-25 03:29:31 - Resonance: 0.8 | NetInflow: 16 | NetOutflow: 16 | NetOverflow: 0 | State: Active
2025-01-25 03:29:31 - Resonance: 0.8 | NetInflow: 16 | NetOutflow: 16 | NetOverflow: 0 | State: Active
2025-01-25 03:29:31 - Resonance: 0.8 | NetInflow: 16 | NetOutflow: 16 | NetOverflow: 0 | State: Active
2025-01-25 03:29:31 - Resonance: 0.8 | NetInflow: 16 | NetOutflow: 16 | NetOverflow: 0 | State: Active
2025-01-25 03:29:31 - Resonance: 0.8 | NetInflow: 16 | NetOutflow: 16 | NetOverflow: 0 | State: Active
2025-01-25 03:29:31 - Resonance: 0.8 | NetInflow: 16 | NetOutflow: 16 | NetOverflow: 0 | State: Active
2025-01-25 03:29:31 - Resonance: 0.8 | NetInflow: 16 | NetOutflow: 16 | NetOverflow: 0 | State: Active
2025-01-25 03:29:31 - Resonance: 0.8 | NetInflow: 16 | NetOutflow: 16 | NetOverflow: 0 | State: Active
2025-01-25 03:29:31 - Resonance: 0.8 | NetInflow: 16 | NetOutflow: 16 | NetOverflow: 0 | State: Active
2025-01-25 03:29:31 - Resonance: 0.8 | NetInflow: 16 | NetOutflow: 16 | NetOverflow: 0 | State: Active
2025-01-25 03:29:31 - Resonance: 0.8 | NetInflow: 16 | NetOutflow: 16 | NetOverflow: 0 | State: Active
2025-01-25 03:29:31 - Resonance: 0.8 | NetInflow: 16 | NetOutflow: 16 | NetOverflow: 0 | State: Active
2025-01-25 03:29:31 - Resonance: 0.8 | NetInflow: 16 | NetOutflow: 16 | NetOverflow: 0 | State: Active
2025-01-25 03:29:31 - Resonance: 0.8 | NetInflow: 16 | NetOutflow: 16 | NetOverflow: 0 | State: Active
2025-01-25 03:29:31 - Resonance: 0.8 | NetInflow: 16 | NetOutflow: 16 | NetOverflow: 0 | State: Active
2025-01-25 03:29:31 - Resonance: 0.8 | NetInflow: 16 | NetOutflow: 16 | NetOverflow: 0 | State: Active
2025-01-25 03:29:31 - Resonance: 0.8 | NetInflow: 16 | NetOutflow: 16 | NetOverflow: 0 | State: Active
2025-01-25 03:29:31 - Resonance: 0.8 | NetInflow: 16 | NetOutflow: 16 | NetOverflow: 0 | State: Active
2025-01-25 03:29:31 - Resonance: 0.8 | NetInflow: 16 | NetOutflow: 16 | NetOverflow: 0 | State: Active
2025-01-25 03:29:31 - Resonance: 0.8 | NetInflow: 16 | NetOutflow: 16 | NetOverflow: 0 | State: Active
2025-01-25 03:29:31 - Resonance: 0.8 | NetInflow: 16 | NetOutflow: 16 | NetOverflow: 0 | State: Active
2025-01-25 03:29:31 - Resonance: 0.8 | NetInflow: 16 | NetOutflow: 16 | NetOverflow: 0 | State: Active
2025-01-25 03:29:31 - Resonance: 0.8 | NetInflow: 16 | NetOutflow: 16 | NetOverflow: 0 | State: Active
2025-01-25 03:29:31 - Resonance: 0.8 | NetInflow: 16 | NetOutflow: 16 | NetOverflow: 0 | State: Active
2025-01-25 03:29:31 - Resonance: 0.8 | NetInflow: 16 | NetOutflow: 16 | NetOverflow: 0 | State: Active
2025-01-25 03:29:31 - Resonance: 0.8 | NetInflow: 16 | NetOutflow: 16 | NetOverflow: 0 | State: Active
2025-01-25 03:29:31 - Resonance: 0.8 | NetInflow: 16 | NetOutflow: 16 | NetOverflow: 0 | State: Active
2025-01-25 03:29:31 - Resonance: 0.8 | NetInflow: 16 | NetOutflow: 16 | NetOverflow: 0 | State: Active
2025-01-25 03:29:31 - Resonance: 0.8 | NetInflow: 16 | NetOutflow: 16 | NetOverflow: 0 | State: Active
2025-01-25 03:29:31 - Resonance: 0.8 | NetInflow: 16 | NetOutflow: 16 | NetOverflow: 0 | State: Active
2025-01-25 03:29:31 - Resonance: 0.8 | NetInflow: 16 | NetOutflow: 16 | NetOverflow: 0 | State: Active
2025-01-25 03:29:31 - Resonance: 0.8 | NetInflow: 16 | NetOutflow: 16 | NetOverflow: 0 | State: Active
2025-01-25 03:29:31 - Resonance: 0.8 | NetInflow: 16 | NetOutflow: 16 | NetOverflow: 0 | State: Active
2025-01-25 03:29:31 - Resonance: 0.8 | NetInflow: 16 | NetOutflow: 16 | NetOverflow: 0 | State: Active
2025-01-25 03:29:31 - Resonance: 0.8 | NetInflow: 16 | NetOutflow: 16 | NetOverflow: 0 | State: Active
2025-01-25 03:29:31 - Resonance: 0.8 | NetInflow: 16 | NetOutflow: 16 | NetOverflow: 0 | State: Active
2025-01-25 03:29:31 - Resonance: 0.8 | NetInflow: 16 | NetOutflow: 16 | NetOverflow: 0 | State: Active
2025-01-25 03:29:31 - Resonance: 0.8 | NetInflow: 16 | NetOutflow: 16 | NetOverflow: 0 | State: Active
2025-01-25 03:29:31 - Resonance: 0.8 | NetInflow: 16 | NetOutflow: 16 | NetOverflow: 0 | State: Active
2025-01-25 03:29:31 - Resonance: 0.8 | NetInflow: 16 | NetOutflow: 16 | NetOverflow: 0 | State: Active
2025-01-25 03:29:31 - Resonance: 0.8 | NetInflow: 16 | NetOutflow: 16 | NetOverflow: 0 | State: Active
2025-01-25 03:29:31 - Resonance: 0.8 | NetInflow: 16 | NetOutflow: 16 | NetOverflow: 0 | State: Active
2025-01-25 03:29:31 - Resonance: 0.8 | NetInflow: 16 | NetOutflow: 16 | NetOverflow: 0 | State: Active
2025-01-25 03:29:31 - Resonance: 0.8 | NetInflow: 16 | NetOutflow: 16 | NetOverflow: 0 | State: Active
2025-01-25 03:29:31 - Resonance: 0.8 | NetInflow: 16 | NetOutflow: 16 | NetOverflow: 0 | State: Active
2025-01-25 03:29:31 - Resonance: 0.8 | NetInflow: 16 | NetOutflow: 16 | NetOverflow: 0 | State: Active
2025-01-25 03:29:31 - Resonance: 0.8 | NetInflow: 16 | NetOutflow: 16 | NetOverflow: 0 | State: Active
2025-01-25 03:29:31 - Resonance: 0.8 | NetInflow: 16 | NetOutflow: 16 | NetOverflow: 0 | State: Active
2025-01-25 03:29:31 - Resonance: 0.8 | NetInflow: 16 | NetOutflow: 16 | NetOverflow: 0 | State: Active
2025-01-25 03:29:31 - Resonance: 0.8 | NetInflow: 16 | NetOutflow: 16 | NetOverflow: 0 | State: Active
2025-01-25 03:29:31 - Resonance: 0.8 | NetInflow: 16 | NetOutflow: 16 | NetOverflow: 0 | State: Active
2025-01-25 03:29:31 - Resonance: 0.8 | NetInflow: 16 | NetOutflow: 16 | NetOverflow: 0 | State: Active
2025-01-25 03:29:31 - Resonance: 0.8 | NetInflow: 16 | NetOutflow: 16 | NetOverflow: 0 | State: Active
2025-01-25 03:29:31 - Resonance: 0.8 | NetInflow: 16 | NetOutflow: 16 | NetOverflow: 0 | State: Active
2025-01-25 03:29:31 - Resonance: 0.8 | NetInflow: 16 | NetOutflow: 16 | NetOverflow: 0 | State: Active
2025-01-25 03:29:31 - Resonance: 0.8 | NetInflow: 16 | NetOutflow: 16 | NetOverflow: 0 | State: Active
2025-01-25 03:29:31 - Resonance: 0.8 | NetInflow: 16 | NetOutflow: 16 | NetOverflow: 0 | State: Active
2025-01-25 03:29:31 - Resonance: 0.8 | NetInflow: 16 | NetOutflow: 16 | NetOverflow: 0 | State: Active
2025-01-25 03:29:31 - Resonance: 0.8 | NetInflow: 16 | NetOutflow: 16 | NetOverflow: 0 | State: Active
2025-01-25 03:29:31 - Resonance: 0.8 | NetInflow: 16 | NetOutflow: 16 | NetOverflow: 0 | State: Active
2025-01-25 03:29:31 - Resonance: 0.8 | NetInflow: 16 | NetOutflow: 16 | NetOverflow: 0 | State: Active
