2025-01-25 03:06:52 - Debugger session started.
2025-01-25 03:06:52 - BasilMuguet Test_1 started
2025-01-25 03:06:52 -  - - - Adding pulse number 0 with midi index 89. - - -
2025-01-25 03:06:52 -  - - - Adding pulse number 1 with midi index 109. - - -
2025-01-25 03:06:52 -  - - - Adding pulse number 2 with midi index 60. - - -
2025-01-25 03:06:52 -  - - - Adding pulse number 3 with midi index 64. - - -
2025-01-25 03:06:52 -  - - - Adding pulse number 4 with midi index 97. - - -
2025-01-25 03:06:52 - Pulse Index: 0 | Midi Index: 48 | Intensity: 32 | Note Name: C3
2025-01-25 03:06:52 - Pulse Index: 1 | Midi Index: 60 | Intensity: 31 | Note Name: C4
2025-01-25 03:06:52 - Pulse Index: 2 | Midi Index: 64 | Intensity: 60 | Note Name: E4
2025-01-25 03:06:52 - Pulse Index: 3 | Midi Index: 89 | Intensity: 47 | Note Name: F6
2025-01-25 03:06:52 - Pulse Index: 4 | Midi Index: 97 | Intensity: 51 | Note Name: C#/Db7
2025-01-25 03:06:52 - Pulse Index: 5 | Midi Index: 109 | Intensity: 27 | Note Name: C#/Db8
2025-01-25 03:06:53 - 
Logging Idyll Amount:

2025-01-25 03:06:53 - Resonance: 2 | NetInflow: 28.5 | NetOutflow: 16 | NetOverflow: 0 | State: Active
2025-01-25 03:06:53 - Resonance: 2 | NetInflow: 28.5 | NetOutflow: 16 | NetOverflow: 0 | State: Active
2025-01-25 03:06:53 - Resonance: 2 | NetInflow: 28.5 | NetOutflow: 16 | NetOverflow: 0 | State: Active
2025-01-25 03:06:53 - Resonance: 2 | NetInflow: 28.5 | NetOutflow: 16 | NetOverflow: 0 | State: Active
2025-01-25 03:06:53 - Resonance: 2 | NetInflow: 28.5 | NetOutflow: 16 | NetOverflow: 0 | State: Active
2025-01-25 03:06:53 - Resonance: 2 | NetInflow: 28.5 | NetOutflow: 16 | NetOverflow: 0 | State: Active
2025-01-25 03:06:53 - Resonance: 2 | NetInflow: 28.5 | NetOutflow: 16 | NetOverflow: 0 | State: Active
2025-01-25 03:06:53 - Resonance: 2 | NetInflow: 28.5 | NetOutflow: 16 | NetOverflow: 0 | State: Active
2025-01-25 03:06:53 - Resonance: 2 | NetInflow: 28.5 | NetOutflow: 16 | NetOverflow: 0 | State: Active
2025-01-25 03:06:53 - Resonance: 2 | NetInflow: 28.5 | NetOutflow: 16 | NetOverflow: 0 | State: Active
2025-01-25 03:06:53 - Resonance: 2 | NetInflow: 28.5 | NetOutflow: 16 | NetOverflow: 0 | State: Active
2025-01-25 03:06:53 - Resonance: 2 | NetInflow: 28.5 | NetOutflow: 16 | NetOverflow: 0 | State: Active
2025-01-25 03:06:53 - Resonance: 2 | NetInflow: 28.5 | NetOutflow: 16 | NetOverflow: 0 | State: Active
2025-01-25 03:06:53 - Resonance: 2 | NetInflow: 28.5 | NetOutflow: 16 | NetOverflow: 0 | State: Active
2025-01-25 03:06:53 - Resonance: 2 | NetInflow: 28.5 | NetOutflow: 16 | NetOverflow: 0 | State: Active
2025-01-25 03:06:53 - Resonance: 2 | NetInflow: 28.5 | NetOutflow: 16 | NetOverflow: 0 | State: Active
2025-01-25 03:06:53 - Resonance: 2 | NetInflow: 28.5 | NetOutflow: 16 | NetOverflow: 0 | State: Active
2025-01-25 03:06:53 - Resonance: 2 | NetInflow: 28.5 | NetOutflow: 16 | NetOverflow: 0 | State: Active
2025-01-25 03:06:53 - Resonance: 2 | NetInflow: 28.5 | NetOutflow: 16 | NetOverflow: 0 | State: Active
2025-01-25 03:06:53 - Resonance: 2 | NetInflow: 28.5 | NetOutflow: 16 | NetOverflow: 0 | State: Active
2025-01-25 03:06:53 - Resonance: 2 | NetInflow: 28.5 | NetOutflow: 16 | NetOverflow: 0 | State: Active
2025-01-25 03:06:53 - Resonance: 2 | NetInflow: 28.5 | NetOutflow: 16 | NetOverflow: 0 | State: Active
2025-01-25 03:06:53 - Resonance: 2 | NetInflow: 28.5 | NetOutflow: 16 | NetOverflow: 0 | State: Active
2025-01-25 03:06:53 - Resonance: 2 | NetInflow: 28.5 | NetOutflow: 16 | NetOverflow: 0 | State: Active
2025-01-25 03:06:53 - Resonance: 2 | NetInflow: 28.5 | NetOutflow: 16 | NetOverflow: 0 | State: Active
2025-01-25 03:06:53 - Resonance: 2 | NetInflow: 28.5 | NetOutflow: 16 | NetOverflow: 0 | State: Active
2025-01-25 03:06:53 - Resonance: 2 | NetInflow: 28.5 | NetOutflow: 16 | NetOverflow: 0 | State: Active
2025-01-25 03:06:53 - Resonance: 2 | NetInflow: 28.5 | NetOutflow: 16 | NetOverflow: 0 | State: Active
2025-01-25 03:06:53 - Resonance: 2 | NetInflow: 28.5 | NetOutflow: 16 | NetOverflow: 0 | State: Active
2025-01-25 03:06:53 - Resonance: 2 | NetInflow: 28.5 | NetOutflow: 16 | NetOverflow: 0 | State: Active
2025-01-25 03:06:53 - Resonance: 2 | NetInflow: 28.5 | NetOutflow: 16 | NetOverflow: 0 | State: Active
2025-01-25 03:06:53 - Resonance: 2 | NetInflow: 28.5 | NetOutflow: 16 | NetOverflow: 0 | State: Active
2025-01-25 03:06:53 - Resonance: 2 | NetInflow: 28.5 | NetOutflow: 16 | NetOverflow: 0 | State: Active
2025-01-25 03:06:53 - Resonance: 2 | NetInflow: 28.5 | NetOutflow: 16 | NetOverflow: 0 | State: Active
2025-01-25 03:06:53 - Resonance: 2 | NetInflow: 28.5 | NetOutflow: 16 | NetOverflow: 0 | State: Active
2025-01-25 03:06:53 - Resonance: 2 | NetInflow: 28.5 | NetOutflow: 16 | NetOverflow: 0 | State: Active
2025-01-25 03:06:53 - Resonance: 2 | NetInflow: 28.5 | NetOutflow: 16 | NetOverflow: 0 | State: Active
2025-01-25 03:06:53 - Resonance: 2 | NetInflow: 28.5 | NetOutflow: 16 | NetOverflow: 0 | State: Active
2025-01-25 03:06:53 - Resonance: 2 | NetInflow: 28.5 | NetOutflow: 16 | NetOverflow: 0 | State: Active
2025-01-25 03:06:53 - Resonance: 2 | NetInflow: 28.5 | NetOutflow: 16 | NetOverflow: 0 | State: Active
2025-01-25 03:06:53 - Resonance: 2 | NetInflow: 28.5 | NetOutflow: 16 | NetOverflow: 0 | State: Active
2025-01-25 03:06:53 - Resonance: 2 | NetInflow: 28.5 | NetOutflow: 16 | NetOverflow: 0 | State: Active
2025-01-25 03:06:53 - Resonance: 2 | NetInflow: 28.5 | NetOutflow: 16 | NetOverflow: 0 | State: Active
2025-01-25 03:06:53 - Resonance: 2 | NetInflow: 28.5 | NetOutflow: 16 | NetOverflow: 0 | State: Active
2025-01-25 03:06:53 - Resonance: 2 | NetInflow: 28.5 | NetOutflow: 16 | NetOverflow: 0 | State: Active
2025-01-25 03:06:53 - Resonance: 2 | NetInflow: 28.5 | NetOutflow: 16 | NetOverflow: 0 | State: Active
2025-01-25 03:06:53 - Resonance: 2 | NetInflow: 28.5 | NetOutflow: 16 | NetOverflow: 0 | State: Active
2025-01-25 03:06:53 - Resonance: 2 | NetInflow: 28.5 | NetOutflow: 16 | NetOverflow: 0 | State: Active
2025-01-25 03:06:53 - Resonance: 2 | NetInflow: 28.5 | NetOutflow: 16 | NetOverflow: 0 | State: Active
2025-01-25 03:06:53 - Resonance: 2 | NetInflow: 28.5 | NetOutflow: 16 | NetOverflow: 0 | State: Active
2025-01-25 03:06:53 - Resonance: 2 | NetInflow: 28.5 | NetOutflow: 16 | NetOverflow: 0 | State: Active
2025-01-25 03:06:53 - Resonance: 2 | NetInflow: 28.5 | NetOutflow: 16 | NetOverflow: 0 | State: Active
2025-01-25 03:06:53 - Resonance: 2 | NetInflow: 28.5 | NetOutflow: 16 | NetOverflow: 0 | State: Active
2025-01-25 03:06:53 - Resonance: 2 | NetInflow: 28.5 | NetOutflow: 16 | NetOverflow: 0 | State: Active
2025-01-25 03:06:53 - Resonance: 2 | NetInflow: 28.5 | NetOutflow: 16 | NetOverflow: 0 | State: Active
2025-01-25 03:06:53 - Resonance: 2 | NetInflow: 28.5 | NetOutflow: 16 | NetOverflow: 0 | State: Active
2025-01-25 03:06:53 - Resonance: 2 | NetInflow: 28.5 | NetOutflow: 16 | NetOverflow: 0 | State: Active
2025-01-25 03:06:53 - Resonance: 2 | NetInflow: 28.5 | NetOutflow: 16 | NetOverflow: 0 | State: Active
2025-01-25 03:06:53 - Resonance: 2 | NetInflow: 28.5 | NetOutflow: 16 | NetOverflow: 0 | State: Active
2025-01-25 03:06:53 - Resonance: 2 | NetInflow: 28.5 | NetOutflow: 16 | NetOverflow: 0 | State: Active
2025-01-25 03:06:53 - Resonance: 2 | NetInflow: 28.5 | NetOutflow: 16 | NetOverflow: 0 | State: Active
2025-01-25 03:06:53 - Resonance: 2 | NetInflow: 28.5 | NetOutflow: 16 | NetOverflow: 0 | State: Active
2025-01-25 03:06:53 - Resonance: 2 | NetInflow: 28.5 | NetOutflow: 16 | NetOverflow: 0 | State: Active
2025-01-25 03:06:53 - Resonance: 2 | NetInflow: 28.5 | NetOutflow: 16 | NetOverflow: 0 | State: Active
2025-01-25 03:06:53 - Resonance: 2 | NetInflow: 28.5 | NetOutflow: 16 | NetOverflow: 0 | State: Active
2025-01-25 03:06:53 - Resonance: 2 | NetInflow: 28.5 | NetOutflow: 16 | NetOverflow: 0 | State: Active
2025-01-25 03:06:53 - Resonance: 2 | NetInflow: 28.5 | NetOutflow: 16 | NetOverflow: 0 | State: Active
2025-01-25 03:06:53 - Resonance: 2 | NetInflow: 28.5 | NetOutflow: 16 | NetOverflow: 0 | State: Active
2025-01-25 03:06:53 - Resonance: 2 | NetInflow: 28.5 | NetOutflow: 16 | NetOverflow: 0 | State: Active
2025-01-25 03:06:53 - Resonance: 2 | NetInflow: 28.5 | NetOutflow: 16 | NetOverflow: 0 | State: Active
2025-01-25 03:06:53 - Resonance: 2 | NetInflow: 28.5 | NetOutflow: 16 | NetOverflow: 0 | State: Active
2025-01-25 03:06:53 - Resonance: 2 | NetInflow: 28.5 | NetOutflow: 16 | NetOverflow: 0 | State: Active
2025-01-25 03:06:53 - Resonance: 2 | NetInflow: 28.5 | NetOutflow: 16 | NetOverflow: 0 | State: Active
2025-01-25 03:06:53 - Resonance: 2 | NetInflow: 28.5 | NetOutflow: 16 | NetOverflow: 0 | State: Active
2025-01-25 03:06:53 - Resonance: 2 | NetInflow: 28.5 | NetOutflow: 16 | NetOverflow: 0 | State: Active
2025-01-25 03:06:53 - Resonance: 2 | NetInflow: 28.5 | NetOutflow: 16 | NetOverflow: 0 | State: Active
2025-01-25 03:06:53 - Resonance: 2 | NetInflow: 28.5 | NetOutflow: 16 | NetOverflow: 0 | State: Active
2025-01-25 03:06:53 - Resonance: 2 | NetInflow: 28.5 | NetOutflow: 16 | NetOverflow: 0 | State: Active
2025-01-25 03:06:53 - Resonance: 2 | NetInflow: 28.5 | NetOutflow: 16 | NetOverflow: 0 | State: Active
2025-01-25 03:06:53 - Resonance: 2 | NetInflow: 28.5 | NetOutflow: 16 | NetOverflow: 0 | State: Active
2025-01-25 03:06:53 - Resonance: 2 | NetInflow: 28.5 | NetOutflow: 16 | NetOverflow: 0 | State: Active
2025-01-25 03:06:53 - Resonance: 2 | NetInflow: 28.5 | NetOutflow: 16 | NetOverflow: 0 | State: Active
2025-01-25 03:06:53 - Resonance: 2 | NetInflow: 28.5 | NetOutflow: 16 | NetOverflow: 0 | State: Active
2025-01-25 03:06:53 - Resonance: 2 | NetInflow: 28.5 | NetOutflow: 16 | NetOverflow: 0 | State: Active
2025-01-25 03:06:53 - Resonance: 2 | NetInflow: 28.5 | NetOutflow: 16 | NetOverflow: 0 | State: Active
2025-01-25 03:06:53 - Resonance: 2 | NetInflow: 28.5 | NetOutflow: 16 | NetOverflow: 0 | State: Active
2025-01-25 03:06:53 - Resonance: 2 | NetInflow: 28.5 | NetOutflow: 16 | NetOverflow: 0 | State: Active
2025-01-25 03:06:53 - Resonance: 2 | NetInflow: 28.5 | NetOutflow: 16 | NetOverflow: 0 | State: Active
2025-01-25 03:06:53 - Resonance: 2 | NetInflow: 28.5 | NetOutflow: 16 | NetOverflow: 0 | State: Active
2025-01-25 03:06:53 - Resonance: 2 | NetInflow: 28.5 | NetOutflow: 16 | NetOverflow: 0 | State: Active
2025-01-25 03:06:53 - Resonance: 2 | NetInflow: 28.5 | NetOutflow: 16 | NetOverflow: 0 | State: Active
2025-01-25 03:06:53 - Resonance: 2 | NetInflow: 28.5 | NetOutflow: 16 | NetOverflow: 0 | State: Active
2025-01-25 03:06:53 - Resonance: 2 | NetInflow: 28.5 | NetOutflow: 16 | NetOverflow: 0 | State: Active
2025-01-25 03:06:53 - Resonance: 2 | NetInflow: 28.5 | NetOutflow: 16 | NetOverflow: 0 | State: Active
2025-01-25 03:06:53 - Resonance: 2 | NetInflow: 28.5 | NetOutflow: 16 | NetOverflow: 0 | State: Active
2025-01-25 03:06:53 - Resonance: 2 | NetInflow: 28.5 | NetOutflow: 16 | NetOverflow: 0 | State: Active
2025-01-25 03:06:53 - Resonance: 2 | NetInflow: 28.5 | NetOutflow: 16 | NetOverflow: 0 | State: Active
2025-01-25 03:06:53 - Resonance: 2 | NetInflow: 28.5 | NetOutflow: 16 | NetOverflow: 0 | State: Active
2025-01-25 03:06:53 - Resonance: 2 | NetInflow: 28.5 | NetOutflow: 16 | NetOverflow: 0 | State: Active
2025-01-25 03:06:53 - Resonance: 2 | NetInflow: 28.5 | NetOutflow: 16 | NetOverflow: 0 | State: Active
2025-01-25 03:06:53 - Resonance: 2 | NetInflow: 28.5 | NetOutflow: 16 | NetOverflow: 0 | State: Active
2025-01-25 03:06:53 - Resonance: 2 | NetInflow: 28.5 | NetOutflow: 16 | NetOverflow: 0 | State: Active
2025-01-25 03:06:53 - Resonance: 2 | NetInflow: 28.5 | NetOutflow: 16 | NetOverflow: 0 | State: Active
2025-01-25 03:06:53 - Resonance: 2 | NetInflow: 28.5 | NetOutflow: 16 | NetOverflow: 0 | State: Active
2025-01-25 03:06:53 - Resonance: 2 | NetInflow: 28.5 | NetOutflow: 16 | NetOverflow: 0 | State: Active
2025-01-25 03:06:53 - Resonance: 2 | NetInflow: 28.5 | NetOutflow: 16 | NetOverflow: 0 | State: Active
2025-01-25 03:06:53 - Resonance: 2 | NetInflow: 28.5 | NetOutflow: 16 | NetOverflow: 0 | State: Active
2025-01-25 03:06:53 - Resonance: 2 | NetInflow: 28.5 | NetOutflow: 16 | NetOverflow: 0 | State: Active
2025-01-25 03:06:53 - Resonance: 2 | NetInflow: 28.5 | NetOutflow: 16 | NetOverflow: 0 | State: Active
2025-01-25 03:06:53 - Resonance: 2 | NetInflow: 28.5 | NetOutflow: 16 | NetOverflow: 0 | State: Active
2025-01-25 03:06:53 - Resonance: 2 | NetInflow: 28.5 | NetOutflow: 16 | NetOverflow: 0 | State: Active
2025-01-25 03:06:53 - Resonance: 2 | NetInflow: 28.5 | NetOutflow: 16 | NetOverflow: 0 | State: Active
2025-01-25 03:06:53 - Resonance: 2 | NetInflow: 28.5 | NetOutflow: 16 | NetOverflow: 0 | State: Active
2025-01-25 03:06:53 - Resonance: 2 | NetInflow: 28.5 | NetOutflow: 16 | NetOverflow: 0 | State: Active
2025-01-25 03:06:53 - Resonance: 2 | NetInflow: 28.5 | NetOutflow: 16 | NetOverflow: 0 | State: Active
2025-01-25 03:06:53 - Resonance: 2 | NetInflow: 28.5 | NetOutflow: 16 | NetOverflow: 0 | State: Active
2025-01-25 03:06:53 - Resonance: 2 | NetInflow: 28.5 | NetOutflow: 16 | NetOverflow: 0 | State: Active
2025-01-25 03:06:53 - Resonance: 2 | NetInflow: 28.5 | NetOutflow: 16 | NetOverflow: 0 | State: Active
2025-01-25 03:06:53 - Resonance: 2 | NetInflow: 28.5 | NetOutflow: 16 | NetOverflow: 0 | State: Active
2025-01-25 03:06:53 - Resonance: 2 | NetInflow: 28.5 | NetOutflow: 16 | NetOverflow: 0 | State: Active
2025-01-25 03:06:53 - Resonance: 2 | NetInflow: 28.5 | NetOutflow: 16 | NetOverflow: 0 | State: Active
2025-01-25 03:06:53 - Resonance: 2 | NetInflow: 28.5 | NetOutflow: 16 | NetOverflow: 0 | State: Active
2025-01-25 03:06:53 - Resonance: 2 | NetInflow: 28.5 | NetOutflow: 16 | NetOverflow: 0 | State: Active
2025-01-25 03:06:53 - Resonance: 2 | NetInflow: 28.5 | NetOutflow: 16 | NetOverflow: 0 | State: Active
2025-01-25 03:06:53 - Resonance: 2 | NetInflow: 28.5 | NetOutflow: 16 | NetOverflow: 0 | State: Active
2025-01-25 03:06:53 - Resonance: 2 | NetInflow: 28.5 | NetOutflow: 16 | NetOverflow: 0 | State: Active
2025-01-25 03:06:53 - Resonance: 2 | NetInflow: 28.5 | NetOutflow: 16 | NetOverflow: 0 | State: Active
2025-01-25 03:06:53 - Resonance: 2 | NetInflow: 28.5 | NetOutflow: 16 | NetOverflow: 0 | State: Active
2025-01-25 03:06:53 - Resonance: 2 | NetInflow: 28.5 | NetOutflow: 16 | NetOverflow: 0 | State: Active
2025-01-25 03:06:53 - Resonance: 2 | NetInflow: 28.5 | NetOutflow: 16 | NetOverflow: 0 | State: Active
2025-01-25 03:06:53 - Resonance: 2 | NetInflow: 28.5 | NetOutflow: 16 | NetOverflow: 0 | State: Active
2025-01-25 03:06:53 - Resonance: 2 | NetInflow: 28.5 | NetOutflow: 16 | NetOverflow: 0 | State: Active
2025-01-25 03:06:53 - Resonance: 2 | NetInflow: 28.5 | NetOutflow: 16 | NetOverflow: 0 | State: Active
2025-01-25 03:06:53 - Resonance: 2 | NetInflow: 28.5 | NetOutflow: 16 | NetOverflow: 0 | State: Active
2025-01-25 03:06:53 - Resonance: 2 | NetInflow: 28.5 | NetOutflow: 16 | NetOverflow: 0 | State: Active
2025-01-25 03:06:53 - Resonance: 2 | NetInflow: 28.5 | NetOutflow: 16 | NetOverflow: 0 | State: Active
2025-01-25 03:06:53 - Resonance: 2 | NetInflow: 28.5 | NetOutflow: 16 | NetOverflow: 0 | State: Active
2025-01-25 03:06:53 - Resonance: 2 | NetInflow: 28.5 | NetOutflow: 16 | NetOverflow: 0 | State: Active
2025-01-25 03:06:53 - Resonance: 2 | NetInflow: 28.5 | NetOutflow: 16 | NetOverflow: 0 | State: Active
2025-01-25 03:06:53 - Resonance: 2 | NetInflow: 28.5 | NetOutflow: 16 | NetOverflow: 0 | State: Active
2025-01-25 03:06:53 - Resonance: 2 | NetInflow: 28.5 | NetOutflow: 16 | NetOverflow: 0 | State: Active
2025-01-25 03:06:53 - Resonance: 2 | NetInflow: 28.5 | NetOutflow: 16 | NetOverflow: 0 | State: Active
2025-01-25 03:06:53 - Resonance: 2 | NetInflow: 28.5 | NetOutflow: 16 | NetOverflow: 0 | State: Active
2025-01-25 03:06:53 - Resonance: 2 | NetInflow: 28.5 | NetOutflow: 16 | NetOverflow: 0 | State: Active
2025-01-25 03:06:53 - Resonance: 2 | NetInflow: 28.5 | NetOutflow: 16 | NetOverflow: 0 | State: Active
2025-01-25 03:06:53 - Resonance: 2 | NetInflow: 28.5 | NetOutflow: 16 | NetOverflow: 0 | State: Active
2025-01-25 03:06:53 - Resonance: 2 | NetInflow: 28.5 | NetOutflow: 16 | NetOverflow: 0 | State: Active
2025-01-25 03:06:53 - Resonance: 2 | NetInflow: 28.5 | NetOutflow: 16 | NetOverflow: 0 | State: Active
2025-01-25 03:06:53 - Resonance: 2 | NetInflow: 28.5 | NetOutflow: 16 | NetOverflow: 0 | State: Active
2025-01-25 03:06:53 - Resonance: 2 | NetInflow: 28.5 | NetOutflow: 16 | NetOverflow: 0 | State: Active
2025-01-25 03:06:53 - Resonance: 2 | NetInflow: 28.5 | NetOutflow: 16 | NetOverflow: 0 | State: Active
2025-01-25 03:06:53 - Resonance: 2 | NetInflow: 28.5 | NetOutflow: 16 | NetOverflow: 0 | State: Active
2025-01-25 03:06:53 - Resonance: 2 | NetInflow: 28.5 | NetOutflow: 16 | NetOverflow: 0 | State: Active
2025-01-25 03:06:53 - Resonance: 2 | NetInflow: 28.5 | NetOutflow: 16 | NetOverflow: 0 | State: Active
2025-01-25 03:06:53 - Resonance: 2 | NetInflow: 28.5 | NetOutflow: 16 | NetOverflow: 0 | State: Active
2025-01-25 03:06:53 - Resonance: 2 | NetInflow: 28.5 | NetOutflow: 16 | NetOverflow: 0 | State: Active
2025-01-25 03:06:53 - Resonance: 2 | NetInflow: 28.5 | NetOutflow: 16 | NetOverflow: 0 | State: Active
2025-01-25 03:06:53 - Resonance: 2 | NetInflow: 28.5 | NetOutflow: 16 | NetOverflow: 0 | State: Active
2025-01-25 03:06:53 - Resonance: 2 | NetInflow: 28.5 | NetOutflow: 16 | NetOverflow: 0 | State: Active
2025-01-25 03:06:53 - Resonance: 2 | NetInflow: 28.5 | NetOutflow: 16 | NetOverflow: 0 | State: Active
2025-01-25 03:06:53 - Resonance: 2 | NetInflow: 28.5 | NetOutflow: 16 | NetOverflow: 0 | State: Active
2025-01-25 03:06:53 - Resonance: 2 | NetInflow: 28.5 | NetOutflow: 16 | NetOverflow: 0 | State: Active
2025-01-25 03:06:53 - Resonance: 2 | NetInflow: 28.5 | NetOutflow: 16 | NetOverflow: 0 | State: Active
2025-01-25 03:06:53 - Resonance: 2 | NetInflow: 28.5 | NetOutflow: 16 | NetOverflow: 0 | State: Active
2025-01-25 03:06:53 - Resonance: 2 | NetInflow: 28.5 | NetOutflow: 16 | NetOverflow: 0 | State: Active
2025-01-25 03:06:53 - Resonance: 2 | NetInflow: 28.5 | NetOutflow: 16 | NetOverflow: 0 | State: Active
2025-01-25 03:06:53 - Resonance: 2 | NetInflow: 28.5 | NetOutflow: 16 | NetOverflow: 0 | State: Active
2025-01-25 03:06:53 - Resonance: 2 | NetInflow: 28.5 | NetOutflow: 16 | NetOverflow: 0 | State: Active
2025-01-25 03:06:53 - Resonance: 2 | NetInflow: 28.5 | NetOutflow: 16 | NetOverflow: 0 | State: Active
2025-01-25 03:06:53 - Resonance: 2 | NetInflow: 28.5 | NetOutflow: 16 | NetOverflow: 0 | State: Active
2025-01-25 03:06:53 - Resonance: 2 | NetInflow: 28.5 | NetOutflow: 16 | NetOverflow: 0 | State: Active
2025-01-25 03:06:53 - Resonance: 2 | NetInflow: 28.5 | NetOutflow: 16 | NetOverflow: 0 | State: Active
2025-01-25 03:06:53 - Resonance: 2 | NetInflow: 28.5 | NetOutflow: 16 | NetOverflow: 0 | State: Active
2025-01-25 03:06:53 - Resonance: 2 | NetInflow: 28.5 | NetOutflow: 16 | NetOverflow: 0 | State: Active
2025-01-25 03:06:53 - Resonance: 2 | NetInflow: 28.5 | NetOutflow: 16 | NetOverflow: 0 | State: Active
2025-01-25 03:06:53 - Resonance: 2 | NetInflow: 28.5 | NetOutflow: 16 | NetOverflow: 0 | State: Active
2025-01-25 03:06:53 - Resonance: 2 | NetInflow: 28.5 | NetOutflow: 16 | NetOverflow: 0 | State: Active
2025-01-25 03:06:53 - Resonance: 2 | NetInflow: 28.5 | NetOutflow: 16 | NetOverflow: 0 | State: Active
2025-01-25 03:06:53 - Resonance: 2 | NetInflow: 28.5 | NetOutflow: 16 | NetOverflow: 0 | State: Active
2025-01-25 03:06:53 - Resonance: 2 | NetInflow: 28.5 | NetOutflow: 16 | NetOverflow: 0 | State: Active
2025-01-25 03:06:53 - Resonance: 2 | NetInflow: 28.5 | NetOutflow: 16 | NetOverflow: 0 | State: Active
2025-01-25 03:06:53 - Resonance: 2 | NetInflow: 28.5 | NetOutflow: 16 | NetOverflow: 0 | State: Active
2025-01-25 03:06:53 - Resonance: 2 | NetInflow: 28.5 | NetOutflow: 16 | NetOverflow: 0 | State: Active
2025-01-25 03:06:53 - Resonance: 2 | NetInflow: 28.5 | NetOutflow: 16 | NetOverflow: 0 | State: Active
2025-01-25 03:06:53 - Resonance: 2 | NetInflow: 28.5 | NetOutflow: 16 | NetOverflow: 0 | State: Active
2025-01-25 03:06:53 - Resonance: 2 | NetInflow: 28.5 | NetOutflow: 16 | NetOverflow: 0 | State: Active
2025-01-25 03:06:53 - Resonance: 2 | NetInflow: 28.5 | NetOutflow: 16 | NetOverflow: 0 | State: Active
2025-01-25 03:06:53 - Resonance: 2 | NetInflow: 28.5 | NetOutflow: 16 | NetOverflow: 0 | State: Active
2025-01-25 03:06:53 - Resonance: 2 | NetInflow: 28.5 | NetOutflow: 16 | NetOverflow: 0 | State: Active
2025-01-25 03:06:53 - Resonance: 2 | NetInflow: 28.5 | NetOutflow: 16 | NetOverflow: 0 | State: Active
2025-01-25 03:06:53 - Resonance: 2 | NetInflow: 28.5 | NetOutflow: 16 | NetOverflow: 0 | State: Active
2025-01-25 03:06:53 - Resonance: 2 | NetInflow: 28.5 | NetOutflow: 16 | NetOverflow: 0 | State: Active
2025-01-25 03:06:53 - Resonance: 2 | NetInflow: 28.5 | NetOutflow: 16 | NetOverflow: 0 | State: Active
2025-01-25 03:06:53 - Resonance: 2 | NetInflow: 28.5 | NetOutflow: 16 | NetOverflow: 0 | State: Active
2025-01-25 03:06:53 - Resonance: 2 | NetInflow: 28.5 | NetOutflow: 16 | NetOverflow: 0 | State: Active
2025-01-25 03:06:53 - Resonance: 2 | NetInflow: 28.5 | NetOutflow: 16 | NetOverflow: 0 | State: Active
2025-01-25 03:06:53 - Resonance: 2 | NetInflow: 28.5 | NetOutflow: 16 | NetOverflow: 0 | State: Active
2025-01-25 03:06:53 - Resonance: 2 | NetInflow: 28.5 | NetOutflow: 16 | NetOverflow: 0 | State: Active
2025-01-25 03:06:53 - Resonance: 2 | NetInflow: 28.5 | NetOutflow: 16 | NetOverflow: 0 | State: Active
2025-01-25 03:06:53 - Resonance: 2 | NetInflow: 28.5 | NetOutflow: 16 | NetOverflow: 0 | State: Active
