2025-02-16 08:42:00 - Debugger session started.
2025-02-16 08:42:00 - BasilMuguet Test_1 started
2025-02-16 08:42:00 -  - - - Adding pulse number 0 with midi index 87. - - -
2025-02-16 08:42:00 - Pulse Index: 0 | Midi Index: 69 | Intensity: 32 | Note Name: A4
2025-02-16 08:42:00 - Pulse Index: 1 | Midi Index: 87 | Intensity: 60 | Note Name: D#/Eb6
2025-02-16 08:42:00 - 
Logging Idyll Amount:

2025-02-16 08:42:00 - Resonance: 0 | NetInflow: 0 | NetOutflow: 0 | NetOverflow: 0 | State: Static
2025-02-16 08:42:00 - Resonance: 0 | NetInflow: 0 | NetOutflow: 0 | NetOverflow: 0 | State: Static
2025-02-16 08:42:00 - Resonance: 0 | NetInflow: 0 | NetOutflow: 0 | NetOverflow: 0 | State: Static
2025-02-16 08:42:00 - Resonance: 0 | NetInflow: 0 | NetOutflow: 0 | NetOverflow: 0 | State: Static
2025-02-16 08:42:00 - Resonance: 0 | NetInflow: 0 | NetOutflow: 0 | NetOverflow: 0 | State: Static
2025-02-16 08:42:00 - Resonance: 0 | NetInflow: 0 | NetOutflow: 0 | NetOverflow: 0 | State: Static
2025-02-16 08:42:00 - Resonance: 0 | NetInflow: 0 | NetOutflow: 0 | NetOverflow: 0 | State: Static
2025-02-16 08:42:00 - Resonance: 0 | NetInflow: 0 | NetOutflow: 0 | NetOverflow: 0 | State: Static
2025-02-16 08:42:00 - Resonance: 0 | NetInflow: 0 | NetOutflow: 0 | NetOverflow: 0 | State: Static
2025-02-16 08:42:00 - Resonance: 0 | NetInflow: 0 | NetOutflow: 0 | NetOverflow: 0 | State: Static
2025-02-16 08:42:00 - Resonance: 0 | NetInflow: 0 | NetOutflow: 0 | NetOverflow: 0 | State: Static
2025-02-16 08:42:00 - Resonance: 0 | NetInflow: 0 | NetOutflow: 0 | NetOverflow: 0 | State: Static
2025-02-16 08:42:00 - Resonance: 0 | NetInflow: 0 | NetOutflow: 0 | NetOverflow: 0 | State: Static
2025-02-16 08:42:00 - Resonance: 0 | NetInflow: 0 | NetOutflow: 0 | NetOverflow: 0 | State: Static
2025-02-16 08:42:00 - Resonance: 0 | NetInflow: 0 | NetOutflow: 0 | NetOverflow: 0 | State: Static
2025-02-16 08:42:00 - Resonance: 0 | NetInflow: 0 | NetOutflow: 0 | NetOverflow: 0 | State: Static
2025-02-16 08:42:00 - Resonance: 0 | NetInflow: 0 | NetOutflow: 0 | NetOverflow: 0 | State: Static
2025-02-16 08:42:00 - Resonance: 0 | NetInflow: 0 | NetOutflow: 0 | NetOverflow: 0 | State: Static
2025-02-16 08:42:00 - Resonance: 0 | NetInflow: 0 | NetOutflow: 0 | NetOverflow: 0 | State: Static
2025-02-16 08:42:00 - Resonance: 0 | NetInflow: 0 | NetOutflow: 0 | NetOverflow: 0 | State: Static
2025-02-16 08:42:00 - Resonance: 0 | NetInflow: 0 | NetOutflow: 0 | NetOverflow: 0 | State: Static
2025-02-16 08:42:00 - Resonance: 0 | NetInflow: 0 | NetOutflow: 0 | NetOverflow: 0 | State: Static
2025-02-16 08:42:00 - Resonance: 0 | NetInflow: 0 | NetOutflow: 0 | NetOverflow: 0 | State: Static
2025-02-16 08:42:00 - Resonance: 0 | NetInflow: 0 | NetOutflow: 0 | NetOverflow: 0 | State: Static
2025-02-16 08:42:00 - Resonance: 0 | NetInflow: 0 | NetOutflow: 0 | NetOverflow: 0 | State: Static
2025-02-16 08:42:00 - Resonance: 0 | NetInflow: 0 | NetOutflow: 0 | NetOverflow: 0 | State: Static
2025-02-16 08:42:00 - Resonance: 0 | NetInflow: 0 | NetOutflow: 0 | NetOverflow: 0 | State: Static
2025-02-16 08:42:00 - Resonance: 0 | NetInflow: 0 | NetOutflow: 0 | NetOverflow: 0 | State: Static
2025-02-16 08:42:00 - Resonance: 0 | NetInflow: 0 | NetOutflow: 0 | NetOverflow: 0 | State: Static
2025-02-16 08:42:00 - Resonance: 0 | NetInflow: 0 | NetOutflow: 0 | NetOverflow: 0 | State: Static
2025-02-16 08:42:00 - Resonance: 0 | NetInflow: 0 | NetOutflow: 0 | NetOverflow: 0 | State: Static
2025-02-16 08:42:00 - Resonance: 0 | NetInflow: 0 | NetOutflow: 0 | NetOverflow: 0 | State: Static
2025-02-16 08:42:00 - Resonance: 0 | NetInflow: 0 | NetOutflow: 0 | NetOverflow: 0 | State: Static
2025-02-16 08:42:00 - Resonance: 0 | NetInflow: 0 | NetOutflow: 0 | NetOverflow: 0 | State: Static
2025-02-16 08:42:00 - Resonance: 0 | NetInflow: 0 | NetOutflow: 0 | NetOverflow: 0 | State: Static
2025-02-16 08:42:00 - Resonance: 0 | NetInflow: 0 | NetOutflow: 0 | NetOverflow: 0 | State: Static
2025-02-16 08:42:00 - Resonance: 0 | NetInflow: 0 | NetOutflow: 0 | NetOverflow: 0 | State: Static
2025-02-16 08:42:00 - Resonance: 0 | NetInflow: 0 | NetOutflow: 0 | NetOverflow: 0 | State: Static
2025-02-16 08:42:00 - Resonance: 0 | NetInflow: 0 | NetOutflow: 0 | NetOverflow: 0 | State: Static
2025-02-16 08:42:00 - Resonance: 0 | NetInflow: 0 | NetOutflow: 0 | NetOverflow: 0 | State: Static
2025-02-16 08:42:00 - Resonance: 0 | NetInflow: 0 | NetOutflow: 0 | NetOverflow: 0 | State: Static
2025-02-16 08:42:00 - Resonance: 0 | NetInflow: 0 | NetOutflow: 0 | NetOverflow: 0 | State: Static
2025-02-16 08:42:00 - Resonance: 0 | NetInflow: 0 | NetOutflow: 0 | NetOverflow: 0 | State: Static
2025-02-16 08:42:00 - Resonance: 0 | NetInflow: 0 | NetOutflow: 0 | NetOverflow: 0 | State: Static
2025-02-16 08:42:00 - Resonance: 0 | NetInflow: 0 | NetOutflow: 0 | NetOverflow: 0 | State: Static
2025-02-16 08:42:00 - Resonance: 0 | NetInflow: 0 | NetOutflow: 0 | NetOverflow: 0 | State: Static
2025-02-16 08:42:00 - Resonance: 0 | NetInflow: 0 | NetOutflow: 0 | NetOverflow: 0 | State: Static
2025-02-16 08:42:00 - Resonance: 0 | NetInflow: 0 | NetOutflow: 0 | NetOverflow: 0 | State: Static
2025-02-16 08:42:00 - Resonance: 0 | NetInflow: 0 | NetOutflow: 0 | NetOverflow: 0 | State: Static
2025-02-16 08:42:00 - Resonance: 0 | NetInflow: 0 | NetOutflow: 0 | NetOverflow: 0 | State: Static
2025-02-16 08:42:00 -  - - - Adding pulse number 1 with midi index 80. - - -
2025-02-16 08:42:00 - Pulse Index: 0 | Midi Index: 69 | Intensity: 32 | Note Name: A4
2025-02-16 08:42:00 - Pulse Index: 1 | Midi Index: 80 | Intensity: 33 | Note Name: G#/Ab5
2025-02-16 08:42:00 - Pulse Index: 2 | Midi Index: 87 | Intensity: 60 | Note Name: D#/Eb6
2025-02-16 08:42:00 - 
Logging Idyll Amount:

2025-02-16 08:42:00 - Resonance: 0.1 | NetInflow: 4 | NetOutflow: 0 | NetOverflow: 0 | State: Active
2025-02-16 08:42:00 - Resonance: 0.1 | NetInflow: 4 | NetOutflow: 4 | NetOverflow: 0 | State: Active
2025-02-16 08:42:00 - Resonance: 0.1 | NetInflow: 4 | NetOutflow: 4 | NetOverflow: 0 | State: Active
2025-02-16 08:42:00 - Resonance: 0.1 | NetInflow: 4 | NetOutflow: 4 | NetOverflow: 0 | State: Active
2025-02-16 08:42:00 - Resonance: 0.1 | NetInflow: 4 | NetOutflow: 4 | NetOverflow: 0 | State: Active
2025-02-16 08:42:00 - Resonance: 0.1 | NetInflow: 4 | NetOutflow: 4 | NetOverflow: 0 | State: Active
2025-02-16 08:42:00 - Resonance: 0.1 | NetInflow: 4 | NetOutflow: 4 | NetOverflow: 0 | State: Active
2025-02-16 08:42:00 - Resonance: 0.1 | NetInflow: 4 | NetOutflow: 4 | NetOverflow: 0 | State: Active
2025-02-16 08:42:00 - Resonance: 0.1 | NetInflow: 4 | NetOutflow: 4 | NetOverflow: 0 | State: Active
2025-02-16 08:42:00 - Resonance: 0.1 | NetInflow: 4 | NetOutflow: 4 | NetOverflow: 0 | State: Active
2025-02-16 08:42:00 - Resonance: 0.1 | NetInflow: 4 | NetOutflow: 4 | NetOverflow: 0 | State: Active
2025-02-16 08:42:00 - Resonance: 0.1 | NetInflow: 4 | NetOutflow: 4 | NetOverflow: 0 | State: Active
2025-02-16 08:42:00 - Resonance: 0.1 | NetInflow: 4 | NetOutflow: 4 | NetOverflow: 0 | State: Active
2025-02-16 08:42:00 - Resonance: 0.1 | NetInflow: 4 | NetOutflow: 4 | NetOverflow: 0 | State: Active
2025-02-16 08:42:00 - Resonance: 0.1 | NetInflow: 4 | NetOutflow: 4 | NetOverflow: 0 | State: Active
2025-02-16 08:42:00 - Resonance: 0.1 | NetInflow: 4 | NetOutflow: 4 | NetOverflow: 0 | State: Active
2025-02-16 08:42:00 - Resonance: 0.1 | NetInflow: 4 | NetOutflow: 4 | NetOverflow: 0 | State: Active
2025-02-16 08:42:00 - Resonance: 0.1 | NetInflow: 4 | NetOutflow: 4 | NetOverflow: 0 | State: Active
2025-02-16 08:42:00 - Resonance: 0.1 | NetInflow: 4 | NetOutflow: 4 | NetOverflow: 0 | State: Active
2025-02-16 08:42:00 - Resonance: 0.1 | NetInflow: 4 | NetOutflow: 4 | NetOverflow: 0 | State: Active
2025-02-16 08:42:00 - Resonance: 0.1 | NetInflow: 4 | NetOutflow: 4 | NetOverflow: 0 | State: Active
2025-02-16 08:42:00 - Resonance: 0.1 | NetInflow: 4 | NetOutflow: 4 | NetOverflow: 0 | State: Active
2025-02-16 08:42:00 - Resonance: 0.1 | NetInflow: 4 | NetOutflow: 4 | NetOverflow: 0 | State: Active
2025-02-16 08:42:00 - Resonance: 0.1 | NetInflow: 4 | NetOutflow: 4 | NetOverflow: 0 | State: Active
2025-02-16 08:42:00 - Resonance: 0.1 | NetInflow: 4 | NetOutflow: 4 | NetOverflow: 0 | State: Active
2025-02-16 08:42:00 - Resonance: 0.1 | NetInflow: 4 | NetOutflow: 4 | NetOverflow: 0 | State: Active
2025-02-16 08:42:00 - Resonance: 0.1 | NetInflow: 4 | NetOutflow: 4 | NetOverflow: 0 | State: Active
2025-02-16 08:42:00 - Resonance: 0.1 | NetInflow: 4 | NetOutflow: 4 | NetOverflow: 0 | State: Active
2025-02-16 08:42:00 - Resonance: 0.1 | NetInflow: 4 | NetOutflow: 4 | NetOverflow: 0 | State: Active
2025-02-16 08:42:00 - Resonance: 0.1 | NetInflow: 4 | NetOutflow: 4 | NetOverflow: 0 | State: Active
2025-02-16 08:42:00 - Resonance: 0.1 | NetInflow: 4 | NetOutflow: 4 | NetOverflow: 0 | State: Active
2025-02-16 08:42:00 - Resonance: 0.1 | NetInflow: 4 | NetOutflow: 4 | NetOverflow: 0 | State: Active
2025-02-16 08:42:00 - Resonance: 0.1 | NetInflow: 4 | NetOutflow: 4 | NetOverflow: 0 | State: Active
2025-02-16 08:42:00 - Resonance: 0.1 | NetInflow: 4 | NetOutflow: 4 | NetOverflow: 0 | State: Active
2025-02-16 08:42:00 - Resonance: 0.1 | NetInflow: 4 | NetOutflow: 4 | NetOverflow: 0 | State: Active
2025-02-16 08:42:00 - Resonance: 0.1 | NetInflow: 4 | NetOutflow: 4 | NetOverflow: 0 | State: Active
2025-02-16 08:42:00 - Resonance: 0.1 | NetInflow: 4 | NetOutflow: 4 | NetOverflow: 0 | State: Active
2025-02-16 08:42:00 - Resonance: 0.1 | NetInflow: 4 | NetOutflow: 4 | NetOverflow: 0 | State: Active
2025-02-16 08:42:00 - Resonance: 0.1 | NetInflow: 4 | NetOutflow: 4 | NetOverflow: 0 | State: Active
2025-02-16 08:42:00 - Resonance: 0.1 | NetInflow: 4 | NetOutflow: 4 | NetOverflow: 0 | State: Active
2025-02-16 08:42:00 - Resonance: 0.1 | NetInflow: 4 | NetOutflow: 4 | NetOverflow: 0 | State: Active
2025-02-16 08:42:00 - Resonance: 0.1 | NetInflow: 4 | NetOutflow: 4 | NetOverflow: 0 | State: Active
2025-02-16 08:42:00 - Resonance: 0.1 | NetInflow: 4 | NetOutflow: 4 | NetOverflow: 0 | State: Active
2025-02-16 08:42:00 - Resonance: 0.1 | NetInflow: 4 | NetOutflow: 4 | NetOverflow: 0 | State: Active
2025-02-16 08:42:00 - Resonance: 0.1 | NetInflow: 4 | NetOutflow: 4 | NetOverflow: 0 | State: Active
2025-02-16 08:42:00 - Resonance: 0.1 | NetInflow: 4 | NetOutflow: 4 | NetOverflow: 0 | State: Active
2025-02-16 08:42:00 - Resonance: 0.1 | NetInflow: 4 | NetOutflow: 4 | NetOverflow: 0 | State: Active
2025-02-16 08:42:00 - Resonance: 0.1 | NetInflow: 4 | NetOutflow: 4 | NetOverflow: 0 | State: Active
2025-02-16 08:42:00 - Resonance: 0.1 | NetInflow: 4 | NetOutflow: 4 | NetOverflow: 0 | State: Active
2025-02-16 08:42:00 - Resonance: 0.1 | NetInflow: 4 | NetOutflow: 4 | NetOverflow: 0 | State: Active
2025-02-16 08:42:00 -  - - - Adding pulse number 2 with midi index 90. - - -
2025-02-16 08:42:00 - Pulse Index: 0 | Midi Index: 69 | Intensity: 32 | Note Name: A4
2025-02-16 08:42:00 - Pulse Index: 1 | Midi Index: 80 | Intensity: 33 | Note Name: G#/Ab5
2025-02-16 08:42:00 - Pulse Index: 2 | Midi Index: 87 | Intensity: 60 | Note Name: D#/Eb6
2025-02-16 08:42:00 - Pulse Index: 3 | Midi Index: 90 | Intensity: 24 | Note Name: F#/Gb6
2025-02-16 08:42:00 - 
Logging Idyll Amount:

2025-02-16 08:42:00 - Resonance: 0.1 | NetInflow: 6.7 | NetOutflow: 6.7 | NetOverflow: 0 | State: Active
2025-02-16 08:42:00 - Resonance: 0.1 | NetInflow: 6.7 | NetOutflow: 6.7 | NetOverflow: 0 | State: Active
2025-02-16 08:42:00 - Resonance: 0.1 | NetInflow: 6.7 | NetOutflow: 6.7 | NetOverflow: 0 | State: Active
2025-02-16 08:42:00 - Resonance: 0.1 | NetInflow: 6.7 | NetOutflow: 6.7 | NetOverflow: 0 | State: Active
2025-02-16 08:42:00 - Resonance: 0.1 | NetInflow: 6.7 | NetOutflow: 6.7 | NetOverflow: 0 | State: Active
2025-02-16 08:42:00 - Resonance: 0.1 | NetInflow: 6.7 | NetOutflow: 6.7 | NetOverflow: 0 | State: Active
2025-02-16 08:42:00 - Resonance: 0.1 | NetInflow: 6.7 | NetOutflow: 6.7 | NetOverflow: 0 | State: Active
2025-02-16 08:42:00 - Resonance: 0.1 | NetInflow: 6.7 | NetOutflow: 6.7 | NetOverflow: 0 | State: Active
2025-02-16 08:42:00 - Resonance: 0.1 | NetInflow: 6.7 | NetOutflow: 6.7 | NetOverflow: 0 | State: Active
2025-02-16 08:42:00 - Resonance: 0.1 | NetInflow: 6.7 | NetOutflow: 6.7 | NetOverflow: 0 | State: Active
2025-02-16 08:42:00 - Resonance: 0.1 | NetInflow: 6.7 | NetOutflow: 6.7 | NetOverflow: 0 | State: Active
2025-02-16 08:42:00 - Resonance: 0.1 | NetInflow: 6.7 | NetOutflow: 6.7 | NetOverflow: 0 | State: Active
2025-02-16 08:42:00 - Resonance: 0.1 | NetInflow: 6.7 | NetOutflow: 6.7 | NetOverflow: 0 | State: Active
2025-02-16 08:42:00 - Resonance: 0.1 | NetInflow: 6.7 | NetOutflow: 6.7 | NetOverflow: 0 | State: Active
2025-02-16 08:42:00 - Resonance: 0.1 | NetInflow: 6.7 | NetOutflow: 6.7 | NetOverflow: 0 | State: Active
2025-02-16 08:42:00 - Resonance: 0.1 | NetInflow: 6.7 | NetOutflow: 6.7 | NetOverflow: 0 | State: Active
2025-02-16 08:42:00 - Resonance: 0.1 | NetInflow: 6.7 | NetOutflow: 6.7 | NetOverflow: 0 | State: Active
2025-02-16 08:42:00 - Resonance: 0.1 | NetInflow: 6.7 | NetOutflow: 6.7 | NetOverflow: 0 | State: Active
2025-02-16 08:42:00 - Resonance: 0.1 | NetInflow: 6.7 | NetOutflow: 6.7 | NetOverflow: 0 | State: Active
2025-02-16 08:42:00 - Resonance: 0.1 | NetInflow: 6.7 | NetOutflow: 6.7 | NetOverflow: 0 | State: Active
2025-02-16 08:42:00 - Resonance: 0.1 | NetInflow: 6.7 | NetOutflow: 6.7 | NetOverflow: 0 | State: Active
2025-02-16 08:42:00 - Resonance: 0.1 | NetInflow: 6.7 | NetOutflow: 6.7 | NetOverflow: 0 | State: Active
2025-02-16 08:42:00 - Resonance: 0.1 | NetInflow: 6.7 | NetOutflow: 6.7 | NetOverflow: 0 | State: Active
2025-02-16 08:42:00 - Resonance: 0.1 | NetInflow: 6.7 | NetOutflow: 6.7 | NetOverflow: 0 | State: Active
2025-02-16 08:42:00 - Resonance: 0.1 | NetInflow: 6.7 | NetOutflow: 6.7 | NetOverflow: 0 | State: Active
2025-02-16 08:42:00 - Resonance: 0.1 | NetInflow: 6.7 | NetOutflow: 6.7 | NetOverflow: 0 | State: Active
2025-02-16 08:42:00 - Resonance: 0.1 | NetInflow: 6.7 | NetOutflow: 6.7 | NetOverflow: 0 | State: Active
2025-02-16 08:42:00 - Resonance: 0.1 | NetInflow: 6.7 | NetOutflow: 6.7 | NetOverflow: 0 | State: Active
2025-02-16 08:42:00 - Resonance: 0.1 | NetInflow: 6.7 | NetOutflow: 6.7 | NetOverflow: 0 | State: Active
2025-02-16 08:42:00 - Resonance: 0.1 | NetInflow: 6.7 | NetOutflow: 6.7 | NetOverflow: 0 | State: Active
2025-02-16 08:42:00 - Resonance: 0.1 | NetInflow: 6.7 | NetOutflow: 6.7 | NetOverflow: 0 | State: Active
2025-02-16 08:42:00 - Resonance: 0.1 | NetInflow: 6.7 | NetOutflow: 6.7 | NetOverflow: 0 | State: Active
2025-02-16 08:42:00 - Resonance: 0.1 | NetInflow: 6.7 | NetOutflow: 6.7 | NetOverflow: 0 | State: Active
2025-02-16 08:42:00 - Resonance: 0.1 | NetInflow: 6.7 | NetOutflow: 6.7 | NetOverflow: 0 | State: Active
2025-02-16 08:42:00 - Resonance: 0.1 | NetInflow: 6.7 | NetOutflow: 6.7 | NetOverflow: 0 | State: Active
2025-02-16 08:42:00 - Resonance: 0.1 | NetInflow: 6.7 | NetOutflow: 6.7 | NetOverflow: 0 | State: Active
2025-02-16 08:42:00 - Resonance: 0.1 | NetInflow: 6.7 | NetOutflow: 6.7 | NetOverflow: 0 | State: Active
2025-02-16 08:42:00 - Resonance: 0.1 | NetInflow: 6.7 | NetOutflow: 6.7 | NetOverflow: 0 | State: Active
2025-02-16 08:42:00 - Resonance: 0.1 | NetInflow: 6.7 | NetOutflow: 6.7 | NetOverflow: 0 | State: Active
2025-02-16 08:42:00 - Resonance: 0.1 | NetInflow: 6.7 | NetOutflow: 6.7 | NetOverflow: 0 | State: Active
2025-02-16 08:42:00 - Resonance: 0.1 | NetInflow: 6.7 | NetOutflow: 6.7 | NetOverflow: 0 | State: Active
2025-02-16 08:42:00 - Resonance: 0.1 | NetInflow: 6.7 | NetOutflow: 6.7 | NetOverflow: 0 | State: Active
2025-02-16 08:42:00 - Resonance: 0.1 | NetInflow: 6.7 | NetOutflow: 6.7 | NetOverflow: 0 | State: Active
2025-02-16 08:42:00 - Resonance: 0.1 | NetInflow: 6.7 | NetOutflow: 6.7 | NetOverflow: 0 | State: Active
2025-02-16 08:42:00 - Resonance: 0.1 | NetInflow: 6.7 | NetOutflow: 6.7 | NetOverflow: 0 | State: Active
2025-02-16 08:42:00 - Resonance: 0.1 | NetInflow: 6.7 | NetOutflow: 6.7 | NetOverflow: 0 | State: Active
2025-02-16 08:42:00 - Resonance: 0.1 | NetInflow: 6.7 | NetOutflow: 6.7 | NetOverflow: 0 | State: Active
2025-02-16 08:42:00 - Resonance: 0.1 | NetInflow: 6.7 | NetOutflow: 6.7 | NetOverflow: 0 | State: Active
2025-02-16 08:42:00 - Resonance: 0.1 | NetInflow: 6.7 | NetOutflow: 6.7 | NetOverflow: 0 | State: Active
2025-02-16 08:42:00 - Resonance: 0.1 | NetInflow: 6.7 | NetOutflow: 6.7 | NetOverflow: 0 | State: Active
2025-02-16 08:42:00 -  - - - Adding pulse number 3 with midi index 99. - - -
2025-02-16 08:42:00 - Pulse Index: 0 | Midi Index: 69 | Intensity: 32 | Note Name: A4
2025-02-16 08:42:00 - Pulse Index: 1 | Midi Index: 80 | Intensity: 33 | Note Name: G#/Ab5
2025-02-16 08:42:00 - Pulse Index: 2 | Midi Index: 87 | Intensity: 60 | Note Name: D#/Eb6
2025-02-16 08:42:00 - Pulse Index: 3 | Midi Index: 90 | Intensity: 24 | Note Name: F#/Gb6
2025-02-16 08:42:00 - Pulse Index: 4 | Midi Index: 99 | Intensity: 63 | Note Name: D#/Eb7
2025-02-16 08:42:00 - 
Logging Idyll Amount:

2025-02-16 08:42:00 - Resonance: 0.1 | NetInflow: 15.5 | NetOutflow: 15.5 | NetOverflow: 0 | State: Active
2025-02-16 08:42:00 - Resonance: 0.1 | NetInflow: 15.5 | NetOutflow: 15.5 | NetOverflow: 0 | State: Active
2025-02-16 08:42:00 - Resonance: 0.1 | NetInflow: 15.5 | NetOutflow: 15.5 | NetOverflow: 0 | State: Active
2025-02-16 08:42:00 - Resonance: 0.1 | NetInflow: 15.5 | NetOutflow: 15.5 | NetOverflow: 0 | State: Active
2025-02-16 08:42:00 - Resonance: 0.1 | NetInflow: 15.5 | NetOutflow: 15.5 | NetOverflow: 0 | State: Active
2025-02-16 08:42:00 - Resonance: 0.1 | NetInflow: 15.5 | NetOutflow: 15.5 | NetOverflow: 0 | State: Active
2025-02-16 08:42:00 - Resonance: 0.1 | NetInflow: 15.5 | NetOutflow: 15.5 | NetOverflow: 0 | State: Active
2025-02-16 08:42:00 - Resonance: 0.1 | NetInflow: 15.5 | NetOutflow: 15.5 | NetOverflow: 0 | State: Active
2025-02-16 08:42:00 - Resonance: 0.1 | NetInflow: 15.5 | NetOutflow: 15.5 | NetOverflow: 0 | State: Active
2025-02-16 08:42:00 - Resonance: 0.1 | NetInflow: 15.5 | NetOutflow: 15.5 | NetOverflow: 0 | State: Active
2025-02-16 08:42:00 - Resonance: 0.1 | NetInflow: 15.5 | NetOutflow: 15.5 | NetOverflow: 0 | State: Active
2025-02-16 08:42:00 - Resonance: 0.1 | NetInflow: 15.5 | NetOutflow: 15.5 | NetOverflow: 0 | State: Active
2025-02-16 08:42:00 - Resonance: 0.1 | NetInflow: 15.5 | NetOutflow: 15.5 | NetOverflow: 0 | State: Active
2025-02-16 08:42:00 - Resonance: 0.1 | NetInflow: 15.5 | NetOutflow: 15.5 | NetOverflow: 0 | State: Active
2025-02-16 08:42:00 - Resonance: 0.1 | NetInflow: 15.5 | NetOutflow: 15.5 | NetOverflow: 0 | State: Active
2025-02-16 08:42:00 - Resonance: 0.1 | NetInflow: 15.5 | NetOutflow: 15.5 | NetOverflow: 0 | State: Active
2025-02-16 08:42:00 - Resonance: 0.1 | NetInflow: 15.5 | NetOutflow: 15.5 | NetOverflow: 0 | State: Active
2025-02-16 08:42:00 - Resonance: 0.1 | NetInflow: 15.5 | NetOutflow: 15.5 | NetOverflow: 0 | State: Active
2025-02-16 08:42:00 - Resonance: 0.1 | NetInflow: 15.5 | NetOutflow: 15.5 | NetOverflow: 0 | State: Active
2025-02-16 08:42:00 - Resonance: 0.1 | NetInflow: 15.5 | NetOutflow: 15.5 | NetOverflow: 0 | State: Active
2025-02-16 08:42:00 - Resonance: 0.1 | NetInflow: 15.5 | NetOutflow: 15.5 | NetOverflow: 0 | State: Active
2025-02-16 08:42:00 - Resonance: 0.1 | NetInflow: 15.5 | NetOutflow: 15.5 | NetOverflow: 0 | State: Active
2025-02-16 08:42:00 - Resonance: 0.1 | NetInflow: 15.5 | NetOutflow: 15.5 | NetOverflow: 0 | State: Active
2025-02-16 08:42:00 - Resonance: 0.1 | NetInflow: 15.5 | NetOutflow: 15.5 | NetOverflow: 0 | State: Active
2025-02-16 08:42:00 - Resonance: 0.1 | NetInflow: 15.5 | NetOutflow: 15.5 | NetOverflow: 0 | State: Active
2025-02-16 08:42:00 - Resonance: 0.1 | NetInflow: 15.5 | NetOutflow: 15.5 | NetOverflow: 0 | State: Active
2025-02-16 08:42:00 - Resonance: 0.1 | NetInflow: 15.5 | NetOutflow: 15.5 | NetOverflow: 0 | State: Active
2025-02-16 08:42:00 - Resonance: 0.1 | NetInflow: 15.5 | NetOutflow: 15.5 | NetOverflow: 0 | State: Active
2025-02-16 08:42:00 - Resonance: 0.1 | NetInflow: 15.5 | NetOutflow: 15.5 | NetOverflow: 0 | State: Active
2025-02-16 08:42:00 - Resonance: 0.1 | NetInflow: 15.5 | NetOutflow: 15.5 | NetOverflow: 0 | State: Active
2025-02-16 08:42:00 - Resonance: 0.1 | NetInflow: 15.5 | NetOutflow: 15.5 | NetOverflow: 0 | State: Active
2025-02-16 08:42:00 - Resonance: 0.1 | NetInflow: 15.5 | NetOutflow: 15.5 | NetOverflow: 0 | State: Active
2025-02-16 08:42:00 - Resonance: 0.1 | NetInflow: 15.5 | NetOutflow: 15.5 | NetOverflow: 0 | State: Active
2025-02-16 08:42:00 - Resonance: 0.1 | NetInflow: 15.5 | NetOutflow: 15.5 | NetOverflow: 0 | State: Active
2025-02-16 08:42:00 - Resonance: 0.1 | NetInflow: 15.5 | NetOutflow: 15.5 | NetOverflow: 0 | State: Active
2025-02-16 08:42:00 - Resonance: 0.1 | NetInflow: 15.5 | NetOutflow: 15.5 | NetOverflow: 0 | State: Active
2025-02-16 08:42:00 - Resonance: 0.1 | NetInflow: 15.5 | NetOutflow: 15.5 | NetOverflow: 0 | State: Active
2025-02-16 08:42:00 - Resonance: 0.1 | NetInflow: 15.5 | NetOutflow: 15.5 | NetOverflow: 0 | State: Active
2025-02-16 08:42:00 - Resonance: 0.1 | NetInflow: 15.5 | NetOutflow: 15.5 | NetOverflow: 0 | State: Active
2025-02-16 08:42:00 - Resonance: 0.1 | NetInflow: 15.5 | NetOutflow: 15.5 | NetOverflow: 0 | State: Active
2025-02-16 08:42:00 - Resonance: 0.1 | NetInflow: 15.5 | NetOutflow: 15.5 | NetOverflow: 0 | State: Active
2025-02-16 08:42:00 - Resonance: 0.1 | NetInflow: 15.5 | NetOutflow: 15.5 | NetOverflow: 0 | State: Active
2025-02-16 08:42:00 - Resonance: 0.1 | NetInflow: 15.5 | NetOutflow: 15.5 | NetOverflow: 0 | State: Active
2025-02-16 08:42:00 - Resonance: 0.1 | NetInflow: 15.5 | NetOutflow: 15.5 | NetOverflow: 0 | State: Active
2025-02-16 08:42:00 - Resonance: 0.1 | NetInflow: 15.5 | NetOutflow: 15.5 | NetOverflow: 0 | State: Active
2025-02-16 08:42:00 - Resonance: 0.1 | NetInflow: 15.5 | NetOutflow: 15.5 | NetOverflow: 0 | State: Active
2025-02-16 08:42:00 - Resonance: 0.1 | NetInflow: 15.5 | NetOutflow: 15.5 | NetOverflow: 0 | State: Active
2025-02-16 08:42:00 - Resonance: 0.1 | NetInflow: 15.5 | NetOutflow: 15.5 | NetOverflow: 0 | State: Active
2025-02-16 08:42:00 - Resonance: 0.1 | NetInflow: 15.5 | NetOutflow: 15.5 | NetOverflow: 0 | State: Active
2025-02-16 08:42:00 - Resonance: 0.1 | NetInflow: 15.5 | NetOutflow: 15.5 | NetOverflow: 0 | State: Active
2025-02-16 08:42:00 -  - - - Adding pulse number 4 with midi index 109. - - -
2025-02-16 08:42:00 - Pulse Index: 0 | Midi Index: 69 | Intensity: 32 | Note Name: A4
2025-02-16 08:42:00 - Pulse Index: 1 | Midi Index: 80 | Intensity: 33 | Note Name: G#/Ab5
2025-02-16 08:42:00 - Pulse Index: 2 | Midi Index: 87 | Intensity: 60 | Note Name: D#/Eb6
2025-02-16 08:42:00 - Pulse Index: 3 | Midi Index: 90 | Intensity: 24 | Note Name: F#/Gb6
2025-02-16 08:42:00 - Pulse Index: 4 | Midi Index: 99 | Intensity: 63 | Note Name: D#/Eb7
2025-02-16 08:42:00 - Pulse Index: 5 | Midi Index: 109 | Intensity: 60 | Note Name: C#/Db8
2025-02-16 08:42:00 - 
Logging Idyll Amount:

2025-02-16 08:42:00 - Resonance: 0.2 | NetInflow: 24.4 | NetOutflow: 16 | NetOverflow: 0 | State: Active
2025-02-16 08:42:00 - Resonance: 0.4 | NetInflow: 24.4 | NetOutflow: 16 | NetOverflow: 0 | State: Active
2025-02-16 08:42:00 - Resonance: 0.6 | NetInflow: 24.4 | NetOutflow: 16 | NetOverflow: 0 | State: Active
2025-02-16 08:42:00 - Resonance: 0.8 | NetInflow: 24.4 | NetOutflow: 16 | NetOverflow: 0 | State: Active
2025-02-16 08:42:00 - Resonance: 0.9 | NetInflow: 24.4 | NetOutflow: 16 | NetOverflow: 0 | State: Active
2025-02-16 08:42:00 - Resonance: 1.1 | NetInflow: 24.4 | NetOutflow: 16 | NetOverflow: 0 | State: Active
2025-02-16 08:42:00 - Resonance: 1.3 | NetInflow: 24.4 | NetOutflow: 16 | NetOverflow: 0 | State: Active
2025-02-16 08:42:00 - Resonance: 1.4 | NetInflow: 24.4 | NetOutflow: 16 | NetOverflow: 0 | State: Active
2025-02-16 08:42:00 - Resonance: 1.6 | NetInflow: 24.4 | NetOutflow: 16 | NetOverflow: 0 | State: Active
2025-02-16 08:42:00 - Resonance: 1.8 | NetInflow: 24.4 | NetOutflow: 16 | NetOverflow: 0 | State: Active
2025-02-16 08:42:00 - Resonance: 1.9 | NetInflow: 24.4 | NetOutflow: 16 | NetOverflow: 0 | State: Active
2025-02-16 08:42:00 - Resonance: 2.1 | NetInflow: 24.4 | NetOutflow: 16 | NetOverflow: 0 | State: Active
2025-02-16 08:42:00 - Resonance: 2.3 | NetInflow: 24.4 | NetOutflow: 16 | NetOverflow: 0 | State: Active
2025-02-16 08:42:00 - Resonance: 2.4 | NetInflow: 24.4 | NetOutflow: 16 | NetOverflow: 0 | State: Active
2025-02-16 08:42:00 - Resonance: 2.6 | NetInflow: 24.4 | NetOutflow: 16 | NetOverflow: 0 | State: Active
2025-02-16 08:42:00 - Resonance: 2.8 | NetInflow: 24.4 | NetOutflow: 16 | NetOverflow: 0 | State: Active
2025-02-16 08:42:00 - Resonance: 2.9 | NetInflow: 24.4 | NetOutflow: 16 | NetOverflow: 0 | State: Active
2025-02-16 08:42:00 - Resonance: 3.1 | NetInflow: 24.4 | NetOutflow: 16 | NetOverflow: 0 | State: Active
2025-02-16 08:42:00 - Resonance: 3.3 | NetInflow: 24.4 | NetOutflow: 16 | NetOverflow: 0 | State: Active
2025-02-16 08:42:00 - Resonance: 3.4 | NetInflow: 24.4 | NetOutflow: 16 | NetOverflow: 0 | State: Active
2025-02-16 08:42:00 - Resonance: 3.6 | NetInflow: 24.4 | NetOutflow: 16 | NetOverflow: 0 | State: Active
2025-02-16 08:42:00 - Resonance: 3.8 | NetInflow: 24.4 | NetOutflow: 16 | NetOverflow: 0 | State: Active
2025-02-16 08:42:00 - Resonance: 3.9 | NetInflow: 24.4 | NetOutflow: 16 | NetOverflow: 0 | State: Active
2025-02-16 08:42:00 - Resonance: 4.1 | NetInflow: 24.4 | NetOutflow: 16 | NetOverflow: 0 | State: Active
2025-02-16 08:42:00 - Resonance: 4.3 | NetInflow: 24.4 | NetOutflow: 16 | NetOverflow: 0 | State: Active
2025-02-16 08:42:00 - Resonance: 4.4 | NetInflow: 24.4 | NetOutflow: 16 | NetOverflow: 0 | State: Active
2025-02-16 08:42:00 - Resonance: 4.6 | NetInflow: 24.4 | NetOutflow: 16 | NetOverflow: 0 | State: Active
2025-02-16 08:42:00 - Resonance: 4.8 | NetInflow: 24.4 | NetOutflow: 16 | NetOverflow: 0 | State: Active
2025-02-16 08:42:00 - Resonance: 5 | NetInflow: 24.4 | NetOutflow: 16 | NetOverflow: 0 | State: Active
2025-02-16 08:42:00 - Resonance: 5.1 | NetInflow: 24.4 | NetOutflow: 16 | NetOverflow: 0 | State: Active
2025-02-16 08:42:00 - Resonance: 5.3 | NetInflow: 24.4 | NetOutflow: 16 | NetOverflow: 0 | State: Active
2025-02-16 08:42:00 - Resonance: 5.5 | NetInflow: 24.4 | NetOutflow: 16 | NetOverflow: 0 | State: Active
2025-02-16 08:42:00 - Resonance: 5.6 | NetInflow: 24.4 | NetOutflow: 16 | NetOverflow: 0 | State: Active
2025-02-16 08:42:00 - Resonance: 5.8 | NetInflow: 24.4 | NetOutflow: 16 | NetOverflow: 0 | State: Active
2025-02-16 08:42:00 - Resonance: 6 | NetInflow: 24.4 | NetOutflow: 16 | NetOverflow: 0 | State: Active
2025-02-16 08:42:00 - Resonance: 6.1 | NetInflow: 24.4 | NetOutflow: 16 | NetOverflow: 0 | State: Active
2025-02-16 08:42:00 - Resonance: 6.3 | NetInflow: 24.4 | NetOutflow: 16 | NetOverflow: 0 | State: Active
2025-02-16 08:42:00 - Resonance: 6.5 | NetInflow: 24.4 | NetOutflow: 16 | NetOverflow: 0 | State: Active
2025-02-16 08:42:00 - Resonance: 6.6 | NetInflow: 24.4 | NetOutflow: 16 | NetOverflow: 0 | State: Active
2025-02-16 08:42:00 - Resonance: 6.8 | NetInflow: 24.4 | NetOutflow: 16 | NetOverflow: 0 | State: Active
2025-02-16 08:42:00 - Resonance: 7 | NetInflow: 24.4 | NetOutflow: 16 | NetOverflow: 0 | State: Active
2025-02-16 08:42:00 - Resonance: 7.1 | NetInflow: 24.4 | NetOutflow: 16 | NetOverflow: 0 | State: Active
2025-02-16 08:42:00 - Resonance: 7.3 | NetInflow: 24.4 | NetOutflow: 16 | NetOverflow: 0 | State: Active
2025-02-16 08:42:00 - Resonance: 7.5 | NetInflow: 24.4 | NetOutflow: 16 | NetOverflow: 0 | State: Active
2025-02-16 08:42:00 - Resonance: 7.6 | NetInflow: 24.4 | NetOutflow: 16 | NetOverflow: 0 | State: Active
2025-02-16 08:42:00 - Resonance: 7.8 | NetInflow: 24.4 | NetOutflow: 16 | NetOverflow: 0 | State: Active
2025-02-16 08:42:00 - Resonance: 8 | NetInflow: 24.4 | NetOutflow: 16 | NetOverflow: 0 | State: Active
2025-02-16 08:42:00 - Resonance: 8.1 | NetInflow: 24.4 | NetOutflow: 16 | NetOverflow: 0 | State: Active
2025-02-16 08:42:00 - Resonance: 8.3 | NetInflow: 24.4 | NetOutflow: 16 | NetOverflow: 0 | State: Active
2025-02-16 08:42:00 - Resonance: 8.5 | NetInflow: 24.4 | NetOutflow: 16 | NetOverflow: 0 | State: Active
2025-02-16 08:42:00 - Pulse Index: 0 | Midi Index: 69 | Intensity: 32 | Note Name: A4
2025-02-16 08:42:00 - Pulse Index: 1 | Midi Index: 80 | Intensity: 33 | Note Name: G#/Ab5
2025-02-16 08:42:00 - Pulse Index: 2 | Midi Index: 87 | Intensity: 60 | Note Name: D#/Eb6
2025-02-16 08:42:00 - Pulse Index: 3 | Midi Index: 90 | Intensity: 24 | Note Name: F#/Gb6
2025-02-16 08:42:00 - Pulse Index: 4 | Midi Index: 99 | Intensity: 63 | Note Name: D#/Eb7
2025-02-16 08:42:00 - Pulse Index: 5 | Midi Index: 109 | Intensity: 60 | Note Name: C#/Db8
