2025-01-25 05:37:16 - Debugger session started.
2025-01-25 05:37:16 - BasilMuguet Test_1 started
2025-01-25 05:37:16 -  - - - Adding pulse number 0 with midi index 89. - - -
2025-01-25 05:37:16 - Pulse Index: 0 | Midi Index: 48 | Intensity: 32 | Note Name: C3
2025-01-25 05:37:16 - Pulse Index: 1 | Midi Index: 89 | Intensity: 36 | Note Name: F6
2025-01-25 05:37:16 - 
Logging Idyll Amount:

2025-01-25 05:37:16 - Resonance: 0 | NetInflow: 0 | NetOutflow: 0 | NetOverflow: 0 | State: Static
2025-01-25 05:37:16 - Resonance: 0 | NetInflow: 0 | NetOutflow: 0 | NetOverflow: 0 | State: Static
2025-01-25 05:37:16 - Resonance: 0 | NetInflow: 0 | NetOutflow: 0 | NetOverflow: 0 | State: Static
2025-01-25 05:37:16 - Resonance: 0 | NetInflow: 0 | NetOutflow: 0 | NetOverflow: 0 | State: Static
2025-01-25 05:37:16 - Resonance: 0 | NetInflow: 0 | NetOutflow: 0 | NetOverflow: 0 | State: Static
2025-01-25 05:37:16 - Resonance: 0 | NetInflow: 0 | NetOutflow: 0 | NetOverflow: 0 | State: Static
2025-01-25 05:37:16 - Resonance: 0 | NetInflow: 0 | NetOutflow: 0 | NetOverflow: 0 | State: Static
2025-01-25 05:37:16 - Resonance: 0 | NetInflow: 0 | NetOutflow: 0 | NetOverflow: 0 | State: Static
2025-01-25 05:37:16 - Resonance: 0 | NetInflow: 0 | NetOutflow: 0 | NetOverflow: 0 | State: Static
2025-01-25 05:37:16 - Resonance: 0 | NetInflow: 0 | NetOutflow: 0 | NetOverflow: 0 | State: Static
2025-01-25 05:37:16 - Resonance: 0 | NetInflow: 0 | NetOutflow: 0 | NetOverflow: 0 | State: Static
2025-01-25 05:37:16 - Resonance: 0 | NetInflow: 0 | NetOutflow: 0 | NetOverflow: 0 | State: Static
2025-01-25 05:37:16 - Resonance: 0 | NetInflow: 0 | NetOutflow: 0 | NetOverflow: 0 | State: Static
2025-01-25 05:37:16 - Resonance: 0 | NetInflow: 0 | NetOutflow: 0 | NetOverflow: 0 | State: Static
2025-01-25 05:37:16 - Resonance: 0 | NetInflow: 0 | NetOutflow: 0 | NetOverflow: 0 | State: Static
2025-01-25 05:37:16 - Resonance: 0 | NetInflow: 0 | NetOutflow: 0 | NetOverflow: 0 | State: Static
2025-01-25 05:37:16 - Resonance: 0 | NetInflow: 0 | NetOutflow: 0 | NetOverflow: 0 | State: Static
2025-01-25 05:37:16 - Resonance: 0 | NetInflow: 0 | NetOutflow: 0 | NetOverflow: 0 | State: Static
2025-01-25 05:37:16 - Resonance: 0 | NetInflow: 0 | NetOutflow: 0 | NetOverflow: 0 | State: Static
2025-01-25 05:37:16 - Resonance: 0 | NetInflow: 0 | NetOutflow: 0 | NetOverflow: 0 | State: Static
2025-01-25 05:37:16 - Resonance: 0 | NetInflow: 0 | NetOutflow: 0 | NetOverflow: 0 | State: Static
2025-01-25 05:37:16 - Resonance: 0 | NetInflow: 0 | NetOutflow: 0 | NetOverflow: 0 | State: Static
2025-01-25 05:37:16 - Resonance: 0 | NetInflow: 0 | NetOutflow: 0 | NetOverflow: 0 | State: Static
2025-01-25 05:37:16 - Resonance: 0 | NetInflow: 0 | NetOutflow: 0 | NetOverflow: 0 | State: Static
2025-01-25 05:37:16 - Resonance: 0 | NetInflow: 0 | NetOutflow: 0 | NetOverflow: 0 | State: Static
2025-01-25 05:37:16 - Resonance: 0 | NetInflow: 0 | NetOutflow: 0 | NetOverflow: 0 | State: Static
2025-01-25 05:37:16 - Resonance: 0 | NetInflow: 0 | NetOutflow: 0 | NetOverflow: 0 | State: Static
2025-01-25 05:37:16 - Resonance: 0 | NetInflow: 0 | NetOutflow: 0 | NetOverflow: 0 | State: Static
2025-01-25 05:37:16 - Resonance: 0 | NetInflow: 0 | NetOutflow: 0 | NetOverflow: 0 | State: Static
2025-01-25 05:37:16 - Resonance: 0 | NetInflow: 0 | NetOutflow: 0 | NetOverflow: 0 | State: Static
2025-01-25 05:37:16 - Resonance: 0 | NetInflow: 0 | NetOutflow: 0 | NetOverflow: 0 | State: Static
2025-01-25 05:37:16 - Resonance: 0 | NetInflow: 0 | NetOutflow: 0 | NetOverflow: 0 | State: Static
2025-01-25 05:37:16 - Resonance: 0 | NetInflow: 0 | NetOutflow: 0 | NetOverflow: 0 | State: Static
2025-01-25 05:37:16 - Resonance: 0 | NetInflow: 0 | NetOutflow: 0 | NetOverflow: 0 | State: Static
2025-01-25 05:37:16 - Resonance: 0 | NetInflow: 0 | NetOutflow: 0 | NetOverflow: 0 | State: Static
2025-01-25 05:37:16 - Resonance: 0 | NetInflow: 0 | NetOutflow: 0 | NetOverflow: 0 | State: Static
2025-01-25 05:37:16 - Resonance: 0 | NetInflow: 0 | NetOutflow: 0 | NetOverflow: 0 | State: Static
2025-01-25 05:37:16 - Resonance: 0 | NetInflow: 0 | NetOutflow: 0 | NetOverflow: 0 | State: Static
2025-01-25 05:37:16 - Resonance: 0 | NetInflow: 0 | NetOutflow: 0 | NetOverflow: 0 | State: Static
2025-01-25 05:37:16 - Resonance: 0 | NetInflow: 0 | NetOutflow: 0 | NetOverflow: 0 | State: Static
2025-01-25 05:37:16 - Resonance: 0 | NetInflow: 0 | NetOutflow: 0 | NetOverflow: 0 | State: Static
2025-01-25 05:37:16 - Resonance: 0 | NetInflow: 0 | NetOutflow: 0 | NetOverflow: 0 | State: Static
2025-01-25 05:37:16 - Resonance: 0 | NetInflow: 0 | NetOutflow: 0 | NetOverflow: 0 | State: Static
2025-01-25 05:37:16 - Resonance: 0 | NetInflow: 0 | NetOutflow: 0 | NetOverflow: 0 | State: Static
2025-01-25 05:37:16 - Resonance: 0 | NetInflow: 0 | NetOutflow: 0 | NetOverflow: 0 | State: Static
2025-01-25 05:37:16 - Resonance: 0 | NetInflow: 0 | NetOutflow: 0 | NetOverflow: 0 | State: Static
2025-01-25 05:37:16 - Resonance: 0 | NetInflow: 0 | NetOutflow: 0 | NetOverflow: 0 | State: Static
2025-01-25 05:37:16 - Resonance: 0 | NetInflow: 0 | NetOutflow: 0 | NetOverflow: 0 | State: Static
2025-01-25 05:37:16 - Resonance: 0 | NetInflow: 0 | NetOutflow: 0 | NetOverflow: 0 | State: Static
2025-01-25 05:37:16 - Resonance: 0 | NetInflow: 0 | NetOutflow: 0 | NetOverflow: 0 | State: Static
2025-01-25 05:37:16 -  - - - Adding pulse number 1 with midi index 120. - - -
2025-01-25 05:37:16 - Pulse Index: 0 | Midi Index: 48 | Intensity: 32 | Note Name: C3
2025-01-25 05:37:16 - Pulse Index: 1 | Midi Index: 89 | Intensity: 36 | Note Name: F6
2025-01-25 05:37:16 - Pulse Index: 2 | Midi Index: 120 | Intensity: 30 | Note Name: C9
2025-01-25 05:37:16 - 
Logging Idyll Amount:

2025-01-25 05:37:16 - Resonance: 0.1 | NetInflow: 5 | NetOutflow: 0 | NetOverflow: 0 | State: Active
2025-01-25 05:37:16 - Resonance: 0.1 | NetInflow: 5 | NetOutflow: 5 | NetOverflow: 0 | State: Active
2025-01-25 05:37:16 - Resonance: 0.1 | NetInflow: 5 | NetOutflow: 5 | NetOverflow: 0 | State: Active
2025-01-25 05:37:16 - Resonance: 0.1 | NetInflow: 5 | NetOutflow: 5 | NetOverflow: 0 | State: Active
2025-01-25 05:37:16 - Resonance: 0.1 | NetInflow: 5 | NetOutflow: 5 | NetOverflow: 0 | State: Active
2025-01-25 05:37:16 - Resonance: 0.1 | NetInflow: 5 | NetOutflow: 5 | NetOverflow: 0 | State: Active
2025-01-25 05:37:16 - Resonance: 0.1 | NetInflow: 5 | NetOutflow: 5 | NetOverflow: 0 | State: Active
2025-01-25 05:37:16 - Resonance: 0.1 | NetInflow: 5 | NetOutflow: 5 | NetOverflow: 0 | State: Active
2025-01-25 05:37:16 - Resonance: 0.1 | NetInflow: 5 | NetOutflow: 5 | NetOverflow: 0 | State: Active
2025-01-25 05:37:16 - Resonance: 0.1 | NetInflow: 5 | NetOutflow: 5 | NetOverflow: 0 | State: Active
2025-01-25 05:37:16 - Resonance: 0.1 | NetInflow: 5 | NetOutflow: 5 | NetOverflow: 0 | State: Active
2025-01-25 05:37:16 - Resonance: 0.1 | NetInflow: 5 | NetOutflow: 5 | NetOverflow: 0 | State: Active
2025-01-25 05:37:16 - Resonance: 0.1 | NetInflow: 5 | NetOutflow: 5 | NetOverflow: 0 | State: Active
2025-01-25 05:37:16 - Resonance: 0.1 | NetInflow: 5 | NetOutflow: 5 | NetOverflow: 0 | State: Active
2025-01-25 05:37:16 - Resonance: 0.1 | NetInflow: 5 | NetOutflow: 5 | NetOverflow: 0 | State: Active
2025-01-25 05:37:16 - Resonance: 0.1 | NetInflow: 5 | NetOutflow: 5 | NetOverflow: 0 | State: Active
2025-01-25 05:37:16 - Resonance: 0.1 | NetInflow: 5 | NetOutflow: 5 | NetOverflow: 0 | State: Active
2025-01-25 05:37:16 - Resonance: 0.1 | NetInflow: 5 | NetOutflow: 5 | NetOverflow: 0 | State: Active
2025-01-25 05:37:16 - Resonance: 0.1 | NetInflow: 5 | NetOutflow: 5 | NetOverflow: 0 | State: Active
2025-01-25 05:37:16 - Resonance: 0.1 | NetInflow: 5 | NetOutflow: 5 | NetOverflow: 0 | State: Active
2025-01-25 05:37:16 - Resonance: 0.1 | NetInflow: 5 | NetOutflow: 5 | NetOverflow: 0 | State: Active
2025-01-25 05:37:16 - Resonance: 0.1 | NetInflow: 5 | NetOutflow: 5 | NetOverflow: 0 | State: Active
2025-01-25 05:37:16 - Resonance: 0.1 | NetInflow: 5 | NetOutflow: 5 | NetOverflow: 0 | State: Active
2025-01-25 05:37:16 - Resonance: 0.1 | NetInflow: 5 | NetOutflow: 5 | NetOverflow: 0 | State: Active
2025-01-25 05:37:16 - Resonance: 0.1 | NetInflow: 5 | NetOutflow: 5 | NetOverflow: 0 | State: Active
2025-01-25 05:37:16 - Resonance: 0.1 | NetInflow: 5 | NetOutflow: 5 | NetOverflow: 0 | State: Active
2025-01-25 05:37:16 - Resonance: 0.1 | NetInflow: 5 | NetOutflow: 5 | NetOverflow: 0 | State: Active
2025-01-25 05:37:16 - Resonance: 0.1 | NetInflow: 5 | NetOutflow: 5 | NetOverflow: 0 | State: Active
2025-01-25 05:37:16 - Resonance: 0.1 | NetInflow: 5 | NetOutflow: 5 | NetOverflow: 0 | State: Active
2025-01-25 05:37:16 - Resonance: 0.1 | NetInflow: 5 | NetOutflow: 5 | NetOverflow: 0 | State: Active
2025-01-25 05:37:16 - Resonance: 0.1 | NetInflow: 5 | NetOutflow: 5 | NetOverflow: 0 | State: Active
2025-01-25 05:37:16 - Resonance: 0.1 | NetInflow: 5 | NetOutflow: 5 | NetOverflow: 0 | State: Active
2025-01-25 05:37:16 - Resonance: 0.1 | NetInflow: 5 | NetOutflow: 5 | NetOverflow: 0 | State: Active
2025-01-25 05:37:16 - Resonance: 0.1 | NetInflow: 5 | NetOutflow: 5 | NetOverflow: 0 | State: Active
2025-01-25 05:37:16 - Resonance: 0.1 | NetInflow: 5 | NetOutflow: 5 | NetOverflow: 0 | State: Active
2025-01-25 05:37:16 - Resonance: 0.1 | NetInflow: 5 | NetOutflow: 5 | NetOverflow: 0 | State: Active
2025-01-25 05:37:16 - Resonance: 0.1 | NetInflow: 5 | NetOutflow: 5 | NetOverflow: 0 | State: Active
2025-01-25 05:37:16 - Resonance: 0.1 | NetInflow: 5 | NetOutflow: 5 | NetOverflow: 0 | State: Active
2025-01-25 05:37:16 - Resonance: 0.1 | NetInflow: 5 | NetOutflow: 5 | NetOverflow: 0 | State: Active
2025-01-25 05:37:16 - Resonance: 0.1 | NetInflow: 5 | NetOutflow: 5 | NetOverflow: 0 | State: Active
2025-01-25 05:37:16 - Resonance: 0.1 | NetInflow: 5 | NetOutflow: 5 | NetOverflow: 0 | State: Active
2025-01-25 05:37:16 - Resonance: 0.1 | NetInflow: 5 | NetOutflow: 5 | NetOverflow: 0 | State: Active
2025-01-25 05:37:16 - Resonance: 0.1 | NetInflow: 5 | NetOutflow: 5 | NetOverflow: 0 | State: Active
2025-01-25 05:37:16 - Resonance: 0.1 | NetInflow: 5 | NetOutflow: 5 | NetOverflow: 0 | State: Active
2025-01-25 05:37:16 - Resonance: 0.1 | NetInflow: 5 | NetOutflow: 5 | NetOverflow: 0 | State: Active
2025-01-25 05:37:16 - Resonance: 0.1 | NetInflow: 5 | NetOutflow: 5 | NetOverflow: 0 | State: Active
2025-01-25 05:37:16 - Resonance: 0.1 | NetInflow: 5 | NetOutflow: 5 | NetOverflow: 0 | State: Active
2025-01-25 05:37:16 - Resonance: 0.1 | NetInflow: 5 | NetOutflow: 5 | NetOverflow: 0 | State: Active
2025-01-25 05:37:16 - Resonance: 0.1 | NetInflow: 5 | NetOutflow: 5 | NetOverflow: 0 | State: Active
2025-01-25 05:37:16 - Resonance: 0.1 | NetInflow: 5 | NetOutflow: 5 | NetOverflow: 0 | State: Active
2025-01-25 05:37:16 -  - - - Adding pulse number 2 with midi index 70. - - -
2025-01-25 05:37:16 - Pulse Index: 0 | Midi Index: 48 | Intensity: 32 | Note Name: C3
2025-01-25 05:37:16 - Pulse Index: 1 | Midi Index: 70 | Intensity: 20 | Note Name: A#/Bb4
2025-01-25 05:37:16 - Pulse Index: 2 | Midi Index: 89 | Intensity: 36 | Note Name: F6
2025-01-25 05:37:16 - Pulse Index: 3 | Midi Index: 120 | Intensity: 30 | Note Name: C9
2025-01-25 05:37:16 - 
Logging Idyll Amount:

2025-01-25 05:37:16 - Resonance: 0.1 | NetInflow: 4.7 | NetOutflow: 4.7 | NetOverflow: 0 | State: Active
2025-01-25 05:37:16 - Resonance: 0.1 | NetInflow: 4.7 | NetOutflow: 4.7 | NetOverflow: 0 | State: Active
2025-01-25 05:37:16 - Resonance: 0.1 | NetInflow: 4.7 | NetOutflow: 4.7 | NetOverflow: 0 | State: Active
2025-01-25 05:37:16 - Resonance: 0.1 | NetInflow: 4.7 | NetOutflow: 4.7 | NetOverflow: 0 | State: Active
2025-01-25 05:37:16 - Resonance: 0.1 | NetInflow: 4.7 | NetOutflow: 4.7 | NetOverflow: 0 | State: Active
2025-01-25 05:37:16 - Resonance: 0.1 | NetInflow: 4.7 | NetOutflow: 4.7 | NetOverflow: 0 | State: Active
2025-01-25 05:37:16 - Resonance: 0.1 | NetInflow: 4.7 | NetOutflow: 4.7 | NetOverflow: 0 | State: Active
2025-01-25 05:37:16 - Resonance: 0.1 | NetInflow: 4.7 | NetOutflow: 4.7 | NetOverflow: 0 | State: Active
2025-01-25 05:37:16 - Resonance: 0.1 | NetInflow: 4.7 | NetOutflow: 4.7 | NetOverflow: 0 | State: Active
2025-01-25 05:37:16 - Resonance: 0.1 | NetInflow: 4.7 | NetOutflow: 4.7 | NetOverflow: 0 | State: Active
2025-01-25 05:37:16 - Resonance: 0.1 | NetInflow: 4.7 | NetOutflow: 4.7 | NetOverflow: 0 | State: Active
2025-01-25 05:37:16 - Resonance: 0.1 | NetInflow: 4.7 | NetOutflow: 4.7 | NetOverflow: 0 | State: Active
2025-01-25 05:37:16 - Resonance: 0.1 | NetInflow: 4.7 | NetOutflow: 4.7 | NetOverflow: 0 | State: Active
2025-01-25 05:37:16 - Resonance: 0.1 | NetInflow: 4.7 | NetOutflow: 4.7 | NetOverflow: 0 | State: Active
2025-01-25 05:37:16 - Resonance: 0.1 | NetInflow: 4.7 | NetOutflow: 4.7 | NetOverflow: 0 | State: Active
2025-01-25 05:37:16 - Resonance: 0.1 | NetInflow: 4.7 | NetOutflow: 4.7 | NetOverflow: 0 | State: Active
2025-01-25 05:37:16 - Resonance: 0.1 | NetInflow: 4.7 | NetOutflow: 4.7 | NetOverflow: 0 | State: Active
2025-01-25 05:37:16 - Resonance: 0.1 | NetInflow: 4.7 | NetOutflow: 4.7 | NetOverflow: 0 | State: Active
2025-01-25 05:37:16 - Resonance: 0.1 | NetInflow: 4.7 | NetOutflow: 4.7 | NetOverflow: 0 | State: Active
2025-01-25 05:37:16 - Resonance: 0.1 | NetInflow: 4.7 | NetOutflow: 4.7 | NetOverflow: 0 | State: Active
2025-01-25 05:37:16 - Resonance: 0.1 | NetInflow: 4.7 | NetOutflow: 4.7 | NetOverflow: 0 | State: Active
2025-01-25 05:37:16 - Resonance: 0.1 | NetInflow: 4.7 | NetOutflow: 4.7 | NetOverflow: 0 | State: Active
2025-01-25 05:37:16 - Resonance: 0.1 | NetInflow: 4.7 | NetOutflow: 4.7 | NetOverflow: 0 | State: Active
2025-01-25 05:37:16 - Resonance: 0.1 | NetInflow: 4.7 | NetOutflow: 4.7 | NetOverflow: 0 | State: Active
2025-01-25 05:37:16 - Resonance: 0.1 | NetInflow: 4.7 | NetOutflow: 4.7 | NetOverflow: 0 | State: Active
2025-01-25 05:37:16 - Resonance: 0.1 | NetInflow: 4.7 | NetOutflow: 4.7 | NetOverflow: 0 | State: Active
2025-01-25 05:37:16 - Resonance: 0.1 | NetInflow: 4.7 | NetOutflow: 4.7 | NetOverflow: 0 | State: Active
2025-01-25 05:37:16 - Resonance: 0.1 | NetInflow: 4.7 | NetOutflow: 4.7 | NetOverflow: 0 | State: Active
2025-01-25 05:37:16 - Resonance: 0.1 | NetInflow: 4.7 | NetOutflow: 4.7 | NetOverflow: 0 | State: Active
2025-01-25 05:37:16 - Resonance: 0.1 | NetInflow: 4.7 | NetOutflow: 4.7 | NetOverflow: 0 | State: Active
2025-01-25 05:37:16 - Resonance: 0.1 | NetInflow: 4.7 | NetOutflow: 4.7 | NetOverflow: 0 | State: Active
2025-01-25 05:37:16 - Resonance: 0.1 | NetInflow: 4.7 | NetOutflow: 4.7 | NetOverflow: 0 | State: Active
2025-01-25 05:37:16 - Resonance: 0.1 | NetInflow: 4.7 | NetOutflow: 4.7 | NetOverflow: 0 | State: Active
2025-01-25 05:37:16 - Resonance: 0.1 | NetInflow: 4.7 | NetOutflow: 4.7 | NetOverflow: 0 | State: Active
2025-01-25 05:37:16 - Resonance: 0.1 | NetInflow: 4.7 | NetOutflow: 4.7 | NetOverflow: 0 | State: Active
2025-01-25 05:37:16 - Resonance: 0.1 | NetInflow: 4.7 | NetOutflow: 4.7 | NetOverflow: 0 | State: Active
2025-01-25 05:37:16 - Resonance: 0.1 | NetInflow: 4.7 | NetOutflow: 4.7 | NetOverflow: 0 | State: Active
2025-01-25 05:37:16 - Resonance: 0.1 | NetInflow: 4.7 | NetOutflow: 4.7 | NetOverflow: 0 | State: Active
2025-01-25 05:37:16 - Resonance: 0.1 | NetInflow: 4.7 | NetOutflow: 4.7 | NetOverflow: 0 | State: Active
2025-01-25 05:37:16 - Resonance: 0.1 | NetInflow: 4.7 | NetOutflow: 4.7 | NetOverflow: 0 | State: Active
2025-01-25 05:37:16 - Resonance: 0.1 | NetInflow: 4.7 | NetOutflow: 4.7 | NetOverflow: 0 | State: Active
2025-01-25 05:37:16 - Resonance: 0.1 | NetInflow: 4.7 | NetOutflow: 4.7 | NetOverflow: 0 | State: Active
2025-01-25 05:37:16 - Resonance: 0.1 | NetInflow: 4.7 | NetOutflow: 4.7 | NetOverflow: 0 | State: Active
2025-01-25 05:37:16 - Resonance: 0.1 | NetInflow: 4.7 | NetOutflow: 4.7 | NetOverflow: 0 | State: Active
2025-01-25 05:37:16 - Resonance: 0.1 | NetInflow: 4.7 | NetOutflow: 4.7 | NetOverflow: 0 | State: Active
2025-01-25 05:37:16 - Resonance: 0.1 | NetInflow: 4.7 | NetOutflow: 4.7 | NetOverflow: 0 | State: Active
2025-01-25 05:37:16 - Resonance: 0.1 | NetInflow: 4.7 | NetOutflow: 4.7 | NetOverflow: 0 | State: Active
2025-01-25 05:37:16 - Resonance: 0.1 | NetInflow: 4.7 | NetOutflow: 4.7 | NetOverflow: 0 | State: Active
2025-01-25 05:37:16 - Resonance: 0.1 | NetInflow: 4.7 | NetOutflow: 4.7 | NetOverflow: 0 | State: Active
2025-01-25 05:37:16 - Resonance: 0.1 | NetInflow: 4.7 | NetOutflow: 4.7 | NetOverflow: 0 | State: Active
2025-01-25 05:37:16 -  - - - Adding pulse number 3 with midi index 79. - - -
2025-01-25 05:37:16 - Pulse Index: 0 | Midi Index: 48 | Intensity: 32 | Note Name: C3
2025-01-25 05:37:16 - Pulse Index: 1 | Midi Index: 70 | Intensity: 20 | Note Name: A#/Bb4
2025-01-25 05:37:16 - Pulse Index: 2 | Midi Index: 79 | Intensity: 23 | Note Name: G5
2025-01-25 05:37:16 - Pulse Index: 3 | Midi Index: 89 | Intensity: 36 | Note Name: F6
2025-01-25 05:37:16 - Pulse Index: 4 | Midi Index: 120 | Intensity: 30 | Note Name: C9
2025-01-25 05:37:16 - 
Logging Idyll Amount:

2025-01-25 05:37:16 - Resonance: 0.1 | NetInflow: 5 | NetOutflow: 5 | NetOverflow: 0 | State: Active
2025-01-25 05:37:16 - Resonance: 0.1 | NetInflow: 5 | NetOutflow: 5 | NetOverflow: 0 | State: Active
2025-01-25 05:37:16 - Resonance: 0.1 | NetInflow: 5 | NetOutflow: 5 | NetOverflow: 0 | State: Active
2025-01-25 05:37:16 - Resonance: 0.1 | NetInflow: 5 | NetOutflow: 5 | NetOverflow: 0 | State: Active
2025-01-25 05:37:16 - Resonance: 0.1 | NetInflow: 5 | NetOutflow: 5 | NetOverflow: 0 | State: Active
2025-01-25 05:37:16 - Resonance: 0.1 | NetInflow: 5 | NetOutflow: 5 | NetOverflow: 0 | State: Active
2025-01-25 05:37:16 - Resonance: 0.1 | NetInflow: 5 | NetOutflow: 5 | NetOverflow: 0 | State: Active
2025-01-25 05:37:16 - Resonance: 0.1 | NetInflow: 5 | NetOutflow: 5 | NetOverflow: 0 | State: Active
2025-01-25 05:37:16 - Resonance: 0.1 | NetInflow: 5 | NetOutflow: 5 | NetOverflow: 0 | State: Active
2025-01-25 05:37:16 - Resonance: 0.1 | NetInflow: 5 | NetOutflow: 5 | NetOverflow: 0 | State: Active
2025-01-25 05:37:16 - Resonance: 0.1 | NetInflow: 5 | NetOutflow: 5 | NetOverflow: 0 | State: Active
2025-01-25 05:37:16 - Resonance: 0.1 | NetInflow: 5 | NetOutflow: 5 | NetOverflow: 0 | State: Active
2025-01-25 05:37:16 - Resonance: 0.1 | NetInflow: 5 | NetOutflow: 5 | NetOverflow: 0 | State: Active
2025-01-25 05:37:16 - Resonance: 0.1 | NetInflow: 5 | NetOutflow: 5 | NetOverflow: 0 | State: Active
2025-01-25 05:37:16 - Resonance: 0.1 | NetInflow: 5 | NetOutflow: 5 | NetOverflow: 0 | State: Active
2025-01-25 05:37:16 - Resonance: 0.1 | NetInflow: 5 | NetOutflow: 5 | NetOverflow: 0 | State: Active
2025-01-25 05:37:16 - Resonance: 0.1 | NetInflow: 5 | NetOutflow: 5 | NetOverflow: 0 | State: Active
2025-01-25 05:37:16 - Resonance: 0.1 | NetInflow: 5 | NetOutflow: 5 | NetOverflow: 0 | State: Active
2025-01-25 05:37:16 - Resonance: 0.1 | NetInflow: 5 | NetOutflow: 5 | NetOverflow: 0 | State: Active
2025-01-25 05:37:16 - Resonance: 0.1 | NetInflow: 5 | NetOutflow: 5 | NetOverflow: 0 | State: Active
2025-01-25 05:37:16 - Resonance: 0.1 | NetInflow: 5 | NetOutflow: 5 | NetOverflow: 0 | State: Active
2025-01-25 05:37:16 - Resonance: 0.1 | NetInflow: 5 | NetOutflow: 5 | NetOverflow: 0 | State: Active
2025-01-25 05:37:16 - Resonance: 0.1 | NetInflow: 5 | NetOutflow: 5 | NetOverflow: 0 | State: Active
2025-01-25 05:37:16 - Resonance: 0.1 | NetInflow: 5 | NetOutflow: 5 | NetOverflow: 0 | State: Active
2025-01-25 05:37:16 - Resonance: 0.1 | NetInflow: 5 | NetOutflow: 5 | NetOverflow: 0 | State: Active
2025-01-25 05:37:16 - Resonance: 0.1 | NetInflow: 5 | NetOutflow: 5 | NetOverflow: 0 | State: Active
2025-01-25 05:37:16 - Resonance: 0.1 | NetInflow: 5 | NetOutflow: 5 | NetOverflow: 0 | State: Active
2025-01-25 05:37:16 - Resonance: 0.1 | NetInflow: 5 | NetOutflow: 5 | NetOverflow: 0 | State: Active
2025-01-25 05:37:16 - Resonance: 0.1 | NetInflow: 5 | NetOutflow: 5 | NetOverflow: 0 | State: Active
2025-01-25 05:37:16 - Resonance: 0.1 | NetInflow: 5 | NetOutflow: 5 | NetOverflow: 0 | State: Active
2025-01-25 05:37:16 - Resonance: 0.1 | NetInflow: 5 | NetOutflow: 5 | NetOverflow: 0 | State: Active
2025-01-25 05:37:16 - Resonance: 0.1 | NetInflow: 5 | NetOutflow: 5 | NetOverflow: 0 | State: Active
2025-01-25 05:37:16 - Resonance: 0.1 | NetInflow: 5 | NetOutflow: 5 | NetOverflow: 0 | State: Active
2025-01-25 05:37:16 - Resonance: 0.1 | NetInflow: 5 | NetOutflow: 5 | NetOverflow: 0 | State: Active
2025-01-25 05:37:16 - Resonance: 0.1 | NetInflow: 5 | NetOutflow: 5 | NetOverflow: 0 | State: Active
2025-01-25 05:37:16 - Resonance: 0.1 | NetInflow: 5 | NetOutflow: 5 | NetOverflow: 0 | State: Active
2025-01-25 05:37:16 - Resonance: 0.1 | NetInflow: 5 | NetOutflow: 5 | NetOverflow: 0 | State: Active
2025-01-25 05:37:16 - Resonance: 0.1 | NetInflow: 5 | NetOutflow: 5 | NetOverflow: 0 | State: Active
2025-01-25 05:37:16 - Resonance: 0.1 | NetInflow: 5 | NetOutflow: 5 | NetOverflow: 0 | State: Active
2025-01-25 05:37:16 - Resonance: 0.1 | NetInflow: 5 | NetOutflow: 5 | NetOverflow: 0 | State: Active
2025-01-25 05:37:16 - Resonance: 0.1 | NetInflow: 5 | NetOutflow: 5 | NetOverflow: 0 | State: Active
2025-01-25 05:37:16 - Resonance: 0.1 | NetInflow: 5 | NetOutflow: 5 | NetOverflow: 0 | State: Active
2025-01-25 05:37:16 - Resonance: 0.1 | NetInflow: 5 | NetOutflow: 5 | NetOverflow: 0 | State: Active
2025-01-25 05:37:16 - Resonance: 0.1 | NetInflow: 5 | NetOutflow: 5 | NetOverflow: 0 | State: Active
2025-01-25 05:37:16 - Resonance: 0.1 | NetInflow: 5 | NetOutflow: 5 | NetOverflow: 0 | State: Active
2025-01-25 05:37:16 - Resonance: 0.1 | NetInflow: 5 | NetOutflow: 5 | NetOverflow: 0 | State: Active
2025-01-25 05:37:16 - Resonance: 0.1 | NetInflow: 5 | NetOutflow: 5 | NetOverflow: 0 | State: Active
2025-01-25 05:37:16 - Resonance: 0.1 | NetInflow: 5 | NetOutflow: 5 | NetOverflow: 0 | State: Active
2025-01-25 05:37:16 - Resonance: 0.1 | NetInflow: 5 | NetOutflow: 5 | NetOverflow: 0 | State: Active
2025-01-25 05:37:16 - Resonance: 0.1 | NetInflow: 5 | NetOutflow: 5 | NetOverflow: 0 | State: Active
2025-01-25 05:37:16 -  - - - Adding pulse number 4 with midi index 62. - - -
2025-01-25 05:37:16 - Pulse Index: 0 | Midi Index: 48 | Intensity: 32 | Note Name: C3
2025-01-25 05:37:16 - Pulse Index: 1 | Midi Index: 62 | Intensity: 26 | Note Name: D4
2025-01-25 05:37:16 - Pulse Index: 2 | Midi Index: 70 | Intensity: 20 | Note Name: A#/Bb4
2025-01-25 05:37:16 - Pulse Index: 3 | Midi Index: 79 | Intensity: 23 | Note Name: G5
2025-01-25 05:37:16 - Pulse Index: 4 | Midi Index: 89 | Intensity: 36 | Note Name: F6
2025-01-25 05:37:16 - Pulse Index: 5 | Midi Index: 120 | Intensity: 30 | Note Name: C9
2025-01-25 05:37:16 - 
Logging Idyll Amount:

2025-01-25 05:37:16 - Resonance: 0.1 | NetInflow: 6 | NetOutflow: 6 | NetOverflow: 0 | State: Active
2025-01-25 05:37:16 - Resonance: 0.1 | NetInflow: 6 | NetOutflow: 6 | NetOverflow: 0 | State: Active
2025-01-25 05:37:16 - Resonance: 0.1 | NetInflow: 6 | NetOutflow: 6 | NetOverflow: 0 | State: Active
2025-01-25 05:37:16 - Resonance: 0.1 | NetInflow: 6 | NetOutflow: 6 | NetOverflow: 0 | State: Active
2025-01-25 05:37:16 - Resonance: 0.1 | NetInflow: 6 | NetOutflow: 6 | NetOverflow: 0 | State: Active
2025-01-25 05:37:16 - Resonance: 0.1 | NetInflow: 6 | NetOutflow: 6 | NetOverflow: 0 | State: Active
2025-01-25 05:37:16 - Resonance: 0.1 | NetInflow: 6 | NetOutflow: 6 | NetOverflow: 0 | State: Active
2025-01-25 05:37:16 - Resonance: 0.1 | NetInflow: 6 | NetOutflow: 6 | NetOverflow: 0 | State: Active
2025-01-25 05:37:16 - Resonance: 0.1 | NetInflow: 6 | NetOutflow: 6 | NetOverflow: 0 | State: Active
2025-01-25 05:37:16 - Resonance: 0.1 | NetInflow: 6 | NetOutflow: 6 | NetOverflow: 0 | State: Active
2025-01-25 05:37:16 - Resonance: 0.1 | NetInflow: 6 | NetOutflow: 6 | NetOverflow: 0 | State: Active
2025-01-25 05:37:16 - Resonance: 0.1 | NetInflow: 6 | NetOutflow: 6 | NetOverflow: 0 | State: Active
2025-01-25 05:37:16 - Resonance: 0.1 | NetInflow: 6 | NetOutflow: 6 | NetOverflow: 0 | State: Active
2025-01-25 05:37:16 - Resonance: 0.1 | NetInflow: 6 | NetOutflow: 6 | NetOverflow: 0 | State: Active
2025-01-25 05:37:16 - Resonance: 0.1 | NetInflow: 6 | NetOutflow: 6 | NetOverflow: 0 | State: Active
2025-01-25 05:37:16 - Resonance: 0.1 | NetInflow: 6 | NetOutflow: 6 | NetOverflow: 0 | State: Active
2025-01-25 05:37:16 - Resonance: 0.1 | NetInflow: 6 | NetOutflow: 6 | NetOverflow: 0 | State: Active
2025-01-25 05:37:16 - Resonance: 0.1 | NetInflow: 6 | NetOutflow: 6 | NetOverflow: 0 | State: Active
2025-01-25 05:37:16 - Resonance: 0.1 | NetInflow: 6 | NetOutflow: 6 | NetOverflow: 0 | State: Active
2025-01-25 05:37:16 - Resonance: 0.1 | NetInflow: 6 | NetOutflow: 6 | NetOverflow: 0 | State: Active
2025-01-25 05:37:16 - Resonance: 0.1 | NetInflow: 6 | NetOutflow: 6 | NetOverflow: 0 | State: Active
2025-01-25 05:37:16 - Resonance: 0.1 | NetInflow: 6 | NetOutflow: 6 | NetOverflow: 0 | State: Active
2025-01-25 05:37:16 - Resonance: 0.1 | NetInflow: 6 | NetOutflow: 6 | NetOverflow: 0 | State: Active
2025-01-25 05:37:16 - Resonance: 0.1 | NetInflow: 6 | NetOutflow: 6 | NetOverflow: 0 | State: Active
2025-01-25 05:37:16 - Resonance: 0.1 | NetInflow: 6 | NetOutflow: 6 | NetOverflow: 0 | State: Active
2025-01-25 05:37:16 - Resonance: 0.1 | NetInflow: 6 | NetOutflow: 6 | NetOverflow: 0 | State: Active
2025-01-25 05:37:16 - Resonance: 0.1 | NetInflow: 6 | NetOutflow: 6 | NetOverflow: 0 | State: Active
2025-01-25 05:37:16 - Resonance: 0.1 | NetInflow: 6 | NetOutflow: 6 | NetOverflow: 0 | State: Active
2025-01-25 05:37:16 - Resonance: 0.1 | NetInflow: 6 | NetOutflow: 6 | NetOverflow: 0 | State: Active
2025-01-25 05:37:16 - Resonance: 0.1 | NetInflow: 6 | NetOutflow: 6 | NetOverflow: 0 | State: Active
2025-01-25 05:37:16 - Resonance: 0.1 | NetInflow: 6 | NetOutflow: 6 | NetOverflow: 0 | State: Active
2025-01-25 05:37:16 - Resonance: 0.1 | NetInflow: 6 | NetOutflow: 6 | NetOverflow: 0 | State: Active
2025-01-25 05:37:16 - Resonance: 0.1 | NetInflow: 6 | NetOutflow: 6 | NetOverflow: 0 | State: Active
2025-01-25 05:37:16 - Resonance: 0.1 | NetInflow: 6 | NetOutflow: 6 | NetOverflow: 0 | State: Active
2025-01-25 05:37:16 - Resonance: 0.1 | NetInflow: 6 | NetOutflow: 6 | NetOverflow: 0 | State: Active
2025-01-25 05:37:16 - Resonance: 0.1 | NetInflow: 6 | NetOutflow: 6 | NetOverflow: 0 | State: Active
2025-01-25 05:37:16 - Resonance: 0.1 | NetInflow: 6 | NetOutflow: 6 | NetOverflow: 0 | State: Active
2025-01-25 05:37:16 - Resonance: 0.1 | NetInflow: 6 | NetOutflow: 6 | NetOverflow: 0 | State: Active
2025-01-25 05:37:16 - Resonance: 0.1 | NetInflow: 6 | NetOutflow: 6 | NetOverflow: 0 | State: Active
2025-01-25 05:37:16 - Resonance: 0.1 | NetInflow: 6 | NetOutflow: 6 | NetOverflow: 0 | State: Active
2025-01-25 05:37:16 - Resonance: 0.1 | NetInflow: 6 | NetOutflow: 6 | NetOverflow: 0 | State: Active
2025-01-25 05:37:16 - Resonance: 0.1 | NetInflow: 6 | NetOutflow: 6 | NetOverflow: 0 | State: Active
2025-01-25 05:37:16 - Resonance: 0.1 | NetInflow: 6 | NetOutflow: 6 | NetOverflow: 0 | State: Active
2025-01-25 05:37:16 - Resonance: 0.1 | NetInflow: 6 | NetOutflow: 6 | NetOverflow: 0 | State: Active
2025-01-25 05:37:16 - Resonance: 0.1 | NetInflow: 6 | NetOutflow: 6 | NetOverflow: 0 | State: Active
2025-01-25 05:37:16 - Resonance: 0.1 | NetInflow: 6 | NetOutflow: 6 | NetOverflow: 0 | State: Active
2025-01-25 05:37:16 - Resonance: 0.1 | NetInflow: 6 | NetOutflow: 6 | NetOverflow: 0 | State: Active
2025-01-25 05:37:16 - Resonance: 0.1 | NetInflow: 6 | NetOutflow: 6 | NetOverflow: 0 | State: Active
2025-01-25 05:37:16 - Resonance: 0.1 | NetInflow: 6 | NetOutflow: 6 | NetOverflow: 0 | State: Active
2025-01-25 05:37:16 - Resonance: 0.1 | NetInflow: 6 | NetOutflow: 6 | NetOverflow: 0 | State: Active
2025-01-25 05:37:16 - Pulse Index: 0 | Midi Index: 48 | Intensity: 32 | Note Name: C3
2025-01-25 05:37:16 - Pulse Index: 1 | Midi Index: 62 | Intensity: 26 | Note Name: D4
2025-01-25 05:37:16 - Pulse Index: 2 | Midi Index: 70 | Intensity: 20 | Note Name: A#/Bb4
2025-01-25 05:37:16 - Pulse Index: 3 | Midi Index: 79 | Intensity: 23 | Note Name: G5
2025-01-25 05:37:16 - Pulse Index: 4 | Midi Index: 89 | Intensity: 36 | Note Name: F6
2025-01-25 05:37:16 - Pulse Index: 5 | Midi Index: 120 | Intensity: 30 | Note Name: C9
