2025-01-27 00:17:38 - Debugger session started.
2025-01-27 00:17:38 - BasilMuguet Test_1 started
2025-01-27 00:17:38 -  - - - Adding pulse number 0 with midi index 80. - - -
2025-01-27 00:17:38 - Pulse Index: 0 | Midi Index: 48 | Intensity: 32 | Note Name: C3
2025-01-27 00:17:38 - Pulse Index: 1 | Midi Index: 80 | Intensity: 59 | Note Name: G#/Ab5
2025-01-27 00:17:38 - 
Logging Idyll Amount:

2025-01-27 00:17:38 - Resonance: 0 | NetInflow: 0 | NetOutflow: 0 | NetOverflow: 0 | State: Static
2025-01-27 00:17:38 - Resonance: 0 | NetInflow: 0 | NetOutflow: 0 | NetOverflow: 0 | State: Static
2025-01-27 00:17:38 - Resonance: 0 | NetInflow: 0 | NetOutflow: 0 | NetOverflow: 0 | State: Static
2025-01-27 00:17:38 - Resonance: 0 | NetInflow: 0 | NetOutflow: 0 | NetOverflow: 0 | State: Static
2025-01-27 00:17:38 - Resonance: 0 | NetInflow: 0 | NetOutflow: 0 | NetOverflow: 0 | State: Static
2025-01-27 00:17:38 - Resonance: 0 | NetInflow: 0 | NetOutflow: 0 | NetOverflow: 0 | State: Static
2025-01-27 00:17:38 - Resonance: 0 | NetInflow: 0 | NetOutflow: 0 | NetOverflow: 0 | State: Static
2025-01-27 00:17:38 - Resonance: 0 | NetInflow: 0 | NetOutflow: 0 | NetOverflow: 0 | State: Static
2025-01-27 00:17:38 - Resonance: 0 | NetInflow: 0 | NetOutflow: 0 | NetOverflow: 0 | State: Static
2025-01-27 00:17:38 - Resonance: 0 | NetInflow: 0 | NetOutflow: 0 | NetOverflow: 0 | State: Static
2025-01-27 00:17:38 - Resonance: 0 | NetInflow: 0 | NetOutflow: 0 | NetOverflow: 0 | State: Static
2025-01-27 00:17:38 - Resonance: 0 | NetInflow: 0 | NetOutflow: 0 | NetOverflow: 0 | State: Static
2025-01-27 00:17:38 - Resonance: 0 | NetInflow: 0 | NetOutflow: 0 | NetOverflow: 0 | State: Static
2025-01-27 00:17:38 - Resonance: 0 | NetInflow: 0 | NetOutflow: 0 | NetOverflow: 0 | State: Static
2025-01-27 00:17:38 - Resonance: 0 | NetInflow: 0 | NetOutflow: 0 | NetOverflow: 0 | State: Static
2025-01-27 00:17:38 - Resonance: 0 | NetInflow: 0 | NetOutflow: 0 | NetOverflow: 0 | State: Static
2025-01-27 00:17:38 - Resonance: 0 | NetInflow: 0 | NetOutflow: 0 | NetOverflow: 0 | State: Static
2025-01-27 00:17:38 - Resonance: 0 | NetInflow: 0 | NetOutflow: 0 | NetOverflow: 0 | State: Static
2025-01-27 00:17:38 - Resonance: 0 | NetInflow: 0 | NetOutflow: 0 | NetOverflow: 0 | State: Static
2025-01-27 00:17:38 - Resonance: 0 | NetInflow: 0 | NetOutflow: 0 | NetOverflow: 0 | State: Static
2025-01-27 00:17:38 - Resonance: 0 | NetInflow: 0 | NetOutflow: 0 | NetOverflow: 0 | State: Static
2025-01-27 00:17:38 - Resonance: 0 | NetInflow: 0 | NetOutflow: 0 | NetOverflow: 0 | State: Static
2025-01-27 00:17:38 - Resonance: 0 | NetInflow: 0 | NetOutflow: 0 | NetOverflow: 0 | State: Static
2025-01-27 00:17:38 - Resonance: 0 | NetInflow: 0 | NetOutflow: 0 | NetOverflow: 0 | State: Static
2025-01-27 00:17:38 - Resonance: 0 | NetInflow: 0 | NetOutflow: 0 | NetOverflow: 0 | State: Static
2025-01-27 00:17:38 - Resonance: 0 | NetInflow: 0 | NetOutflow: 0 | NetOverflow: 0 | State: Static
2025-01-27 00:17:38 - Resonance: 0 | NetInflow: 0 | NetOutflow: 0 | NetOverflow: 0 | State: Static
2025-01-27 00:17:38 - Resonance: 0 | NetInflow: 0 | NetOutflow: 0 | NetOverflow: 0 | State: Static
2025-01-27 00:17:38 - Resonance: 0 | NetInflow: 0 | NetOutflow: 0 | NetOverflow: 0 | State: Static
2025-01-27 00:17:38 - Resonance: 0 | NetInflow: 0 | NetOutflow: 0 | NetOverflow: 0 | State: Static
2025-01-27 00:17:38 - Resonance: 0 | NetInflow: 0 | NetOutflow: 0 | NetOverflow: 0 | State: Static
2025-01-27 00:17:38 - Resonance: 0 | NetInflow: 0 | NetOutflow: 0 | NetOverflow: 0 | State: Static
2025-01-27 00:17:38 - Resonance: 0 | NetInflow: 0 | NetOutflow: 0 | NetOverflow: 0 | State: Static
2025-01-27 00:17:38 - Resonance: 0 | NetInflow: 0 | NetOutflow: 0 | NetOverflow: 0 | State: Static
2025-01-27 00:17:38 - Resonance: 0 | NetInflow: 0 | NetOutflow: 0 | NetOverflow: 0 | State: Static
2025-01-27 00:17:38 - Resonance: 0 | NetInflow: 0 | NetOutflow: 0 | NetOverflow: 0 | State: Static
2025-01-27 00:17:38 - Resonance: 0 | NetInflow: 0 | NetOutflow: 0 | NetOverflow: 0 | State: Static
2025-01-27 00:17:38 - Resonance: 0 | NetInflow: 0 | NetOutflow: 0 | NetOverflow: 0 | State: Static
2025-01-27 00:17:38 - Resonance: 0 | NetInflow: 0 | NetOutflow: 0 | NetOverflow: 0 | State: Static
2025-01-27 00:17:38 - Resonance: 0 | NetInflow: 0 | NetOutflow: 0 | NetOverflow: 0 | State: Static
2025-01-27 00:17:38 - Resonance: 0 | NetInflow: 0 | NetOutflow: 0 | NetOverflow: 0 | State: Static
2025-01-27 00:17:38 - Resonance: 0 | NetInflow: 0 | NetOutflow: 0 | NetOverflow: 0 | State: Static
2025-01-27 00:17:38 - Resonance: 0 | NetInflow: 0 | NetOutflow: 0 | NetOverflow: 0 | State: Static
2025-01-27 00:17:38 - Resonance: 0 | NetInflow: 0 | NetOutflow: 0 | NetOverflow: 0 | State: Static
2025-01-27 00:17:38 - Resonance: 0 | NetInflow: 0 | NetOutflow: 0 | NetOverflow: 0 | State: Static
2025-01-27 00:17:38 - Resonance: 0 | NetInflow: 0 | NetOutflow: 0 | NetOverflow: 0 | State: Static
2025-01-27 00:17:38 - Resonance: 0 | NetInflow: 0 | NetOutflow: 0 | NetOverflow: 0 | State: Static
2025-01-27 00:17:38 - Resonance: 0 | NetInflow: 0 | NetOutflow: 0 | NetOverflow: 0 | State: Static
2025-01-27 00:17:38 - Resonance: 0 | NetInflow: 0 | NetOutflow: 0 | NetOverflow: 0 | State: Static
2025-01-27 00:17:38 - Resonance: 0 | NetInflow: 0 | NetOutflow: 0 | NetOverflow: 0 | State: Static
2025-01-27 00:17:38 -  - - - Adding pulse number 1 with midi index 125. - - -
2025-01-27 00:17:38 - Pulse Index: 0 | Midi Index: 48 | Intensity: 32 | Note Name: C3
2025-01-27 00:17:38 - Pulse Index: 1 | Midi Index: 80 | Intensity: 59 | Note Name: G#/Ab5
2025-01-27 00:17:38 - Pulse Index: 2 | Midi Index: 125 | Intensity: 45 | Note Name: F9
2025-01-27 00:17:38 - 
Logging Idyll Amount:

2025-01-27 00:17:38 - Resonance: 0.3 | NetInflow: 13 | NetOutflow: 0 | NetOverflow: 0 | State: Active
2025-01-27 00:17:38 - Resonance: 0.3 | NetInflow: 13 | NetOutflow: 13 | NetOverflow: 0 | State: Active
2025-01-27 00:17:38 - Resonance: 0.3 | NetInflow: 13 | NetOutflow: 13 | NetOverflow: 0 | State: Active
2025-01-27 00:17:38 - Resonance: 0.3 | NetInflow: 13 | NetOutflow: 13 | NetOverflow: 0 | State: Active
2025-01-27 00:17:38 - Resonance: 0.3 | NetInflow: 13 | NetOutflow: 13 | NetOverflow: 0 | State: Active
2025-01-27 00:17:38 - Resonance: 0.3 | NetInflow: 13 | NetOutflow: 13 | NetOverflow: 0 | State: Active
2025-01-27 00:17:38 - Resonance: 0.3 | NetInflow: 13 | NetOutflow: 13 | NetOverflow: 0 | State: Active
2025-01-27 00:17:38 - Resonance: 0.3 | NetInflow: 13 | NetOutflow: 13 | NetOverflow: 0 | State: Active
2025-01-27 00:17:38 - Resonance: 0.3 | NetInflow: 13 | NetOutflow: 13 | NetOverflow: 0 | State: Active
2025-01-27 00:17:38 - Resonance: 0.3 | NetInflow: 13 | NetOutflow: 13 | NetOverflow: 0 | State: Active
2025-01-27 00:17:38 - Resonance: 0.3 | NetInflow: 13 | NetOutflow: 13 | NetOverflow: 0 | State: Active
2025-01-27 00:17:38 - Resonance: 0.3 | NetInflow: 13 | NetOutflow: 13 | NetOverflow: 0 | State: Active
2025-01-27 00:17:38 - Resonance: 0.3 | NetInflow: 13 | NetOutflow: 13 | NetOverflow: 0 | State: Active
2025-01-27 00:17:38 - Resonance: 0.3 | NetInflow: 13 | NetOutflow: 13 | NetOverflow: 0 | State: Active
2025-01-27 00:17:38 - Resonance: 0.3 | NetInflow: 13 | NetOutflow: 13 | NetOverflow: 0 | State: Active
2025-01-27 00:17:38 - Resonance: 0.3 | NetInflow: 13 | NetOutflow: 13 | NetOverflow: 0 | State: Active
2025-01-27 00:17:38 - Resonance: 0.3 | NetInflow: 13 | NetOutflow: 13 | NetOverflow: 0 | State: Active
2025-01-27 00:17:38 - Resonance: 0.3 | NetInflow: 13 | NetOutflow: 13 | NetOverflow: 0 | State: Active
2025-01-27 00:17:38 - Resonance: 0.3 | NetInflow: 13 | NetOutflow: 13 | NetOverflow: 0 | State: Active
2025-01-27 00:17:38 - Resonance: 0.3 | NetInflow: 13 | NetOutflow: 13 | NetOverflow: 0 | State: Active
2025-01-27 00:17:38 - Resonance: 0.3 | NetInflow: 13 | NetOutflow: 13 | NetOverflow: 0 | State: Active
2025-01-27 00:17:38 - Resonance: 0.3 | NetInflow: 13 | NetOutflow: 13 | NetOverflow: 0 | State: Active
2025-01-27 00:17:38 - Resonance: 0.3 | NetInflow: 13 | NetOutflow: 13 | NetOverflow: 0 | State: Active
2025-01-27 00:17:38 - Resonance: 0.3 | NetInflow: 13 | NetOutflow: 13 | NetOverflow: 0 | State: Active
2025-01-27 00:17:38 - Resonance: 0.3 | NetInflow: 13 | NetOutflow: 13 | NetOverflow: 0 | State: Active
2025-01-27 00:17:38 - Resonance: 0.3 | NetInflow: 13 | NetOutflow: 13 | NetOverflow: 0 | State: Active
2025-01-27 00:17:38 - Resonance: 0.3 | NetInflow: 13 | NetOutflow: 13 | NetOverflow: 0 | State: Active
2025-01-27 00:17:38 - Resonance: 0.3 | NetInflow: 13 | NetOutflow: 13 | NetOverflow: 0 | State: Active
2025-01-27 00:17:38 - Resonance: 0.3 | NetInflow: 13 | NetOutflow: 13 | NetOverflow: 0 | State: Active
2025-01-27 00:17:38 - Resonance: 0.3 | NetInflow: 13 | NetOutflow: 13 | NetOverflow: 0 | State: Active
2025-01-27 00:17:38 - Resonance: 0.3 | NetInflow: 13 | NetOutflow: 13 | NetOverflow: 0 | State: Active
2025-01-27 00:17:38 - Resonance: 0.3 | NetInflow: 13 | NetOutflow: 13 | NetOverflow: 0 | State: Active
2025-01-27 00:17:38 - Resonance: 0.3 | NetInflow: 13 | NetOutflow: 13 | NetOverflow: 0 | State: Active
2025-01-27 00:17:38 - Resonance: 0.3 | NetInflow: 13 | NetOutflow: 13 | NetOverflow: 0 | State: Active
2025-01-27 00:17:38 - Resonance: 0.3 | NetInflow: 13 | NetOutflow: 13 | NetOverflow: 0 | State: Active
2025-01-27 00:17:38 - Resonance: 0.3 | NetInflow: 13 | NetOutflow: 13 | NetOverflow: 0 | State: Active
2025-01-27 00:17:38 - Resonance: 0.3 | NetInflow: 13 | NetOutflow: 13 | NetOverflow: 0 | State: Active
2025-01-27 00:17:38 - Resonance: 0.3 | NetInflow: 13 | NetOutflow: 13 | NetOverflow: 0 | State: Active
2025-01-27 00:17:38 - Resonance: 0.3 | NetInflow: 13 | NetOutflow: 13 | NetOverflow: 0 | State: Active
2025-01-27 00:17:38 - Resonance: 0.3 | NetInflow: 13 | NetOutflow: 13 | NetOverflow: 0 | State: Active
2025-01-27 00:17:38 - Resonance: 0.3 | NetInflow: 13 | NetOutflow: 13 | NetOverflow: 0 | State: Active
2025-01-27 00:17:38 - Resonance: 0.3 | NetInflow: 13 | NetOutflow: 13 | NetOverflow: 0 | State: Active
2025-01-27 00:17:38 - Resonance: 0.3 | NetInflow: 13 | NetOutflow: 13 | NetOverflow: 0 | State: Active
2025-01-27 00:17:38 - Resonance: 0.3 | NetInflow: 13 | NetOutflow: 13 | NetOverflow: 0 | State: Active
2025-01-27 00:17:38 - Resonance: 0.3 | NetInflow: 13 | NetOutflow: 13 | NetOverflow: 0 | State: Active
2025-01-27 00:17:38 - Resonance: 0.3 | NetInflow: 13 | NetOutflow: 13 | NetOverflow: 0 | State: Active
2025-01-27 00:17:38 - Resonance: 0.3 | NetInflow: 13 | NetOutflow: 13 | NetOverflow: 0 | State: Active
2025-01-27 00:17:38 - Resonance: 0.3 | NetInflow: 13 | NetOutflow: 13 | NetOverflow: 0 | State: Active
2025-01-27 00:17:38 - Resonance: 0.3 | NetInflow: 13 | NetOutflow: 13 | NetOverflow: 0 | State: Active
2025-01-27 00:17:38 - Resonance: 0.3 | NetInflow: 13 | NetOutflow: 13 | NetOverflow: 0 | State: Active
2025-01-27 00:17:38 -  - - - Adding pulse number 2 with midi index 82. - - -
2025-01-27 00:17:38 - Pulse Index: 0 | Midi Index: 48 | Intensity: 32 | Note Name: C3
2025-01-27 00:17:38 - Pulse Index: 1 | Midi Index: 80 | Intensity: 59 | Note Name: G#/Ab5
2025-01-27 00:17:38 - Pulse Index: 2 | Midi Index: 82 | Intensity: 60 | Note Name: A#/Bb5
2025-01-27 00:17:38 - Pulse Index: 3 | Midi Index: 125 | Intensity: 45 | Note Name: F9
2025-01-27 00:17:38 - 
Logging Idyll Amount:

2025-01-27 00:17:38 - Resonance: 0.4 | NetInflow: 20.7 | NetOutflow: 16 | NetOverflow: 0 | State: Active
2025-01-27 00:17:38 - Resonance: 0.4 | NetInflow: 20.7 | NetOutflow: 16 | NetOverflow: 0 | State: Active
2025-01-27 00:17:38 - Resonance: 0.5 | NetInflow: 20.7 | NetOutflow: 16 | NetOverflow: 0 | State: Active
2025-01-27 00:17:38 - Resonance: 0.6 | NetInflow: 20.7 | NetOutflow: 16 | NetOverflow: 0 | State: Active
2025-01-27 00:17:38 - Resonance: 0.7 | NetInflow: 20.7 | NetOutflow: 16 | NetOverflow: 0 | State: Active
2025-01-27 00:17:38 - Resonance: 0.8 | NetInflow: 20.7 | NetOutflow: 16 | NetOverflow: 0 | State: Active
2025-01-27 00:17:38 - Resonance: 0.9 | NetInflow: 20.7 | NetOutflow: 16 | NetOverflow: 0 | State: Active
2025-01-27 00:17:38 - Resonance: 1 | NetInflow: 20.7 | NetOutflow: 16 | NetOverflow: 0 | State: Active
2025-01-27 00:17:38 - Resonance: 1.1 | NetInflow: 20.7 | NetOutflow: 16 | NetOverflow: 0 | State: Active
2025-01-27 00:17:38 - Resonance: 1.2 | NetInflow: 20.7 | NetOutflow: 16 | NetOverflow: 0 | State: Active
2025-01-27 00:17:38 - Resonance: 1.3 | NetInflow: 20.7 | NetOutflow: 16 | NetOverflow: 0 | State: Active
2025-01-27 00:17:38 - Resonance: 1.4 | NetInflow: 20.7 | NetOutflow: 16 | NetOverflow: 0 | State: Active
2025-01-27 00:17:38 - Resonance: 1.5 | NetInflow: 20.7 | NetOutflow: 16 | NetOverflow: 0 | State: Active
2025-01-27 00:17:38 - Resonance: 1.6 | NetInflow: 20.7 | NetOutflow: 16 | NetOverflow: 0 | State: Active
2025-01-27 00:17:38 - Resonance: 1.7 | NetInflow: 20.7 | NetOutflow: 16 | NetOverflow: 0 | State: Active
2025-01-27 00:17:38 - Resonance: 1.8 | NetInflow: 20.7 | NetOutflow: 16 | NetOverflow: 0 | State: Active
2025-01-27 00:17:38 - Resonance: 1.8 | NetInflow: 20.7 | NetOutflow: 16 | NetOverflow: 0 | State: Active
2025-01-27 00:17:38 - Resonance: 1.9 | NetInflow: 20.7 | NetOutflow: 16 | NetOverflow: 0 | State: Active
2025-01-27 00:17:38 - Resonance: 2 | NetInflow: 20.7 | NetOutflow: 16 | NetOverflow: 0 | State: Active
2025-01-27 00:17:38 - Resonance: 2.1 | NetInflow: 20.7 | NetOutflow: 16 | NetOverflow: 0 | State: Active
2025-01-27 00:17:38 - Resonance: 2.2 | NetInflow: 20.7 | NetOutflow: 16 | NetOverflow: 0 | State: Active
2025-01-27 00:17:38 - Resonance: 2.3 | NetInflow: 20.7 | NetOutflow: 16 | NetOverflow: 0 | State: Active
2025-01-27 00:17:38 - Resonance: 2.4 | NetInflow: 20.7 | NetOutflow: 16 | NetOverflow: 0 | State: Active
2025-01-27 00:17:38 - Resonance: 2.5 | NetInflow: 20.7 | NetOutflow: 16 | NetOverflow: 0 | State: Active
2025-01-27 00:17:38 - Resonance: 2.6 | NetInflow: 20.7 | NetOutflow: 16 | NetOverflow: 0 | State: Active
2025-01-27 00:17:38 - Resonance: 2.7 | NetInflow: 20.7 | NetOutflow: 16 | NetOverflow: 0 | State: Active
2025-01-27 00:17:38 - Resonance: 2.8 | NetInflow: 20.7 | NetOutflow: 16 | NetOverflow: 0 | State: Active
2025-01-27 00:17:38 - Resonance: 2.9 | NetInflow: 20.7 | NetOutflow: 16 | NetOverflow: 0 | State: Active
2025-01-27 00:17:38 - Resonance: 3 | NetInflow: 20.7 | NetOutflow: 16 | NetOverflow: 0 | State: Active
2025-01-27 00:17:38 - Resonance: 3.1 | NetInflow: 20.7 | NetOutflow: 16 | NetOverflow: 0 | State: Active
2025-01-27 00:17:38 - Resonance: 3.2 | NetInflow: 20.7 | NetOutflow: 16 | NetOverflow: 0 | State: Active
2025-01-27 00:17:38 - Resonance: 3.2 | NetInflow: 20.7 | NetOutflow: 16 | NetOverflow: 0 | State: Active
2025-01-27 00:17:38 - Resonance: 3.3 | NetInflow: 20.7 | NetOutflow: 16 | NetOverflow: 0 | State: Active
2025-01-27 00:17:38 - Resonance: 3.4 | NetInflow: 20.7 | NetOutflow: 16 | NetOverflow: 0 | State: Active
2025-01-27 00:17:38 - Resonance: 3.5 | NetInflow: 20.7 | NetOutflow: 16 | NetOverflow: 0 | State: Active
2025-01-27 00:17:38 - Resonance: 3.6 | NetInflow: 20.7 | NetOutflow: 16 | NetOverflow: 0 | State: Active
2025-01-27 00:17:38 - Resonance: 3.7 | NetInflow: 20.7 | NetOutflow: 16 | NetOverflow: 0 | State: Active
2025-01-27 00:17:38 - Resonance: 3.8 | NetInflow: 20.7 | NetOutflow: 16 | NetOverflow: 0 | State: Active
2025-01-27 00:17:38 - Resonance: 3.9 | NetInflow: 20.7 | NetOutflow: 16 | NetOverflow: 0 | State: Active
2025-01-27 00:17:38 - Resonance: 4 | NetInflow: 20.7 | NetOutflow: 16 | NetOverflow: 0 | State: Active
2025-01-27 00:17:38 - Resonance: 4.1 | NetInflow: 20.7 | NetOutflow: 16 | NetOverflow: 0 | State: Active
2025-01-27 00:17:38 - Resonance: 4.2 | NetInflow: 20.7 | NetOutflow: 16 | NetOverflow: 0 | State: Active
2025-01-27 00:17:38 - Resonance: 4.3 | NetInflow: 20.7 | NetOutflow: 16 | NetOverflow: 0 | State: Active
2025-01-27 00:17:38 - Resonance: 4.4 | NetInflow: 20.7 | NetOutflow: 16 | NetOverflow: 0 | State: Active
2025-01-27 00:17:38 - Resonance: 4.5 | NetInflow: 20.7 | NetOutflow: 16 | NetOverflow: 0 | State: Active
2025-01-27 00:17:38 - Resonance: 4.6 | NetInflow: 20.7 | NetOutflow: 16 | NetOverflow: 0 | State: Active
2025-01-27 00:17:38 - Resonance: 4.6 | NetInflow: 20.7 | NetOutflow: 16 | NetOverflow: 0 | State: Active
2025-01-27 00:17:38 - Resonance: 4.7 | NetInflow: 20.7 | NetOutflow: 16 | NetOverflow: 0 | State: Active
2025-01-27 00:17:38 - Resonance: 4.8 | NetInflow: 20.7 | NetOutflow: 16 | NetOverflow: 0 | State: Active
2025-01-27 00:17:38 - Resonance: 4.9 | NetInflow: 20.7 | NetOutflow: 16 | NetOverflow: 0 | State: Active
2025-01-27 00:17:38 -  - - - Adding pulse number 3 with midi index 85. - - -
2025-01-27 00:17:38 - Pulse Index: 0 | Midi Index: 48 | Intensity: 32 | Note Name: C3
2025-01-27 00:17:38 - Pulse Index: 1 | Midi Index: 80 | Intensity: 59 | Note Name: G#/Ab5
2025-01-27 00:17:38 - Pulse Index: 2 | Midi Index: 82 | Intensity: 60 | Note Name: A#/Bb5
2025-01-27 00:17:38 - Pulse Index: 3 | Midi Index: 85 | Intensity: 48 | Note Name: C#/Db6
2025-01-27 00:17:38 - Pulse Index: 4 | Midi Index: 125 | Intensity: 45 | Note Name: F9
2025-01-27 00:17:38 - 
Logging Idyll Amount:

2025-01-27 00:17:38 - Resonance: 5.1 | NetInflow: 26.5 | NetOutflow: 16 | NetOverflow: 0 | State: Active
2025-01-27 00:17:38 - Resonance: 5.3 | NetInflow: 26.5 | NetOutflow: 16 | NetOverflow: 0 | State: Active
2025-01-27 00:17:38 - Resonance: 5.6 | NetInflow: 26.5 | NetOutflow: 16 | NetOverflow: 0 | State: Active
2025-01-27 00:17:38 - Resonance: 5.8 | NetInflow: 26.5 | NetOutflow: 16 | NetOverflow: 0 | State: Active
2025-01-27 00:17:38 - Resonance: 6 | NetInflow: 26.5 | NetOutflow: 16 | NetOverflow: 0 | State: Active
2025-01-27 00:17:38 - Resonance: 6.2 | NetInflow: 26.5 | NetOutflow: 16 | NetOverflow: 0 | State: Active
2025-01-27 00:17:38 - Resonance: 6.4 | NetInflow: 26.5 | NetOutflow: 16 | NetOverflow: 0 | State: Active
2025-01-27 00:17:38 - Resonance: 6.6 | NetInflow: 26.5 | NetOutflow: 16 | NetOverflow: 0 | State: Active
2025-01-27 00:17:38 - Resonance: 6.8 | NetInflow: 26.5 | NetOutflow: 16 | NetOverflow: 0 | State: Active
2025-01-27 00:17:38 - Resonance: 7 | NetInflow: 26.5 | NetOutflow: 16 | NetOverflow: 0 | State: Active
2025-01-27 00:17:38 - Resonance: 7.2 | NetInflow: 26.5 | NetOutflow: 16 | NetOverflow: 0 | State: Active
2025-01-27 00:17:38 - Resonance: 7.4 | NetInflow: 26.5 | NetOutflow: 16 | NetOverflow: 0 | State: Active
2025-01-27 00:17:38 - Resonance: 7.7 | NetInflow: 26.5 | NetOutflow: 16 | NetOverflow: 0 | State: Active
2025-01-27 00:17:38 - Resonance: 7.9 | NetInflow: 26.5 | NetOutflow: 16 | NetOverflow: 0 | State: Active
2025-01-27 00:17:38 - Resonance: 8.1 | NetInflow: 26.5 | NetOutflow: 16 | NetOverflow: 0 | State: Active
2025-01-27 00:17:38 - Resonance: 8.3 | NetInflow: 26.5 | NetOutflow: 16 | NetOverflow: 0 | State: Active
2025-01-27 00:17:38 - Resonance: 8.5 | NetInflow: 26.5 | NetOutflow: 16 | NetOverflow: 0 | State: Active
2025-01-27 00:17:38 - Resonance: 8.7 | NetInflow: 26.5 | NetOutflow: 16 | NetOverflow: 0 | State: Active
2025-01-27 00:17:38 - Resonance: 8.9 | NetInflow: 26.5 | NetOutflow: 16 | NetOverflow: 0 | State: Active
2025-01-27 00:17:38 - Resonance: 9.1 | NetInflow: 26.5 | NetOutflow: 16 | NetOverflow: 0 | State: Active
2025-01-27 00:17:38 - Resonance: 9.3 | NetInflow: 26.5 | NetOutflow: 16 | NetOverflow: 0 | State: Active
2025-01-27 00:17:38 - Resonance: 9.5 | NetInflow: 26.5 | NetOutflow: 16 | NetOverflow: 0 | State: Active
2025-01-27 00:17:38 - Resonance: 9.8 | NetInflow: 26.5 | NetOutflow: 16 | NetOverflow: 0 | State: Active
2025-01-27 00:17:38 - Resonance: 10 | NetInflow: 26.5 | NetOutflow: 16 | NetOverflow: 0 | State: Active
2025-01-27 00:17:38 - Resonance: 10.2 | NetInflow: 26.5 | NetOutflow: 16 | NetOverflow: 0 | State: Active
2025-01-27 00:17:38 - Resonance: 10.4 | NetInflow: 26.5 | NetOutflow: 16 | NetOverflow: 0 | State: Active
2025-01-27 00:17:38 - Resonance: 10.6 | NetInflow: 26.5 | NetOutflow: 16 | NetOverflow: 0 | State: Active
2025-01-27 00:17:38 - Resonance: 10.8 | NetInflow: 26.5 | NetOutflow: 16 | NetOverflow: 0 | State: Active
2025-01-27 00:17:38 - Resonance: 11 | NetInflow: 26.5 | NetOutflow: 16 | NetOverflow: 0 | State: Active
2025-01-27 00:17:38 - Resonance: 11.2 | NetInflow: 26.5 | NetOutflow: 16 | NetOverflow: 0 | State: Active
2025-01-27 00:17:38 - Resonance: 11.4 | NetInflow: 26.5 | NetOutflow: 16 | NetOverflow: 0 | State: Active
2025-01-27 00:17:38 - Resonance: 11.6 | NetInflow: 26.5 | NetOutflow: 16 | NetOverflow: 0 | State: Active
2025-01-27 00:17:38 - Resonance: 11.9 | NetInflow: 26.5 | NetOutflow: 16 | NetOverflow: 0 | State: Active
2025-01-27 00:17:38 - Resonance: 12.1 | NetInflow: 26.5 | NetOutflow: 16 | NetOverflow: 0 | State: Active
2025-01-27 00:17:38 - Resonance: 12.3 | NetInflow: 26.5 | NetOutflow: 16 | NetOverflow: 0 | State: Active
2025-01-27 00:17:38 - Resonance: 12.5 | NetInflow: 26.5 | NetOutflow: 16 | NetOverflow: 0 | State: Active
2025-01-27 00:17:38 - Resonance: 12.7 | NetInflow: 26.5 | NetOutflow: 16 | NetOverflow: 0 | State: Active
2025-01-27 00:17:38 - Resonance: 12.9 | NetInflow: 26.5 | NetOutflow: 16 | NetOverflow: 0 | State: Active
2025-01-27 00:17:38 - Resonance: 13.1 | NetInflow: 26.5 | NetOutflow: 16 | NetOverflow: 0 | State: Active
2025-01-27 00:17:38 - Resonance: 13.3 | NetInflow: 26.5 | NetOutflow: 16 | NetOverflow: 0 | State: Active
2025-01-27 00:17:38 - Resonance: 13.5 | NetInflow: 26.5 | NetOutflow: 16 | NetOverflow: 0 | State: Active
2025-01-27 00:17:38 - Resonance: 13.7 | NetInflow: 26.5 | NetOutflow: 16 | NetOverflow: 0 | State: Active
2025-01-27 00:17:38 - Resonance: 14 | NetInflow: 26.5 | NetOutflow: 16 | NetOverflow: 0 | State: Active
2025-01-27 00:17:38 - Resonance: 14.2 | NetInflow: 26.5 | NetOutflow: 16 | NetOverflow: 0 | State: Active
2025-01-27 00:17:38 - Resonance: 14.4 | NetInflow: 26.5 | NetOutflow: 16 | NetOverflow: 0 | State: Active
2025-01-27 00:17:38 - Resonance: 14.6 | NetInflow: 26.5 | NetOutflow: 16 | NetOverflow: 0 | State: Active
2025-01-27 00:17:38 - Resonance: 14.8 | NetInflow: 26.5 | NetOutflow: 16 | NetOverflow: 0 | State: Active
2025-01-27 00:17:38 - Resonance: 15 | NetInflow: 26.5 | NetOutflow: 16 | NetOverflow: 0 | State: Active
2025-01-27 00:17:38 - Resonance: 15.2 | NetInflow: 26.5 | NetOutflow: 16 | NetOverflow: 0 | State: Active
2025-01-27 00:17:38 - Resonance: 15.4 | NetInflow: 26.5 | NetOutflow: 16 | NetOverflow: 0 | State: Active
2025-01-27 00:17:38 -  - - - Adding pulse number 4 with midi index 117. - - -
2025-01-27 00:17:38 - Pulse Index: 0 | Midi Index: 48 | Intensity: 32 | Note Name: C3
2025-01-27 00:17:38 - Pulse Index: 1 | Midi Index: 80 | Intensity: 59 | Note Name: G#/Ab5
2025-01-27 00:17:38 - Pulse Index: 2 | Midi Index: 82 | Intensity: 60 | Note Name: A#/Bb5
2025-01-27 00:17:38 - Pulse Index: 3 | Midi Index: 85 | Intensity: 48 | Note Name: C#/Db6
2025-01-27 00:17:38 - Pulse Index: 4 | Midi Index: 117 | Intensity: 48 | Note Name: A8
2025-01-27 00:17:38 - Pulse Index: 5 | Midi Index: 125 | Intensity: 45 | Note Name: F9
2025-01-27 00:17:38 - 
Logging Idyll Amount:

2025-01-27 00:17:38 - Resonance: 15.7 | NetInflow: 32 | NetOutflow: 16 | NetOverflow: 0 | State: Active
2025-01-27 00:17:38 - Resonance: 16 | NetInflow: 32 | NetOutflow: 16 | NetOverflow: 3.3 | State: Overflow
2025-01-27 00:17:38 - Resonance: 16 | NetInflow: 32 | NetOutflow: 16 | NetOverflow: 16 | State: Overflow
2025-01-27 00:17:38 - Resonance: 16 | NetInflow: 32 | NetOutflow: 16 | NetOverflow: 16 | State: Overflow
2025-01-27 00:17:38 - Resonance: 16 | NetInflow: 32 | NetOutflow: 16 | NetOverflow: 16 | State: Overflow
2025-01-27 00:17:38 - Resonance: 16 | NetInflow: 32 | NetOutflow: 16 | NetOverflow: 16 | State: Overflow
2025-01-27 00:17:38 - Resonance: 16 | NetInflow: 32 | NetOutflow: 16 | NetOverflow: 16 | State: Overflow
2025-01-27 00:17:38 - Resonance: 16 | NetInflow: 32 | NetOutflow: 16 | NetOverflow: 16 | State: Overflow
2025-01-27 00:17:38 - Resonance: 16 | NetInflow: 32 | NetOutflow: 16 | NetOverflow: 16 | State: Overflow
2025-01-27 00:17:38 - Resonance: 16 | NetInflow: 32 | NetOutflow: 16 | NetOverflow: 16 | State: Overflow
2025-01-27 00:17:38 - Resonance: 16 | NetInflow: 32 | NetOutflow: 16 | NetOverflow: 16 | State: Overflow
2025-01-27 00:17:38 - Resonance: 16 | NetInflow: 32 | NetOutflow: 16 | NetOverflow: 16 | State: Overflow
2025-01-27 00:17:38 - Resonance: 16 | NetInflow: 32 | NetOutflow: 16 | NetOverflow: 16 | State: Overflow
2025-01-27 00:17:38 - Resonance: 16 | NetInflow: 32 | NetOutflow: 16 | NetOverflow: 16 | State: Overflow
2025-01-27 00:17:38 - Resonance: 16 | NetInflow: 32 | NetOutflow: 16 | NetOverflow: 16 | State: Overflow
2025-01-27 00:17:38 - Resonance: 16 | NetInflow: 32 | NetOutflow: 16 | NetOverflow: 16 | State: Overflow
2025-01-27 00:17:38 - Resonance: 16 | NetInflow: 32 | NetOutflow: 16 | NetOverflow: 16 | State: Overflow
2025-01-27 00:17:38 - Resonance: 16 | NetInflow: 32 | NetOutflow: 16 | NetOverflow: 16 | State: Overflow
2025-01-27 00:17:38 - Resonance: 16 | NetInflow: 32 | NetOutflow: 16 | NetOverflow: 16 | State: Overflow
2025-01-27 00:17:38 - Resonance: 16 | NetInflow: 32 | NetOutflow: 16 | NetOverflow: 16 | State: Overflow
2025-01-27 00:17:38 - Resonance: 16 | NetInflow: 32 | NetOutflow: 16 | NetOverflow: 16 | State: Overflow
2025-01-27 00:17:38 - Resonance: 16 | NetInflow: 32 | NetOutflow: 16 | NetOverflow: 16 | State: Overflow
2025-01-27 00:17:38 - Resonance: 16 | NetInflow: 32 | NetOutflow: 16 | NetOverflow: 16 | State: Overflow
2025-01-27 00:17:38 - Resonance: 16 | NetInflow: 32 | NetOutflow: 16 | NetOverflow: 16 | State: Overflow
2025-01-27 00:17:38 - Resonance: 16 | NetInflow: 32 | NetOutflow: 16 | NetOverflow: 16 | State: Overflow
2025-01-27 00:17:38 - Resonance: 16 | NetInflow: 32 | NetOutflow: 16 | NetOverflow: 16 | State: Overflow
2025-01-27 00:17:38 - Resonance: 16 | NetInflow: 32 | NetOutflow: 16 | NetOverflow: 16 | State: Overflow
2025-01-27 00:17:38 - Resonance: 16 | NetInflow: 32 | NetOutflow: 16 | NetOverflow: 16 | State: Overflow
2025-01-27 00:17:38 - Resonance: 16 | NetInflow: 32 | NetOutflow: 16 | NetOverflow: 16 | State: Overflow
2025-01-27 00:17:38 - Resonance: 16 | NetInflow: 32 | NetOutflow: 16 | NetOverflow: 16 | State: Overflow
2025-01-27 00:17:38 - Resonance: 16 | NetInflow: 32 | NetOutflow: 16 | NetOverflow: 16 | State: Overflow
2025-01-27 00:17:38 - Resonance: 16 | NetInflow: 32 | NetOutflow: 16 | NetOverflow: 16 | State: Overflow
2025-01-27 00:17:38 - Resonance: 16 | NetInflow: 32 | NetOutflow: 16 | NetOverflow: 16 | State: Overflow
2025-01-27 00:17:38 - Resonance: 16 | NetInflow: 32 | NetOutflow: 16 | NetOverflow: 16 | State: Overflow
2025-01-27 00:17:38 - Resonance: 16 | NetInflow: 32 | NetOutflow: 16 | NetOverflow: 16 | State: Overflow
2025-01-27 00:17:38 - Resonance: 16 | NetInflow: 32 | NetOutflow: 16 | NetOverflow: 16 | State: Overflow
2025-01-27 00:17:38 - Resonance: 16 | NetInflow: 32 | NetOutflow: 16 | NetOverflow: 16 | State: Overflow
2025-01-27 00:17:38 - Resonance: 16 | NetInflow: 32 | NetOutflow: 16 | NetOverflow: 16 | State: Overflow
2025-01-27 00:17:38 - Resonance: 16 | NetInflow: 32 | NetOutflow: 16 | NetOverflow: 16 | State: Overflow
2025-01-27 00:17:38 - Resonance: 16 | NetInflow: 32 | NetOutflow: 16 | NetOverflow: 16 | State: Overflow
2025-01-27 00:17:38 - Resonance: 16 | NetInflow: 32 | NetOutflow: 16 | NetOverflow: 16 | State: Overflow
2025-01-27 00:17:38 - Resonance: 16 | NetInflow: 32 | NetOutflow: 16 | NetOverflow: 16 | State: Overflow
2025-01-27 00:17:38 - Resonance: 16 | NetInflow: 32 | NetOutflow: 16 | NetOverflow: 16 | State: Overflow
2025-01-27 00:17:38 - Resonance: 16 | NetInflow: 32 | NetOutflow: 16 | NetOverflow: 16 | State: Overflow
2025-01-27 00:17:38 - Resonance: 16 | NetInflow: 32 | NetOutflow: 16 | NetOverflow: 16 | State: Overflow
2025-01-27 00:17:38 - Resonance: 16 | NetInflow: 32 | NetOutflow: 16 | NetOverflow: 16 | State: Overflow
2025-01-27 00:17:38 - Resonance: 16 | NetInflow: 32 | NetOutflow: 16 | NetOverflow: 16 | State: Overflow
2025-01-27 00:17:38 - Resonance: 16 | NetInflow: 32 | NetOutflow: 16 | NetOverflow: 16 | State: Overflow
2025-01-27 00:17:38 - Resonance: 16 | NetInflow: 32 | NetOutflow: 16 | NetOverflow: 16 | State: Overflow
2025-01-27 00:17:38 - Resonance: 16 | NetInflow: 32 | NetOutflow: 16 | NetOverflow: 16 | State: Overflow
2025-01-27 00:17:38 - Pulse Index: 0 | Midi Index: 48 | Intensity: 32 | Note Name: C3
2025-01-27 00:17:38 - Pulse Index: 1 | Midi Index: 80 | Intensity: 59 | Note Name: G#/Ab5
2025-01-27 00:17:38 - Pulse Index: 2 | Midi Index: 82 | Intensity: 60 | Note Name: A#/Bb5
2025-01-27 00:17:38 - Pulse Index: 3 | Midi Index: 85 | Intensity: 48 | Note Name: C#/Db6
2025-01-27 00:17:38 - Pulse Index: 4 | Midi Index: 117 | Intensity: 48 | Note Name: A8
2025-01-27 00:17:38 - Pulse Index: 5 | Midi Index: 125 | Intensity: 45 | Note Name: F9
