2025-01-25 03:29:23 - Debugger session started.
2025-01-25 03:29:23 - BasilMuguet Test_1 started
2025-01-25 03:29:23 -  - - - Adding pulse number 0 with midi index 91. - - -
2025-01-25 03:29:23 -  - - - Adding pulse number 1 with midi index 63. - - -
2025-01-25 03:29:23 -  - - - Adding pulse number 2 with midi index 120. - - -
2025-01-25 03:29:23 -  - - - Adding pulse number 3 with midi index 109. - - -
2025-01-25 03:29:23 -  - - - Adding pulse number 4 with midi index 113. - - -
2025-01-25 03:29:23 - Pulse Index: 0 | Midi Index: 48 | Intensity: 32 | Note Name: C3
2025-01-25 03:29:23 - Pulse Index: 1 | Midi Index: 63 | Intensity: 17 | Note Name: D#/Eb4
2025-01-25 03:29:23 - Pulse Index: 2 | Midi Index: 91 | Intensity: 58 | Note Name: G6
2025-01-25 03:29:23 - Pulse Index: 3 | Midi Index: 109 | Intensity: 47 | Note Name: C#/Db8
2025-01-25 03:29:23 - Pulse Index: 4 | Midi Index: 113 | Intensity: 34 | Note Name: F8
2025-01-25 03:29:23 - Pulse Index: 5 | Midi Index: 120 | Intensity: 43 | Note Name: C9
2025-01-25 03:29:23 - 
Logging Idyll Amount:

2025-01-25 03:29:23 - Resonance: 1.7 | NetInflow: 23.5 | NetOutflow: 16 | NetOverflow: 0 | State: Active
2025-01-25 03:29:23 - Resonance: 1.9 | NetInflow: 23.5 | NetOutflow: 16 | NetOverflow: 0 | State: Active
2025-01-25 03:29:23 - Resonance: 2 | NetInflow: 23.5 | NetOutflow: 16 | NetOverflow: 0 | State: Active
2025-01-25 03:29:23 - Resonance: 2.2 | NetInflow: 23.5 | NetOutflow: 16 | NetOverflow: 0 | State: Active
2025-01-25 03:29:23 - Resonance: 2.3 | NetInflow: 23.5 | NetOutflow: 16 | NetOverflow: 0 | State: Active
2025-01-25 03:29:23 - Resonance: 2.5 | NetInflow: 23.5 | NetOutflow: 16 | NetOverflow: 0 | State: Active
2025-01-25 03:29:23 - Resonance: 2.6 | NetInflow: 23.5 | NetOutflow: 16 | NetOverflow: 0 | State: Active
2025-01-25 03:29:23 - Resonance: 2.8 | NetInflow: 23.5 | NetOutflow: 16 | NetOverflow: 0 | State: Active
2025-01-25 03:29:23 - Resonance: 2.9 | NetInflow: 23.5 | NetOutflow: 16 | NetOverflow: 0 | State: Active
2025-01-25 03:29:23 - Resonance: 3.1 | NetInflow: 23.5 | NetOutflow: 16 | NetOverflow: 0 | State: Active
2025-01-25 03:29:23 - Resonance: 3.2 | NetInflow: 23.5 | NetOutflow: 16 | NetOverflow: 0 | State: Active
2025-01-25 03:29:23 - Resonance: 3.4 | NetInflow: 23.5 | NetOutflow: 16 | NetOverflow: 0 | State: Active
2025-01-25 03:29:23 - Resonance: 3.5 | NetInflow: 23.5 | NetOutflow: 16 | NetOverflow: 0 | State: Active
2025-01-25 03:29:23 - Resonance: 3.7 | NetInflow: 23.5 | NetOutflow: 16 | NetOverflow: 0 | State: Active
2025-01-25 03:29:23 - Resonance: 3.8 | NetInflow: 23.5 | NetOutflow: 16 | NetOverflow: 0 | State: Active
2025-01-25 03:29:23 - Resonance: 4 | NetInflow: 23.5 | NetOutflow: 16 | NetOverflow: 0 | State: Active
2025-01-25 03:29:23 - Resonance: 4.1 | NetInflow: 23.5 | NetOutflow: 16 | NetOverflow: 0 | State: Active
2025-01-25 03:29:23 - Resonance: 4.3 | NetInflow: 23.5 | NetOutflow: 16 | NetOverflow: 0 | State: Active
2025-01-25 03:29:23 - Resonance: 4.4 | NetInflow: 23.5 | NetOutflow: 16 | NetOverflow: 0 | State: Active
2025-01-25 03:29:23 - Resonance: 4.6 | NetInflow: 23.5 | NetOutflow: 16 | NetOverflow: 0 | State: Active
2025-01-25 03:29:23 - Resonance: 4.7 | NetInflow: 23.5 | NetOutflow: 16 | NetOverflow: 0 | State: Active
2025-01-25 03:29:23 - Resonance: 4.8 | NetInflow: 23.5 | NetOutflow: 16 | NetOverflow: 0 | State: Active
2025-01-25 03:29:23 - Resonance: 5 | NetInflow: 23.5 | NetOutflow: 16 | NetOverflow: 0 | State: Active
2025-01-25 03:29:23 - Resonance: 5.1 | NetInflow: 23.5 | NetOutflow: 16 | NetOverflow: 0 | State: Active
2025-01-25 03:29:23 - Resonance: 5.3 | NetInflow: 23.5 | NetOutflow: 16 | NetOverflow: 0 | State: Active
2025-01-25 03:29:23 - Resonance: 5.4 | NetInflow: 23.5 | NetOutflow: 16 | NetOverflow: 0 | State: Active
2025-01-25 03:29:23 - Resonance: 5.6 | NetInflow: 23.5 | NetOutflow: 16 | NetOverflow: 0 | State: Active
2025-01-25 03:29:23 - Resonance: 5.7 | NetInflow: 23.5 | NetOutflow: 16 | NetOverflow: 0 | State: Active
2025-01-25 03:29:23 - Resonance: 5.9 | NetInflow: 23.5 | NetOutflow: 16 | NetOverflow: 0 | State: Active
2025-01-25 03:29:23 - Resonance: 6 | NetInflow: 23.5 | NetOutflow: 16 | NetOverflow: 0 | State: Active
2025-01-25 03:29:23 - Resonance: 6.2 | NetInflow: 23.5 | NetOutflow: 16 | NetOverflow: 0 | State: Active
2025-01-25 03:29:23 - Resonance: 6.3 | NetInflow: 23.5 | NetOutflow: 16 | NetOverflow: 0 | State: Active
2025-01-25 03:29:23 - Resonance: 6.5 | NetInflow: 23.5 | NetOutflow: 16 | NetOverflow: 0 | State: Active
2025-01-25 03:29:23 - Resonance: 6.6 | NetInflow: 23.5 | NetOutflow: 16 | NetOverflow: 0 | State: Active
2025-01-25 03:29:23 - Resonance: 6.8 | NetInflow: 23.5 | NetOutflow: 16 | NetOverflow: 0 | State: Active
2025-01-25 03:29:23 - Resonance: 6.9 | NetInflow: 23.5 | NetOutflow: 16 | NetOverflow: 0 | State: Active
2025-01-25 03:29:23 - Resonance: 7.1 | NetInflow: 23.5 | NetOutflow: 16 | NetOverflow: 0 | State: Active
2025-01-25 03:29:23 - Resonance: 7.2 | NetInflow: 23.5 | NetOutflow: 16 | NetOverflow: 0 | State: Active
2025-01-25 03:29:23 - Resonance: 7.4 | NetInflow: 23.5 | NetOutflow: 16 | NetOverflow: 0 | State: Active
2025-01-25 03:29:23 - Resonance: 7.5 | NetInflow: 23.5 | NetOutflow: 16 | NetOverflow: 0 | State: Active
2025-01-25 03:29:23 - Resonance: 7.7 | NetInflow: 23.5 | NetOutflow: 16 | NetOverflow: 0 | State: Active
2025-01-25 03:29:23 - Resonance: 7.8 | NetInflow: 23.5 | NetOutflow: 16 | NetOverflow: 0 | State: Active
2025-01-25 03:29:23 - Resonance: 8 | NetInflow: 23.5 | NetOutflow: 16 | NetOverflow: 0 | State: Active
2025-01-25 03:29:23 - Resonance: 8.1 | NetInflow: 23.5 | NetOutflow: 16 | NetOverflow: 0 | State: Active
2025-01-25 03:29:23 - Resonance: 8.3 | NetInflow: 23.5 | NetOutflow: 16 | NetOverflow: 0 | State: Active
2025-01-25 03:29:23 - Resonance: 8.4 | NetInflow: 23.5 | NetOutflow: 16 | NetOverflow: 0 | State: Active
2025-01-25 03:29:23 - Resonance: 8.6 | NetInflow: 23.5 | NetOutflow: 16 | NetOverflow: 0 | State: Active
2025-01-25 03:29:23 - Resonance: 8.7 | NetInflow: 23.5 | NetOutflow: 16 | NetOverflow: 0 | State: Active
2025-01-25 03:29:23 - Resonance: 8.9 | NetInflow: 23.5 | NetOutflow: 16 | NetOverflow: 0 | State: Active
2025-01-25 03:29:23 - Resonance: 9 | NetInflow: 23.5 | NetOutflow: 16 | NetOverflow: 0 | State: Active
2025-01-25 03:29:23 - Resonance: 9.2 | NetInflow: 23.5 | NetOutflow: 16 | NetOverflow: 0 | State: Active
2025-01-25 03:29:23 - Resonance: 9.3 | NetInflow: 23.5 | NetOutflow: 16 | NetOverflow: 0 | State: Active
2025-01-25 03:29:23 - Resonance: 9.5 | NetInflow: 23.5 | NetOutflow: 16 | NetOverflow: 0 | State: Active
2025-01-25 03:29:23 - Resonance: 9.6 | NetInflow: 23.5 | NetOutflow: 16 | NetOverflow: 0 | State: Active
2025-01-25 03:29:23 - Resonance: 9.8 | NetInflow: 23.5 | NetOutflow: 16 | NetOverflow: 0 | State: Active
2025-01-25 03:29:23 - Resonance: 9.9 | NetInflow: 23.5 | NetOutflow: 16 | NetOverflow: 0 | State: Active
2025-01-25 03:29:23 - Resonance: 10.1 | NetInflow: 23.5 | NetOutflow: 16 | NetOverflow: 0 | State: Active
2025-01-25 03:29:23 - Resonance: 10.2 | NetInflow: 23.5 | NetOutflow: 16 | NetOverflow: 0 | State: Active
2025-01-25 03:29:23 - Resonance: 10.4 | NetInflow: 23.5 | NetOutflow: 16 | NetOverflow: 0 | State: Active
2025-01-25 03:29:23 - Resonance: 10.6 | NetInflow: 23.5 | NetOutflow: 16 | NetOverflow: 0 | State: Active
2025-01-25 03:29:23 - Resonance: 10.7 | NetInflow: 23.5 | NetOutflow: 16 | NetOverflow: 0 | State: Active
2025-01-25 03:29:23 - Resonance: 10.9 | NetInflow: 23.5 | NetOutflow: 16 | NetOverflow: 0 | State: Active
2025-01-25 03:29:23 - Resonance: 11 | NetInflow: 23.5 | NetOutflow: 16 | NetOverflow: 0 | State: Active
2025-01-25 03:29:23 - Resonance: 11.2 | NetInflow: 23.5 | NetOutflow: 16 | NetOverflow: 0 | State: Active
2025-01-25 03:29:23 - Resonance: 11.3 | NetInflow: 23.5 | NetOutflow: 16 | NetOverflow: 0 | State: Active
2025-01-25 03:29:23 - Resonance: 11.5 | NetInflow: 23.5 | NetOutflow: 16 | NetOverflow: 0 | State: Active
2025-01-25 03:29:23 - Resonance: 11.6 | NetInflow: 23.5 | NetOutflow: 16 | NetOverflow: 0 | State: Active
2025-01-25 03:29:23 - Resonance: 11.8 | NetInflow: 23.5 | NetOutflow: 16 | NetOverflow: 0 | State: Active
2025-01-25 03:29:23 - Resonance: 11.9 | NetInflow: 23.5 | NetOutflow: 16 | NetOverflow: 0 | State: Active
2025-01-25 03:29:23 - Resonance: 12.1 | NetInflow: 23.5 | NetOutflow: 16 | NetOverflow: 0 | State: Active
2025-01-25 03:29:23 - Resonance: 12.2 | NetInflow: 23.5 | NetOutflow: 16 | NetOverflow: 0 | State: Active
2025-01-25 03:29:23 - Resonance: 12.4 | NetInflow: 23.5 | NetOutflow: 16 | NetOverflow: 0 | State: Active
2025-01-25 03:29:23 - Resonance: 12.5 | NetInflow: 23.5 | NetOutflow: 16 | NetOverflow: 0 | State: Active
2025-01-25 03:29:23 - Resonance: 12.7 | NetInflow: 23.5 | NetOutflow: 16 | NetOverflow: 0 | State: Active
2025-01-25 03:29:23 - Resonance: 12.8 | NetInflow: 23.5 | NetOutflow: 16 | NetOverflow: 0 | State: Active
2025-01-25 03:29:23 - Resonance: 13 | NetInflow: 23.5 | NetOutflow: 16 | NetOverflow: 0 | State: Active
2025-01-25 03:29:23 - Resonance: 13.1 | NetInflow: 23.5 | NetOutflow: 16 | NetOverflow: 0 | State: Active
2025-01-25 03:29:23 - Resonance: 13.3 | NetInflow: 23.5 | NetOutflow: 16 | NetOverflow: 0 | State: Active
2025-01-25 03:29:23 - Resonance: 13.4 | NetInflow: 23.5 | NetOutflow: 16 | NetOverflow: 0 | State: Active
2025-01-25 03:29:23 - Resonance: 13.6 | NetInflow: 23.5 | NetOutflow: 16 | NetOverflow: 0 | State: Active
2025-01-25 03:29:23 - Resonance: 13.7 | NetInflow: 23.5 | NetOutflow: 16 | NetOverflow: 0 | State: Active
2025-01-25 03:29:23 - Resonance: 13.9 | NetInflow: 23.5 | NetOutflow: 16 | NetOverflow: 0 | State: Active
2025-01-25 03:29:23 - Resonance: 14 | NetInflow: 23.5 | NetOutflow: 16 | NetOverflow: 0 | State: Active
2025-01-25 03:29:23 - Resonance: 14.2 | NetInflow: 23.5 | NetOutflow: 16 | NetOverflow: 0 | State: Active
2025-01-25 03:29:23 - Resonance: 14.3 | NetInflow: 23.5 | NetOutflow: 16 | NetOverflow: 0 | State: Active
2025-01-25 03:29:23 - Resonance: 14.5 | NetInflow: 23.5 | NetOutflow: 16 | NetOverflow: 0 | State: Active
2025-01-25 03:29:23 - Resonance: 14.6 | NetInflow: 23.5 | NetOutflow: 16 | NetOverflow: 0 | State: Active
2025-01-25 03:29:23 - Resonance: 14.8 | NetInflow: 23.5 | NetOutflow: 16 | NetOverflow: 0 | State: Active
2025-01-25 03:29:23 - Resonance: 14.9 | NetInflow: 23.5 | NetOutflow: 16 | NetOverflow: 0 | State: Active
2025-01-25 03:29:23 - Resonance: 15.1 | NetInflow: 23.5 | NetOutflow: 16 | NetOverflow: 0 | State: Active
2025-01-25 03:29:23 - Resonance: 15.2 | NetInflow: 23.5 | NetOutflow: 16 | NetOverflow: 0 | State: Active
2025-01-25 03:29:23 - Resonance: 15.4 | NetInflow: 23.5 | NetOutflow: 16 | NetOverflow: 0 | State: Active
2025-01-25 03:29:23 - Resonance: 15.5 | NetInflow: 23.5 | NetOutflow: 16 | NetOverflow: 0 | State: Active
2025-01-25 03:29:23 - Resonance: 15.7 | NetInflow: 23.5 | NetOutflow: 16 | NetOverflow: 0 | State: Active
2025-01-25 03:29:23 - Resonance: 15.8 | NetInflow: 23.5 | NetOutflow: 16 | NetOverflow: 0 | State: Active
2025-01-25 03:29:23 - Resonance: 16 | NetInflow: 23.5 | NetOutflow: 16 | NetOverflow: 0 | State: Active
2025-01-25 03:29:23 - Resonance: 16 | NetInflow: 23.5 | NetOutflow: 16 | NetOverflow: 5 | State: Overflow
2025-01-25 03:29:23 - Resonance: 16 | NetInflow: 23.5 | NetOutflow: 16 | NetOverflow: 7.5 | State: Overflow
2025-01-25 03:29:23 - Resonance: 16 | NetInflow: 23.5 | NetOutflow: 16 | NetOverflow: 7.5 | State: Overflow
2025-01-25 03:29:23 - Resonance: 16 | NetInflow: 23.5 | NetOutflow: 16 | NetOverflow: 7.5 | State: Overflow
2025-01-25 03:29:23 - Resonance: 16 | NetInflow: 23.5 | NetOutflow: 16 | NetOverflow: 7.5 | State: Overflow
2025-01-25 03:29:23 - Resonance: 16 | NetInflow: 23.5 | NetOutflow: 16 | NetOverflow: 7.5 | State: Overflow
2025-01-25 03:29:23 - Resonance: 16 | NetInflow: 23.5 | NetOutflow: 16 | NetOverflow: 7.5 | State: Overflow
2025-01-25 03:29:23 - Resonance: 16 | NetInflow: 23.5 | NetOutflow: 16 | NetOverflow: 7.5 | State: Overflow
2025-01-25 03:29:23 - Resonance: 16 | NetInflow: 23.5 | NetOutflow: 16 | NetOverflow: 7.5 | State: Overflow
2025-01-25 03:29:23 - Resonance: 16 | NetInflow: 23.5 | NetOutflow: 16 | NetOverflow: 7.5 | State: Overflow
2025-01-25 03:29:23 - Resonance: 16 | NetInflow: 23.5 | NetOutflow: 16 | NetOverflow: 7.5 | State: Overflow
2025-01-25 03:29:23 - Resonance: 16 | NetInflow: 23.5 | NetOutflow: 16 | NetOverflow: 7.5 | State: Overflow
2025-01-25 03:29:23 - Resonance: 16 | NetInflow: 23.5 | NetOutflow: 16 | NetOverflow: 7.5 | State: Overflow
2025-01-25 03:29:23 - Resonance: 16 | NetInflow: 23.5 | NetOutflow: 16 | NetOverflow: 7.5 | State: Overflow
2025-01-25 03:29:23 - Resonance: 16 | NetInflow: 23.5 | NetOutflow: 16 | NetOverflow: 7.5 | State: Overflow
2025-01-25 03:29:23 - Resonance: 16 | NetInflow: 23.5 | NetOutflow: 16 | NetOverflow: 7.5 | State: Overflow
2025-01-25 03:29:23 - Resonance: 16 | NetInflow: 23.5 | NetOutflow: 16 | NetOverflow: 7.5 | State: Overflow
2025-01-25 03:29:23 - Resonance: 16 | NetInflow: 23.5 | NetOutflow: 16 | NetOverflow: 7.5 | State: Overflow
2025-01-25 03:29:23 - Resonance: 16 | NetInflow: 23.5 | NetOutflow: 16 | NetOverflow: 7.5 | State: Overflow
2025-01-25 03:29:23 - Resonance: 16 | NetInflow: 23.5 | NetOutflow: 16 | NetOverflow: 7.5 | State: Overflow
2025-01-25 03:29:23 - Resonance: 16 | NetInflow: 23.5 | NetOutflow: 16 | NetOverflow: 7.5 | State: Overflow
2025-01-25 03:29:23 - Resonance: 16 | NetInflow: 23.5 | NetOutflow: 16 | NetOverflow: 7.5 | State: Overflow
2025-01-25 03:29:23 - Resonance: 16 | NetInflow: 23.5 | NetOutflow: 16 | NetOverflow: 7.5 | State: Overflow
2025-01-25 03:29:23 - Resonance: 16 | NetInflow: 23.5 | NetOutflow: 16 | NetOverflow: 7.5 | State: Overflow
2025-01-25 03:29:23 - Resonance: 16 | NetInflow: 23.5 | NetOutflow: 16 | NetOverflow: 7.5 | State: Overflow
2025-01-25 03:29:23 - Resonance: 16 | NetInflow: 23.5 | NetOutflow: 16 | NetOverflow: 7.5 | State: Overflow
2025-01-25 03:29:23 - Resonance: 16 | NetInflow: 23.5 | NetOutflow: 16 | NetOverflow: 7.5 | State: Overflow
2025-01-25 03:29:23 - Resonance: 16 | NetInflow: 23.5 | NetOutflow: 16 | NetOverflow: 7.5 | State: Overflow
2025-01-25 03:29:23 - Resonance: 16 | NetInflow: 23.5 | NetOutflow: 16 | NetOverflow: 7.5 | State: Overflow
2025-01-25 03:29:23 - Resonance: 16 | NetInflow: 23.5 | NetOutflow: 16 | NetOverflow: 7.5 | State: Overflow
2025-01-25 03:29:23 - Resonance: 16 | NetInflow: 23.5 | NetOutflow: 16 | NetOverflow: 7.5 | State: Overflow
2025-01-25 03:29:23 - Resonance: 16 | NetInflow: 23.5 | NetOutflow: 16 | NetOverflow: 7.5 | State: Overflow
2025-01-25 03:29:23 - Resonance: 16 | NetInflow: 23.5 | NetOutflow: 16 | NetOverflow: 7.5 | State: Overflow
2025-01-25 03:29:23 - Resonance: 16 | NetInflow: 23.5 | NetOutflow: 16 | NetOverflow: 7.5 | State: Overflow
2025-01-25 03:29:23 - Resonance: 16 | NetInflow: 23.5 | NetOutflow: 16 | NetOverflow: 7.5 | State: Overflow
2025-01-25 03:29:23 - Resonance: 16 | NetInflow: 23.5 | NetOutflow: 16 | NetOverflow: 7.5 | State: Overflow
2025-01-25 03:29:23 - Resonance: 16 | NetInflow: 23.5 | NetOutflow: 16 | NetOverflow: 7.5 | State: Overflow
2025-01-25 03:29:23 - Resonance: 16 | NetInflow: 23.5 | NetOutflow: 16 | NetOverflow: 7.5 | State: Overflow
2025-01-25 03:29:23 - Resonance: 16 | NetInflow: 23.5 | NetOutflow: 16 | NetOverflow: 7.5 | State: Overflow
2025-01-25 03:29:23 - Resonance: 16 | NetInflow: 23.5 | NetOutflow: 16 | NetOverflow: 7.5 | State: Overflow
2025-01-25 03:29:23 - Resonance: 16 | NetInflow: 23.5 | NetOutflow: 16 | NetOverflow: 7.5 | State: Overflow
2025-01-25 03:29:23 - Resonance: 16 | NetInflow: 23.5 | NetOutflow: 16 | NetOverflow: 7.5 | State: Overflow
2025-01-25 03:29:23 - Resonance: 16 | NetInflow: 23.5 | NetOutflow: 16 | NetOverflow: 7.5 | State: Overflow
2025-01-25 03:29:23 - Resonance: 16 | NetInflow: 23.5 | NetOutflow: 16 | NetOverflow: 7.5 | State: Overflow
2025-01-25 03:29:23 - Resonance: 16 | NetInflow: 23.5 | NetOutflow: 16 | NetOverflow: 7.5 | State: Overflow
2025-01-25 03:29:23 - Resonance: 16 | NetInflow: 23.5 | NetOutflow: 16 | NetOverflow: 7.5 | State: Overflow
2025-01-25 03:29:23 - Resonance: 16 | NetInflow: 23.5 | NetOutflow: 16 | NetOverflow: 7.5 | State: Overflow
2025-01-25 03:29:23 - Resonance: 16 | NetInflow: 23.5 | NetOutflow: 16 | NetOverflow: 7.5 | State: Overflow
2025-01-25 03:29:23 - Resonance: 16 | NetInflow: 23.5 | NetOutflow: 16 | NetOverflow: 7.5 | State: Overflow
2025-01-25 03:29:23 - Resonance: 16 | NetInflow: 23.5 | NetOutflow: 16 | NetOverflow: 7.5 | State: Overflow
2025-01-25 03:29:23 - Resonance: 16 | NetInflow: 23.5 | NetOutflow: 16 | NetOverflow: 7.5 | State: Overflow
2025-01-25 03:29:23 - Resonance: 16 | NetInflow: 23.5 | NetOutflow: 16 | NetOverflow: 7.5 | State: Overflow
2025-01-25 03:29:23 - Resonance: 16 | NetInflow: 23.5 | NetOutflow: 16 | NetOverflow: 7.5 | State: Overflow
2025-01-25 03:29:23 - Resonance: 16 | NetInflow: 23.5 | NetOutflow: 16 | NetOverflow: 7.5 | State: Overflow
2025-01-25 03:29:23 - Resonance: 16 | NetInflow: 23.5 | NetOutflow: 16 | NetOverflow: 7.5 | State: Overflow
2025-01-25 03:29:23 - Resonance: 16 | NetInflow: 23.5 | NetOutflow: 16 | NetOverflow: 7.5 | State: Overflow
2025-01-25 03:29:23 - Resonance: 16 | NetInflow: 23.5 | NetOutflow: 16 | NetOverflow: 7.5 | State: Overflow
2025-01-25 03:29:23 - Resonance: 16 | NetInflow: 23.5 | NetOutflow: 16 | NetOverflow: 7.5 | State: Overflow
2025-01-25 03:29:23 - Resonance: 16 | NetInflow: 23.5 | NetOutflow: 16 | NetOverflow: 7.5 | State: Overflow
2025-01-25 03:29:23 - Resonance: 16 | NetInflow: 23.5 | NetOutflow: 16 | NetOverflow: 7.5 | State: Overflow
2025-01-25 03:29:23 - Resonance: 16 | NetInflow: 23.5 | NetOutflow: 16 | NetOverflow: 7.5 | State: Overflow
2025-01-25 03:29:23 - Resonance: 16 | NetInflow: 23.5 | NetOutflow: 16 | NetOverflow: 7.5 | State: Overflow
2025-01-25 03:29:23 - Resonance: 16 | NetInflow: 23.5 | NetOutflow: 16 | NetOverflow: 7.5 | State: Overflow
2025-01-25 03:29:23 - Resonance: 16 | NetInflow: 23.5 | NetOutflow: 16 | NetOverflow: 7.5 | State: Overflow
2025-01-25 03:29:23 - Resonance: 16 | NetInflow: 23.5 | NetOutflow: 16 | NetOverflow: 7.5 | State: Overflow
2025-01-25 03:29:23 - Resonance: 16 | NetInflow: 23.5 | NetOutflow: 16 | NetOverflow: 7.5 | State: Overflow
2025-01-25 03:29:23 - Resonance: 16 | NetInflow: 23.5 | NetOutflow: 16 | NetOverflow: 7.5 | State: Overflow
2025-01-25 03:29:23 - Resonance: 16 | NetInflow: 23.5 | NetOutflow: 16 | NetOverflow: 7.5 | State: Overflow
2025-01-25 03:29:23 - Resonance: 16 | NetInflow: 23.5 | NetOutflow: 16 | NetOverflow: 7.5 | State: Overflow
2025-01-25 03:29:23 - Resonance: 16 | NetInflow: 23.5 | NetOutflow: 16 | NetOverflow: 7.5 | State: Overflow
2025-01-25 03:29:23 - Resonance: 16 | NetInflow: 23.5 | NetOutflow: 16 | NetOverflow: 7.5 | State: Overflow
2025-01-25 03:29:23 - Resonance: 16 | NetInflow: 23.5 | NetOutflow: 16 | NetOverflow: 7.5 | State: Overflow
2025-01-25 03:29:23 - Resonance: 16 | NetInflow: 23.5 | NetOutflow: 16 | NetOverflow: 7.5 | State: Overflow
2025-01-25 03:29:23 - Resonance: 16 | NetInflow: 23.5 | NetOutflow: 16 | NetOverflow: 7.5 | State: Overflow
2025-01-25 03:29:23 - Resonance: 16 | NetInflow: 23.5 | NetOutflow: 16 | NetOverflow: 7.5 | State: Overflow
2025-01-25 03:29:23 - Resonance: 16 | NetInflow: 23.5 | NetOutflow: 16 | NetOverflow: 7.5 | State: Overflow
2025-01-25 03:29:23 - Resonance: 16 | NetInflow: 23.5 | NetOutflow: 16 | NetOverflow: 7.5 | State: Overflow
2025-01-25 03:29:23 - Resonance: 16 | NetInflow: 23.5 | NetOutflow: 16 | NetOverflow: 7.5 | State: Overflow
2025-01-25 03:29:23 - Resonance: 16 | NetInflow: 23.5 | NetOutflow: 16 | NetOverflow: 7.5 | State: Overflow
2025-01-25 03:29:23 - Resonance: 16 | NetInflow: 23.5 | NetOutflow: 16 | NetOverflow: 7.5 | State: Overflow
2025-01-25 03:29:23 - Resonance: 16 | NetInflow: 23.5 | NetOutflow: 16 | NetOverflow: 7.5 | State: Overflow
2025-01-25 03:29:23 - Resonance: 16 | NetInflow: 23.5 | NetOutflow: 16 | NetOverflow: 7.5 | State: Overflow
2025-01-25 03:29:23 - Resonance: 16 | NetInflow: 23.5 | NetOutflow: 16 | NetOverflow: 7.5 | State: Overflow
2025-01-25 03:29:23 - Resonance: 16 | NetInflow: 23.5 | NetOutflow: 16 | NetOverflow: 7.5 | State: Overflow
2025-01-25 03:29:23 - Resonance: 16 | NetInflow: 23.5 | NetOutflow: 16 | NetOverflow: 7.5 | State: Overflow
2025-01-25 03:29:23 - Resonance: 16 | NetInflow: 23.5 | NetOutflow: 16 | NetOverflow: 7.5 | State: Overflow
2025-01-25 03:29:23 - Resonance: 16 | NetInflow: 23.5 | NetOutflow: 16 | NetOverflow: 7.5 | State: Overflow
2025-01-25 03:29:23 - Resonance: 16 | NetInflow: 23.5 | NetOutflow: 16 | NetOverflow: 7.5 | State: Overflow
2025-01-25 03:29:23 - Resonance: 16 | NetInflow: 23.5 | NetOutflow: 16 | NetOverflow: 7.5 | State: Overflow
2025-01-25 03:29:23 - Resonance: 16 | NetInflow: 23.5 | NetOutflow: 16 | NetOverflow: 7.5 | State: Overflow
2025-01-25 03:29:23 - Resonance: 16 | NetInflow: 23.5 | NetOutflow: 16 | NetOverflow: 7.5 | State: Overflow
2025-01-25 03:29:23 - Resonance: 16 | NetInflow: 23.5 | NetOutflow: 16 | NetOverflow: 7.5 | State: Overflow
2025-01-25 03:29:23 - Resonance: 16 | NetInflow: 23.5 | NetOutflow: 16 | NetOverflow: 7.5 | State: Overflow
2025-01-25 03:29:23 - Resonance: 16 | NetInflow: 23.5 | NetOutflow: 16 | NetOverflow: 7.5 | State: Overflow
2025-01-25 03:29:23 - Resonance: 16 | NetInflow: 23.5 | NetOutflow: 16 | NetOverflow: 7.5 | State: Overflow
2025-01-25 03:29:23 - Resonance: 16 | NetInflow: 23.5 | NetOutflow: 16 | NetOverflow: 7.5 | State: Overflow
2025-01-25 03:29:23 - Resonance: 16 | NetInflow: 23.5 | NetOutflow: 16 | NetOverflow: 7.5 | State: Overflow
2025-01-25 03:29:23 - Resonance: 16 | NetInflow: 23.5 | NetOutflow: 16 | NetOverflow: 7.5 | State: Overflow
2025-01-25 03:29:23 - Resonance: 16 | NetInflow: 23.5 | NetOutflow: 16 | NetOverflow: 7.5 | State: Overflow
2025-01-25 03:29:23 - Resonance: 16 | NetInflow: 23.5 | NetOutflow: 16 | NetOverflow: 7.5 | State: Overflow
2025-01-25 03:29:23 - Resonance: 16 | NetInflow: 23.5 | NetOutflow: 16 | NetOverflow: 7.5 | State: Overflow
2025-01-25 03:29:23 - Resonance: 16 | NetInflow: 23.5 | NetOutflow: 16 | NetOverflow: 7.5 | State: Overflow
2025-01-25 03:29:23 - Resonance: 16 | NetInflow: 23.5 | NetOutflow: 16 | NetOverflow: 7.5 | State: Overflow
2025-01-25 03:29:23 - Resonance: 16 | NetInflow: 23.5 | NetOutflow: 16 | NetOverflow: 7.5 | State: Overflow
