2025-02-16 10:01:07 - Debugger session started.
2025-02-16 10:01:07 - BasilMuguet Test_1 started
2025-02-16 10:01:07 -  - - - Adding pulse number 0 with midi index 88. - - -
2025-02-16 10:01:07 - Pulse Index: 0 | Midi Index: 69 | Intensity: 32 | Note Name: A4
2025-02-16 10:01:07 - Pulse Index: 1 | Midi Index: 88 | Intensity: 22 | Note Name: E6
2025-02-16 10:01:07 - 
Logging Idyll Amount:

2025-02-16 10:01:07 - Resonance: 0 | NetInflow: 0 | NetOutflow: 0 | NetOverflow: 0 | State: Static
2025-02-16 10:01:07 - Resonance: 0 | NetInflow: 0 | NetOutflow: 0 | NetOverflow: 0 | State: Static
2025-02-16 10:01:07 - Resonance: 0 | NetInflow: 0 | NetOutflow: 0 | NetOverflow: 0 | State: Static
2025-02-16 10:01:07 - Resonance: 0 | NetInflow: 0 | NetOutflow: 0 | NetOverflow: 0 | State: Static
2025-02-16 10:01:07 - Resonance: 0 | NetInflow: 0 | NetOutflow: 0 | NetOverflow: 0 | State: Static
2025-02-16 10:01:07 - Resonance: 0 | NetInflow: 0 | NetOutflow: 0 | NetOverflow: 0 | State: Static
2025-02-16 10:01:07 - Resonance: 0 | NetInflow: 0 | NetOutflow: 0 | NetOverflow: 0 | State: Static
2025-02-16 10:01:07 - Resonance: 0 | NetInflow: 0 | NetOutflow: 0 | NetOverflow: 0 | State: Static
2025-02-16 10:01:07 - Resonance: 0 | NetInflow: 0 | NetOutflow: 0 | NetOverflow: 0 | State: Static
2025-02-16 10:01:07 - Resonance: 0 | NetInflow: 0 | NetOutflow: 0 | NetOverflow: 0 | State: Static
2025-02-16 10:01:07 - Resonance: 0 | NetInflow: 0 | NetOutflow: 0 | NetOverflow: 0 | State: Static
2025-02-16 10:01:07 - Resonance: 0 | NetInflow: 0 | NetOutflow: 0 | NetOverflow: 0 | State: Static
2025-02-16 10:01:07 - Resonance: 0 | NetInflow: 0 | NetOutflow: 0 | NetOverflow: 0 | State: Static
2025-02-16 10:01:07 - Resonance: 0 | NetInflow: 0 | NetOutflow: 0 | NetOverflow: 0 | State: Static
2025-02-16 10:01:07 - Resonance: 0 | NetInflow: 0 | NetOutflow: 0 | NetOverflow: 0 | State: Static
2025-02-16 10:01:07 - Resonance: 0 | NetInflow: 0 | NetOutflow: 0 | NetOverflow: 0 | State: Static
2025-02-16 10:01:07 - Resonance: 0 | NetInflow: 0 | NetOutflow: 0 | NetOverflow: 0 | State: Static
2025-02-16 10:01:07 - Resonance: 0 | NetInflow: 0 | NetOutflow: 0 | NetOverflow: 0 | State: Static
2025-02-16 10:01:07 - Resonance: 0 | NetInflow: 0 | NetOutflow: 0 | NetOverflow: 0 | State: Static
2025-02-16 10:01:07 - Resonance: 0 | NetInflow: 0 | NetOutflow: 0 | NetOverflow: 0 | State: Static
2025-02-16 10:01:07 - Resonance: 0 | NetInflow: 0 | NetOutflow: 0 | NetOverflow: 0 | State: Static
2025-02-16 10:01:07 - Resonance: 0 | NetInflow: 0 | NetOutflow: 0 | NetOverflow: 0 | State: Static
2025-02-16 10:01:07 - Resonance: 0 | NetInflow: 0 | NetOutflow: 0 | NetOverflow: 0 | State: Static
2025-02-16 10:01:07 - Resonance: 0 | NetInflow: 0 | NetOutflow: 0 | NetOverflow: 0 | State: Static
2025-02-16 10:01:07 - Resonance: 0 | NetInflow: 0 | NetOutflow: 0 | NetOverflow: 0 | State: Static
2025-02-16 10:01:07 - Resonance: 0 | NetInflow: 0 | NetOutflow: 0 | NetOverflow: 0 | State: Static
2025-02-16 10:01:07 - Resonance: 0 | NetInflow: 0 | NetOutflow: 0 | NetOverflow: 0 | State: Static
2025-02-16 10:01:07 - Resonance: 0 | NetInflow: 0 | NetOutflow: 0 | NetOverflow: 0 | State: Static
2025-02-16 10:01:07 - Resonance: 0 | NetInflow: 0 | NetOutflow: 0 | NetOverflow: 0 | State: Static
2025-02-16 10:01:07 - Resonance: 0 | NetInflow: 0 | NetOutflow: 0 | NetOverflow: 0 | State: Static
2025-02-16 10:01:07 - Resonance: 0 | NetInflow: 0 | NetOutflow: 0 | NetOverflow: 0 | State: Static
2025-02-16 10:01:07 - Resonance: 0 | NetInflow: 0 | NetOutflow: 0 | NetOverflow: 0 | State: Static
2025-02-16 10:01:07 - Resonance: 0 | NetInflow: 0 | NetOutflow: 0 | NetOverflow: 0 | State: Static
2025-02-16 10:01:07 - Resonance: 0 | NetInflow: 0 | NetOutflow: 0 | NetOverflow: 0 | State: Static
2025-02-16 10:01:07 - Resonance: 0 | NetInflow: 0 | NetOutflow: 0 | NetOverflow: 0 | State: Static
2025-02-16 10:01:07 - Resonance: 0 | NetInflow: 0 | NetOutflow: 0 | NetOverflow: 0 | State: Static
2025-02-16 10:01:07 - Resonance: 0 | NetInflow: 0 | NetOutflow: 0 | NetOverflow: 0 | State: Static
2025-02-16 10:01:07 - Resonance: 0 | NetInflow: 0 | NetOutflow: 0 | NetOverflow: 0 | State: Static
2025-02-16 10:01:07 - Resonance: 0 | NetInflow: 0 | NetOutflow: 0 | NetOverflow: 0 | State: Static
2025-02-16 10:01:07 - Resonance: 0 | NetInflow: 0 | NetOutflow: 0 | NetOverflow: 0 | State: Static
2025-02-16 10:01:07 - Resonance: 0 | NetInflow: 0 | NetOutflow: 0 | NetOverflow: 0 | State: Static
2025-02-16 10:01:07 - Resonance: 0 | NetInflow: 0 | NetOutflow: 0 | NetOverflow: 0 | State: Static
2025-02-16 10:01:07 - Resonance: 0 | NetInflow: 0 | NetOutflow: 0 | NetOverflow: 0 | State: Static
2025-02-16 10:01:07 - Resonance: 0 | NetInflow: 0 | NetOutflow: 0 | NetOverflow: 0 | State: Static
2025-02-16 10:01:07 - Resonance: 0 | NetInflow: 0 | NetOutflow: 0 | NetOverflow: 0 | State: Static
2025-02-16 10:01:07 - Resonance: 0 | NetInflow: 0 | NetOutflow: 0 | NetOverflow: 0 | State: Static
2025-02-16 10:01:07 - Resonance: 0 | NetInflow: 0 | NetOutflow: 0 | NetOverflow: 0 | State: Static
2025-02-16 10:01:07 - Resonance: 0 | NetInflow: 0 | NetOutflow: 0 | NetOverflow: 0 | State: Static
2025-02-16 10:01:07 - Resonance: 0 | NetInflow: 0 | NetOutflow: 0 | NetOverflow: 0 | State: Static
2025-02-16 10:01:07 - Resonance: 0 | NetInflow: 0 | NetOutflow: 0 | NetOverflow: 0 | State: Static
2025-02-16 10:01:07 -  - - - Adding pulse number 1 with midi index 84. - - -
2025-02-16 10:01:07 - Pulse Index: 0 | Midi Index: 69 | Intensity: 32 | Note Name: A4
2025-02-16 10:01:07 - Pulse Index: 1 | Midi Index: 84 | Intensity: 54 | Note Name: C6
2025-02-16 10:01:07 - Pulse Index: 2 | Midi Index: 88 | Intensity: 22 | Note Name: E6
2025-02-16 10:01:07 - 
Logging Idyll Amount:

2025-02-16 10:01:07 - Resonance: 0.2 | NetInflow: 8 | NetOutflow: 0 | NetOverflow: 0 | State: Active
2025-02-16 10:01:07 - Resonance: 0.2 | NetInflow: 8 | NetOutflow: 8 | NetOverflow: 0 | State: Active
2025-02-16 10:01:07 - Resonance: 0.2 | NetInflow: 8 | NetOutflow: 8 | NetOverflow: 0 | State: Active
2025-02-16 10:01:07 - Resonance: 0.2 | NetInflow: 8 | NetOutflow: 8 | NetOverflow: 0 | State: Active
2025-02-16 10:01:07 - Resonance: 0.2 | NetInflow: 8 | NetOutflow: 8 | NetOverflow: 0 | State: Active
2025-02-16 10:01:07 - Resonance: 0.2 | NetInflow: 8 | NetOutflow: 8 | NetOverflow: 0 | State: Active
2025-02-16 10:01:07 - Resonance: 0.2 | NetInflow: 8 | NetOutflow: 8 | NetOverflow: 0 | State: Active
2025-02-16 10:01:07 - Resonance: 0.2 | NetInflow: 8 | NetOutflow: 8 | NetOverflow: 0 | State: Active
2025-02-16 10:01:07 - Resonance: 0.2 | NetInflow: 8 | NetOutflow: 8 | NetOverflow: 0 | State: Active
2025-02-16 10:01:07 - Resonance: 0.2 | NetInflow: 8 | NetOutflow: 8 | NetOverflow: 0 | State: Active
2025-02-16 10:01:07 - Resonance: 0.2 | NetInflow: 8 | NetOutflow: 8 | NetOverflow: 0 | State: Active
2025-02-16 10:01:07 - Resonance: 0.2 | NetInflow: 8 | NetOutflow: 8 | NetOverflow: 0 | State: Active
2025-02-16 10:01:07 - Resonance: 0.2 | NetInflow: 8 | NetOutflow: 8 | NetOverflow: 0 | State: Active
2025-02-16 10:01:07 - Resonance: 0.2 | NetInflow: 8 | NetOutflow: 8 | NetOverflow: 0 | State: Active
2025-02-16 10:01:07 - Resonance: 0.2 | NetInflow: 8 | NetOutflow: 8 | NetOverflow: 0 | State: Active
2025-02-16 10:01:07 - Resonance: 0.2 | NetInflow: 8 | NetOutflow: 8 | NetOverflow: 0 | State: Active
2025-02-16 10:01:07 - Resonance: 0.2 | NetInflow: 8 | NetOutflow: 8 | NetOverflow: 0 | State: Active
2025-02-16 10:01:07 - Resonance: 0.2 | NetInflow: 8 | NetOutflow: 8 | NetOverflow: 0 | State: Active
2025-02-16 10:01:07 - Resonance: 0.2 | NetInflow: 8 | NetOutflow: 8 | NetOverflow: 0 | State: Active
2025-02-16 10:01:07 - Resonance: 0.2 | NetInflow: 8 | NetOutflow: 8 | NetOverflow: 0 | State: Active
2025-02-16 10:01:07 - Resonance: 0.2 | NetInflow: 8 | NetOutflow: 8 | NetOverflow: 0 | State: Active
2025-02-16 10:01:07 - Resonance: 0.2 | NetInflow: 8 | NetOutflow: 8 | NetOverflow: 0 | State: Active
2025-02-16 10:01:07 - Resonance: 0.2 | NetInflow: 8 | NetOutflow: 8 | NetOverflow: 0 | State: Active
2025-02-16 10:01:07 - Resonance: 0.2 | NetInflow: 8 | NetOutflow: 8 | NetOverflow: 0 | State: Active
2025-02-16 10:01:07 - Resonance: 0.2 | NetInflow: 8 | NetOutflow: 8 | NetOverflow: 0 | State: Active
2025-02-16 10:01:07 - Resonance: 0.2 | NetInflow: 8 | NetOutflow: 8 | NetOverflow: 0 | State: Active
2025-02-16 10:01:07 - Resonance: 0.2 | NetInflow: 8 | NetOutflow: 8 | NetOverflow: 0 | State: Active
2025-02-16 10:01:07 - Resonance: 0.2 | NetInflow: 8 | NetOutflow: 8 | NetOverflow: 0 | State: Active
2025-02-16 10:01:07 - Resonance: 0.2 | NetInflow: 8 | NetOutflow: 8 | NetOverflow: 0 | State: Active
2025-02-16 10:01:07 - Resonance: 0.2 | NetInflow: 8 | NetOutflow: 8 | NetOverflow: 0 | State: Active
2025-02-16 10:01:07 - Resonance: 0.2 | NetInflow: 8 | NetOutflow: 8 | NetOverflow: 0 | State: Active
2025-02-16 10:01:07 - Resonance: 0.2 | NetInflow: 8 | NetOutflow: 8 | NetOverflow: 0 | State: Active
2025-02-16 10:01:07 - Resonance: 0.2 | NetInflow: 8 | NetOutflow: 8 | NetOverflow: 0 | State: Active
2025-02-16 10:01:07 - Resonance: 0.2 | NetInflow: 8 | NetOutflow: 8 | NetOverflow: 0 | State: Active
2025-02-16 10:01:07 - Resonance: 0.2 | NetInflow: 8 | NetOutflow: 8 | NetOverflow: 0 | State: Active
2025-02-16 10:01:07 - Resonance: 0.2 | NetInflow: 8 | NetOutflow: 8 | NetOverflow: 0 | State: Active
2025-02-16 10:01:07 - Resonance: 0.2 | NetInflow: 8 | NetOutflow: 8 | NetOverflow: 0 | State: Active
2025-02-16 10:01:07 - Resonance: 0.2 | NetInflow: 8 | NetOutflow: 8 | NetOverflow: 0 | State: Active
2025-02-16 10:01:07 - Resonance: 0.2 | NetInflow: 8 | NetOutflow: 8 | NetOverflow: 0 | State: Active
2025-02-16 10:01:07 - Resonance: 0.2 | NetInflow: 8 | NetOutflow: 8 | NetOverflow: 0 | State: Active
2025-02-16 10:01:07 - Resonance: 0.2 | NetInflow: 8 | NetOutflow: 8 | NetOverflow: 0 | State: Active
2025-02-16 10:01:07 - Resonance: 0.2 | NetInflow: 8 | NetOutflow: 8 | NetOverflow: 0 | State: Active
2025-02-16 10:01:07 - Resonance: 0.2 | NetInflow: 8 | NetOutflow: 8 | NetOverflow: 0 | State: Active
2025-02-16 10:01:07 - Resonance: 0.2 | NetInflow: 8 | NetOutflow: 8 | NetOverflow: 0 | State: Active
2025-02-16 10:01:07 - Resonance: 0.2 | NetInflow: 8 | NetOutflow: 8 | NetOverflow: 0 | State: Active
2025-02-16 10:01:07 - Resonance: 0.2 | NetInflow: 8 | NetOutflow: 8 | NetOverflow: 0 | State: Active
2025-02-16 10:01:07 - Resonance: 0.2 | NetInflow: 8 | NetOutflow: 8 | NetOverflow: 0 | State: Active
2025-02-16 10:01:07 - Resonance: 0.2 | NetInflow: 8 | NetOutflow: 8 | NetOverflow: 0 | State: Active
2025-02-16 10:01:07 - Resonance: 0.2 | NetInflow: 8 | NetOutflow: 8 | NetOverflow: 0 | State: Active
2025-02-16 10:01:07 - Resonance: 0.2 | NetInflow: 8 | NetOutflow: 8 | NetOverflow: 0 | State: Active
2025-02-16 10:01:07 -  - - - Adding pulse number 2 with midi index 99. - - -
2025-02-16 10:01:07 - Pulse Index: 0 | Midi Index: 69 | Intensity: 32 | Note Name: A4
2025-02-16 10:01:07 - Pulse Index: 1 | Midi Index: 84 | Intensity: 54 | Note Name: C6
2025-02-16 10:01:07 - Pulse Index: 2 | Midi Index: 88 | Intensity: 22 | Note Name: E6
2025-02-16 10:01:07 - Pulse Index: 3 | Midi Index: 99 | Intensity: 22 | Note Name: D#/Eb7
2025-02-16 10:01:07 - 
Logging Idyll Amount:

2025-02-16 10:01:07 - Resonance: 0.4 | NetInflow: 20 | NetOutflow: 9.3 | NetOverflow: 0 | State: Active
2025-02-16 10:01:08 - Resonance: 0.6 | NetInflow: 20 | NetOutflow: 9.3 | NetOverflow: 0 | State: Active
2025-02-16 10:01:08 - Resonance: 0.8 | NetInflow: 20 | NetOutflow: 9.3 | NetOverflow: 0 | State: Active
2025-02-16 10:01:08 - Resonance: 1 | NetInflow: 20 | NetOutflow: 9.3 | NetOverflow: 0 | State: Active
2025-02-16 10:01:08 - Resonance: 1.2 | NetInflow: 20 | NetOutflow: 9.3 | NetOverflow: 0 | State: Active
2025-02-16 10:01:08 - Resonance: 1.4 | NetInflow: 20 | NetOutflow: 9.3 | NetOverflow: 0 | State: Active
2025-02-16 10:01:08 - Resonance: 1.7 | NetInflow: 20 | NetOutflow: 9.3 | NetOverflow: 0 | State: Active
2025-02-16 10:01:08 - Resonance: 1.9 | NetInflow: 20 | NetOutflow: 9.3 | NetOverflow: 0 | State: Active
2025-02-16 10:01:08 - Resonance: 2.1 | NetInflow: 20 | NetOutflow: 9.3 | NetOverflow: 0 | State: Active
2025-02-16 10:01:08 - Resonance: 2.3 | NetInflow: 20 | NetOutflow: 9.3 | NetOverflow: 0 | State: Active
2025-02-16 10:01:08 - Resonance: 2.5 | NetInflow: 20 | NetOutflow: 9.3 | NetOverflow: 0 | State: Active
2025-02-16 10:01:08 - Resonance: 2.7 | NetInflow: 20 | NetOutflow: 9.3 | NetOverflow: 0 | State: Active
2025-02-16 10:01:08 - Resonance: 2.9 | NetInflow: 20 | NetOutflow: 9.3 | NetOverflow: 0 | State: Active
2025-02-16 10:01:08 - Resonance: 3.1 | NetInflow: 20 | NetOutflow: 9.3 | NetOverflow: 0 | State: Active
2025-02-16 10:01:08 - Resonance: 3.4 | NetInflow: 20 | NetOutflow: 9.3 | NetOverflow: 0 | State: Active
2025-02-16 10:01:08 - Resonance: 3.6 | NetInflow: 20 | NetOutflow: 9.3 | NetOverflow: 0 | State: Active
2025-02-16 10:01:08 - Resonance: 3.8 | NetInflow: 20 | NetOutflow: 9.3 | NetOverflow: 0 | State: Active
2025-02-16 10:01:08 - Resonance: 4 | NetInflow: 20 | NetOutflow: 9.3 | NetOverflow: 0 | State: Active
2025-02-16 10:01:08 - Resonance: 4.2 | NetInflow: 20 | NetOutflow: 9.3 | NetOverflow: 0 | State: Active
2025-02-16 10:01:08 - Resonance: 4.4 | NetInflow: 20 | NetOutflow: 9.3 | NetOverflow: 0 | State: Active
2025-02-16 10:01:08 - Resonance: 4.6 | NetInflow: 20 | NetOutflow: 9.3 | NetOverflow: 0 | State: Active
2025-02-16 10:01:08 - Resonance: 4.9 | NetInflow: 20 | NetOutflow: 9.3 | NetOverflow: 0 | State: Active
2025-02-16 10:01:08 - Resonance: 5.1 | NetInflow: 20 | NetOutflow: 9.3 | NetOverflow: 0 | State: Active
2025-02-16 10:01:08 - Resonance: 5.3 | NetInflow: 20 | NetOutflow: 9.3 | NetOverflow: 0 | State: Active
2025-02-16 10:01:08 - Resonance: 5.5 | NetInflow: 20 | NetOutflow: 9.3 | NetOverflow: 0 | State: Active
2025-02-16 10:01:08 - Resonance: 5.7 | NetInflow: 20 | NetOutflow: 9.3 | NetOverflow: 0 | State: Active
2025-02-16 10:01:08 - Resonance: 5.9 | NetInflow: 20 | NetOutflow: 9.3 | NetOverflow: 0 | State: Active
2025-02-16 10:01:08 - Resonance: 6.1 | NetInflow: 20 | NetOutflow: 9.3 | NetOverflow: 0 | State: Active
2025-02-16 10:01:08 - Resonance: 6.3 | NetInflow: 20 | NetOutflow: 9.3 | NetOverflow: 0 | State: Active
2025-02-16 10:01:08 - Resonance: 6.6 | NetInflow: 20 | NetOutflow: 9.3 | NetOverflow: 0 | State: Active
2025-02-16 10:01:08 - Resonance: 6.8 | NetInflow: 20 | NetOutflow: 9.3 | NetOverflow: 0 | State: Active
2025-02-16 10:01:08 - Resonance: 7 | NetInflow: 20 | NetOutflow: 9.3 | NetOverflow: 0 | State: Active
2025-02-16 10:01:08 - Resonance: 7.2 | NetInflow: 20 | NetOutflow: 9.3 | NetOverflow: 0 | State: Active
2025-02-16 10:01:08 - Resonance: 7.4 | NetInflow: 20 | NetOutflow: 9.3 | NetOverflow: 0 | State: Active
2025-02-16 10:01:08 - Resonance: 7.6 | NetInflow: 20 | NetOutflow: 9.3 | NetOverflow: 0 | State: Active
2025-02-16 10:01:08 - Resonance: 7.8 | NetInflow: 20 | NetOutflow: 9.3 | NetOverflow: 0 | State: Active
2025-02-16 10:01:08 - Resonance: 8.1 | NetInflow: 20 | NetOutflow: 9.3 | NetOverflow: 0 | State: Active
2025-02-16 10:01:08 - Resonance: 8.3 | NetInflow: 20 | NetOutflow: 9.3 | NetOverflow: 0 | State: Active
2025-02-16 10:01:08 - Resonance: 8.5 | NetInflow: 20 | NetOutflow: 9.3 | NetOverflow: 0 | State: Active
2025-02-16 10:01:08 - Resonance: 8.7 | NetInflow: 20 | NetOutflow: 9.3 | NetOverflow: 0 | State: Active
2025-02-16 10:01:08 - Resonance: 8.9 | NetInflow: 20 | NetOutflow: 9.3 | NetOverflow: 0 | State: Active
2025-02-16 10:01:08 - Resonance: 9.1 | NetInflow: 20 | NetOutflow: 9.3 | NetOverflow: 0 | State: Active
2025-02-16 10:01:08 - Resonance: 9.3 | NetInflow: 20 | NetOutflow: 9.3 | NetOverflow: 0 | State: Active
2025-02-16 10:01:08 - Resonance: 9.5 | NetInflow: 20 | NetOutflow: 9.3 | NetOverflow: 0 | State: Active
2025-02-16 10:01:08 - Resonance: 9.8 | NetInflow: 20 | NetOutflow: 9.3 | NetOverflow: 0 | State: Active
2025-02-16 10:01:08 - Resonance: 10 | NetInflow: 20 | NetOutflow: 9.3 | NetOverflow: 0 | State: Active
2025-02-16 10:01:08 - Resonance: 10.2 | NetInflow: 20 | NetOutflow: 9.3 | NetOverflow: 0 | State: Active
2025-02-16 10:01:08 - Resonance: 10.4 | NetInflow: 20 | NetOutflow: 9.3 | NetOverflow: 0 | State: Active
2025-02-16 10:01:08 - Resonance: 10.6 | NetInflow: 20 | NetOutflow: 9.3 | NetOverflow: 0 | State: Active
2025-02-16 10:01:08 - Resonance: 10.8 | NetInflow: 20 | NetOutflow: 9.3 | NetOverflow: 0 | State: Active
2025-02-16 10:01:08 -  - - - Adding pulse number 3 with midi index 74. - - -
2025-02-16 10:01:08 - Pulse Index: 0 | Midi Index: 69 | Intensity: 32 | Note Name: A4
2025-02-16 10:01:08 - Pulse Index: 1 | Midi Index: 74 | Intensity: 30 | Note Name: D5
2025-02-16 10:01:08 - Pulse Index: 2 | Midi Index: 84 | Intensity: 54 | Note Name: C6
2025-02-16 10:01:08 - Pulse Index: 3 | Midi Index: 88 | Intensity: 22 | Note Name: E6
2025-02-16 10:01:08 - Pulse Index: 4 | Midi Index: 99 | Intensity: 22 | Note Name: D#/Eb7
2025-02-16 10:01:08 - 
Logging Idyll Amount:

2025-02-16 10:01:08 - Resonance: 11 | NetInflow: 18.5 | NetOutflow: 10.5 | NetOverflow: 0 | State: Active
2025-02-16 10:01:08 - Resonance: 11.1 | NetInflow: 18.5 | NetOutflow: 10.5 | NetOverflow: 0 | State: Active
2025-02-16 10:01:08 - Resonance: 11.3 | NetInflow: 18.5 | NetOutflow: 10.5 | NetOverflow: 0 | State: Active
2025-02-16 10:01:08 - Resonance: 11.5 | NetInflow: 18.5 | NetOutflow: 10.5 | NetOverflow: 0 | State: Active
2025-02-16 10:01:08 - Resonance: 11.6 | NetInflow: 18.5 | NetOutflow: 10.5 | NetOverflow: 0 | State: Active
2025-02-16 10:01:08 - Resonance: 11.8 | NetInflow: 18.5 | NetOutflow: 10.5 | NetOverflow: 0 | State: Active
2025-02-16 10:01:08 - Resonance: 11.9 | NetInflow: 18.5 | NetOutflow: 10.5 | NetOverflow: 0 | State: Active
2025-02-16 10:01:08 - Resonance: 12.1 | NetInflow: 18.5 | NetOutflow: 10.5 | NetOverflow: 0 | State: Active
2025-02-16 10:01:08 - Resonance: 12.3 | NetInflow: 18.5 | NetOutflow: 10.5 | NetOverflow: 0 | State: Active
2025-02-16 10:01:08 - Resonance: 12.4 | NetInflow: 18.5 | NetOutflow: 10.5 | NetOverflow: 0 | State: Active
2025-02-16 10:01:08 - Resonance: 12.6 | NetInflow: 18.5 | NetOutflow: 10.5 | NetOverflow: 0 | State: Active
2025-02-16 10:01:08 - Resonance: 12.7 | NetInflow: 18.5 | NetOutflow: 10.5 | NetOverflow: 0 | State: Active
2025-02-16 10:01:08 - Resonance: 12.9 | NetInflow: 18.5 | NetOutflow: 10.5 | NetOverflow: 0 | State: Active
2025-02-16 10:01:08 - Resonance: 13.1 | NetInflow: 18.5 | NetOutflow: 10.5 | NetOverflow: 0 | State: Active
2025-02-16 10:01:08 - Resonance: 13.2 | NetInflow: 18.5 | NetOutflow: 10.5 | NetOverflow: 0 | State: Active
2025-02-16 10:01:08 - Resonance: 13.4 | NetInflow: 18.5 | NetOutflow: 10.5 | NetOverflow: 0 | State: Active
2025-02-16 10:01:08 - Resonance: 13.5 | NetInflow: 18.5 | NetOutflow: 10.5 | NetOverflow: 0 | State: Active
2025-02-16 10:01:08 - Resonance: 13.7 | NetInflow: 18.5 | NetOutflow: 10.5 | NetOverflow: 0 | State: Active
2025-02-16 10:01:08 - Resonance: 13.9 | NetInflow: 18.5 | NetOutflow: 10.5 | NetOverflow: 0 | State: Active
2025-02-16 10:01:08 - Resonance: 14 | NetInflow: 18.5 | NetOutflow: 10.5 | NetOverflow: 0 | State: Active
2025-02-16 10:01:08 - Resonance: 14.2 | NetInflow: 18.5 | NetOutflow: 10.5 | NetOverflow: 0 | State: Active
2025-02-16 10:01:08 - Resonance: 14.3 | NetInflow: 18.5 | NetOutflow: 10.5 | NetOverflow: 0 | State: Active
2025-02-16 10:01:08 - Resonance: 14.5 | NetInflow: 18.5 | NetOutflow: 10.5 | NetOverflow: 0 | State: Active
2025-02-16 10:01:08 - Resonance: 14.7 | NetInflow: 18.5 | NetOutflow: 10.5 | NetOverflow: 0 | State: Active
2025-02-16 10:01:08 - Resonance: 14.8 | NetInflow: 18.5 | NetOutflow: 10.5 | NetOverflow: 0 | State: Active
2025-02-16 10:01:08 - Resonance: 15 | NetInflow: 18.5 | NetOutflow: 10.5 | NetOverflow: 0 | State: Active
2025-02-16 10:01:08 - Resonance: 15.1 | NetInflow: 18.5 | NetOutflow: 10.5 | NetOverflow: 0 | State: Active
2025-02-16 10:01:08 - Resonance: 15.3 | NetInflow: 18.5 | NetOutflow: 10.5 | NetOverflow: 0 | State: Active
2025-02-16 10:01:08 - Resonance: 15.5 | NetInflow: 18.5 | NetOutflow: 10.5 | NetOverflow: 0 | State: Active
2025-02-16 10:01:08 - Resonance: 15.6 | NetInflow: 18.5 | NetOutflow: 10.5 | NetOverflow: 0 | State: Active
2025-02-16 10:01:08 - Resonance: 15.8 | NetInflow: 18.5 | NetOutflow: 10.5 | NetOverflow: 0 | State: Active
2025-02-16 10:01:08 - Resonance: 15.9 | NetInflow: 18.5 | NetOutflow: 10.5 | NetOverflow: 0 | State: Active
2025-02-16 10:01:08 - Resonance: 16 | NetInflow: 18.5 | NetOutflow: 10.5 | NetOverflow: 5.3 | State: Overflow
2025-02-16 10:01:08 - Resonance: 16 | NetInflow: 18.5 | NetOutflow: 10.5 | NetOverflow: 8 | State: Overflow
2025-02-16 10:01:08 - Resonance: 16 | NetInflow: 18.5 | NetOutflow: 10.5 | NetOverflow: 8 | State: Overflow
2025-02-16 10:01:08 - Resonance: 16 | NetInflow: 18.5 | NetOutflow: 10.5 | NetOverflow: 8 | State: Overflow
2025-02-16 10:01:08 - Resonance: 16 | NetInflow: 18.5 | NetOutflow: 10.5 | NetOverflow: 8 | State: Overflow
2025-02-16 10:01:08 - Resonance: 16 | NetInflow: 18.5 | NetOutflow: 10.5 | NetOverflow: 8 | State: Overflow
2025-02-16 10:01:08 - Resonance: 16 | NetInflow: 18.5 | NetOutflow: 10.5 | NetOverflow: 8 | State: Overflow
2025-02-16 10:01:08 - Resonance: 16 | NetInflow: 18.5 | NetOutflow: 10.5 | NetOverflow: 8 | State: Overflow
2025-02-16 10:01:08 - Resonance: 16 | NetInflow: 18.5 | NetOutflow: 10.5 | NetOverflow: 8 | State: Overflow
2025-02-16 10:01:08 - Resonance: 16 | NetInflow: 18.5 | NetOutflow: 10.5 | NetOverflow: 8 | State: Overflow
2025-02-16 10:01:08 - Resonance: 16 | NetInflow: 18.5 | NetOutflow: 10.5 | NetOverflow: 8 | State: Overflow
2025-02-16 10:01:08 - Resonance: 16 | NetInflow: 18.5 | NetOutflow: 10.5 | NetOverflow: 8 | State: Overflow
2025-02-16 10:01:08 - Resonance: 16 | NetInflow: 18.5 | NetOutflow: 10.5 | NetOverflow: 8 | State: Overflow
2025-02-16 10:01:08 - Resonance: 16 | NetInflow: 18.5 | NetOutflow: 10.5 | NetOverflow: 8 | State: Overflow
2025-02-16 10:01:08 - Resonance: 16 | NetInflow: 18.5 | NetOutflow: 10.5 | NetOverflow: 8 | State: Overflow
2025-02-16 10:01:08 - Resonance: 16 | NetInflow: 18.5 | NetOutflow: 10.5 | NetOverflow: 8 | State: Overflow
2025-02-16 10:01:08 - Resonance: 16 | NetInflow: 18.5 | NetOutflow: 10.5 | NetOverflow: 8 | State: Overflow
2025-02-16 10:01:08 - Resonance: 16 | NetInflow: 18.5 | NetOutflow: 10.5 | NetOverflow: 8 | State: Overflow
2025-02-16 10:01:08 -  - - - Adding pulse number 4 with midi index 96. - - -
2025-02-16 10:01:08 - Pulse Index: 0 | Midi Index: 69 | Intensity: 32 | Note Name: A4
2025-02-16 10:01:08 - Pulse Index: 1 | Midi Index: 74 | Intensity: 30 | Note Name: D5
2025-02-16 10:01:08 - Pulse Index: 2 | Midi Index: 84 | Intensity: 54 | Note Name: C6
2025-02-16 10:01:08 - Pulse Index: 3 | Midi Index: 88 | Intensity: 22 | Note Name: E6
2025-02-16 10:01:08 - Pulse Index: 4 | Midi Index: 96 | Intensity: 58 | Note Name: C7
2025-02-16 10:01:08 - Pulse Index: 5 | Midi Index: 99 | Intensity: 22 | Note Name: D#/Eb7
2025-02-16 10:01:08 - 
Logging Idyll Amount:

2025-02-16 10:01:08 - Resonance: 16 | NetInflow: 29.6 | NetOutflow: 16 | NetOverflow: 13.6 | State: Overflow
2025-02-16 10:01:08 - Resonance: 16 | NetInflow: 29.6 | NetOutflow: 16 | NetOverflow: 13.6 | State: Overflow
2025-02-16 10:01:08 - Resonance: 16 | NetInflow: 29.6 | NetOutflow: 16 | NetOverflow: 13.6 | State: Overflow
2025-02-16 10:01:08 - Resonance: 16 | NetInflow: 29.6 | NetOutflow: 16 | NetOverflow: 13.6 | State: Overflow
2025-02-16 10:01:08 - Resonance: 16 | NetInflow: 29.6 | NetOutflow: 16 | NetOverflow: 13.6 | State: Overflow
2025-02-16 10:01:08 - Resonance: 16 | NetInflow: 29.6 | NetOutflow: 16 | NetOverflow: 13.6 | State: Overflow
2025-02-16 10:01:08 - Resonance: 16 | NetInflow: 29.6 | NetOutflow: 16 | NetOverflow: 13.6 | State: Overflow
2025-02-16 10:01:08 - Resonance: 16 | NetInflow: 29.6 | NetOutflow: 16 | NetOverflow: 13.6 | State: Overflow
2025-02-16 10:01:08 - Resonance: 16 | NetInflow: 29.6 | NetOutflow: 16 | NetOverflow: 13.6 | State: Overflow
2025-02-16 10:01:08 - Resonance: 16 | NetInflow: 29.6 | NetOutflow: 16 | NetOverflow: 13.6 | State: Overflow
2025-02-16 10:01:08 - Resonance: 16 | NetInflow: 29.6 | NetOutflow: 16 | NetOverflow: 13.6 | State: Overflow
2025-02-16 10:01:08 - Resonance: 16 | NetInflow: 29.6 | NetOutflow: 16 | NetOverflow: 13.6 | State: Overflow
2025-02-16 10:01:08 - Resonance: 16 | NetInflow: 29.6 | NetOutflow: 16 | NetOverflow: 13.6 | State: Overflow
2025-02-16 10:01:08 - Resonance: 16 | NetInflow: 29.6 | NetOutflow: 16 | NetOverflow: 13.6 | State: Overflow
2025-02-16 10:01:08 - Resonance: 16 | NetInflow: 29.6 | NetOutflow: 16 | NetOverflow: 13.6 | State: Overflow
2025-02-16 10:01:08 - Resonance: 16 | NetInflow: 29.6 | NetOutflow: 16 | NetOverflow: 13.6 | State: Overflow
2025-02-16 10:01:08 - Resonance: 16 | NetInflow: 29.6 | NetOutflow: 16 | NetOverflow: 13.6 | State: Overflow
2025-02-16 10:01:08 - Resonance: 16 | NetInflow: 29.6 | NetOutflow: 16 | NetOverflow: 13.6 | State: Overflow
2025-02-16 10:01:08 - Resonance: 16 | NetInflow: 29.6 | NetOutflow: 16 | NetOverflow: 13.6 | State: Overflow
2025-02-16 10:01:08 - Resonance: 16 | NetInflow: 29.6 | NetOutflow: 16 | NetOverflow: 13.6 | State: Overflow
2025-02-16 10:01:08 - Resonance: 16 | NetInflow: 29.6 | NetOutflow: 16 | NetOverflow: 13.6 | State: Overflow
2025-02-16 10:01:08 - Resonance: 16 | NetInflow: 29.6 | NetOutflow: 16 | NetOverflow: 13.6 | State: Overflow
2025-02-16 10:01:08 - Resonance: 16 | NetInflow: 29.6 | NetOutflow: 16 | NetOverflow: 13.6 | State: Overflow
2025-02-16 10:01:08 - Resonance: 16 | NetInflow: 29.6 | NetOutflow: 16 | NetOverflow: 13.6 | State: Overflow
2025-02-16 10:01:08 - Resonance: 16 | NetInflow: 29.6 | NetOutflow: 16 | NetOverflow: 13.6 | State: Overflow
2025-02-16 10:01:08 - Resonance: 16 | NetInflow: 29.6 | NetOutflow: 16 | NetOverflow: 13.6 | State: Overflow
2025-02-16 10:01:08 - Resonance: 16 | NetInflow: 29.6 | NetOutflow: 16 | NetOverflow: 13.6 | State: Overflow
2025-02-16 10:01:08 - Resonance: 16 | NetInflow: 29.6 | NetOutflow: 16 | NetOverflow: 13.6 | State: Overflow
2025-02-16 10:01:08 - Resonance: 16 | NetInflow: 29.6 | NetOutflow: 16 | NetOverflow: 13.6 | State: Overflow
2025-02-16 10:01:08 - Resonance: 16 | NetInflow: 29.6 | NetOutflow: 16 | NetOverflow: 13.6 | State: Overflow
2025-02-16 10:01:08 - Resonance: 16 | NetInflow: 29.6 | NetOutflow: 16 | NetOverflow: 13.6 | State: Overflow
2025-02-16 10:01:08 - Resonance: 16 | NetInflow: 29.6 | NetOutflow: 16 | NetOverflow: 13.6 | State: Overflow
2025-02-16 10:01:08 - Resonance: 16 | NetInflow: 29.6 | NetOutflow: 16 | NetOverflow: 13.6 | State: Overflow
2025-02-16 10:01:08 - Resonance: 16 | NetInflow: 29.6 | NetOutflow: 16 | NetOverflow: 13.6 | State: Overflow
2025-02-16 10:01:08 - Resonance: 16 | NetInflow: 29.6 | NetOutflow: 16 | NetOverflow: 13.6 | State: Overflow
2025-02-16 10:01:08 - Resonance: 16 | NetInflow: 29.6 | NetOutflow: 16 | NetOverflow: 13.6 | State: Overflow
2025-02-16 10:01:08 - Resonance: 16 | NetInflow: 29.6 | NetOutflow: 16 | NetOverflow: 13.6 | State: Overflow
2025-02-16 10:01:08 - Resonance: 16 | NetInflow: 29.6 | NetOutflow: 16 | NetOverflow: 13.6 | State: Overflow
2025-02-16 10:01:08 - Resonance: 16 | NetInflow: 29.6 | NetOutflow: 16 | NetOverflow: 13.6 | State: Overflow
2025-02-16 10:01:08 - Resonance: 16 | NetInflow: 29.6 | NetOutflow: 16 | NetOverflow: 13.6 | State: Overflow
2025-02-16 10:01:08 - Resonance: 16 | NetInflow: 29.6 | NetOutflow: 16 | NetOverflow: 13.6 | State: Overflow
2025-02-16 10:01:08 - Resonance: 16 | NetInflow: 29.6 | NetOutflow: 16 | NetOverflow: 13.6 | State: Overflow
2025-02-16 10:01:08 - Resonance: 16 | NetInflow: 29.6 | NetOutflow: 16 | NetOverflow: 13.6 | State: Overflow
2025-02-16 10:01:08 - Resonance: 16 | NetInflow: 29.6 | NetOutflow: 16 | NetOverflow: 13.6 | State: Overflow
2025-02-16 10:01:08 - Resonance: 16 | NetInflow: 29.6 | NetOutflow: 16 | NetOverflow: 13.6 | State: Overflow
2025-02-16 10:01:08 - Resonance: 16 | NetInflow: 29.6 | NetOutflow: 16 | NetOverflow: 13.6 | State: Overflow
2025-02-16 10:01:08 - Resonance: 16 | NetInflow: 29.6 | NetOutflow: 16 | NetOverflow: 13.6 | State: Overflow
2025-02-16 10:01:08 - Resonance: 16 | NetInflow: 29.6 | NetOutflow: 16 | NetOverflow: 13.6 | State: Overflow
2025-02-16 10:01:08 - Resonance: 16 | NetInflow: 29.6 | NetOutflow: 16 | NetOverflow: 13.6 | State: Overflow
2025-02-16 10:01:08 - Resonance: 16 | NetInflow: 29.6 | NetOutflow: 16 | NetOverflow: 13.6 | State: Overflow
2025-02-16 10:01:08 - Pulse Index: 0 | Midi Index: 69 | Intensity: 32 | Note Name: A4
2025-02-16 10:01:08 - Pulse Index: 1 | Midi Index: 74 | Intensity: 30 | Note Name: D5
2025-02-16 10:01:08 - Pulse Index: 2 | Midi Index: 84 | Intensity: 54 | Note Name: C6
2025-02-16 10:01:08 - Pulse Index: 3 | Midi Index: 88 | Intensity: 22 | Note Name: E6
2025-02-16 10:01:08 - Pulse Index: 4 | Midi Index: 96 | Intensity: 58 | Note Name: C7
2025-02-16 10:01:08 - Pulse Index: 5 | Midi Index: 99 | Intensity: 22 | Note Name: D#/Eb7
2025-02-16 10:01:08 - - - - Resonator Parameter: 244215 - - - 
2025-02-16 10:01:08 - OriginFrequency: 440 | OriginIntensity: 32 | MaxIdyllAmount: 16 | CriticalEffect: 0 | CriticalEffectDurationThreshold: 0 | CriticalEffectIntensity: 0
2025-02-16 10:01:08 - InflowLimit: 32 | OutflowLimit: 16 | OverflowLimit: 16
2025-02-16 10:01:08 - ID: 0 | InflowMultiplier: 1 | OutflowMultiplier: 2 | OverflowMultiplier: 1 | InflowEffect: 0 | OutflowEffect: 0 | OverflowEffect: 0
2025-02-16 10:01:08 - ID: 1 | InflowMultiplier: 1 | OutflowMultiplier: 1 | OverflowMultiplier: 1 | InflowEffect: 0 | OutflowEffect: 0 | OverflowEffect: 0
2025-02-16 10:01:08 - ID: 2 | InflowMultiplier: 5 | OutflowMultiplier: 1 | OverflowMultiplier: 1 | InflowEffect: 0 | OutflowEffect: 0 | OverflowEffect: 0
2025-02-16 10:01:08 - ID: 3 | InflowMultiplier: 1 | OutflowMultiplier: 1 | OverflowMultiplier: 4 | InflowEffect: 0 | OutflowEffect: 0 | OverflowEffect: 0
2025-02-16 10:01:08 - ID: 4 | InflowMultiplier: 1 | OutflowMultiplier: 3 | OverflowMultiplier: 1 | InflowEffect: 0 | OutflowEffect: 0 | OverflowEffect: 0
2025-02-16 10:01:08 - ID: 5 | InflowMultiplier: 1 | OutflowMultiplier: 1 | OverflowMultiplier: 1 | InflowEffect: 0 | OutflowEffect: 0 | OverflowEffect: 0
2025-02-16 10:01:08 - ID: 6 | InflowMultiplier: 3 | OutflowMultiplier: 1 | OverflowMultiplier: 1 | InflowEffect: 0 | OutflowEffect: 0 | OverflowEffect: 0
2025-02-16 10:01:08 - ID: 7 | InflowMultiplier: 1 | OutflowMultiplier: 1 | OverflowMultiplier: 1 | InflowEffect: 0 | OutflowEffect: 0 | OverflowEffect: 0
2025-02-16 10:01:08 - ID: 8 | InflowMultiplier: 1 | OutflowMultiplier: 1 | OverflowMultiplier: 1 | InflowEffect: 0 | OutflowEffect: 0 | OverflowEffect: 0
2025-02-16 10:01:08 - ID: 9 | InflowMultiplier: 1 | OutflowMultiplier: 1 | OverflowMultiplier: 1 | InflowEffect: 0 | OutflowEffect: 0 | OverflowEffect: 0
2025-02-16 10:01:08 - ID: 10 | InflowMultiplier: 1 | OutflowMultiplier: 1 | OverflowMultiplier: 1 | InflowEffect: 0 | OutflowEffect: 0 | OverflowEffect: 0
2025-02-16 10:01:08 - ID: 11 | InflowMultiplier: 1 | OutflowMultiplier: 1 | OverflowMultiplier: 1 | InflowEffect: 0 | OutflowEffect: 0 | OverflowEffect: 0
2025-02-16 10:01:08 - ID: 12 | InflowMultiplier: 1 | OutflowMultiplier: 1 | OverflowMultiplier: 1 | InflowEffect: 0 | OutflowEffect: 0 | OverflowEffect: 0
2025-02-16 10:01:08 - ID: 13 | InflowMultiplier: 1 | OutflowMultiplier: 1 | OverflowMultiplier: 1 | InflowEffect: 0 | OutflowEffect: 0 | OverflowEffect: 0
