2025-01-27 01:42:47 - Debugger session started.
2025-01-27 01:42:47 - BasilMuguet Test_1 started
2025-01-27 01:42:47 -  - - - Adding pulse number 0 with midi index 86. - - -
2025-01-27 01:42:47 - Pulse Index: 0 | Midi Index: 48 | Intensity: 32 | Note Name: C3
2025-01-27 01:42:47 - Pulse Index: 1 | Midi Index: 86 | Intensity: 36 | Note Name: D6
2025-01-27 01:42:47 - 
Logging Idyll Amount:

2025-01-27 01:42:47 - Resonance: 0 | NetInflow: 0 | NetOutflow: 0 | NetOverflow: 0 | State: Static
2025-01-27 01:42:47 - Resonance: 0 | NetInflow: 0 | NetOutflow: 0 | NetOverflow: 0 | State: Static
2025-01-27 01:42:47 - Resonance: 0 | NetInflow: 0 | NetOutflow: 0 | NetOverflow: 0 | State: Static
2025-01-27 01:42:47 - Resonance: 0 | NetInflow: 0 | NetOutflow: 0 | NetOverflow: 0 | State: Static
2025-01-27 01:42:47 - Resonance: 0 | NetInflow: 0 | NetOutflow: 0 | NetOverflow: 0 | State: Static
2025-01-27 01:42:47 - Resonance: 0 | NetInflow: 0 | NetOutflow: 0 | NetOverflow: 0 | State: Static
2025-01-27 01:42:47 - Resonance: 0 | NetInflow: 0 | NetOutflow: 0 | NetOverflow: 0 | State: Static
2025-01-27 01:42:47 - Resonance: 0 | NetInflow: 0 | NetOutflow: 0 | NetOverflow: 0 | State: Static
2025-01-27 01:42:47 - Resonance: 0 | NetInflow: 0 | NetOutflow: 0 | NetOverflow: 0 | State: Static
2025-01-27 01:42:47 - Resonance: 0 | NetInflow: 0 | NetOutflow: 0 | NetOverflow: 0 | State: Static
2025-01-27 01:42:47 - Resonance: 0 | NetInflow: 0 | NetOutflow: 0 | NetOverflow: 0 | State: Static
2025-01-27 01:42:47 - Resonance: 0 | NetInflow: 0 | NetOutflow: 0 | NetOverflow: 0 | State: Static
2025-01-27 01:42:47 - Resonance: 0 | NetInflow: 0 | NetOutflow: 0 | NetOverflow: 0 | State: Static
2025-01-27 01:42:47 - Resonance: 0 | NetInflow: 0 | NetOutflow: 0 | NetOverflow: 0 | State: Static
2025-01-27 01:42:47 - Resonance: 0 | NetInflow: 0 | NetOutflow: 0 | NetOverflow: 0 | State: Static
2025-01-27 01:42:47 - Resonance: 0 | NetInflow: 0 | NetOutflow: 0 | NetOverflow: 0 | State: Static
2025-01-27 01:42:47 - Resonance: 0 | NetInflow: 0 | NetOutflow: 0 | NetOverflow: 0 | State: Static
2025-01-27 01:42:47 - Resonance: 0 | NetInflow: 0 | NetOutflow: 0 | NetOverflow: 0 | State: Static
2025-01-27 01:42:47 - Resonance: 0 | NetInflow: 0 | NetOutflow: 0 | NetOverflow: 0 | State: Static
2025-01-27 01:42:47 - Resonance: 0 | NetInflow: 0 | NetOutflow: 0 | NetOverflow: 0 | State: Static
2025-01-27 01:42:47 - Resonance: 0 | NetInflow: 0 | NetOutflow: 0 | NetOverflow: 0 | State: Static
2025-01-27 01:42:47 - Resonance: 0 | NetInflow: 0 | NetOutflow: 0 | NetOverflow: 0 | State: Static
2025-01-27 01:42:47 - Resonance: 0 | NetInflow: 0 | NetOutflow: 0 | NetOverflow: 0 | State: Static
2025-01-27 01:42:47 - Resonance: 0 | NetInflow: 0 | NetOutflow: 0 | NetOverflow: 0 | State: Static
2025-01-27 01:42:47 - Resonance: 0 | NetInflow: 0 | NetOutflow: 0 | NetOverflow: 0 | State: Static
2025-01-27 01:42:47 - Resonance: 0 | NetInflow: 0 | NetOutflow: 0 | NetOverflow: 0 | State: Static
2025-01-27 01:42:47 - Resonance: 0 | NetInflow: 0 | NetOutflow: 0 | NetOverflow: 0 | State: Static
2025-01-27 01:42:47 - Resonance: 0 | NetInflow: 0 | NetOutflow: 0 | NetOverflow: 0 | State: Static
2025-01-27 01:42:47 - Resonance: 0 | NetInflow: 0 | NetOutflow: 0 | NetOverflow: 0 | State: Static
2025-01-27 01:42:47 - Resonance: 0 | NetInflow: 0 | NetOutflow: 0 | NetOverflow: 0 | State: Static
2025-01-27 01:42:47 - Resonance: 0 | NetInflow: 0 | NetOutflow: 0 | NetOverflow: 0 | State: Static
2025-01-27 01:42:47 - Resonance: 0 | NetInflow: 0 | NetOutflow: 0 | NetOverflow: 0 | State: Static
2025-01-27 01:42:47 - Resonance: 0 | NetInflow: 0 | NetOutflow: 0 | NetOverflow: 0 | State: Static
2025-01-27 01:42:47 - Resonance: 0 | NetInflow: 0 | NetOutflow: 0 | NetOverflow: 0 | State: Static
2025-01-27 01:42:47 - Resonance: 0 | NetInflow: 0 | NetOutflow: 0 | NetOverflow: 0 | State: Static
2025-01-27 01:42:47 - Resonance: 0 | NetInflow: 0 | NetOutflow: 0 | NetOverflow: 0 | State: Static
2025-01-27 01:42:47 - Resonance: 0 | NetInflow: 0 | NetOutflow: 0 | NetOverflow: 0 | State: Static
2025-01-27 01:42:47 - Resonance: 0 | NetInflow: 0 | NetOutflow: 0 | NetOverflow: 0 | State: Static
2025-01-27 01:42:47 - Resonance: 0 | NetInflow: 0 | NetOutflow: 0 | NetOverflow: 0 | State: Static
2025-01-27 01:42:47 - Resonance: 0 | NetInflow: 0 | NetOutflow: 0 | NetOverflow: 0 | State: Static
2025-01-27 01:42:47 - Resonance: 0 | NetInflow: 0 | NetOutflow: 0 | NetOverflow: 0 | State: Static
2025-01-27 01:42:47 - Resonance: 0 | NetInflow: 0 | NetOutflow: 0 | NetOverflow: 0 | State: Static
2025-01-27 01:42:47 - Resonance: 0 | NetInflow: 0 | NetOutflow: 0 | NetOverflow: 0 | State: Static
2025-01-27 01:42:47 - Resonance: 0 | NetInflow: 0 | NetOutflow: 0 | NetOverflow: 0 | State: Static
2025-01-27 01:42:47 - Resonance: 0 | NetInflow: 0 | NetOutflow: 0 | NetOverflow: 0 | State: Static
2025-01-27 01:42:47 - Resonance: 0 | NetInflow: 0 | NetOutflow: 0 | NetOverflow: 0 | State: Static
2025-01-27 01:42:47 - Resonance: 0 | NetInflow: 0 | NetOutflow: 0 | NetOverflow: 0 | State: Static
2025-01-27 01:42:47 - Resonance: 0 | NetInflow: 0 | NetOutflow: 0 | NetOverflow: 0 | State: Static
2025-01-27 01:42:47 - Resonance: 0 | NetInflow: 0 | NetOutflow: 0 | NetOverflow: 0 | State: Static
2025-01-27 01:42:47 - Resonance: 0 | NetInflow: 0 | NetOutflow: 0 | NetOverflow: 0 | State: Static
2025-01-27 01:42:47 -  - - - Adding pulse number 1 with midi index 103. - - -
2025-01-27 01:42:47 - Pulse Index: 0 | Midi Index: 48 | Intensity: 32 | Note Name: C3
2025-01-27 01:42:47 - Pulse Index: 1 | Midi Index: 86 | Intensity: 36 | Note Name: D6
2025-01-27 01:42:47 - Pulse Index: 2 | Midi Index: 103 | Intensity: 42 | Note Name: G7
2025-01-27 01:42:47 - 
Logging Idyll Amount:

2025-01-27 01:42:47 - Resonance: 0.2 | NetInflow: 8 | NetOutflow: 0 | NetOverflow: 0 | State: Active
2025-01-27 01:42:47 - Resonance: 0.2 | NetInflow: 8 | NetOutflow: 8 | NetOverflow: 0 | State: Active
2025-01-27 01:42:47 - Resonance: 0.2 | NetInflow: 8 | NetOutflow: 8 | NetOverflow: 0 | State: Active
2025-01-27 01:42:47 - Resonance: 0.2 | NetInflow: 8 | NetOutflow: 8 | NetOverflow: 0 | State: Active
2025-01-27 01:42:47 - Resonance: 0.2 | NetInflow: 8 | NetOutflow: 8 | NetOverflow: 0 | State: Active
2025-01-27 01:42:47 - Resonance: 0.2 | NetInflow: 8 | NetOutflow: 8 | NetOverflow: 0 | State: Active
2025-01-27 01:42:47 - Resonance: 0.2 | NetInflow: 8 | NetOutflow: 8 | NetOverflow: 0 | State: Active
2025-01-27 01:42:47 - Resonance: 0.2 | NetInflow: 8 | NetOutflow: 8 | NetOverflow: 0 | State: Active
2025-01-27 01:42:47 - Resonance: 0.2 | NetInflow: 8 | NetOutflow: 8 | NetOverflow: 0 | State: Active
2025-01-27 01:42:47 - Resonance: 0.2 | NetInflow: 8 | NetOutflow: 8 | NetOverflow: 0 | State: Active
2025-01-27 01:42:47 - Resonance: 0.2 | NetInflow: 8 | NetOutflow: 8 | NetOverflow: 0 | State: Active
2025-01-27 01:42:47 - Resonance: 0.2 | NetInflow: 8 | NetOutflow: 8 | NetOverflow: 0 | State: Active
2025-01-27 01:42:47 - Resonance: 0.2 | NetInflow: 8 | NetOutflow: 8 | NetOverflow: 0 | State: Active
2025-01-27 01:42:47 - Resonance: 0.2 | NetInflow: 8 | NetOutflow: 8 | NetOverflow: 0 | State: Active
2025-01-27 01:42:47 - Resonance: 0.2 | NetInflow: 8 | NetOutflow: 8 | NetOverflow: 0 | State: Active
2025-01-27 01:42:47 - Resonance: 0.2 | NetInflow: 8 | NetOutflow: 8 | NetOverflow: 0 | State: Active
2025-01-27 01:42:47 - Resonance: 0.2 | NetInflow: 8 | NetOutflow: 8 | NetOverflow: 0 | State: Active
2025-01-27 01:42:47 - Resonance: 0.2 | NetInflow: 8 | NetOutflow: 8 | NetOverflow: 0 | State: Active
2025-01-27 01:42:47 - Resonance: 0.2 | NetInflow: 8 | NetOutflow: 8 | NetOverflow: 0 | State: Active
2025-01-27 01:42:47 - Resonance: 0.2 | NetInflow: 8 | NetOutflow: 8 | NetOverflow: 0 | State: Active
2025-01-27 01:42:47 - Resonance: 0.2 | NetInflow: 8 | NetOutflow: 8 | NetOverflow: 0 | State: Active
2025-01-27 01:42:47 - Resonance: 0.2 | NetInflow: 8 | NetOutflow: 8 | NetOverflow: 0 | State: Active
2025-01-27 01:42:47 - Resonance: 0.2 | NetInflow: 8 | NetOutflow: 8 | NetOverflow: 0 | State: Active
2025-01-27 01:42:47 - Resonance: 0.2 | NetInflow: 8 | NetOutflow: 8 | NetOverflow: 0 | State: Active
2025-01-27 01:42:47 - Resonance: 0.2 | NetInflow: 8 | NetOutflow: 8 | NetOverflow: 0 | State: Active
2025-01-27 01:42:47 - Resonance: 0.2 | NetInflow: 8 | NetOutflow: 8 | NetOverflow: 0 | State: Active
2025-01-27 01:42:47 - Resonance: 0.2 | NetInflow: 8 | NetOutflow: 8 | NetOverflow: 0 | State: Active
2025-01-27 01:42:47 - Resonance: 0.2 | NetInflow: 8 | NetOutflow: 8 | NetOverflow: 0 | State: Active
2025-01-27 01:42:47 - Resonance: 0.2 | NetInflow: 8 | NetOutflow: 8 | NetOverflow: 0 | State: Active
2025-01-27 01:42:47 - Resonance: 0.2 | NetInflow: 8 | NetOutflow: 8 | NetOverflow: 0 | State: Active
2025-01-27 01:42:47 - Resonance: 0.2 | NetInflow: 8 | NetOutflow: 8 | NetOverflow: 0 | State: Active
2025-01-27 01:42:47 - Resonance: 0.2 | NetInflow: 8 | NetOutflow: 8 | NetOverflow: 0 | State: Active
2025-01-27 01:42:47 - Resonance: 0.2 | NetInflow: 8 | NetOutflow: 8 | NetOverflow: 0 | State: Active
2025-01-27 01:42:47 - Resonance: 0.2 | NetInflow: 8 | NetOutflow: 8 | NetOverflow: 0 | State: Active
2025-01-27 01:42:47 - Resonance: 0.2 | NetInflow: 8 | NetOutflow: 8 | NetOverflow: 0 | State: Active
2025-01-27 01:42:47 - Resonance: 0.2 | NetInflow: 8 | NetOutflow: 8 | NetOverflow: 0 | State: Active
2025-01-27 01:42:47 - Resonance: 0.2 | NetInflow: 8 | NetOutflow: 8 | NetOverflow: 0 | State: Active
2025-01-27 01:42:47 - Resonance: 0.2 | NetInflow: 8 | NetOutflow: 8 | NetOverflow: 0 | State: Active
2025-01-27 01:42:47 - Resonance: 0.2 | NetInflow: 8 | NetOutflow: 8 | NetOverflow: 0 | State: Active
2025-01-27 01:42:47 - Resonance: 0.2 | NetInflow: 8 | NetOutflow: 8 | NetOverflow: 0 | State: Active
2025-01-27 01:42:47 - Resonance: 0.2 | NetInflow: 8 | NetOutflow: 8 | NetOverflow: 0 | State: Active
2025-01-27 01:42:47 - Resonance: 0.2 | NetInflow: 8 | NetOutflow: 8 | NetOverflow: 0 | State: Active
2025-01-27 01:42:47 - Resonance: 0.2 | NetInflow: 8 | NetOutflow: 8 | NetOverflow: 0 | State: Active
2025-01-27 01:42:47 - Resonance: 0.2 | NetInflow: 8 | NetOutflow: 8 | NetOverflow: 0 | State: Active
2025-01-27 01:42:47 - Resonance: 0.2 | NetInflow: 8 | NetOutflow: 8 | NetOverflow: 0 | State: Active
2025-01-27 01:42:47 - Resonance: 0.2 | NetInflow: 8 | NetOutflow: 8 | NetOverflow: 0 | State: Active
2025-01-27 01:42:47 - Resonance: 0.2 | NetInflow: 8 | NetOutflow: 8 | NetOverflow: 0 | State: Active
2025-01-27 01:42:47 - Resonance: 0.2 | NetInflow: 8 | NetOutflow: 8 | NetOverflow: 0 | State: Active
2025-01-27 01:42:47 - Resonance: 0.2 | NetInflow: 8 | NetOutflow: 8 | NetOverflow: 0 | State: Active
2025-01-27 01:42:47 - Resonance: 0.2 | NetInflow: 8 | NetOutflow: 8 | NetOverflow: 0 | State: Active
2025-01-27 01:42:47 -  - - - Adding pulse number 2 with midi index 82. - - -
2025-01-27 01:42:47 - Pulse Index: 0 | Midi Index: 48 | Intensity: 32 | Note Name: C3
2025-01-27 01:42:47 - Pulse Index: 1 | Midi Index: 82 | Intensity: 61 | Note Name: A#/Bb5
2025-01-27 01:42:47 - Pulse Index: 2 | Midi Index: 86 | Intensity: 36 | Note Name: D6
2025-01-27 01:42:47 - Pulse Index: 3 | Midi Index: 103 | Intensity: 42 | Note Name: G7
2025-01-27 01:42:47 - 
Logging Idyll Amount:

2025-01-27 01:42:47 - Resonance: 0.2 | NetInflow: 14 | NetOutflow: 14 | NetOverflow: 0 | State: Active
2025-01-27 01:42:47 - Resonance: 0.2 | NetInflow: 14 | NetOutflow: 14 | NetOverflow: 0 | State: Active
2025-01-27 01:42:47 - Resonance: 0.2 | NetInflow: 14 | NetOutflow: 14 | NetOverflow: 0 | State: Active
2025-01-27 01:42:47 - Resonance: 0.2 | NetInflow: 14 | NetOutflow: 14 | NetOverflow: 0 | State: Active
2025-01-27 01:42:47 - Resonance: 0.2 | NetInflow: 14 | NetOutflow: 14 | NetOverflow: 0 | State: Active
2025-01-27 01:42:47 - Resonance: 0.2 | NetInflow: 14 | NetOutflow: 14 | NetOverflow: 0 | State: Active
2025-01-27 01:42:47 - Resonance: 0.2 | NetInflow: 14 | NetOutflow: 14 | NetOverflow: 0 | State: Active
2025-01-27 01:42:47 - Resonance: 0.2 | NetInflow: 14 | NetOutflow: 14 | NetOverflow: 0 | State: Active
2025-01-27 01:42:47 - Resonance: 0.2 | NetInflow: 14 | NetOutflow: 14 | NetOverflow: 0 | State: Active
2025-01-27 01:42:47 - Resonance: 0.2 | NetInflow: 14 | NetOutflow: 14 | NetOverflow: 0 | State: Active
2025-01-27 01:42:47 - Resonance: 0.2 | NetInflow: 14 | NetOutflow: 14 | NetOverflow: 0 | State: Active
2025-01-27 01:42:47 - Resonance: 0.2 | NetInflow: 14 | NetOutflow: 14 | NetOverflow: 0 | State: Active
2025-01-27 01:42:47 - Resonance: 0.2 | NetInflow: 14 | NetOutflow: 14 | NetOverflow: 0 | State: Active
2025-01-27 01:42:47 - Resonance: 0.2 | NetInflow: 14 | NetOutflow: 14 | NetOverflow: 0 | State: Active
2025-01-27 01:42:47 - Resonance: 0.2 | NetInflow: 14 | NetOutflow: 14 | NetOverflow: 0 | State: Active
2025-01-27 01:42:47 - Resonance: 0.2 | NetInflow: 14 | NetOutflow: 14 | NetOverflow: 0 | State: Active
2025-01-27 01:42:47 - Resonance: 0.2 | NetInflow: 14 | NetOutflow: 14 | NetOverflow: 0 | State: Active
2025-01-27 01:42:47 - Resonance: 0.2 | NetInflow: 14 | NetOutflow: 14 | NetOverflow: 0 | State: Active
2025-01-27 01:42:47 - Resonance: 0.2 | NetInflow: 14 | NetOutflow: 14 | NetOverflow: 0 | State: Active
2025-01-27 01:42:47 - Resonance: 0.2 | NetInflow: 14 | NetOutflow: 14 | NetOverflow: 0 | State: Active
2025-01-27 01:42:47 - Resonance: 0.2 | NetInflow: 14 | NetOutflow: 14 | NetOverflow: 0 | State: Active
2025-01-27 01:42:47 - Resonance: 0.2 | NetInflow: 14 | NetOutflow: 14 | NetOverflow: 0 | State: Active
2025-01-27 01:42:47 - Resonance: 0.2 | NetInflow: 14 | NetOutflow: 14 | NetOverflow: 0 | State: Active
2025-01-27 01:42:47 - Resonance: 0.2 | NetInflow: 14 | NetOutflow: 14 | NetOverflow: 0 | State: Active
2025-01-27 01:42:47 - Resonance: 0.2 | NetInflow: 14 | NetOutflow: 14 | NetOverflow: 0 | State: Active
2025-01-27 01:42:47 - Resonance: 0.2 | NetInflow: 14 | NetOutflow: 14 | NetOverflow: 0 | State: Active
2025-01-27 01:42:47 - Resonance: 0.2 | NetInflow: 14 | NetOutflow: 14 | NetOverflow: 0 | State: Active
2025-01-27 01:42:47 - Resonance: 0.2 | NetInflow: 14 | NetOutflow: 14 | NetOverflow: 0 | State: Active
2025-01-27 01:42:47 - Resonance: 0.2 | NetInflow: 14 | NetOutflow: 14 | NetOverflow: 0 | State: Active
2025-01-27 01:42:47 - Resonance: 0.2 | NetInflow: 14 | NetOutflow: 14 | NetOverflow: 0 | State: Active
2025-01-27 01:42:47 - Resonance: 0.2 | NetInflow: 14 | NetOutflow: 14 | NetOverflow: 0 | State: Active
2025-01-27 01:42:47 - Resonance: 0.2 | NetInflow: 14 | NetOutflow: 14 | NetOverflow: 0 | State: Active
2025-01-27 01:42:47 - Resonance: 0.2 | NetInflow: 14 | NetOutflow: 14 | NetOverflow: 0 | State: Active
2025-01-27 01:42:47 - Resonance: 0.2 | NetInflow: 14 | NetOutflow: 14 | NetOverflow: 0 | State: Active
2025-01-27 01:42:47 - Resonance: 0.2 | NetInflow: 14 | NetOutflow: 14 | NetOverflow: 0 | State: Active
2025-01-27 01:42:47 - Resonance: 0.2 | NetInflow: 14 | NetOutflow: 14 | NetOverflow: 0 | State: Active
2025-01-27 01:42:47 - Resonance: 0.2 | NetInflow: 14 | NetOutflow: 14 | NetOverflow: 0 | State: Active
2025-01-27 01:42:47 - Resonance: 0.2 | NetInflow: 14 | NetOutflow: 14 | NetOverflow: 0 | State: Active
2025-01-27 01:42:47 - Resonance: 0.2 | NetInflow: 14 | NetOutflow: 14 | NetOverflow: 0 | State: Active
2025-01-27 01:42:47 - Resonance: 0.2 | NetInflow: 14 | NetOutflow: 14 | NetOverflow: 0 | State: Active
2025-01-27 01:42:47 - Resonance: 0.2 | NetInflow: 14 | NetOutflow: 14 | NetOverflow: 0 | State: Active
2025-01-27 01:42:47 - Resonance: 0.2 | NetInflow: 14 | NetOutflow: 14 | NetOverflow: 0 | State: Active
2025-01-27 01:42:47 - Resonance: 0.2 | NetInflow: 14 | NetOutflow: 14 | NetOverflow: 0 | State: Active
2025-01-27 01:42:47 - Resonance: 0.2 | NetInflow: 14 | NetOutflow: 14 | NetOverflow: 0 | State: Active
2025-01-27 01:42:47 - Resonance: 0.2 | NetInflow: 14 | NetOutflow: 14 | NetOverflow: 0 | State: Active
2025-01-27 01:42:47 - Resonance: 0.2 | NetInflow: 14 | NetOutflow: 14 | NetOverflow: 0 | State: Active
2025-01-27 01:42:47 - Resonance: 0.2 | NetInflow: 14 | NetOutflow: 14 | NetOverflow: 0 | State: Active
2025-01-27 01:42:47 - Resonance: 0.2 | NetInflow: 14 | NetOutflow: 14 | NetOverflow: 0 | State: Active
2025-01-27 01:42:47 - Resonance: 0.2 | NetInflow: 14 | NetOutflow: 14 | NetOverflow: 0 | State: Active
2025-01-27 01:42:47 - Resonance: 0.2 | NetInflow: 14 | NetOutflow: 14 | NetOverflow: 0 | State: Active
2025-01-27 01:42:47 -  - - - Adding pulse number 3 with midi index 100. - - -
2025-01-27 01:42:47 - Pulse Index: 0 | Midi Index: 48 | Intensity: 32 | Note Name: C3
2025-01-27 01:42:47 - Pulse Index: 1 | Midi Index: 82 | Intensity: 61 | Note Name: A#/Bb5
2025-01-27 01:42:47 - Pulse Index: 2 | Midi Index: 86 | Intensity: 36 | Note Name: D6
2025-01-27 01:42:47 - Pulse Index: 3 | Midi Index: 100 | Intensity: 34 | Note Name: E7
2025-01-27 01:42:47 - Pulse Index: 4 | Midi Index: 103 | Intensity: 42 | Note Name: G7
2025-01-27 01:42:47 - 
Logging Idyll Amount:

2025-01-27 01:42:47 - Resonance: 0.2 | NetInflow: 16.5 | NetOutflow: 16 | NetOverflow: 0 | State: Active
2025-01-27 01:42:47 - Resonance: 0.2 | NetInflow: 16.5 | NetOutflow: 16 | NetOverflow: 0 | State: Active
2025-01-27 01:42:47 - Resonance: 0.2 | NetInflow: 16.5 | NetOutflow: 16 | NetOverflow: 0 | State: Active
2025-01-27 01:42:47 - Resonance: 0.2 | NetInflow: 16.5 | NetOutflow: 16 | NetOverflow: 0 | State: Active
2025-01-27 01:42:47 - Resonance: 0.2 | NetInflow: 16.5 | NetOutflow: 16 | NetOverflow: 0 | State: Active
2025-01-27 01:42:47 - Resonance: 0.2 | NetInflow: 16.5 | NetOutflow: 16 | NetOverflow: 0 | State: Active
2025-01-27 01:42:47 - Resonance: 0.2 | NetInflow: 16.5 | NetOutflow: 16 | NetOverflow: 0 | State: Active
2025-01-27 01:42:47 - Resonance: 0.2 | NetInflow: 16.5 | NetOutflow: 16 | NetOverflow: 0 | State: Active
2025-01-27 01:42:47 - Resonance: 0.2 | NetInflow: 16.5 | NetOutflow: 16 | NetOverflow: 0 | State: Active
2025-01-27 01:42:47 - Resonance: 0.3 | NetInflow: 16.5 | NetOutflow: 16 | NetOverflow: 0 | State: Active
2025-01-27 01:42:47 - Resonance: 0.3 | NetInflow: 16.5 | NetOutflow: 16 | NetOverflow: 0 | State: Active
2025-01-27 01:42:47 - Resonance: 0.3 | NetInflow: 16.5 | NetOutflow: 16 | NetOverflow: 0 | State: Active
2025-01-27 01:42:47 - Resonance: 0.3 | NetInflow: 16.5 | NetOutflow: 16 | NetOverflow: 0 | State: Active
2025-01-27 01:42:47 - Resonance: 0.3 | NetInflow: 16.5 | NetOutflow: 16 | NetOverflow: 0 | State: Active
2025-01-27 01:42:47 - Resonance: 0.3 | NetInflow: 16.5 | NetOutflow: 16 | NetOverflow: 0 | State: Active
2025-01-27 01:42:47 - Resonance: 0.3 | NetInflow: 16.5 | NetOutflow: 16 | NetOverflow: 0 | State: Active
2025-01-27 01:42:47 - Resonance: 0.3 | NetInflow: 16.5 | NetOutflow: 16 | NetOverflow: 0 | State: Active
2025-01-27 01:42:47 - Resonance: 0.3 | NetInflow: 16.5 | NetOutflow: 16 | NetOverflow: 0 | State: Active
2025-01-27 01:42:47 - Resonance: 0.3 | NetInflow: 16.5 | NetOutflow: 16 | NetOverflow: 0 | State: Active
2025-01-27 01:42:47 - Resonance: 0.4 | NetInflow: 16.5 | NetOutflow: 16 | NetOverflow: 0 | State: Active
2025-01-27 01:42:47 - Resonance: 0.4 | NetInflow: 16.5 | NetOutflow: 16 | NetOverflow: 0 | State: Active
2025-01-27 01:42:47 - Resonance: 0.4 | NetInflow: 16.5 | NetOutflow: 16 | NetOverflow: 0 | State: Active
2025-01-27 01:42:47 - Resonance: 0.4 | NetInflow: 16.5 | NetOutflow: 16 | NetOverflow: 0 | State: Active
2025-01-27 01:42:47 - Resonance: 0.4 | NetInflow: 16.5 | NetOutflow: 16 | NetOverflow: 0 | State: Active
2025-01-27 01:42:47 - Resonance: 0.4 | NetInflow: 16.5 | NetOutflow: 16 | NetOverflow: 0 | State: Active
2025-01-27 01:42:47 - Resonance: 0.4 | NetInflow: 16.5 | NetOutflow: 16 | NetOverflow: 0 | State: Active
2025-01-27 01:42:47 - Resonance: 0.4 | NetInflow: 16.5 | NetOutflow: 16 | NetOverflow: 0 | State: Active
2025-01-27 01:42:47 - Resonance: 0.4 | NetInflow: 16.5 | NetOutflow: 16 | NetOverflow: 0 | State: Active
2025-01-27 01:42:47 - Resonance: 0.4 | NetInflow: 16.5 | NetOutflow: 16 | NetOverflow: 0 | State: Active
2025-01-27 01:42:47 - Resonance: 0.5 | NetInflow: 16.5 | NetOutflow: 16 | NetOverflow: 0 | State: Active
2025-01-27 01:42:47 - Resonance: 0.5 | NetInflow: 16.5 | NetOutflow: 16 | NetOverflow: 0 | State: Active
2025-01-27 01:42:47 - Resonance: 0.5 | NetInflow: 16.5 | NetOutflow: 16 | NetOverflow: 0 | State: Active
2025-01-27 01:42:47 - Resonance: 0.5 | NetInflow: 16.5 | NetOutflow: 16 | NetOverflow: 0 | State: Active
2025-01-27 01:42:47 - Resonance: 0.5 | NetInflow: 16.5 | NetOutflow: 16 | NetOverflow: 0 | State: Active
2025-01-27 01:42:47 - Resonance: 0.5 | NetInflow: 16.5 | NetOutflow: 16 | NetOverflow: 0 | State: Active
2025-01-27 01:42:47 - Resonance: 0.5 | NetInflow: 16.5 | NetOutflow: 16 | NetOverflow: 0 | State: Active
2025-01-27 01:42:47 - Resonance: 0.5 | NetInflow: 16.5 | NetOutflow: 16 | NetOverflow: 0 | State: Active
2025-01-27 01:42:47 - Resonance: 0.5 | NetInflow: 16.5 | NetOutflow: 16 | NetOverflow: 0 | State: Active
2025-01-27 01:42:47 - Resonance: 0.5 | NetInflow: 16.5 | NetOutflow: 16 | NetOverflow: 0 | State: Active
2025-01-27 01:42:47 - Resonance: 0.6 | NetInflow: 16.5 | NetOutflow: 16 | NetOverflow: 0 | State: Active
2025-01-27 01:42:47 - Resonance: 0.6 | NetInflow: 16.5 | NetOutflow: 16 | NetOverflow: 0 | State: Active
2025-01-27 01:42:47 - Resonance: 0.6 | NetInflow: 16.5 | NetOutflow: 16 | NetOverflow: 0 | State: Active
2025-01-27 01:42:47 - Resonance: 0.6 | NetInflow: 16.5 | NetOutflow: 16 | NetOverflow: 0 | State: Active
2025-01-27 01:42:47 - Resonance: 0.6 | NetInflow: 16.5 | NetOutflow: 16 | NetOverflow: 0 | State: Active
2025-01-27 01:42:47 - Resonance: 0.6 | NetInflow: 16.5 | NetOutflow: 16 | NetOverflow: 0 | State: Active
2025-01-27 01:42:47 - Resonance: 0.6 | NetInflow: 16.5 | NetOutflow: 16 | NetOverflow: 0 | State: Active
2025-01-27 01:42:47 - Resonance: 0.6 | NetInflow: 16.5 | NetOutflow: 16 | NetOverflow: 0 | State: Active
2025-01-27 01:42:47 - Resonance: 0.6 | NetInflow: 16.5 | NetOutflow: 16 | NetOverflow: 0 | State: Active
2025-01-27 01:42:47 - Resonance: 0.6 | NetInflow: 16.5 | NetOutflow: 16 | NetOverflow: 0 | State: Active
2025-01-27 01:42:47 - Resonance: 0.7 | NetInflow: 16.5 | NetOutflow: 16 | NetOverflow: 0 | State: Active
2025-01-27 01:42:47 -  - - - Adding pulse number 4 with midi index 61. - - -
2025-01-27 01:42:47 - Pulse Index: 0 | Midi Index: 48 | Intensity: 32 | Note Name: C3
2025-01-27 01:42:47 - Pulse Index: 1 | Midi Index: 61 | Intensity: 19 | Note Name: C#/Db4
2025-01-27 01:42:47 - Pulse Index: 2 | Midi Index: 82 | Intensity: 61 | Note Name: A#/Bb5
2025-01-27 01:42:47 - Pulse Index: 3 | Midi Index: 86 | Intensity: 36 | Note Name: D6
2025-01-27 01:42:47 - Pulse Index: 4 | Midi Index: 100 | Intensity: 34 | Note Name: E7
2025-01-27 01:42:47 - Pulse Index: 5 | Midi Index: 103 | Intensity: 42 | Note Name: G7
2025-01-27 01:42:47 - 
Logging Idyll Amount:

2025-01-27 01:42:47 - Resonance: 0.7 | NetInflow: 16 | NetOutflow: 16 | NetOverflow: 0 | State: Active
2025-01-27 01:42:47 - Resonance: 0.7 | NetInflow: 16 | NetOutflow: 16 | NetOverflow: 0 | State: Active
2025-01-27 01:42:47 - Resonance: 0.7 | NetInflow: 16 | NetOutflow: 16 | NetOverflow: 0 | State: Active
2025-01-27 01:42:47 - Resonance: 0.7 | NetInflow: 16 | NetOutflow: 16 | NetOverflow: 0 | State: Active
2025-01-27 01:42:47 - Resonance: 0.7 | NetInflow: 16 | NetOutflow: 16 | NetOverflow: 0 | State: Active
2025-01-27 01:42:47 - Resonance: 0.7 | NetInflow: 16 | NetOutflow: 16 | NetOverflow: 0 | State: Active
2025-01-27 01:42:47 - Resonance: 0.7 | NetInflow: 16 | NetOutflow: 16 | NetOverflow: 0 | State: Active
2025-01-27 01:42:47 - Resonance: 0.7 | NetInflow: 16 | NetOutflow: 16 | NetOverflow: 0 | State: Active
2025-01-27 01:42:47 - Resonance: 0.7 | NetInflow: 16 | NetOutflow: 16 | NetOverflow: 0 | State: Active
2025-01-27 01:42:47 - Resonance: 0.7 | NetInflow: 16 | NetOutflow: 16 | NetOverflow: 0 | State: Active
2025-01-27 01:42:47 - Resonance: 0.7 | NetInflow: 16 | NetOutflow: 16 | NetOverflow: 0 | State: Active
2025-01-27 01:42:47 - Resonance: 0.7 | NetInflow: 16 | NetOutflow: 16 | NetOverflow: 0 | State: Active
2025-01-27 01:42:47 - Resonance: 0.7 | NetInflow: 16 | NetOutflow: 16 | NetOverflow: 0 | State: Active
2025-01-27 01:42:47 - Resonance: 0.7 | NetInflow: 16 | NetOutflow: 16 | NetOverflow: 0 | State: Active
2025-01-27 01:42:47 - Resonance: 0.7 | NetInflow: 16 | NetOutflow: 16 | NetOverflow: 0 | State: Active
2025-01-27 01:42:47 - Resonance: 0.7 | NetInflow: 16 | NetOutflow: 16 | NetOverflow: 0 | State: Active
2025-01-27 01:42:47 - Resonance: 0.7 | NetInflow: 16 | NetOutflow: 16 | NetOverflow: 0 | State: Active
2025-01-27 01:42:47 - Resonance: 0.7 | NetInflow: 16 | NetOutflow: 16 | NetOverflow: 0 | State: Active
2025-01-27 01:42:47 - Resonance: 0.7 | NetInflow: 16 | NetOutflow: 16 | NetOverflow: 0 | State: Active
2025-01-27 01:42:47 - Resonance: 0.7 | NetInflow: 16 | NetOutflow: 16 | NetOverflow: 0 | State: Active
2025-01-27 01:42:47 - Resonance: 0.7 | NetInflow: 16 | NetOutflow: 16 | NetOverflow: 0 | State: Active
2025-01-27 01:42:47 - Resonance: 0.7 | NetInflow: 16 | NetOutflow: 16 | NetOverflow: 0 | State: Active
2025-01-27 01:42:47 - Resonance: 0.7 | NetInflow: 16 | NetOutflow: 16 | NetOverflow: 0 | State: Active
2025-01-27 01:42:47 - Resonance: 0.7 | NetInflow: 16 | NetOutflow: 16 | NetOverflow: 0 | State: Active
2025-01-27 01:42:47 - Resonance: 0.7 | NetInflow: 16 | NetOutflow: 16 | NetOverflow: 0 | State: Active
2025-01-27 01:42:47 - Resonance: 0.7 | NetInflow: 16 | NetOutflow: 16 | NetOverflow: 0 | State: Active
2025-01-27 01:42:47 - Resonance: 0.7 | NetInflow: 16 | NetOutflow: 16 | NetOverflow: 0 | State: Active
2025-01-27 01:42:47 - Resonance: 0.7 | NetInflow: 16 | NetOutflow: 16 | NetOverflow: 0 | State: Active
2025-01-27 01:42:47 - Resonance: 0.7 | NetInflow: 16 | NetOutflow: 16 | NetOverflow: 0 | State: Active
2025-01-27 01:42:47 - Resonance: 0.7 | NetInflow: 16 | NetOutflow: 16 | NetOverflow: 0 | State: Active
2025-01-27 01:42:47 - Resonance: 0.7 | NetInflow: 16 | NetOutflow: 16 | NetOverflow: 0 | State: Active
2025-01-27 01:42:47 - Resonance: 0.7 | NetInflow: 16 | NetOutflow: 16 | NetOverflow: 0 | State: Active
2025-01-27 01:42:47 - Resonance: 0.7 | NetInflow: 16 | NetOutflow: 16 | NetOverflow: 0 | State: Active
2025-01-27 01:42:47 - Resonance: 0.7 | NetInflow: 16 | NetOutflow: 16 | NetOverflow: 0 | State: Active
2025-01-27 01:42:47 - Resonance: 0.7 | NetInflow: 16 | NetOutflow: 16 | NetOverflow: 0 | State: Active
2025-01-27 01:42:47 - Resonance: 0.7 | NetInflow: 16 | NetOutflow: 16 | NetOverflow: 0 | State: Active
2025-01-27 01:42:47 - Resonance: 0.7 | NetInflow: 16 | NetOutflow: 16 | NetOverflow: 0 | State: Active
2025-01-27 01:42:47 - Resonance: 0.7 | NetInflow: 16 | NetOutflow: 16 | NetOverflow: 0 | State: Active
2025-01-27 01:42:47 - Resonance: 0.7 | NetInflow: 16 | NetOutflow: 16 | NetOverflow: 0 | State: Active
2025-01-27 01:42:47 - Resonance: 0.7 | NetInflow: 16 | NetOutflow: 16 | NetOverflow: 0 | State: Active
2025-01-27 01:42:47 - Resonance: 0.7 | NetInflow: 16 | NetOutflow: 16 | NetOverflow: 0 | State: Active
2025-01-27 01:42:47 - Resonance: 0.7 | NetInflow: 16 | NetOutflow: 16 | NetOverflow: 0 | State: Active
2025-01-27 01:42:47 - Resonance: 0.7 | NetInflow: 16 | NetOutflow: 16 | NetOverflow: 0 | State: Active
2025-01-27 01:42:47 - Resonance: 0.7 | NetInflow: 16 | NetOutflow: 16 | NetOverflow: 0 | State: Active
2025-01-27 01:42:47 - Resonance: 0.7 | NetInflow: 16 | NetOutflow: 16 | NetOverflow: 0 | State: Active
2025-01-27 01:42:47 - Resonance: 0.7 | NetInflow: 16 | NetOutflow: 16 | NetOverflow: 0 | State: Active
2025-01-27 01:42:47 - Resonance: 0.7 | NetInflow: 16 | NetOutflow: 16 | NetOverflow: 0 | State: Active
2025-01-27 01:42:47 - Resonance: 0.7 | NetInflow: 16 | NetOutflow: 16 | NetOverflow: 0 | State: Active
2025-01-27 01:42:47 - Resonance: 0.7 | NetInflow: 16 | NetOutflow: 16 | NetOverflow: 0 | State: Active
2025-01-27 01:42:47 - Resonance: 0.7 | NetInflow: 16 | NetOutflow: 16 | NetOverflow: 0 | State: Active
2025-01-27 01:42:47 - Pulse Index: 0 | Midi Index: 48 | Intensity: 32 | Note Name: C3
2025-01-27 01:42:47 - Pulse Index: 1 | Midi Index: 61 | Intensity: 19 | Note Name: C#/Db4
2025-01-27 01:42:47 - Pulse Index: 2 | Midi Index: 82 | Intensity: 61 | Note Name: A#/Bb5
2025-01-27 01:42:47 - Pulse Index: 3 | Midi Index: 86 | Intensity: 36 | Note Name: D6
2025-01-27 01:42:47 - Pulse Index: 4 | Midi Index: 100 | Intensity: 34 | Note Name: E7
2025-01-27 01:42:47 - Pulse Index: 5 | Midi Index: 103 | Intensity: 42 | Note Name: G7
