2025-01-25 04:09:22 - Debugger session started.
2025-01-25 04:09:22 - BasilMuguet Test_1 started
2025-01-25 04:09:22 -  - - - Adding pulse number 0 with midi index 82. - - -
2025-01-25 04:09:22 -  - - - Adding pulse number 1 with midi index 102. - - -
2025-01-25 04:09:22 -  - - - Adding pulse number 2 with midi index 65. - - -
2025-01-25 04:09:22 -  - - - Adding pulse number 3 with midi index 105. - - -
2025-01-25 04:09:22 -  - - - Adding pulse number 4 with midi index 120. - - -
2025-01-25 04:09:22 - Pulse Index: 0 | Midi Index: 48 | Intensity: 32 | Note Name: C3
2025-01-25 04:09:22 - Pulse Index: 1 | Midi Index: 65 | Intensity: 28 | Note Name: F4
2025-01-25 04:09:22 - Pulse Index: 2 | Midi Index: 82 | Intensity: 56 | Note Name: A#/Bb5
2025-01-25 04:09:22 - Pulse Index: 3 | Midi Index: 102 | Intensity: 47 | Note Name: F#/Gb7
2025-01-25 04:09:22 - Pulse Index: 4 | Midi Index: 105 | Intensity: 17 | Note Name: A7
2025-01-25 04:09:22 - Pulse Index: 5 | Midi Index: 120 | Intensity: 47 | Note Name: C9
2025-01-25 04:09:22 - NaN Check: False 1
2025-01-25 04:09:22 - NaN Check: False 2
2025-01-25 04:09:22 - LinkNode: 2.5 <- 15 / 6
2025-01-25 04:09:22 - NaN Check: False 1
2025-01-25 04:09:22 - NaN Check: False 2
2025-01-25 04:09:22 - LinkNode: 2.5 <- 15 / 6
2025-01-25 04:09:22 - 
Logging Idyll Amount:

2025-01-25 04:09:22 - NaN Check: False 1
2025-01-25 04:09:22 - NaN Check: False 2
2025-01-25 04:09:22 - LinkNode: 2.5 <- 15 / 6
2025-01-25 04:09:22 - Resonance: 0.9 | NetInflow: 16.8 | NetOutflow: 16 | NetOverflow: 0 | State: Active
2025-01-25 04:09:22 - NaN Check: False 1
2025-01-25 04:09:22 - NaN Check: False 2
2025-01-25 04:09:22 - LinkNode: 2.5 <- 15 / 6
2025-01-25 04:09:22 - Resonance: 0.9 | NetInflow: 16.8 | NetOutflow: 16 | NetOverflow: 0 | State: Active
2025-01-25 04:09:22 - NaN Check: False 1
2025-01-25 04:09:22 - NaN Check: False 2
2025-01-25 04:09:22 - LinkNode: 2.5 <- 15 / 6
2025-01-25 04:09:22 - Resonance: 0.9 | NetInflow: 16.8 | NetOutflow: 16 | NetOverflow: 0 | State: Active
2025-01-25 04:09:22 - NaN Check: False 1
2025-01-25 04:09:22 - NaN Check: False 2
2025-01-25 04:09:22 - LinkNode: 2.5 <- 15 / 6
2025-01-25 04:09:22 - Resonance: 0.9 | NetInflow: 16.8 | NetOutflow: 16 | NetOverflow: 0 | State: Active
2025-01-25 04:09:22 - NaN Check: False 1
2025-01-25 04:09:22 - NaN Check: False 2
2025-01-25 04:09:22 - LinkNode: 2.5 <- 15 / 6
2025-01-25 04:09:22 - Resonance: 1 | NetInflow: 16.8 | NetOutflow: 16 | NetOverflow: 0 | State: Active
2025-01-25 04:09:22 - NaN Check: False 1
2025-01-25 04:09:22 - NaN Check: False 2
2025-01-25 04:09:22 - LinkNode: 2.5 <- 15 / 6
2025-01-25 04:09:22 - Resonance: 1 | NetInflow: 16.8 | NetOutflow: 16 | NetOverflow: 0 | State: Active
2025-01-25 04:09:22 - NaN Check: False 1
2025-01-25 04:09:22 - NaN Check: False 2
2025-01-25 04:09:22 - LinkNode: 2.5 <- 15 / 6
2025-01-25 04:09:22 - Resonance: 1 | NetInflow: 16.8 | NetOutflow: 16 | NetOverflow: 0 | State: Active
2025-01-25 04:09:22 - NaN Check: False 1
2025-01-25 04:09:22 - NaN Check: False 2
2025-01-25 04:09:22 - LinkNode: 2.5 <- 15 / 6
2025-01-25 04:09:22 - Resonance: 1 | NetInflow: 16.8 | NetOutflow: 16 | NetOverflow: 0 | State: Active
2025-01-25 04:09:22 - NaN Check: False 1
2025-01-25 04:09:22 - NaN Check: False 2
2025-01-25 04:09:22 - LinkNode: 2.5 <- 15 / 6
2025-01-25 04:09:22 - Resonance: 1 | NetInflow: 16.8 | NetOutflow: 16 | NetOverflow: 0 | State: Active
2025-01-25 04:09:22 - NaN Check: False 1
2025-01-25 04:09:22 - NaN Check: False 2
2025-01-25 04:09:22 - LinkNode: 2.5 <- 15 / 6
2025-01-25 04:09:22 - Resonance: 1 | NetInflow: 16.8 | NetOutflow: 16 | NetOverflow: 0 | State: Active
2025-01-25 04:09:22 - NaN Check: False 1
2025-01-25 04:09:22 - NaN Check: False 2
2025-01-25 04:09:22 - LinkNode: 2.5 <- 15 / 6
2025-01-25 04:09:22 - Resonance: 1.1 | NetInflow: 16.8 | NetOutflow: 16 | NetOverflow: 0 | State: Active
2025-01-25 04:09:22 - NaN Check: False 1
2025-01-25 04:09:22 - NaN Check: False 2
2025-01-25 04:09:22 - LinkNode: 2.5 <- 15 / 6
2025-01-25 04:09:22 - Resonance: 1.1 | NetInflow: 16.8 | NetOutflow: 16 | NetOverflow: 0 | State: Active
2025-01-25 04:09:22 - NaN Check: False 1
2025-01-25 04:09:22 - NaN Check: False 2
2025-01-25 04:09:22 - LinkNode: 2.5 <- 15 / 6
2025-01-25 04:09:22 - Resonance: 1.1 | NetInflow: 16.8 | NetOutflow: 16 | NetOverflow: 0 | State: Active
2025-01-25 04:09:22 - NaN Check: False 1
2025-01-25 04:09:22 - NaN Check: False 2
2025-01-25 04:09:22 - LinkNode: 2.5 <- 15 / 6
2025-01-25 04:09:22 - Resonance: 1.1 | NetInflow: 16.8 | NetOutflow: 16 | NetOverflow: 0 | State: Active
2025-01-25 04:09:22 - NaN Check: False 1
2025-01-25 04:09:22 - NaN Check: False 2
2025-01-25 04:09:22 - LinkNode: 2.5 <- 15 / 6
2025-01-25 04:09:22 - Resonance: 1.1 | NetInflow: 16.8 | NetOutflow: 16 | NetOverflow: 0 | State: Active
2025-01-25 04:09:22 - NaN Check: False 1
2025-01-25 04:09:22 - NaN Check: False 2
2025-01-25 04:09:22 - LinkNode: 2.5 <- 15 / 6
2025-01-25 04:09:22 - Resonance: 1.1 | NetInflow: 16.8 | NetOutflow: 16 | NetOverflow: 0 | State: Active
2025-01-25 04:09:22 - NaN Check: False 1
2025-01-25 04:09:22 - NaN Check: False 2
2025-01-25 04:09:22 - LinkNode: 2.5 <- 15 / 6
2025-01-25 04:09:22 - Resonance: 1.2 | NetInflow: 16.8 | NetOutflow: 16 | NetOverflow: 0 | State: Active
2025-01-25 04:09:22 - NaN Check: False 1
2025-01-25 04:09:22 - NaN Check: False 2
2025-01-25 04:09:22 - LinkNode: 2.5 <- 15 / 6
2025-01-25 04:09:22 - Resonance: 1.2 | NetInflow: 16.8 | NetOutflow: 16 | NetOverflow: 0 | State: Active
2025-01-25 04:09:22 - NaN Check: False 1
2025-01-25 04:09:22 - NaN Check: False 2
2025-01-25 04:09:22 - LinkNode: 2.5 <- 15 / 6
2025-01-25 04:09:22 - Resonance: 1.2 | NetInflow: 16.8 | NetOutflow: 16 | NetOverflow: 0 | State: Active
2025-01-25 04:09:22 - NaN Check: False 1
2025-01-25 04:09:22 - NaN Check: False 2
2025-01-25 04:09:22 - LinkNode: 2.5 <- 15 / 6
2025-01-25 04:09:22 - Resonance: 1.2 | NetInflow: 16.8 | NetOutflow: 16 | NetOverflow: 0 | State: Active
2025-01-25 04:09:22 - NaN Check: False 1
2025-01-25 04:09:22 - NaN Check: False 2
2025-01-25 04:09:22 - LinkNode: 2.5 <- 15 / 6
2025-01-25 04:09:22 - Resonance: 1.2 | NetInflow: 16.8 | NetOutflow: 16 | NetOverflow: 0 | State: Active
2025-01-25 04:09:22 - NaN Check: False 1
2025-01-25 04:09:22 - NaN Check: False 2
2025-01-25 04:09:22 - LinkNode: 2.5 <- 15 / 6
2025-01-25 04:09:22 - Resonance: 1.2 | NetInflow: 16.8 | NetOutflow: 16 | NetOverflow: 0 | State: Active
2025-01-25 04:09:22 - NaN Check: False 1
2025-01-25 04:09:22 - NaN Check: False 2
2025-01-25 04:09:22 - LinkNode: 2.5 <- 15 / 6
2025-01-25 04:09:22 - Resonance: 1.2 | NetInflow: 16.8 | NetOutflow: 16 | NetOverflow: 0 | State: Active
2025-01-25 04:09:22 - NaN Check: False 1
2025-01-25 04:09:22 - NaN Check: False 2
2025-01-25 04:09:22 - LinkNode: 2.5 <- 15 / 6
2025-01-25 04:09:22 - Resonance: 1.3 | NetInflow: 16.8 | NetOutflow: 16 | NetOverflow: 0 | State: Active
2025-01-25 04:09:22 - NaN Check: False 1
2025-01-25 04:09:22 - NaN Check: False 2
2025-01-25 04:09:22 - LinkNode: 2.5 <- 15 / 6
2025-01-25 04:09:22 - Resonance: 1.3 | NetInflow: 16.8 | NetOutflow: 16 | NetOverflow: 0 | State: Active
2025-01-25 04:09:22 - NaN Check: False 1
2025-01-25 04:09:22 - NaN Check: False 2
2025-01-25 04:09:22 - LinkNode: 2.5 <- 15 / 6
2025-01-25 04:09:22 - Resonance: 1.3 | NetInflow: 16.8 | NetOutflow: 16 | NetOverflow: 0 | State: Active
2025-01-25 04:09:22 - NaN Check: False 1
2025-01-25 04:09:22 - NaN Check: False 2
2025-01-25 04:09:22 - LinkNode: 2.5 <- 15 / 6
2025-01-25 04:09:22 - Resonance: 1.3 | NetInflow: 16.8 | NetOutflow: 16 | NetOverflow: 0 | State: Active
2025-01-25 04:09:22 - NaN Check: False 1
2025-01-25 04:09:22 - NaN Check: False 2
2025-01-25 04:09:22 - LinkNode: 2.5 <- 15 / 6
2025-01-25 04:09:22 - Resonance: 1.3 | NetInflow: 16.8 | NetOutflow: 16 | NetOverflow: 0 | State: Active
2025-01-25 04:09:22 - NaN Check: False 1
2025-01-25 04:09:22 - NaN Check: False 2
2025-01-25 04:09:22 - LinkNode: 2.5 <- 15 / 6
2025-01-25 04:09:22 - Resonance: 1.3 | NetInflow: 16.8 | NetOutflow: 16 | NetOverflow: 0 | State: Active
2025-01-25 04:09:22 - NaN Check: False 1
2025-01-25 04:09:22 - NaN Check: False 2
2025-01-25 04:09:22 - LinkNode: 2.5 <- 15 / 6
2025-01-25 04:09:22 - Resonance: 1.4 | NetInflow: 16.8 | NetOutflow: 16 | NetOverflow: 0 | State: Active
2025-01-25 04:09:22 - NaN Check: False 1
2025-01-25 04:09:22 - NaN Check: False 2
2025-01-25 04:09:22 - LinkNode: 2.5 <- 15 / 6
2025-01-25 04:09:22 - Resonance: 1.4 | NetInflow: 16.8 | NetOutflow: 16 | NetOverflow: 0 | State: Active
2025-01-25 04:09:22 - NaN Check: False 1
2025-01-25 04:09:22 - NaN Check: False 2
2025-01-25 04:09:22 - LinkNode: 2.5 <- 15 / 6
2025-01-25 04:09:22 - Resonance: 1.4 | NetInflow: 16.8 | NetOutflow: 16 | NetOverflow: 0 | State: Active
2025-01-25 04:09:22 - NaN Check: False 1
2025-01-25 04:09:22 - NaN Check: False 2
2025-01-25 04:09:22 - LinkNode: 2.5 <- 15 / 6
2025-01-25 04:09:22 - Resonance: 1.4 | NetInflow: 16.8 | NetOutflow: 16 | NetOverflow: 0 | State: Active
2025-01-25 04:09:22 - NaN Check: False 1
2025-01-25 04:09:22 - NaN Check: False 2
2025-01-25 04:09:22 - LinkNode: 2.5 <- 15 / 6
2025-01-25 04:09:22 - Resonance: 1.4 | NetInflow: 16.8 | NetOutflow: 16 | NetOverflow: 0 | State: Active
2025-01-25 04:09:22 - NaN Check: False 1
2025-01-25 04:09:22 - NaN Check: False 2
2025-01-25 04:09:23 - LinkNode: 2.5 <- 15 / 6
2025-01-25 04:09:23 - Resonance: 1.4 | NetInflow: 16.8 | NetOutflow: 16 | NetOverflow: 0 | State: Active
2025-01-25 04:09:23 - NaN Check: False 1
2025-01-25 04:09:23 - NaN Check: False 2
2025-01-25 04:09:23 - LinkNode: 2.5 <- 15 / 6
2025-01-25 04:09:23 - Resonance: 1.5 | NetInflow: 16.8 | NetOutflow: 16 | NetOverflow: 0 | State: Active
2025-01-25 04:09:23 - NaN Check: False 1
2025-01-25 04:09:23 - NaN Check: False 2
2025-01-25 04:09:23 - LinkNode: 2.5 <- 15 / 6
2025-01-25 04:09:23 - Resonance: 1.5 | NetInflow: 16.8 | NetOutflow: 16 | NetOverflow: 0 | State: Active
2025-01-25 04:09:23 - NaN Check: False 1
2025-01-25 04:09:23 - NaN Check: False 2
2025-01-25 04:09:23 - LinkNode: 2.5 <- 15 / 6
2025-01-25 04:09:23 - Resonance: 1.5 | NetInflow: 16.8 | NetOutflow: 16 | NetOverflow: 0 | State: Active
2025-01-25 04:09:23 - NaN Check: False 1
2025-01-25 04:09:23 - NaN Check: False 2
2025-01-25 04:09:23 - LinkNode: 2.5 <- 15 / 6
2025-01-25 04:09:23 - Resonance: 1.5 | NetInflow: 16.8 | NetOutflow: 16 | NetOverflow: 0 | State: Active
2025-01-25 04:09:23 - NaN Check: False 1
2025-01-25 04:09:23 - NaN Check: False 2
2025-01-25 04:09:23 - LinkNode: 2.5 <- 15 / 6
2025-01-25 04:09:23 - Resonance: 1.5 | NetInflow: 16.8 | NetOutflow: 16 | NetOverflow: 0 | State: Active
2025-01-25 04:09:23 - NaN Check: False 1
2025-01-25 04:09:23 - NaN Check: False 2
2025-01-25 04:09:23 - LinkNode: 2.5 <- 15 / 6
2025-01-25 04:09:23 - Resonance: 1.5 | NetInflow: 16.8 | NetOutflow: 16 | NetOverflow: 0 | State: Active
2025-01-25 04:09:23 - NaN Check: False 1
2025-01-25 04:09:23 - NaN Check: False 2
2025-01-25 04:09:23 - LinkNode: 2.5 <- 15 / 6
2025-01-25 04:09:23 - Resonance: 1.6 | NetInflow: 16.8 | NetOutflow: 16 | NetOverflow: 0 | State: Active
2025-01-25 04:09:23 - NaN Check: False 1
2025-01-25 04:09:23 - NaN Check: False 2
2025-01-25 04:09:23 - LinkNode: 2.5 <- 15 / 6
2025-01-25 04:09:23 - Resonance: 1.6 | NetInflow: 16.8 | NetOutflow: 16 | NetOverflow: 0 | State: Active
2025-01-25 04:09:23 - NaN Check: False 1
2025-01-25 04:09:23 - NaN Check: False 2
2025-01-25 04:09:23 - LinkNode: 2.5 <- 15 / 6
2025-01-25 04:09:23 - Resonance: 1.6 | NetInflow: 16.8 | NetOutflow: 16 | NetOverflow: 0 | State: Active
2025-01-25 04:09:23 - NaN Check: False 1
2025-01-25 04:09:23 - NaN Check: False 2
2025-01-25 04:09:23 - LinkNode: 2.5 <- 15 / 6
2025-01-25 04:09:23 - Resonance: 1.6 | NetInflow: 16.8 | NetOutflow: 16 | NetOverflow: 0 | State: Active
2025-01-25 04:09:23 - NaN Check: False 1
2025-01-25 04:09:23 - NaN Check: False 2
2025-01-25 04:09:23 - LinkNode: 2.5 <- 15 / 6
2025-01-25 04:09:23 - Resonance: 1.6 | NetInflow: 16.8 | NetOutflow: 16 | NetOverflow: 0 | State: Active
2025-01-25 04:09:23 - NaN Check: False 1
2025-01-25 04:09:23 - NaN Check: False 2
2025-01-25 04:09:23 - LinkNode: 2.5 <- 15 / 6
2025-01-25 04:09:23 - Resonance: 1.6 | NetInflow: 16.8 | NetOutflow: 16 | NetOverflow: 0 | State: Active
2025-01-25 04:09:23 - NaN Check: False 1
2025-01-25 04:09:23 - NaN Check: False 2
2025-01-25 04:09:23 - LinkNode: 2.5 <- 15 / 6
2025-01-25 04:09:23 - Resonance: 1.6 | NetInflow: 16.8 | NetOutflow: 16 | NetOverflow: 0 | State: Active
2025-01-25 04:09:23 - NaN Check: False 1
2025-01-25 04:09:23 - NaN Check: False 2
2025-01-25 04:09:23 - LinkNode: 2.5 <- 15 / 6
2025-01-25 04:09:23 - Resonance: 1.7 | NetInflow: 16.8 | NetOutflow: 16 | NetOverflow: 0 | State: Active
2025-01-25 04:09:23 - NaN Check: False 1
2025-01-25 04:09:23 - NaN Check: False 2
2025-01-25 04:09:23 - LinkNode: 2.5 <- 15 / 6
2025-01-25 04:09:23 - Resonance: 1.7 | NetInflow: 16.8 | NetOutflow: 16 | NetOverflow: 0 | State: Active
2025-01-25 04:09:23 - NaN Check: False 1
2025-01-25 04:09:23 - NaN Check: False 2
2025-01-25 04:09:23 - LinkNode: 2.5 <- 15 / 6
2025-01-25 04:09:23 - Resonance: 1.7 | NetInflow: 16.8 | NetOutflow: 16 | NetOverflow: 0 | State: Active
2025-01-25 04:09:23 - NaN Check: False 1
2025-01-25 04:09:23 - NaN Check: False 2
2025-01-25 04:09:23 - LinkNode: 2.5 <- 15 / 6
2025-01-25 04:09:23 - Resonance: 1.7 | NetInflow: 16.8 | NetOutflow: 16 | NetOverflow: 0 | State: Active
2025-01-25 04:09:23 - NaN Check: False 1
2025-01-25 04:09:23 - NaN Check: False 2
2025-01-25 04:09:23 - LinkNode: 2.5 <- 15 / 6
2025-01-25 04:09:23 - Resonance: 1.7 | NetInflow: 16.8 | NetOutflow: 16 | NetOverflow: 0 | State: Active
2025-01-25 04:09:23 - NaN Check: False 1
2025-01-25 04:09:23 - NaN Check: False 2
2025-01-25 04:09:23 - LinkNode: 2.5 <- 15 / 6
2025-01-25 04:09:23 - Resonance: 1.7 | NetInflow: 16.8 | NetOutflow: 16 | NetOverflow: 0 | State: Active
2025-01-25 04:09:23 - NaN Check: False 1
2025-01-25 04:09:23 - NaN Check: False 2
2025-01-25 04:09:23 - LinkNode: 2.5 <- 15 / 6
2025-01-25 04:09:23 - Resonance: 1.8 | NetInflow: 16.8 | NetOutflow: 16 | NetOverflow: 0 | State: Active
2025-01-25 04:09:23 - NaN Check: False 1
2025-01-25 04:09:23 - NaN Check: False 2
2025-01-25 04:09:23 - LinkNode: 2.5 <- 15 / 6
2025-01-25 04:09:23 - Resonance: 1.8 | NetInflow: 16.8 | NetOutflow: 16 | NetOverflow: 0 | State: Active
2025-01-25 04:09:23 - NaN Check: False 1
2025-01-25 04:09:23 - NaN Check: False 2
2025-01-25 04:09:23 - LinkNode: 2.5 <- 15 / 6
2025-01-25 04:09:23 - Resonance: 1.8 | NetInflow: 16.8 | NetOutflow: 16 | NetOverflow: 0 | State: Active
2025-01-25 04:09:23 - NaN Check: False 1
2025-01-25 04:09:23 - NaN Check: False 2
2025-01-25 04:09:23 - LinkNode: 2.5 <- 15 / 6
2025-01-25 04:09:23 - Resonance: 1.8 | NetInflow: 16.8 | NetOutflow: 16 | NetOverflow: 0 | State: Active
2025-01-25 04:09:23 - NaN Check: False 1
2025-01-25 04:09:23 - NaN Check: False 2
2025-01-25 04:09:23 - LinkNode: 2.5 <- 15 / 6
2025-01-25 04:09:23 - Resonance: 1.8 | NetInflow: 16.8 | NetOutflow: 16 | NetOverflow: 0 | State: Active
2025-01-25 04:09:23 - NaN Check: False 1
2025-01-25 04:09:23 - NaN Check: False 2
2025-01-25 04:09:23 - LinkNode: 2.5 <- 15 / 6
2025-01-25 04:09:23 - Resonance: 1.8 | NetInflow: 16.8 | NetOutflow: 16 | NetOverflow: 0 | State: Active
2025-01-25 04:09:23 - NaN Check: False 1
2025-01-25 04:09:23 - NaN Check: False 2
2025-01-25 04:09:23 - LinkNode: 2.5 <- 15 / 6
2025-01-25 04:09:23 - Resonance: 1.9 | NetInflow: 16.8 | NetOutflow: 16 | NetOverflow: 0 | State: Active
2025-01-25 04:09:23 - NaN Check: False 1
2025-01-25 04:09:23 - NaN Check: False 2
2025-01-25 04:09:23 - LinkNode: 2.5 <- 15 / 6
2025-01-25 04:09:23 - Resonance: 1.9 | NetInflow: 16.8 | NetOutflow: 16 | NetOverflow: 0 | State: Active
2025-01-25 04:09:23 - NaN Check: False 1
2025-01-25 04:09:23 - NaN Check: False 2
2025-01-25 04:09:23 - LinkNode: 2.5 <- 15 / 6
2025-01-25 04:09:23 - Resonance: 1.9 | NetInflow: 16.8 | NetOutflow: 16 | NetOverflow: 0 | State: Active
2025-01-25 04:09:23 - NaN Check: False 1
2025-01-25 04:09:23 - NaN Check: False 2
2025-01-25 04:09:23 - LinkNode: 2.5 <- 15 / 6
2025-01-25 04:09:23 - Resonance: 1.9 | NetInflow: 16.8 | NetOutflow: 16 | NetOverflow: 0 | State: Active
2025-01-25 04:09:23 - NaN Check: False 1
2025-01-25 04:09:23 - NaN Check: False 2
2025-01-25 04:09:23 - LinkNode: 2.5 <- 15 / 6
2025-01-25 04:09:23 - Resonance: 1.9 | NetInflow: 16.8 | NetOutflow: 16 | NetOverflow: 0 | State: Active
2025-01-25 04:09:23 - NaN Check: False 1
2025-01-25 04:09:23 - NaN Check: False 2
2025-01-25 04:09:23 - LinkNode: 2.5 <- 15 / 6
2025-01-25 04:09:23 - Resonance: 1.9 | NetInflow: 16.8 | NetOutflow: 16 | NetOverflow: 0 | State: Active
2025-01-25 04:09:23 - NaN Check: False 1
2025-01-25 04:09:23 - NaN Check: False 2
2025-01-25 04:09:23 - LinkNode: 2.5 <- 15 / 6
2025-01-25 04:09:23 - Resonance: 2 | NetInflow: 16.8 | NetOutflow: 16 | NetOverflow: 0 | State: Active
2025-01-25 04:09:23 - NaN Check: False 1
2025-01-25 04:09:23 - NaN Check: False 2
2025-01-25 04:09:23 - LinkNode: 2.5 <- 15 / 6
2025-01-25 04:09:23 - Resonance: 2 | NetInflow: 16.8 | NetOutflow: 16 | NetOverflow: 0 | State: Active
2025-01-25 04:09:23 - NaN Check: False 1
2025-01-25 04:09:23 - NaN Check: False 2
2025-01-25 04:09:23 - LinkNode: 2.5 <- 15 / 6
2025-01-25 04:09:23 - Resonance: 2 | NetInflow: 16.8 | NetOutflow: 16 | NetOverflow: 0 | State: Active
2025-01-25 04:09:23 - NaN Check: False 1
2025-01-25 04:09:23 - NaN Check: False 2
2025-01-25 04:09:23 - LinkNode: 2.5 <- 15 / 6
2025-01-25 04:09:23 - Resonance: 2 | NetInflow: 16.8 | NetOutflow: 16 | NetOverflow: 0 | State: Active
2025-01-25 04:09:23 - NaN Check: False 1
2025-01-25 04:09:23 - NaN Check: False 2
2025-01-25 04:09:23 - LinkNode: 2.5 <- 15 / 6
2025-01-25 04:09:23 - Resonance: 2 | NetInflow: 16.8 | NetOutflow: 16 | NetOverflow: 0 | State: Active
2025-01-25 04:09:23 - NaN Check: False 1
2025-01-25 04:09:23 - NaN Check: False 2
2025-01-25 04:09:23 - LinkNode: 2.5 <- 15 / 6
2025-01-25 04:09:23 - Resonance: 2 | NetInflow: 16.8 | NetOutflow: 16 | NetOverflow: 0 | State: Active
2025-01-25 04:09:23 - NaN Check: False 1
2025-01-25 04:09:23 - NaN Check: False 2
2025-01-25 04:09:23 - LinkNode: 2.5 <- 15 / 6
2025-01-25 04:09:23 - Resonance: 2 | NetInflow: 16.8 | NetOutflow: 16 | NetOverflow: 0 | State: Active
2025-01-25 04:09:23 - NaN Check: False 1
2025-01-25 04:09:23 - NaN Check: False 2
2025-01-25 04:09:23 - LinkNode: 2.5 <- 15 / 6
2025-01-25 04:09:23 - Resonance: 2.1 | NetInflow: 16.8 | NetOutflow: 16 | NetOverflow: 0 | State: Active
2025-01-25 04:09:23 - NaN Check: False 1
2025-01-25 04:09:23 - NaN Check: False 2
2025-01-25 04:09:23 - LinkNode: 2.5 <- 15 / 6
2025-01-25 04:09:23 - Resonance: 2.1 | NetInflow: 16.8 | NetOutflow: 16 | NetOverflow: 0 | State: Active
2025-01-25 04:09:23 - NaN Check: False 1
2025-01-25 04:09:23 - NaN Check: False 2
2025-01-25 04:09:23 - LinkNode: 2.5 <- 15 / 6
2025-01-25 04:09:23 - Resonance: 2.1 | NetInflow: 16.8 | NetOutflow: 16 | NetOverflow: 0 | State: Active
2025-01-25 04:09:23 - NaN Check: False 1
2025-01-25 04:09:23 - NaN Check: False 2
2025-01-25 04:09:23 - LinkNode: 2.5 <- 15 / 6
2025-01-25 04:09:23 - Resonance: 2.1 | NetInflow: 16.8 | NetOutflow: 16 | NetOverflow: 0 | State: Active
2025-01-25 04:09:23 - NaN Check: False 1
2025-01-25 04:09:23 - NaN Check: False 2
2025-01-25 04:09:23 - LinkNode: 2.5 <- 15 / 6
2025-01-25 04:09:23 - Resonance: 2.1 | NetInflow: 16.8 | NetOutflow: 16 | NetOverflow: 0 | State: Active
2025-01-25 04:09:23 - NaN Check: False 1
2025-01-25 04:09:23 - NaN Check: False 2
2025-01-25 04:09:23 - LinkNode: 2.5 <- 15 / 6
2025-01-25 04:09:23 - Resonance: 2.1 | NetInflow: 16.8 | NetOutflow: 16 | NetOverflow: 0 | State: Active
2025-01-25 04:09:23 - NaN Check: False 1
2025-01-25 04:09:23 - NaN Check: False 2
2025-01-25 04:09:23 - LinkNode: 2.5 <- 15 / 6
2025-01-25 04:09:23 - Resonance: 2.2 | NetInflow: 16.8 | NetOutflow: 16 | NetOverflow: 0 | State: Active
2025-01-25 04:09:23 - NaN Check: False 1
2025-01-25 04:09:23 - NaN Check: False 2
2025-01-25 04:09:23 - LinkNode: 2.5 <- 15 / 6
2025-01-25 04:09:23 - Resonance: 2.2 | NetInflow: 16.8 | NetOutflow: 16 | NetOverflow: 0 | State: Active
2025-01-25 04:09:23 - NaN Check: False 1
2025-01-25 04:09:23 - NaN Check: False 2
2025-01-25 04:09:23 - LinkNode: 2.5 <- 15 / 6
2025-01-25 04:09:23 - Resonance: 2.2 | NetInflow: 16.8 | NetOutflow: 16 | NetOverflow: 0 | State: Active
2025-01-25 04:09:23 - NaN Check: False 1
2025-01-25 04:09:23 - NaN Check: False 2
2025-01-25 04:09:23 - LinkNode: 2.5 <- 15 / 6
2025-01-25 04:09:23 - Resonance: 2.2 | NetInflow: 16.8 | NetOutflow: 16 | NetOverflow: 0 | State: Active
2025-01-25 04:09:23 - NaN Check: False 1
2025-01-25 04:09:23 - NaN Check: False 2
2025-01-25 04:09:23 - LinkNode: 2.5 <- 15 / 6
2025-01-25 04:09:23 - Resonance: 2.2 | NetInflow: 16.8 | NetOutflow: 16 | NetOverflow: 0 | State: Active
2025-01-25 04:09:23 - NaN Check: False 1
2025-01-25 04:09:23 - NaN Check: False 2
2025-01-25 04:09:23 - LinkNode: 2.5 <- 15 / 6
2025-01-25 04:09:23 - Resonance: 2.2 | NetInflow: 16.8 | NetOutflow: 16 | NetOverflow: 0 | State: Active
2025-01-25 04:09:23 - NaN Check: False 1
2025-01-25 04:09:23 - NaN Check: False 2
2025-01-25 04:09:23 - LinkNode: 2.5 <- 15 / 6
2025-01-25 04:09:23 - Resonance: 2.3 | NetInflow: 16.8 | NetOutflow: 16 | NetOverflow: 0 | State: Active
2025-01-25 04:09:23 - NaN Check: False 1
2025-01-25 04:09:23 - NaN Check: False 2
2025-01-25 04:09:23 - LinkNode: 2.5 <- 15 / 6
2025-01-25 04:09:23 - Resonance: 2.3 | NetInflow: 16.8 | NetOutflow: 16 | NetOverflow: 0 | State: Active
2025-01-25 04:09:23 - NaN Check: False 1
2025-01-25 04:09:23 - NaN Check: False 2
2025-01-25 04:09:23 - LinkNode: 2.5 <- 15 / 6
2025-01-25 04:09:23 - Resonance: 2.3 | NetInflow: 16.8 | NetOutflow: 16 | NetOverflow: 0 | State: Active
2025-01-25 04:09:23 - NaN Check: False 1
2025-01-25 04:09:23 - NaN Check: False 2
2025-01-25 04:09:23 - LinkNode: 2.5 <- 15 / 6
2025-01-25 04:09:23 - Resonance: 2.3 | NetInflow: 16.8 | NetOutflow: 16 | NetOverflow: 0 | State: Active
2025-01-25 04:09:23 - NaN Check: False 1
2025-01-25 04:09:23 - NaN Check: False 2
2025-01-25 04:09:23 - LinkNode: 2.5 <- 15 / 6
2025-01-25 04:09:23 - Resonance: 2.3 | NetInflow: 16.8 | NetOutflow: 16 | NetOverflow: 0 | State: Active
2025-01-25 04:09:23 - NaN Check: False 1
2025-01-25 04:09:23 - NaN Check: False 2
2025-01-25 04:09:23 - LinkNode: 2.5 <- 15 / 6
2025-01-25 04:09:23 - Resonance: 2.3 | NetInflow: 16.8 | NetOutflow: 16 | NetOverflow: 0 | State: Active
2025-01-25 04:09:23 - NaN Check: False 1
2025-01-25 04:09:23 - NaN Check: False 2
2025-01-25 04:09:23 - LinkNode: 2.5 <- 15 / 6
2025-01-25 04:09:23 - Resonance: 2.4 | NetInflow: 16.8 | NetOutflow: 16 | NetOverflow: 0 | State: Active
2025-01-25 04:09:23 - NaN Check: False 1
2025-01-25 04:09:23 - NaN Check: False 2
2025-01-25 04:09:23 - LinkNode: 2.5 <- 15 / 6
2025-01-25 04:09:23 - Resonance: 2.4 | NetInflow: 16.8 | NetOutflow: 16 | NetOverflow: 0 | State: Active
2025-01-25 04:09:23 - NaN Check: False 1
2025-01-25 04:09:23 - NaN Check: False 2
2025-01-25 04:09:23 - LinkNode: 2.5 <- 15 / 6
2025-01-25 04:09:23 - Resonance: 2.4 | NetInflow: 16.8 | NetOutflow: 16 | NetOverflow: 0 | State: Active
2025-01-25 04:09:23 - NaN Check: False 1
2025-01-25 04:09:23 - NaN Check: False 2
2025-01-25 04:09:23 - LinkNode: 2.5 <- 15 / 6
2025-01-25 04:09:23 - Resonance: 2.4 | NetInflow: 16.8 | NetOutflow: 16 | NetOverflow: 0 | State: Active
2025-01-25 04:09:23 - NaN Check: False 1
2025-01-25 04:09:23 - NaN Check: False 2
2025-01-25 04:09:23 - LinkNode: 2.5 <- 15 / 6
2025-01-25 04:09:23 - Resonance: 2.4 | NetInflow: 16.8 | NetOutflow: 16 | NetOverflow: 0 | State: Active
2025-01-25 04:09:23 - NaN Check: False 1
2025-01-25 04:09:23 - NaN Check: False 2
2025-01-25 04:09:23 - LinkNode: 2.5 <- 15 / 6
2025-01-25 04:09:23 - Resonance: 2.4 | NetInflow: 16.8 | NetOutflow: 16 | NetOverflow: 0 | State: Active
2025-01-25 04:09:23 - NaN Check: False 1
2025-01-25 04:09:23 - NaN Check: False 2
2025-01-25 04:09:23 - LinkNode: 2.5 <- 15 / 6
2025-01-25 04:09:23 - Resonance: 2.4 | NetInflow: 16.8 | NetOutflow: 16 | NetOverflow: 0 | State: Active
2025-01-25 04:09:23 - NaN Check: False 1
2025-01-25 04:09:23 - NaN Check: False 2
2025-01-25 04:09:23 - LinkNode: 2.5 <- 15 / 6
2025-01-25 04:09:23 - Resonance: 2.5 | NetInflow: 16.8 | NetOutflow: 16 | NetOverflow: 0 | State: Active
2025-01-25 04:09:23 - NaN Check: False 1
2025-01-25 04:09:23 - NaN Check: False 2
2025-01-25 04:09:23 - LinkNode: 2.5 <- 15 / 6
2025-01-25 04:09:23 - Resonance: 2.5 | NetInflow: 16.8 | NetOutflow: 16 | NetOverflow: 0 | State: Active
2025-01-25 04:09:23 - NaN Check: False 1
2025-01-25 04:09:23 - NaN Check: False 2
2025-01-25 04:09:23 - LinkNode: 2.5 <- 15 / 6
2025-01-25 04:09:23 - Resonance: 2.5 | NetInflow: 16.8 | NetOutflow: 16 | NetOverflow: 0 | State: Active
2025-01-25 04:09:23 - NaN Check: False 1
2025-01-25 04:09:23 - NaN Check: False 2
2025-01-25 04:09:23 - LinkNode: 2.5 <- 15 / 6
2025-01-25 04:09:23 - Resonance: 2.5 | NetInflow: 16.8 | NetOutflow: 16 | NetOverflow: 0 | State: Active
2025-01-25 04:09:23 - NaN Check: False 1
2025-01-25 04:09:23 - NaN Check: False 2
2025-01-25 04:09:23 - LinkNode: 2.5 <- 15 / 6
2025-01-25 04:09:23 - Resonance: 2.5 | NetInflow: 16.8 | NetOutflow: 16 | NetOverflow: 0 | State: Active
2025-01-25 04:09:23 - NaN Check: False 1
2025-01-25 04:09:23 - NaN Check: False 2
2025-01-25 04:09:23 - LinkNode: 2.5 <- 15 / 6
2025-01-25 04:09:23 - Resonance: 2.5 | NetInflow: 16.8 | NetOutflow: 16 | NetOverflow: 0 | State: Active
2025-01-25 04:09:23 - NaN Check: False 1
2025-01-25 04:09:23 - NaN Check: False 2
2025-01-25 04:09:23 - LinkNode: 2.5 <- 15 / 6
2025-01-25 04:09:23 - Resonance: 2.6 | NetInflow: 16.8 | NetOutflow: 16 | NetOverflow: 0 | State: Active
2025-01-25 04:09:23 - NaN Check: False 1
2025-01-25 04:09:23 - NaN Check: False 2
2025-01-25 04:09:23 - LinkNode: 2.5 <- 15 / 6
2025-01-25 04:09:23 - Resonance: 2.6 | NetInflow: 16.8 | NetOutflow: 16 | NetOverflow: 0 | State: Active
2025-01-25 04:09:23 - NaN Check: False 1
2025-01-25 04:09:23 - NaN Check: False 2
2025-01-25 04:09:23 - LinkNode: 2.5 <- 15 / 6
2025-01-25 04:09:23 - Resonance: 2.6 | NetInflow: 16.8 | NetOutflow: 16 | NetOverflow: 0 | State: Active
2025-01-25 04:09:23 - NaN Check: False 1
2025-01-25 04:09:23 - NaN Check: False 2
2025-01-25 04:09:23 - LinkNode: 2.5 <- 15 / 6
2025-01-25 04:09:23 - Resonance: 2.6 | NetInflow: 16.8 | NetOutflow: 16 | NetOverflow: 0 | State: Active
2025-01-25 04:09:23 - NaN Check: False 1
2025-01-25 04:09:23 - NaN Check: False 2
2025-01-25 04:09:23 - LinkNode: 2.5 <- 15 / 6
2025-01-25 04:09:23 - Resonance: 2.6 | NetInflow: 16.8 | NetOutflow: 16 | NetOverflow: 0 | State: Active
2025-01-25 04:09:23 - NaN Check: False 1
2025-01-25 04:09:23 - NaN Check: False 2
2025-01-25 04:09:23 - LinkNode: 2.5 <- 15 / 6
2025-01-25 04:09:23 - Resonance: 2.6 | NetInflow: 16.8 | NetOutflow: 16 | NetOverflow: 0 | State: Active
2025-01-25 04:09:23 - NaN Check: False 1
2025-01-25 04:09:23 - NaN Check: False 2
2025-01-25 04:09:23 - LinkNode: 2.5 <- 15 / 6
2025-01-25 04:09:23 - Resonance: 2.7 | NetInflow: 16.8 | NetOutflow: 16 | NetOverflow: 0 | State: Active
2025-01-25 04:09:23 - NaN Check: False 1
2025-01-25 04:09:23 - NaN Check: False 2
2025-01-25 04:09:23 - LinkNode: 2.5 <- 15 / 6
2025-01-25 04:09:23 - Resonance: 2.7 | NetInflow: 16.8 | NetOutflow: 16 | NetOverflow: 0 | State: Active
2025-01-25 04:09:23 - NaN Check: False 1
2025-01-25 04:09:23 - NaN Check: False 2
2025-01-25 04:09:23 - LinkNode: 2.5 <- 15 / 6
2025-01-25 04:09:23 - Resonance: 2.7 | NetInflow: 16.8 | NetOutflow: 16 | NetOverflow: 0 | State: Active
2025-01-25 04:09:23 - NaN Check: False 1
2025-01-25 04:09:23 - NaN Check: False 2
2025-01-25 04:09:23 - LinkNode: 2.5 <- 15 / 6
2025-01-25 04:09:23 - Resonance: 2.7 | NetInflow: 16.8 | NetOutflow: 16 | NetOverflow: 0 | State: Active
2025-01-25 04:09:23 - NaN Check: False 1
2025-01-25 04:09:23 - NaN Check: False 2
2025-01-25 04:09:23 - LinkNode: 2.5 <- 15 / 6
2025-01-25 04:09:23 - Resonance: 2.7 | NetInflow: 16.8 | NetOutflow: 16 | NetOverflow: 0 | State: Active
2025-01-25 04:09:23 - NaN Check: False 1
2025-01-25 04:09:23 - NaN Check: False 2
2025-01-25 04:09:23 - LinkNode: 2.5 <- 15 / 6
2025-01-25 04:09:23 - Resonance: 2.7 | NetInflow: 16.8 | NetOutflow: 16 | NetOverflow: 0 | State: Active
2025-01-25 04:09:23 - NaN Check: False 1
2025-01-25 04:09:23 - NaN Check: False 2
2025-01-25 04:09:23 - LinkNode: 2.5 <- 15 / 6
2025-01-25 04:09:23 - Resonance: 2.8 | NetInflow: 16.8 | NetOutflow: 16 | NetOverflow: 0 | State: Active
2025-01-25 04:09:23 - NaN Check: False 1
2025-01-25 04:09:23 - NaN Check: False 2
2025-01-25 04:09:23 - LinkNode: 2.5 <- 15 / 6
2025-01-25 04:09:23 - Resonance: 2.8 | NetInflow: 16.8 | NetOutflow: 16 | NetOverflow: 0 | State: Active
2025-01-25 04:09:23 - NaN Check: False 1
2025-01-25 04:09:23 - NaN Check: False 2
2025-01-25 04:09:23 - LinkNode: 2.5 <- 15 / 6
2025-01-25 04:09:23 - Resonance: 2.8 | NetInflow: 16.8 | NetOutflow: 16 | NetOverflow: 0 | State: Active
2025-01-25 04:09:23 - NaN Check: False 1
2025-01-25 04:09:23 - NaN Check: False 2
2025-01-25 04:09:23 - LinkNode: 2.5 <- 15 / 6
2025-01-25 04:09:23 - Resonance: 2.8 | NetInflow: 16.8 | NetOutflow: 16 | NetOverflow: 0 | State: Active
2025-01-25 04:09:23 - NaN Check: False 1
2025-01-25 04:09:23 - NaN Check: False 2
2025-01-25 04:09:23 - LinkNode: 2.5 <- 15 / 6
2025-01-25 04:09:23 - Resonance: 2.8 | NetInflow: 16.8 | NetOutflow: 16 | NetOverflow: 0 | State: Active
2025-01-25 04:09:23 - NaN Check: False 1
2025-01-25 04:09:23 - NaN Check: False 2
2025-01-25 04:09:23 - LinkNode: 2.5 <- 15 / 6
2025-01-25 04:09:23 - Resonance: 2.8 | NetInflow: 16.8 | NetOutflow: 16 | NetOverflow: 0 | State: Active
2025-01-25 04:09:23 - NaN Check: False 1
2025-01-25 04:09:23 - NaN Check: False 2
2025-01-25 04:09:23 - LinkNode: 2.5 <- 15 / 6
2025-01-25 04:09:23 - Resonance: 2.8 | NetInflow: 16.8 | NetOutflow: 16 | NetOverflow: 0 | State: Active
2025-01-25 04:09:23 - NaN Check: False 1
2025-01-25 04:09:23 - NaN Check: False 2
2025-01-25 04:09:23 - LinkNode: 2.5 <- 15 / 6
2025-01-25 04:09:23 - Resonance: 2.9 | NetInflow: 16.8 | NetOutflow: 16 | NetOverflow: 0 | State: Active
2025-01-25 04:09:23 - NaN Check: False 1
2025-01-25 04:09:23 - NaN Check: False 2
2025-01-25 04:09:23 - LinkNode: 2.5 <- 15 / 6
2025-01-25 04:09:23 - Resonance: 2.9 | NetInflow: 16.8 | NetOutflow: 16 | NetOverflow: 0 | State: Active
2025-01-25 04:09:23 - NaN Check: False 1
2025-01-25 04:09:23 - NaN Check: False 2
2025-01-25 04:09:23 - LinkNode: 2.5 <- 15 / 6
2025-01-25 04:09:23 - Resonance: 2.9 | NetInflow: 16.8 | NetOutflow: 16 | NetOverflow: 0 | State: Active
2025-01-25 04:09:23 - NaN Check: False 1
2025-01-25 04:09:23 - NaN Check: False 2
2025-01-25 04:09:23 - LinkNode: 2.5 <- 15 / 6
2025-01-25 04:09:23 - Resonance: 2.9 | NetInflow: 16.8 | NetOutflow: 16 | NetOverflow: 0 | State: Active
2025-01-25 04:09:23 - NaN Check: False 1
2025-01-25 04:09:23 - NaN Check: False 2
2025-01-25 04:09:23 - LinkNode: 2.5 <- 15 / 6
2025-01-25 04:09:23 - Resonance: 2.9 | NetInflow: 16.8 | NetOutflow: 16 | NetOverflow: 0 | State: Active
2025-01-25 04:09:23 - NaN Check: False 1
2025-01-25 04:09:23 - NaN Check: False 2
2025-01-25 04:09:23 - LinkNode: 2.5 <- 15 / 6
2025-01-25 04:09:23 - Resonance: 2.9 | NetInflow: 16.8 | NetOutflow: 16 | NetOverflow: 0 | State: Active
2025-01-25 04:09:23 - NaN Check: False 1
2025-01-25 04:09:23 - NaN Check: False 2
2025-01-25 04:09:23 - LinkNode: 2.5 <- 15 / 6
2025-01-25 04:09:23 - Resonance: 3 | NetInflow: 16.8 | NetOutflow: 16 | NetOverflow: 0 | State: Active
2025-01-25 04:09:23 - NaN Check: False 1
2025-01-25 04:09:23 - NaN Check: False 2
2025-01-25 04:09:23 - LinkNode: 2.5 <- 15 / 6
2025-01-25 04:09:23 - Resonance: 3 | NetInflow: 16.8 | NetOutflow: 16 | NetOverflow: 0 | State: Active
2025-01-25 04:09:23 - NaN Check: False 1
2025-01-25 04:09:23 - NaN Check: False 2
2025-01-25 04:09:23 - LinkNode: 2.5 <- 15 / 6
2025-01-25 04:09:23 - Resonance: 3 | NetInflow: 16.8 | NetOutflow: 16 | NetOverflow: 0 | State: Active
2025-01-25 04:09:23 - NaN Check: False 1
2025-01-25 04:09:23 - NaN Check: False 2
2025-01-25 04:09:23 - LinkNode: 2.5 <- 15 / 6
2025-01-25 04:09:23 - Resonance: 3 | NetInflow: 16.8 | NetOutflow: 16 | NetOverflow: 0 | State: Active
2025-01-25 04:09:23 - NaN Check: False 1
2025-01-25 04:09:23 - NaN Check: False 2
2025-01-25 04:09:23 - LinkNode: 2.5 <- 15 / 6
2025-01-25 04:09:23 - Resonance: 3 | NetInflow: 16.8 | NetOutflow: 16 | NetOverflow: 0 | State: Active
2025-01-25 04:09:23 - NaN Check: False 1
2025-01-25 04:09:23 - NaN Check: False 2
2025-01-25 04:09:23 - LinkNode: 2.5 <- 15 / 6
2025-01-25 04:09:23 - Resonance: 3 | NetInflow: 16.8 | NetOutflow: 16 | NetOverflow: 0 | State: Active
2025-01-25 04:09:23 - NaN Check: False 1
2025-01-25 04:09:23 - NaN Check: False 2
2025-01-25 04:09:23 - LinkNode: 2.5 <- 15 / 6
2025-01-25 04:09:23 - Resonance: 3.1 | NetInflow: 16.8 | NetOutflow: 16 | NetOverflow: 0 | State: Active
2025-01-25 04:09:23 - NaN Check: False 1
2025-01-25 04:09:23 - NaN Check: False 2
2025-01-25 04:09:23 - LinkNode: 2.5 <- 15 / 6
2025-01-25 04:09:23 - Resonance: 3.1 | NetInflow: 16.8 | NetOutflow: 16 | NetOverflow: 0 | State: Active
2025-01-25 04:09:23 - NaN Check: False 1
2025-01-25 04:09:23 - NaN Check: False 2
2025-01-25 04:09:23 - LinkNode: 2.5 <- 15 / 6
2025-01-25 04:09:23 - Resonance: 3.1 | NetInflow: 16.8 | NetOutflow: 16 | NetOverflow: 0 | State: Active
2025-01-25 04:09:23 - NaN Check: False 1
2025-01-25 04:09:23 - NaN Check: False 2
2025-01-25 04:09:23 - LinkNode: 2.5 <- 15 / 6
2025-01-25 04:09:23 - Resonance: 3.1 | NetInflow: 16.8 | NetOutflow: 16 | NetOverflow: 0 | State: Active
2025-01-25 04:09:23 - NaN Check: False 1
2025-01-25 04:09:23 - NaN Check: False 2
2025-01-25 04:09:23 - LinkNode: 2.5 <- 15 / 6
2025-01-25 04:09:23 - Resonance: 3.1 | NetInflow: 16.8 | NetOutflow: 16 | NetOverflow: 0 | State: Active
2025-01-25 04:09:23 - NaN Check: False 1
2025-01-25 04:09:23 - NaN Check: False 2
2025-01-25 04:09:23 - LinkNode: 2.5 <- 15 / 6
2025-01-25 04:09:23 - Resonance: 3.1 | NetInflow: 16.8 | NetOutflow: 16 | NetOverflow: 0 | State: Active
2025-01-25 04:09:23 - NaN Check: False 1
2025-01-25 04:09:23 - NaN Check: False 2
2025-01-25 04:09:23 - LinkNode: 2.5 <- 15 / 6
2025-01-25 04:09:23 - Resonance: 3.2 | NetInflow: 16.8 | NetOutflow: 16 | NetOverflow: 0 | State: Active
2025-01-25 04:09:23 - NaN Check: False 1
2025-01-25 04:09:23 - NaN Check: False 2
2025-01-25 04:09:23 - LinkNode: 2.5 <- 15 / 6
2025-01-25 04:09:23 - Resonance: 3.2 | NetInflow: 16.8 | NetOutflow: 16 | NetOverflow: 0 | State: Active
2025-01-25 04:09:23 - NaN Check: False 1
2025-01-25 04:09:23 - NaN Check: False 2
2025-01-25 04:09:23 - LinkNode: 2.5 <- 15 / 6
2025-01-25 04:09:23 - Resonance: 3.2 | NetInflow: 16.8 | NetOutflow: 16 | NetOverflow: 0 | State: Active
2025-01-25 04:09:23 - NaN Check: False 1
2025-01-25 04:09:23 - NaN Check: False 2
2025-01-25 04:09:23 - LinkNode: 2.5 <- 15 / 6
2025-01-25 04:09:23 - Resonance: 3.2 | NetInflow: 16.8 | NetOutflow: 16 | NetOverflow: 0 | State: Active
2025-01-25 04:09:23 - NaN Check: False 1
2025-01-25 04:09:23 - NaN Check: False 2
2025-01-25 04:09:23 - LinkNode: 2.5 <- 15 / 6
2025-01-25 04:09:23 - Resonance: 3.2 | NetInflow: 16.8 | NetOutflow: 16 | NetOverflow: 0 | State: Active
2025-01-25 04:09:23 - NaN Check: False 1
2025-01-25 04:09:23 - NaN Check: False 2
2025-01-25 04:09:23 - LinkNode: 2.5 <- 15 / 6
2025-01-25 04:09:23 - Resonance: 3.2 | NetInflow: 16.8 | NetOutflow: 16 | NetOverflow: 0 | State: Active
2025-01-25 04:09:23 - NaN Check: False 1
2025-01-25 04:09:23 - NaN Check: False 2
2025-01-25 04:09:23 - LinkNode: 2.5 <- 15 / 6
2025-01-25 04:09:23 - Resonance: 3.2 | NetInflow: 16.8 | NetOutflow: 16 | NetOverflow: 0 | State: Active
2025-01-25 04:09:23 - NaN Check: False 1
2025-01-25 04:09:23 - NaN Check: False 2
2025-01-25 04:09:23 - LinkNode: 2.5 <- 15 / 6
2025-01-25 04:09:23 - Resonance: 3.3 | NetInflow: 16.8 | NetOutflow: 16 | NetOverflow: 0 | State: Active
2025-01-25 04:09:23 - NaN Check: False 1
2025-01-25 04:09:23 - NaN Check: False 2
2025-01-25 04:09:23 - LinkNode: 2.5 <- 15 / 6
2025-01-25 04:09:23 - Resonance: 3.3 | NetInflow: 16.8 | NetOutflow: 16 | NetOverflow: 0 | State: Active
2025-01-25 04:09:23 - NaN Check: False 1
2025-01-25 04:09:23 - NaN Check: False 2
2025-01-25 04:09:23 - LinkNode: 2.5 <- 15 / 6
2025-01-25 04:09:23 - Resonance: 3.3 | NetInflow: 16.8 | NetOutflow: 16 | NetOverflow: 0 | State: Active
2025-01-25 04:09:23 - NaN Check: False 1
2025-01-25 04:09:23 - NaN Check: False 2
2025-01-25 04:09:23 - LinkNode: 2.5 <- 15 / 6
2025-01-25 04:09:23 - Resonance: 3.3 | NetInflow: 16.8 | NetOutflow: 16 | NetOverflow: 0 | State: Active
2025-01-25 04:09:23 - NaN Check: False 1
2025-01-25 04:09:23 - NaN Check: False 2
2025-01-25 04:09:23 - LinkNode: 2.5 <- 15 / 6
2025-01-25 04:09:23 - Resonance: 3.3 | NetInflow: 16.8 | NetOutflow: 16 | NetOverflow: 0 | State: Active
2025-01-25 04:09:23 - NaN Check: False 1
2025-01-25 04:09:23 - NaN Check: False 2
2025-01-25 04:09:23 - LinkNode: 2.5 <- 15 / 6
2025-01-25 04:09:23 - Resonance: 3.3 | NetInflow: 16.8 | NetOutflow: 16 | NetOverflow: 0 | State: Active
2025-01-25 04:09:23 - NaN Check: False 1
2025-01-25 04:09:23 - NaN Check: False 2
2025-01-25 04:09:23 - LinkNode: 2.5 <- 15 / 6
2025-01-25 04:09:23 - Resonance: 3.4 | NetInflow: 16.8 | NetOutflow: 16 | NetOverflow: 0 | State: Active
2025-01-25 04:09:23 - NaN Check: False 1
2025-01-25 04:09:23 - NaN Check: False 2
2025-01-25 04:09:23 - LinkNode: 2.5 <- 15 / 6
2025-01-25 04:09:23 - Resonance: 3.4 | NetInflow: 16.8 | NetOutflow: 16 | NetOverflow: 0 | State: Active
2025-01-25 04:09:23 - NaN Check: False 1
2025-01-25 04:09:23 - NaN Check: False 2
2025-01-25 04:09:23 - LinkNode: 2.5 <- 15 / 6
2025-01-25 04:09:23 - Resonance: 3.4 | NetInflow: 16.8 | NetOutflow: 16 | NetOverflow: 0 | State: Active
2025-01-25 04:09:23 - NaN Check: False 1
2025-01-25 04:09:23 - NaN Check: False 2
2025-01-25 04:09:23 - LinkNode: 2.5 <- 15 / 6
2025-01-25 04:09:23 - Resonance: 3.4 | NetInflow: 16.8 | NetOutflow: 16 | NetOverflow: 0 | State: Active
2025-01-25 04:09:23 - NaN Check: False 1
2025-01-25 04:09:23 - NaN Check: False 2
2025-01-25 04:09:23 - LinkNode: 2.5 <- 15 / 6
2025-01-25 04:09:23 - Resonance: 3.4 | NetInflow: 16.8 | NetOutflow: 16 | NetOverflow: 0 | State: Active
2025-01-25 04:09:23 - NaN Check: False 1
2025-01-25 04:09:23 - NaN Check: False 2
2025-01-25 04:09:23 - LinkNode: 2.5 <- 15 / 6
2025-01-25 04:09:23 - Resonance: 3.4 | NetInflow: 16.8 | NetOutflow: 16 | NetOverflow: 0 | State: Active
2025-01-25 04:09:23 - NaN Check: False 1
2025-01-25 04:09:23 - NaN Check: False 2
2025-01-25 04:09:23 - LinkNode: 2.5 <- 15 / 6
2025-01-25 04:09:23 - Resonance: 3.5 | NetInflow: 16.8 | NetOutflow: 16 | NetOverflow: 0 | State: Active
2025-01-25 04:09:23 - NaN Check: False 1
2025-01-25 04:09:23 - NaN Check: False 2
2025-01-25 04:09:23 - LinkNode: 2.5 <- 15 / 6
2025-01-25 04:09:23 - Resonance: 3.5 | NetInflow: 16.8 | NetOutflow: 16 | NetOverflow: 0 | State: Active
2025-01-25 04:09:23 - NaN Check: False 1
2025-01-25 04:09:23 - NaN Check: False 2
2025-01-25 04:09:23 - LinkNode: 2.5 <- 15 / 6
2025-01-25 04:09:23 - Resonance: 3.5 | NetInflow: 16.8 | NetOutflow: 16 | NetOverflow: 0 | State: Active
2025-01-25 04:09:23 - NaN Check: False 1
2025-01-25 04:09:23 - NaN Check: False 2
2025-01-25 04:09:23 - LinkNode: 2.5 <- 15 / 6
2025-01-25 04:09:23 - Resonance: 3.5 | NetInflow: 16.8 | NetOutflow: 16 | NetOverflow: 0 | State: Active
2025-01-25 04:09:23 - NaN Check: False 1
2025-01-25 04:09:23 - NaN Check: False 2
2025-01-25 04:09:23 - LinkNode: 2.5 <- 15 / 6
2025-01-25 04:09:23 - Resonance: 3.5 | NetInflow: 16.8 | NetOutflow: 16 | NetOverflow: 0 | State: Active
2025-01-25 04:09:23 - NaN Check: False 1
2025-01-25 04:09:23 - NaN Check: False 2
2025-01-25 04:09:23 - LinkNode: 2.5 <- 15 / 6
2025-01-25 04:09:23 - Resonance: 3.5 | NetInflow: 16.8 | NetOutflow: 16 | NetOverflow: 0 | State: Active
2025-01-25 04:09:23 - NaN Check: False 1
2025-01-25 04:09:23 - NaN Check: False 2
2025-01-25 04:09:23 - LinkNode: 2.5 <- 15 / 6
2025-01-25 04:09:23 - Resonance: 3.6 | NetInflow: 16.8 | NetOutflow: 16 | NetOverflow: 0 | State: Active
2025-01-25 04:09:23 - NaN Check: False 1
2025-01-25 04:09:23 - NaN Check: False 2
2025-01-25 04:09:23 - LinkNode: 2.5 <- 15 / 6
2025-01-25 04:09:23 - Resonance: 3.6 | NetInflow: 16.8 | NetOutflow: 16 | NetOverflow: 0 | State: Active
2025-01-25 04:09:23 - NaN Check: False 1
2025-01-25 04:09:23 - NaN Check: False 2
2025-01-25 04:09:23 - LinkNode: 2.5 <- 15 / 6
2025-01-25 04:09:23 - Resonance: 3.6 | NetInflow: 16.8 | NetOutflow: 16 | NetOverflow: 0 | State: Active
2025-01-25 04:09:23 - NaN Check: False 1
2025-01-25 04:09:23 - NaN Check: False 2
2025-01-25 04:09:23 - LinkNode: 2.5 <- 15 / 6
2025-01-25 04:09:23 - Resonance: 3.6 | NetInflow: 16.8 | NetOutflow: 16 | NetOverflow: 0 | State: Active
2025-01-25 04:09:23 - NaN Check: False 1
2025-01-25 04:09:23 - NaN Check: False 2
2025-01-25 04:09:23 - LinkNode: 2.5 <- 15 / 6
2025-01-25 04:09:23 - Resonance: 3.6 | NetInflow: 16.8 | NetOutflow: 16 | NetOverflow: 0 | State: Active
2025-01-25 04:09:23 - NaN Check: False 1
2025-01-25 04:09:23 - NaN Check: False 2
2025-01-25 04:09:23 - LinkNode: 2.5 <- 15 / 6
2025-01-25 04:09:23 - Resonance: 3.6 | NetInflow: 16.8 | NetOutflow: 16 | NetOverflow: 0 | State: Active
2025-01-25 04:09:23 - NaN Check: False 1
2025-01-25 04:09:23 - NaN Check: False 2
2025-01-25 04:09:23 - LinkNode: 2.5 <- 15 / 6
2025-01-25 04:09:23 - Resonance: 3.6 | NetInflow: 16.8 | NetOutflow: 16 | NetOverflow: 0 | State: Active
2025-01-25 04:09:23 - NaN Check: False 1
2025-01-25 04:09:23 - NaN Check: False 2
2025-01-25 04:09:23 - LinkNode: 2.5 <- 15 / 6
2025-01-25 04:09:23 - Resonance: 3.7 | NetInflow: 16.8 | NetOutflow: 16 | NetOverflow: 0 | State: Active
2025-01-25 04:09:23 - NaN Check: False 1
2025-01-25 04:09:23 - NaN Check: False 2
2025-01-25 04:09:23 - LinkNode: 2.5 <- 15 / 6
2025-01-25 04:09:23 - Resonance: 3.7 | NetInflow: 16.8 | NetOutflow: 16 | NetOverflow: 0 | State: Active
2025-01-25 04:09:23 - NaN Check: False 1
2025-01-25 04:09:23 - NaN Check: False 2
2025-01-25 04:09:23 - LinkNode: 2.5 <- 15 / 6
2025-01-25 04:09:23 - Resonance: 3.7 | NetInflow: 16.8 | NetOutflow: 16 | NetOverflow: 0 | State: Active
2025-01-25 04:09:23 - NaN Check: False 1
2025-01-25 04:09:23 - NaN Check: False 2
2025-01-25 04:09:23 - LinkNode: 2.5 <- 15 / 6
2025-01-25 04:09:23 - Resonance: 3.7 | NetInflow: 16.8 | NetOutflow: 16 | NetOverflow: 0 | State: Active
2025-01-25 04:09:23 - NaN Check: False 1
2025-01-25 04:09:23 - NaN Check: False 2
2025-01-25 04:09:23 - LinkNode: 2.5 <- 15 / 6
2025-01-25 04:09:23 - Resonance: 3.7 | NetInflow: 16.8 | NetOutflow: 16 | NetOverflow: 0 | State: Active
2025-01-25 04:09:23 - NaN Check: False 1
2025-01-25 04:09:23 - NaN Check: False 2
2025-01-25 04:09:23 - LinkNode: 2.5 <- 15 / 6
2025-01-25 04:09:23 - Resonance: 3.7 | NetInflow: 16.8 | NetOutflow: 16 | NetOverflow: 0 | State: Active
2025-01-25 04:09:23 - NaN Check: False 1
2025-01-25 04:09:23 - NaN Check: False 2
2025-01-25 04:09:23 - LinkNode: 2.5 <- 15 / 6
2025-01-25 04:09:23 - Resonance: 3.8 | NetInflow: 16.8 | NetOutflow: 16 | NetOverflow: 0 | State: Active
2025-01-25 04:09:23 - NaN Check: False 1
2025-01-25 04:09:23 - NaN Check: False 2
2025-01-25 04:09:23 - LinkNode: 2.5 <- 15 / 6
2025-01-25 04:09:23 - Resonance: 3.8 | NetInflow: 16.8 | NetOutflow: 16 | NetOverflow: 0 | State: Active
2025-01-25 04:09:23 - NaN Check: False 1
2025-01-25 04:09:23 - NaN Check: False 2
2025-01-25 04:09:23 - LinkNode: 2.5 <- 15 / 6
2025-01-25 04:09:23 - Resonance: 3.8 | NetInflow: 16.8 | NetOutflow: 16 | NetOverflow: 0 | State: Active
2025-01-25 04:09:23 - NaN Check: False 1
2025-01-25 04:09:23 - NaN Check: False 2
2025-01-25 04:09:23 - LinkNode: 2.5 <- 15 / 6
2025-01-25 04:09:23 - Resonance: 3.8 | NetInflow: 16.8 | NetOutflow: 16 | NetOverflow: 0 | State: Active
2025-01-25 04:09:23 - NaN Check: False 1
2025-01-25 04:09:23 - NaN Check: False 2
2025-01-25 04:09:23 - LinkNode: 2.5 <- 15 / 6
2025-01-25 04:09:23 - Resonance: 3.8 | NetInflow: 16.8 | NetOutflow: 16 | NetOverflow: 0 | State: Active
2025-01-25 04:09:23 - NaN Check: False 1
2025-01-25 04:09:23 - NaN Check: False 2
2025-01-25 04:09:23 - LinkNode: 2.5 <- 15 / 6
2025-01-25 04:09:23 - Resonance: 3.8 | NetInflow: 16.8 | NetOutflow: 16 | NetOverflow: 0 | State: Active
2025-01-25 04:09:23 - NaN Check: False 1
2025-01-25 04:09:23 - NaN Check: False 2
2025-01-25 04:09:23 - LinkNode: 2.5 <- 15 / 6
2025-01-25 04:09:23 - Resonance: 3.9 | NetInflow: 16.8 | NetOutflow: 16 | NetOverflow: 0 | State: Active
2025-01-25 04:09:23 - NaN Check: False 1
2025-01-25 04:09:23 - NaN Check: False 2
2025-01-25 04:09:23 - LinkNode: 2.5 <- 15 / 6
2025-01-25 04:09:23 - Resonance: 3.9 | NetInflow: 16.8 | NetOutflow: 16 | NetOverflow: 0 | State: Active
2025-01-25 04:09:23 - NaN Check: False 1
2025-01-25 04:09:23 - NaN Check: False 2
2025-01-25 04:09:23 - LinkNode: 2.5 <- 15 / 6
2025-01-25 04:09:23 - Resonance: 3.9 | NetInflow: 16.8 | NetOutflow: 16 | NetOverflow: 0 | State: Active
2025-01-25 04:09:23 - NaN Check: False 1
2025-01-25 04:09:23 - NaN Check: False 2
2025-01-25 04:09:23 - LinkNode: 2.5 <- 15 / 6
2025-01-25 04:09:23 - Resonance: 3.9 | NetInflow: 16.8 | NetOutflow: 16 | NetOverflow: 0 | State: Active
2025-01-25 04:09:23 - NaN Check: False 1
2025-01-25 04:09:23 - NaN Check: False 2
2025-01-25 04:09:23 - LinkNode: 2.5 <- 15 / 6
2025-01-25 04:09:23 - Resonance: 3.9 | NetInflow: 16.8 | NetOutflow: 16 | NetOverflow: 0 | State: Active
2025-01-25 04:09:23 - NaN Check: False 1
2025-01-25 04:09:23 - NaN Check: False 2
2025-01-25 04:09:23 - LinkNode: 2.5 <- 15 / 6
2025-01-25 04:09:23 - Resonance: 3.9 | NetInflow: 16.8 | NetOutflow: 16 | NetOverflow: 0 | State: Active
2025-01-25 04:09:23 - NaN Check: False 1
2025-01-25 04:09:23 - NaN Check: False 2
2025-01-25 04:09:23 - LinkNode: 2.5 <- 15 / 6
2025-01-25 04:09:23 - Resonance: 4 | NetInflow: 16.8 | NetOutflow: 16 | NetOverflow: 0 | State: Active
2025-01-25 04:09:23 - NaN Check: False 1
2025-01-25 04:09:23 - NaN Check: False 2
2025-01-25 04:09:23 - LinkNode: 2.5 <- 15 / 6
2025-01-25 04:09:23 - Resonance: 4 | NetInflow: 16.8 | NetOutflow: 16 | NetOverflow: 0 | State: Active
2025-01-25 04:09:23 - NaN Check: False 1
2025-01-25 04:09:23 - NaN Check: False 2
2025-01-25 04:09:23 - LinkNode: 2.5 <- 15 / 6
2025-01-25 04:09:23 - Resonance: 4 | NetInflow: 16.8 | NetOutflow: 16 | NetOverflow: 0 | State: Active
2025-01-25 04:09:23 - NaN Check: False 1
2025-01-25 04:09:23 - NaN Check: False 2
2025-01-25 04:09:23 - LinkNode: 2.5 <- 15 / 6
2025-01-25 04:09:23 - Resonance: 4 | NetInflow: 16.8 | NetOutflow: 16 | NetOverflow: 0 | State: Active
2025-01-25 04:09:23 - NaN Check: False 1
2025-01-25 04:09:23 - NaN Check: False 2
2025-01-25 04:09:23 - LinkNode: 2.5 <- 15 / 6
2025-01-25 04:09:23 - Resonance: 4 | NetInflow: 16.8 | NetOutflow: 16 | NetOverflow: 0 | State: Active
2025-01-25 04:09:23 - NaN Check: False 1
2025-01-25 04:09:23 - NaN Check: False 2
2025-01-25 04:09:23 - LinkNode: 2.5 <- 15 / 6
2025-01-25 04:09:23 - Resonance: 4 | NetInflow: 16.8 | NetOutflow: 16 | NetOverflow: 0 | State: Active
2025-01-25 04:09:23 - NaN Check: False 1
2025-01-25 04:09:23 - NaN Check: False 2
2025-01-25 04:09:23 - LinkNode: 2.5 <- 15 / 6
2025-01-25 04:09:23 - Resonance: 4 | NetInflow: 16.8 | NetOutflow: 16 | NetOverflow: 0 | State: Active
2025-01-25 04:09:23 - NaN Check: False 1
2025-01-25 04:09:23 - NaN Check: False 2
2025-01-25 04:09:23 - LinkNode: 2.5 <- 15 / 6
2025-01-25 04:09:23 - Resonance: 4.1 | NetInflow: 16.8 | NetOutflow: 16 | NetOverflow: 0 | State: Active
2025-01-25 04:09:23 - NaN Check: False 1
2025-01-25 04:09:23 - NaN Check: False 2
2025-01-25 04:09:23 - LinkNode: 2.5 <- 15 / 6
2025-01-25 04:09:23 - Resonance: 4.1 | NetInflow: 16.8 | NetOutflow: 16 | NetOverflow: 0 | State: Active
