2025-01-25 03:37:37 - Debugger session started.
2025-01-25 03:37:37 - BasilMuguet Test_1 started
2025-01-25 03:37:37 -  - - - Adding pulse number 0 with midi index 62. - - -
2025-01-25 03:37:37 -  - - - Adding pulse number 1 with midi index 77. - - -
2025-01-25 03:37:37 -  - - - Adding pulse number 2 with midi index 114. - - -
2025-01-25 03:37:37 -  - - - Adding pulse number 3 with midi index 72. - - -
2025-01-25 03:37:37 -  - - - Adding pulse number 4 with midi index 85. - - -
2025-01-25 03:37:37 - Pulse Index: 0 | Midi Index: 48 | Intensity: 32 | Note Name: C3
2025-01-25 03:37:37 - Pulse Index: 1 | Midi Index: 62 | Intensity: 45 | Note Name: D4
2025-01-25 03:37:37 - Pulse Index: 2 | Midi Index: 72 | Intensity: 40 | Note Name: C5
2025-01-25 03:37:37 - Pulse Index: 3 | Midi Index: 77 | Intensity: 52 | Note Name: F5
2025-01-25 03:37:37 - Pulse Index: 4 | Midi Index: 85 | Intensity: 44 | Note Name: C#/Db6
2025-01-25 03:37:37 - Pulse Index: 5 | Midi Index: 114 | Intensity: 52 | Note Name: F#/Gb8
2025-01-25 03:37:37 - NaN Check: 1 False
2025-01-25 03:37:37 - NaN Check: 2 False
2025-01-25 03:37:37 - NaN Check: 1 False
2025-01-25 03:37:37 - NaN Check: 2 False
2025-01-25 03:37:37 - 
Logging Idyll Amount:

2025-01-25 03:37:37 - NaN Check: 1 False
2025-01-25 03:37:37 - NaN Check: 2 False
2025-01-25 03:37:37 - Resonance: 2.7 | NetInflow: 31.5 | NetOutflow: 16 | NetOverflow: 0 | State: Active
2025-01-25 03:37:37 - NaN Check: 1 False
2025-01-25 03:37:37 - NaN Check: 2 False
2025-01-25 03:37:37 - Resonance: 3 | NetInflow: 31.5 | NetOutflow: 16 | NetOverflow: 0 | State: Active
2025-01-25 03:37:37 - NaN Check: 1 False
2025-01-25 03:37:37 - NaN Check: 2 False
2025-01-25 03:37:37 - Resonance: 3.3 | NetInflow: 31.5 | NetOutflow: 16 | NetOverflow: 0 | State: Active
2025-01-25 03:37:37 - NaN Check: 1 False
2025-01-25 03:37:37 - NaN Check: 2 False
2025-01-25 03:37:37 - Resonance: 3.6 | NetInflow: 31.5 | NetOutflow: 16 | NetOverflow: 0 | State: Active
2025-01-25 03:37:37 - NaN Check: 1 False
2025-01-25 03:37:37 - NaN Check: 2 False
2025-01-25 03:37:37 - Resonance: 3.9 | NetInflow: 31.5 | NetOutflow: 16 | NetOverflow: 0 | State: Active
2025-01-25 03:37:37 - NaN Check: 1 False
2025-01-25 03:37:37 - NaN Check: 2 False
2025-01-25 03:37:37 - Resonance: 4.2 | NetInflow: 31.5 | NetOutflow: 16 | NetOverflow: 0 | State: Active
2025-01-25 03:37:37 - NaN Check: 1 False
2025-01-25 03:37:37 - NaN Check: 2 False
2025-01-25 03:37:37 - Resonance: 4.5 | NetInflow: 31.5 | NetOutflow: 16 | NetOverflow: 0 | State: Active
2025-01-25 03:37:37 - NaN Check: 1 False
2025-01-25 03:37:37 - NaN Check: 2 False
2025-01-25 03:37:37 - Resonance: 4.8 | NetInflow: 31.5 | NetOutflow: 16 | NetOverflow: 0 | State: Active
2025-01-25 03:37:37 - NaN Check: 1 False
2025-01-25 03:37:37 - NaN Check: 2 False
2025-01-25 03:37:37 - Resonance: 5.1 | NetInflow: 31.5 | NetOutflow: 16 | NetOverflow: 0 | State: Active
2025-01-25 03:37:37 - NaN Check: 1 False
2025-01-25 03:37:37 - NaN Check: 2 False
2025-01-25 03:37:37 - Resonance: 5.4 | NetInflow: 31.5 | NetOutflow: 16 | NetOverflow: 0 | State: Active
2025-01-25 03:37:37 - NaN Check: 1 False
2025-01-25 03:37:37 - NaN Check: 2 False
2025-01-25 03:37:37 - Resonance: 5.8 | NetInflow: 31.5 | NetOutflow: 16 | NetOverflow: 0 | State: Active
2025-01-25 03:37:37 - NaN Check: 1 False
2025-01-25 03:37:37 - NaN Check: 2 False
2025-01-25 03:37:37 - Resonance: 6.1 | NetInflow: 31.5 | NetOutflow: 16 | NetOverflow: 0 | State: Active
2025-01-25 03:37:37 - NaN Check: 1 False
2025-01-25 03:37:37 - NaN Check: 2 False
2025-01-25 03:37:37 - Resonance: 6.4 | NetInflow: 31.5 | NetOutflow: 16 | NetOverflow: 0 | State: Active
2025-01-25 03:37:37 - NaN Check: 1 False
2025-01-25 03:37:37 - NaN Check: 2 False
2025-01-25 03:37:37 - Resonance: 6.7 | NetInflow: 31.5 | NetOutflow: 16 | NetOverflow: 0 | State: Active
2025-01-25 03:37:37 - NaN Check: 1 False
2025-01-25 03:37:37 - NaN Check: 2 False
2025-01-25 03:37:37 - Resonance: 7 | NetInflow: 31.5 | NetOutflow: 16 | NetOverflow: 0 | State: Active
2025-01-25 03:37:37 - NaN Check: 1 False
2025-01-25 03:37:37 - NaN Check: 2 False
2025-01-25 03:37:37 - Resonance: 7.3 | NetInflow: 31.5 | NetOutflow: 16 | NetOverflow: 0 | State: Active
2025-01-25 03:37:37 - NaN Check: 1 False
2025-01-25 03:37:37 - NaN Check: 2 False
2025-01-25 03:37:37 - Resonance: 7.6 | NetInflow: 31.5 | NetOutflow: 16 | NetOverflow: 0 | State: Active
2025-01-25 03:37:37 - NaN Check: 1 False
2025-01-25 03:37:37 - NaN Check: 2 False
2025-01-25 03:37:37 - Resonance: 7.9 | NetInflow: 31.5 | NetOutflow: 16 | NetOverflow: 0 | State: Active
2025-01-25 03:37:37 - NaN Check: 1 False
2025-01-25 03:37:37 - NaN Check: 2 False
2025-01-25 03:37:37 - Resonance: 8.2 | NetInflow: 31.5 | NetOutflow: 16 | NetOverflow: 0 | State: Active
2025-01-25 03:37:37 - NaN Check: 1 False
2025-01-25 03:37:37 - NaN Check: 2 False
2025-01-25 03:37:37 - Resonance: 8.5 | NetInflow: 31.5 | NetOutflow: 16 | NetOverflow: 0 | State: Active
2025-01-25 03:37:37 - NaN Check: 1 False
2025-01-25 03:37:37 - NaN Check: 2 False
2025-01-25 03:37:37 - Resonance: 8.9 | NetInflow: 31.5 | NetOutflow: 16 | NetOverflow: 0 | State: Active
2025-01-25 03:37:37 - NaN Check: 1 False
2025-01-25 03:37:37 - NaN Check: 2 False
2025-01-25 03:37:37 - Resonance: 9.2 | NetInflow: 31.5 | NetOutflow: 16 | NetOverflow: 0 | State: Active
2025-01-25 03:37:37 - NaN Check: 1 False
2025-01-25 03:37:37 - NaN Check: 2 False
2025-01-25 03:37:37 - Resonance: 9.5 | NetInflow: 31.5 | NetOutflow: 16 | NetOverflow: 0 | State: Active
2025-01-25 03:37:37 - NaN Check: 1 False
2025-01-25 03:37:37 - NaN Check: 2 False
2025-01-25 03:37:37 - Resonance: 9.8 | NetInflow: 31.5 | NetOutflow: 16 | NetOverflow: 0 | State: Active
2025-01-25 03:37:37 - NaN Check: 1 False
2025-01-25 03:37:37 - NaN Check: 2 False
2025-01-25 03:37:37 - Resonance: 10.1 | NetInflow: 31.5 | NetOutflow: 16 | NetOverflow: 0 | State: Active
2025-01-25 03:37:37 - NaN Check: 1 False
2025-01-25 03:37:37 - NaN Check: 2 False
2025-01-25 03:37:37 - Resonance: 10.4 | NetInflow: 31.5 | NetOutflow: 16 | NetOverflow: 0 | State: Active
2025-01-25 03:37:37 - NaN Check: 1 False
2025-01-25 03:37:37 - NaN Check: 2 False
2025-01-25 03:37:37 - Resonance: 10.7 | NetInflow: 31.5 | NetOutflow: 16 | NetOverflow: 0 | State: Active
2025-01-25 03:37:37 - NaN Check: 1 False
2025-01-25 03:37:37 - NaN Check: 2 False
2025-01-25 03:37:37 - Resonance: 11 | NetInflow: 31.5 | NetOutflow: 16 | NetOverflow: 0 | State: Active
2025-01-25 03:37:37 - NaN Check: 1 False
2025-01-25 03:37:37 - NaN Check: 2 False
2025-01-25 03:37:37 - Resonance: 11.3 | NetInflow: 31.5 | NetOutflow: 16 | NetOverflow: 0 | State: Active
2025-01-25 03:37:37 - NaN Check: 1 False
2025-01-25 03:37:37 - NaN Check: 2 False
2025-01-25 03:37:37 - Resonance: 11.7 | NetInflow: 31.5 | NetOutflow: 16 | NetOverflow: 0 | State: Active
2025-01-25 03:37:37 - NaN Check: 1 False
2025-01-25 03:37:37 - NaN Check: 2 False
2025-01-25 03:37:37 - Resonance: 12 | NetInflow: 31.5 | NetOutflow: 16 | NetOverflow: 0 | State: Active
2025-01-25 03:37:37 - NaN Check: 1 False
2025-01-25 03:37:37 - NaN Check: 2 False
2025-01-25 03:37:37 - Resonance: 12.3 | NetInflow: 31.5 | NetOutflow: 16 | NetOverflow: 0 | State: Active
2025-01-25 03:37:37 - NaN Check: 1 False
2025-01-25 03:37:37 - NaN Check: 2 False
2025-01-25 03:37:37 - Resonance: 12.6 | NetInflow: 31.5 | NetOutflow: 16 | NetOverflow: 0 | State: Active
2025-01-25 03:37:37 - NaN Check: 1 False
2025-01-25 03:37:37 - NaN Check: 2 False
2025-01-25 03:37:37 - Resonance: 12.9 | NetInflow: 31.5 | NetOutflow: 16 | NetOverflow: 0 | State: Active
2025-01-25 03:37:37 - NaN Check: 1 False
2025-01-25 03:37:37 - NaN Check: 2 False
2025-01-25 03:37:37 - Resonance: 13.2 | NetInflow: 31.5 | NetOutflow: 16 | NetOverflow: 0 | State: Active
2025-01-25 03:37:37 - NaN Check: 1 False
2025-01-25 03:37:37 - NaN Check: 2 False
2025-01-25 03:37:37 - Resonance: 13.5 | NetInflow: 31.5 | NetOutflow: 16 | NetOverflow: 0 | State: Active
2025-01-25 03:37:37 - NaN Check: 1 False
2025-01-25 03:37:37 - NaN Check: 2 False
2025-01-25 03:37:37 - Resonance: 13.8 | NetInflow: 31.5 | NetOutflow: 16 | NetOverflow: 0 | State: Active
2025-01-25 03:37:37 - NaN Check: 1 False
2025-01-25 03:37:37 - NaN Check: 2 False
2025-01-25 03:37:37 - Resonance: 14.1 | NetInflow: 31.5 | NetOutflow: 16 | NetOverflow: 0 | State: Active
2025-01-25 03:37:37 - NaN Check: 1 False
2025-01-25 03:37:37 - NaN Check: 2 False
2025-01-25 03:37:37 - Resonance: 14.4 | NetInflow: 31.5 | NetOutflow: 16 | NetOverflow: 0 | State: Active
2025-01-25 03:37:37 - NaN Check: 1 False
2025-01-25 03:37:37 - NaN Check: 2 False
2025-01-25 03:37:37 - Resonance: 14.8 | NetInflow: 31.5 | NetOutflow: 16 | NetOverflow: 0 | State: Active
2025-01-25 03:37:37 - NaN Check: 1 False
2025-01-25 03:37:37 - NaN Check: 2 False
2025-01-25 03:37:37 - Resonance: 15.1 | NetInflow: 31.5 | NetOutflow: 16 | NetOverflow: 0 | State: Active
2025-01-25 03:37:37 - NaN Check: 1 False
2025-01-25 03:37:37 - NaN Check: 2 False
2025-01-25 03:37:37 - Resonance: 15.4 | NetInflow: 31.5 | NetOutflow: 16 | NetOverflow: 0 | State: Active
2025-01-25 03:37:37 - NaN Check: 1 False
2025-01-25 03:37:37 - NaN Check: 2 False
2025-01-25 03:37:37 - Resonance: 15.7 | NetInflow: 31.5 | NetOutflow: 16 | NetOverflow: 0 | State: Active
2025-01-25 03:37:37 - NaN Check: 1 False
2025-01-25 03:37:37 - NaN Check: 2 False
2025-01-25 03:37:37 - Resonance: 16 | NetInflow: 31.5 | NetOutflow: 16 | NetOverflow: 0 | State: Active
2025-01-25 03:37:37 - NaN Check: 1 False
2025-01-25 03:37:37 - NaN Check: 2 False
2025-01-25 03:37:37 - Resonance: 16 | NetInflow: 31.5 | NetOutflow: 16 | NetOverflow: 15 | State: Overflow
2025-01-25 03:37:37 - NaN Check: 1 False
2025-01-25 03:37:37 - NaN Check: 2 False
2025-01-25 03:37:37 - Resonance: 16 | NetInflow: 31.5 | NetOutflow: 16 | NetOverflow: 15.5 | State: Overflow
2025-01-25 03:37:37 - NaN Check: 1 False
2025-01-25 03:37:37 - NaN Check: 2 False
2025-01-25 03:37:37 - Resonance: 16 | NetInflow: 31.5 | NetOutflow: 16 | NetOverflow: 15.5 | State: Overflow
2025-01-25 03:37:37 - NaN Check: 1 False
2025-01-25 03:37:37 - NaN Check: 2 False
2025-01-25 03:37:37 - Resonance: 16 | NetInflow: 31.5 | NetOutflow: 16 | NetOverflow: 15.5 | State: Overflow
2025-01-25 03:37:37 - NaN Check: 1 False
2025-01-25 03:37:37 - NaN Check: 2 False
2025-01-25 03:37:37 - Resonance: 16 | NetInflow: 31.5 | NetOutflow: 16 | NetOverflow: 15.5 | State: Overflow
2025-01-25 03:37:37 - NaN Check: 1 False
2025-01-25 03:37:37 - NaN Check: 2 False
2025-01-25 03:37:37 - Resonance: 16 | NetInflow: 31.5 | NetOutflow: 16 | NetOverflow: 15.5 | State: Overflow
2025-01-25 03:37:37 - NaN Check: 1 False
2025-01-25 03:37:37 - NaN Check: 2 False
2025-01-25 03:37:37 - Resonance: 16 | NetInflow: 31.5 | NetOutflow: 16 | NetOverflow: 15.5 | State: Overflow
2025-01-25 03:37:37 - NaN Check: 1 False
2025-01-25 03:37:37 - NaN Check: 2 False
2025-01-25 03:37:37 - Resonance: 16 | NetInflow: 31.5 | NetOutflow: 16 | NetOverflow: 15.5 | State: Overflow
2025-01-25 03:37:37 - NaN Check: 1 False
2025-01-25 03:37:37 - NaN Check: 2 False
2025-01-25 03:37:37 - Resonance: 16 | NetInflow: 31.5 | NetOutflow: 16 | NetOverflow: 15.5 | State: Overflow
2025-01-25 03:37:37 - NaN Check: 1 False
2025-01-25 03:37:37 - NaN Check: 2 False
2025-01-25 03:37:37 - Resonance: 16 | NetInflow: 31.5 | NetOutflow: 16 | NetOverflow: 15.5 | State: Overflow
2025-01-25 03:37:37 - NaN Check: 1 False
2025-01-25 03:37:37 - NaN Check: 2 False
2025-01-25 03:37:37 - Resonance: 16 | NetInflow: 31.5 | NetOutflow: 16 | NetOverflow: 15.5 | State: Overflow
2025-01-25 03:37:37 - NaN Check: 1 False
2025-01-25 03:37:37 - NaN Check: 2 False
2025-01-25 03:37:37 - Resonance: 16 | NetInflow: 31.5 | NetOutflow: 16 | NetOverflow: 15.5 | State: Overflow
2025-01-25 03:37:37 - NaN Check: 1 False
2025-01-25 03:37:37 - NaN Check: 2 False
2025-01-25 03:37:37 - Resonance: 16 | NetInflow: 31.5 | NetOutflow: 16 | NetOverflow: 15.5 | State: Overflow
2025-01-25 03:37:37 - NaN Check: 1 False
2025-01-25 03:37:37 - NaN Check: 2 False
2025-01-25 03:37:37 - Resonance: 16 | NetInflow: 31.5 | NetOutflow: 16 | NetOverflow: 15.5 | State: Overflow
2025-01-25 03:37:37 - NaN Check: 1 False
2025-01-25 03:37:37 - NaN Check: 2 False
2025-01-25 03:37:37 - Resonance: 16 | NetInflow: 31.5 | NetOutflow: 16 | NetOverflow: 15.5 | State: Overflow
2025-01-25 03:37:37 - NaN Check: 1 False
2025-01-25 03:37:37 - NaN Check: 2 False
2025-01-25 03:37:37 - Resonance: 16 | NetInflow: 31.5 | NetOutflow: 16 | NetOverflow: 15.5 | State: Overflow
2025-01-25 03:37:37 - NaN Check: 1 False
2025-01-25 03:37:37 - NaN Check: 2 False
2025-01-25 03:37:37 - Resonance: 16 | NetInflow: 31.5 | NetOutflow: 16 | NetOverflow: 15.5 | State: Overflow
2025-01-25 03:37:37 - NaN Check: 1 False
2025-01-25 03:37:37 - NaN Check: 2 False
2025-01-25 03:37:37 - Resonance: 16 | NetInflow: 31.5 | NetOutflow: 16 | NetOverflow: 15.5 | State: Overflow
2025-01-25 03:37:37 - NaN Check: 1 False
2025-01-25 03:37:37 - NaN Check: 2 False
2025-01-25 03:37:37 - Resonance: 16 | NetInflow: 31.5 | NetOutflow: 16 | NetOverflow: 15.5 | State: Overflow
2025-01-25 03:37:37 - NaN Check: 1 False
2025-01-25 03:37:37 - NaN Check: 2 False
2025-01-25 03:37:37 - Resonance: 16 | NetInflow: 31.5 | NetOutflow: 16 | NetOverflow: 15.5 | State: Overflow
2025-01-25 03:37:37 - NaN Check: 1 False
2025-01-25 03:37:37 - NaN Check: 2 False
2025-01-25 03:37:37 - Resonance: 16 | NetInflow: 31.5 | NetOutflow: 16 | NetOverflow: 15.5 | State: Overflow
2025-01-25 03:37:37 - NaN Check: 1 False
2025-01-25 03:37:37 - NaN Check: 2 False
2025-01-25 03:37:37 - Resonance: 16 | NetInflow: 31.5 | NetOutflow: 16 | NetOverflow: 15.5 | State: Overflow
2025-01-25 03:37:37 - NaN Check: 1 False
2025-01-25 03:37:37 - NaN Check: 2 False
2025-01-25 03:37:37 - Resonance: 16 | NetInflow: 31.5 | NetOutflow: 16 | NetOverflow: 15.5 | State: Overflow
2025-01-25 03:37:37 - NaN Check: 1 False
2025-01-25 03:37:37 - NaN Check: 2 False
2025-01-25 03:37:37 - Resonance: 16 | NetInflow: 31.5 | NetOutflow: 16 | NetOverflow: 15.5 | State: Overflow
2025-01-25 03:37:37 - NaN Check: 1 False
2025-01-25 03:37:37 - NaN Check: 2 False
2025-01-25 03:37:37 - Resonance: 16 | NetInflow: 31.5 | NetOutflow: 16 | NetOverflow: 15.5 | State: Overflow
2025-01-25 03:37:37 - NaN Check: 1 False
2025-01-25 03:37:37 - NaN Check: 2 False
2025-01-25 03:37:37 - Resonance: 16 | NetInflow: 31.5 | NetOutflow: 16 | NetOverflow: 15.5 | State: Overflow
2025-01-25 03:37:37 - NaN Check: 1 False
2025-01-25 03:37:37 - NaN Check: 2 False
2025-01-25 03:37:37 - Resonance: 16 | NetInflow: 31.5 | NetOutflow: 16 | NetOverflow: 15.5 | State: Overflow
2025-01-25 03:37:37 - NaN Check: 1 False
2025-01-25 03:37:37 - NaN Check: 2 False
2025-01-25 03:37:37 - Resonance: 16 | NetInflow: 31.5 | NetOutflow: 16 | NetOverflow: 15.5 | State: Overflow
2025-01-25 03:37:37 - NaN Check: 1 False
2025-01-25 03:37:37 - NaN Check: 2 False
2025-01-25 03:37:37 - Resonance: 16 | NetInflow: 31.5 | NetOutflow: 16 | NetOverflow: 15.5 | State: Overflow
2025-01-25 03:37:37 - NaN Check: 1 False
2025-01-25 03:37:37 - NaN Check: 2 False
2025-01-25 03:37:37 - Resonance: 16 | NetInflow: 31.5 | NetOutflow: 16 | NetOverflow: 15.5 | State: Overflow
2025-01-25 03:37:37 - NaN Check: 1 False
2025-01-25 03:37:37 - NaN Check: 2 False
2025-01-25 03:37:37 - Resonance: 16 | NetInflow: 31.5 | NetOutflow: 16 | NetOverflow: 15.5 | State: Overflow
2025-01-25 03:37:37 - NaN Check: 1 False
2025-01-25 03:37:37 - NaN Check: 2 False
2025-01-25 03:37:37 - Resonance: 16 | NetInflow: 31.5 | NetOutflow: 16 | NetOverflow: 15.5 | State: Overflow
2025-01-25 03:37:37 - NaN Check: 1 False
2025-01-25 03:37:37 - NaN Check: 2 False
2025-01-25 03:37:37 - Resonance: 16 | NetInflow: 31.5 | NetOutflow: 16 | NetOverflow: 15.5 | State: Overflow
2025-01-25 03:37:37 - NaN Check: 1 False
2025-01-25 03:37:37 - NaN Check: 2 False
2025-01-25 03:37:37 - Resonance: 16 | NetInflow: 31.5 | NetOutflow: 16 | NetOverflow: 15.5 | State: Overflow
2025-01-25 03:37:37 - NaN Check: 1 False
2025-01-25 03:37:37 - NaN Check: 2 False
2025-01-25 03:37:37 - Resonance: 16 | NetInflow: 31.5 | NetOutflow: 16 | NetOverflow: 15.5 | State: Overflow
2025-01-25 03:37:37 - NaN Check: 1 False
2025-01-25 03:37:37 - NaN Check: 2 False
2025-01-25 03:37:37 - Resonance: 16 | NetInflow: 31.5 | NetOutflow: 16 | NetOverflow: 15.5 | State: Overflow
2025-01-25 03:37:37 - NaN Check: 1 False
2025-01-25 03:37:37 - NaN Check: 2 False
2025-01-25 03:37:37 - Resonance: 16 | NetInflow: 31.5 | NetOutflow: 16 | NetOverflow: 15.5 | State: Overflow
2025-01-25 03:37:37 - NaN Check: 1 False
2025-01-25 03:37:37 - NaN Check: 2 False
2025-01-25 03:37:37 - Resonance: 16 | NetInflow: 31.5 | NetOutflow: 16 | NetOverflow: 15.5 | State: Overflow
2025-01-25 03:37:37 - NaN Check: 1 False
2025-01-25 03:37:37 - NaN Check: 2 False
2025-01-25 03:37:37 - Resonance: 16 | NetInflow: 31.5 | NetOutflow: 16 | NetOverflow: 15.5 | State: Overflow
2025-01-25 03:37:37 - NaN Check: 1 False
2025-01-25 03:37:37 - NaN Check: 2 False
2025-01-25 03:37:37 - Resonance: 16 | NetInflow: 31.5 | NetOutflow: 16 | NetOverflow: 15.5 | State: Overflow
2025-01-25 03:37:37 - NaN Check: 1 False
2025-01-25 03:37:37 - NaN Check: 2 False
2025-01-25 03:37:37 - Resonance: 16 | NetInflow: 31.5 | NetOutflow: 16 | NetOverflow: 15.5 | State: Overflow
2025-01-25 03:37:37 - NaN Check: 1 False
2025-01-25 03:37:37 - NaN Check: 2 False
2025-01-25 03:37:37 - Resonance: 16 | NetInflow: 31.5 | NetOutflow: 16 | NetOverflow: 15.5 | State: Overflow
2025-01-25 03:37:37 - NaN Check: 1 False
2025-01-25 03:37:37 - NaN Check: 2 False
2025-01-25 03:37:37 - Resonance: 16 | NetInflow: 31.5 | NetOutflow: 16 | NetOverflow: 15.5 | State: Overflow
2025-01-25 03:37:37 - NaN Check: 1 False
2025-01-25 03:37:37 - NaN Check: 2 False
2025-01-25 03:37:37 - Resonance: 16 | NetInflow: 31.5 | NetOutflow: 16 | NetOverflow: 15.5 | State: Overflow
2025-01-25 03:37:37 - NaN Check: 1 False
2025-01-25 03:37:37 - NaN Check: 2 False
2025-01-25 03:37:37 - Resonance: 16 | NetInflow: 31.5 | NetOutflow: 16 | NetOverflow: 15.5 | State: Overflow
2025-01-25 03:37:37 - NaN Check: 1 False
2025-01-25 03:37:37 - NaN Check: 2 False
2025-01-25 03:37:37 - Resonance: 16 | NetInflow: 31.5 | NetOutflow: 16 | NetOverflow: 15.5 | State: Overflow
2025-01-25 03:37:37 - NaN Check: 1 False
2025-01-25 03:37:37 - NaN Check: 2 False
2025-01-25 03:37:37 - Resonance: 16 | NetInflow: 31.5 | NetOutflow: 16 | NetOverflow: 15.5 | State: Overflow
2025-01-25 03:37:37 - NaN Check: 1 False
2025-01-25 03:37:37 - NaN Check: 2 False
2025-01-25 03:37:37 - Resonance: 16 | NetInflow: 31.5 | NetOutflow: 16 | NetOverflow: 15.5 | State: Overflow
2025-01-25 03:37:37 - NaN Check: 1 False
2025-01-25 03:37:37 - NaN Check: 2 False
2025-01-25 03:37:37 - Resonance: 16 | NetInflow: 31.5 | NetOutflow: 16 | NetOverflow: 15.5 | State: Overflow
2025-01-25 03:37:37 - NaN Check: 1 False
2025-01-25 03:37:37 - NaN Check: 2 False
2025-01-25 03:37:37 - Resonance: 16 | NetInflow: 31.5 | NetOutflow: 16 | NetOverflow: 15.5 | State: Overflow
2025-01-25 03:37:37 - NaN Check: 1 False
2025-01-25 03:37:37 - NaN Check: 2 False
2025-01-25 03:37:37 - Resonance: 16 | NetInflow: 31.5 | NetOutflow: 16 | NetOverflow: 15.5 | State: Overflow
2025-01-25 03:37:37 - NaN Check: 1 False
2025-01-25 03:37:37 - NaN Check: 2 False
2025-01-25 03:37:37 - Resonance: 16 | NetInflow: 31.5 | NetOutflow: 16 | NetOverflow: 15.5 | State: Overflow
2025-01-25 03:37:37 - NaN Check: 1 False
2025-01-25 03:37:37 - NaN Check: 2 False
2025-01-25 03:37:37 - Resonance: 16 | NetInflow: 31.5 | NetOutflow: 16 | NetOverflow: 15.5 | State: Overflow
2025-01-25 03:37:37 - NaN Check: 1 False
2025-01-25 03:37:37 - NaN Check: 2 False
2025-01-25 03:37:37 - Resonance: 16 | NetInflow: 31.5 | NetOutflow: 16 | NetOverflow: 15.5 | State: Overflow
2025-01-25 03:37:37 - NaN Check: 1 False
2025-01-25 03:37:37 - NaN Check: 2 False
2025-01-25 03:37:37 - Resonance: 16 | NetInflow: 31.5 | NetOutflow: 16 | NetOverflow: 15.5 | State: Overflow
2025-01-25 03:37:37 - NaN Check: 1 False
2025-01-25 03:37:37 - NaN Check: 2 False
2025-01-25 03:37:37 - Resonance: 16 | NetInflow: 31.5 | NetOutflow: 16 | NetOverflow: 15.5 | State: Overflow
2025-01-25 03:37:37 - NaN Check: 1 False
2025-01-25 03:37:37 - NaN Check: 2 False
2025-01-25 03:37:37 - Resonance: 16 | NetInflow: 31.5 | NetOutflow: 16 | NetOverflow: 15.5 | State: Overflow
2025-01-25 03:37:37 - NaN Check: 1 False
2025-01-25 03:37:37 - NaN Check: 2 False
2025-01-25 03:37:37 - Resonance: 16 | NetInflow: 31.5 | NetOutflow: 16 | NetOverflow: 15.5 | State: Overflow
2025-01-25 03:37:37 - NaN Check: 1 False
2025-01-25 03:37:37 - NaN Check: 2 False
2025-01-25 03:37:37 - Resonance: 16 | NetInflow: 31.5 | NetOutflow: 16 | NetOverflow: 15.5 | State: Overflow
2025-01-25 03:37:37 - NaN Check: 1 False
2025-01-25 03:37:37 - NaN Check: 2 False
2025-01-25 03:37:37 - Resonance: 16 | NetInflow: 31.5 | NetOutflow: 16 | NetOverflow: 15.5 | State: Overflow
2025-01-25 03:37:37 - NaN Check: 1 False
2025-01-25 03:37:37 - NaN Check: 2 False
2025-01-25 03:37:37 - Resonance: 16 | NetInflow: 31.5 | NetOutflow: 16 | NetOverflow: 15.5 | State: Overflow
2025-01-25 03:37:37 - NaN Check: 1 False
2025-01-25 03:37:37 - NaN Check: 2 False
2025-01-25 03:37:37 - Resonance: 16 | NetInflow: 31.5 | NetOutflow: 16 | NetOverflow: 15.5 | State: Overflow
2025-01-25 03:37:37 - NaN Check: 1 False
2025-01-25 03:37:37 - NaN Check: 2 False
2025-01-25 03:37:37 - Resonance: 16 | NetInflow: 31.5 | NetOutflow: 16 | NetOverflow: 15.5 | State: Overflow
2025-01-25 03:37:37 - NaN Check: 1 False
2025-01-25 03:37:37 - NaN Check: 2 False
2025-01-25 03:37:37 - Resonance: 16 | NetInflow: 31.5 | NetOutflow: 16 | NetOverflow: 15.5 | State: Overflow
2025-01-25 03:37:37 - NaN Check: 1 False
2025-01-25 03:37:37 - NaN Check: 2 False
2025-01-25 03:37:37 - Resonance: 16 | NetInflow: 31.5 | NetOutflow: 16 | NetOverflow: 15.5 | State: Overflow
2025-01-25 03:37:37 - NaN Check: 1 False
2025-01-25 03:37:37 - NaN Check: 2 False
2025-01-25 03:37:37 - Resonance: 16 | NetInflow: 31.5 | NetOutflow: 16 | NetOverflow: 15.5 | State: Overflow
2025-01-25 03:37:37 - NaN Check: 1 False
2025-01-25 03:37:37 - NaN Check: 2 False
2025-01-25 03:37:37 - Resonance: 16 | NetInflow: 31.5 | NetOutflow: 16 | NetOverflow: 15.5 | State: Overflow
2025-01-25 03:37:37 - NaN Check: 1 False
2025-01-25 03:37:37 - NaN Check: 2 False
2025-01-25 03:37:37 - Resonance: 16 | NetInflow: 31.5 | NetOutflow: 16 | NetOverflow: 15.5 | State: Overflow
2025-01-25 03:37:37 - NaN Check: 1 False
2025-01-25 03:37:37 - NaN Check: 2 False
2025-01-25 03:37:37 - Resonance: 16 | NetInflow: 31.5 | NetOutflow: 16 | NetOverflow: 15.5 | State: Overflow
2025-01-25 03:37:37 - NaN Check: 1 False
2025-01-25 03:37:37 - NaN Check: 2 False
2025-01-25 03:37:37 - Resonance: 16 | NetInflow: 31.5 | NetOutflow: 16 | NetOverflow: 15.5 | State: Overflow
2025-01-25 03:37:37 - NaN Check: 1 False
2025-01-25 03:37:37 - NaN Check: 2 False
2025-01-25 03:37:37 - Resonance: 16 | NetInflow: 31.5 | NetOutflow: 16 | NetOverflow: 15.5 | State: Overflow
2025-01-25 03:37:37 - NaN Check: 1 False
2025-01-25 03:37:37 - NaN Check: 2 False
2025-01-25 03:37:37 - Resonance: 16 | NetInflow: 31.5 | NetOutflow: 16 | NetOverflow: 15.5 | State: Overflow
2025-01-25 03:37:37 - NaN Check: 1 False
2025-01-25 03:37:37 - NaN Check: 2 False
2025-01-25 03:37:37 - Resonance: 16 | NetInflow: 31.5 | NetOutflow: 16 | NetOverflow: 15.5 | State: Overflow
2025-01-25 03:37:37 - NaN Check: 1 False
2025-01-25 03:37:37 - NaN Check: 2 False
2025-01-25 03:37:37 - Resonance: 16 | NetInflow: 31.5 | NetOutflow: 16 | NetOverflow: 15.5 | State: Overflow
2025-01-25 03:37:37 - NaN Check: 1 False
2025-01-25 03:37:37 - NaN Check: 2 False
2025-01-25 03:37:37 - Resonance: 16 | NetInflow: 31.5 | NetOutflow: 16 | NetOverflow: 15.5 | State: Overflow
2025-01-25 03:37:37 - NaN Check: 1 False
2025-01-25 03:37:37 - NaN Check: 2 False
2025-01-25 03:37:37 - Resonance: 16 | NetInflow: 31.5 | NetOutflow: 16 | NetOverflow: 15.5 | State: Overflow
2025-01-25 03:37:37 - NaN Check: 1 False
2025-01-25 03:37:37 - NaN Check: 2 False
2025-01-25 03:37:37 - Resonance: 16 | NetInflow: 31.5 | NetOutflow: 16 | NetOverflow: 15.5 | State: Overflow
2025-01-25 03:37:37 - NaN Check: 1 False
2025-01-25 03:37:37 - NaN Check: 2 False
2025-01-25 03:37:37 - Resonance: 16 | NetInflow: 31.5 | NetOutflow: 16 | NetOverflow: 15.5 | State: Overflow
2025-01-25 03:37:37 - NaN Check: 1 False
2025-01-25 03:37:37 - NaN Check: 2 False
2025-01-25 03:37:37 - Resonance: 16 | NetInflow: 31.5 | NetOutflow: 16 | NetOverflow: 15.5 | State: Overflow
2025-01-25 03:37:37 - NaN Check: 1 False
2025-01-25 03:37:37 - NaN Check: 2 False
2025-01-25 03:37:37 - Resonance: 16 | NetInflow: 31.5 | NetOutflow: 16 | NetOverflow: 15.5 | State: Overflow
2025-01-25 03:37:37 - NaN Check: 1 False
2025-01-25 03:37:37 - NaN Check: 2 False
2025-01-25 03:37:37 - Resonance: 16 | NetInflow: 31.5 | NetOutflow: 16 | NetOverflow: 15.5 | State: Overflow
2025-01-25 03:37:37 - NaN Check: 1 False
2025-01-25 03:37:37 - NaN Check: 2 False
2025-01-25 03:37:37 - Resonance: 16 | NetInflow: 31.5 | NetOutflow: 16 | NetOverflow: 15.5 | State: Overflow
2025-01-25 03:37:37 - NaN Check: 1 False
2025-01-25 03:37:37 - NaN Check: 2 False
2025-01-25 03:37:37 - Resonance: 16 | NetInflow: 31.5 | NetOutflow: 16 | NetOverflow: 15.5 | State: Overflow
2025-01-25 03:37:37 - NaN Check: 1 False
2025-01-25 03:37:37 - NaN Check: 2 False
2025-01-25 03:37:37 - Resonance: 16 | NetInflow: 31.5 | NetOutflow: 16 | NetOverflow: 15.5 | State: Overflow
2025-01-25 03:37:37 - NaN Check: 1 False
2025-01-25 03:37:37 - NaN Check: 2 False
2025-01-25 03:37:37 - Resonance: 16 | NetInflow: 31.5 | NetOutflow: 16 | NetOverflow: 15.5 | State: Overflow
2025-01-25 03:37:37 - NaN Check: 1 False
2025-01-25 03:37:37 - NaN Check: 2 False
2025-01-25 03:37:37 - Resonance: 16 | NetInflow: 31.5 | NetOutflow: 16 | NetOverflow: 15.5 | State: Overflow
2025-01-25 03:37:37 - NaN Check: 1 False
2025-01-25 03:37:37 - NaN Check: 2 False
2025-01-25 03:37:37 - Resonance: 16 | NetInflow: 31.5 | NetOutflow: 16 | NetOverflow: 15.5 | State: Overflow
2025-01-25 03:37:37 - NaN Check: 1 False
2025-01-25 03:37:37 - NaN Check: 2 False
2025-01-25 03:37:37 - Resonance: 16 | NetInflow: 31.5 | NetOutflow: 16 | NetOverflow: 15.5 | State: Overflow
2025-01-25 03:37:37 - NaN Check: 1 False
2025-01-25 03:37:37 - NaN Check: 2 False
2025-01-25 03:37:37 - Resonance: 16 | NetInflow: 31.5 | NetOutflow: 16 | NetOverflow: 15.5 | State: Overflow
2025-01-25 03:37:37 - NaN Check: 1 False
2025-01-25 03:37:37 - NaN Check: 2 False
2025-01-25 03:37:37 - Resonance: 16 | NetInflow: 31.5 | NetOutflow: 16 | NetOverflow: 15.5 | State: Overflow
2025-01-25 03:37:37 - NaN Check: 1 False
2025-01-25 03:37:37 - NaN Check: 2 False
2025-01-25 03:37:37 - Resonance: 16 | NetInflow: 31.5 | NetOutflow: 16 | NetOverflow: 15.5 | State: Overflow
2025-01-25 03:37:37 - NaN Check: 1 False
2025-01-25 03:37:37 - NaN Check: 2 False
2025-01-25 03:37:37 - Resonance: 16 | NetInflow: 31.5 | NetOutflow: 16 | NetOverflow: 15.5 | State: Overflow
2025-01-25 03:37:37 - NaN Check: 1 False
2025-01-25 03:37:37 - NaN Check: 2 False
2025-01-25 03:37:37 - Resonance: 16 | NetInflow: 31.5 | NetOutflow: 16 | NetOverflow: 15.5 | State: Overflow
2025-01-25 03:37:37 - NaN Check: 1 False
2025-01-25 03:37:37 - NaN Check: 2 False
2025-01-25 03:37:37 - Resonance: 16 | NetInflow: 31.5 | NetOutflow: 16 | NetOverflow: 15.5 | State: Overflow
2025-01-25 03:37:37 - NaN Check: 1 False
2025-01-25 03:37:37 - NaN Check: 2 False
2025-01-25 03:37:37 - Resonance: 16 | NetInflow: 31.5 | NetOutflow: 16 | NetOverflow: 15.5 | State: Overflow
2025-01-25 03:37:37 - NaN Check: 1 False
2025-01-25 03:37:37 - NaN Check: 2 False
2025-01-25 03:37:37 - Resonance: 16 | NetInflow: 31.5 | NetOutflow: 16 | NetOverflow: 15.5 | State: Overflow
2025-01-25 03:37:37 - NaN Check: 1 False
2025-01-25 03:37:37 - NaN Check: 2 False
2025-01-25 03:37:37 - Resonance: 16 | NetInflow: 31.5 | NetOutflow: 16 | NetOverflow: 15.5 | State: Overflow
2025-01-25 03:37:37 - NaN Check: 1 False
2025-01-25 03:37:37 - NaN Check: 2 False
2025-01-25 03:37:37 - Resonance: 16 | NetInflow: 31.5 | NetOutflow: 16 | NetOverflow: 15.5 | State: Overflow
2025-01-25 03:37:37 - NaN Check: 1 False
2025-01-25 03:37:37 - NaN Check: 2 False
2025-01-25 03:37:37 - Resonance: 16 | NetInflow: 31.5 | NetOutflow: 16 | NetOverflow: 15.5 | State: Overflow
2025-01-25 03:37:37 - NaN Check: 1 False
2025-01-25 03:37:37 - NaN Check: 2 False
2025-01-25 03:37:37 - Resonance: 16 | NetInflow: 31.5 | NetOutflow: 16 | NetOverflow: 15.5 | State: Overflow
2025-01-25 03:37:37 - NaN Check: 1 False
2025-01-25 03:37:37 - NaN Check: 2 False
2025-01-25 03:37:37 - Resonance: 16 | NetInflow: 31.5 | NetOutflow: 16 | NetOverflow: 15.5 | State: Overflow
2025-01-25 03:37:37 - NaN Check: 1 False
2025-01-25 03:37:37 - NaN Check: 2 False
2025-01-25 03:37:37 - Resonance: 16 | NetInflow: 31.5 | NetOutflow: 16 | NetOverflow: 15.5 | State: Overflow
2025-01-25 03:37:37 - NaN Check: 1 False
2025-01-25 03:37:37 - NaN Check: 2 False
2025-01-25 03:37:37 - Resonance: 16 | NetInflow: 31.5 | NetOutflow: 16 | NetOverflow: 15.5 | State: Overflow
2025-01-25 03:37:37 - NaN Check: 1 False
2025-01-25 03:37:37 - NaN Check: 2 False
2025-01-25 03:37:37 - Resonance: 16 | NetInflow: 31.5 | NetOutflow: 16 | NetOverflow: 15.5 | State: Overflow
2025-01-25 03:37:37 - NaN Check: 1 False
2025-01-25 03:37:37 - NaN Check: 2 False
2025-01-25 03:37:37 - Resonance: 16 | NetInflow: 31.5 | NetOutflow: 16 | NetOverflow: 15.5 | State: Overflow
2025-01-25 03:37:37 - NaN Check: 1 False
2025-01-25 03:37:37 - NaN Check: 2 False
2025-01-25 03:37:37 - Resonance: 16 | NetInflow: 31.5 | NetOutflow: 16 | NetOverflow: 15.5 | State: Overflow
2025-01-25 03:37:37 - NaN Check: 1 False
2025-01-25 03:37:37 - NaN Check: 2 False
2025-01-25 03:37:37 - Resonance: 16 | NetInflow: 31.5 | NetOutflow: 16 | NetOverflow: 15.5 | State: Overflow
2025-01-25 03:37:37 - NaN Check: 1 False
2025-01-25 03:37:37 - NaN Check: 2 False
2025-01-25 03:37:37 - Resonance: 16 | NetInflow: 31.5 | NetOutflow: 16 | NetOverflow: 15.5 | State: Overflow
2025-01-25 03:37:37 - NaN Check: 1 False
2025-01-25 03:37:37 - NaN Check: 2 False
2025-01-25 03:37:37 - Resonance: 16 | NetInflow: 31.5 | NetOutflow: 16 | NetOverflow: 15.5 | State: Overflow
2025-01-25 03:37:37 - NaN Check: 1 False
2025-01-25 03:37:37 - NaN Check: 2 False
2025-01-25 03:37:37 - Resonance: 16 | NetInflow: 31.5 | NetOutflow: 16 | NetOverflow: 15.5 | State: Overflow
2025-01-25 03:37:37 - NaN Check: 1 False
2025-01-25 03:37:37 - NaN Check: 2 False
2025-01-25 03:37:37 - Resonance: 16 | NetInflow: 31.5 | NetOutflow: 16 | NetOverflow: 15.5 | State: Overflow
2025-01-25 03:37:37 - NaN Check: 1 False
2025-01-25 03:37:37 - NaN Check: 2 False
2025-01-25 03:37:37 - Resonance: 16 | NetInflow: 31.5 | NetOutflow: 16 | NetOverflow: 15.5 | State: Overflow
2025-01-25 03:37:37 - NaN Check: 1 False
2025-01-25 03:37:37 - NaN Check: 2 False
2025-01-25 03:37:37 - Resonance: 16 | NetInflow: 31.5 | NetOutflow: 16 | NetOverflow: 15.5 | State: Overflow
2025-01-25 03:37:37 - NaN Check: 1 False
2025-01-25 03:37:37 - NaN Check: 2 False
2025-01-25 03:37:37 - Resonance: 16 | NetInflow: 31.5 | NetOutflow: 16 | NetOverflow: 15.5 | State: Overflow
2025-01-25 03:37:37 - NaN Check: 1 False
2025-01-25 03:37:37 - NaN Check: 2 False
2025-01-25 03:37:37 - Resonance: 16 | NetInflow: 31.5 | NetOutflow: 16 | NetOverflow: 15.5 | State: Overflow
2025-01-25 03:37:37 - NaN Check: 1 False
2025-01-25 03:37:37 - NaN Check: 2 False
2025-01-25 03:37:37 - Resonance: 16 | NetInflow: 31.5 | NetOutflow: 16 | NetOverflow: 15.5 | State: Overflow
2025-01-25 03:37:37 - NaN Check: 1 False
2025-01-25 03:37:37 - NaN Check: 2 False
2025-01-25 03:37:37 - Resonance: 16 | NetInflow: 31.5 | NetOutflow: 16 | NetOverflow: 15.5 | State: Overflow
2025-01-25 03:37:37 - NaN Check: 1 False
2025-01-25 03:37:37 - NaN Check: 2 False
2025-01-25 03:37:37 - Resonance: 16 | NetInflow: 31.5 | NetOutflow: 16 | NetOverflow: 15.5 | State: Overflow
2025-01-25 03:37:37 - NaN Check: 1 False
2025-01-25 03:37:37 - NaN Check: 2 False
2025-01-25 03:37:37 - Resonance: 16 | NetInflow: 31.5 | NetOutflow: 16 | NetOverflow: 15.5 | State: Overflow
2025-01-25 03:37:37 - NaN Check: 1 False
2025-01-25 03:37:37 - NaN Check: 2 False
2025-01-25 03:37:37 - Resonance: 16 | NetInflow: 31.5 | NetOutflow: 16 | NetOverflow: 15.5 | State: Overflow
2025-01-25 03:37:37 - NaN Check: 1 False
2025-01-25 03:37:37 - NaN Check: 2 False
2025-01-25 03:37:37 - Resonance: 16 | NetInflow: 31.5 | NetOutflow: 16 | NetOverflow: 15.5 | State: Overflow
2025-01-25 03:37:37 - NaN Check: 1 False
2025-01-25 03:37:37 - NaN Check: 2 False
2025-01-25 03:37:37 - Resonance: 16 | NetInflow: 31.5 | NetOutflow: 16 | NetOverflow: 15.5 | State: Overflow
2025-01-25 03:37:37 - NaN Check: 1 False
2025-01-25 03:37:37 - NaN Check: 2 False
2025-01-25 03:37:37 - Resonance: 16 | NetInflow: 31.5 | NetOutflow: 16 | NetOverflow: 15.5 | State: Overflow
2025-01-25 03:37:37 - NaN Check: 1 False
2025-01-25 03:37:37 - NaN Check: 2 False
2025-01-25 03:37:37 - Resonance: 16 | NetInflow: 31.5 | NetOutflow: 16 | NetOverflow: 15.5 | State: Overflow
2025-01-25 03:37:37 - NaN Check: 1 False
2025-01-25 03:37:37 - NaN Check: 2 False
2025-01-25 03:37:37 - Resonance: 16 | NetInflow: 31.5 | NetOutflow: 16 | NetOverflow: 15.5 | State: Overflow
2025-01-25 03:37:37 - NaN Check: 1 False
2025-01-25 03:37:37 - NaN Check: 2 False
2025-01-25 03:37:37 - Resonance: 16 | NetInflow: 31.5 | NetOutflow: 16 | NetOverflow: 15.5 | State: Overflow
2025-01-25 03:37:37 - NaN Check: 1 False
2025-01-25 03:37:37 - NaN Check: 2 False
2025-01-25 03:37:37 - Resonance: 16 | NetInflow: 31.5 | NetOutflow: 16 | NetOverflow: 15.5 | State: Overflow
2025-01-25 03:37:37 - NaN Check: 1 False
2025-01-25 03:37:37 - NaN Check: 2 False
2025-01-25 03:37:37 - Resonance: 16 | NetInflow: 31.5 | NetOutflow: 16 | NetOverflow: 15.5 | State: Overflow
2025-01-25 03:37:37 - NaN Check: 1 False
2025-01-25 03:37:37 - NaN Check: 2 False
2025-01-25 03:37:37 - Resonance: 16 | NetInflow: 31.5 | NetOutflow: 16 | NetOverflow: 15.5 | State: Overflow
2025-01-25 03:37:37 - NaN Check: 1 False
2025-01-25 03:37:37 - NaN Check: 2 False
2025-01-25 03:37:37 - Resonance: 16 | NetInflow: 31.5 | NetOutflow: 16 | NetOverflow: 15.5 | State: Overflow
2025-01-25 03:37:37 - NaN Check: 1 False
2025-01-25 03:37:37 - NaN Check: 2 False
2025-01-25 03:37:37 - Resonance: 16 | NetInflow: 31.5 | NetOutflow: 16 | NetOverflow: 15.5 | State: Overflow
2025-01-25 03:37:37 - NaN Check: 1 False
2025-01-25 03:37:37 - NaN Check: 2 False
2025-01-25 03:37:37 - Resonance: 16 | NetInflow: 31.5 | NetOutflow: 16 | NetOverflow: 15.5 | State: Overflow
2025-01-25 03:37:37 - NaN Check: 1 False
2025-01-25 03:37:37 - NaN Check: 2 False
2025-01-25 03:37:37 - Resonance: 16 | NetInflow: 31.5 | NetOutflow: 16 | NetOverflow: 15.5 | State: Overflow
2025-01-25 03:37:37 - NaN Check: 1 False
2025-01-25 03:37:37 - NaN Check: 2 False
2025-01-25 03:37:37 - Resonance: 16 | NetInflow: 31.5 | NetOutflow: 16 | NetOverflow: 15.5 | State: Overflow
2025-01-25 03:37:37 - NaN Check: 1 False
2025-01-25 03:37:37 - NaN Check: 2 False
2025-01-25 03:37:37 - Resonance: 16 | NetInflow: 31.5 | NetOutflow: 16 | NetOverflow: 15.5 | State: Overflow
2025-01-25 03:37:37 - NaN Check: 1 False
2025-01-25 03:37:37 - NaN Check: 2 False
2025-01-25 03:37:37 - Resonance: 16 | NetInflow: 31.5 | NetOutflow: 16 | NetOverflow: 15.5 | State: Overflow
2025-01-25 03:37:37 - NaN Check: 1 False
2025-01-25 03:37:37 - NaN Check: 2 False
2025-01-25 03:37:37 - Resonance: 16 | NetInflow: 31.5 | NetOutflow: 16 | NetOverflow: 15.5 | State: Overflow
2025-01-25 03:37:37 - NaN Check: 1 False
2025-01-25 03:37:37 - NaN Check: 2 False
2025-01-25 03:37:37 - Resonance: 16 | NetInflow: 31.5 | NetOutflow: 16 | NetOverflow: 15.5 | State: Overflow
2025-01-25 03:37:37 - NaN Check: 1 False
2025-01-25 03:37:37 - NaN Check: 2 False
2025-01-25 03:37:37 - Resonance: 16 | NetInflow: 31.5 | NetOutflow: 16 | NetOverflow: 15.5 | State: Overflow
2025-01-25 03:37:37 - NaN Check: 1 False
2025-01-25 03:37:37 - NaN Check: 2 False
2025-01-25 03:37:37 - Resonance: 16 | NetInflow: 31.5 | NetOutflow: 16 | NetOverflow: 15.5 | State: Overflow
2025-01-25 03:37:37 - NaN Check: 1 False
2025-01-25 03:37:37 - NaN Check: 2 False
2025-01-25 03:37:37 - Resonance: 16 | NetInflow: 31.5 | NetOutflow: 16 | NetOverflow: 15.5 | State: Overflow
2025-01-25 03:37:37 - NaN Check: 1 False
2025-01-25 03:37:37 - NaN Check: 2 False
2025-01-25 03:37:37 - Resonance: 16 | NetInflow: 31.5 | NetOutflow: 16 | NetOverflow: 15.5 | State: Overflow
2025-01-25 03:37:37 - NaN Check: 1 False
2025-01-25 03:37:37 - NaN Check: 2 False
2025-01-25 03:37:37 - Resonance: 16 | NetInflow: 31.5 | NetOutflow: 16 | NetOverflow: 15.5 | State: Overflow
2025-01-25 03:37:37 - NaN Check: 1 False
2025-01-25 03:37:37 - NaN Check: 2 False
2025-01-25 03:37:37 - Resonance: 16 | NetInflow: 31.5 | NetOutflow: 16 | NetOverflow: 15.5 | State: Overflow
2025-01-25 03:37:37 - NaN Check: 1 False
2025-01-25 03:37:37 - NaN Check: 2 False
2025-01-25 03:37:37 - Resonance: 16 | NetInflow: 31.5 | NetOutflow: 16 | NetOverflow: 15.5 | State: Overflow
2025-01-25 03:37:37 - NaN Check: 1 False
2025-01-25 03:37:37 - NaN Check: 2 False
2025-01-25 03:37:37 - Resonance: 16 | NetInflow: 31.5 | NetOutflow: 16 | NetOverflow: 15.5 | State: Overflow
2025-01-25 03:37:37 - NaN Check: 1 False
2025-01-25 03:37:37 - NaN Check: 2 False
2025-01-25 03:37:37 - Resonance: 16 | NetInflow: 31.5 | NetOutflow: 16 | NetOverflow: 15.5 | State: Overflow
2025-01-25 03:37:37 - NaN Check: 1 False
2025-01-25 03:37:37 - NaN Check: 2 False
2025-01-25 03:37:37 - Resonance: 16 | NetInflow: 31.5 | NetOutflow: 16 | NetOverflow: 15.5 | State: Overflow
2025-01-25 03:37:37 - NaN Check: 1 False
2025-01-25 03:37:37 - NaN Check: 2 False
2025-01-25 03:37:37 - Resonance: 16 | NetInflow: 31.5 | NetOutflow: 16 | NetOverflow: 15.5 | State: Overflow
2025-01-25 03:37:37 - NaN Check: 1 False
2025-01-25 03:37:37 - NaN Check: 2 False
2025-01-25 03:37:37 - Resonance: 16 | NetInflow: 31.5 | NetOutflow: 16 | NetOverflow: 15.5 | State: Overflow
2025-01-25 03:37:37 - NaN Check: 1 False
2025-01-25 03:37:37 - NaN Check: 2 False
2025-01-25 03:37:37 - Resonance: 16 | NetInflow: 31.5 | NetOutflow: 16 | NetOverflow: 15.5 | State: Overflow
2025-01-25 03:37:37 - NaN Check: 1 False
2025-01-25 03:37:37 - NaN Check: 2 False
2025-01-25 03:37:37 - Resonance: 16 | NetInflow: 31.5 | NetOutflow: 16 | NetOverflow: 15.5 | State: Overflow
2025-01-25 03:37:37 - NaN Check: 1 False
2025-01-25 03:37:37 - NaN Check: 2 False
2025-01-25 03:37:37 - Resonance: 16 | NetInflow: 31.5 | NetOutflow: 16 | NetOverflow: 15.5 | State: Overflow
2025-01-25 03:37:37 - NaN Check: 1 False
2025-01-25 03:37:37 - NaN Check: 2 False
2025-01-25 03:37:37 - Resonance: 16 | NetInflow: 31.5 | NetOutflow: 16 | NetOverflow: 15.5 | State: Overflow
2025-01-25 03:37:37 - NaN Check: 1 False
2025-01-25 03:37:37 - NaN Check: 2 False
2025-01-25 03:37:37 - Resonance: 16 | NetInflow: 31.5 | NetOutflow: 16 | NetOverflow: 15.5 | State: Overflow
2025-01-25 03:37:37 - NaN Check: 1 False
2025-01-25 03:37:37 - NaN Check: 2 False
2025-01-25 03:37:37 - Resonance: 16 | NetInflow: 31.5 | NetOutflow: 16 | NetOverflow: 15.5 | State: Overflow
