2025-02-16 07:12:28 - Debugger session started.
2025-02-16 07:12:28 - Chord 1
2025-02-16 07:12:28 - Midi Index: -0 | Note Name: C-1
2025-02-16 07:12:28 - Midi Index: 4 | Note Name: E-1
2025-02-16 07:12:28 - Midi Index: 7 | Note Name: G-1
2025-02-16 07:12:28 - Midi Index: 11 | Note Name: B-1
2025-02-16 07:12:28 - Chord 2
2025-02-16 07:12:28 - Midi Index: 5 | Note Name: F-1
2025-02-16 07:12:28 - Midi Index: 9 | Note Name: A-1
2025-02-16 07:12:28 - Midi Index: 12 | Note Name: C0
2025-02-16 07:12:28 - Midi Index: 16 | Note Name: E0
2025-02-16 07:12:28 - Chord 3
2025-02-16 07:12:28 - Midi Index: 5 | Note Name: F-1
2025-02-16 07:12:28 - Midi Index: 9 | Note Name: A-1
2025-02-16 07:12:28 - Midi Index: 14 | Note Name: D0
2025-02-16 07:12:28 - Chord 4
2025-02-16 07:12:28 - Midi Index: 4 | Note Name: E-1
2025-02-16 07:12:28 - Midi Index: 8 | Note Name: G#/Ab-1
2025-02-16 07:12:28 - Midi Index: 11 | Note Name: B-1
2025-02-16 07:12:28 - Midi Index: 14 | Note Name: D0
2025-02-16 07:12:28 - Chord 5
2025-02-16 07:12:28 - Midi Index: 4 | Note Name: E-1
2025-02-16 07:12:28 - Midi Index: 9 | Note Name: A-1
2025-02-16 07:12:28 - Midi Index: 12 | Note Name: C0
2025-02-16 07:12:28 - Chord 6
2025-02-16 07:12:28 - Midi Index: 7 | Note Name: G-1
2025-02-16 07:12:28 - Midi Index: 11 | Note Name: B-1
2025-02-16 07:12:28 - Midi Index: 14 | Note Name: D0
2025-02-16 07:12:28 - Chord 7
2025-02-16 07:12:28 - Midi Index: -0 | Note Name: C-1
2025-02-16 07:12:28 - Midi Index: 4 | Note Name: E-1
2025-02-16 07:12:28 - Midi Index: 7 | Note Name: G-1
2025-02-16 07:12:28 - Midi Index: 11 | Note Name: B-1
2025-02-16 07:12:28 - Midi Index: 16 | Note Name: E0
