2025-01-27 01:19:01 - Debugger session started.
2025-01-27 01:19:01 - BasilMuguet Test_1 started
2025-01-27 01:19:01 -  - - - Adding pulse number 0 with midi index 84. - - -
2025-01-27 01:19:01 - Pulse Index: 0 | Midi Index: 48 | Intensity: 32 | Note Name: C3
2025-01-27 01:19:01 - Pulse Index: 1 | Midi Index: 84 | Intensity: 23 | Note Name: C6
2025-01-27 01:19:01 - 
Logging Idyll Amount:

2025-01-27 01:19:01 - Resonance: 0 | NetInflow: 2 | NetOutflow: 0 | NetOverflow: 0 | State: Active
2025-01-27 01:19:01 - Resonance: 0 | NetInflow: 2 | NetOutflow: 2 | NetOverflow: 0 | State: Active
2025-01-27 01:19:01 - Resonance: 0 | NetInflow: 2 | NetOutflow: 2 | NetOverflow: 0 | State: Active
2025-01-27 01:19:01 - Resonance: 0 | NetInflow: 2 | NetOutflow: 2 | NetOverflow: 0 | State: Active
2025-01-27 01:19:01 - Resonance: 0 | NetInflow: 2 | NetOutflow: 2 | NetOverflow: 0 | State: Active
2025-01-27 01:19:01 - Resonance: 0 | NetInflow: 2 | NetOutflow: 2 | NetOverflow: 0 | State: Active
2025-01-27 01:19:01 - Resonance: 0 | NetInflow: 2 | NetOutflow: 2 | NetOverflow: 0 | State: Active
2025-01-27 01:19:01 - Resonance: 0 | NetInflow: 2 | NetOutflow: 2 | NetOverflow: 0 | State: Active
2025-01-27 01:19:01 - Resonance: 0 | NetInflow: 2 | NetOutflow: 2 | NetOverflow: 0 | State: Active
2025-01-27 01:19:01 - Resonance: 0 | NetInflow: 2 | NetOutflow: 2 | NetOverflow: 0 | State: Active
2025-01-27 01:19:01 - Resonance: 0 | NetInflow: 2 | NetOutflow: 2 | NetOverflow: 0 | State: Active
2025-01-27 01:19:01 - Resonance: 0 | NetInflow: 2 | NetOutflow: 2 | NetOverflow: 0 | State: Active
2025-01-27 01:19:01 - Resonance: 0 | NetInflow: 2 | NetOutflow: 2 | NetOverflow: 0 | State: Active
2025-01-27 01:19:01 - Resonance: 0 | NetInflow: 2 | NetOutflow: 2 | NetOverflow: 0 | State: Active
2025-01-27 01:19:01 - Resonance: 0 | NetInflow: 2 | NetOutflow: 2 | NetOverflow: 0 | State: Active
2025-01-27 01:19:01 - Resonance: 0 | NetInflow: 2 | NetOutflow: 2 | NetOverflow: 0 | State: Active
2025-01-27 01:19:01 - Resonance: 0 | NetInflow: 2 | NetOutflow: 2 | NetOverflow: 0 | State: Active
2025-01-27 01:19:01 - Resonance: 0 | NetInflow: 2 | NetOutflow: 2 | NetOverflow: 0 | State: Active
2025-01-27 01:19:01 - Resonance: 0 | NetInflow: 2 | NetOutflow: 2 | NetOverflow: 0 | State: Active
2025-01-27 01:19:01 - Resonance: 0 | NetInflow: 2 | NetOutflow: 2 | NetOverflow: 0 | State: Active
2025-01-27 01:19:01 - Resonance: 0 | NetInflow: 2 | NetOutflow: 2 | NetOverflow: 0 | State: Active
2025-01-27 01:19:01 - Resonance: 0 | NetInflow: 2 | NetOutflow: 2 | NetOverflow: 0 | State: Active
2025-01-27 01:19:01 - Resonance: 0 | NetInflow: 2 | NetOutflow: 2 | NetOverflow: 0 | State: Active
2025-01-27 01:19:01 - Resonance: 0 | NetInflow: 2 | NetOutflow: 2 | NetOverflow: 0 | State: Active
2025-01-27 01:19:01 - Resonance: 0 | NetInflow: 2 | NetOutflow: 2 | NetOverflow: 0 | State: Active
2025-01-27 01:19:01 - Resonance: 0 | NetInflow: 2 | NetOutflow: 2 | NetOverflow: 0 | State: Active
2025-01-27 01:19:01 - Resonance: 0 | NetInflow: 2 | NetOutflow: 2 | NetOverflow: 0 | State: Active
2025-01-27 01:19:01 - Resonance: 0 | NetInflow: 2 | NetOutflow: 2 | NetOverflow: 0 | State: Active
2025-01-27 01:19:01 - Resonance: 0 | NetInflow: 2 | NetOutflow: 2 | NetOverflow: 0 | State: Active
2025-01-27 01:19:01 - Resonance: 0 | NetInflow: 2 | NetOutflow: 2 | NetOverflow: 0 | State: Active
2025-01-27 01:19:01 - Resonance: 0 | NetInflow: 2 | NetOutflow: 2 | NetOverflow: 0 | State: Active
2025-01-27 01:19:01 - Resonance: 0 | NetInflow: 2 | NetOutflow: 2 | NetOverflow: 0 | State: Active
2025-01-27 01:19:01 - Resonance: 0 | NetInflow: 2 | NetOutflow: 2 | NetOverflow: 0 | State: Active
2025-01-27 01:19:01 - Resonance: 0 | NetInflow: 2 | NetOutflow: 2 | NetOverflow: 0 | State: Active
2025-01-27 01:19:01 - Resonance: 0 | NetInflow: 2 | NetOutflow: 2 | NetOverflow: 0 | State: Active
2025-01-27 01:19:01 - Resonance: 0 | NetInflow: 2 | NetOutflow: 2 | NetOverflow: 0 | State: Active
2025-01-27 01:19:01 - Resonance: 0 | NetInflow: 2 | NetOutflow: 2 | NetOverflow: 0 | State: Active
2025-01-27 01:19:01 - Resonance: 0 | NetInflow: 2 | NetOutflow: 2 | NetOverflow: 0 | State: Active
2025-01-27 01:19:01 - Resonance: 0 | NetInflow: 2 | NetOutflow: 2 | NetOverflow: 0 | State: Active
2025-01-27 01:19:01 - Resonance: 0 | NetInflow: 2 | NetOutflow: 2 | NetOverflow: 0 | State: Active
2025-01-27 01:19:01 - Resonance: 0 | NetInflow: 2 | NetOutflow: 2 | NetOverflow: 0 | State: Active
2025-01-27 01:19:01 - Resonance: 0 | NetInflow: 2 | NetOutflow: 2 | NetOverflow: 0 | State: Active
2025-01-27 01:19:01 - Resonance: 0 | NetInflow: 2 | NetOutflow: 2 | NetOverflow: 0 | State: Active
2025-01-27 01:19:01 - Resonance: 0 | NetInflow: 2 | NetOutflow: 2 | NetOverflow: 0 | State: Active
2025-01-27 01:19:01 - Resonance: 0 | NetInflow: 2 | NetOutflow: 2 | NetOverflow: 0 | State: Active
2025-01-27 01:19:01 - Resonance: 0 | NetInflow: 2 | NetOutflow: 2 | NetOverflow: 0 | State: Active
2025-01-27 01:19:01 - Resonance: 0 | NetInflow: 2 | NetOutflow: 2 | NetOverflow: 0 | State: Active
2025-01-27 01:19:01 - Resonance: 0 | NetInflow: 2 | NetOutflow: 2 | NetOverflow: 0 | State: Active
2025-01-27 01:19:01 - Resonance: 0 | NetInflow: 2 | NetOutflow: 2 | NetOverflow: 0 | State: Active
2025-01-27 01:19:01 - Resonance: 0 | NetInflow: 2 | NetOutflow: 2 | NetOverflow: 0 | State: Active
2025-01-27 01:19:01 -  - - - Adding pulse number 1 with midi index 119. - - -
2025-01-27 01:19:01 - Pulse Index: 0 | Midi Index: 48 | Intensity: 32 | Note Name: C3
2025-01-27 01:19:01 - Pulse Index: 1 | Midi Index: 84 | Intensity: 23 | Note Name: C6
2025-01-27 01:19:01 - Pulse Index: 2 | Midi Index: 119 | Intensity: 43 | Note Name: B8
2025-01-27 01:19:01 - 
Logging Idyll Amount:

2025-01-27 01:19:01 - Resonance: 0 | NetInflow: 2 | NetOutflow: 2 | NetOverflow: 0 | State: Active
2025-01-27 01:19:01 - Resonance: 0 | NetInflow: 2 | NetOutflow: 2 | NetOverflow: 0 | State: Active
2025-01-27 01:19:01 - Resonance: 0 | NetInflow: 2 | NetOutflow: 2 | NetOverflow: 0 | State: Active
2025-01-27 01:19:01 - Resonance: 0 | NetInflow: 2 | NetOutflow: 2 | NetOverflow: 0 | State: Active
2025-01-27 01:19:01 - Resonance: 0 | NetInflow: 2 | NetOutflow: 2 | NetOverflow: 0 | State: Active
2025-01-27 01:19:01 - Resonance: 0 | NetInflow: 2 | NetOutflow: 2 | NetOverflow: 0 | State: Active
2025-01-27 01:19:01 - Resonance: 0 | NetInflow: 2 | NetOutflow: 2 | NetOverflow: 0 | State: Active
2025-01-27 01:19:01 - Resonance: 0 | NetInflow: 2 | NetOutflow: 2 | NetOverflow: 0 | State: Active
2025-01-27 01:19:01 - Resonance: 0 | NetInflow: 2 | NetOutflow: 2 | NetOverflow: 0 | State: Active
2025-01-27 01:19:01 - Resonance: 0 | NetInflow: 2 | NetOutflow: 2 | NetOverflow: 0 | State: Active
2025-01-27 01:19:01 - Resonance: 0 | NetInflow: 2 | NetOutflow: 2 | NetOverflow: 0 | State: Active
2025-01-27 01:19:01 - Resonance: 0 | NetInflow: 2 | NetOutflow: 2 | NetOverflow: 0 | State: Active
2025-01-27 01:19:01 - Resonance: 0 | NetInflow: 2 | NetOutflow: 2 | NetOverflow: 0 | State: Active
2025-01-27 01:19:01 - Resonance: 0 | NetInflow: 2 | NetOutflow: 2 | NetOverflow: 0 | State: Active
2025-01-27 01:19:01 - Resonance: 0 | NetInflow: 2 | NetOutflow: 2 | NetOverflow: 0 | State: Active
2025-01-27 01:19:01 - Resonance: 0 | NetInflow: 2 | NetOutflow: 2 | NetOverflow: 0 | State: Active
2025-01-27 01:19:01 - Resonance: 0 | NetInflow: 2 | NetOutflow: 2 | NetOverflow: 0 | State: Active
2025-01-27 01:19:01 - Resonance: 0 | NetInflow: 2 | NetOutflow: 2 | NetOverflow: 0 | State: Active
2025-01-27 01:19:01 - Resonance: 0 | NetInflow: 2 | NetOutflow: 2 | NetOverflow: 0 | State: Active
2025-01-27 01:19:01 - Resonance: 0 | NetInflow: 2 | NetOutflow: 2 | NetOverflow: 0 | State: Active
2025-01-27 01:19:01 - Resonance: 0 | NetInflow: 2 | NetOutflow: 2 | NetOverflow: 0 | State: Active
2025-01-27 01:19:01 - Resonance: 0 | NetInflow: 2 | NetOutflow: 2 | NetOverflow: 0 | State: Active
2025-01-27 01:19:01 - Resonance: 0 | NetInflow: 2 | NetOutflow: 2 | NetOverflow: 0 | State: Active
2025-01-27 01:19:01 - Resonance: 0 | NetInflow: 2 | NetOutflow: 2 | NetOverflow: 0 | State: Active
2025-01-27 01:19:01 - Resonance: 0 | NetInflow: 2 | NetOutflow: 2 | NetOverflow: 0 | State: Active
2025-01-27 01:19:01 - Resonance: 0 | NetInflow: 2 | NetOutflow: 2 | NetOverflow: 0 | State: Active
2025-01-27 01:19:01 - Resonance: 0 | NetInflow: 2 | NetOutflow: 2 | NetOverflow: 0 | State: Active
2025-01-27 01:19:01 - Resonance: 0 | NetInflow: 2 | NetOutflow: 2 | NetOverflow: 0 | State: Active
2025-01-27 01:19:01 - Resonance: 0 | NetInflow: 2 | NetOutflow: 2 | NetOverflow: 0 | State: Active
2025-01-27 01:19:01 - Resonance: 0 | NetInflow: 2 | NetOutflow: 2 | NetOverflow: 0 | State: Active
2025-01-27 01:19:01 - Resonance: 0 | NetInflow: 2 | NetOutflow: 2 | NetOverflow: 0 | State: Active
2025-01-27 01:19:01 - Resonance: 0 | NetInflow: 2 | NetOutflow: 2 | NetOverflow: 0 | State: Active
2025-01-27 01:19:01 - Resonance: 0 | NetInflow: 2 | NetOutflow: 2 | NetOverflow: 0 | State: Active
2025-01-27 01:19:01 - Resonance: 0 | NetInflow: 2 | NetOutflow: 2 | NetOverflow: 0 | State: Active
2025-01-27 01:19:01 - Resonance: 0 | NetInflow: 2 | NetOutflow: 2 | NetOverflow: 0 | State: Active
2025-01-27 01:19:01 - Resonance: 0 | NetInflow: 2 | NetOutflow: 2 | NetOverflow: 0 | State: Active
2025-01-27 01:19:01 - Resonance: 0 | NetInflow: 2 | NetOutflow: 2 | NetOverflow: 0 | State: Active
2025-01-27 01:19:01 - Resonance: 0 | NetInflow: 2 | NetOutflow: 2 | NetOverflow: 0 | State: Active
2025-01-27 01:19:01 - Resonance: 0 | NetInflow: 2 | NetOutflow: 2 | NetOverflow: 0 | State: Active
2025-01-27 01:19:01 - Resonance: 0 | NetInflow: 2 | NetOutflow: 2 | NetOverflow: 0 | State: Active
2025-01-27 01:19:01 - Resonance: 0 | NetInflow: 2 | NetOutflow: 2 | NetOverflow: 0 | State: Active
2025-01-27 01:19:01 - Resonance: 0 | NetInflow: 2 | NetOutflow: 2 | NetOverflow: 0 | State: Active
2025-01-27 01:19:01 - Resonance: 0 | NetInflow: 2 | NetOutflow: 2 | NetOverflow: 0 | State: Active
2025-01-27 01:19:01 - Resonance: 0 | NetInflow: 2 | NetOutflow: 2 | NetOverflow: 0 | State: Active
2025-01-27 01:19:01 - Resonance: 0 | NetInflow: 2 | NetOutflow: 2 | NetOverflow: 0 | State: Active
2025-01-27 01:19:01 - Resonance: 0 | NetInflow: 2 | NetOutflow: 2 | NetOverflow: 0 | State: Active
2025-01-27 01:19:01 - Resonance: 0 | NetInflow: 2 | NetOutflow: 2 | NetOverflow: 0 | State: Active
2025-01-27 01:19:01 - Resonance: 0 | NetInflow: 2 | NetOutflow: 2 | NetOverflow: 0 | State: Active
2025-01-27 01:19:01 - Resonance: 0 | NetInflow: 2 | NetOutflow: 2 | NetOverflow: 0 | State: Active
2025-01-27 01:19:01 - Resonance: 0 | NetInflow: 2 | NetOutflow: 2 | NetOverflow: 0 | State: Active
2025-01-27 01:19:01 -  - - - Adding pulse number 2 with midi index 80. - - -
2025-01-27 01:19:01 - Pulse Index: 0 | Midi Index: 48 | Intensity: 32 | Note Name: C3
2025-01-27 01:19:01 - Pulse Index: 1 | Midi Index: 80 | Intensity: 23 | Note Name: G#/Ab5
2025-01-27 01:19:01 - Pulse Index: 2 | Midi Index: 84 | Intensity: 23 | Note Name: C6
2025-01-27 01:19:01 - Pulse Index: 3 | Midi Index: 119 | Intensity: 43 | Note Name: B8
2025-01-27 01:19:01 - 
Logging Idyll Amount:

2025-01-27 01:19:01 - Resonance: 0 | NetInflow: 2.7 | NetOutflow: 2.7 | NetOverflow: 0 | State: Active
2025-01-27 01:19:01 - Resonance: 0 | NetInflow: 2.7 | NetOutflow: 2.7 | NetOverflow: 0 | State: Active
2025-01-27 01:19:01 - Resonance: 0 | NetInflow: 2.7 | NetOutflow: 2.7 | NetOverflow: 0 | State: Active
2025-01-27 01:19:01 - Resonance: 0 | NetInflow: 2.7 | NetOutflow: 2.7 | NetOverflow: 0 | State: Active
2025-01-27 01:19:01 - Resonance: 0 | NetInflow: 2.7 | NetOutflow: 2.7 | NetOverflow: 0 | State: Active
2025-01-27 01:19:01 - Resonance: 0 | NetInflow: 2.7 | NetOutflow: 2.7 | NetOverflow: 0 | State: Active
2025-01-27 01:19:01 - Resonance: 0 | NetInflow: 2.7 | NetOutflow: 2.7 | NetOverflow: 0 | State: Active
2025-01-27 01:19:01 - Resonance: 0 | NetInflow: 2.7 | NetOutflow: 2.7 | NetOverflow: 0 | State: Active
2025-01-27 01:19:01 - Resonance: 0 | NetInflow: 2.7 | NetOutflow: 2.7 | NetOverflow: 0 | State: Active
2025-01-27 01:19:01 - Resonance: 0 | NetInflow: 2.7 | NetOutflow: 2.7 | NetOverflow: 0 | State: Active
2025-01-27 01:19:01 - Resonance: 0 | NetInflow: 2.7 | NetOutflow: 2.7 | NetOverflow: 0 | State: Active
2025-01-27 01:19:01 - Resonance: 0 | NetInflow: 2.7 | NetOutflow: 2.7 | NetOverflow: 0 | State: Active
2025-01-27 01:19:01 - Resonance: 0 | NetInflow: 2.7 | NetOutflow: 2.7 | NetOverflow: 0 | State: Active
2025-01-27 01:19:01 - Resonance: 0 | NetInflow: 2.7 | NetOutflow: 2.7 | NetOverflow: 0 | State: Active
2025-01-27 01:19:01 - Resonance: 0 | NetInflow: 2.7 | NetOutflow: 2.7 | NetOverflow: 0 | State: Active
2025-01-27 01:19:01 - Resonance: 0 | NetInflow: 2.7 | NetOutflow: 2.7 | NetOverflow: 0 | State: Active
2025-01-27 01:19:01 - Resonance: 0 | NetInflow: 2.7 | NetOutflow: 2.7 | NetOverflow: 0 | State: Active
2025-01-27 01:19:01 - Resonance: 0 | NetInflow: 2.7 | NetOutflow: 2.7 | NetOverflow: 0 | State: Active
2025-01-27 01:19:01 - Resonance: 0 | NetInflow: 2.7 | NetOutflow: 2.7 | NetOverflow: 0 | State: Active
2025-01-27 01:19:01 - Resonance: 0 | NetInflow: 2.7 | NetOutflow: 2.7 | NetOverflow: 0 | State: Active
2025-01-27 01:19:01 - Resonance: 0 | NetInflow: 2.7 | NetOutflow: 2.7 | NetOverflow: 0 | State: Active
2025-01-27 01:19:01 - Resonance: 0 | NetInflow: 2.7 | NetOutflow: 2.7 | NetOverflow: 0 | State: Active
2025-01-27 01:19:01 - Resonance: 0 | NetInflow: 2.7 | NetOutflow: 2.7 | NetOverflow: 0 | State: Active
2025-01-27 01:19:01 - Resonance: 0 | NetInflow: 2.7 | NetOutflow: 2.7 | NetOverflow: 0 | State: Active
2025-01-27 01:19:01 - Resonance: 0 | NetInflow: 2.7 | NetOutflow: 2.7 | NetOverflow: 0 | State: Active
2025-01-27 01:19:01 - Resonance: 0 | NetInflow: 2.7 | NetOutflow: 2.7 | NetOverflow: 0 | State: Active
2025-01-27 01:19:01 - Resonance: 0 | NetInflow: 2.7 | NetOutflow: 2.7 | NetOverflow: 0 | State: Active
2025-01-27 01:19:01 - Resonance: 0 | NetInflow: 2.7 | NetOutflow: 2.7 | NetOverflow: 0 | State: Active
2025-01-27 01:19:01 - Resonance: 0 | NetInflow: 2.7 | NetOutflow: 2.7 | NetOverflow: 0 | State: Active
2025-01-27 01:19:01 - Resonance: 0 | NetInflow: 2.7 | NetOutflow: 2.7 | NetOverflow: 0 | State: Active
2025-01-27 01:19:01 - Resonance: 0 | NetInflow: 2.7 | NetOutflow: 2.7 | NetOverflow: 0 | State: Active
2025-01-27 01:19:01 - Resonance: 0 | NetInflow: 2.7 | NetOutflow: 2.7 | NetOverflow: 0 | State: Active
2025-01-27 01:19:01 - Resonance: 0 | NetInflow: 2.7 | NetOutflow: 2.7 | NetOverflow: 0 | State: Active
2025-01-27 01:19:01 - Resonance: 0 | NetInflow: 2.7 | NetOutflow: 2.7 | NetOverflow: 0 | State: Active
2025-01-27 01:19:01 - Resonance: 0 | NetInflow: 2.7 | NetOutflow: 2.7 | NetOverflow: 0 | State: Active
2025-01-27 01:19:01 - Resonance: 0 | NetInflow: 2.7 | NetOutflow: 2.7 | NetOverflow: 0 | State: Active
2025-01-27 01:19:01 - Resonance: 0 | NetInflow: 2.7 | NetOutflow: 2.7 | NetOverflow: 0 | State: Active
2025-01-27 01:19:01 - Resonance: 0 | NetInflow: 2.7 | NetOutflow: 2.7 | NetOverflow: 0 | State: Active
2025-01-27 01:19:01 - Resonance: 0 | NetInflow: 2.7 | NetOutflow: 2.7 | NetOverflow: 0 | State: Active
2025-01-27 01:19:01 - Resonance: 0 | NetInflow: 2.7 | NetOutflow: 2.7 | NetOverflow: 0 | State: Active
2025-01-27 01:19:01 - Resonance: 0 | NetInflow: 2.7 | NetOutflow: 2.7 | NetOverflow: 0 | State: Active
2025-01-27 01:19:01 - Resonance: 0 | NetInflow: 2.7 | NetOutflow: 2.7 | NetOverflow: 0 | State: Active
2025-01-27 01:19:01 - Resonance: 0 | NetInflow: 2.7 | NetOutflow: 2.7 | NetOverflow: 0 | State: Active
2025-01-27 01:19:01 - Resonance: 0 | NetInflow: 2.7 | NetOutflow: 2.7 | NetOverflow: 0 | State: Active
2025-01-27 01:19:01 - Resonance: 0 | NetInflow: 2.7 | NetOutflow: 2.7 | NetOverflow: 0 | State: Active
2025-01-27 01:19:01 - Resonance: 0 | NetInflow: 2.7 | NetOutflow: 2.7 | NetOverflow: 0 | State: Active
2025-01-27 01:19:01 - Resonance: 0 | NetInflow: 2.7 | NetOutflow: 2.7 | NetOverflow: 0 | State: Active
2025-01-27 01:19:01 - Resonance: 0 | NetInflow: 2.7 | NetOutflow: 2.7 | NetOverflow: 0 | State: Active
2025-01-27 01:19:01 - Resonance: 0 | NetInflow: 2.7 | NetOutflow: 2.7 | NetOverflow: 0 | State: Active
2025-01-27 01:19:01 - Resonance: 0 | NetInflow: 2.7 | NetOutflow: 2.7 | NetOverflow: 0 | State: Active
2025-01-27 01:19:01 -  - - - Adding pulse number 3 with midi index 106. - - -
2025-01-27 01:19:01 - Pulse Index: 0 | Midi Index: 48 | Intensity: 32 | Note Name: C3
2025-01-27 01:19:01 - Pulse Index: 1 | Midi Index: 80 | Intensity: 23 | Note Name: G#/Ab5
2025-01-27 01:19:01 - Pulse Index: 2 | Midi Index: 84 | Intensity: 23 | Note Name: C6
2025-01-27 01:19:01 - Pulse Index: 3 | Midi Index: 106 | Intensity: 52 | Note Name: A#/Bb7
2025-01-27 01:19:01 - Pulse Index: 4 | Midi Index: 119 | Intensity: 43 | Note Name: B8
2025-01-27 01:19:01 - 
Logging Idyll Amount:

2025-01-27 01:19:01 - Resonance: 0 | NetInflow: 8 | NetOutflow: 8 | NetOverflow: 0 | State: Active
2025-01-27 01:19:01 - Resonance: 0 | NetInflow: 8 | NetOutflow: 8 | NetOverflow: 0 | State: Active
2025-01-27 01:19:01 - Resonance: 0 | NetInflow: 8 | NetOutflow: 8 | NetOverflow: 0 | State: Active
2025-01-27 01:19:01 - Resonance: 0 | NetInflow: 8 | NetOutflow: 8 | NetOverflow: 0 | State: Active
2025-01-27 01:19:01 - Resonance: 0 | NetInflow: 8 | NetOutflow: 8 | NetOverflow: 0 | State: Active
2025-01-27 01:19:01 - Resonance: 0 | NetInflow: 8 | NetOutflow: 8 | NetOverflow: 0 | State: Active
2025-01-27 01:19:01 - Resonance: 0 | NetInflow: 8 | NetOutflow: 8 | NetOverflow: 0 | State: Active
2025-01-27 01:19:01 - Resonance: 0 | NetInflow: 8 | NetOutflow: 8 | NetOverflow: 0 | State: Active
2025-01-27 01:19:01 - Resonance: 0 | NetInflow: 8 | NetOutflow: 8 | NetOverflow: 0 | State: Active
2025-01-27 01:19:01 - Resonance: 0 | NetInflow: 8 | NetOutflow: 8 | NetOverflow: 0 | State: Active
2025-01-27 01:19:01 - Resonance: 0 | NetInflow: 8 | NetOutflow: 8 | NetOverflow: 0 | State: Active
2025-01-27 01:19:01 - Resonance: 0 | NetInflow: 8 | NetOutflow: 8 | NetOverflow: 0 | State: Active
2025-01-27 01:19:01 - Resonance: 0 | NetInflow: 8 | NetOutflow: 8 | NetOverflow: 0 | State: Active
2025-01-27 01:19:01 - Resonance: 0 | NetInflow: 8 | NetOutflow: 8 | NetOverflow: 0 | State: Active
2025-01-27 01:19:01 - Resonance: 0 | NetInflow: 8 | NetOutflow: 8 | NetOverflow: 0 | State: Active
2025-01-27 01:19:01 - Resonance: 0 | NetInflow: 8 | NetOutflow: 8 | NetOverflow: 0 | State: Active
2025-01-27 01:19:01 - Resonance: 0 | NetInflow: 8 | NetOutflow: 8 | NetOverflow: 0 | State: Active
2025-01-27 01:19:01 - Resonance: 0 | NetInflow: 8 | NetOutflow: 8 | NetOverflow: 0 | State: Active
2025-01-27 01:19:01 - Resonance: 0 | NetInflow: 8 | NetOutflow: 8 | NetOverflow: 0 | State: Active
2025-01-27 01:19:01 - Resonance: 0 | NetInflow: 8 | NetOutflow: 8 | NetOverflow: 0 | State: Active
2025-01-27 01:19:01 - Resonance: 0 | NetInflow: 8 | NetOutflow: 8 | NetOverflow: 0 | State: Active
2025-01-27 01:19:01 - Resonance: 0 | NetInflow: 8 | NetOutflow: 8 | NetOverflow: 0 | State: Active
2025-01-27 01:19:01 - Resonance: 0 | NetInflow: 8 | NetOutflow: 8 | NetOverflow: 0 | State: Active
2025-01-27 01:19:01 - Resonance: 0 | NetInflow: 8 | NetOutflow: 8 | NetOverflow: 0 | State: Active
2025-01-27 01:19:01 - Resonance: 0 | NetInflow: 8 | NetOutflow: 8 | NetOverflow: 0 | State: Active
2025-01-27 01:19:01 - Resonance: 0 | NetInflow: 8 | NetOutflow: 8 | NetOverflow: 0 | State: Active
2025-01-27 01:19:01 - Resonance: 0 | NetInflow: 8 | NetOutflow: 8 | NetOverflow: 0 | State: Active
2025-01-27 01:19:01 - Resonance: 0 | NetInflow: 8 | NetOutflow: 8 | NetOverflow: 0 | State: Active
2025-01-27 01:19:01 - Resonance: 0 | NetInflow: 8 | NetOutflow: 8 | NetOverflow: 0 | State: Active
2025-01-27 01:19:01 - Resonance: 0 | NetInflow: 8 | NetOutflow: 8 | NetOverflow: 0 | State: Active
2025-01-27 01:19:01 - Resonance: 0 | NetInflow: 8 | NetOutflow: 8 | NetOverflow: 0 | State: Active
2025-01-27 01:19:01 - Resonance: 0 | NetInflow: 8 | NetOutflow: 8 | NetOverflow: 0 | State: Active
2025-01-27 01:19:01 - Resonance: 0 | NetInflow: 8 | NetOutflow: 8 | NetOverflow: 0 | State: Active
2025-01-27 01:19:01 - Resonance: 0 | NetInflow: 8 | NetOutflow: 8 | NetOverflow: 0 | State: Active
2025-01-27 01:19:01 - Resonance: 0 | NetInflow: 8 | NetOutflow: 8 | NetOverflow: 0 | State: Active
2025-01-27 01:19:01 - Resonance: 0 | NetInflow: 8 | NetOutflow: 8 | NetOverflow: 0 | State: Active
2025-01-27 01:19:01 - Resonance: 0 | NetInflow: 8 | NetOutflow: 8 | NetOverflow: 0 | State: Active
2025-01-27 01:19:01 - Resonance: 0 | NetInflow: 8 | NetOutflow: 8 | NetOverflow: 0 | State: Active
2025-01-27 01:19:01 - Resonance: 0 | NetInflow: 8 | NetOutflow: 8 | NetOverflow: 0 | State: Active
2025-01-27 01:19:01 - Resonance: 0 | NetInflow: 8 | NetOutflow: 8 | NetOverflow: 0 | State: Active
2025-01-27 01:19:01 - Resonance: 0 | NetInflow: 8 | NetOutflow: 8 | NetOverflow: 0 | State: Active
2025-01-27 01:19:01 - Resonance: 0 | NetInflow: 8 | NetOutflow: 8 | NetOverflow: 0 | State: Active
2025-01-27 01:19:01 - Resonance: 0 | NetInflow: 8 | NetOutflow: 8 | NetOverflow: 0 | State: Active
2025-01-27 01:19:01 - Resonance: 0 | NetInflow: 8 | NetOutflow: 8 | NetOverflow: 0 | State: Active
2025-01-27 01:19:01 - Resonance: 0 | NetInflow: 8 | NetOutflow: 8 | NetOverflow: 0 | State: Active
2025-01-27 01:19:01 - Resonance: 0 | NetInflow: 8 | NetOutflow: 8 | NetOverflow: 0 | State: Active
2025-01-27 01:19:01 - Resonance: 0 | NetInflow: 8 | NetOutflow: 8 | NetOverflow: 0 | State: Active
2025-01-27 01:19:01 - Resonance: 0 | NetInflow: 8 | NetOutflow: 8 | NetOverflow: 0 | State: Active
2025-01-27 01:19:01 - Resonance: 0 | NetInflow: 8 | NetOutflow: 8 | NetOverflow: 0 | State: Active
2025-01-27 01:19:01 - Resonance: 0 | NetInflow: 8 | NetOutflow: 8 | NetOverflow: 0 | State: Active
2025-01-27 01:19:01 -  - - - Adding pulse number 4 with midi index 64. - - -
2025-01-27 01:19:01 - Pulse Index: 0 | Midi Index: 48 | Intensity: 32 | Note Name: C3
2025-01-27 01:19:01 - Pulse Index: 1 | Midi Index: 64 | Intensity: 23 | Note Name: E4
2025-01-27 01:19:01 - Pulse Index: 2 | Midi Index: 80 | Intensity: 23 | Note Name: G#/Ab5
2025-01-27 01:19:01 - Pulse Index: 3 | Midi Index: 84 | Intensity: 23 | Note Name: C6
2025-01-27 01:19:01 - Pulse Index: 4 | Midi Index: 106 | Intensity: 52 | Note Name: A#/Bb7
2025-01-27 01:19:01 - Pulse Index: 5 | Midi Index: 119 | Intensity: 43 | Note Name: B8
2025-01-27 01:19:01 - 
Logging Idyll Amount:

2025-01-27 01:19:01 - Resonance: 0 | NetInflow: 9.2 | NetOutflow: 9.2 | NetOverflow: 0 | State: Active
2025-01-27 01:19:01 - Resonance: 0 | NetInflow: 9.2 | NetOutflow: 9.2 | NetOverflow: 0 | State: Active
2025-01-27 01:19:01 - Resonance: 0 | NetInflow: 9.2 | NetOutflow: 9.2 | NetOverflow: 0 | State: Active
2025-01-27 01:19:01 - Resonance: 0 | NetInflow: 9.2 | NetOutflow: 9.2 | NetOverflow: 0 | State: Active
2025-01-27 01:19:01 - Resonance: 0 | NetInflow: 9.2 | NetOutflow: 9.2 | NetOverflow: 0 | State: Active
2025-01-27 01:19:01 - Resonance: 0 | NetInflow: 9.2 | NetOutflow: 9.2 | NetOverflow: 0 | State: Active
2025-01-27 01:19:01 - Resonance: 0 | NetInflow: 9.2 | NetOutflow: 9.2 | NetOverflow: 0 | State: Active
2025-01-27 01:19:01 - Resonance: 0 | NetInflow: 9.2 | NetOutflow: 9.2 | NetOverflow: 0 | State: Active
2025-01-27 01:19:01 - Resonance: 0 | NetInflow: 9.2 | NetOutflow: 9.2 | NetOverflow: 0 | State: Active
2025-01-27 01:19:01 - Resonance: 0 | NetInflow: 9.2 | NetOutflow: 9.2 | NetOverflow: 0 | State: Active
2025-01-27 01:19:01 - Resonance: 0 | NetInflow: 9.2 | NetOutflow: 9.2 | NetOverflow: 0 | State: Active
2025-01-27 01:19:01 - Resonance: 0 | NetInflow: 9.2 | NetOutflow: 9.2 | NetOverflow: 0 | State: Active
2025-01-27 01:19:01 - Resonance: 0 | NetInflow: 9.2 | NetOutflow: 9.2 | NetOverflow: 0 | State: Active
2025-01-27 01:19:01 - Resonance: 0 | NetInflow: 9.2 | NetOutflow: 9.2 | NetOverflow: 0 | State: Active
2025-01-27 01:19:01 - Resonance: 0 | NetInflow: 9.2 | NetOutflow: 9.2 | NetOverflow: 0 | State: Active
2025-01-27 01:19:01 - Resonance: 0 | NetInflow: 9.2 | NetOutflow: 9.2 | NetOverflow: 0 | State: Active
2025-01-27 01:19:01 - Resonance: 0 | NetInflow: 9.2 | NetOutflow: 9.2 | NetOverflow: 0 | State: Active
2025-01-27 01:19:01 - Resonance: 0 | NetInflow: 9.2 | NetOutflow: 9.2 | NetOverflow: 0 | State: Active
2025-01-27 01:19:01 - Resonance: 0 | NetInflow: 9.2 | NetOutflow: 9.2 | NetOverflow: 0 | State: Active
2025-01-27 01:19:01 - Resonance: 0 | NetInflow: 9.2 | NetOutflow: 9.2 | NetOverflow: 0 | State: Active
2025-01-27 01:19:01 - Resonance: 0 | NetInflow: 9.2 | NetOutflow: 9.2 | NetOverflow: 0 | State: Active
2025-01-27 01:19:01 - Resonance: 0 | NetInflow: 9.2 | NetOutflow: 9.2 | NetOverflow: 0 | State: Active
2025-01-27 01:19:01 - Resonance: 0 | NetInflow: 9.2 | NetOutflow: 9.2 | NetOverflow: 0 | State: Active
2025-01-27 01:19:01 - Resonance: 0 | NetInflow: 9.2 | NetOutflow: 9.2 | NetOverflow: 0 | State: Active
2025-01-27 01:19:01 - Resonance: 0 | NetInflow: 9.2 | NetOutflow: 9.2 | NetOverflow: 0 | State: Active
2025-01-27 01:19:01 - Resonance: 0 | NetInflow: 9.2 | NetOutflow: 9.2 | NetOverflow: 0 | State: Active
2025-01-27 01:19:01 - Resonance: 0 | NetInflow: 9.2 | NetOutflow: 9.2 | NetOverflow: 0 | State: Active
2025-01-27 01:19:01 - Resonance: 0 | NetInflow: 9.2 | NetOutflow: 9.2 | NetOverflow: 0 | State: Active
2025-01-27 01:19:01 - Resonance: 0 | NetInflow: 9.2 | NetOutflow: 9.2 | NetOverflow: 0 | State: Active
2025-01-27 01:19:01 - Resonance: 0 | NetInflow: 9.2 | NetOutflow: 9.2 | NetOverflow: 0 | State: Active
2025-01-27 01:19:01 - Resonance: 0 | NetInflow: 9.2 | NetOutflow: 9.2 | NetOverflow: 0 | State: Active
2025-01-27 01:19:01 - Resonance: 0 | NetInflow: 9.2 | NetOutflow: 9.2 | NetOverflow: 0 | State: Active
2025-01-27 01:19:01 - Resonance: 0 | NetInflow: 9.2 | NetOutflow: 9.2 | NetOverflow: 0 | State: Active
2025-01-27 01:19:01 - Resonance: 0 | NetInflow: 9.2 | NetOutflow: 9.2 | NetOverflow: 0 | State: Active
2025-01-27 01:19:01 - Resonance: 0 | NetInflow: 9.2 | NetOutflow: 9.2 | NetOverflow: 0 | State: Active
2025-01-27 01:19:01 - Resonance: 0 | NetInflow: 9.2 | NetOutflow: 9.2 | NetOverflow: 0 | State: Active
2025-01-27 01:19:01 - Resonance: 0 | NetInflow: 9.2 | NetOutflow: 9.2 | NetOverflow: 0 | State: Active
2025-01-27 01:19:01 - Resonance: 0 | NetInflow: 9.2 | NetOutflow: 9.2 | NetOverflow: 0 | State: Active
2025-01-27 01:19:01 - Resonance: 0 | NetInflow: 9.2 | NetOutflow: 9.2 | NetOverflow: 0 | State: Active
2025-01-27 01:19:01 - Resonance: 0 | NetInflow: 9.2 | NetOutflow: 9.2 | NetOverflow: 0 | State: Active
2025-01-27 01:19:01 - Resonance: 0 | NetInflow: 9.2 | NetOutflow: 9.2 | NetOverflow: 0 | State: Active
2025-01-27 01:19:01 - Resonance: 0 | NetInflow: 9.2 | NetOutflow: 9.2 | NetOverflow: 0 | State: Active
2025-01-27 01:19:01 - Resonance: 0 | NetInflow: 9.2 | NetOutflow: 9.2 | NetOverflow: 0 | State: Active
2025-01-27 01:19:01 - Resonance: 0 | NetInflow: 9.2 | NetOutflow: 9.2 | NetOverflow: 0 | State: Active
2025-01-27 01:19:01 - Resonance: 0 | NetInflow: 9.2 | NetOutflow: 9.2 | NetOverflow: 0 | State: Active
2025-01-27 01:19:01 - Resonance: 0 | NetInflow: 9.2 | NetOutflow: 9.2 | NetOverflow: 0 | State: Active
2025-01-27 01:19:01 - Resonance: 0 | NetInflow: 9.2 | NetOutflow: 9.2 | NetOverflow: 0 | State: Active
2025-01-27 01:19:01 - Resonance: 0 | NetInflow: 9.2 | NetOutflow: 9.2 | NetOverflow: 0 | State: Active
2025-01-27 01:19:01 - Resonance: 0 | NetInflow: 9.2 | NetOutflow: 9.2 | NetOverflow: 0 | State: Active
2025-01-27 01:19:01 - Resonance: 0 | NetInflow: 9.2 | NetOutflow: 9.2 | NetOverflow: 0 | State: Active
2025-01-27 01:19:01 - Pulse Index: 0 | Midi Index: 48 | Intensity: 32 | Note Name: C3
2025-01-27 01:19:01 - Pulse Index: 1 | Midi Index: 64 | Intensity: 23 | Note Name: E4
2025-01-27 01:19:01 - Pulse Index: 2 | Midi Index: 80 | Intensity: 23 | Note Name: G#/Ab5
2025-01-27 01:19:01 - Pulse Index: 3 | Midi Index: 84 | Intensity: 23 | Note Name: C6
2025-01-27 01:19:01 - Pulse Index: 4 | Midi Index: 106 | Intensity: 52 | Note Name: A#/Bb7
2025-01-27 01:19:01 - Pulse Index: 5 | Midi Index: 119 | Intensity: 43 | Note Name: B8
