2025-02-01 21:18:20 - Debugger session started.
2025-02-01 21:18:20 - BasilMuguet Test_1 started
2025-02-01 21:18:20 -  - - - Adding pulse number 0 with midi index 125. - - -
2025-02-01 21:18:20 - Pulse Index: 0 | Midi Index: 48 | Intensity: 32 | Note Name: C3
2025-02-01 21:18:20 - Pulse Index: 1 | Midi Index: 125 | Intensity: 35 | Note Name: F9
2025-02-01 21:18:20 - 
Logging Idyll Amount:

2025-02-01 21:18:20 - Resonance: 0.2 | NetInflow: 8 | NetOutflow: 0 | NetOverflow: 0 | State: Active
2025-02-01 21:18:20 - Resonance: 0.2 | NetInflow: 8 | NetOutflow: 8 | NetOverflow: 0 | State: Active
2025-02-01 21:18:20 - Resonance: 0.2 | NetInflow: 8 | NetOutflow: 8 | NetOverflow: 0 | State: Active
2025-02-01 21:18:20 - Resonance: 0.2 | NetInflow: 8 | NetOutflow: 8 | NetOverflow: 0 | State: Active
2025-02-01 21:18:20 - Resonance: 0.2 | NetInflow: 8 | NetOutflow: 8 | NetOverflow: 0 | State: Active
2025-02-01 21:18:20 - Resonance: 0.2 | NetInflow: 8 | NetOutflow: 8 | NetOverflow: 0 | State: Active
2025-02-01 21:18:20 - Resonance: 0.2 | NetInflow: 8 | NetOutflow: 8 | NetOverflow: 0 | State: Active
2025-02-01 21:18:20 - Resonance: 0.2 | NetInflow: 8 | NetOutflow: 8 | NetOverflow: 0 | State: Active
2025-02-01 21:18:20 - Resonance: 0.2 | NetInflow: 8 | NetOutflow: 8 | NetOverflow: 0 | State: Active
2025-02-01 21:18:20 - Resonance: 0.2 | NetInflow: 8 | NetOutflow: 8 | NetOverflow: 0 | State: Active
2025-02-01 21:18:20 - Resonance: 0.2 | NetInflow: 8 | NetOutflow: 8 | NetOverflow: 0 | State: Active
2025-02-01 21:18:20 - Resonance: 0.2 | NetInflow: 8 | NetOutflow: 8 | NetOverflow: 0 | State: Active
2025-02-01 21:18:20 - Resonance: 0.2 | NetInflow: 8 | NetOutflow: 8 | NetOverflow: 0 | State: Active
2025-02-01 21:18:20 - Resonance: 0.2 | NetInflow: 8 | NetOutflow: 8 | NetOverflow: 0 | State: Active
2025-02-01 21:18:20 - Resonance: 0.2 | NetInflow: 8 | NetOutflow: 8 | NetOverflow: 0 | State: Active
2025-02-01 21:18:20 - Resonance: 0.2 | NetInflow: 8 | NetOutflow: 8 | NetOverflow: 0 | State: Active
2025-02-01 21:18:20 - Resonance: 0.2 | NetInflow: 8 | NetOutflow: 8 | NetOverflow: 0 | State: Active
2025-02-01 21:18:20 - Resonance: 0.2 | NetInflow: 8 | NetOutflow: 8 | NetOverflow: 0 | State: Active
2025-02-01 21:18:20 - Resonance: 0.2 | NetInflow: 8 | NetOutflow: 8 | NetOverflow: 0 | State: Active
2025-02-01 21:18:20 - Resonance: 0.2 | NetInflow: 8 | NetOutflow: 8 | NetOverflow: 0 | State: Active
2025-02-01 21:18:20 - Resonance: 0.2 | NetInflow: 8 | NetOutflow: 8 | NetOverflow: 0 | State: Active
2025-02-01 21:18:20 - Resonance: 0.2 | NetInflow: 8 | NetOutflow: 8 | NetOverflow: 0 | State: Active
2025-02-01 21:18:20 - Resonance: 0.2 | NetInflow: 8 | NetOutflow: 8 | NetOverflow: 0 | State: Active
2025-02-01 21:18:20 - Resonance: 0.2 | NetInflow: 8 | NetOutflow: 8 | NetOverflow: 0 | State: Active
2025-02-01 21:18:20 - Resonance: 0.2 | NetInflow: 8 | NetOutflow: 8 | NetOverflow: 0 | State: Active
2025-02-01 21:18:20 - Resonance: 0.2 | NetInflow: 8 | NetOutflow: 8 | NetOverflow: 0 | State: Active
2025-02-01 21:18:20 - Resonance: 0.2 | NetInflow: 8 | NetOutflow: 8 | NetOverflow: 0 | State: Active
2025-02-01 21:18:20 - Resonance: 0.2 | NetInflow: 8 | NetOutflow: 8 | NetOverflow: 0 | State: Active
2025-02-01 21:18:20 - Resonance: 0.2 | NetInflow: 8 | NetOutflow: 8 | NetOverflow: 0 | State: Active
2025-02-01 21:18:20 - Resonance: 0.2 | NetInflow: 8 | NetOutflow: 8 | NetOverflow: 0 | State: Active
2025-02-01 21:18:20 - Resonance: 0.2 | NetInflow: 8 | NetOutflow: 8 | NetOverflow: 0 | State: Active
2025-02-01 21:18:20 - Resonance: 0.2 | NetInflow: 8 | NetOutflow: 8 | NetOverflow: 0 | State: Active
2025-02-01 21:18:20 - Resonance: 0.2 | NetInflow: 8 | NetOutflow: 8 | NetOverflow: 0 | State: Active
2025-02-01 21:18:20 - Resonance: 0.2 | NetInflow: 8 | NetOutflow: 8 | NetOverflow: 0 | State: Active
2025-02-01 21:18:20 - Resonance: 0.2 | NetInflow: 8 | NetOutflow: 8 | NetOverflow: 0 | State: Active
2025-02-01 21:18:20 - Resonance: 0.2 | NetInflow: 8 | NetOutflow: 8 | NetOverflow: 0 | State: Active
2025-02-01 21:18:20 - Resonance: 0.2 | NetInflow: 8 | NetOutflow: 8 | NetOverflow: 0 | State: Active
2025-02-01 21:18:20 - Resonance: 0.2 | NetInflow: 8 | NetOutflow: 8 | NetOverflow: 0 | State: Active
2025-02-01 21:18:20 - Resonance: 0.2 | NetInflow: 8 | NetOutflow: 8 | NetOverflow: 0 | State: Active
2025-02-01 21:18:20 - Resonance: 0.2 | NetInflow: 8 | NetOutflow: 8 | NetOverflow: 0 | State: Active
2025-02-01 21:18:20 - Resonance: 0.2 | NetInflow: 8 | NetOutflow: 8 | NetOverflow: 0 | State: Active
2025-02-01 21:18:20 - Resonance: 0.2 | NetInflow: 8 | NetOutflow: 8 | NetOverflow: 0 | State: Active
2025-02-01 21:18:20 - Resonance: 0.2 | NetInflow: 8 | NetOutflow: 8 | NetOverflow: 0 | State: Active
2025-02-01 21:18:20 - Resonance: 0.2 | NetInflow: 8 | NetOutflow: 8 | NetOverflow: 0 | State: Active
2025-02-01 21:18:20 - Resonance: 0.2 | NetInflow: 8 | NetOutflow: 8 | NetOverflow: 0 | State: Active
2025-02-01 21:18:20 - Resonance: 0.2 | NetInflow: 8 | NetOutflow: 8 | NetOverflow: 0 | State: Active
2025-02-01 21:18:20 - Resonance: 0.2 | NetInflow: 8 | NetOutflow: 8 | NetOverflow: 0 | State: Active
2025-02-01 21:18:20 - Resonance: 0.2 | NetInflow: 8 | NetOutflow: 8 | NetOverflow: 0 | State: Active
2025-02-01 21:18:20 - Resonance: 0.2 | NetInflow: 8 | NetOutflow: 8 | NetOverflow: 0 | State: Active
2025-02-01 21:18:20 - Resonance: 0.2 | NetInflow: 8 | NetOutflow: 8 | NetOverflow: 0 | State: Active
2025-02-01 21:18:20 -  - - - Adding pulse number 1 with midi index 92. - - -
2025-02-01 21:18:20 - Pulse Index: 0 | Midi Index: 48 | Intensity: 32 | Note Name: C3
2025-02-01 21:18:20 - Pulse Index: 1 | Midi Index: 92 | Intensity: 25 | Note Name: G#/Ab6
2025-02-01 21:18:20 - Pulse Index: 2 | Midi Index: 125 | Intensity: 35 | Note Name: F9
2025-02-01 21:18:20 - 
Logging Idyll Amount:

2025-02-01 21:18:20 - Resonance: 0.2 | NetInflow: 5 | NetOutflow: 5 | NetOverflow: 0 | State: Active
2025-02-01 21:18:20 - Resonance: 0.2 | NetInflow: 5 | NetOutflow: 5 | NetOverflow: 0 | State: Active
2025-02-01 21:18:20 - Resonance: 0.2 | NetInflow: 5 | NetOutflow: 5 | NetOverflow: 0 | State: Active
2025-02-01 21:18:20 - Resonance: 0.2 | NetInflow: 5 | NetOutflow: 5 | NetOverflow: 0 | State: Active
2025-02-01 21:18:20 - Resonance: 0.2 | NetInflow: 5 | NetOutflow: 5 | NetOverflow: 0 | State: Active
2025-02-01 21:18:20 - Resonance: 0.2 | NetInflow: 5 | NetOutflow: 5 | NetOverflow: 0 | State: Active
2025-02-01 21:18:20 - Resonance: 0.2 | NetInflow: 5 | NetOutflow: 5 | NetOverflow: 0 | State: Active
2025-02-01 21:18:20 - Resonance: 0.2 | NetInflow: 5 | NetOutflow: 5 | NetOverflow: 0 | State: Active
2025-02-01 21:18:20 - Resonance: 0.2 | NetInflow: 5 | NetOutflow: 5 | NetOverflow: 0 | State: Active
2025-02-01 21:18:20 - Resonance: 0.2 | NetInflow: 5 | NetOutflow: 5 | NetOverflow: 0 | State: Active
2025-02-01 21:18:20 - Resonance: 0.2 | NetInflow: 5 | NetOutflow: 5 | NetOverflow: 0 | State: Active
2025-02-01 21:18:20 - Resonance: 0.2 | NetInflow: 5 | NetOutflow: 5 | NetOverflow: 0 | State: Active
2025-02-01 21:18:20 - Resonance: 0.2 | NetInflow: 5 | NetOutflow: 5 | NetOverflow: 0 | State: Active
2025-02-01 21:18:20 - Resonance: 0.2 | NetInflow: 5 | NetOutflow: 5 | NetOverflow: 0 | State: Active
2025-02-01 21:18:20 - Resonance: 0.2 | NetInflow: 5 | NetOutflow: 5 | NetOverflow: 0 | State: Active
2025-02-01 21:18:20 - Resonance: 0.2 | NetInflow: 5 | NetOutflow: 5 | NetOverflow: 0 | State: Active
2025-02-01 21:18:20 - Resonance: 0.2 | NetInflow: 5 | NetOutflow: 5 | NetOverflow: 0 | State: Active
2025-02-01 21:18:20 - Resonance: 0.2 | NetInflow: 5 | NetOutflow: 5 | NetOverflow: 0 | State: Active
2025-02-01 21:18:20 - Resonance: 0.2 | NetInflow: 5 | NetOutflow: 5 | NetOverflow: 0 | State: Active
2025-02-01 21:18:20 - Resonance: 0.2 | NetInflow: 5 | NetOutflow: 5 | NetOverflow: 0 | State: Active
2025-02-01 21:18:20 - Resonance: 0.2 | NetInflow: 5 | NetOutflow: 5 | NetOverflow: 0 | State: Active
2025-02-01 21:18:20 - Resonance: 0.2 | NetInflow: 5 | NetOutflow: 5 | NetOverflow: 0 | State: Active
2025-02-01 21:18:20 - Resonance: 0.2 | NetInflow: 5 | NetOutflow: 5 | NetOverflow: 0 | State: Active
2025-02-01 21:18:20 - Resonance: 0.2 | NetInflow: 5 | NetOutflow: 5 | NetOverflow: 0 | State: Active
2025-02-01 21:18:20 - Resonance: 0.2 | NetInflow: 5 | NetOutflow: 5 | NetOverflow: 0 | State: Active
2025-02-01 21:18:20 - Resonance: 0.2 | NetInflow: 5 | NetOutflow: 5 | NetOverflow: 0 | State: Active
2025-02-01 21:18:20 - Resonance: 0.2 | NetInflow: 5 | NetOutflow: 5 | NetOverflow: 0 | State: Active
2025-02-01 21:18:20 - Resonance: 0.2 | NetInflow: 5 | NetOutflow: 5 | NetOverflow: 0 | State: Active
2025-02-01 21:18:20 - Resonance: 0.2 | NetInflow: 5 | NetOutflow: 5 | NetOverflow: 0 | State: Active
2025-02-01 21:18:20 - Resonance: 0.2 | NetInflow: 5 | NetOutflow: 5 | NetOverflow: 0 | State: Active
2025-02-01 21:18:20 - Resonance: 0.2 | NetInflow: 5 | NetOutflow: 5 | NetOverflow: 0 | State: Active
2025-02-01 21:18:20 - Resonance: 0.2 | NetInflow: 5 | NetOutflow: 5 | NetOverflow: 0 | State: Active
2025-02-01 21:18:20 - Resonance: 0.2 | NetInflow: 5 | NetOutflow: 5 | NetOverflow: 0 | State: Active
2025-02-01 21:18:20 - Resonance: 0.2 | NetInflow: 5 | NetOutflow: 5 | NetOverflow: 0 | State: Active
2025-02-01 21:18:20 - Resonance: 0.2 | NetInflow: 5 | NetOutflow: 5 | NetOverflow: 0 | State: Active
2025-02-01 21:18:20 - Resonance: 0.2 | NetInflow: 5 | NetOutflow: 5 | NetOverflow: 0 | State: Active
2025-02-01 21:18:20 - Resonance: 0.2 | NetInflow: 5 | NetOutflow: 5 | NetOverflow: 0 | State: Active
2025-02-01 21:18:20 - Resonance: 0.2 | NetInflow: 5 | NetOutflow: 5 | NetOverflow: 0 | State: Active
2025-02-01 21:18:20 - Resonance: 0.2 | NetInflow: 5 | NetOutflow: 5 | NetOverflow: 0 | State: Active
2025-02-01 21:18:20 - Resonance: 0.2 | NetInflow: 5 | NetOutflow: 5 | NetOverflow: 0 | State: Active
2025-02-01 21:18:20 - Resonance: 0.2 | NetInflow: 5 | NetOutflow: 5 | NetOverflow: 0 | State: Active
2025-02-01 21:18:20 - Resonance: 0.2 | NetInflow: 5 | NetOutflow: 5 | NetOverflow: 0 | State: Active
2025-02-01 21:18:20 - Resonance: 0.2 | NetInflow: 5 | NetOutflow: 5 | NetOverflow: 0 | State: Active
2025-02-01 21:18:20 - Resonance: 0.2 | NetInflow: 5 | NetOutflow: 5 | NetOverflow: 0 | State: Active
2025-02-01 21:18:20 - Resonance: 0.2 | NetInflow: 5 | NetOutflow: 5 | NetOverflow: 0 | State: Active
2025-02-01 21:18:20 - Resonance: 0.2 | NetInflow: 5 | NetOutflow: 5 | NetOverflow: 0 | State: Active
2025-02-01 21:18:20 - Resonance: 0.2 | NetInflow: 5 | NetOutflow: 5 | NetOverflow: 0 | State: Active
2025-02-01 21:18:20 - Resonance: 0.2 | NetInflow: 5 | NetOutflow: 5 | NetOverflow: 0 | State: Active
2025-02-01 21:18:20 - Resonance: 0.2 | NetInflow: 5 | NetOutflow: 5 | NetOverflow: 0 | State: Active
2025-02-01 21:18:20 - Resonance: 0.2 | NetInflow: 5 | NetOutflow: 5 | NetOverflow: 0 | State: Active
2025-02-01 21:18:20 -  - - - Adding pulse number 2 with midi index 103. - - -
2025-02-01 21:18:20 - Pulse Index: 0 | Midi Index: 48 | Intensity: 32 | Note Name: C3
2025-02-01 21:18:20 - Pulse Index: 1 | Midi Index: 92 | Intensity: 25 | Note Name: G#/Ab6
2025-02-01 21:18:20 - Pulse Index: 2 | Midi Index: 103 | Intensity: 20 | Note Name: G7
2025-02-01 21:18:20 - Pulse Index: 3 | Midi Index: 125 | Intensity: 35 | Note Name: F9
2025-02-01 21:18:20 - 
Logging Idyll Amount:

2025-02-01 21:18:20 - Resonance: 0.2 | NetInflow: 5.3 | NetOutflow: 5.3 | NetOverflow: 0 | State: Active
2025-02-01 21:18:20 - Resonance: 0.2 | NetInflow: 5.3 | NetOutflow: 5.3 | NetOverflow: 0 | State: Active
2025-02-01 21:18:20 - Resonance: 0.2 | NetInflow: 5.3 | NetOutflow: 5.3 | NetOverflow: 0 | State: Active
2025-02-01 21:18:20 - Resonance: 0.2 | NetInflow: 5.3 | NetOutflow: 5.3 | NetOverflow: 0 | State: Active
2025-02-01 21:18:20 - Resonance: 0.2 | NetInflow: 5.3 | NetOutflow: 5.3 | NetOverflow: 0 | State: Active
2025-02-01 21:18:20 - Resonance: 0.2 | NetInflow: 5.3 | NetOutflow: 5.3 | NetOverflow: 0 | State: Active
2025-02-01 21:18:20 - Resonance: 0.2 | NetInflow: 5.3 | NetOutflow: 5.3 | NetOverflow: 0 | State: Active
2025-02-01 21:18:20 - Resonance: 0.2 | NetInflow: 5.3 | NetOutflow: 5.3 | NetOverflow: 0 | State: Active
2025-02-01 21:18:20 - Resonance: 0.2 | NetInflow: 5.3 | NetOutflow: 5.3 | NetOverflow: 0 | State: Active
2025-02-01 21:18:20 - Resonance: 0.2 | NetInflow: 5.3 | NetOutflow: 5.3 | NetOverflow: 0 | State: Active
2025-02-01 21:18:20 - Resonance: 0.2 | NetInflow: 5.3 | NetOutflow: 5.3 | NetOverflow: 0 | State: Active
2025-02-01 21:18:20 - Resonance: 0.2 | NetInflow: 5.3 | NetOutflow: 5.3 | NetOverflow: 0 | State: Active
2025-02-01 21:18:20 - Resonance: 0.2 | NetInflow: 5.3 | NetOutflow: 5.3 | NetOverflow: 0 | State: Active
2025-02-01 21:18:20 - Resonance: 0.2 | NetInflow: 5.3 | NetOutflow: 5.3 | NetOverflow: 0 | State: Active
2025-02-01 21:18:20 - Resonance: 0.2 | NetInflow: 5.3 | NetOutflow: 5.3 | NetOverflow: 0 | State: Active
2025-02-01 21:18:20 - Resonance: 0.2 | NetInflow: 5.3 | NetOutflow: 5.3 | NetOverflow: 0 | State: Active
2025-02-01 21:18:20 - Resonance: 0.2 | NetInflow: 5.3 | NetOutflow: 5.3 | NetOverflow: 0 | State: Active
2025-02-01 21:18:20 - Resonance: 0.2 | NetInflow: 5.3 | NetOutflow: 5.3 | NetOverflow: 0 | State: Active
2025-02-01 21:18:20 - Resonance: 0.2 | NetInflow: 5.3 | NetOutflow: 5.3 | NetOverflow: 0 | State: Active
2025-02-01 21:18:20 - Resonance: 0.2 | NetInflow: 5.3 | NetOutflow: 5.3 | NetOverflow: 0 | State: Active
2025-02-01 21:18:20 - Resonance: 0.2 | NetInflow: 5.3 | NetOutflow: 5.3 | NetOverflow: 0 | State: Active
2025-02-01 21:18:20 - Resonance: 0.2 | NetInflow: 5.3 | NetOutflow: 5.3 | NetOverflow: 0 | State: Active
2025-02-01 21:18:20 - Resonance: 0.2 | NetInflow: 5.3 | NetOutflow: 5.3 | NetOverflow: 0 | State: Active
2025-02-01 21:18:20 - Resonance: 0.2 | NetInflow: 5.3 | NetOutflow: 5.3 | NetOverflow: 0 | State: Active
2025-02-01 21:18:20 - Resonance: 0.2 | NetInflow: 5.3 | NetOutflow: 5.3 | NetOverflow: 0 | State: Active
2025-02-01 21:18:20 - Resonance: 0.2 | NetInflow: 5.3 | NetOutflow: 5.3 | NetOverflow: 0 | State: Active
2025-02-01 21:18:20 - Resonance: 0.2 | NetInflow: 5.3 | NetOutflow: 5.3 | NetOverflow: 0 | State: Active
2025-02-01 21:18:20 - Resonance: 0.2 | NetInflow: 5.3 | NetOutflow: 5.3 | NetOverflow: 0 | State: Active
2025-02-01 21:18:20 - Resonance: 0.2 | NetInflow: 5.3 | NetOutflow: 5.3 | NetOverflow: 0 | State: Active
2025-02-01 21:18:20 - Resonance: 0.2 | NetInflow: 5.3 | NetOutflow: 5.3 | NetOverflow: 0 | State: Active
2025-02-01 21:18:20 - Resonance: 0.2 | NetInflow: 5.3 | NetOutflow: 5.3 | NetOverflow: 0 | State: Active
2025-02-01 21:18:20 - Resonance: 0.2 | NetInflow: 5.3 | NetOutflow: 5.3 | NetOverflow: 0 | State: Active
2025-02-01 21:18:20 - Resonance: 0.2 | NetInflow: 5.3 | NetOutflow: 5.3 | NetOverflow: 0 | State: Active
2025-02-01 21:18:20 - Resonance: 0.2 | NetInflow: 5.3 | NetOutflow: 5.3 | NetOverflow: 0 | State: Active
2025-02-01 21:18:20 - Resonance: 0.2 | NetInflow: 5.3 | NetOutflow: 5.3 | NetOverflow: 0 | State: Active
2025-02-01 21:18:20 - Resonance: 0.2 | NetInflow: 5.3 | NetOutflow: 5.3 | NetOverflow: 0 | State: Active
2025-02-01 21:18:20 - Resonance: 0.2 | NetInflow: 5.3 | NetOutflow: 5.3 | NetOverflow: 0 | State: Active
2025-02-01 21:18:20 - Resonance: 0.2 | NetInflow: 5.3 | NetOutflow: 5.3 | NetOverflow: 0 | State: Active
2025-02-01 21:18:20 - Resonance: 0.2 | NetInflow: 5.3 | NetOutflow: 5.3 | NetOverflow: 0 | State: Active
2025-02-01 21:18:20 - Resonance: 0.2 | NetInflow: 5.3 | NetOutflow: 5.3 | NetOverflow: 0 | State: Active
2025-02-01 21:18:20 - Resonance: 0.2 | NetInflow: 5.3 | NetOutflow: 5.3 | NetOverflow: 0 | State: Active
2025-02-01 21:18:20 - Resonance: 0.2 | NetInflow: 5.3 | NetOutflow: 5.3 | NetOverflow: 0 | State: Active
2025-02-01 21:18:20 - Resonance: 0.2 | NetInflow: 5.3 | NetOutflow: 5.3 | NetOverflow: 0 | State: Active
2025-02-01 21:18:20 - Resonance: 0.2 | NetInflow: 5.3 | NetOutflow: 5.3 | NetOverflow: 0 | State: Active
2025-02-01 21:18:20 - Resonance: 0.2 | NetInflow: 5.3 | NetOutflow: 5.3 | NetOverflow: 0 | State: Active
2025-02-01 21:18:20 - Resonance: 0.2 | NetInflow: 5.3 | NetOutflow: 5.3 | NetOverflow: 0 | State: Active
2025-02-01 21:18:20 - Resonance: 0.2 | NetInflow: 5.3 | NetOutflow: 5.3 | NetOverflow: 0 | State: Active
2025-02-01 21:18:20 - Resonance: 0.2 | NetInflow: 5.3 | NetOutflow: 5.3 | NetOverflow: 0 | State: Active
2025-02-01 21:18:20 - Resonance: 0.2 | NetInflow: 5.3 | NetOutflow: 5.3 | NetOverflow: 0 | State: Active
2025-02-01 21:18:20 - Resonance: 0.2 | NetInflow: 5.3 | NetOutflow: 5.3 | NetOverflow: 0 | State: Active
2025-02-01 21:18:20 -  - - - Adding pulse number 3 with midi index 89. - - -
2025-02-01 21:18:20 - Pulse Index: 0 | Midi Index: 48 | Intensity: 32 | Note Name: C3
2025-02-01 21:18:20 - Pulse Index: 1 | Midi Index: 89 | Intensity: 63 | Note Name: F6
2025-02-01 21:18:20 - Pulse Index: 2 | Midi Index: 92 | Intensity: 25 | Note Name: G#/Ab6
2025-02-01 21:18:20 - Pulse Index: 3 | Midi Index: 103 | Intensity: 20 | Note Name: G7
2025-02-01 21:18:20 - Pulse Index: 4 | Midi Index: 125 | Intensity: 35 | Note Name: F9
2025-02-01 21:18:20 - 
Logging Idyll Amount:

2025-02-01 21:18:20 - Resonance: 0.2 | NetInflow: 10 | NetOutflow: 10 | NetOverflow: 0 | State: Active
2025-02-01 21:18:20 - Resonance: 0.2 | NetInflow: 10 | NetOutflow: 10 | NetOverflow: 0 | State: Active
2025-02-01 21:18:20 - Resonance: 0.2 | NetInflow: 10 | NetOutflow: 10 | NetOverflow: 0 | State: Active
2025-02-01 21:18:20 - Resonance: 0.2 | NetInflow: 10 | NetOutflow: 10 | NetOverflow: 0 | State: Active
2025-02-01 21:18:20 - Resonance: 0.2 | NetInflow: 10 | NetOutflow: 10 | NetOverflow: 0 | State: Active
2025-02-01 21:18:20 - Resonance: 0.2 | NetInflow: 10 | NetOutflow: 10 | NetOverflow: 0 | State: Active
2025-02-01 21:18:20 - Resonance: 0.2 | NetInflow: 10 | NetOutflow: 10 | NetOverflow: 0 | State: Active
2025-02-01 21:18:20 - Resonance: 0.2 | NetInflow: 10 | NetOutflow: 10 | NetOverflow: 0 | State: Active
2025-02-01 21:18:20 - Resonance: 0.2 | NetInflow: 10 | NetOutflow: 10 | NetOverflow: 0 | State: Active
2025-02-01 21:18:20 - Resonance: 0.2 | NetInflow: 10 | NetOutflow: 10 | NetOverflow: 0 | State: Active
2025-02-01 21:18:20 - Resonance: 0.2 | NetInflow: 10 | NetOutflow: 10 | NetOverflow: 0 | State: Active
2025-02-01 21:18:20 - Resonance: 0.2 | NetInflow: 10 | NetOutflow: 10 | NetOverflow: 0 | State: Active
2025-02-01 21:18:20 - Resonance: 0.2 | NetInflow: 10 | NetOutflow: 10 | NetOverflow: 0 | State: Active
2025-02-01 21:18:20 - Resonance: 0.2 | NetInflow: 10 | NetOutflow: 10 | NetOverflow: 0 | State: Active
2025-02-01 21:18:20 - Resonance: 0.2 | NetInflow: 10 | NetOutflow: 10 | NetOverflow: 0 | State: Active
2025-02-01 21:18:20 - Resonance: 0.2 | NetInflow: 10 | NetOutflow: 10 | NetOverflow: 0 | State: Active
2025-02-01 21:18:20 - Resonance: 0.2 | NetInflow: 10 | NetOutflow: 10 | NetOverflow: 0 | State: Active
2025-02-01 21:18:20 - Resonance: 0.2 | NetInflow: 10 | NetOutflow: 10 | NetOverflow: 0 | State: Active
2025-02-01 21:18:20 - Resonance: 0.2 | NetInflow: 10 | NetOutflow: 10 | NetOverflow: 0 | State: Active
2025-02-01 21:18:20 - Resonance: 0.2 | NetInflow: 10 | NetOutflow: 10 | NetOverflow: 0 | State: Active
2025-02-01 21:18:20 - Resonance: 0.2 | NetInflow: 10 | NetOutflow: 10 | NetOverflow: 0 | State: Active
2025-02-01 21:18:20 - Resonance: 0.2 | NetInflow: 10 | NetOutflow: 10 | NetOverflow: 0 | State: Active
2025-02-01 21:18:20 - Resonance: 0.2 | NetInflow: 10 | NetOutflow: 10 | NetOverflow: 0 | State: Active
2025-02-01 21:18:20 - Resonance: 0.2 | NetInflow: 10 | NetOutflow: 10 | NetOverflow: 0 | State: Active
2025-02-01 21:18:20 - Resonance: 0.2 | NetInflow: 10 | NetOutflow: 10 | NetOverflow: 0 | State: Active
2025-02-01 21:18:20 - Resonance: 0.2 | NetInflow: 10 | NetOutflow: 10 | NetOverflow: 0 | State: Active
2025-02-01 21:18:20 - Resonance: 0.2 | NetInflow: 10 | NetOutflow: 10 | NetOverflow: 0 | State: Active
2025-02-01 21:18:20 - Resonance: 0.2 | NetInflow: 10 | NetOutflow: 10 | NetOverflow: 0 | State: Active
2025-02-01 21:18:20 - Resonance: 0.2 | NetInflow: 10 | NetOutflow: 10 | NetOverflow: 0 | State: Active
2025-02-01 21:18:20 - Resonance: 0.2 | NetInflow: 10 | NetOutflow: 10 | NetOverflow: 0 | State: Active
2025-02-01 21:18:20 - Resonance: 0.2 | NetInflow: 10 | NetOutflow: 10 | NetOverflow: 0 | State: Active
2025-02-01 21:18:20 - Resonance: 0.2 | NetInflow: 10 | NetOutflow: 10 | NetOverflow: 0 | State: Active
2025-02-01 21:18:20 - Resonance: 0.2 | NetInflow: 10 | NetOutflow: 10 | NetOverflow: 0 | State: Active
2025-02-01 21:18:20 - Resonance: 0.2 | NetInflow: 10 | NetOutflow: 10 | NetOverflow: 0 | State: Active
2025-02-01 21:18:20 - Resonance: 0.2 | NetInflow: 10 | NetOutflow: 10 | NetOverflow: 0 | State: Active
2025-02-01 21:18:20 - Resonance: 0.2 | NetInflow: 10 | NetOutflow: 10 | NetOverflow: 0 | State: Active
2025-02-01 21:18:20 - Resonance: 0.2 | NetInflow: 10 | NetOutflow: 10 | NetOverflow: 0 | State: Active
2025-02-01 21:18:20 - Resonance: 0.2 | NetInflow: 10 | NetOutflow: 10 | NetOverflow: 0 | State: Active
2025-02-01 21:18:20 - Resonance: 0.2 | NetInflow: 10 | NetOutflow: 10 | NetOverflow: 0 | State: Active
2025-02-01 21:18:20 - Resonance: 0.2 | NetInflow: 10 | NetOutflow: 10 | NetOverflow: 0 | State: Active
2025-02-01 21:18:20 - Resonance: 0.2 | NetInflow: 10 | NetOutflow: 10 | NetOverflow: 0 | State: Active
2025-02-01 21:18:20 - Resonance: 0.2 | NetInflow: 10 | NetOutflow: 10 | NetOverflow: 0 | State: Active
2025-02-01 21:18:20 - Resonance: 0.2 | NetInflow: 10 | NetOutflow: 10 | NetOverflow: 0 | State: Active
2025-02-01 21:18:20 - Resonance: 0.2 | NetInflow: 10 | NetOutflow: 10 | NetOverflow: 0 | State: Active
2025-02-01 21:18:20 - Resonance: 0.2 | NetInflow: 10 | NetOutflow: 10 | NetOverflow: 0 | State: Active
2025-02-01 21:18:20 - Resonance: 0.2 | NetInflow: 10 | NetOutflow: 10 | NetOverflow: 0 | State: Active
2025-02-01 21:18:20 - Resonance: 0.2 | NetInflow: 10 | NetOutflow: 10 | NetOverflow: 0 | State: Active
2025-02-01 21:18:20 - Resonance: 0.2 | NetInflow: 10 | NetOutflow: 10 | NetOverflow: 0 | State: Active
2025-02-01 21:18:20 - Resonance: 0.2 | NetInflow: 10 | NetOutflow: 10 | NetOverflow: 0 | State: Active
2025-02-01 21:18:20 - Resonance: 0.2 | NetInflow: 10 | NetOutflow: 10 | NetOverflow: 0 | State: Active
2025-02-01 21:18:20 -  - - - Adding pulse number 4 with midi index 116. - - -
2025-02-01 21:18:20 - Pulse Index: 0 | Midi Index: 48 | Intensity: 32 | Note Name: C3
2025-02-01 21:18:20 - Pulse Index: 1 | Midi Index: 89 | Intensity: 63 | Note Name: F6
2025-02-01 21:18:20 - Pulse Index: 2 | Midi Index: 92 | Intensity: 25 | Note Name: G#/Ab6
2025-02-01 21:18:20 - Pulse Index: 3 | Midi Index: 103 | Intensity: 20 | Note Name: G7
2025-02-01 21:18:20 - Pulse Index: 4 | Midi Index: 116 | Intensity: 52 | Note Name: G#/Ab8
2025-02-01 21:18:20 - Pulse Index: 5 | Midi Index: 125 | Intensity: 35 | Note Name: F9
2025-02-01 21:18:20 - 
Logging Idyll Amount:

2025-02-01 21:18:20 - Resonance: 0.2 | NetInflow: 16.4 | NetOutflow: 16 | NetOverflow: 0 | State: Active
2025-02-01 21:18:20 - Resonance: 0.2 | NetInflow: 16.4 | NetOutflow: 16 | NetOverflow: 0 | State: Active
2025-02-01 21:18:20 - Resonance: 0.2 | NetInflow: 16.4 | NetOutflow: 16 | NetOverflow: 0 | State: Active
2025-02-01 21:18:20 - Resonance: 0.2 | NetInflow: 16.4 | NetOutflow: 16 | NetOverflow: 0 | State: Active
2025-02-01 21:18:20 - Resonance: 0.2 | NetInflow: 16.4 | NetOutflow: 16 | NetOverflow: 0 | State: Active
2025-02-01 21:18:20 - Resonance: 0.2 | NetInflow: 16.4 | NetOutflow: 16 | NetOverflow: 0 | State: Active
2025-02-01 21:18:20 - Resonance: 0.2 | NetInflow: 16.4 | NetOutflow: 16 | NetOverflow: 0 | State: Active
2025-02-01 21:18:20 - Resonance: 0.2 | NetInflow: 16.4 | NetOutflow: 16 | NetOverflow: 0 | State: Active
2025-02-01 21:18:20 - Resonance: 0.2 | NetInflow: 16.4 | NetOutflow: 16 | NetOverflow: 0 | State: Active
2025-02-01 21:18:20 - Resonance: 0.2 | NetInflow: 16.4 | NetOutflow: 16 | NetOverflow: 0 | State: Active
2025-02-01 21:18:20 - Resonance: 0.2 | NetInflow: 16.4 | NetOutflow: 16 | NetOverflow: 0 | State: Active
2025-02-01 21:18:20 - Resonance: 0.3 | NetInflow: 16.4 | NetOutflow: 16 | NetOverflow: 0 | State: Active
2025-02-01 21:18:20 - Resonance: 0.3 | NetInflow: 16.4 | NetOutflow: 16 | NetOverflow: 0 | State: Active
2025-02-01 21:18:20 - Resonance: 0.3 | NetInflow: 16.4 | NetOutflow: 16 | NetOverflow: 0 | State: Active
2025-02-01 21:18:20 - Resonance: 0.3 | NetInflow: 16.4 | NetOutflow: 16 | NetOverflow: 0 | State: Active
2025-02-01 21:18:20 - Resonance: 0.3 | NetInflow: 16.4 | NetOutflow: 16 | NetOverflow: 0 | State: Active
2025-02-01 21:18:20 - Resonance: 0.3 | NetInflow: 16.4 | NetOutflow: 16 | NetOverflow: 0 | State: Active
2025-02-01 21:18:20 - Resonance: 0.3 | NetInflow: 16.4 | NetOutflow: 16 | NetOverflow: 0 | State: Active
2025-02-01 21:18:20 - Resonance: 0.3 | NetInflow: 16.4 | NetOutflow: 16 | NetOverflow: 0 | State: Active
2025-02-01 21:18:20 - Resonance: 0.3 | NetInflow: 16.4 | NetOutflow: 16 | NetOverflow: 0 | State: Active
2025-02-01 21:18:20 - Resonance: 0.3 | NetInflow: 16.4 | NetOutflow: 16 | NetOverflow: 0 | State: Active
2025-02-01 21:18:20 - Resonance: 0.3 | NetInflow: 16.4 | NetOutflow: 16 | NetOverflow: 0 | State: Active
2025-02-01 21:18:20 - Resonance: 0.3 | NetInflow: 16.4 | NetOutflow: 16 | NetOverflow: 0 | State: Active
2025-02-01 21:18:20 - Resonance: 0.4 | NetInflow: 16.4 | NetOutflow: 16 | NetOverflow: 0 | State: Active
2025-02-01 21:18:20 - Resonance: 0.4 | NetInflow: 16.4 | NetOutflow: 16 | NetOverflow: 0 | State: Active
2025-02-01 21:18:20 - Resonance: 0.4 | NetInflow: 16.4 | NetOutflow: 16 | NetOverflow: 0 | State: Active
2025-02-01 21:18:20 - Resonance: 0.4 | NetInflow: 16.4 | NetOutflow: 16 | NetOverflow: 0 | State: Active
2025-02-01 21:18:20 - Resonance: 0.4 | NetInflow: 16.4 | NetOutflow: 16 | NetOverflow: 0 | State: Active
2025-02-01 21:18:20 - Resonance: 0.4 | NetInflow: 16.4 | NetOutflow: 16 | NetOverflow: 0 | State: Active
2025-02-01 21:18:20 - Resonance: 0.4 | NetInflow: 16.4 | NetOutflow: 16 | NetOverflow: 0 | State: Active
2025-02-01 21:18:20 - Resonance: 0.4 | NetInflow: 16.4 | NetOutflow: 16 | NetOverflow: 0 | State: Active
2025-02-01 21:18:20 - Resonance: 0.4 | NetInflow: 16.4 | NetOutflow: 16 | NetOverflow: 0 | State: Active
2025-02-01 21:18:20 - Resonance: 0.4 | NetInflow: 16.4 | NetOutflow: 16 | NetOverflow: 0 | State: Active
2025-02-01 21:18:20 - Resonance: 0.4 | NetInflow: 16.4 | NetOutflow: 16 | NetOverflow: 0 | State: Active
2025-02-01 21:18:20 - Resonance: 0.4 | NetInflow: 16.4 | NetOutflow: 16 | NetOverflow: 0 | State: Active
2025-02-01 21:18:20 - Resonance: 0.4 | NetInflow: 16.4 | NetOutflow: 16 | NetOverflow: 0 | State: Active
2025-02-01 21:18:20 - Resonance: 0.5 | NetInflow: 16.4 | NetOutflow: 16 | NetOverflow: 0 | State: Active
2025-02-01 21:18:20 - Resonance: 0.5 | NetInflow: 16.4 | NetOutflow: 16 | NetOverflow: 0 | State: Active
2025-02-01 21:18:20 - Resonance: 0.5 | NetInflow: 16.4 | NetOutflow: 16 | NetOverflow: 0 | State: Active
2025-02-01 21:18:20 - Resonance: 0.5 | NetInflow: 16.4 | NetOutflow: 16 | NetOverflow: 0 | State: Active
2025-02-01 21:18:20 - Resonance: 0.5 | NetInflow: 16.4 | NetOutflow: 16 | NetOverflow: 0 | State: Active
2025-02-01 21:18:20 - Resonance: 0.5 | NetInflow: 16.4 | NetOutflow: 16 | NetOverflow: 0 | State: Active
2025-02-01 21:18:20 - Resonance: 0.5 | NetInflow: 16.4 | NetOutflow: 16 | NetOverflow: 0 | State: Active
2025-02-01 21:18:20 - Resonance: 0.5 | NetInflow: 16.4 | NetOutflow: 16 | NetOverflow: 0 | State: Active
2025-02-01 21:18:20 - Resonance: 0.5 | NetInflow: 16.4 | NetOutflow: 16 | NetOverflow: 0 | State: Active
2025-02-01 21:18:20 - Resonance: 0.5 | NetInflow: 16.4 | NetOutflow: 16 | NetOverflow: 0 | State: Active
2025-02-01 21:18:20 - Resonance: 0.5 | NetInflow: 16.4 | NetOutflow: 16 | NetOverflow: 0 | State: Active
2025-02-01 21:18:20 - Resonance: 0.5 | NetInflow: 16.4 | NetOutflow: 16 | NetOverflow: 0 | State: Active
2025-02-01 21:18:20 - Resonance: 0.6 | NetInflow: 16.4 | NetOutflow: 16 | NetOverflow: 0 | State: Active
2025-02-01 21:18:20 - Resonance: 0.6 | NetInflow: 16.4 | NetOutflow: 16 | NetOverflow: 0 | State: Active
2025-02-01 21:18:20 - Pulse Index: 0 | Midi Index: 48 | Intensity: 32 | Note Name: C3
2025-02-01 21:18:20 - Pulse Index: 1 | Midi Index: 89 | Intensity: 63 | Note Name: F6
2025-02-01 21:18:20 - Pulse Index: 2 | Midi Index: 92 | Intensity: 25 | Note Name: G#/Ab6
2025-02-01 21:18:20 - Pulse Index: 3 | Midi Index: 103 | Intensity: 20 | Note Name: G7
2025-02-01 21:18:20 - Pulse Index: 4 | Midi Index: 116 | Intensity: 52 | Note Name: G#/Ab8
2025-02-01 21:18:20 - Pulse Index: 5 | Midi Index: 125 | Intensity: 35 | Note Name: F9
