2025-01-25 04:12:57 - Debugger session started.
2025-01-25 04:12:57 - BasilMuguet Test_1 started
2025-01-25 04:12:57 -  - - - Adding pulse number 0 with midi index 111. - - -
2025-01-25 04:12:57 - Pulse Index: 0 | Midi Index: 48 | Intensity: 32 | Note Name: C3
2025-01-25 04:12:57 - Pulse Index: 1 | Midi Index: 111 | Intensity: 31 | Note Name: D#/Eb8
2025-01-25 04:12:57 - 
Logging Idyll Amount:

2025-01-25 04:12:57 - Resonance: 0 | NetInflow: 2 | NetOutflow: 0 | NetOverflow: 0 | State: Active
2025-01-25 04:12:57 - Resonance: 0 | NetInflow: 2 | NetOutflow: 2 | NetOverflow: 0 | State: Active
2025-01-25 04:12:57 - Resonance: 0 | NetInflow: 2 | NetOutflow: 2 | NetOverflow: 0 | State: Active
2025-01-25 04:12:57 - Resonance: 0 | NetInflow: 2 | NetOutflow: 2 | NetOverflow: 0 | State: Active
2025-01-25 04:12:57 - Resonance: 0 | NetInflow: 2 | NetOutflow: 2 | NetOverflow: 0 | State: Active
2025-01-25 04:12:57 - Resonance: 0 | NetInflow: 2 | NetOutflow: 2 | NetOverflow: 0 | State: Active
2025-01-25 04:12:57 - Resonance: 0 | NetInflow: 2 | NetOutflow: 2 | NetOverflow: 0 | State: Active
2025-01-25 04:12:57 - Resonance: 0 | NetInflow: 2 | NetOutflow: 2 | NetOverflow: 0 | State: Active
2025-01-25 04:12:57 - Resonance: 0 | NetInflow: 2 | NetOutflow: 2 | NetOverflow: 0 | State: Active
2025-01-25 04:12:57 - Resonance: 0 | NetInflow: 2 | NetOutflow: 2 | NetOverflow: 0 | State: Active
2025-01-25 04:12:57 - Resonance: 0 | NetInflow: 2 | NetOutflow: 2 | NetOverflow: 0 | State: Active
2025-01-25 04:12:57 - Resonance: 0 | NetInflow: 2 | NetOutflow: 2 | NetOverflow: 0 | State: Active
2025-01-25 04:12:57 - Resonance: 0 | NetInflow: 2 | NetOutflow: 2 | NetOverflow: 0 | State: Active
2025-01-25 04:12:57 - Resonance: 0 | NetInflow: 2 | NetOutflow: 2 | NetOverflow: 0 | State: Active
2025-01-25 04:12:57 - Resonance: 0 | NetInflow: 2 | NetOutflow: 2 | NetOverflow: 0 | State: Active
2025-01-25 04:12:57 - Resonance: 0 | NetInflow: 2 | NetOutflow: 2 | NetOverflow: 0 | State: Active
2025-01-25 04:12:57 - Resonance: 0 | NetInflow: 2 | NetOutflow: 2 | NetOverflow: 0 | State: Active
2025-01-25 04:12:57 - Resonance: 0 | NetInflow: 2 | NetOutflow: 2 | NetOverflow: 0 | State: Active
2025-01-25 04:12:57 - Resonance: 0 | NetInflow: 2 | NetOutflow: 2 | NetOverflow: 0 | State: Active
2025-01-25 04:12:57 - Resonance: 0 | NetInflow: 2 | NetOutflow: 2 | NetOverflow: 0 | State: Active
2025-01-25 04:12:57 - Resonance: 0 | NetInflow: 2 | NetOutflow: 2 | NetOverflow: 0 | State: Active
2025-01-25 04:12:57 - Resonance: 0 | NetInflow: 2 | NetOutflow: 2 | NetOverflow: 0 | State: Active
2025-01-25 04:12:57 - Resonance: 0 | NetInflow: 2 | NetOutflow: 2 | NetOverflow: 0 | State: Active
2025-01-25 04:12:57 - Resonance: 0 | NetInflow: 2 | NetOutflow: 2 | NetOverflow: 0 | State: Active
2025-01-25 04:12:57 - Resonance: 0 | NetInflow: 2 | NetOutflow: 2 | NetOverflow: 0 | State: Active
2025-01-25 04:12:57 - Resonance: 0 | NetInflow: 2 | NetOutflow: 2 | NetOverflow: 0 | State: Active
2025-01-25 04:12:57 - Resonance: 0 | NetInflow: 2 | NetOutflow: 2 | NetOverflow: 0 | State: Active
2025-01-25 04:12:57 - Resonance: 0 | NetInflow: 2 | NetOutflow: 2 | NetOverflow: 0 | State: Active
2025-01-25 04:12:57 - Resonance: 0 | NetInflow: 2 | NetOutflow: 2 | NetOverflow: 0 | State: Active
2025-01-25 04:12:57 - Resonance: 0 | NetInflow: 2 | NetOutflow: 2 | NetOverflow: 0 | State: Active
2025-01-25 04:12:57 - Resonance: 0 | NetInflow: 2 | NetOutflow: 2 | NetOverflow: 0 | State: Active
2025-01-25 04:12:57 - Resonance: 0 | NetInflow: 2 | NetOutflow: 2 | NetOverflow: 0 | State: Active
2025-01-25 04:12:57 - Resonance: 0 | NetInflow: 2 | NetOutflow: 2 | NetOverflow: 0 | State: Active
2025-01-25 04:12:57 - Resonance: 0 | NetInflow: 2 | NetOutflow: 2 | NetOverflow: 0 | State: Active
2025-01-25 04:12:57 - Resonance: 0 | NetInflow: 2 | NetOutflow: 2 | NetOverflow: 0 | State: Active
2025-01-25 04:12:57 - Resonance: 0 | NetInflow: 2 | NetOutflow: 2 | NetOverflow: 0 | State: Active
2025-01-25 04:12:57 - Resonance: 0 | NetInflow: 2 | NetOutflow: 2 | NetOverflow: 0 | State: Active
2025-01-25 04:12:57 - Resonance: 0 | NetInflow: 2 | NetOutflow: 2 | NetOverflow: 0 | State: Active
2025-01-25 04:12:57 - Resonance: 0 | NetInflow: 2 | NetOutflow: 2 | NetOverflow: 0 | State: Active
2025-01-25 04:12:57 - Resonance: 0 | NetInflow: 2 | NetOutflow: 2 | NetOverflow: 0 | State: Active
2025-01-25 04:12:57 - Resonance: 0 | NetInflow: 2 | NetOutflow: 2 | NetOverflow: 0 | State: Active
2025-01-25 04:12:57 - Resonance: 0 | NetInflow: 2 | NetOutflow: 2 | NetOverflow: 0 | State: Active
2025-01-25 04:12:57 - Resonance: 0 | NetInflow: 2 | NetOutflow: 2 | NetOverflow: 0 | State: Active
2025-01-25 04:12:57 - Resonance: 0 | NetInflow: 2 | NetOutflow: 2 | NetOverflow: 0 | State: Active
2025-01-25 04:12:57 - Resonance: 0 | NetInflow: 2 | NetOutflow: 2 | NetOverflow: 0 | State: Active
2025-01-25 04:12:57 - Resonance: 0 | NetInflow: 2 | NetOutflow: 2 | NetOverflow: 0 | State: Active
2025-01-25 04:12:57 - Resonance: 0 | NetInflow: 2 | NetOutflow: 2 | NetOverflow: 0 | State: Active
2025-01-25 04:12:57 - Resonance: 0 | NetInflow: 2 | NetOutflow: 2 | NetOverflow: 0 | State: Active
2025-01-25 04:12:57 - Resonance: 0 | NetInflow: 2 | NetOutflow: 2 | NetOverflow: 0 | State: Active
2025-01-25 04:12:57 - Resonance: 0 | NetInflow: 2 | NetOutflow: 2 | NetOverflow: 0 | State: Active
2025-01-25 04:12:57 -  - - - Adding pulse number 1 with midi index 68. - - -
2025-01-25 04:12:57 - Pulse Index: 0 | Midi Index: 48 | Intensity: 32 | Note Name: C3
2025-01-25 04:12:57 - Pulse Index: 1 | Midi Index: 68 | Intensity: 60 | Note Name: G#/Ab4
2025-01-25 04:12:57 - Pulse Index: 2 | Midi Index: 111 | Intensity: 31 | Note Name: D#/Eb8
2025-01-25 04:12:57 - 
Logging Idyll Amount:

2025-01-25 04:12:57 - Resonance: 0 | NetInflow: 9 | NetOutflow: 9 | NetOverflow: 0 | State: Active
2025-01-25 04:12:57 - Resonance: 0 | NetInflow: 9 | NetOutflow: 9 | NetOverflow: 0 | State: Active
2025-01-25 04:12:57 - Resonance: 0 | NetInflow: 9 | NetOutflow: 9 | NetOverflow: 0 | State: Active
2025-01-25 04:12:57 - Resonance: 0 | NetInflow: 9 | NetOutflow: 9 | NetOverflow: 0 | State: Active
2025-01-25 04:12:57 - Resonance: 0 | NetInflow: 9 | NetOutflow: 9 | NetOverflow: 0 | State: Active
2025-01-25 04:12:57 - Resonance: 0 | NetInflow: 9 | NetOutflow: 9 | NetOverflow: 0 | State: Active
2025-01-25 04:12:57 - Resonance: 0 | NetInflow: 9 | NetOutflow: 9 | NetOverflow: 0 | State: Active
2025-01-25 04:12:57 - Resonance: 0 | NetInflow: 9 | NetOutflow: 9 | NetOverflow: 0 | State: Active
2025-01-25 04:12:57 - Resonance: 0 | NetInflow: 9 | NetOutflow: 9 | NetOverflow: 0 | State: Active
2025-01-25 04:12:57 - Resonance: 0 | NetInflow: 9 | NetOutflow: 9 | NetOverflow: 0 | State: Active
2025-01-25 04:12:57 - Resonance: 0 | NetInflow: 9 | NetOutflow: 9 | NetOverflow: 0 | State: Active
2025-01-25 04:12:57 - Resonance: 0 | NetInflow: 9 | NetOutflow: 9 | NetOverflow: 0 | State: Active
2025-01-25 04:12:57 - Resonance: 0 | NetInflow: 9 | NetOutflow: 9 | NetOverflow: 0 | State: Active
2025-01-25 04:12:57 - Resonance: 0 | NetInflow: 9 | NetOutflow: 9 | NetOverflow: 0 | State: Active
2025-01-25 04:12:57 - Resonance: 0 | NetInflow: 9 | NetOutflow: 9 | NetOverflow: 0 | State: Active
2025-01-25 04:12:57 - Resonance: 0 | NetInflow: 9 | NetOutflow: 9 | NetOverflow: 0 | State: Active
2025-01-25 04:12:57 - Resonance: 0 | NetInflow: 9 | NetOutflow: 9 | NetOverflow: 0 | State: Active
2025-01-25 04:12:57 - Resonance: 0 | NetInflow: 9 | NetOutflow: 9 | NetOverflow: 0 | State: Active
2025-01-25 04:12:57 - Resonance: 0 | NetInflow: 9 | NetOutflow: 9 | NetOverflow: 0 | State: Active
2025-01-25 04:12:57 - Resonance: 0 | NetInflow: 9 | NetOutflow: 9 | NetOverflow: 0 | State: Active
2025-01-25 04:12:57 - Resonance: 0 | NetInflow: 9 | NetOutflow: 9 | NetOverflow: 0 | State: Active
2025-01-25 04:12:57 - Resonance: 0 | NetInflow: 9 | NetOutflow: 9 | NetOverflow: 0 | State: Active
2025-01-25 04:12:57 - Resonance: 0 | NetInflow: 9 | NetOutflow: 9 | NetOverflow: 0 | State: Active
2025-01-25 04:12:57 - Resonance: 0 | NetInflow: 9 | NetOutflow: 9 | NetOverflow: 0 | State: Active
2025-01-25 04:12:57 - Resonance: 0 | NetInflow: 9 | NetOutflow: 9 | NetOverflow: 0 | State: Active
2025-01-25 04:12:57 - Resonance: 0 | NetInflow: 9 | NetOutflow: 9 | NetOverflow: 0 | State: Active
2025-01-25 04:12:57 - Resonance: 0 | NetInflow: 9 | NetOutflow: 9 | NetOverflow: 0 | State: Active
2025-01-25 04:12:57 - Resonance: 0 | NetInflow: 9 | NetOutflow: 9 | NetOverflow: 0 | State: Active
2025-01-25 04:12:57 - Resonance: 0 | NetInflow: 9 | NetOutflow: 9 | NetOverflow: 0 | State: Active
2025-01-25 04:12:57 - Resonance: 0 | NetInflow: 9 | NetOutflow: 9 | NetOverflow: 0 | State: Active
2025-01-25 04:12:57 - Resonance: 0 | NetInflow: 9 | NetOutflow: 9 | NetOverflow: 0 | State: Active
2025-01-25 04:12:57 - Resonance: 0 | NetInflow: 9 | NetOutflow: 9 | NetOverflow: 0 | State: Active
2025-01-25 04:12:57 - Resonance: 0 | NetInflow: 9 | NetOutflow: 9 | NetOverflow: 0 | State: Active
2025-01-25 04:12:57 - Resonance: 0 | NetInflow: 9 | NetOutflow: 9 | NetOverflow: 0 | State: Active
2025-01-25 04:12:57 - Resonance: 0 | NetInflow: 9 | NetOutflow: 9 | NetOverflow: 0 | State: Active
2025-01-25 04:12:57 - Resonance: 0 | NetInflow: 9 | NetOutflow: 9 | NetOverflow: 0 | State: Active
2025-01-25 04:12:57 - Resonance: 0 | NetInflow: 9 | NetOutflow: 9 | NetOverflow: 0 | State: Active
2025-01-25 04:12:57 - Resonance: 0 | NetInflow: 9 | NetOutflow: 9 | NetOverflow: 0 | State: Active
2025-01-25 04:12:57 - Resonance: 0 | NetInflow: 9 | NetOutflow: 9 | NetOverflow: 0 | State: Active
2025-01-25 04:12:57 - Resonance: 0 | NetInflow: 9 | NetOutflow: 9 | NetOverflow: 0 | State: Active
2025-01-25 04:12:57 - Resonance: 0 | NetInflow: 9 | NetOutflow: 9 | NetOverflow: 0 | State: Active
2025-01-25 04:12:57 - Resonance: 0 | NetInflow: 9 | NetOutflow: 9 | NetOverflow: 0 | State: Active
2025-01-25 04:12:57 - Resonance: 0 | NetInflow: 9 | NetOutflow: 9 | NetOverflow: 0 | State: Active
2025-01-25 04:12:57 - Resonance: 0 | NetInflow: 9 | NetOutflow: 9 | NetOverflow: 0 | State: Active
2025-01-25 04:12:57 - Resonance: 0 | NetInflow: 9 | NetOutflow: 9 | NetOverflow: 0 | State: Active
2025-01-25 04:12:57 - Resonance: 0 | NetInflow: 9 | NetOutflow: 9 | NetOverflow: 0 | State: Active
2025-01-25 04:12:57 - Resonance: 0 | NetInflow: 9 | NetOutflow: 9 | NetOverflow: 0 | State: Active
2025-01-25 04:12:57 - Resonance: 0 | NetInflow: 9 | NetOutflow: 9 | NetOverflow: 0 | State: Active
2025-01-25 04:12:57 - Resonance: 0 | NetInflow: 9 | NetOutflow: 9 | NetOverflow: 0 | State: Active
2025-01-25 04:12:57 - Resonance: 0 | NetInflow: 9 | NetOutflow: 9 | NetOverflow: 0 | State: Active
2025-01-25 04:12:57 -  - - - Adding pulse number 2 with midi index 108. - - -
2025-01-25 04:12:57 - Pulse Index: 0 | Midi Index: 48 | Intensity: 32 | Note Name: C3
2025-01-25 04:12:57 - Pulse Index: 1 | Midi Index: 68 | Intensity: 60 | Note Name: G#/Ab4
2025-01-25 04:12:57 - Pulse Index: 2 | Midi Index: 108 | Intensity: 61 | Note Name: C8
2025-01-25 04:12:57 - Pulse Index: 3 | Midi Index: 111 | Intensity: 31 | Note Name: D#/Eb8
2025-01-25 04:12:57 - 
Logging Idyll Amount:

2025-01-25 04:12:57 - Resonance: 0.1 | NetInflow: 17.3 | NetOutflow: 16 | NetOverflow: 0 | State: Active
2025-01-25 04:12:57 - Resonance: 0.1 | NetInflow: 17.3 | NetOutflow: 16 | NetOverflow: 0 | State: Active
2025-01-25 04:12:57 - Resonance: 0.1 | NetInflow: 17.3 | NetOutflow: 16 | NetOverflow: 0 | State: Active
2025-01-25 04:12:57 - Resonance: 0.1 | NetInflow: 17.3 | NetOutflow: 16 | NetOverflow: 0 | State: Active
2025-01-25 04:12:57 - Resonance: 0.2 | NetInflow: 17.3 | NetOutflow: 16 | NetOverflow: 0 | State: Active
2025-01-25 04:12:57 - Resonance: 0.2 | NetInflow: 17.3 | NetOutflow: 16 | NetOverflow: 0 | State: Active
2025-01-25 04:12:57 - Resonance: 0.2 | NetInflow: 17.3 | NetOutflow: 16 | NetOverflow: 0 | State: Active
2025-01-25 04:12:57 - Resonance: 0.3 | NetInflow: 17.3 | NetOutflow: 16 | NetOverflow: 0 | State: Active
2025-01-25 04:12:57 - Resonance: 0.3 | NetInflow: 17.3 | NetOutflow: 16 | NetOverflow: 0 | State: Active
2025-01-25 04:12:57 - Resonance: 0.3 | NetInflow: 17.3 | NetOutflow: 16 | NetOverflow: 0 | State: Active
2025-01-25 04:12:57 - Resonance: 0.3 | NetInflow: 17.3 | NetOutflow: 16 | NetOverflow: 0 | State: Active
2025-01-25 04:12:57 - Resonance: 0.4 | NetInflow: 17.3 | NetOutflow: 16 | NetOverflow: 0 | State: Active
2025-01-25 04:12:57 - Resonance: 0.4 | NetInflow: 17.3 | NetOutflow: 16 | NetOverflow: 0 | State: Active
2025-01-25 04:12:57 - Resonance: 0.4 | NetInflow: 17.3 | NetOutflow: 16 | NetOverflow: 0 | State: Active
2025-01-25 04:12:57 - Resonance: 0.4 | NetInflow: 17.3 | NetOutflow: 16 | NetOverflow: 0 | State: Active
2025-01-25 04:12:57 - Resonance: 0.5 | NetInflow: 17.3 | NetOutflow: 16 | NetOverflow: 0 | State: Active
2025-01-25 04:12:57 - Resonance: 0.5 | NetInflow: 17.3 | NetOutflow: 16 | NetOverflow: 0 | State: Active
2025-01-25 04:12:57 - Resonance: 0.5 | NetInflow: 17.3 | NetOutflow: 16 | NetOverflow: 0 | State: Active
2025-01-25 04:12:57 - Resonance: 0.5 | NetInflow: 17.3 | NetOutflow: 16 | NetOverflow: 0 | State: Active
2025-01-25 04:12:57 - Resonance: 0.6 | NetInflow: 17.3 | NetOutflow: 16 | NetOverflow: 0 | State: Active
2025-01-25 04:12:57 - Resonance: 0.6 | NetInflow: 17.3 | NetOutflow: 16 | NetOverflow: 0 | State: Active
2025-01-25 04:12:57 - Resonance: 0.6 | NetInflow: 17.3 | NetOutflow: 16 | NetOverflow: 0 | State: Active
2025-01-25 04:12:57 - Resonance: 0.7 | NetInflow: 17.3 | NetOutflow: 16 | NetOverflow: 0 | State: Active
2025-01-25 04:12:57 - Resonance: 0.7 | NetInflow: 17.3 | NetOutflow: 16 | NetOverflow: 0 | State: Active
2025-01-25 04:12:57 - Resonance: 0.7 | NetInflow: 17.3 | NetOutflow: 16 | NetOverflow: 0 | State: Active
2025-01-25 04:12:57 - Resonance: 0.7 | NetInflow: 17.3 | NetOutflow: 16 | NetOverflow: 0 | State: Active
2025-01-25 04:12:57 - Resonance: 0.8 | NetInflow: 17.3 | NetOutflow: 16 | NetOverflow: 0 | State: Active
2025-01-25 04:12:57 - Resonance: 0.8 | NetInflow: 17.3 | NetOutflow: 16 | NetOverflow: 0 | State: Active
2025-01-25 04:12:57 - Resonance: 0.8 | NetInflow: 17.3 | NetOutflow: 16 | NetOverflow: 0 | State: Active
2025-01-25 04:12:57 - Resonance: 0.8 | NetInflow: 17.3 | NetOutflow: 16 | NetOverflow: 0 | State: Active
2025-01-25 04:12:57 - Resonance: 0.9 | NetInflow: 17.3 | NetOutflow: 16 | NetOverflow: 0 | State: Active
2025-01-25 04:12:57 - Resonance: 0.9 | NetInflow: 17.3 | NetOutflow: 16 | NetOverflow: 0 | State: Active
2025-01-25 04:12:57 - Resonance: 0.9 | NetInflow: 17.3 | NetOutflow: 16 | NetOverflow: 0 | State: Active
2025-01-25 04:12:57 - Resonance: 0.9 | NetInflow: 17.3 | NetOutflow: 16 | NetOverflow: 0 | State: Active
2025-01-25 04:12:57 - Resonance: 1 | NetInflow: 17.3 | NetOutflow: 16 | NetOverflow: 0 | State: Active
2025-01-25 04:12:57 - Resonance: 1 | NetInflow: 17.3 | NetOutflow: 16 | NetOverflow: 0 | State: Active
2025-01-25 04:12:57 - Resonance: 1 | NetInflow: 17.3 | NetOutflow: 16 | NetOverflow: 0 | State: Active
2025-01-25 04:12:57 - Resonance: 1.1 | NetInflow: 17.3 | NetOutflow: 16 | NetOverflow: 0 | State: Active
2025-01-25 04:12:57 - Resonance: 1.1 | NetInflow: 17.3 | NetOutflow: 16 | NetOverflow: 0 | State: Active
2025-01-25 04:12:57 - Resonance: 1.1 | NetInflow: 17.3 | NetOutflow: 16 | NetOverflow: 0 | State: Active
2025-01-25 04:12:57 - Resonance: 1.1 | NetInflow: 17.3 | NetOutflow: 16 | NetOverflow: 0 | State: Active
2025-01-25 04:12:57 - Resonance: 1.2 | NetInflow: 17.3 | NetOutflow: 16 | NetOverflow: 0 | State: Active
2025-01-25 04:12:57 - Resonance: 1.2 | NetInflow: 17.3 | NetOutflow: 16 | NetOverflow: 0 | State: Active
2025-01-25 04:12:57 - Resonance: 1.2 | NetInflow: 17.3 | NetOutflow: 16 | NetOverflow: 0 | State: Active
2025-01-25 04:12:57 - Resonance: 1.2 | NetInflow: 17.3 | NetOutflow: 16 | NetOverflow: 0 | State: Active
2025-01-25 04:12:57 - Resonance: 1.3 | NetInflow: 17.3 | NetOutflow: 16 | NetOverflow: 0 | State: Active
2025-01-25 04:12:57 - Resonance: 1.3 | NetInflow: 17.3 | NetOutflow: 16 | NetOverflow: 0 | State: Active
2025-01-25 04:12:57 - Resonance: 1.3 | NetInflow: 17.3 | NetOutflow: 16 | NetOverflow: 0 | State: Active
2025-01-25 04:12:57 - Resonance: 1.3 | NetInflow: 17.3 | NetOutflow: 16 | NetOverflow: 0 | State: Active
2025-01-25 04:12:57 - Resonance: 1.4 | NetInflow: 17.3 | NetOutflow: 16 | NetOverflow: 0 | State: Active
2025-01-25 04:12:57 -  - - - Adding pulse number 3 with midi index 122. - - -
2025-01-25 04:12:57 - Pulse Index: 0 | Midi Index: 48 | Intensity: 32 | Note Name: C3
2025-01-25 04:12:57 - Pulse Index: 1 | Midi Index: 68 | Intensity: 60 | Note Name: G#/Ab4
2025-01-25 04:12:57 - Pulse Index: 2 | Midi Index: 108 | Intensity: 61 | Note Name: C8
2025-01-25 04:12:57 - Pulse Index: 3 | Midi Index: 111 | Intensity: 31 | Note Name: D#/Eb8
2025-01-25 04:12:57 - Pulse Index: 4 | Midi Index: 122 | Intensity: 50 | Note Name: D9
2025-01-25 04:12:57 - 
Logging Idyll Amount:

2025-01-25 04:12:57 - Resonance: 1.5 | NetInflow: 24 | NetOutflow: 16 | NetOverflow: 0 | State: Active
2025-01-25 04:12:57 - Resonance: 1.7 | NetInflow: 24 | NetOutflow: 16 | NetOverflow: 0 | State: Active
2025-01-25 04:12:57 - Resonance: 1.9 | NetInflow: 24 | NetOutflow: 16 | NetOverflow: 0 | State: Active
2025-01-25 04:12:57 - Resonance: 2 | NetInflow: 24 | NetOutflow: 16 | NetOverflow: 0 | State: Active
2025-01-25 04:12:57 - Resonance: 2.2 | NetInflow: 24 | NetOutflow: 16 | NetOverflow: 0 | State: Active
2025-01-25 04:12:57 - Resonance: 2.3 | NetInflow: 24 | NetOutflow: 16 | NetOverflow: 0 | State: Active
2025-01-25 04:12:57 - Resonance: 2.5 | NetInflow: 24 | NetOutflow: 16 | NetOverflow: 0 | State: Active
2025-01-25 04:12:57 - Resonance: 2.7 | NetInflow: 24 | NetOutflow: 16 | NetOverflow: 0 | State: Active
2025-01-25 04:12:57 - Resonance: 2.8 | NetInflow: 24 | NetOutflow: 16 | NetOverflow: 0 | State: Active
2025-01-25 04:12:57 - Resonance: 3 | NetInflow: 24 | NetOutflow: 16 | NetOverflow: 0 | State: Active
2025-01-25 04:12:57 - Resonance: 3.1 | NetInflow: 24 | NetOutflow: 16 | NetOverflow: 0 | State: Active
2025-01-25 04:12:57 - Resonance: 3.3 | NetInflow: 24 | NetOutflow: 16 | NetOverflow: 0 | State: Active
2025-01-25 04:12:57 - Resonance: 3.5 | NetInflow: 24 | NetOutflow: 16 | NetOverflow: 0 | State: Active
2025-01-25 04:12:57 - Resonance: 3.6 | NetInflow: 24 | NetOutflow: 16 | NetOverflow: 0 | State: Active
2025-01-25 04:12:57 - Resonance: 3.8 | NetInflow: 24 | NetOutflow: 16 | NetOverflow: 0 | State: Active
2025-01-25 04:12:57 - Resonance: 3.9 | NetInflow: 24 | NetOutflow: 16 | NetOverflow: 0 | State: Active
2025-01-25 04:12:57 - Resonance: 4.1 | NetInflow: 24 | NetOutflow: 16 | NetOverflow: 0 | State: Active
2025-01-25 04:12:57 - Resonance: 4.3 | NetInflow: 24 | NetOutflow: 16 | NetOverflow: 0 | State: Active
2025-01-25 04:12:57 - Resonance: 4.4 | NetInflow: 24 | NetOutflow: 16 | NetOverflow: 0 | State: Active
2025-01-25 04:12:57 - Resonance: 4.6 | NetInflow: 24 | NetOutflow: 16 | NetOverflow: 0 | State: Active
2025-01-25 04:12:57 - Resonance: 4.7 | NetInflow: 24 | NetOutflow: 16 | NetOverflow: 0 | State: Active
2025-01-25 04:12:57 - Resonance: 4.9 | NetInflow: 24 | NetOutflow: 16 | NetOverflow: 0 | State: Active
2025-01-25 04:12:57 - Resonance: 5.1 | NetInflow: 24 | NetOutflow: 16 | NetOverflow: 0 | State: Active
2025-01-25 04:12:57 - Resonance: 5.2 | NetInflow: 24 | NetOutflow: 16 | NetOverflow: 0 | State: Active
2025-01-25 04:12:57 - Resonance: 5.4 | NetInflow: 24 | NetOutflow: 16 | NetOverflow: 0 | State: Active
2025-01-25 04:12:57 - Resonance: 5.5 | NetInflow: 24 | NetOutflow: 16 | NetOverflow: 0 | State: Active
2025-01-25 04:12:57 - Resonance: 5.7 | NetInflow: 24 | NetOutflow: 16 | NetOverflow: 0 | State: Active
2025-01-25 04:12:57 - Resonance: 5.9 | NetInflow: 24 | NetOutflow: 16 | NetOverflow: 0 | State: Active
2025-01-25 04:12:57 - Resonance: 6 | NetInflow: 24 | NetOutflow: 16 | NetOverflow: 0 | State: Active
2025-01-25 04:12:57 - Resonance: 6.2 | NetInflow: 24 | NetOutflow: 16 | NetOverflow: 0 | State: Active
2025-01-25 04:12:57 - Resonance: 6.3 | NetInflow: 24 | NetOutflow: 16 | NetOverflow: 0 | State: Active
2025-01-25 04:12:57 - Resonance: 6.5 | NetInflow: 24 | NetOutflow: 16 | NetOverflow: 0 | State: Active
2025-01-25 04:12:57 - Resonance: 6.7 | NetInflow: 24 | NetOutflow: 16 | NetOverflow: 0 | State: Active
2025-01-25 04:12:57 - Resonance: 6.8 | NetInflow: 24 | NetOutflow: 16 | NetOverflow: 0 | State: Active
2025-01-25 04:12:57 - Resonance: 7 | NetInflow: 24 | NetOutflow: 16 | NetOverflow: 0 | State: Active
2025-01-25 04:12:57 - Resonance: 7.1 | NetInflow: 24 | NetOutflow: 16 | NetOverflow: 0 | State: Active
2025-01-25 04:12:57 - Resonance: 7.3 | NetInflow: 24 | NetOutflow: 16 | NetOverflow: 0 | State: Active
2025-01-25 04:12:57 - Resonance: 7.5 | NetInflow: 24 | NetOutflow: 16 | NetOverflow: 0 | State: Active
2025-01-25 04:12:57 - Resonance: 7.6 | NetInflow: 24 | NetOutflow: 16 | NetOverflow: 0 | State: Active
2025-01-25 04:12:57 - Resonance: 7.8 | NetInflow: 24 | NetOutflow: 16 | NetOverflow: 0 | State: Active
2025-01-25 04:12:57 - Resonance: 7.9 | NetInflow: 24 | NetOutflow: 16 | NetOverflow: 0 | State: Active
2025-01-25 04:12:57 - Resonance: 8.1 | NetInflow: 24 | NetOutflow: 16 | NetOverflow: 0 | State: Active
2025-01-25 04:12:57 - Resonance: 8.3 | NetInflow: 24 | NetOutflow: 16 | NetOverflow: 0 | State: Active
2025-01-25 04:12:57 - Resonance: 8.4 | NetInflow: 24 | NetOutflow: 16 | NetOverflow: 0 | State: Active
2025-01-25 04:12:57 - Resonance: 8.6 | NetInflow: 24 | NetOutflow: 16 | NetOverflow: 0 | State: Active
2025-01-25 04:12:57 - Resonance: 8.7 | NetInflow: 24 | NetOutflow: 16 | NetOverflow: 0 | State: Active
2025-01-25 04:12:57 - Resonance: 8.9 | NetInflow: 24 | NetOutflow: 16 | NetOverflow: 0 | State: Active
2025-01-25 04:12:57 - Resonance: 9.1 | NetInflow: 24 | NetOutflow: 16 | NetOverflow: 0 | State: Active
2025-01-25 04:12:57 - Resonance: 9.2 | NetInflow: 24 | NetOutflow: 16 | NetOverflow: 0 | State: Active
2025-01-25 04:12:57 - Resonance: 9.4 | NetInflow: 24 | NetOutflow: 16 | NetOverflow: 0 | State: Active
2025-01-25 04:12:57 -  - - - Adding pulse number 4 with midi index 102. - - -
2025-01-25 04:12:57 - Pulse Index: 0 | Midi Index: 48 | Intensity: 32 | Note Name: C3
2025-01-25 04:12:57 - Pulse Index: 1 | Midi Index: 68 | Intensity: 60 | Note Name: G#/Ab4
2025-01-25 04:12:57 - Pulse Index: 2 | Midi Index: 102 | Intensity: 60 | Note Name: F#/Gb7
2025-01-25 04:12:57 - Pulse Index: 3 | Midi Index: 108 | Intensity: 61 | Note Name: C8
2025-01-25 04:12:57 - Pulse Index: 4 | Midi Index: 111 | Intensity: 31 | Note Name: D#/Eb8
2025-01-25 04:12:57 - Pulse Index: 5 | Midi Index: 122 | Intensity: 50 | Note Name: D9
2025-01-25 04:12:57 - 
Logging Idyll Amount:

2025-01-25 04:12:57 - Resonance: 9.7 | NetInflow: 31.6 | NetOutflow: 16 | NetOverflow: 0 | State: Active
2025-01-25 04:12:57 - Resonance: 10 | NetInflow: 31.6 | NetOutflow: 16 | NetOverflow: 0 | State: Active
2025-01-25 04:12:57 - Resonance: 10.3 | NetInflow: 31.6 | NetOutflow: 16 | NetOverflow: 0 | State: Active
2025-01-25 04:12:57 - Resonance: 10.6 | NetInflow: 31.6 | NetOutflow: 16 | NetOverflow: 0 | State: Active
2025-01-25 04:12:57 - Resonance: 10.9 | NetInflow: 31.6 | NetOutflow: 16 | NetOverflow: 0 | State: Active
2025-01-25 04:12:57 - Resonance: 11.2 | NetInflow: 31.6 | NetOutflow: 16 | NetOverflow: 0 | State: Active
2025-01-25 04:12:57 - Resonance: 11.6 | NetInflow: 31.6 | NetOutflow: 16 | NetOverflow: 0 | State: Active
2025-01-25 04:12:57 - Resonance: 11.9 | NetInflow: 31.6 | NetOutflow: 16 | NetOverflow: 0 | State: Active
2025-01-25 04:12:57 - Resonance: 12.2 | NetInflow: 31.6 | NetOutflow: 16 | NetOverflow: 0 | State: Active
2025-01-25 04:12:57 - Resonance: 12.5 | NetInflow: 31.6 | NetOutflow: 16 | NetOverflow: 0 | State: Active
2025-01-25 04:12:57 - Resonance: 12.8 | NetInflow: 31.6 | NetOutflow: 16 | NetOverflow: 0 | State: Active
2025-01-25 04:12:57 - Resonance: 13.1 | NetInflow: 31.6 | NetOutflow: 16 | NetOverflow: 0 | State: Active
2025-01-25 04:12:57 - Resonance: 13.4 | NetInflow: 31.6 | NetOutflow: 16 | NetOverflow: 0 | State: Active
2025-01-25 04:12:57 - Resonance: 13.7 | NetInflow: 31.6 | NetOutflow: 16 | NetOverflow: 0 | State: Active
2025-01-25 04:12:57 - Resonance: 14.1 | NetInflow: 31.6 | NetOutflow: 16 | NetOverflow: 0 | State: Active
2025-01-25 04:12:57 - Resonance: 14.4 | NetInflow: 31.6 | NetOutflow: 16 | NetOverflow: 0 | State: Active
2025-01-25 04:12:57 - Resonance: 14.7 | NetInflow: 31.6 | NetOutflow: 16 | NetOverflow: 0 | State: Active
2025-01-25 04:12:57 - Resonance: 15 | NetInflow: 31.6 | NetOutflow: 16 | NetOverflow: 0 | State: Active
2025-01-25 04:12:57 - Resonance: 15.3 | NetInflow: 31.6 | NetOutflow: 16 | NetOverflow: 0 | State: Active
2025-01-25 04:12:57 - Resonance: 15.6 | NetInflow: 31.6 | NetOutflow: 16 | NetOverflow: 0 | State: Active
2025-01-25 04:12:57 - Resonance: 15.9 | NetInflow: 31.6 | NetOutflow: 16 | NetOverflow: 0 | State: Active
2025-01-25 04:12:57 - Resonance: 16 | NetInflow: 31.6 | NetOutflow: 16 | NetOverflow: 11.9 | State: Overflow
2025-01-25 04:12:57 - Resonance: 16 | NetInflow: 31.6 | NetOutflow: 16 | NetOverflow: 15.6 | State: Overflow
2025-01-25 04:12:57 - Resonance: 16 | NetInflow: 31.6 | NetOutflow: 16 | NetOverflow: 15.6 | State: Overflow
2025-01-25 04:12:57 - Resonance: 16 | NetInflow: 31.6 | NetOutflow: 16 | NetOverflow: 15.6 | State: Overflow
2025-01-25 04:12:57 - Resonance: 16 | NetInflow: 31.6 | NetOutflow: 16 | NetOverflow: 15.6 | State: Overflow
2025-01-25 04:12:57 - Resonance: 16 | NetInflow: 31.6 | NetOutflow: 16 | NetOverflow: 15.6 | State: Overflow
2025-01-25 04:12:57 - Resonance: 16 | NetInflow: 31.6 | NetOutflow: 16 | NetOverflow: 15.6 | State: Overflow
2025-01-25 04:12:57 - Resonance: 16 | NetInflow: 31.6 | NetOutflow: 16 | NetOverflow: 15.6 | State: Overflow
2025-01-25 04:12:57 - Resonance: 16 | NetInflow: 31.6 | NetOutflow: 16 | NetOverflow: 15.6 | State: Overflow
2025-01-25 04:12:57 - Resonance: 16 | NetInflow: 31.6 | NetOutflow: 16 | NetOverflow: 15.6 | State: Overflow
2025-01-25 04:12:57 - Resonance: 16 | NetInflow: 31.6 | NetOutflow: 16 | NetOverflow: 15.6 | State: Overflow
2025-01-25 04:12:57 - Resonance: 16 | NetInflow: 31.6 | NetOutflow: 16 | NetOverflow: 15.6 | State: Overflow
2025-01-25 04:12:57 - Resonance: 16 | NetInflow: 31.6 | NetOutflow: 16 | NetOverflow: 15.6 | State: Overflow
2025-01-25 04:12:57 - Resonance: 16 | NetInflow: 31.6 | NetOutflow: 16 | NetOverflow: 15.6 | State: Overflow
2025-01-25 04:12:57 - Resonance: 16 | NetInflow: 31.6 | NetOutflow: 16 | NetOverflow: 15.6 | State: Overflow
2025-01-25 04:12:57 - Resonance: 16 | NetInflow: 31.6 | NetOutflow: 16 | NetOverflow: 15.6 | State: Overflow
2025-01-25 04:12:57 - Resonance: 16 | NetInflow: 31.6 | NetOutflow: 16 | NetOverflow: 15.6 | State: Overflow
2025-01-25 04:12:57 - Resonance: 16 | NetInflow: 31.6 | NetOutflow: 16 | NetOverflow: 15.6 | State: Overflow
2025-01-25 04:12:57 - Resonance: 16 | NetInflow: 31.6 | NetOutflow: 16 | NetOverflow: 15.6 | State: Overflow
2025-01-25 04:12:57 - Resonance: 16 | NetInflow: 31.6 | NetOutflow: 16 | NetOverflow: 15.6 | State: Overflow
2025-01-25 04:12:57 - Resonance: 16 | NetInflow: 31.6 | NetOutflow: 16 | NetOverflow: 15.6 | State: Overflow
2025-01-25 04:12:57 - Resonance: 16 | NetInflow: 31.6 | NetOutflow: 16 | NetOverflow: 15.6 | State: Overflow
2025-01-25 04:12:57 - Resonance: 16 | NetInflow: 31.6 | NetOutflow: 16 | NetOverflow: 15.6 | State: Overflow
2025-01-25 04:12:57 - Resonance: 16 | NetInflow: 31.6 | NetOutflow: 16 | NetOverflow: 15.6 | State: Overflow
2025-01-25 04:12:57 - Resonance: 16 | NetInflow: 31.6 | NetOutflow: 16 | NetOverflow: 15.6 | State: Overflow
2025-01-25 04:12:57 - Resonance: 16 | NetInflow: 31.6 | NetOutflow: 16 | NetOverflow: 15.6 | State: Overflow
2025-01-25 04:12:57 - Resonance: 16 | NetInflow: 31.6 | NetOutflow: 16 | NetOverflow: 15.6 | State: Overflow
2025-01-25 04:12:57 - Resonance: 16 | NetInflow: 31.6 | NetOutflow: 16 | NetOverflow: 15.6 | State: Overflow
2025-01-25 04:12:57 - Resonance: 16 | NetInflow: 31.6 | NetOutflow: 16 | NetOverflow: 15.6 | State: Overflow
2025-01-25 04:12:57 - Pulse Index: 0 | Midi Index: 48 | Intensity: 32 | Note Name: C3
2025-01-25 04:12:57 - Pulse Index: 1 | Midi Index: 68 | Intensity: 60 | Note Name: G#/Ab4
2025-01-25 04:12:57 - Pulse Index: 2 | Midi Index: 102 | Intensity: 60 | Note Name: F#/Gb7
2025-01-25 04:12:57 - Pulse Index: 3 | Midi Index: 108 | Intensity: 61 | Note Name: C8
2025-01-25 04:12:57 - Pulse Index: 4 | Midi Index: 111 | Intensity: 31 | Note Name: D#/Eb8
2025-01-25 04:12:57 - Pulse Index: 5 | Midi Index: 122 | Intensity: 50 | Note Name: D9
