2025-02-16 08:50:24 - Debugger session started.
2025-02-16 08:50:24 - BasilMuguet Test_1 started
2025-02-16 08:50:24 -  - - - Adding pulse number 0 with midi index 60. - - -
2025-02-16 08:50:24 - Pulse Index: 0 | Midi Index: 47 | Intensity: 32 | Note Name: B2
2025-02-16 08:50:24 - Pulse Index: 1 | Midi Index: 60 | Intensity: 27 | Note Name: C4
2025-02-16 08:50:24 - 
Logging Idyll Amount:

2025-02-16 08:50:24 - Resonance: 0 | NetInflow: 0 | NetOutflow: 0 | NetOverflow: 0 | State: Static
2025-02-16 08:50:24 - Resonance: 0 | NetInflow: 0 | NetOutflow: 0 | NetOverflow: 0 | State: Static
2025-02-16 08:50:24 - Resonance: 0 | NetInflow: 0 | NetOutflow: 0 | NetOverflow: 0 | State: Static
2025-02-16 08:50:24 - Resonance: 0 | NetInflow: 0 | NetOutflow: 0 | NetOverflow: 0 | State: Static
2025-02-16 08:50:24 - Resonance: 0 | NetInflow: 0 | NetOutflow: 0 | NetOverflow: 0 | State: Static
2025-02-16 08:50:24 - Resonance: 0 | NetInflow: 0 | NetOutflow: 0 | NetOverflow: 0 | State: Static
2025-02-16 08:50:24 - Resonance: 0 | NetInflow: 0 | NetOutflow: 0 | NetOverflow: 0 | State: Static
2025-02-16 08:50:24 - Resonance: 0 | NetInflow: 0 | NetOutflow: 0 | NetOverflow: 0 | State: Static
2025-02-16 08:50:24 - Resonance: 0 | NetInflow: 0 | NetOutflow: 0 | NetOverflow: 0 | State: Static
2025-02-16 08:50:24 - Resonance: 0 | NetInflow: 0 | NetOutflow: 0 | NetOverflow: 0 | State: Static
2025-02-16 08:50:24 - Resonance: 0 | NetInflow: 0 | NetOutflow: 0 | NetOverflow: 0 | State: Static
2025-02-16 08:50:24 - Resonance: 0 | NetInflow: 0 | NetOutflow: 0 | NetOverflow: 0 | State: Static
2025-02-16 08:50:24 - Resonance: 0 | NetInflow: 0 | NetOutflow: 0 | NetOverflow: 0 | State: Static
2025-02-16 08:50:24 - Resonance: 0 | NetInflow: 0 | NetOutflow: 0 | NetOverflow: 0 | State: Static
2025-02-16 08:50:24 - Resonance: 0 | NetInflow: 0 | NetOutflow: 0 | NetOverflow: 0 | State: Static
2025-02-16 08:50:24 - Resonance: 0 | NetInflow: 0 | NetOutflow: 0 | NetOverflow: 0 | State: Static
2025-02-16 08:50:24 - Resonance: 0 | NetInflow: 0 | NetOutflow: 0 | NetOverflow: 0 | State: Static
2025-02-16 08:50:24 - Resonance: 0 | NetInflow: 0 | NetOutflow: 0 | NetOverflow: 0 | State: Static
2025-02-16 08:50:24 - Resonance: 0 | NetInflow: 0 | NetOutflow: 0 | NetOverflow: 0 | State: Static
2025-02-16 08:50:24 - Resonance: 0 | NetInflow: 0 | NetOutflow: 0 | NetOverflow: 0 | State: Static
2025-02-16 08:50:24 - Resonance: 0 | NetInflow: 0 | NetOutflow: 0 | NetOverflow: 0 | State: Static
2025-02-16 08:50:24 - Resonance: 0 | NetInflow: 0 | NetOutflow: 0 | NetOverflow: 0 | State: Static
2025-02-16 08:50:24 - Resonance: 0 | NetInflow: 0 | NetOutflow: 0 | NetOverflow: 0 | State: Static
2025-02-16 08:50:24 - Resonance: 0 | NetInflow: 0 | NetOutflow: 0 | NetOverflow: 0 | State: Static
2025-02-16 08:50:24 - Resonance: 0 | NetInflow: 0 | NetOutflow: 0 | NetOverflow: 0 | State: Static
2025-02-16 08:50:24 - Resonance: 0 | NetInflow: 0 | NetOutflow: 0 | NetOverflow: 0 | State: Static
2025-02-16 08:50:24 - Resonance: 0 | NetInflow: 0 | NetOutflow: 0 | NetOverflow: 0 | State: Static
2025-02-16 08:50:24 - Resonance: 0 | NetInflow: 0 | NetOutflow: 0 | NetOverflow: 0 | State: Static
2025-02-16 08:50:24 - Resonance: 0 | NetInflow: 0 | NetOutflow: 0 | NetOverflow: 0 | State: Static
2025-02-16 08:50:24 - Resonance: 0 | NetInflow: 0 | NetOutflow: 0 | NetOverflow: 0 | State: Static
2025-02-16 08:50:24 - Resonance: 0 | NetInflow: 0 | NetOutflow: 0 | NetOverflow: 0 | State: Static
2025-02-16 08:50:24 - Resonance: 0 | NetInflow: 0 | NetOutflow: 0 | NetOverflow: 0 | State: Static
2025-02-16 08:50:24 - Resonance: 0 | NetInflow: 0 | NetOutflow: 0 | NetOverflow: 0 | State: Static
2025-02-16 08:50:24 - Resonance: 0 | NetInflow: 0 | NetOutflow: 0 | NetOverflow: 0 | State: Static
2025-02-16 08:50:24 - Resonance: 0 | NetInflow: 0 | NetOutflow: 0 | NetOverflow: 0 | State: Static
2025-02-16 08:50:24 - Resonance: 0 | NetInflow: 0 | NetOutflow: 0 | NetOverflow: 0 | State: Static
2025-02-16 08:50:24 - Resonance: 0 | NetInflow: 0 | NetOutflow: 0 | NetOverflow: 0 | State: Static
2025-02-16 08:50:24 - Resonance: 0 | NetInflow: 0 | NetOutflow: 0 | NetOverflow: 0 | State: Static
2025-02-16 08:50:24 - Resonance: 0 | NetInflow: 0 | NetOutflow: 0 | NetOverflow: 0 | State: Static
2025-02-16 08:50:24 - Resonance: 0 | NetInflow: 0 | NetOutflow: 0 | NetOverflow: 0 | State: Static
2025-02-16 08:50:24 - Resonance: 0 | NetInflow: 0 | NetOutflow: 0 | NetOverflow: 0 | State: Static
2025-02-16 08:50:24 - Resonance: 0 | NetInflow: 0 | NetOutflow: 0 | NetOverflow: 0 | State: Static
2025-02-16 08:50:24 - Resonance: 0 | NetInflow: 0 | NetOutflow: 0 | NetOverflow: 0 | State: Static
2025-02-16 08:50:24 - Resonance: 0 | NetInflow: 0 | NetOutflow: 0 | NetOverflow: 0 | State: Static
2025-02-16 08:50:24 - Resonance: 0 | NetInflow: 0 | NetOutflow: 0 | NetOverflow: 0 | State: Static
2025-02-16 08:50:24 - Resonance: 0 | NetInflow: 0 | NetOutflow: 0 | NetOverflow: 0 | State: Static
2025-02-16 08:50:24 - Resonance: 0 | NetInflow: 0 | NetOutflow: 0 | NetOverflow: 0 | State: Static
2025-02-16 08:50:24 - Resonance: 0 | NetInflow: 0 | NetOutflow: 0 | NetOverflow: 0 | State: Static
2025-02-16 08:50:24 - Resonance: 0 | NetInflow: 0 | NetOutflow: 0 | NetOverflow: 0 | State: Static
2025-02-16 08:50:24 - Resonance: 0 | NetInflow: 0 | NetOutflow: 0 | NetOverflow: 0 | State: Static
2025-02-16 08:50:24 -  - - - Adding pulse number 1 with midi index 81. - - -
2025-02-16 08:50:24 - Pulse Index: 0 | Midi Index: 47 | Intensity: 32 | Note Name: B2
2025-02-16 08:50:24 - Pulse Index: 1 | Midi Index: 60 | Intensity: 27 | Note Name: C4
2025-02-16 08:50:24 - Pulse Index: 2 | Midi Index: 81 | Intensity: 45 | Note Name: A5
2025-02-16 08:50:24 - 
Logging Idyll Amount:

2025-02-16 08:50:24 - Resonance: 0.1 | NetInflow: 4 | NetOutflow: 0 | NetOverflow: 0 | State: Active
2025-02-16 08:50:24 - Resonance: 0.1 | NetInflow: 4 | NetOutflow: 4 | NetOverflow: 0 | State: Active
2025-02-16 08:50:24 - Resonance: 0.1 | NetInflow: 4 | NetOutflow: 4 | NetOverflow: 0 | State: Active
2025-02-16 08:50:24 - Resonance: 0.1 | NetInflow: 4 | NetOutflow: 4 | NetOverflow: 0 | State: Active
2025-02-16 08:50:24 - Resonance: 0.1 | NetInflow: 4 | NetOutflow: 4 | NetOverflow: 0 | State: Active
2025-02-16 08:50:24 - Resonance: 0.1 | NetInflow: 4 | NetOutflow: 4 | NetOverflow: 0 | State: Active
2025-02-16 08:50:24 - Resonance: 0.1 | NetInflow: 4 | NetOutflow: 4 | NetOverflow: 0 | State: Active
2025-02-16 08:50:24 - Resonance: 0.1 | NetInflow: 4 | NetOutflow: 4 | NetOverflow: 0 | State: Active
2025-02-16 08:50:24 - Resonance: 0.1 | NetInflow: 4 | NetOutflow: 4 | NetOverflow: 0 | State: Active
2025-02-16 08:50:24 - Resonance: 0.1 | NetInflow: 4 | NetOutflow: 4 | NetOverflow: 0 | State: Active
2025-02-16 08:50:24 - Resonance: 0.1 | NetInflow: 4 | NetOutflow: 4 | NetOverflow: 0 | State: Active
2025-02-16 08:50:24 - Resonance: 0.1 | NetInflow: 4 | NetOutflow: 4 | NetOverflow: 0 | State: Active
2025-02-16 08:50:24 - Resonance: 0.1 | NetInflow: 4 | NetOutflow: 4 | NetOverflow: 0 | State: Active
2025-02-16 08:50:24 - Resonance: 0.1 | NetInflow: 4 | NetOutflow: 4 | NetOverflow: 0 | State: Active
2025-02-16 08:50:24 - Resonance: 0.1 | NetInflow: 4 | NetOutflow: 4 | NetOverflow: 0 | State: Active
2025-02-16 08:50:24 - Resonance: 0.1 | NetInflow: 4 | NetOutflow: 4 | NetOverflow: 0 | State: Active
2025-02-16 08:50:24 - Resonance: 0.1 | NetInflow: 4 | NetOutflow: 4 | NetOverflow: 0 | State: Active
2025-02-16 08:50:24 - Resonance: 0.1 | NetInflow: 4 | NetOutflow: 4 | NetOverflow: 0 | State: Active
2025-02-16 08:50:24 - Resonance: 0.1 | NetInflow: 4 | NetOutflow: 4 | NetOverflow: 0 | State: Active
2025-02-16 08:50:24 - Resonance: 0.1 | NetInflow: 4 | NetOutflow: 4 | NetOverflow: 0 | State: Active
2025-02-16 08:50:24 - Resonance: 0.1 | NetInflow: 4 | NetOutflow: 4 | NetOverflow: 0 | State: Active
2025-02-16 08:50:24 - Resonance: 0.1 | NetInflow: 4 | NetOutflow: 4 | NetOverflow: 0 | State: Active
2025-02-16 08:50:24 - Resonance: 0.1 | NetInflow: 4 | NetOutflow: 4 | NetOverflow: 0 | State: Active
2025-02-16 08:50:24 - Resonance: 0.1 | NetInflow: 4 | NetOutflow: 4 | NetOverflow: 0 | State: Active
2025-02-16 08:50:24 - Resonance: 0.1 | NetInflow: 4 | NetOutflow: 4 | NetOverflow: 0 | State: Active
2025-02-16 08:50:24 - Resonance: 0.1 | NetInflow: 4 | NetOutflow: 4 | NetOverflow: 0 | State: Active
2025-02-16 08:50:24 - Resonance: 0.1 | NetInflow: 4 | NetOutflow: 4 | NetOverflow: 0 | State: Active
2025-02-16 08:50:24 - Resonance: 0.1 | NetInflow: 4 | NetOutflow: 4 | NetOverflow: 0 | State: Active
2025-02-16 08:50:24 - Resonance: 0.1 | NetInflow: 4 | NetOutflow: 4 | NetOverflow: 0 | State: Active
2025-02-16 08:50:24 - Resonance: 0.1 | NetInflow: 4 | NetOutflow: 4 | NetOverflow: 0 | State: Active
2025-02-16 08:50:24 - Resonance: 0.1 | NetInflow: 4 | NetOutflow: 4 | NetOverflow: 0 | State: Active
2025-02-16 08:50:24 - Resonance: 0.1 | NetInflow: 4 | NetOutflow: 4 | NetOverflow: 0 | State: Active
2025-02-16 08:50:24 - Resonance: 0.1 | NetInflow: 4 | NetOutflow: 4 | NetOverflow: 0 | State: Active
2025-02-16 08:50:24 - Resonance: 0.1 | NetInflow: 4 | NetOutflow: 4 | NetOverflow: 0 | State: Active
2025-02-16 08:50:24 - Resonance: 0.1 | NetInflow: 4 | NetOutflow: 4 | NetOverflow: 0 | State: Active
2025-02-16 08:50:24 - Resonance: 0.1 | NetInflow: 4 | NetOutflow: 4 | NetOverflow: 0 | State: Active
2025-02-16 08:50:24 - Resonance: 0.1 | NetInflow: 4 | NetOutflow: 4 | NetOverflow: 0 | State: Active
2025-02-16 08:50:24 - Resonance: 0.1 | NetInflow: 4 | NetOutflow: 4 | NetOverflow: 0 | State: Active
2025-02-16 08:50:24 - Resonance: 0.1 | NetInflow: 4 | NetOutflow: 4 | NetOverflow: 0 | State: Active
2025-02-16 08:50:24 - Resonance: 0.1 | NetInflow: 4 | NetOutflow: 4 | NetOverflow: 0 | State: Active
2025-02-16 08:50:24 - Resonance: 0.1 | NetInflow: 4 | NetOutflow: 4 | NetOverflow: 0 | State: Active
2025-02-16 08:50:24 - Resonance: 0.1 | NetInflow: 4 | NetOutflow: 4 | NetOverflow: 0 | State: Active
2025-02-16 08:50:24 - Resonance: 0.1 | NetInflow: 4 | NetOutflow: 4 | NetOverflow: 0 | State: Active
2025-02-16 08:50:24 - Resonance: 0.1 | NetInflow: 4 | NetOutflow: 4 | NetOverflow: 0 | State: Active
2025-02-16 08:50:24 - Resonance: 0.1 | NetInflow: 4 | NetOutflow: 4 | NetOverflow: 0 | State: Active
2025-02-16 08:50:24 - Resonance: 0.1 | NetInflow: 4 | NetOutflow: 4 | NetOverflow: 0 | State: Active
2025-02-16 08:50:25 - Resonance: 0.1 | NetInflow: 4 | NetOutflow: 4 | NetOverflow: 0 | State: Active
2025-02-16 08:50:25 - Resonance: 0.1 | NetInflow: 4 | NetOutflow: 4 | NetOverflow: 0 | State: Active
2025-02-16 08:50:25 - Resonance: 0.1 | NetInflow: 4 | NetOutflow: 4 | NetOverflow: 0 | State: Active
2025-02-16 08:50:25 - Resonance: 0.1 | NetInflow: 4 | NetOutflow: 4 | NetOverflow: 0 | State: Active
2025-02-16 08:50:25 -  - - - Adding pulse number 2 with midi index 113. - - -
2025-02-16 08:50:25 - Pulse Index: 0 | Midi Index: 47 | Intensity: 32 | Note Name: B2
2025-02-16 08:50:25 - Pulse Index: 1 | Midi Index: 60 | Intensity: 27 | Note Name: C4
2025-02-16 08:50:25 - Pulse Index: 2 | Midi Index: 81 | Intensity: 45 | Note Name: A5
2025-02-16 08:50:25 - Pulse Index: 3 | Midi Index: 113 | Intensity: 48 | Note Name: F8
2025-02-16 08:50:25 - 
Logging Idyll Amount:

2025-02-16 08:50:25 - Resonance: 0.1 | NetInflow: 8 | NetOutflow: 8 | NetOverflow: 0 | State: Active
2025-02-16 08:50:25 - Resonance: 0.1 | NetInflow: 8 | NetOutflow: 8 | NetOverflow: 0 | State: Active
2025-02-16 08:50:25 - Resonance: 0.1 | NetInflow: 8 | NetOutflow: 8 | NetOverflow: 0 | State: Active
2025-02-16 08:50:25 - Resonance: 0.1 | NetInflow: 8 | NetOutflow: 8 | NetOverflow: 0 | State: Active
2025-02-16 08:50:25 - Resonance: 0.1 | NetInflow: 8 | NetOutflow: 8 | NetOverflow: 0 | State: Active
2025-02-16 08:50:25 - Resonance: 0.1 | NetInflow: 8 | NetOutflow: 8 | NetOverflow: 0 | State: Active
2025-02-16 08:50:25 - Resonance: 0.1 | NetInflow: 8 | NetOutflow: 8 | NetOverflow: 0 | State: Active
2025-02-16 08:50:25 - Resonance: 0.1 | NetInflow: 8 | NetOutflow: 8 | NetOverflow: 0 | State: Active
2025-02-16 08:50:25 - Resonance: 0.1 | NetInflow: 8 | NetOutflow: 8 | NetOverflow: 0 | State: Active
2025-02-16 08:50:25 - Resonance: 0.1 | NetInflow: 8 | NetOutflow: 8 | NetOverflow: 0 | State: Active
2025-02-16 08:50:25 - Resonance: 0.1 | NetInflow: 8 | NetOutflow: 8 | NetOverflow: 0 | State: Active
2025-02-16 08:50:25 - Resonance: 0.1 | NetInflow: 8 | NetOutflow: 8 | NetOverflow: 0 | State: Active
2025-02-16 08:50:25 - Resonance: 0.1 | NetInflow: 8 | NetOutflow: 8 | NetOverflow: 0 | State: Active
2025-02-16 08:50:25 - Resonance: 0.1 | NetInflow: 8 | NetOutflow: 8 | NetOverflow: 0 | State: Active
2025-02-16 08:50:25 - Resonance: 0.1 | NetInflow: 8 | NetOutflow: 8 | NetOverflow: 0 | State: Active
2025-02-16 08:50:25 - Resonance: 0.1 | NetInflow: 8 | NetOutflow: 8 | NetOverflow: 0 | State: Active
2025-02-16 08:50:25 - Resonance: 0.1 | NetInflow: 8 | NetOutflow: 8 | NetOverflow: 0 | State: Active
2025-02-16 08:50:25 - Resonance: 0.1 | NetInflow: 8 | NetOutflow: 8 | NetOverflow: 0 | State: Active
2025-02-16 08:50:25 - Resonance: 0.1 | NetInflow: 8 | NetOutflow: 8 | NetOverflow: 0 | State: Active
2025-02-16 08:50:25 - Resonance: 0.1 | NetInflow: 8 | NetOutflow: 8 | NetOverflow: 0 | State: Active
2025-02-16 08:50:25 - Resonance: 0.1 | NetInflow: 8 | NetOutflow: 8 | NetOverflow: 0 | State: Active
2025-02-16 08:50:25 - Resonance: 0.1 | NetInflow: 8 | NetOutflow: 8 | NetOverflow: 0 | State: Active
2025-02-16 08:50:25 - Resonance: 0.1 | NetInflow: 8 | NetOutflow: 8 | NetOverflow: 0 | State: Active
2025-02-16 08:50:25 - Resonance: 0.1 | NetInflow: 8 | NetOutflow: 8 | NetOverflow: 0 | State: Active
2025-02-16 08:50:25 - Resonance: 0.1 | NetInflow: 8 | NetOutflow: 8 | NetOverflow: 0 | State: Active
2025-02-16 08:50:25 - Resonance: 0.1 | NetInflow: 8 | NetOutflow: 8 | NetOverflow: 0 | State: Active
2025-02-16 08:50:25 - Resonance: 0.1 | NetInflow: 8 | NetOutflow: 8 | NetOverflow: 0 | State: Active
2025-02-16 08:50:25 - Resonance: 0.1 | NetInflow: 8 | NetOutflow: 8 | NetOverflow: 0 | State: Active
2025-02-16 08:50:25 - Resonance: 0.1 | NetInflow: 8 | NetOutflow: 8 | NetOverflow: 0 | State: Active
2025-02-16 08:50:25 - Resonance: 0.1 | NetInflow: 8 | NetOutflow: 8 | NetOverflow: 0 | State: Active
2025-02-16 08:50:25 - Resonance: 0.1 | NetInflow: 8 | NetOutflow: 8 | NetOverflow: 0 | State: Active
2025-02-16 08:50:25 - Resonance: 0.1 | NetInflow: 8 | NetOutflow: 8 | NetOverflow: 0 | State: Active
2025-02-16 08:50:25 - Resonance: 0.1 | NetInflow: 8 | NetOutflow: 8 | NetOverflow: 0 | State: Active
2025-02-16 08:50:25 - Resonance: 0.1 | NetInflow: 8 | NetOutflow: 8 | NetOverflow: 0 | State: Active
2025-02-16 08:50:25 - Resonance: 0.1 | NetInflow: 8 | NetOutflow: 8 | NetOverflow: 0 | State: Active
2025-02-16 08:50:25 - Resonance: 0.1 | NetInflow: 8 | NetOutflow: 8 | NetOverflow: 0 | State: Active
2025-02-16 08:50:25 - Resonance: 0.1 | NetInflow: 8 | NetOutflow: 8 | NetOverflow: 0 | State: Active
2025-02-16 08:50:25 - Resonance: 0.1 | NetInflow: 8 | NetOutflow: 8 | NetOverflow: 0 | State: Active
2025-02-16 08:50:25 - Resonance: 0.1 | NetInflow: 8 | NetOutflow: 8 | NetOverflow: 0 | State: Active
2025-02-16 08:50:25 - Resonance: 0.1 | NetInflow: 8 | NetOutflow: 8 | NetOverflow: 0 | State: Active
2025-02-16 08:50:25 - Resonance: 0.1 | NetInflow: 8 | NetOutflow: 8 | NetOverflow: 0 | State: Active
2025-02-16 08:50:25 - Resonance: 0.1 | NetInflow: 8 | NetOutflow: 8 | NetOverflow: 0 | State: Active
2025-02-16 08:50:25 - Resonance: 0.1 | NetInflow: 8 | NetOutflow: 8 | NetOverflow: 0 | State: Active
2025-02-16 08:50:25 - Resonance: 0.1 | NetInflow: 8 | NetOutflow: 8 | NetOverflow: 0 | State: Active
2025-02-16 08:50:25 - Resonance: 0.1 | NetInflow: 8 | NetOutflow: 8 | NetOverflow: 0 | State: Active
2025-02-16 08:50:25 - Resonance: 0.1 | NetInflow: 8 | NetOutflow: 8 | NetOverflow: 0 | State: Active
2025-02-16 08:50:25 - Resonance: 0.1 | NetInflow: 8 | NetOutflow: 8 | NetOverflow: 0 | State: Active
2025-02-16 08:50:25 - Resonance: 0.1 | NetInflow: 8 | NetOutflow: 8 | NetOverflow: 0 | State: Active
2025-02-16 08:50:25 - Resonance: 0.1 | NetInflow: 8 | NetOutflow: 8 | NetOverflow: 0 | State: Active
2025-02-16 08:50:25 - Resonance: 0.1 | NetInflow: 8 | NetOutflow: 8 | NetOverflow: 0 | State: Active
2025-02-16 08:50:25 -  - - - Adding pulse number 3 with midi index 90. - - -
2025-02-16 08:50:25 - Pulse Index: 0 | Midi Index: 47 | Intensity: 32 | Note Name: B2
2025-02-16 08:50:25 - Pulse Index: 1 | Midi Index: 60 | Intensity: 27 | Note Name: C4
2025-02-16 08:50:25 - Pulse Index: 2 | Midi Index: 81 | Intensity: 45 | Note Name: A5
2025-02-16 08:50:25 - Pulse Index: 3 | Midi Index: 90 | Intensity: 20 | Note Name: F#/Gb6
2025-02-16 08:50:25 - Pulse Index: 4 | Midi Index: 113 | Intensity: 48 | Note Name: F8
2025-02-16 08:50:25 - 
Logging Idyll Amount:

2025-02-16 08:50:25 - Resonance: 0.1 | NetInflow: 7.5 | NetOutflow: 7.5 | NetOverflow: 0 | State: Active
2025-02-16 08:50:25 - Resonance: 0.1 | NetInflow: 7.5 | NetOutflow: 7.5 | NetOverflow: 0 | State: Active
2025-02-16 08:50:25 - Resonance: 0.1 | NetInflow: 7.5 | NetOutflow: 7.5 | NetOverflow: 0 | State: Active
2025-02-16 08:50:25 - Resonance: 0.1 | NetInflow: 7.5 | NetOutflow: 7.5 | NetOverflow: 0 | State: Active
2025-02-16 08:50:25 - Resonance: 0.1 | NetInflow: 7.5 | NetOutflow: 7.5 | NetOverflow: 0 | State: Active
2025-02-16 08:50:25 - Resonance: 0.1 | NetInflow: 7.5 | NetOutflow: 7.5 | NetOverflow: 0 | State: Active
2025-02-16 08:50:25 - Resonance: 0.1 | NetInflow: 7.5 | NetOutflow: 7.5 | NetOverflow: 0 | State: Active
2025-02-16 08:50:25 - Resonance: 0.1 | NetInflow: 7.5 | NetOutflow: 7.5 | NetOverflow: 0 | State: Active
2025-02-16 08:50:25 - Resonance: 0.1 | NetInflow: 7.5 | NetOutflow: 7.5 | NetOverflow: 0 | State: Active
2025-02-16 08:50:25 - Resonance: 0.1 | NetInflow: 7.5 | NetOutflow: 7.5 | NetOverflow: 0 | State: Active
2025-02-16 08:50:25 - Resonance: 0.1 | NetInflow: 7.5 | NetOutflow: 7.5 | NetOverflow: 0 | State: Active
2025-02-16 08:50:25 - Resonance: 0.1 | NetInflow: 7.5 | NetOutflow: 7.5 | NetOverflow: 0 | State: Active
2025-02-16 08:50:25 - Resonance: 0.1 | NetInflow: 7.5 | NetOutflow: 7.5 | NetOverflow: 0 | State: Active
2025-02-16 08:50:25 - Resonance: 0.1 | NetInflow: 7.5 | NetOutflow: 7.5 | NetOverflow: 0 | State: Active
2025-02-16 08:50:25 - Resonance: 0.1 | NetInflow: 7.5 | NetOutflow: 7.5 | NetOverflow: 0 | State: Active
2025-02-16 08:50:25 - Resonance: 0.1 | NetInflow: 7.5 | NetOutflow: 7.5 | NetOverflow: 0 | State: Active
2025-02-16 08:50:25 - Resonance: 0.1 | NetInflow: 7.5 | NetOutflow: 7.5 | NetOverflow: 0 | State: Active
2025-02-16 08:50:25 - Resonance: 0.1 | NetInflow: 7.5 | NetOutflow: 7.5 | NetOverflow: 0 | State: Active
2025-02-16 08:50:25 - Resonance: 0.1 | NetInflow: 7.5 | NetOutflow: 7.5 | NetOverflow: 0 | State: Active
2025-02-16 08:50:25 - Resonance: 0.1 | NetInflow: 7.5 | NetOutflow: 7.5 | NetOverflow: 0 | State: Active
2025-02-16 08:50:25 - Resonance: 0.1 | NetInflow: 7.5 | NetOutflow: 7.5 | NetOverflow: 0 | State: Active
2025-02-16 08:50:25 - Resonance: 0.1 | NetInflow: 7.5 | NetOutflow: 7.5 | NetOverflow: 0 | State: Active
2025-02-16 08:50:25 - Resonance: 0.1 | NetInflow: 7.5 | NetOutflow: 7.5 | NetOverflow: 0 | State: Active
2025-02-16 08:50:25 - Resonance: 0.1 | NetInflow: 7.5 | NetOutflow: 7.5 | NetOverflow: 0 | State: Active
2025-02-16 08:50:25 - Resonance: 0.1 | NetInflow: 7.5 | NetOutflow: 7.5 | NetOverflow: 0 | State: Active
2025-02-16 08:50:25 - Resonance: 0.1 | NetInflow: 7.5 | NetOutflow: 7.5 | NetOverflow: 0 | State: Active
2025-02-16 08:50:25 - Resonance: 0.1 | NetInflow: 7.5 | NetOutflow: 7.5 | NetOverflow: 0 | State: Active
2025-02-16 08:50:25 - Resonance: 0.1 | NetInflow: 7.5 | NetOutflow: 7.5 | NetOverflow: 0 | State: Active
2025-02-16 08:50:25 - Resonance: 0.1 | NetInflow: 7.5 | NetOutflow: 7.5 | NetOverflow: 0 | State: Active
2025-02-16 08:50:25 - Resonance: 0.1 | NetInflow: 7.5 | NetOutflow: 7.5 | NetOverflow: 0 | State: Active
2025-02-16 08:50:25 - Resonance: 0.1 | NetInflow: 7.5 | NetOutflow: 7.5 | NetOverflow: 0 | State: Active
2025-02-16 08:50:25 - Resonance: 0.1 | NetInflow: 7.5 | NetOutflow: 7.5 | NetOverflow: 0 | State: Active
2025-02-16 08:50:25 - Resonance: 0.1 | NetInflow: 7.5 | NetOutflow: 7.5 | NetOverflow: 0 | State: Active
2025-02-16 08:50:25 - Resonance: 0.1 | NetInflow: 7.5 | NetOutflow: 7.5 | NetOverflow: 0 | State: Active
2025-02-16 08:50:25 - Resonance: 0.1 | NetInflow: 7.5 | NetOutflow: 7.5 | NetOverflow: 0 | State: Active
2025-02-16 08:50:25 - Resonance: 0.1 | NetInflow: 7.5 | NetOutflow: 7.5 | NetOverflow: 0 | State: Active
2025-02-16 08:50:25 - Resonance: 0.1 | NetInflow: 7.5 | NetOutflow: 7.5 | NetOverflow: 0 | State: Active
2025-02-16 08:50:25 - Resonance: 0.1 | NetInflow: 7.5 | NetOutflow: 7.5 | NetOverflow: 0 | State: Active
2025-02-16 08:50:25 - Resonance: 0.1 | NetInflow: 7.5 | NetOutflow: 7.5 | NetOverflow: 0 | State: Active
2025-02-16 08:50:25 - Resonance: 0.1 | NetInflow: 7.5 | NetOutflow: 7.5 | NetOverflow: 0 | State: Active
2025-02-16 08:50:25 - Resonance: 0.1 | NetInflow: 7.5 | NetOutflow: 7.5 | NetOverflow: 0 | State: Active
2025-02-16 08:50:25 - Resonance: 0.1 | NetInflow: 7.5 | NetOutflow: 7.5 | NetOverflow: 0 | State: Active
2025-02-16 08:50:25 - Resonance: 0.1 | NetInflow: 7.5 | NetOutflow: 7.5 | NetOverflow: 0 | State: Active
2025-02-16 08:50:25 - Resonance: 0.1 | NetInflow: 7.5 | NetOutflow: 7.5 | NetOverflow: 0 | State: Active
2025-02-16 08:50:25 - Resonance: 0.1 | NetInflow: 7.5 | NetOutflow: 7.5 | NetOverflow: 0 | State: Active
2025-02-16 08:50:25 - Resonance: 0.1 | NetInflow: 7.5 | NetOutflow: 7.5 | NetOverflow: 0 | State: Active
2025-02-16 08:50:25 - Resonance: 0.1 | NetInflow: 7.5 | NetOutflow: 7.5 | NetOverflow: 0 | State: Active
2025-02-16 08:50:25 - Resonance: 0.1 | NetInflow: 7.5 | NetOutflow: 7.5 | NetOverflow: 0 | State: Active
2025-02-16 08:50:25 - Resonance: 0.1 | NetInflow: 7.5 | NetOutflow: 7.5 | NetOverflow: 0 | State: Active
2025-02-16 08:50:25 - Resonance: 0.1 | NetInflow: 7.5 | NetOutflow: 7.5 | NetOverflow: 0 | State: Active
2025-02-16 08:50:25 -  - - - Adding pulse number 4 with midi index 96. - - -
2025-02-16 08:50:25 - Pulse Index: 0 | Midi Index: 47 | Intensity: 32 | Note Name: B2
2025-02-16 08:50:25 - Pulse Index: 1 | Midi Index: 60 | Intensity: 27 | Note Name: C4
2025-02-16 08:50:25 - Pulse Index: 2 | Midi Index: 81 | Intensity: 45 | Note Name: A5
2025-02-16 08:50:25 - Pulse Index: 3 | Midi Index: 90 | Intensity: 20 | Note Name: F#/Gb6
2025-02-16 08:50:25 - Pulse Index: 4 | Midi Index: 96 | Intensity: 33 | Note Name: C7
2025-02-16 08:50:25 - Pulse Index: 5 | Midi Index: 113 | Intensity: 48 | Note Name: F8
2025-02-16 08:50:25 - 
Logging Idyll Amount:

2025-02-16 08:50:25 - Resonance: 0.1 | NetInflow: 11.6 | NetOutflow: 11.6 | NetOverflow: 0 | State: Active
2025-02-16 08:50:25 - Resonance: 0.1 | NetInflow: 11.6 | NetOutflow: 11.6 | NetOverflow: 0 | State: Active
2025-02-16 08:50:25 - Resonance: 0.1 | NetInflow: 11.6 | NetOutflow: 11.6 | NetOverflow: 0 | State: Active
2025-02-16 08:50:25 - Resonance: 0.1 | NetInflow: 11.6 | NetOutflow: 11.6 | NetOverflow: 0 | State: Active
2025-02-16 08:50:25 - Resonance: 0.1 | NetInflow: 11.6 | NetOutflow: 11.6 | NetOverflow: 0 | State: Active
2025-02-16 08:50:25 - Resonance: 0.1 | NetInflow: 11.6 | NetOutflow: 11.6 | NetOverflow: 0 | State: Active
2025-02-16 08:50:25 - Resonance: 0.1 | NetInflow: 11.6 | NetOutflow: 11.6 | NetOverflow: 0 | State: Active
2025-02-16 08:50:25 - Resonance: 0.1 | NetInflow: 11.6 | NetOutflow: 11.6 | NetOverflow: 0 | State: Active
2025-02-16 08:50:25 - Resonance: 0.1 | NetInflow: 11.6 | NetOutflow: 11.6 | NetOverflow: 0 | State: Active
2025-02-16 08:50:25 - Resonance: 0.1 | NetInflow: 11.6 | NetOutflow: 11.6 | NetOverflow: 0 | State: Active
2025-02-16 08:50:25 - Resonance: 0.1 | NetInflow: 11.6 | NetOutflow: 11.6 | NetOverflow: 0 | State: Active
2025-02-16 08:50:25 - Resonance: 0.1 | NetInflow: 11.6 | NetOutflow: 11.6 | NetOverflow: 0 | State: Active
2025-02-16 08:50:25 - Resonance: 0.1 | NetInflow: 11.6 | NetOutflow: 11.6 | NetOverflow: 0 | State: Active
2025-02-16 08:50:25 - Resonance: 0.1 | NetInflow: 11.6 | NetOutflow: 11.6 | NetOverflow: 0 | State: Active
2025-02-16 08:50:25 - Resonance: 0.1 | NetInflow: 11.6 | NetOutflow: 11.6 | NetOverflow: 0 | State: Active
2025-02-16 08:50:25 - Resonance: 0.1 | NetInflow: 11.6 | NetOutflow: 11.6 | NetOverflow: 0 | State: Active
2025-02-16 08:50:25 - Resonance: 0.1 | NetInflow: 11.6 | NetOutflow: 11.6 | NetOverflow: 0 | State: Active
2025-02-16 08:50:25 - Resonance: 0.1 | NetInflow: 11.6 | NetOutflow: 11.6 | NetOverflow: 0 | State: Active
2025-02-16 08:50:25 - Resonance: 0.1 | NetInflow: 11.6 | NetOutflow: 11.6 | NetOverflow: 0 | State: Active
2025-02-16 08:50:25 - Resonance: 0.1 | NetInflow: 11.6 | NetOutflow: 11.6 | NetOverflow: 0 | State: Active
2025-02-16 08:50:25 - Resonance: 0.1 | NetInflow: 11.6 | NetOutflow: 11.6 | NetOverflow: 0 | State: Active
2025-02-16 08:50:25 - Resonance: 0.1 | NetInflow: 11.6 | NetOutflow: 11.6 | NetOverflow: 0 | State: Active
2025-02-16 08:50:25 - Resonance: 0.1 | NetInflow: 11.6 | NetOutflow: 11.6 | NetOverflow: 0 | State: Active
2025-02-16 08:50:25 - Resonance: 0.1 | NetInflow: 11.6 | NetOutflow: 11.6 | NetOverflow: 0 | State: Active
2025-02-16 08:50:25 - Resonance: 0.1 | NetInflow: 11.6 | NetOutflow: 11.6 | NetOverflow: 0 | State: Active
2025-02-16 08:50:25 - Resonance: 0.1 | NetInflow: 11.6 | NetOutflow: 11.6 | NetOverflow: 0 | State: Active
2025-02-16 08:50:25 - Resonance: 0.1 | NetInflow: 11.6 | NetOutflow: 11.6 | NetOverflow: 0 | State: Active
2025-02-16 08:50:25 - Resonance: 0.1 | NetInflow: 11.6 | NetOutflow: 11.6 | NetOverflow: 0 | State: Active
2025-02-16 08:50:25 - Resonance: 0.1 | NetInflow: 11.6 | NetOutflow: 11.6 | NetOverflow: 0 | State: Active
2025-02-16 08:50:25 - Resonance: 0.1 | NetInflow: 11.6 | NetOutflow: 11.6 | NetOverflow: 0 | State: Active
2025-02-16 08:50:25 - Resonance: 0.1 | NetInflow: 11.6 | NetOutflow: 11.6 | NetOverflow: 0 | State: Active
2025-02-16 08:50:25 - Resonance: 0.1 | NetInflow: 11.6 | NetOutflow: 11.6 | NetOverflow: 0 | State: Active
2025-02-16 08:50:25 - Resonance: 0.1 | NetInflow: 11.6 | NetOutflow: 11.6 | NetOverflow: 0 | State: Active
2025-02-16 08:50:25 - Resonance: 0.1 | NetInflow: 11.6 | NetOutflow: 11.6 | NetOverflow: 0 | State: Active
2025-02-16 08:50:25 - Resonance: 0.1 | NetInflow: 11.6 | NetOutflow: 11.6 | NetOverflow: 0 | State: Active
2025-02-16 08:50:25 - Resonance: 0.1 | NetInflow: 11.6 | NetOutflow: 11.6 | NetOverflow: 0 | State: Active
2025-02-16 08:50:25 - Resonance: 0.1 | NetInflow: 11.6 | NetOutflow: 11.6 | NetOverflow: 0 | State: Active
2025-02-16 08:50:25 - Resonance: 0.1 | NetInflow: 11.6 | NetOutflow: 11.6 | NetOverflow: 0 | State: Active
2025-02-16 08:50:25 - Resonance: 0.1 | NetInflow: 11.6 | NetOutflow: 11.6 | NetOverflow: 0 | State: Active
2025-02-16 08:50:25 - Resonance: 0.1 | NetInflow: 11.6 | NetOutflow: 11.6 | NetOverflow: 0 | State: Active
2025-02-16 08:50:25 - Resonance: 0.1 | NetInflow: 11.6 | NetOutflow: 11.6 | NetOverflow: 0 | State: Active
2025-02-16 08:50:25 - Resonance: 0.1 | NetInflow: 11.6 | NetOutflow: 11.6 | NetOverflow: 0 | State: Active
2025-02-16 08:50:25 - Resonance: 0.1 | NetInflow: 11.6 | NetOutflow: 11.6 | NetOverflow: 0 | State: Active
2025-02-16 08:50:25 - Resonance: 0.1 | NetInflow: 11.6 | NetOutflow: 11.6 | NetOverflow: 0 | State: Active
2025-02-16 08:50:25 - Resonance: 0.1 | NetInflow: 11.6 | NetOutflow: 11.6 | NetOverflow: 0 | State: Active
2025-02-16 08:50:25 - Resonance: 0.1 | NetInflow: 11.6 | NetOutflow: 11.6 | NetOverflow: 0 | State: Active
2025-02-16 08:50:25 - Resonance: 0.1 | NetInflow: 11.6 | NetOutflow: 11.6 | NetOverflow: 0 | State: Active
2025-02-16 08:50:25 - Resonance: 0.1 | NetInflow: 11.6 | NetOutflow: 11.6 | NetOverflow: 0 | State: Active
2025-02-16 08:50:25 - Resonance: 0.1 | NetInflow: 11.6 | NetOutflow: 11.6 | NetOverflow: 0 | State: Active
2025-02-16 08:50:25 - Resonance: 0.1 | NetInflow: 11.6 | NetOutflow: 11.6 | NetOverflow: 0 | State: Active
2025-02-16 08:50:25 - Pulse Index: 0 | Midi Index: 47 | Intensity: 32 | Note Name: B2
2025-02-16 08:50:25 - Pulse Index: 1 | Midi Index: 60 | Intensity: 27 | Note Name: C4
2025-02-16 08:50:25 - Pulse Index: 2 | Midi Index: 81 | Intensity: 45 | Note Name: A5
2025-02-16 08:50:25 - Pulse Index: 3 | Midi Index: 90 | Intensity: 20 | Note Name: F#/Gb6
2025-02-16 08:50:25 - Pulse Index: 4 | Midi Index: 96 | Intensity: 33 | Note Name: C7
2025-02-16 08:50:25 - Pulse Index: 5 | Midi Index: 113 | Intensity: 48 | Note Name: F8
2025-02-16 08:50:25 - - - - Resonator Parameter: 244215 - - - 
2025-02-16 08:50:25 - OriginFrequency: 123 | OriginIntensity: 32 | MaxIdyllAmount: 16 | CriticalEffect: 0 | CriticalEffectDurationThreshold: 0 | CriticalEffectIntensity: 0
2025-02-16 08:50:25 - InflowLimit: 32 | OutflowLimit: 16 | OverflowLimit: 16
2025-02-16 08:50:25 - ID: 0 | InflowMultiplier: 1 | OutflowMultiplier: 1 | OverflowMultiplier: 1 | InflowEffect: 0 | OutflowEffect: 0 | OverflowEffect: 0
2025-02-16 08:50:25 - ID: 1 | InflowMultiplier: 1 | OutflowMultiplier: 1 | OverflowMultiplier: 1 | InflowEffect: 0 | OutflowEffect: 0 | OverflowEffect: 0
2025-02-16 08:50:25 - ID: 2 | InflowMultiplier: 1 | OutflowMultiplier: 1 | OverflowMultiplier: 1 | InflowEffect: 0 | OutflowEffect: 0 | OverflowEffect: 0
2025-02-16 08:50:25 - ID: 3 | InflowMultiplier: 1 | OutflowMultiplier: 1 | OverflowMultiplier: 1 | InflowEffect: 0 | OutflowEffect: 0 | OverflowEffect: 0
2025-02-16 08:50:25 - ID: 4 | InflowMultiplier: 1 | OutflowMultiplier: 1 | OverflowMultiplier: 1 | InflowEffect: 0 | OutflowEffect: 0 | OverflowEffect: 0
2025-02-16 08:50:25 - ID: 5 | InflowMultiplier: 1 | OutflowMultiplier: 1 | OverflowMultiplier: 1 | InflowEffect: 0 | OutflowEffect: 0 | OverflowEffect: 0
2025-02-16 08:50:25 - ID: 6 | InflowMultiplier: 1 | OutflowMultiplier: 1 | OverflowMultiplier: 1 | InflowEffect: 0 | OutflowEffect: 0 | OverflowEffect: 0
2025-02-16 08:50:25 - ID: 7 | InflowMultiplier: 1 | OutflowMultiplier: 1 | OverflowMultiplier: 1 | InflowEffect: 0 | OutflowEffect: 0 | OverflowEffect: 0
2025-02-16 08:50:25 - ID: 8 | InflowMultiplier: 1 | OutflowMultiplier: 1 | OverflowMultiplier: 1 | InflowEffect: 0 | OutflowEffect: 0 | OverflowEffect: 0
2025-02-16 08:50:25 - ID: 9 | InflowMultiplier: 1 | OutflowMultiplier: 1 | OverflowMultiplier: 1 | InflowEffect: 0 | OutflowEffect: 0 | OverflowEffect: 0
2025-02-16 08:50:25 - ID: 10 | InflowMultiplier: 1 | OutflowMultiplier: 1 | OverflowMultiplier: 1 | InflowEffect: 0 | OutflowEffect: 0 | OverflowEffect: 0
2025-02-16 08:50:25 - ID: 11 | InflowMultiplier: 1 | OutflowMultiplier: 1 | OverflowMultiplier: 1 | InflowEffect: 0 | OutflowEffect: 0 | OverflowEffect: 0
2025-02-16 08:50:25 - ID: 12 | InflowMultiplier: 1 | OutflowMultiplier: 1 | OverflowMultiplier: 1 | InflowEffect: 0 | OutflowEffect: 0 | OverflowEffect: 0
2025-02-16 08:50:25 - ID: 13 | InflowMultiplier: 1 | OutflowMultiplier: 1 | OverflowMultiplier: 1 | InflowEffect: 0 | OutflowEffect: 0 | OverflowEffect: 0
