2025-02-16 08:48:19 - Debugger session started.
2025-02-16 08:48:19 - BasilMuguet Test_1 started
2025-02-16 08:48:19 -  - - - Adding pulse number 0 with midi index 98. - - -
2025-02-16 08:48:19 - Pulse Index: 0 | Midi Index: 69 | Intensity: 32 | Note Name: A4
2025-02-16 08:48:19 - Pulse Index: 1 | Midi Index: 98 | Intensity: 39 | Note Name: D7
2025-02-16 08:48:19 - 
Logging Idyll Amount:

2025-02-16 08:48:19 - Resonance: 0 | NetInflow: 0 | NetOutflow: 0 | NetOverflow: 0 | State: Static
2025-02-16 08:48:19 - Resonance: 0 | NetInflow: 0 | NetOutflow: 0 | NetOverflow: 0 | State: Static
2025-02-16 08:48:19 - Resonance: 0 | NetInflow: 0 | NetOutflow: 0 | NetOverflow: 0 | State: Static
2025-02-16 08:48:19 - Resonance: 0 | NetInflow: 0 | NetOutflow: 0 | NetOverflow: 0 | State: Static
2025-02-16 08:48:19 - Resonance: 0 | NetInflow: 0 | NetOutflow: 0 | NetOverflow: 0 | State: Static
2025-02-16 08:48:19 - Resonance: 0 | NetInflow: 0 | NetOutflow: 0 | NetOverflow: 0 | State: Static
2025-02-16 08:48:19 - Resonance: 0 | NetInflow: 0 | NetOutflow: 0 | NetOverflow: 0 | State: Static
2025-02-16 08:48:19 - Resonance: 0 | NetInflow: 0 | NetOutflow: 0 | NetOverflow: 0 | State: Static
2025-02-16 08:48:19 - Resonance: 0 | NetInflow: 0 | NetOutflow: 0 | NetOverflow: 0 | State: Static
2025-02-16 08:48:19 - Resonance: 0 | NetInflow: 0 | NetOutflow: 0 | NetOverflow: 0 | State: Static
2025-02-16 08:48:19 - Resonance: 0 | NetInflow: 0 | NetOutflow: 0 | NetOverflow: 0 | State: Static
2025-02-16 08:48:19 - Resonance: 0 | NetInflow: 0 | NetOutflow: 0 | NetOverflow: 0 | State: Static
2025-02-16 08:48:19 - Resonance: 0 | NetInflow: 0 | NetOutflow: 0 | NetOverflow: 0 | State: Static
2025-02-16 08:48:19 - Resonance: 0 | NetInflow: 0 | NetOutflow: 0 | NetOverflow: 0 | State: Static
2025-02-16 08:48:19 - Resonance: 0 | NetInflow: 0 | NetOutflow: 0 | NetOverflow: 0 | State: Static
2025-02-16 08:48:19 - Resonance: 0 | NetInflow: 0 | NetOutflow: 0 | NetOverflow: 0 | State: Static
2025-02-16 08:48:20 - Resonance: 0 | NetInflow: 0 | NetOutflow: 0 | NetOverflow: 0 | State: Static
2025-02-16 08:48:20 - Resonance: 0 | NetInflow: 0 | NetOutflow: 0 | NetOverflow: 0 | State: Static
2025-02-16 08:48:20 - Resonance: 0 | NetInflow: 0 | NetOutflow: 0 | NetOverflow: 0 | State: Static
2025-02-16 08:48:20 - Resonance: 0 | NetInflow: 0 | NetOutflow: 0 | NetOverflow: 0 | State: Static
2025-02-16 08:48:20 - Resonance: 0 | NetInflow: 0 | NetOutflow: 0 | NetOverflow: 0 | State: Static
2025-02-16 08:48:20 - Resonance: 0 | NetInflow: 0 | NetOutflow: 0 | NetOverflow: 0 | State: Static
2025-02-16 08:48:20 - Resonance: 0 | NetInflow: 0 | NetOutflow: 0 | NetOverflow: 0 | State: Static
2025-02-16 08:48:20 - Resonance: 0 | NetInflow: 0 | NetOutflow: 0 | NetOverflow: 0 | State: Static
2025-02-16 08:48:20 - Resonance: 0 | NetInflow: 0 | NetOutflow: 0 | NetOverflow: 0 | State: Static
2025-02-16 08:48:20 - Resonance: 0 | NetInflow: 0 | NetOutflow: 0 | NetOverflow: 0 | State: Static
2025-02-16 08:48:20 - Resonance: 0 | NetInflow: 0 | NetOutflow: 0 | NetOverflow: 0 | State: Static
2025-02-16 08:48:20 - Resonance: 0 | NetInflow: 0 | NetOutflow: 0 | NetOverflow: 0 | State: Static
2025-02-16 08:48:20 - Resonance: 0 | NetInflow: 0 | NetOutflow: 0 | NetOverflow: 0 | State: Static
2025-02-16 08:48:20 - Resonance: 0 | NetInflow: 0 | NetOutflow: 0 | NetOverflow: 0 | State: Static
2025-02-16 08:48:20 - Resonance: 0 | NetInflow: 0 | NetOutflow: 0 | NetOverflow: 0 | State: Static
2025-02-16 08:48:20 - Resonance: 0 | NetInflow: 0 | NetOutflow: 0 | NetOverflow: 0 | State: Static
2025-02-16 08:48:20 - Resonance: 0 | NetInflow: 0 | NetOutflow: 0 | NetOverflow: 0 | State: Static
2025-02-16 08:48:20 - Resonance: 0 | NetInflow: 0 | NetOutflow: 0 | NetOverflow: 0 | State: Static
2025-02-16 08:48:20 - Resonance: 0 | NetInflow: 0 | NetOutflow: 0 | NetOverflow: 0 | State: Static
2025-02-16 08:48:20 - Resonance: 0 | NetInflow: 0 | NetOutflow: 0 | NetOverflow: 0 | State: Static
2025-02-16 08:48:20 - Resonance: 0 | NetInflow: 0 | NetOutflow: 0 | NetOverflow: 0 | State: Static
2025-02-16 08:48:20 - Resonance: 0 | NetInflow: 0 | NetOutflow: 0 | NetOverflow: 0 | State: Static
2025-02-16 08:48:20 - Resonance: 0 | NetInflow: 0 | NetOutflow: 0 | NetOverflow: 0 | State: Static
2025-02-16 08:48:20 - Resonance: 0 | NetInflow: 0 | NetOutflow: 0 | NetOverflow: 0 | State: Static
2025-02-16 08:48:20 - Resonance: 0 | NetInflow: 0 | NetOutflow: 0 | NetOverflow: 0 | State: Static
2025-02-16 08:48:20 - Resonance: 0 | NetInflow: 0 | NetOutflow: 0 | NetOverflow: 0 | State: Static
2025-02-16 08:48:20 - Resonance: 0 | NetInflow: 0 | NetOutflow: 0 | NetOverflow: 0 | State: Static
2025-02-16 08:48:20 - Resonance: 0 | NetInflow: 0 | NetOutflow: 0 | NetOverflow: 0 | State: Static
2025-02-16 08:48:20 - Resonance: 0 | NetInflow: 0 | NetOutflow: 0 | NetOverflow: 0 | State: Static
2025-02-16 08:48:20 - Resonance: 0 | NetInflow: 0 | NetOutflow: 0 | NetOverflow: 0 | State: Static
2025-02-16 08:48:20 - Resonance: 0 | NetInflow: 0 | NetOutflow: 0 | NetOverflow: 0 | State: Static
2025-02-16 08:48:20 - Resonance: 0 | NetInflow: 0 | NetOutflow: 0 | NetOverflow: 0 | State: Static
2025-02-16 08:48:20 - Resonance: 0 | NetInflow: 0 | NetOutflow: 0 | NetOverflow: 0 | State: Static
2025-02-16 08:48:20 - Resonance: 0 | NetInflow: 0 | NetOutflow: 0 | NetOverflow: 0 | State: Static
2025-02-16 08:48:20 -  - - - Adding pulse number 1 with midi index 100. - - -
2025-02-16 08:48:20 - Pulse Index: 0 | Midi Index: 69 | Intensity: 32 | Note Name: A4
2025-02-16 08:48:20 - Pulse Index: 1 | Midi Index: 98 | Intensity: 39 | Note Name: D7
2025-02-16 08:48:20 - Pulse Index: 2 | Midi Index: 100 | Intensity: 42 | Note Name: E7
2025-02-16 08:48:20 - 
Logging Idyll Amount:

2025-02-16 08:48:20 - Resonance: 0.1 | NetInflow: 4 | NetOutflow: 0 | NetOverflow: 0 | State: Active
2025-02-16 08:48:20 - Resonance: 0.1 | NetInflow: 4 | NetOutflow: 4 | NetOverflow: 0 | State: Active
2025-02-16 08:48:20 - Resonance: 0.1 | NetInflow: 4 | NetOutflow: 4 | NetOverflow: 0 | State: Active
2025-02-16 08:48:20 - Resonance: 0.1 | NetInflow: 4 | NetOutflow: 4 | NetOverflow: 0 | State: Active
2025-02-16 08:48:20 - Resonance: 0.1 | NetInflow: 4 | NetOutflow: 4 | NetOverflow: 0 | State: Active
2025-02-16 08:48:20 - Resonance: 0.1 | NetInflow: 4 | NetOutflow: 4 | NetOverflow: 0 | State: Active
2025-02-16 08:48:20 - Resonance: 0.1 | NetInflow: 4 | NetOutflow: 4 | NetOverflow: 0 | State: Active
2025-02-16 08:48:20 - Resonance: 0.1 | NetInflow: 4 | NetOutflow: 4 | NetOverflow: 0 | State: Active
2025-02-16 08:48:20 - Resonance: 0.1 | NetInflow: 4 | NetOutflow: 4 | NetOverflow: 0 | State: Active
2025-02-16 08:48:20 - Resonance: 0.1 | NetInflow: 4 | NetOutflow: 4 | NetOverflow: 0 | State: Active
2025-02-16 08:48:20 - Resonance: 0.1 | NetInflow: 4 | NetOutflow: 4 | NetOverflow: 0 | State: Active
2025-02-16 08:48:20 - Resonance: 0.1 | NetInflow: 4 | NetOutflow: 4 | NetOverflow: 0 | State: Active
2025-02-16 08:48:20 - Resonance: 0.1 | NetInflow: 4 | NetOutflow: 4 | NetOverflow: 0 | State: Active
2025-02-16 08:48:20 - Resonance: 0.1 | NetInflow: 4 | NetOutflow: 4 | NetOverflow: 0 | State: Active
2025-02-16 08:48:20 - Resonance: 0.1 | NetInflow: 4 | NetOutflow: 4 | NetOverflow: 0 | State: Active
2025-02-16 08:48:20 - Resonance: 0.1 | NetInflow: 4 | NetOutflow: 4 | NetOverflow: 0 | State: Active
2025-02-16 08:48:20 - Resonance: 0.1 | NetInflow: 4 | NetOutflow: 4 | NetOverflow: 0 | State: Active
2025-02-16 08:48:20 - Resonance: 0.1 | NetInflow: 4 | NetOutflow: 4 | NetOverflow: 0 | State: Active
2025-02-16 08:48:20 - Resonance: 0.1 | NetInflow: 4 | NetOutflow: 4 | NetOverflow: 0 | State: Active
2025-02-16 08:48:20 - Resonance: 0.1 | NetInflow: 4 | NetOutflow: 4 | NetOverflow: 0 | State: Active
2025-02-16 08:48:20 - Resonance: 0.1 | NetInflow: 4 | NetOutflow: 4 | NetOverflow: 0 | State: Active
2025-02-16 08:48:20 - Resonance: 0.1 | NetInflow: 4 | NetOutflow: 4 | NetOverflow: 0 | State: Active
2025-02-16 08:48:20 - Resonance: 0.1 | NetInflow: 4 | NetOutflow: 4 | NetOverflow: 0 | State: Active
2025-02-16 08:48:20 - Resonance: 0.1 | NetInflow: 4 | NetOutflow: 4 | NetOverflow: 0 | State: Active
2025-02-16 08:48:20 - Resonance: 0.1 | NetInflow: 4 | NetOutflow: 4 | NetOverflow: 0 | State: Active
2025-02-16 08:48:20 - Resonance: 0.1 | NetInflow: 4 | NetOutflow: 4 | NetOverflow: 0 | State: Active
2025-02-16 08:48:20 - Resonance: 0.1 | NetInflow: 4 | NetOutflow: 4 | NetOverflow: 0 | State: Active
2025-02-16 08:48:20 - Resonance: 0.1 | NetInflow: 4 | NetOutflow: 4 | NetOverflow: 0 | State: Active
2025-02-16 08:48:20 - Resonance: 0.1 | NetInflow: 4 | NetOutflow: 4 | NetOverflow: 0 | State: Active
2025-02-16 08:48:20 - Resonance: 0.1 | NetInflow: 4 | NetOutflow: 4 | NetOverflow: 0 | State: Active
2025-02-16 08:48:20 - Resonance: 0.1 | NetInflow: 4 | NetOutflow: 4 | NetOverflow: 0 | State: Active
2025-02-16 08:48:20 - Resonance: 0.1 | NetInflow: 4 | NetOutflow: 4 | NetOverflow: 0 | State: Active
2025-02-16 08:48:20 - Resonance: 0.1 | NetInflow: 4 | NetOutflow: 4 | NetOverflow: 0 | State: Active
2025-02-16 08:48:20 - Resonance: 0.1 | NetInflow: 4 | NetOutflow: 4 | NetOverflow: 0 | State: Active
2025-02-16 08:48:20 - Resonance: 0.1 | NetInflow: 4 | NetOutflow: 4 | NetOverflow: 0 | State: Active
2025-02-16 08:48:20 - Resonance: 0.1 | NetInflow: 4 | NetOutflow: 4 | NetOverflow: 0 | State: Active
2025-02-16 08:48:20 - Resonance: 0.1 | NetInflow: 4 | NetOutflow: 4 | NetOverflow: 0 | State: Active
2025-02-16 08:48:20 - Resonance: 0.1 | NetInflow: 4 | NetOutflow: 4 | NetOverflow: 0 | State: Active
2025-02-16 08:48:20 - Resonance: 0.1 | NetInflow: 4 | NetOutflow: 4 | NetOverflow: 0 | State: Active
2025-02-16 08:48:20 - Resonance: 0.1 | NetInflow: 4 | NetOutflow: 4 | NetOverflow: 0 | State: Active
2025-02-16 08:48:20 - Resonance: 0.1 | NetInflow: 4 | NetOutflow: 4 | NetOverflow: 0 | State: Active
2025-02-16 08:48:20 - Resonance: 0.1 | NetInflow: 4 | NetOutflow: 4 | NetOverflow: 0 | State: Active
2025-02-16 08:48:20 - Resonance: 0.1 | NetInflow: 4 | NetOutflow: 4 | NetOverflow: 0 | State: Active
2025-02-16 08:48:20 - Resonance: 0.1 | NetInflow: 4 | NetOutflow: 4 | NetOverflow: 0 | State: Active
2025-02-16 08:48:20 - Resonance: 0.1 | NetInflow: 4 | NetOutflow: 4 | NetOverflow: 0 | State: Active
2025-02-16 08:48:20 - Resonance: 0.1 | NetInflow: 4 | NetOutflow: 4 | NetOverflow: 0 | State: Active
2025-02-16 08:48:20 - Resonance: 0.1 | NetInflow: 4 | NetOutflow: 4 | NetOverflow: 0 | State: Active
2025-02-16 08:48:20 - Resonance: 0.1 | NetInflow: 4 | NetOutflow: 4 | NetOverflow: 0 | State: Active
2025-02-16 08:48:20 - Resonance: 0.1 | NetInflow: 4 | NetOutflow: 4 | NetOverflow: 0 | State: Active
2025-02-16 08:48:20 - Resonance: 0.1 | NetInflow: 4 | NetOutflow: 4 | NetOverflow: 0 | State: Active
2025-02-16 08:48:20 -  - - - Adding pulse number 2 with midi index 67. - - -
2025-02-16 08:48:20 - Pulse Index: 0 | Midi Index: 69 | Intensity: 32 | Note Name: A4
2025-02-16 08:48:20 - Pulse Index: 1 | Midi Index: 98 | Intensity: 39 | Note Name: D7
2025-02-16 08:48:20 - Pulse Index: 2 | Midi Index: 100 | Intensity: 42 | Note Name: E7
2025-02-16 08:48:20 - 
Logging Idyll Amount:

2025-02-16 08:48:20 - Resonance: 0.1 | NetInflow: 4 | NetOutflow: 4 | NetOverflow: 0 | State: Active
2025-02-16 08:48:20 - Resonance: 0.1 | NetInflow: 4 | NetOutflow: 4 | NetOverflow: 0 | State: Active
2025-02-16 08:48:20 - Resonance: 0.1 | NetInflow: 4 | NetOutflow: 4 | NetOverflow: 0 | State: Active
2025-02-16 08:48:20 - Resonance: 0.1 | NetInflow: 4 | NetOutflow: 4 | NetOverflow: 0 | State: Active
2025-02-16 08:48:20 - Resonance: 0.1 | NetInflow: 4 | NetOutflow: 4 | NetOverflow: 0 | State: Active
2025-02-16 08:48:20 - Resonance: 0.1 | NetInflow: 4 | NetOutflow: 4 | NetOverflow: 0 | State: Active
2025-02-16 08:48:20 - Resonance: 0.1 | NetInflow: 4 | NetOutflow: 4 | NetOverflow: 0 | State: Active
2025-02-16 08:48:20 - Resonance: 0.1 | NetInflow: 4 | NetOutflow: 4 | NetOverflow: 0 | State: Active
2025-02-16 08:48:20 - Resonance: 0.1 | NetInflow: 4 | NetOutflow: 4 | NetOverflow: 0 | State: Active
2025-02-16 08:48:20 - Resonance: 0.1 | NetInflow: 4 | NetOutflow: 4 | NetOverflow: 0 | State: Active
2025-02-16 08:48:20 - Resonance: 0.1 | NetInflow: 4 | NetOutflow: 4 | NetOverflow: 0 | State: Active
2025-02-16 08:48:20 - Resonance: 0.1 | NetInflow: 4 | NetOutflow: 4 | NetOverflow: 0 | State: Active
2025-02-16 08:48:20 - Resonance: 0.1 | NetInflow: 4 | NetOutflow: 4 | NetOverflow: 0 | State: Active
2025-02-16 08:48:20 - Resonance: 0.1 | NetInflow: 4 | NetOutflow: 4 | NetOverflow: 0 | State: Active
2025-02-16 08:48:20 - Resonance: 0.1 | NetInflow: 4 | NetOutflow: 4 | NetOverflow: 0 | State: Active
2025-02-16 08:48:20 - Resonance: 0.1 | NetInflow: 4 | NetOutflow: 4 | NetOverflow: 0 | State: Active
2025-02-16 08:48:20 - Resonance: 0.1 | NetInflow: 4 | NetOutflow: 4 | NetOverflow: 0 | State: Active
2025-02-16 08:48:20 - Resonance: 0.1 | NetInflow: 4 | NetOutflow: 4 | NetOverflow: 0 | State: Active
2025-02-16 08:48:20 - Resonance: 0.1 | NetInflow: 4 | NetOutflow: 4 | NetOverflow: 0 | State: Active
2025-02-16 08:48:20 - Resonance: 0.1 | NetInflow: 4 | NetOutflow: 4 | NetOverflow: 0 | State: Active
2025-02-16 08:48:20 - Resonance: 0.1 | NetInflow: 4 | NetOutflow: 4 | NetOverflow: 0 | State: Active
2025-02-16 08:48:20 - Resonance: 0.1 | NetInflow: 4 | NetOutflow: 4 | NetOverflow: 0 | State: Active
2025-02-16 08:48:20 - Resonance: 0.1 | NetInflow: 4 | NetOutflow: 4 | NetOverflow: 0 | State: Active
2025-02-16 08:48:20 - Resonance: 0.1 | NetInflow: 4 | NetOutflow: 4 | NetOverflow: 0 | State: Active
2025-02-16 08:48:20 - Resonance: 0.1 | NetInflow: 4 | NetOutflow: 4 | NetOverflow: 0 | State: Active
2025-02-16 08:48:20 - Resonance: 0.1 | NetInflow: 4 | NetOutflow: 4 | NetOverflow: 0 | State: Active
2025-02-16 08:48:20 - Resonance: 0.1 | NetInflow: 4 | NetOutflow: 4 | NetOverflow: 0 | State: Active
2025-02-16 08:48:20 - Resonance: 0.1 | NetInflow: 4 | NetOutflow: 4 | NetOverflow: 0 | State: Active
2025-02-16 08:48:20 - Resonance: 0.1 | NetInflow: 4 | NetOutflow: 4 | NetOverflow: 0 | State: Active
2025-02-16 08:48:20 - Resonance: 0.1 | NetInflow: 4 | NetOutflow: 4 | NetOverflow: 0 | State: Active
2025-02-16 08:48:20 - Resonance: 0.1 | NetInflow: 4 | NetOutflow: 4 | NetOverflow: 0 | State: Active
2025-02-16 08:48:20 - Resonance: 0.1 | NetInflow: 4 | NetOutflow: 4 | NetOverflow: 0 | State: Active
2025-02-16 08:48:20 - Resonance: 0.1 | NetInflow: 4 | NetOutflow: 4 | NetOverflow: 0 | State: Active
2025-02-16 08:48:20 - Resonance: 0.1 | NetInflow: 4 | NetOutflow: 4 | NetOverflow: 0 | State: Active
2025-02-16 08:48:20 - Resonance: 0.1 | NetInflow: 4 | NetOutflow: 4 | NetOverflow: 0 | State: Active
2025-02-16 08:48:20 - Resonance: 0.1 | NetInflow: 4 | NetOutflow: 4 | NetOverflow: 0 | State: Active
2025-02-16 08:48:20 - Resonance: 0.1 | NetInflow: 4 | NetOutflow: 4 | NetOverflow: 0 | State: Active
2025-02-16 08:48:20 - Resonance: 0.1 | NetInflow: 4 | NetOutflow: 4 | NetOverflow: 0 | State: Active
2025-02-16 08:48:20 - Resonance: 0.1 | NetInflow: 4 | NetOutflow: 4 | NetOverflow: 0 | State: Active
2025-02-16 08:48:20 - Resonance: 0.1 | NetInflow: 4 | NetOutflow: 4 | NetOverflow: 0 | State: Active
2025-02-16 08:48:20 - Resonance: 0.1 | NetInflow: 4 | NetOutflow: 4 | NetOverflow: 0 | State: Active
2025-02-16 08:48:20 - Resonance: 0.1 | NetInflow: 4 | NetOutflow: 4 | NetOverflow: 0 | State: Active
2025-02-16 08:48:20 - Resonance: 0.1 | NetInflow: 4 | NetOutflow: 4 | NetOverflow: 0 | State: Active
2025-02-16 08:48:20 - Resonance: 0.1 | NetInflow: 4 | NetOutflow: 4 | NetOverflow: 0 | State: Active
2025-02-16 08:48:20 - Resonance: 0.1 | NetInflow: 4 | NetOutflow: 4 | NetOverflow: 0 | State: Active
2025-02-16 08:48:20 - Resonance: 0.1 | NetInflow: 4 | NetOutflow: 4 | NetOverflow: 0 | State: Active
2025-02-16 08:48:20 - Resonance: 0.1 | NetInflow: 4 | NetOutflow: 4 | NetOverflow: 0 | State: Active
2025-02-16 08:48:20 - Resonance: 0.1 | NetInflow: 4 | NetOutflow: 4 | NetOverflow: 0 | State: Active
2025-02-16 08:48:20 - Resonance: 0.1 | NetInflow: 4 | NetOutflow: 4 | NetOverflow: 0 | State: Active
2025-02-16 08:48:20 - Resonance: 0.1 | NetInflow: 4 | NetOutflow: 4 | NetOverflow: 0 | State: Active
2025-02-16 08:48:20 -  - - - Adding pulse number 3 with midi index 85. - - -
2025-02-16 08:48:20 - Pulse Index: 0 | Midi Index: 69 | Intensity: 32 | Note Name: A4
2025-02-16 08:48:20 - Pulse Index: 1 | Midi Index: 85 | Intensity: 23 | Note Name: C#/Db6
2025-02-16 08:48:20 - Pulse Index: 2 | Midi Index: 98 | Intensity: 39 | Note Name: D7
2025-02-16 08:48:20 - Pulse Index: 3 | Midi Index: 100 | Intensity: 42 | Note Name: E7
2025-02-16 08:48:20 - 
Logging Idyll Amount:

2025-02-16 08:48:20 - Resonance: 0.1 | NetInflow: 4 | NetOutflow: 4 | NetOverflow: 0 | State: Active
2025-02-16 08:48:20 - Resonance: 0.1 | NetInflow: 4 | NetOutflow: 4 | NetOverflow: 0 | State: Active
2025-02-16 08:48:20 - Resonance: 0.1 | NetInflow: 4 | NetOutflow: 4 | NetOverflow: 0 | State: Active
2025-02-16 08:48:20 - Resonance: 0.1 | NetInflow: 4 | NetOutflow: 4 | NetOverflow: 0 | State: Active
2025-02-16 08:48:20 - Resonance: 0.1 | NetInflow: 4 | NetOutflow: 4 | NetOverflow: 0 | State: Active
2025-02-16 08:48:20 - Resonance: 0.1 | NetInflow: 4 | NetOutflow: 4 | NetOverflow: 0 | State: Active
2025-02-16 08:48:20 - Resonance: 0.1 | NetInflow: 4 | NetOutflow: 4 | NetOverflow: 0 | State: Active
2025-02-16 08:48:20 - Resonance: 0.1 | NetInflow: 4 | NetOutflow: 4 | NetOverflow: 0 | State: Active
2025-02-16 08:48:20 - Resonance: 0.1 | NetInflow: 4 | NetOutflow: 4 | NetOverflow: 0 | State: Active
2025-02-16 08:48:20 - Resonance: 0.1 | NetInflow: 4 | NetOutflow: 4 | NetOverflow: 0 | State: Active
2025-02-16 08:48:20 - Resonance: 0.1 | NetInflow: 4 | NetOutflow: 4 | NetOverflow: 0 | State: Active
2025-02-16 08:48:20 - Resonance: 0.1 | NetInflow: 4 | NetOutflow: 4 | NetOverflow: 0 | State: Active
2025-02-16 08:48:20 - Resonance: 0.1 | NetInflow: 4 | NetOutflow: 4 | NetOverflow: 0 | State: Active
2025-02-16 08:48:20 - Resonance: 0.1 | NetInflow: 4 | NetOutflow: 4 | NetOverflow: 0 | State: Active
2025-02-16 08:48:20 - Resonance: 0.1 | NetInflow: 4 | NetOutflow: 4 | NetOverflow: 0 | State: Active
2025-02-16 08:48:20 - Resonance: 0.1 | NetInflow: 4 | NetOutflow: 4 | NetOverflow: 0 | State: Active
2025-02-16 08:48:20 - Resonance: 0.1 | NetInflow: 4 | NetOutflow: 4 | NetOverflow: 0 | State: Active
2025-02-16 08:48:20 - Resonance: 0.1 | NetInflow: 4 | NetOutflow: 4 | NetOverflow: 0 | State: Active
2025-02-16 08:48:20 - Resonance: 0.1 | NetInflow: 4 | NetOutflow: 4 | NetOverflow: 0 | State: Active
2025-02-16 08:48:20 - Resonance: 0.1 | NetInflow: 4 | NetOutflow: 4 | NetOverflow: 0 | State: Active
2025-02-16 08:48:20 - Resonance: 0.1 | NetInflow: 4 | NetOutflow: 4 | NetOverflow: 0 | State: Active
2025-02-16 08:48:20 - Resonance: 0.1 | NetInflow: 4 | NetOutflow: 4 | NetOverflow: 0 | State: Active
2025-02-16 08:48:20 - Resonance: 0.1 | NetInflow: 4 | NetOutflow: 4 | NetOverflow: 0 | State: Active
2025-02-16 08:48:20 - Resonance: 0.1 | NetInflow: 4 | NetOutflow: 4 | NetOverflow: 0 | State: Active
2025-02-16 08:48:20 - Resonance: 0.1 | NetInflow: 4 | NetOutflow: 4 | NetOverflow: 0 | State: Active
2025-02-16 08:48:20 - Resonance: 0.1 | NetInflow: 4 | NetOutflow: 4 | NetOverflow: 0 | State: Active
2025-02-16 08:48:20 - Resonance: 0.1 | NetInflow: 4 | NetOutflow: 4 | NetOverflow: 0 | State: Active
2025-02-16 08:48:20 - Resonance: 0.1 | NetInflow: 4 | NetOutflow: 4 | NetOverflow: 0 | State: Active
2025-02-16 08:48:20 - Resonance: 0.1 | NetInflow: 4 | NetOutflow: 4 | NetOverflow: 0 | State: Active
2025-02-16 08:48:20 - Resonance: 0.1 | NetInflow: 4 | NetOutflow: 4 | NetOverflow: 0 | State: Active
2025-02-16 08:48:20 - Resonance: 0.1 | NetInflow: 4 | NetOutflow: 4 | NetOverflow: 0 | State: Active
2025-02-16 08:48:20 - Resonance: 0.1 | NetInflow: 4 | NetOutflow: 4 | NetOverflow: 0 | State: Active
2025-02-16 08:48:20 - Resonance: 0.1 | NetInflow: 4 | NetOutflow: 4 | NetOverflow: 0 | State: Active
2025-02-16 08:48:20 - Resonance: 0.1 | NetInflow: 4 | NetOutflow: 4 | NetOverflow: 0 | State: Active
2025-02-16 08:48:20 - Resonance: 0.1 | NetInflow: 4 | NetOutflow: 4 | NetOverflow: 0 | State: Active
2025-02-16 08:48:20 - Resonance: 0.1 | NetInflow: 4 | NetOutflow: 4 | NetOverflow: 0 | State: Active
2025-02-16 08:48:20 - Resonance: 0.1 | NetInflow: 4 | NetOutflow: 4 | NetOverflow: 0 | State: Active
2025-02-16 08:48:20 - Resonance: 0.1 | NetInflow: 4 | NetOutflow: 4 | NetOverflow: 0 | State: Active
2025-02-16 08:48:20 - Resonance: 0.1 | NetInflow: 4 | NetOutflow: 4 | NetOverflow: 0 | State: Active
2025-02-16 08:48:20 - Resonance: 0.1 | NetInflow: 4 | NetOutflow: 4 | NetOverflow: 0 | State: Active
2025-02-16 08:48:20 - Resonance: 0.1 | NetInflow: 4 | NetOutflow: 4 | NetOverflow: 0 | State: Active
2025-02-16 08:48:20 - Resonance: 0.1 | NetInflow: 4 | NetOutflow: 4 | NetOverflow: 0 | State: Active
2025-02-16 08:48:20 - Resonance: 0.1 | NetInflow: 4 | NetOutflow: 4 | NetOverflow: 0 | State: Active
2025-02-16 08:48:20 - Resonance: 0.1 | NetInflow: 4 | NetOutflow: 4 | NetOverflow: 0 | State: Active
2025-02-16 08:48:20 - Resonance: 0.1 | NetInflow: 4 | NetOutflow: 4 | NetOverflow: 0 | State: Active
2025-02-16 08:48:20 - Resonance: 0.1 | NetInflow: 4 | NetOutflow: 4 | NetOverflow: 0 | State: Active
2025-02-16 08:48:20 - Resonance: 0.1 | NetInflow: 4 | NetOutflow: 4 | NetOverflow: 0 | State: Active
2025-02-16 08:48:20 - Resonance: 0.1 | NetInflow: 4 | NetOutflow: 4 | NetOverflow: 0 | State: Active
2025-02-16 08:48:20 - Resonance: 0.1 | NetInflow: 4 | NetOutflow: 4 | NetOverflow: 0 | State: Active
2025-02-16 08:48:20 - Resonance: 0.1 | NetInflow: 4 | NetOutflow: 4 | NetOverflow: 0 | State: Active
2025-02-16 08:48:20 -  - - - Adding pulse number 4 with midi index 65. - - -
2025-02-16 08:48:20 - Pulse Index: 0 | Midi Index: 69 | Intensity: 32 | Note Name: A4
2025-02-16 08:48:20 - Pulse Index: 1 | Midi Index: 85 | Intensity: 23 | Note Name: C#/Db6
2025-02-16 08:48:20 - Pulse Index: 2 | Midi Index: 98 | Intensity: 39 | Note Name: D7
2025-02-16 08:48:20 - Pulse Index: 3 | Midi Index: 100 | Intensity: 42 | Note Name: E7
2025-02-16 08:48:20 - 
Logging Idyll Amount:

2025-02-16 08:48:20 - Resonance: 0.1 | NetInflow: 4 | NetOutflow: 4 | NetOverflow: 0 | State: Active
2025-02-16 08:48:20 - Resonance: 0.1 | NetInflow: 4 | NetOutflow: 4 | NetOverflow: 0 | State: Active
2025-02-16 08:48:20 - Resonance: 0.1 | NetInflow: 4 | NetOutflow: 4 | NetOverflow: 0 | State: Active
2025-02-16 08:48:20 - Resonance: 0.1 | NetInflow: 4 | NetOutflow: 4 | NetOverflow: 0 | State: Active
2025-02-16 08:48:20 - Resonance: 0.1 | NetInflow: 4 | NetOutflow: 4 | NetOverflow: 0 | State: Active
2025-02-16 08:48:20 - Resonance: 0.1 | NetInflow: 4 | NetOutflow: 4 | NetOverflow: 0 | State: Active
2025-02-16 08:48:20 - Resonance: 0.1 | NetInflow: 4 | NetOutflow: 4 | NetOverflow: 0 | State: Active
2025-02-16 08:48:20 - Resonance: 0.1 | NetInflow: 4 | NetOutflow: 4 | NetOverflow: 0 | State: Active
2025-02-16 08:48:20 - Resonance: 0.1 | NetInflow: 4 | NetOutflow: 4 | NetOverflow: 0 | State: Active
2025-02-16 08:48:20 - Resonance: 0.1 | NetInflow: 4 | NetOutflow: 4 | NetOverflow: 0 | State: Active
2025-02-16 08:48:20 - Resonance: 0.1 | NetInflow: 4 | NetOutflow: 4 | NetOverflow: 0 | State: Active
2025-02-16 08:48:20 - Resonance: 0.1 | NetInflow: 4 | NetOutflow: 4 | NetOverflow: 0 | State: Active
2025-02-16 08:48:20 - Resonance: 0.1 | NetInflow: 4 | NetOutflow: 4 | NetOverflow: 0 | State: Active
2025-02-16 08:48:20 - Resonance: 0.1 | NetInflow: 4 | NetOutflow: 4 | NetOverflow: 0 | State: Active
2025-02-16 08:48:20 - Resonance: 0.1 | NetInflow: 4 | NetOutflow: 4 | NetOverflow: 0 | State: Active
2025-02-16 08:48:20 - Resonance: 0.1 | NetInflow: 4 | NetOutflow: 4 | NetOverflow: 0 | State: Active
2025-02-16 08:48:20 - Resonance: 0.1 | NetInflow: 4 | NetOutflow: 4 | NetOverflow: 0 | State: Active
2025-02-16 08:48:20 - Resonance: 0.1 | NetInflow: 4 | NetOutflow: 4 | NetOverflow: 0 | State: Active
2025-02-16 08:48:20 - Resonance: 0.1 | NetInflow: 4 | NetOutflow: 4 | NetOverflow: 0 | State: Active
2025-02-16 08:48:20 - Resonance: 0.1 | NetInflow: 4 | NetOutflow: 4 | NetOverflow: 0 | State: Active
2025-02-16 08:48:20 - Resonance: 0.1 | NetInflow: 4 | NetOutflow: 4 | NetOverflow: 0 | State: Active
2025-02-16 08:48:20 - Resonance: 0.1 | NetInflow: 4 | NetOutflow: 4 | NetOverflow: 0 | State: Active
2025-02-16 08:48:20 - Resonance: 0.1 | NetInflow: 4 | NetOutflow: 4 | NetOverflow: 0 | State: Active
2025-02-16 08:48:20 - Resonance: 0.1 | NetInflow: 4 | NetOutflow: 4 | NetOverflow: 0 | State: Active
2025-02-16 08:48:20 - Resonance: 0.1 | NetInflow: 4 | NetOutflow: 4 | NetOverflow: 0 | State: Active
2025-02-16 08:48:20 - Resonance: 0.1 | NetInflow: 4 | NetOutflow: 4 | NetOverflow: 0 | State: Active
2025-02-16 08:48:20 - Resonance: 0.1 | NetInflow: 4 | NetOutflow: 4 | NetOverflow: 0 | State: Active
2025-02-16 08:48:20 - Resonance: 0.1 | NetInflow: 4 | NetOutflow: 4 | NetOverflow: 0 | State: Active
2025-02-16 08:48:20 - Resonance: 0.1 | NetInflow: 4 | NetOutflow: 4 | NetOverflow: 0 | State: Active
2025-02-16 08:48:20 - Resonance: 0.1 | NetInflow: 4 | NetOutflow: 4 | NetOverflow: 0 | State: Active
2025-02-16 08:48:20 - Resonance: 0.1 | NetInflow: 4 | NetOutflow: 4 | NetOverflow: 0 | State: Active
2025-02-16 08:48:20 - Resonance: 0.1 | NetInflow: 4 | NetOutflow: 4 | NetOverflow: 0 | State: Active
2025-02-16 08:48:20 - Resonance: 0.1 | NetInflow: 4 | NetOutflow: 4 | NetOverflow: 0 | State: Active
2025-02-16 08:48:20 - Resonance: 0.1 | NetInflow: 4 | NetOutflow: 4 | NetOverflow: 0 | State: Active
2025-02-16 08:48:20 - Resonance: 0.1 | NetInflow: 4 | NetOutflow: 4 | NetOverflow: 0 | State: Active
2025-02-16 08:48:20 - Resonance: 0.1 | NetInflow: 4 | NetOutflow: 4 | NetOverflow: 0 | State: Active
2025-02-16 08:48:20 - Resonance: 0.1 | NetInflow: 4 | NetOutflow: 4 | NetOverflow: 0 | State: Active
2025-02-16 08:48:20 - Resonance: 0.1 | NetInflow: 4 | NetOutflow: 4 | NetOverflow: 0 | State: Active
2025-02-16 08:48:20 - Resonance: 0.1 | NetInflow: 4 | NetOutflow: 4 | NetOverflow: 0 | State: Active
2025-02-16 08:48:20 - Resonance: 0.1 | NetInflow: 4 | NetOutflow: 4 | NetOverflow: 0 | State: Active
2025-02-16 08:48:20 - Resonance: 0.1 | NetInflow: 4 | NetOutflow: 4 | NetOverflow: 0 | State: Active
2025-02-16 08:48:20 - Resonance: 0.1 | NetInflow: 4 | NetOutflow: 4 | NetOverflow: 0 | State: Active
2025-02-16 08:48:20 - Resonance: 0.1 | NetInflow: 4 | NetOutflow: 4 | NetOverflow: 0 | State: Active
2025-02-16 08:48:20 - Resonance: 0.1 | NetInflow: 4 | NetOutflow: 4 | NetOverflow: 0 | State: Active
2025-02-16 08:48:20 - Resonance: 0.1 | NetInflow: 4 | NetOutflow: 4 | NetOverflow: 0 | State: Active
2025-02-16 08:48:20 - Resonance: 0.1 | NetInflow: 4 | NetOutflow: 4 | NetOverflow: 0 | State: Active
2025-02-16 08:48:20 - Resonance: 0.1 | NetInflow: 4 | NetOutflow: 4 | NetOverflow: 0 | State: Active
2025-02-16 08:48:20 - Resonance: 0.1 | NetInflow: 4 | NetOutflow: 4 | NetOverflow: 0 | State: Active
2025-02-16 08:48:20 - Resonance: 0.1 | NetInflow: 4 | NetOutflow: 4 | NetOverflow: 0 | State: Active
2025-02-16 08:48:20 - Resonance: 0.1 | NetInflow: 4 | NetOutflow: 4 | NetOverflow: 0 | State: Active
2025-02-16 08:48:20 - Pulse Index: 0 | Midi Index: 69 | Intensity: 32 | Note Name: A4
2025-02-16 08:48:20 - Pulse Index: 1 | Midi Index: 85 | Intensity: 23 | Note Name: C#/Db6
2025-02-16 08:48:20 - Pulse Index: 2 | Midi Index: 98 | Intensity: 39 | Note Name: D7
2025-02-16 08:48:20 - Pulse Index: 3 | Midi Index: 100 | Intensity: 42 | Note Name: E7
2025-02-16 08:48:20 - - - - Resonator Parameter: 244215 - - - 
2025-02-16 08:48:20 - OriginFrequency: 440 | OriginIntensity: 32 | MaxIdyllAmount: 16 | CriticalEffect: 0 | CriticalEffectDurationThreshold: 0 | CriticalEffectIntensity: 0
2025-02-16 08:48:20 - InflowLimit: 32 | OutflowLimit: 16 | OverflowLimit: 16
2025-02-16 08:48:20 - ID: 0 | InflowMultiplier: 1 | OutflowMultiplier: 1 | OverflowMultiplier: 1 | InflowEffect: 0 | OutflowEffect: 0 | OverflowEffect: 0
2025-02-16 08:48:20 - ID: 1 | InflowMultiplier: 1 | OutflowMultiplier: 1 | OverflowMultiplier: 1 | InflowEffect: 0 | OutflowEffect: 0 | OverflowEffect: 0
2025-02-16 08:48:20 - ID: 2 | InflowMultiplier: 1 | OutflowMultiplier: 1 | OverflowMultiplier: 1 | InflowEffect: 0 | OutflowEffect: 0 | OverflowEffect: 0
2025-02-16 08:48:20 - ID: 3 | InflowMultiplier: 1 | OutflowMultiplier: 1 | OverflowMultiplier: 1 | InflowEffect: 0 | OutflowEffect: 0 | OverflowEffect: 0
2025-02-16 08:48:20 - ID: 4 | InflowMultiplier: 1 | OutflowMultiplier: 1 | OverflowMultiplier: 1 | InflowEffect: 0 | OutflowEffect: 0 | OverflowEffect: 0
2025-02-16 08:48:20 - ID: 5 | InflowMultiplier: 1 | OutflowMultiplier: 1 | OverflowMultiplier: 1 | InflowEffect: 0 | OutflowEffect: 0 | OverflowEffect: 0
2025-02-16 08:48:20 - ID: 6 | InflowMultiplier: 1 | OutflowMultiplier: 1 | OverflowMultiplier: 1 | InflowEffect: 0 | OutflowEffect: 0 | OverflowEffect: 0
2025-02-16 08:48:20 - ID: 7 | InflowMultiplier: 1 | OutflowMultiplier: 1 | OverflowMultiplier: 1 | InflowEffect: 0 | OutflowEffect: 0 | OverflowEffect: 0
2025-02-16 08:48:20 - ID: 8 | InflowMultiplier: 1 | OutflowMultiplier: 1 | OverflowMultiplier: 1 | InflowEffect: 0 | OutflowEffect: 0 | OverflowEffect: 0
2025-02-16 08:48:20 - ID: 9 | InflowMultiplier: 1 | OutflowMultiplier: 1 | OverflowMultiplier: 1 | InflowEffect: 0 | OutflowEffect: 0 | OverflowEffect: 0
2025-02-16 08:48:20 - ID: 10 | InflowMultiplier: 1 | OutflowMultiplier: 1 | OverflowMultiplier: 1 | InflowEffect: 0 | OutflowEffect: 0 | OverflowEffect: 0
2025-02-16 08:48:20 - ID: 11 | InflowMultiplier: 1 | OutflowMultiplier: 1 | OverflowMultiplier: 1 | InflowEffect: 0 | OutflowEffect: 0 | OverflowEffect: 0
2025-02-16 08:48:20 - ID: 12 | InflowMultiplier: 1 | OutflowMultiplier: 1 | OverflowMultiplier: 1 | InflowEffect: 0 | OutflowEffect: 0 | OverflowEffect: 0
2025-02-16 08:48:20 - ID: 13 | InflowMultiplier: 1 | OutflowMultiplier: 1 | OverflowMultiplier: 1 | InflowEffect: 0 | OutflowEffect: 0 | OverflowEffect: 0
