2025-01-25 02:48:57 - Debugger session started.
2025-01-25 02:48:57 - BasilMuguet Test_1 started
2025-01-25 02:48:57 -  - - - Adding pulse number 0 with midi index 99. - - -
2025-01-25 02:48:57 -  - - - Adding pulse number 1 with midi index 78. - - -
2025-01-25 02:48:57 -  - - - Adding pulse number 2 with midi index 71. - - -
2025-01-25 02:48:57 -  - - - Adding pulse number 3 with midi index 113. - - -
2025-01-25 02:48:57 -  - - - Adding pulse number 4 with midi index 100. - - -
2025-01-25 02:48:57 - Pulse Index: 0 | Midi Index: 48 | Intensity: 32 | Note Name: C3
2025-01-25 02:48:57 - Pulse Index: 1 | Midi Index: 71 | Intensity: 27 | Note Name: B4
2025-01-25 02:48:57 - Pulse Index: 2 | Midi Index: 78 | Intensity: 37 | Note Name: F#/Gb5
2025-01-25 02:48:57 - Pulse Index: 3 | Midi Index: 99 | Intensity: 42 | Note Name: D#/Eb7
2025-01-25 02:48:57 - Pulse Index: 4 | Midi Index: 100 | Intensity: 21 | Note Name: E7
2025-01-25 02:48:57 - Pulse Index: 5 | Midi Index: 113 | Intensity: 59 | Note Name: F8
2025-01-25 02:48:57 - 
Logging Idyll Amount:

2025-01-25 02:48:57 - Resonance: 1.2 | NetInflow: 20.5 | NetOutflow: 16 | NetOverflow: 0 | State: Active
2025-01-25 02:48:57 - Resonance: 1.2 | NetInflow: 20.5 | NetOutflow: 16 | NetOverflow: 0 | State: Active
2025-01-25 02:48:57 - Resonance: 1.2 | NetInflow: 20.5 | NetOutflow: 16 | NetOverflow: 0 | State: Active
2025-01-25 02:48:57 - Resonance: 1.2 | NetInflow: 20.5 | NetOutflow: 16 | NetOverflow: 0 | State: Active
2025-01-25 02:48:57 - Resonance: 1.2 | NetInflow: 20.5 | NetOutflow: 16 | NetOverflow: 0 | State: Active
2025-01-25 02:48:57 - Resonance: 1.2 | NetInflow: 20.5 | NetOutflow: 16 | NetOverflow: 0 | State: Active
2025-01-25 02:48:57 - Resonance: 1.2 | NetInflow: 20.5 | NetOutflow: 16 | NetOverflow: 0 | State: Active
2025-01-25 02:48:57 - Resonance: 1.2 | NetInflow: 20.5 | NetOutflow: 16 | NetOverflow: 0 | State: Active
2025-01-25 02:48:57 - Resonance: 1.2 | NetInflow: 20.5 | NetOutflow: 16 | NetOverflow: 0 | State: Active
2025-01-25 02:48:57 - Resonance: 1.2 | NetInflow: 20.5 | NetOutflow: 16 | NetOverflow: 0 | State: Active
2025-01-25 02:48:57 - Resonance: 1.2 | NetInflow: 20.5 | NetOutflow: 16 | NetOverflow: 0 | State: Active
2025-01-25 02:48:57 - Resonance: 1.2 | NetInflow: 20.5 | NetOutflow: 16 | NetOverflow: 0 | State: Active
2025-01-25 02:48:57 - Resonance: 1.2 | NetInflow: 20.5 | NetOutflow: 16 | NetOverflow: 0 | State: Active
2025-01-25 02:48:57 - Resonance: 1.2 | NetInflow: 20.5 | NetOutflow: 16 | NetOverflow: 0 | State: Active
2025-01-25 02:48:57 - Resonance: 1.2 | NetInflow: 20.5 | NetOutflow: 16 | NetOverflow: 0 | State: Active
2025-01-25 02:48:57 - Resonance: 1.2 | NetInflow: 20.5 | NetOutflow: 16 | NetOverflow: 0 | State: Active
2025-01-25 02:48:57 - Resonance: 1.2 | NetInflow: 20.5 | NetOutflow: 16 | NetOverflow: 0 | State: Active
2025-01-25 02:48:57 - Resonance: 1.2 | NetInflow: 20.5 | NetOutflow: 16 | NetOverflow: 0 | State: Active
2025-01-25 02:48:57 - Resonance: 1.2 | NetInflow: 20.5 | NetOutflow: 16 | NetOverflow: 0 | State: Active
2025-01-25 02:48:57 - Resonance: 1.2 | NetInflow: 20.5 | NetOutflow: 16 | NetOverflow: 0 | State: Active
2025-01-25 02:48:57 - Resonance: 1.2 | NetInflow: 20.5 | NetOutflow: 16 | NetOverflow: 0 | State: Active
2025-01-25 02:48:57 - Resonance: 1.2 | NetInflow: 20.5 | NetOutflow: 16 | NetOverflow: 0 | State: Active
2025-01-25 02:48:57 - Resonance: 1.2 | NetInflow: 20.5 | NetOutflow: 16 | NetOverflow: 0 | State: Active
2025-01-25 02:48:57 - Resonance: 1.2 | NetInflow: 20.5 | NetOutflow: 16 | NetOverflow: 0 | State: Active
2025-01-25 02:48:57 - Resonance: 1.2 | NetInflow: 20.5 | NetOutflow: 16 | NetOverflow: 0 | State: Active
2025-01-25 02:48:57 - Resonance: 1.2 | NetInflow: 20.5 | NetOutflow: 16 | NetOverflow: 0 | State: Active
2025-01-25 02:48:57 - Resonance: 1.2 | NetInflow: 20.5 | NetOutflow: 16 | NetOverflow: 0 | State: Active
2025-01-25 02:48:57 - Resonance: 1.2 | NetInflow: 20.5 | NetOutflow: 16 | NetOverflow: 0 | State: Active
2025-01-25 02:48:57 - Resonance: 1.2 | NetInflow: 20.5 | NetOutflow: 16 | NetOverflow: 0 | State: Active
2025-01-25 02:48:57 - Resonance: 1.2 | NetInflow: 20.5 | NetOutflow: 16 | NetOverflow: 0 | State: Active
2025-01-25 02:48:57 - Resonance: 1.2 | NetInflow: 20.5 | NetOutflow: 16 | NetOverflow: 0 | State: Active
2025-01-25 02:48:57 - Resonance: 1.2 | NetInflow: 20.5 | NetOutflow: 16 | NetOverflow: 0 | State: Active
2025-01-25 02:48:57 - Resonance: 1.2 | NetInflow: 20.5 | NetOutflow: 16 | NetOverflow: 0 | State: Active
2025-01-25 02:48:57 - Resonance: 1.2 | NetInflow: 20.5 | NetOutflow: 16 | NetOverflow: 0 | State: Active
2025-01-25 02:48:57 - Resonance: 1.2 | NetInflow: 20.5 | NetOutflow: 16 | NetOverflow: 0 | State: Active
2025-01-25 02:48:57 - Resonance: 1.2 | NetInflow: 20.5 | NetOutflow: 16 | NetOverflow: 0 | State: Active
2025-01-25 02:48:57 - Resonance: 1.2 | NetInflow: 20.5 | NetOutflow: 16 | NetOverflow: 0 | State: Active
2025-01-25 02:48:57 - Resonance: 1.2 | NetInflow: 20.5 | NetOutflow: 16 | NetOverflow: 0 | State: Active
2025-01-25 02:48:57 - Resonance: 1.2 | NetInflow: 20.5 | NetOutflow: 16 | NetOverflow: 0 | State: Active
2025-01-25 02:48:57 - Resonance: 1.2 | NetInflow: 20.5 | NetOutflow: 16 | NetOverflow: 0 | State: Active
2025-01-25 02:48:57 - Resonance: 1.2 | NetInflow: 20.5 | NetOutflow: 16 | NetOverflow: 0 | State: Active
2025-01-25 02:48:57 - Resonance: 1.2 | NetInflow: 20.5 | NetOutflow: 16 | NetOverflow: 0 | State: Active
2025-01-25 02:48:57 - Resonance: 1.2 | NetInflow: 20.5 | NetOutflow: 16 | NetOverflow: 0 | State: Active
2025-01-25 02:48:57 - Resonance: 1.2 | NetInflow: 20.5 | NetOutflow: 16 | NetOverflow: 0 | State: Active
2025-01-25 02:48:57 - Resonance: 1.2 | NetInflow: 20.5 | NetOutflow: 16 | NetOverflow: 0 | State: Active
2025-01-25 02:48:57 - Resonance: 1.2 | NetInflow: 20.5 | NetOutflow: 16 | NetOverflow: 0 | State: Active
2025-01-25 02:48:57 - Resonance: 1.2 | NetInflow: 20.5 | NetOutflow: 16 | NetOverflow: 0 | State: Active
2025-01-25 02:48:57 - Resonance: 1.2 | NetInflow: 20.5 | NetOutflow: 16 | NetOverflow: 0 | State: Active
2025-01-25 02:48:57 - Resonance: 1.2 | NetInflow: 20.5 | NetOutflow: 16 | NetOverflow: 0 | State: Active
2025-01-25 02:48:57 - Resonance: 1.2 | NetInflow: 20.5 | NetOutflow: 16 | NetOverflow: 0 | State: Active
2025-01-25 02:48:57 - Resonance: 1.2 | NetInflow: 20.5 | NetOutflow: 16 | NetOverflow: 0 | State: Active
2025-01-25 02:48:57 - Resonance: 1.2 | NetInflow: 20.5 | NetOutflow: 16 | NetOverflow: 0 | State: Active
2025-01-25 02:48:57 - Resonance: 1.2 | NetInflow: 20.5 | NetOutflow: 16 | NetOverflow: 0 | State: Active
2025-01-25 02:48:57 - Resonance: 1.2 | NetInflow: 20.5 | NetOutflow: 16 | NetOverflow: 0 | State: Active
2025-01-25 02:48:57 - Resonance: 1.2 | NetInflow: 20.5 | NetOutflow: 16 | NetOverflow: 0 | State: Active
2025-01-25 02:48:57 - Resonance: 1.2 | NetInflow: 20.5 | NetOutflow: 16 | NetOverflow: 0 | State: Active
2025-01-25 02:48:57 - Resonance: 1.2 | NetInflow: 20.5 | NetOutflow: 16 | NetOverflow: 0 | State: Active
2025-01-25 02:48:57 - Resonance: 1.2 | NetInflow: 20.5 | NetOutflow: 16 | NetOverflow: 0 | State: Active
2025-01-25 02:48:57 - Resonance: 1.2 | NetInflow: 20.5 | NetOutflow: 16 | NetOverflow: 0 | State: Active
2025-01-25 02:48:57 - Resonance: 1.2 | NetInflow: 20.5 | NetOutflow: 16 | NetOverflow: 0 | State: Active
2025-01-25 02:48:57 - Resonance: 1.2 | NetInflow: 20.5 | NetOutflow: 16 | NetOverflow: 0 | State: Active
2025-01-25 02:48:57 - Resonance: 1.2 | NetInflow: 20.5 | NetOutflow: 16 | NetOverflow: 0 | State: Active
2025-01-25 02:48:57 - Resonance: 1.2 | NetInflow: 20.5 | NetOutflow: 16 | NetOverflow: 0 | State: Active
2025-01-25 02:48:57 - Resonance: 1.2 | NetInflow: 20.5 | NetOutflow: 16 | NetOverflow: 0 | State: Active
2025-01-25 02:48:57 - Resonance: 1.2 | NetInflow: 20.5 | NetOutflow: 16 | NetOverflow: 0 | State: Active
2025-01-25 02:48:57 - Resonance: 1.2 | NetInflow: 20.5 | NetOutflow: 16 | NetOverflow: 0 | State: Active
2025-01-25 02:48:57 - Resonance: 1.2 | NetInflow: 20.5 | NetOutflow: 16 | NetOverflow: 0 | State: Active
2025-01-25 02:48:57 - Resonance: 1.2 | NetInflow: 20.5 | NetOutflow: 16 | NetOverflow: 0 | State: Active
2025-01-25 02:48:57 - Resonance: 1.2 | NetInflow: 20.5 | NetOutflow: 16 | NetOverflow: 0 | State: Active
2025-01-25 02:48:57 - Resonance: 1.2 | NetInflow: 20.5 | NetOutflow: 16 | NetOverflow: 0 | State: Active
2025-01-25 02:48:57 - Resonance: 1.2 | NetInflow: 20.5 | NetOutflow: 16 | NetOverflow: 0 | State: Active
2025-01-25 02:48:57 - Resonance: 1.2 | NetInflow: 20.5 | NetOutflow: 16 | NetOverflow: 0 | State: Active
2025-01-25 02:48:57 - Resonance: 1.2 | NetInflow: 20.5 | NetOutflow: 16 | NetOverflow: 0 | State: Active
2025-01-25 02:48:57 - Resonance: 1.2 | NetInflow: 20.5 | NetOutflow: 16 | NetOverflow: 0 | State: Active
2025-01-25 02:48:57 - Resonance: 1.2 | NetInflow: 20.5 | NetOutflow: 16 | NetOverflow: 0 | State: Active
2025-01-25 02:48:57 - Resonance: 1.2 | NetInflow: 20.5 | NetOutflow: 16 | NetOverflow: 0 | State: Active
2025-01-25 02:48:57 - Resonance: 1.2 | NetInflow: 20.5 | NetOutflow: 16 | NetOverflow: 0 | State: Active
2025-01-25 02:48:57 - Resonance: 1.2 | NetInflow: 20.5 | NetOutflow: 16 | NetOverflow: 0 | State: Active
2025-01-25 02:48:57 - Resonance: 1.2 | NetInflow: 20.5 | NetOutflow: 16 | NetOverflow: 0 | State: Active
2025-01-25 02:48:57 - Resonance: 1.2 | NetInflow: 20.5 | NetOutflow: 16 | NetOverflow: 0 | State: Active
2025-01-25 02:48:57 - Resonance: 1.2 | NetInflow: 20.5 | NetOutflow: 16 | NetOverflow: 0 | State: Active
2025-01-25 02:48:57 - Resonance: 1.2 | NetInflow: 20.5 | NetOutflow: 16 | NetOverflow: 0 | State: Active
2025-01-25 02:48:57 - Resonance: 1.2 | NetInflow: 20.5 | NetOutflow: 16 | NetOverflow: 0 | State: Active
2025-01-25 02:48:57 - Resonance: 1.2 | NetInflow: 20.5 | NetOutflow: 16 | NetOverflow: 0 | State: Active
2025-01-25 02:48:57 - Resonance: 1.2 | NetInflow: 20.5 | NetOutflow: 16 | NetOverflow: 0 | State: Active
2025-01-25 02:48:57 - Resonance: 1.2 | NetInflow: 20.5 | NetOutflow: 16 | NetOverflow: 0 | State: Active
2025-01-25 02:48:57 - Resonance: 1.2 | NetInflow: 20.5 | NetOutflow: 16 | NetOverflow: 0 | State: Active
2025-01-25 02:48:57 - Resonance: 1.2 | NetInflow: 20.5 | NetOutflow: 16 | NetOverflow: 0 | State: Active
2025-01-25 02:48:57 - Resonance: 1.2 | NetInflow: 20.5 | NetOutflow: 16 | NetOverflow: 0 | State: Active
2025-01-25 02:48:57 - Resonance: 1.2 | NetInflow: 20.5 | NetOutflow: 16 | NetOverflow: 0 | State: Active
2025-01-25 02:48:57 - Resonance: 1.2 | NetInflow: 20.5 | NetOutflow: 16 | NetOverflow: 0 | State: Active
2025-01-25 02:48:57 - Resonance: 1.2 | NetInflow: 20.5 | NetOutflow: 16 | NetOverflow: 0 | State: Active
2025-01-25 02:48:57 - Resonance: 1.2 | NetInflow: 20.5 | NetOutflow: 16 | NetOverflow: 0 | State: Active
2025-01-25 02:48:57 - Resonance: 1.2 | NetInflow: 20.5 | NetOutflow: 16 | NetOverflow: 0 | State: Active
2025-01-25 02:48:57 - Resonance: 1.2 | NetInflow: 20.5 | NetOutflow: 16 | NetOverflow: 0 | State: Active
2025-01-25 02:48:57 - Resonance: 1.2 | NetInflow: 20.5 | NetOutflow: 16 | NetOverflow: 0 | State: Active
2025-01-25 02:48:57 - Resonance: 1.2 | NetInflow: 20.5 | NetOutflow: 16 | NetOverflow: 0 | State: Active
2025-01-25 02:48:57 - Resonance: 1.2 | NetInflow: 20.5 | NetOutflow: 16 | NetOverflow: 0 | State: Active
2025-01-25 02:48:57 - Resonance: 1.2 | NetInflow: 20.5 | NetOutflow: 16 | NetOverflow: 0 | State: Active
2025-01-25 02:48:57 - Resonance: 1.2 | NetInflow: 20.5 | NetOutflow: 16 | NetOverflow: 0 | State: Active
2025-01-25 02:48:57 - Resonance: 1.2 | NetInflow: 20.5 | NetOutflow: 16 | NetOverflow: 0 | State: Active
2025-01-25 02:48:57 - Resonance: 1.2 | NetInflow: 20.5 | NetOutflow: 16 | NetOverflow: 0 | State: Active
2025-01-25 02:48:57 - Resonance: 1.2 | NetInflow: 20.5 | NetOutflow: 16 | NetOverflow: 0 | State: Active
2025-01-25 02:48:57 - Resonance: 1.2 | NetInflow: 20.5 | NetOutflow: 16 | NetOverflow: 0 | State: Active
2025-01-25 02:48:57 - Resonance: 1.2 | NetInflow: 20.5 | NetOutflow: 16 | NetOverflow: 0 | State: Active
2025-01-25 02:48:57 - Resonance: 1.2 | NetInflow: 20.5 | NetOutflow: 16 | NetOverflow: 0 | State: Active
2025-01-25 02:48:57 - Resonance: 1.2 | NetInflow: 20.5 | NetOutflow: 16 | NetOverflow: 0 | State: Active
2025-01-25 02:48:57 - Resonance: 1.2 | NetInflow: 20.5 | NetOutflow: 16 | NetOverflow: 0 | State: Active
2025-01-25 02:48:57 - Resonance: 1.2 | NetInflow: 20.5 | NetOutflow: 16 | NetOverflow: 0 | State: Active
2025-01-25 02:48:57 - Resonance: 1.2 | NetInflow: 20.5 | NetOutflow: 16 | NetOverflow: 0 | State: Active
2025-01-25 02:48:57 - Resonance: 1.2 | NetInflow: 20.5 | NetOutflow: 16 | NetOverflow: 0 | State: Active
2025-01-25 02:48:57 - Resonance: 1.2 | NetInflow: 20.5 | NetOutflow: 16 | NetOverflow: 0 | State: Active
2025-01-25 02:48:57 - Resonance: 1.2 | NetInflow: 20.5 | NetOutflow: 16 | NetOverflow: 0 | State: Active
2025-01-25 02:48:57 - Resonance: 1.2 | NetInflow: 20.5 | NetOutflow: 16 | NetOverflow: 0 | State: Active
2025-01-25 02:48:57 - Resonance: 1.2 | NetInflow: 20.5 | NetOutflow: 16 | NetOverflow: 0 | State: Active
2025-01-25 02:48:57 - Resonance: 1.2 | NetInflow: 20.5 | NetOutflow: 16 | NetOverflow: 0 | State: Active
2025-01-25 02:48:57 - Resonance: 1.2 | NetInflow: 20.5 | NetOutflow: 16 | NetOverflow: 0 | State: Active
2025-01-25 02:48:57 - Resonance: 1.2 | NetInflow: 20.5 | NetOutflow: 16 | NetOverflow: 0 | State: Active
2025-01-25 02:48:57 - Resonance: 1.2 | NetInflow: 20.5 | NetOutflow: 16 | NetOverflow: 0 | State: Active
2025-01-25 02:48:57 - Resonance: 1.2 | NetInflow: 20.5 | NetOutflow: 16 | NetOverflow: 0 | State: Active
2025-01-25 02:48:57 - Resonance: 1.2 | NetInflow: 20.5 | NetOutflow: 16 | NetOverflow: 0 | State: Active
2025-01-25 02:48:57 - Resonance: 1.2 | NetInflow: 20.5 | NetOutflow: 16 | NetOverflow: 0 | State: Active
2025-01-25 02:48:57 - Resonance: 1.2 | NetInflow: 20.5 | NetOutflow: 16 | NetOverflow: 0 | State: Active
2025-01-25 02:48:57 - Resonance: 1.2 | NetInflow: 20.5 | NetOutflow: 16 | NetOverflow: 0 | State: Active
2025-01-25 02:48:57 - Resonance: 1.2 | NetInflow: 20.5 | NetOutflow: 16 | NetOverflow: 0 | State: Active
2025-01-25 02:48:57 - Resonance: 1.2 | NetInflow: 20.5 | NetOutflow: 16 | NetOverflow: 0 | State: Active
2025-01-25 02:48:57 - Resonance: 1.2 | NetInflow: 20.5 | NetOutflow: 16 | NetOverflow: 0 | State: Active
2025-01-25 02:48:57 - Resonance: 1.2 | NetInflow: 20.5 | NetOutflow: 16 | NetOverflow: 0 | State: Active
2025-01-25 02:48:57 - Resonance: 1.2 | NetInflow: 20.5 | NetOutflow: 16 | NetOverflow: 0 | State: Active
2025-01-25 02:48:57 - Resonance: 1.2 | NetInflow: 20.5 | NetOutflow: 16 | NetOverflow: 0 | State: Active
2025-01-25 02:48:57 - Resonance: 1.2 | NetInflow: 20.5 | NetOutflow: 16 | NetOverflow: 0 | State: Active
2025-01-25 02:48:57 - Resonance: 1.2 | NetInflow: 20.5 | NetOutflow: 16 | NetOverflow: 0 | State: Active
2025-01-25 02:48:57 - Resonance: 1.2 | NetInflow: 20.5 | NetOutflow: 16 | NetOverflow: 0 | State: Active
2025-01-25 02:48:57 - Resonance: 1.2 | NetInflow: 20.5 | NetOutflow: 16 | NetOverflow: 0 | State: Active
2025-01-25 02:48:57 - Resonance: 1.2 | NetInflow: 20.5 | NetOutflow: 16 | NetOverflow: 0 | State: Active
2025-01-25 02:48:57 - Resonance: 1.2 | NetInflow: 20.5 | NetOutflow: 16 | NetOverflow: 0 | State: Active
2025-01-25 02:48:57 - Resonance: 1.2 | NetInflow: 20.5 | NetOutflow: 16 | NetOverflow: 0 | State: Active
2025-01-25 02:48:57 - Resonance: 1.2 | NetInflow: 20.5 | NetOutflow: 16 | NetOverflow: 0 | State: Active
2025-01-25 02:48:57 - Resonance: 1.2 | NetInflow: 20.5 | NetOutflow: 16 | NetOverflow: 0 | State: Active
2025-01-25 02:48:57 - Resonance: 1.2 | NetInflow: 20.5 | NetOutflow: 16 | NetOverflow: 0 | State: Active
2025-01-25 02:48:57 - Resonance: 1.2 | NetInflow: 20.5 | NetOutflow: 16 | NetOverflow: 0 | State: Active
2025-01-25 02:48:57 - Resonance: 1.2 | NetInflow: 20.5 | NetOutflow: 16 | NetOverflow: 0 | State: Active
2025-01-25 02:48:57 - Resonance: 1.2 | NetInflow: 20.5 | NetOutflow: 16 | NetOverflow: 0 | State: Active
2025-01-25 02:48:57 - Resonance: 1.2 | NetInflow: 20.5 | NetOutflow: 16 | NetOverflow: 0 | State: Active
2025-01-25 02:48:57 - Resonance: 1.2 | NetInflow: 20.5 | NetOutflow: 16 | NetOverflow: 0 | State: Active
2025-01-25 02:48:57 - Resonance: 1.2 | NetInflow: 20.5 | NetOutflow: 16 | NetOverflow: 0 | State: Active
2025-01-25 02:48:57 - Resonance: 1.2 | NetInflow: 20.5 | NetOutflow: 16 | NetOverflow: 0 | State: Active
2025-01-25 02:48:57 - Resonance: 1.2 | NetInflow: 20.5 | NetOutflow: 16 | NetOverflow: 0 | State: Active
2025-01-25 02:48:57 - Resonance: 1.2 | NetInflow: 20.5 | NetOutflow: 16 | NetOverflow: 0 | State: Active
2025-01-25 02:48:57 - Resonance: 1.2 | NetInflow: 20.5 | NetOutflow: 16 | NetOverflow: 0 | State: Active
2025-01-25 02:48:57 - Resonance: 1.2 | NetInflow: 20.5 | NetOutflow: 16 | NetOverflow: 0 | State: Active
2025-01-25 02:48:57 - Resonance: 1.2 | NetInflow: 20.5 | NetOutflow: 16 | NetOverflow: 0 | State: Active
2025-01-25 02:48:57 - Resonance: 1.2 | NetInflow: 20.5 | NetOutflow: 16 | NetOverflow: 0 | State: Active
2025-01-25 02:48:57 - Resonance: 1.2 | NetInflow: 20.5 | NetOutflow: 16 | NetOverflow: 0 | State: Active
2025-01-25 02:48:57 - Resonance: 1.2 | NetInflow: 20.5 | NetOutflow: 16 | NetOverflow: 0 | State: Active
2025-01-25 02:48:57 - Resonance: 1.2 | NetInflow: 20.5 | NetOutflow: 16 | NetOverflow: 0 | State: Active
2025-01-25 02:48:57 - Resonance: 1.2 | NetInflow: 20.5 | NetOutflow: 16 | NetOverflow: 0 | State: Active
2025-01-25 02:48:57 - Resonance: 1.2 | NetInflow: 20.5 | NetOutflow: 16 | NetOverflow: 0 | State: Active
2025-01-25 02:48:57 - Resonance: 1.2 | NetInflow: 20.5 | NetOutflow: 16 | NetOverflow: 0 | State: Active
2025-01-25 02:48:57 - Resonance: 1.2 | NetInflow: 20.5 | NetOutflow: 16 | NetOverflow: 0 | State: Active
2025-01-25 02:48:57 - Resonance: 1.2 | NetInflow: 20.5 | NetOutflow: 16 | NetOverflow: 0 | State: Active
2025-01-25 02:48:57 - Resonance: 1.2 | NetInflow: 20.5 | NetOutflow: 16 | NetOverflow: 0 | State: Active
2025-01-25 02:48:57 - Resonance: 1.2 | NetInflow: 20.5 | NetOutflow: 16 | NetOverflow: 0 | State: Active
2025-01-25 02:48:57 - Resonance: 1.2 | NetInflow: 20.5 | NetOutflow: 16 | NetOverflow: 0 | State: Active
2025-01-25 02:48:57 - Resonance: 1.2 | NetInflow: 20.5 | NetOutflow: 16 | NetOverflow: 0 | State: Active
2025-01-25 02:48:57 - Resonance: 1.2 | NetInflow: 20.5 | NetOutflow: 16 | NetOverflow: 0 | State: Active
2025-01-25 02:48:57 - Resonance: 1.2 | NetInflow: 20.5 | NetOutflow: 16 | NetOverflow: 0 | State: Active
2025-01-25 02:48:57 - Resonance: 1.2 | NetInflow: 20.5 | NetOutflow: 16 | NetOverflow: 0 | State: Active
2025-01-25 02:48:57 - Resonance: 1.2 | NetInflow: 20.5 | NetOutflow: 16 | NetOverflow: 0 | State: Active
2025-01-25 02:48:57 - Resonance: 1.2 | NetInflow: 20.5 | NetOutflow: 16 | NetOverflow: 0 | State: Active
2025-01-25 02:48:57 - Resonance: 1.2 | NetInflow: 20.5 | NetOutflow: 16 | NetOverflow: 0 | State: Active
2025-01-25 02:48:57 - Resonance: 1.2 | NetInflow: 20.5 | NetOutflow: 16 | NetOverflow: 0 | State: Active
2025-01-25 02:48:57 - Resonance: 1.2 | NetInflow: 20.5 | NetOutflow: 16 | NetOverflow: 0 | State: Active
2025-01-25 02:48:57 - Resonance: 1.2 | NetInflow: 20.5 | NetOutflow: 16 | NetOverflow: 0 | State: Active
2025-01-25 02:48:57 - Resonance: 1.2 | NetInflow: 20.5 | NetOutflow: 16 | NetOverflow: 0 | State: Active
2025-01-25 02:48:57 - Resonance: 1.2 | NetInflow: 20.5 | NetOutflow: 16 | NetOverflow: 0 | State: Active
2025-01-25 02:48:57 - Resonance: 1.2 | NetInflow: 20.5 | NetOutflow: 16 | NetOverflow: 0 | State: Active
2025-01-25 02:48:57 - Resonance: 1.2 | NetInflow: 20.5 | NetOutflow: 16 | NetOverflow: 0 | State: Active
2025-01-25 02:48:57 - Resonance: 1.2 | NetInflow: 20.5 | NetOutflow: 16 | NetOverflow: 0 | State: Active
2025-01-25 02:48:57 - Resonance: 1.2 | NetInflow: 20.5 | NetOutflow: 16 | NetOverflow: 0 | State: Active
2025-01-25 02:48:57 - Resonance: 1.2 | NetInflow: 20.5 | NetOutflow: 16 | NetOverflow: 0 | State: Active
2025-01-25 02:48:57 - Resonance: 1.2 | NetInflow: 20.5 | NetOutflow: 16 | NetOverflow: 0 | State: Active
2025-01-25 02:48:57 - Resonance: 1.2 | NetInflow: 20.5 | NetOutflow: 16 | NetOverflow: 0 | State: Active
2025-01-25 02:48:57 - Resonance: 1.2 | NetInflow: 20.5 | NetOutflow: 16 | NetOverflow: 0 | State: Active
2025-01-25 02:48:57 - Resonance: 1.2 | NetInflow: 20.5 | NetOutflow: 16 | NetOverflow: 0 | State: Active
2025-01-25 02:48:57 - Resonance: 1.2 | NetInflow: 20.5 | NetOutflow: 16 | NetOverflow: 0 | State: Active
2025-01-25 02:48:57 - Resonance: 1.2 | NetInflow: 20.5 | NetOutflow: 16 | NetOverflow: 0 | State: Active
2025-01-25 02:48:57 - Resonance: 1.2 | NetInflow: 20.5 | NetOutflow: 16 | NetOverflow: 0 | State: Active
2025-01-25 02:48:57 - Resonance: 1.2 | NetInflow: 20.5 | NetOutflow: 16 | NetOverflow: 0 | State: Active
2025-01-25 02:48:57 - Resonance: 1.2 | NetInflow: 20.5 | NetOutflow: 16 | NetOverflow: 0 | State: Active
2025-01-25 02:48:57 - Resonance: 1.2 | NetInflow: 20.5 | NetOutflow: 16 | NetOverflow: 0 | State: Active
2025-01-25 02:48:57 - Resonance: 1.2 | NetInflow: 20.5 | NetOutflow: 16 | NetOverflow: 0 | State: Active
2025-01-25 02:48:57 - Resonance: 1.2 | NetInflow: 20.5 | NetOutflow: 16 | NetOverflow: 0 | State: Active
2025-01-25 02:48:57 - Resonance: 1.2 | NetInflow: 20.5 | NetOutflow: 16 | NetOverflow: 0 | State: Active
2025-01-25 02:48:57 - Resonance: 1.2 | NetInflow: 20.5 | NetOutflow: 16 | NetOverflow: 0 | State: Active
2025-01-25 02:48:57 - Resonance: 1.2 | NetInflow: 20.5 | NetOutflow: 16 | NetOverflow: 0 | State: Active
2025-01-25 02:48:57 - Resonance: 1.2 | NetInflow: 20.5 | NetOutflow: 16 | NetOverflow: 0 | State: Active
2025-01-25 02:48:57 - Resonance: 1.2 | NetInflow: 20.5 | NetOutflow: 16 | NetOverflow: 0 | State: Active
2025-01-25 02:48:57 - Resonance: 1.2 | NetInflow: 20.5 | NetOutflow: 16 | NetOverflow: 0 | State: Active
2025-01-25 02:48:57 - Resonance: 1.2 | NetInflow: 20.5 | NetOutflow: 16 | NetOverflow: 0 | State: Active
