2025-01-25 03:08:15 - Debugger session started.
2025-01-25 03:08:15 - BasilMuguet Test_1 started
2025-01-25 03:08:15 -  - - - Adding pulse number 0 with midi index 76. - - -
2025-01-25 03:08:15 -  - - - Adding pulse number 1 with midi index 109. - - -
2025-01-25 03:08:15 -  - - - Adding pulse number 2 with midi index 124. - - -
2025-01-25 03:08:15 -  - - - Adding pulse number 3 with midi index 89. - - -
2025-01-25 03:08:15 -  - - - Adding pulse number 4 with midi index 116. - - -
2025-01-25 03:08:15 - Pulse Index: 0 | Midi Index: 48 | Intensity: 32 | Note Name: C3
2025-01-25 03:08:15 - Pulse Index: 1 | Midi Index: 76 | Intensity: 20 | Note Name: E5
2025-01-25 03:08:15 - Pulse Index: 2 | Midi Index: 89 | Intensity: 20 | Note Name: F6
2025-01-25 03:08:15 - Pulse Index: 3 | Midi Index: 109 | Intensity: 20 | Note Name: C#/Db8
2025-01-25 03:08:15 - Pulse Index: 4 | Midi Index: 116 | Intensity: 55 | Note Name: G#/Ab8
2025-01-25 03:08:15 - Pulse Index: 5 | Midi Index: 124 | Intensity: 25 | Note Name: E9
2025-01-25 03:08:15 - 
Logging Idyll Amount:

2025-01-25 03:08:15 - Resonance: 0.6 | NetInflow: 11.5 | NetOutflow: 11.5 | NetOverflow: 0 | State: Active
2025-01-25 03:08:15 - Resonance: 0.6 | NetInflow: 11.5 | NetOutflow: 11.5 | NetOverflow: 0 | State: Active
2025-01-25 03:08:15 - Resonance: 0.6 | NetInflow: 11.5 | NetOutflow: 11.5 | NetOverflow: 0 | State: Active
2025-01-25 03:08:15 - Resonance: 0.6 | NetInflow: 11.5 | NetOutflow: 11.5 | NetOverflow: 0 | State: Active
2025-01-25 03:08:15 - Resonance: 0.6 | NetInflow: 11.5 | NetOutflow: 11.5 | NetOverflow: 0 | State: Active
2025-01-25 03:08:15 - Resonance: 0.6 | NetInflow: 11.5 | NetOutflow: 11.5 | NetOverflow: 0 | State: Active
2025-01-25 03:08:15 - Resonance: 0.6 | NetInflow: 11.5 | NetOutflow: 11.5 | NetOverflow: 0 | State: Active
2025-01-25 03:08:15 - Resonance: 0.6 | NetInflow: 11.5 | NetOutflow: 11.5 | NetOverflow: 0 | State: Active
2025-01-25 03:08:15 - Resonance: 0.6 | NetInflow: 11.5 | NetOutflow: 11.5 | NetOverflow: 0 | State: Active
2025-01-25 03:08:15 - Resonance: 0.6 | NetInflow: 11.5 | NetOutflow: 11.5 | NetOverflow: 0 | State: Active
2025-01-25 03:08:15 - Resonance: 0.6 | NetInflow: 11.5 | NetOutflow: 11.5 | NetOverflow: 0 | State: Active
2025-01-25 03:08:15 - Resonance: 0.6 | NetInflow: 11.5 | NetOutflow: 11.5 | NetOverflow: 0 | State: Active
2025-01-25 03:08:15 - Resonance: 0.6 | NetInflow: 11.5 | NetOutflow: 11.5 | NetOverflow: 0 | State: Active
2025-01-25 03:08:15 - Resonance: 0.6 | NetInflow: 11.5 | NetOutflow: 11.5 | NetOverflow: 0 | State: Active
2025-01-25 03:08:15 - Resonance: 0.6 | NetInflow: 11.5 | NetOutflow: 11.5 | NetOverflow: 0 | State: Active
2025-01-25 03:08:15 - Resonance: 0.6 | NetInflow: 11.5 | NetOutflow: 11.5 | NetOverflow: 0 | State: Active
2025-01-25 03:08:15 - Resonance: 0.6 | NetInflow: 11.5 | NetOutflow: 11.5 | NetOverflow: 0 | State: Active
2025-01-25 03:08:15 - Resonance: 0.6 | NetInflow: 11.5 | NetOutflow: 11.5 | NetOverflow: 0 | State: Active
2025-01-25 03:08:15 - Resonance: 0.6 | NetInflow: 11.5 | NetOutflow: 11.5 | NetOverflow: 0 | State: Active
2025-01-25 03:08:15 - Resonance: 0.6 | NetInflow: 11.5 | NetOutflow: 11.5 | NetOverflow: 0 | State: Active
2025-01-25 03:08:15 - Resonance: 0.6 | NetInflow: 11.5 | NetOutflow: 11.5 | NetOverflow: 0 | State: Active
2025-01-25 03:08:15 - Resonance: 0.6 | NetInflow: 11.5 | NetOutflow: 11.5 | NetOverflow: 0 | State: Active
2025-01-25 03:08:15 - Resonance: 0.6 | NetInflow: 11.5 | NetOutflow: 11.5 | NetOverflow: 0 | State: Active
2025-01-25 03:08:15 - Resonance: 0.6 | NetInflow: 11.5 | NetOutflow: 11.5 | NetOverflow: 0 | State: Active
2025-01-25 03:08:15 - Resonance: 0.6 | NetInflow: 11.5 | NetOutflow: 11.5 | NetOverflow: 0 | State: Active
2025-01-25 03:08:15 - Resonance: 0.6 | NetInflow: 11.5 | NetOutflow: 11.5 | NetOverflow: 0 | State: Active
2025-01-25 03:08:15 - Resonance: 0.6 | NetInflow: 11.5 | NetOutflow: 11.5 | NetOverflow: 0 | State: Active
2025-01-25 03:08:15 - Resonance: 0.6 | NetInflow: 11.5 | NetOutflow: 11.5 | NetOverflow: 0 | State: Active
2025-01-25 03:08:15 - Resonance: 0.6 | NetInflow: 11.5 | NetOutflow: 11.5 | NetOverflow: 0 | State: Active
2025-01-25 03:08:15 - Resonance: 0.6 | NetInflow: 11.5 | NetOutflow: 11.5 | NetOverflow: 0 | State: Active
2025-01-25 03:08:15 - Resonance: 0.6 | NetInflow: 11.5 | NetOutflow: 11.5 | NetOverflow: 0 | State: Active
2025-01-25 03:08:15 - Resonance: 0.6 | NetInflow: 11.5 | NetOutflow: 11.5 | NetOverflow: 0 | State: Active
2025-01-25 03:08:15 - Resonance: 0.6 | NetInflow: 11.5 | NetOutflow: 11.5 | NetOverflow: 0 | State: Active
2025-01-25 03:08:15 - Resonance: 0.6 | NetInflow: 11.5 | NetOutflow: 11.5 | NetOverflow: 0 | State: Active
2025-01-25 03:08:15 - Resonance: 0.6 | NetInflow: 11.5 | NetOutflow: 11.5 | NetOverflow: 0 | State: Active
2025-01-25 03:08:15 - Resonance: 0.6 | NetInflow: 11.5 | NetOutflow: 11.5 | NetOverflow: 0 | State: Active
2025-01-25 03:08:15 - Resonance: 0.6 | NetInflow: 11.5 | NetOutflow: 11.5 | NetOverflow: 0 | State: Active
2025-01-25 03:08:15 - Resonance: 0.6 | NetInflow: 11.5 | NetOutflow: 11.5 | NetOverflow: 0 | State: Active
2025-01-25 03:08:15 - Resonance: 0.6 | NetInflow: 11.5 | NetOutflow: 11.5 | NetOverflow: 0 | State: Active
2025-01-25 03:08:15 - Resonance: 0.6 | NetInflow: 11.5 | NetOutflow: 11.5 | NetOverflow: 0 | State: Active
2025-01-25 03:08:15 - Resonance: 0.6 | NetInflow: 11.5 | NetOutflow: 11.5 | NetOverflow: 0 | State: Active
2025-01-25 03:08:15 - Resonance: 0.6 | NetInflow: 11.5 | NetOutflow: 11.5 | NetOverflow: 0 | State: Active
2025-01-25 03:08:15 - Resonance: 0.6 | NetInflow: 11.5 | NetOutflow: 11.5 | NetOverflow: 0 | State: Active
2025-01-25 03:08:15 - Resonance: 0.6 | NetInflow: 11.5 | NetOutflow: 11.5 | NetOverflow: 0 | State: Active
2025-01-25 03:08:15 - Resonance: 0.6 | NetInflow: 11.5 | NetOutflow: 11.5 | NetOverflow: 0 | State: Active
2025-01-25 03:08:15 - Resonance: 0.6 | NetInflow: 11.5 | NetOutflow: 11.5 | NetOverflow: 0 | State: Active
2025-01-25 03:08:15 - Resonance: 0.6 | NetInflow: 11.5 | NetOutflow: 11.5 | NetOverflow: 0 | State: Active
2025-01-25 03:08:15 - Resonance: 0.6 | NetInflow: 11.5 | NetOutflow: 11.5 | NetOverflow: 0 | State: Active
2025-01-25 03:08:15 - Resonance: 0.6 | NetInflow: 11.5 | NetOutflow: 11.5 | NetOverflow: 0 | State: Active
2025-01-25 03:08:15 - Resonance: 0.6 | NetInflow: 11.5 | NetOutflow: 11.5 | NetOverflow: 0 | State: Active
2025-01-25 03:08:15 - Resonance: 0.6 | NetInflow: 11.5 | NetOutflow: 11.5 | NetOverflow: 0 | State: Active
2025-01-25 03:08:15 - Resonance: 0.6 | NetInflow: 11.5 | NetOutflow: 11.5 | NetOverflow: 0 | State: Active
2025-01-25 03:08:15 - Resonance: 0.6 | NetInflow: 11.5 | NetOutflow: 11.5 | NetOverflow: 0 | State: Active
2025-01-25 03:08:15 - Resonance: 0.6 | NetInflow: 11.5 | NetOutflow: 11.5 | NetOverflow: 0 | State: Active
2025-01-25 03:08:15 - Resonance: 0.6 | NetInflow: 11.5 | NetOutflow: 11.5 | NetOverflow: 0 | State: Active
2025-01-25 03:08:15 - Resonance: 0.6 | NetInflow: 11.5 | NetOutflow: 11.5 | NetOverflow: 0 | State: Active
2025-01-25 03:08:15 - Resonance: 0.6 | NetInflow: 11.5 | NetOutflow: 11.5 | NetOverflow: 0 | State: Active
2025-01-25 03:08:15 - Resonance: 0.6 | NetInflow: 11.5 | NetOutflow: 11.5 | NetOverflow: 0 | State: Active
2025-01-25 03:08:15 - Resonance: 0.6 | NetInflow: 11.5 | NetOutflow: 11.5 | NetOverflow: 0 | State: Active
2025-01-25 03:08:15 - Resonance: 0.6 | NetInflow: 11.5 | NetOutflow: 11.5 | NetOverflow: 0 | State: Active
2025-01-25 03:08:15 - Resonance: 0.6 | NetInflow: 11.5 | NetOutflow: 11.5 | NetOverflow: 0 | State: Active
2025-01-25 03:08:15 - Resonance: 0.6 | NetInflow: 11.5 | NetOutflow: 11.5 | NetOverflow: 0 | State: Active
2025-01-25 03:08:15 - Resonance: 0.6 | NetInflow: 11.5 | NetOutflow: 11.5 | NetOverflow: 0 | State: Active
2025-01-25 03:08:15 - Resonance: 0.6 | NetInflow: 11.5 | NetOutflow: 11.5 | NetOverflow: 0 | State: Active
2025-01-25 03:08:15 - Resonance: 0.6 | NetInflow: 11.5 | NetOutflow: 11.5 | NetOverflow: 0 | State: Active
2025-01-25 03:08:15 - Resonance: 0.6 | NetInflow: 11.5 | NetOutflow: 11.5 | NetOverflow: 0 | State: Active
2025-01-25 03:08:15 - Resonance: 0.6 | NetInflow: 11.5 | NetOutflow: 11.5 | NetOverflow: 0 | State: Active
2025-01-25 03:08:15 - Resonance: 0.6 | NetInflow: 11.5 | NetOutflow: 11.5 | NetOverflow: 0 | State: Active
2025-01-25 03:08:15 - Resonance: 0.6 | NetInflow: 11.5 | NetOutflow: 11.5 | NetOverflow: 0 | State: Active
2025-01-25 03:08:15 - Resonance: 0.6 | NetInflow: 11.5 | NetOutflow: 11.5 | NetOverflow: 0 | State: Active
2025-01-25 03:08:15 - Resonance: 0.6 | NetInflow: 11.5 | NetOutflow: 11.5 | NetOverflow: 0 | State: Active
2025-01-25 03:08:15 - Resonance: 0.6 | NetInflow: 11.5 | NetOutflow: 11.5 | NetOverflow: 0 | State: Active
2025-01-25 03:08:15 - Resonance: 0.6 | NetInflow: 11.5 | NetOutflow: 11.5 | NetOverflow: 0 | State: Active
2025-01-25 03:08:15 - Resonance: 0.6 | NetInflow: 11.5 | NetOutflow: 11.5 | NetOverflow: 0 | State: Active
2025-01-25 03:08:15 - Resonance: 0.6 | NetInflow: 11.5 | NetOutflow: 11.5 | NetOverflow: 0 | State: Active
2025-01-25 03:08:15 - Resonance: 0.6 | NetInflow: 11.5 | NetOutflow: 11.5 | NetOverflow: 0 | State: Active
2025-01-25 03:08:15 - Resonance: 0.6 | NetInflow: 11.5 | NetOutflow: 11.5 | NetOverflow: 0 | State: Active
2025-01-25 03:08:15 - Resonance: 0.6 | NetInflow: 11.5 | NetOutflow: 11.5 | NetOverflow: 0 | State: Active
2025-01-25 03:08:15 - Resonance: 0.6 | NetInflow: 11.5 | NetOutflow: 11.5 | NetOverflow: 0 | State: Active
2025-01-25 03:08:15 - Resonance: 0.6 | NetInflow: 11.5 | NetOutflow: 11.5 | NetOverflow: 0 | State: Active
2025-01-25 03:08:15 - Resonance: 0.6 | NetInflow: 11.5 | NetOutflow: 11.5 | NetOverflow: 0 | State: Active
2025-01-25 03:08:15 - Resonance: 0.6 | NetInflow: 11.5 | NetOutflow: 11.5 | NetOverflow: 0 | State: Active
2025-01-25 03:08:15 - Resonance: 0.6 | NetInflow: 11.5 | NetOutflow: 11.5 | NetOverflow: 0 | State: Active
2025-01-25 03:08:15 - Resonance: 0.6 | NetInflow: 11.5 | NetOutflow: 11.5 | NetOverflow: 0 | State: Active
2025-01-25 03:08:15 - Resonance: 0.6 | NetInflow: 11.5 | NetOutflow: 11.5 | NetOverflow: 0 | State: Active
2025-01-25 03:08:15 - Resonance: 0.6 | NetInflow: 11.5 | NetOutflow: 11.5 | NetOverflow: 0 | State: Active
2025-01-25 03:08:15 - Resonance: 0.6 | NetInflow: 11.5 | NetOutflow: 11.5 | NetOverflow: 0 | State: Active
2025-01-25 03:08:15 - Resonance: 0.6 | NetInflow: 11.5 | NetOutflow: 11.5 | NetOverflow: 0 | State: Active
2025-01-25 03:08:15 - Resonance: 0.6 | NetInflow: 11.5 | NetOutflow: 11.5 | NetOverflow: 0 | State: Active
2025-01-25 03:08:15 - Resonance: 0.6 | NetInflow: 11.5 | NetOutflow: 11.5 | NetOverflow: 0 | State: Active
2025-01-25 03:08:15 - Resonance: 0.6 | NetInflow: 11.5 | NetOutflow: 11.5 | NetOverflow: 0 | State: Active
2025-01-25 03:08:15 - Resonance: 0.6 | NetInflow: 11.5 | NetOutflow: 11.5 | NetOverflow: 0 | State: Active
2025-01-25 03:08:15 - Resonance: 0.6 | NetInflow: 11.5 | NetOutflow: 11.5 | NetOverflow: 0 | State: Active
2025-01-25 03:08:15 - Resonance: 0.6 | NetInflow: 11.5 | NetOutflow: 11.5 | NetOverflow: 0 | State: Active
2025-01-25 03:08:15 - Resonance: 0.6 | NetInflow: 11.5 | NetOutflow: 11.5 | NetOverflow: 0 | State: Active
2025-01-25 03:08:15 - Resonance: 0.6 | NetInflow: 11.5 | NetOutflow: 11.5 | NetOverflow: 0 | State: Active
2025-01-25 03:08:15 - Resonance: 0.6 | NetInflow: 11.5 | NetOutflow: 11.5 | NetOverflow: 0 | State: Active
2025-01-25 03:08:15 - Resonance: 0.6 | NetInflow: 11.5 | NetOutflow: 11.5 | NetOverflow: 0 | State: Active
2025-01-25 03:08:15 - Resonance: 0.6 | NetInflow: 11.5 | NetOutflow: 11.5 | NetOverflow: 0 | State: Active
2025-01-25 03:08:15 - Resonance: 0.6 | NetInflow: 11.5 | NetOutflow: 11.5 | NetOverflow: 0 | State: Active
2025-01-25 03:08:15 - Resonance: 0.6 | NetInflow: 11.5 | NetOutflow: 11.5 | NetOverflow: 0 | State: Active
2025-01-25 03:08:15 - Resonance: 0.6 | NetInflow: 11.5 | NetOutflow: 11.5 | NetOverflow: 0 | State: Active
2025-01-25 03:08:15 - Resonance: 0.6 | NetInflow: 11.5 | NetOutflow: 11.5 | NetOverflow: 0 | State: Active
2025-01-25 03:08:15 - Resonance: 0.6 | NetInflow: 11.5 | NetOutflow: 11.5 | NetOverflow: 0 | State: Active
2025-01-25 03:08:15 - Resonance: 0.6 | NetInflow: 11.5 | NetOutflow: 11.5 | NetOverflow: 0 | State: Active
2025-01-25 03:08:15 - Resonance: 0.6 | NetInflow: 11.5 | NetOutflow: 11.5 | NetOverflow: 0 | State: Active
2025-01-25 03:08:15 - Resonance: 0.6 | NetInflow: 11.5 | NetOutflow: 11.5 | NetOverflow: 0 | State: Active
2025-01-25 03:08:15 - Resonance: 0.6 | NetInflow: 11.5 | NetOutflow: 11.5 | NetOverflow: 0 | State: Active
2025-01-25 03:08:15 - Resonance: 0.6 | NetInflow: 11.5 | NetOutflow: 11.5 | NetOverflow: 0 | State: Active
2025-01-25 03:08:15 - Resonance: 0.6 | NetInflow: 11.5 | NetOutflow: 11.5 | NetOverflow: 0 | State: Active
2025-01-25 03:08:15 - Resonance: 0.6 | NetInflow: 11.5 | NetOutflow: 11.5 | NetOverflow: 0 | State: Active
2025-01-25 03:08:15 - Resonance: 0.6 | NetInflow: 11.5 | NetOutflow: 11.5 | NetOverflow: 0 | State: Active
2025-01-25 03:08:15 - Resonance: 0.6 | NetInflow: 11.5 | NetOutflow: 11.5 | NetOverflow: 0 | State: Active
2025-01-25 03:08:15 - Resonance: 0.6 | NetInflow: 11.5 | NetOutflow: 11.5 | NetOverflow: 0 | State: Active
2025-01-25 03:08:15 - Resonance: 0.6 | NetInflow: 11.5 | NetOutflow: 11.5 | NetOverflow: 0 | State: Active
2025-01-25 03:08:15 - Resonance: 0.6 | NetInflow: 11.5 | NetOutflow: 11.5 | NetOverflow: 0 | State: Active
2025-01-25 03:08:15 - Resonance: 0.6 | NetInflow: 11.5 | NetOutflow: 11.5 | NetOverflow: 0 | State: Active
2025-01-25 03:08:15 - Resonance: 0.6 | NetInflow: 11.5 | NetOutflow: 11.5 | NetOverflow: 0 | State: Active
2025-01-25 03:08:15 - Resonance: 0.6 | NetInflow: 11.5 | NetOutflow: 11.5 | NetOverflow: 0 | State: Active
2025-01-25 03:08:15 - Resonance: 0.6 | NetInflow: 11.5 | NetOutflow: 11.5 | NetOverflow: 0 | State: Active
2025-01-25 03:08:15 - Resonance: 0.6 | NetInflow: 11.5 | NetOutflow: 11.5 | NetOverflow: 0 | State: Active
2025-01-25 03:08:15 - Resonance: 0.6 | NetInflow: 11.5 | NetOutflow: 11.5 | NetOverflow: 0 | State: Active
2025-01-25 03:08:15 - Resonance: 0.6 | NetInflow: 11.5 | NetOutflow: 11.5 | NetOverflow: 0 | State: Active
2025-01-25 03:08:15 - Resonance: 0.6 | NetInflow: 11.5 | NetOutflow: 11.5 | NetOverflow: 0 | State: Active
2025-01-25 03:08:15 - Resonance: 0.6 | NetInflow: 11.5 | NetOutflow: 11.5 | NetOverflow: 0 | State: Active
2025-01-25 03:08:15 - Resonance: 0.6 | NetInflow: 11.5 | NetOutflow: 11.5 | NetOverflow: 0 | State: Active
2025-01-25 03:08:15 - Resonance: 0.6 | NetInflow: 11.5 | NetOutflow: 11.5 | NetOverflow: 0 | State: Active
2025-01-25 03:08:15 - Resonance: 0.6 | NetInflow: 11.5 | NetOutflow: 11.5 | NetOverflow: 0 | State: Active
2025-01-25 03:08:15 - Resonance: 0.6 | NetInflow: 11.5 | NetOutflow: 11.5 | NetOverflow: 0 | State: Active
2025-01-25 03:08:15 - Resonance: 0.6 | NetInflow: 11.5 | NetOutflow: 11.5 | NetOverflow: 0 | State: Active
2025-01-25 03:08:15 - Resonance: 0.6 | NetInflow: 11.5 | NetOutflow: 11.5 | NetOverflow: 0 | State: Active
2025-01-25 03:08:15 - Resonance: 0.6 | NetInflow: 11.5 | NetOutflow: 11.5 | NetOverflow: 0 | State: Active
2025-01-25 03:08:15 - Resonance: 0.6 | NetInflow: 11.5 | NetOutflow: 11.5 | NetOverflow: 0 | State: Active
2025-01-25 03:08:15 - Resonance: 0.6 | NetInflow: 11.5 | NetOutflow: 11.5 | NetOverflow: 0 | State: Active
2025-01-25 03:08:15 - Resonance: 0.6 | NetInflow: 11.5 | NetOutflow: 11.5 | NetOverflow: 0 | State: Active
2025-01-25 03:08:15 - Resonance: 0.6 | NetInflow: 11.5 | NetOutflow: 11.5 | NetOverflow: 0 | State: Active
2025-01-25 03:08:15 - Resonance: 0.6 | NetInflow: 11.5 | NetOutflow: 11.5 | NetOverflow: 0 | State: Active
2025-01-25 03:08:15 - Resonance: 0.6 | NetInflow: 11.5 | NetOutflow: 11.5 | NetOverflow: 0 | State: Active
2025-01-25 03:08:15 - Resonance: 0.6 | NetInflow: 11.5 | NetOutflow: 11.5 | NetOverflow: 0 | State: Active
2025-01-25 03:08:15 - Resonance: 0.6 | NetInflow: 11.5 | NetOutflow: 11.5 | NetOverflow: 0 | State: Active
2025-01-25 03:08:15 - Resonance: 0.6 | NetInflow: 11.5 | NetOutflow: 11.5 | NetOverflow: 0 | State: Active
2025-01-25 03:08:15 - Resonance: 0.6 | NetInflow: 11.5 | NetOutflow: 11.5 | NetOverflow: 0 | State: Active
2025-01-25 03:08:15 - Resonance: 0.6 | NetInflow: 11.5 | NetOutflow: 11.5 | NetOverflow: 0 | State: Active
2025-01-25 03:08:15 - Resonance: 0.6 | NetInflow: 11.5 | NetOutflow: 11.5 | NetOverflow: 0 | State: Active
2025-01-25 03:08:15 - Resonance: 0.6 | NetInflow: 11.5 | NetOutflow: 11.5 | NetOverflow: 0 | State: Active
2025-01-25 03:08:15 - Resonance: 0.6 | NetInflow: 11.5 | NetOutflow: 11.5 | NetOverflow: 0 | State: Active
2025-01-25 03:08:15 - Resonance: 0.6 | NetInflow: 11.5 | NetOutflow: 11.5 | NetOverflow: 0 | State: Active
2025-01-25 03:08:15 - Resonance: 0.6 | NetInflow: 11.5 | NetOutflow: 11.5 | NetOverflow: 0 | State: Active
2025-01-25 03:08:15 - Resonance: 0.6 | NetInflow: 11.5 | NetOutflow: 11.5 | NetOverflow: 0 | State: Active
2025-01-25 03:08:15 - Resonance: 0.6 | NetInflow: 11.5 | NetOutflow: 11.5 | NetOverflow: 0 | State: Active
2025-01-25 03:08:15 - Resonance: 0.6 | NetInflow: 11.5 | NetOutflow: 11.5 | NetOverflow: 0 | State: Active
2025-01-25 03:08:15 - Resonance: 0.6 | NetInflow: 11.5 | NetOutflow: 11.5 | NetOverflow: 0 | State: Active
2025-01-25 03:08:15 - Resonance: 0.6 | NetInflow: 11.5 | NetOutflow: 11.5 | NetOverflow: 0 | State: Active
2025-01-25 03:08:15 - Resonance: 0.6 | NetInflow: 11.5 | NetOutflow: 11.5 | NetOverflow: 0 | State: Active
2025-01-25 03:08:15 - Resonance: 0.6 | NetInflow: 11.5 | NetOutflow: 11.5 | NetOverflow: 0 | State: Active
2025-01-25 03:08:15 - Resonance: 0.6 | NetInflow: 11.5 | NetOutflow: 11.5 | NetOverflow: 0 | State: Active
2025-01-25 03:08:15 - Resonance: 0.6 | NetInflow: 11.5 | NetOutflow: 11.5 | NetOverflow: 0 | State: Active
2025-01-25 03:08:15 - Resonance: 0.6 | NetInflow: 11.5 | NetOutflow: 11.5 | NetOverflow: 0 | State: Active
2025-01-25 03:08:15 - Resonance: 0.6 | NetInflow: 11.5 | NetOutflow: 11.5 | NetOverflow: 0 | State: Active
2025-01-25 03:08:15 - Resonance: 0.6 | NetInflow: 11.5 | NetOutflow: 11.5 | NetOverflow: 0 | State: Active
2025-01-25 03:08:15 - Resonance: 0.6 | NetInflow: 11.5 | NetOutflow: 11.5 | NetOverflow: 0 | State: Active
2025-01-25 03:08:15 - Resonance: 0.6 | NetInflow: 11.5 | NetOutflow: 11.5 | NetOverflow: 0 | State: Active
2025-01-25 03:08:15 - Resonance: 0.6 | NetInflow: 11.5 | NetOutflow: 11.5 | NetOverflow: 0 | State: Active
2025-01-25 03:08:15 - Resonance: 0.6 | NetInflow: 11.5 | NetOutflow: 11.5 | NetOverflow: 0 | State: Active
2025-01-25 03:08:15 - Resonance: 0.6 | NetInflow: 11.5 | NetOutflow: 11.5 | NetOverflow: 0 | State: Active
2025-01-25 03:08:15 - Resonance: 0.6 | NetInflow: 11.5 | NetOutflow: 11.5 | NetOverflow: 0 | State: Active
2025-01-25 03:08:15 - Resonance: 0.6 | NetInflow: 11.5 | NetOutflow: 11.5 | NetOverflow: 0 | State: Active
2025-01-25 03:08:15 - Resonance: 0.6 | NetInflow: 11.5 | NetOutflow: 11.5 | NetOverflow: 0 | State: Active
2025-01-25 03:08:15 - Resonance: 0.6 | NetInflow: 11.5 | NetOutflow: 11.5 | NetOverflow: 0 | State: Active
2025-01-25 03:08:15 - Resonance: 0.6 | NetInflow: 11.5 | NetOutflow: 11.5 | NetOverflow: 0 | State: Active
2025-01-25 03:08:15 - Resonance: 0.6 | NetInflow: 11.5 | NetOutflow: 11.5 | NetOverflow: 0 | State: Active
2025-01-25 03:08:15 - Resonance: 0.6 | NetInflow: 11.5 | NetOutflow: 11.5 | NetOverflow: 0 | State: Active
2025-01-25 03:08:15 - Resonance: 0.6 | NetInflow: 11.5 | NetOutflow: 11.5 | NetOverflow: 0 | State: Active
2025-01-25 03:08:15 - Resonance: 0.6 | NetInflow: 11.5 | NetOutflow: 11.5 | NetOverflow: 0 | State: Active
2025-01-25 03:08:15 - Resonance: 0.6 | NetInflow: 11.5 | NetOutflow: 11.5 | NetOverflow: 0 | State: Active
2025-01-25 03:08:15 - Resonance: 0.6 | NetInflow: 11.5 | NetOutflow: 11.5 | NetOverflow: 0 | State: Active
2025-01-25 03:08:15 - Resonance: 0.6 | NetInflow: 11.5 | NetOutflow: 11.5 | NetOverflow: 0 | State: Active
2025-01-25 03:08:15 - Resonance: 0.6 | NetInflow: 11.5 | NetOutflow: 11.5 | NetOverflow: 0 | State: Active
2025-01-25 03:08:15 - Resonance: 0.6 | NetInflow: 11.5 | NetOutflow: 11.5 | NetOverflow: 0 | State: Active
2025-01-25 03:08:15 - Resonance: 0.6 | NetInflow: 11.5 | NetOutflow: 11.5 | NetOverflow: 0 | State: Active
2025-01-25 03:08:15 - Resonance: 0.6 | NetInflow: 11.5 | NetOutflow: 11.5 | NetOverflow: 0 | State: Active
2025-01-25 03:08:15 - Resonance: 0.6 | NetInflow: 11.5 | NetOutflow: 11.5 | NetOverflow: 0 | State: Active
2025-01-25 03:08:15 - Resonance: 0.6 | NetInflow: 11.5 | NetOutflow: 11.5 | NetOverflow: 0 | State: Active
2025-01-25 03:08:15 - Resonance: 0.6 | NetInflow: 11.5 | NetOutflow: 11.5 | NetOverflow: 0 | State: Active
2025-01-25 03:08:15 - Resonance: 0.6 | NetInflow: 11.5 | NetOutflow: 11.5 | NetOverflow: 0 | State: Active
2025-01-25 03:08:15 - Resonance: 0.6 | NetInflow: 11.5 | NetOutflow: 11.5 | NetOverflow: 0 | State: Active
2025-01-25 03:08:15 - Resonance: 0.6 | NetInflow: 11.5 | NetOutflow: 11.5 | NetOverflow: 0 | State: Active
2025-01-25 03:08:15 - Resonance: 0.6 | NetInflow: 11.5 | NetOutflow: 11.5 | NetOverflow: 0 | State: Active
2025-01-25 03:08:15 - Resonance: 0.6 | NetInflow: 11.5 | NetOutflow: 11.5 | NetOverflow: 0 | State: Active
2025-01-25 03:08:15 - Resonance: 0.6 | NetInflow: 11.5 | NetOutflow: 11.5 | NetOverflow: 0 | State: Active
2025-01-25 03:08:15 - Resonance: 0.6 | NetInflow: 11.5 | NetOutflow: 11.5 | NetOverflow: 0 | State: Active
2025-01-25 03:08:15 - Resonance: 0.6 | NetInflow: 11.5 | NetOutflow: 11.5 | NetOverflow: 0 | State: Active
2025-01-25 03:08:15 - Resonance: 0.6 | NetInflow: 11.5 | NetOutflow: 11.5 | NetOverflow: 0 | State: Active
2025-01-25 03:08:15 - Resonance: 0.6 | NetInflow: 11.5 | NetOutflow: 11.5 | NetOverflow: 0 | State: Active
2025-01-25 03:08:15 - Resonance: 0.6 | NetInflow: 11.5 | NetOutflow: 11.5 | NetOverflow: 0 | State: Active
2025-01-25 03:08:15 - Resonance: 0.6 | NetInflow: 11.5 | NetOutflow: 11.5 | NetOverflow: 0 | State: Active
2025-01-25 03:08:15 - Resonance: 0.6 | NetInflow: 11.5 | NetOutflow: 11.5 | NetOverflow: 0 | State: Active
2025-01-25 03:08:15 - Resonance: 0.6 | NetInflow: 11.5 | NetOutflow: 11.5 | NetOverflow: 0 | State: Active
2025-01-25 03:08:15 - Resonance: 0.6 | NetInflow: 11.5 | NetOutflow: 11.5 | NetOverflow: 0 | State: Active
2025-01-25 03:08:15 - Resonance: 0.6 | NetInflow: 11.5 | NetOutflow: 11.5 | NetOverflow: 0 | State: Active
