2025-02-16 10:17:01 - Debugger session started.
2025-02-16 10:17:01 - BasilMuguet Test_1 started
2025-02-16 10:17:01 -  - - - Adding pulse number 0 with midi index 62. - - -
2025-02-16 10:17:01 - Pulse Index: 0 | Midi Index: 48 | Intensity: 32 | Note Name: C3
2025-02-16 10:17:01 - Pulse Index: 1 | Midi Index: 62 | Intensity: 25 | Note Name: D4
2025-02-16 10:17:01 - 
Logging Idyll Amount:

2025-02-16 10:17:01 - Resonance: 0 | NetInflow: 2 | NetOutflow: 0 | NetOverflow: 0 | State: Active
2025-02-16 10:17:01 - Resonance: 0 | NetInflow: 2 | NetOutflow: 2 | NetOverflow: 0 | State: Active
2025-02-16 10:17:01 - Resonance: 0 | NetInflow: 2 | NetOutflow: 2 | NetOverflow: 0 | State: Active
2025-02-16 10:17:01 - Resonance: 0 | NetInflow: 2 | NetOutflow: 2 | NetOverflow: 0 | State: Active
2025-02-16 10:17:01 - Resonance: 0 | NetInflow: 2 | NetOutflow: 2 | NetOverflow: 0 | State: Active
2025-02-16 10:17:01 - Resonance: 0 | NetInflow: 2 | NetOutflow: 2 | NetOverflow: 0 | State: Active
2025-02-16 10:17:01 - Resonance: 0 | NetInflow: 2 | NetOutflow: 2 | NetOverflow: 0 | State: Active
2025-02-16 10:17:01 - Resonance: 0 | NetInflow: 2 | NetOutflow: 2 | NetOverflow: 0 | State: Active
2025-02-16 10:17:01 - Resonance: 0 | NetInflow: 2 | NetOutflow: 2 | NetOverflow: 0 | State: Active
2025-02-16 10:17:01 - Resonance: 0 | NetInflow: 2 | NetOutflow: 2 | NetOverflow: 0 | State: Active
2025-02-16 10:17:01 - Resonance: 0 | NetInflow: 2 | NetOutflow: 2 | NetOverflow: 0 | State: Active
2025-02-16 10:17:01 - Resonance: 0 | NetInflow: 2 | NetOutflow: 2 | NetOverflow: 0 | State: Active
2025-02-16 10:17:01 - Resonance: 0 | NetInflow: 2 | NetOutflow: 2 | NetOverflow: 0 | State: Active
2025-02-16 10:17:01 - Resonance: 0 | NetInflow: 2 | NetOutflow: 2 | NetOverflow: 0 | State: Active
2025-02-16 10:17:01 - Resonance: 0 | NetInflow: 2 | NetOutflow: 2 | NetOverflow: 0 | State: Active
2025-02-16 10:17:01 - Resonance: 0 | NetInflow: 2 | NetOutflow: 2 | NetOverflow: 0 | State: Active
2025-02-16 10:17:01 - Resonance: 0 | NetInflow: 2 | NetOutflow: 2 | NetOverflow: 0 | State: Active
2025-02-16 10:17:01 - Resonance: 0 | NetInflow: 2 | NetOutflow: 2 | NetOverflow: 0 | State: Active
2025-02-16 10:17:01 - Resonance: 0 | NetInflow: 2 | NetOutflow: 2 | NetOverflow: 0 | State: Active
2025-02-16 10:17:01 - Resonance: 0 | NetInflow: 2 | NetOutflow: 2 | NetOverflow: 0 | State: Active
2025-02-16 10:17:01 - Resonance: 0 | NetInflow: 2 | NetOutflow: 2 | NetOverflow: 0 | State: Active
2025-02-16 10:17:01 - Resonance: 0 | NetInflow: 2 | NetOutflow: 2 | NetOverflow: 0 | State: Active
2025-02-16 10:17:01 - Resonance: 0 | NetInflow: 2 | NetOutflow: 2 | NetOverflow: 0 | State: Active
2025-02-16 10:17:01 - Resonance: 0 | NetInflow: 2 | NetOutflow: 2 | NetOverflow: 0 | State: Active
2025-02-16 10:17:01 - Resonance: 0 | NetInflow: 2 | NetOutflow: 2 | NetOverflow: 0 | State: Active
2025-02-16 10:17:01 - Resonance: 0 | NetInflow: 2 | NetOutflow: 2 | NetOverflow: 0 | State: Active
2025-02-16 10:17:01 - Resonance: 0 | NetInflow: 2 | NetOutflow: 2 | NetOverflow: 0 | State: Active
2025-02-16 10:17:01 - Resonance: 0 | NetInflow: 2 | NetOutflow: 2 | NetOverflow: 0 | State: Active
2025-02-16 10:17:01 - Resonance: 0 | NetInflow: 2 | NetOutflow: 2 | NetOverflow: 0 | State: Active
2025-02-16 10:17:01 - Resonance: 0 | NetInflow: 2 | NetOutflow: 2 | NetOverflow: 0 | State: Active
2025-02-16 10:17:01 - Resonance: 0 | NetInflow: 2 | NetOutflow: 2 | NetOverflow: 0 | State: Active
2025-02-16 10:17:01 - Resonance: 0 | NetInflow: 2 | NetOutflow: 2 | NetOverflow: 0 | State: Active
2025-02-16 10:17:01 - Resonance: 0 | NetInflow: 2 | NetOutflow: 2 | NetOverflow: 0 | State: Active
2025-02-16 10:17:01 - Resonance: 0 | NetInflow: 2 | NetOutflow: 2 | NetOverflow: 0 | State: Active
2025-02-16 10:17:01 - Resonance: 0 | NetInflow: 2 | NetOutflow: 2 | NetOverflow: 0 | State: Active
2025-02-16 10:17:01 - Resonance: 0 | NetInflow: 2 | NetOutflow: 2 | NetOverflow: 0 | State: Active
2025-02-16 10:17:01 - Resonance: 0 | NetInflow: 2 | NetOutflow: 2 | NetOverflow: 0 | State: Active
2025-02-16 10:17:01 - Resonance: 0 | NetInflow: 2 | NetOutflow: 2 | NetOverflow: 0 | State: Active
2025-02-16 10:17:01 - Resonance: 0 | NetInflow: 2 | NetOutflow: 2 | NetOverflow: 0 | State: Active
2025-02-16 10:17:01 - Resonance: 0 | NetInflow: 2 | NetOutflow: 2 | NetOverflow: 0 | State: Active
2025-02-16 10:17:01 - Resonance: 0 | NetInflow: 2 | NetOutflow: 2 | NetOverflow: 0 | State: Active
2025-02-16 10:17:01 - Resonance: 0 | NetInflow: 2 | NetOutflow: 2 | NetOverflow: 0 | State: Active
2025-02-16 10:17:01 - Resonance: 0 | NetInflow: 2 | NetOutflow: 2 | NetOverflow: 0 | State: Active
2025-02-16 10:17:01 - Resonance: 0 | NetInflow: 2 | NetOutflow: 2 | NetOverflow: 0 | State: Active
2025-02-16 10:17:01 - Resonance: 0 | NetInflow: 2 | NetOutflow: 2 | NetOverflow: 0 | State: Active
2025-02-16 10:17:01 - Resonance: 0 | NetInflow: 2 | NetOutflow: 2 | NetOverflow: 0 | State: Active
2025-02-16 10:17:01 - Resonance: 0 | NetInflow: 2 | NetOutflow: 2 | NetOverflow: 0 | State: Active
2025-02-16 10:17:01 - Resonance: 0 | NetInflow: 2 | NetOutflow: 2 | NetOverflow: 0 | State: Active
2025-02-16 10:17:01 - Resonance: 0 | NetInflow: 2 | NetOutflow: 2 | NetOverflow: 0 | State: Active
2025-02-16 10:17:01 - Resonance: 0 | NetInflow: 2 | NetOutflow: 2 | NetOverflow: 0 | State: Active
2025-02-16 10:17:01 -  - - - Adding pulse number 1 with midi index 104. - - -
2025-02-16 10:17:01 - Pulse Index: 0 | Midi Index: 48 | Intensity: 32 | Note Name: C3
2025-02-16 10:17:01 - Pulse Index: 1 | Midi Index: 62 | Intensity: 25 | Note Name: D4
2025-02-16 10:17:01 - Pulse Index: 2 | Midi Index: 104 | Intensity: 30 | Note Name: G#/Ab7
2025-02-16 10:17:01 - 
Logging Idyll Amount:

2025-02-16 10:17:01 - Resonance: 0.1 | NetInflow: 5 | NetOutflow: 3 | NetOverflow: 0 | State: Active
2025-02-16 10:17:01 - Resonance: 0.1 | NetInflow: 5 | NetOutflow: 3 | NetOverflow: 0 | State: Active
2025-02-16 10:17:01 - Resonance: 0.2 | NetInflow: 5 | NetOutflow: 3 | NetOverflow: 0 | State: Active
2025-02-16 10:17:01 - Resonance: 0.2 | NetInflow: 5 | NetOutflow: 3 | NetOverflow: 0 | State: Active
2025-02-16 10:17:01 - Resonance: 0.2 | NetInflow: 5 | NetOutflow: 3 | NetOverflow: 0 | State: Active
2025-02-16 10:17:01 - Resonance: 0.3 | NetInflow: 5 | NetOutflow: 3 | NetOverflow: 0 | State: Active
2025-02-16 10:17:01 - Resonance: 0.3 | NetInflow: 5 | NetOutflow: 3 | NetOverflow: 0 | State: Active
2025-02-16 10:17:01 - Resonance: 0.4 | NetInflow: 5 | NetOutflow: 3 | NetOverflow: 0 | State: Active
2025-02-16 10:17:01 - Resonance: 0.4 | NetInflow: 5 | NetOutflow: 3 | NetOverflow: 0 | State: Active
2025-02-16 10:17:01 - Resonance: 0.4 | NetInflow: 5 | NetOutflow: 3 | NetOverflow: 0 | State: Active
2025-02-16 10:17:01 - Resonance: 0.5 | NetInflow: 5 | NetOutflow: 3 | NetOverflow: 0 | State: Active
2025-02-16 10:17:01 - Resonance: 0.5 | NetInflow: 5 | NetOutflow: 3 | NetOverflow: 0 | State: Active
2025-02-16 10:17:01 - Resonance: 0.6 | NetInflow: 5 | NetOutflow: 3 | NetOverflow: 0 | State: Active
2025-02-16 10:17:01 - Resonance: 0.6 | NetInflow: 5 | NetOutflow: 3 | NetOverflow: 0 | State: Active
2025-02-16 10:17:01 - Resonance: 0.6 | NetInflow: 5 | NetOutflow: 3 | NetOverflow: 0 | State: Active
2025-02-16 10:17:01 - Resonance: 0.7 | NetInflow: 5 | NetOutflow: 3 | NetOverflow: 0 | State: Active
2025-02-16 10:17:01 - Resonance: 0.7 | NetInflow: 5 | NetOutflow: 3 | NetOverflow: 0 | State: Active
2025-02-16 10:17:01 - Resonance: 0.8 | NetInflow: 5 | NetOutflow: 3 | NetOverflow: 0 | State: Active
2025-02-16 10:17:01 - Resonance: 0.8 | NetInflow: 5 | NetOutflow: 3 | NetOverflow: 0 | State: Active
2025-02-16 10:17:01 - Resonance: 0.8 | NetInflow: 5 | NetOutflow: 3 | NetOverflow: 0 | State: Active
2025-02-16 10:17:01 - Resonance: 0.9 | NetInflow: 5 | NetOutflow: 3 | NetOverflow: 0 | State: Active
2025-02-16 10:17:01 - Resonance: 0.9 | NetInflow: 5 | NetOutflow: 3 | NetOverflow: 0 | State: Active
2025-02-16 10:17:01 - Resonance: 1 | NetInflow: 5 | NetOutflow: 3 | NetOverflow: 0 | State: Active
2025-02-16 10:17:01 - Resonance: 1 | NetInflow: 5 | NetOutflow: 3 | NetOverflow: 0 | State: Active
2025-02-16 10:17:01 - Resonance: 1 | NetInflow: 5 | NetOutflow: 3 | NetOverflow: 0 | State: Active
2025-02-16 10:17:01 - Resonance: 1.1 | NetInflow: 5 | NetOutflow: 3 | NetOverflow: 0 | State: Active
2025-02-16 10:17:01 - Resonance: 1.1 | NetInflow: 5 | NetOutflow: 3 | NetOverflow: 0 | State: Active
2025-02-16 10:17:01 - Resonance: 1.2 | NetInflow: 5 | NetOutflow: 3 | NetOverflow: 0 | State: Active
2025-02-16 10:17:01 - Resonance: 1.2 | NetInflow: 5 | NetOutflow: 3 | NetOverflow: 0 | State: Active
2025-02-16 10:17:01 - Resonance: 1.2 | NetInflow: 5 | NetOutflow: 3 | NetOverflow: 0 | State: Active
2025-02-16 10:17:01 - Resonance: 1.3 | NetInflow: 5 | NetOutflow: 3 | NetOverflow: 0 | State: Active
2025-02-16 10:17:01 - Resonance: 1.3 | NetInflow: 5 | NetOutflow: 3 | NetOverflow: 0 | State: Active
2025-02-16 10:17:01 - Resonance: 1.4 | NetInflow: 5 | NetOutflow: 3 | NetOverflow: 0 | State: Active
2025-02-16 10:17:01 - Resonance: 1.4 | NetInflow: 5 | NetOutflow: 3 | NetOverflow: 0 | State: Active
2025-02-16 10:17:01 - Resonance: 1.4 | NetInflow: 5 | NetOutflow: 3 | NetOverflow: 0 | State: Active
2025-02-16 10:17:01 - Resonance: 1.5 | NetInflow: 5 | NetOutflow: 3 | NetOverflow: 0 | State: Active
2025-02-16 10:17:01 - Resonance: 1.5 | NetInflow: 5 | NetOutflow: 3 | NetOverflow: 0 | State: Active
2025-02-16 10:17:01 - Resonance: 1.6 | NetInflow: 5 | NetOutflow: 3 | NetOverflow: 0 | State: Active
2025-02-16 10:17:01 - Resonance: 1.6 | NetInflow: 5 | NetOutflow: 3 | NetOverflow: 0 | State: Active
2025-02-16 10:17:01 - Resonance: 1.6 | NetInflow: 5 | NetOutflow: 3 | NetOverflow: 0 | State: Active
2025-02-16 10:17:01 - Resonance: 1.7 | NetInflow: 5 | NetOutflow: 3 | NetOverflow: 0 | State: Active
2025-02-16 10:17:01 - Resonance: 1.7 | NetInflow: 5 | NetOutflow: 3 | NetOverflow: 0 | State: Active
2025-02-16 10:17:01 - Resonance: 1.8 | NetInflow: 5 | NetOutflow: 3 | NetOverflow: 0 | State: Active
2025-02-16 10:17:01 - Resonance: 1.8 | NetInflow: 5 | NetOutflow: 3 | NetOverflow: 0 | State: Active
2025-02-16 10:17:01 - Resonance: 1.8 | NetInflow: 5 | NetOutflow: 3 | NetOverflow: 0 | State: Active
2025-02-16 10:17:01 - Resonance: 1.9 | NetInflow: 5 | NetOutflow: 3 | NetOverflow: 0 | State: Active
2025-02-16 10:17:01 - Resonance: 1.9 | NetInflow: 5 | NetOutflow: 3 | NetOverflow: 0 | State: Active
2025-02-16 10:17:01 - Resonance: 2 | NetInflow: 5 | NetOutflow: 3 | NetOverflow: 0 | State: Active
2025-02-16 10:17:01 - Resonance: 2 | NetInflow: 5 | NetOutflow: 3 | NetOverflow: 0 | State: Active
2025-02-16 10:17:01 - Resonance: 2 | NetInflow: 5 | NetOutflow: 3 | NetOverflow: 0 | State: Active
2025-02-16 10:17:01 -  - - - Adding pulse number 2 with midi index 104. - - -
2025-02-16 10:17:01 - Pulse Index: 0 | Midi Index: 48 | Intensity: 32 | Note Name: C3
2025-02-16 10:17:01 - Pulse Index: 1 | Midi Index: 62 | Intensity: 25 | Note Name: D4
2025-02-16 10:17:01 - Pulse Index: 2 | Midi Index: 104 | Intensity: 30 | Note Name: G#/Ab7
2025-02-16 10:17:01 - Pulse Index: 3 | Midi Index: 104 | Intensity: 45 | Note Name: G#/Ab7
2025-02-16 10:17:01 - 
Logging Idyll Amount:

2025-02-16 10:17:01 - Resonance: 2.1 | NetInflow: 16.7 | NetOutflow: 12.7 | NetOverflow: 0 | State: Active
2025-02-16 10:17:01 - Resonance: 2.2 | NetInflow: 16.7 | NetOutflow: 12.7 | NetOverflow: 0 | State: Active
2025-02-16 10:17:01 - Resonance: 2.3 | NetInflow: 16.7 | NetOutflow: 12.7 | NetOverflow: 0 | State: Active
2025-02-16 10:17:01 - Resonance: 2.4 | NetInflow: 16.7 | NetOutflow: 12.7 | NetOverflow: 0 | State: Active
2025-02-16 10:17:01 - Resonance: 2.4 | NetInflow: 16.7 | NetOutflow: 12.7 | NetOverflow: 0 | State: Active
2025-02-16 10:17:01 - Resonance: 2.5 | NetInflow: 16.7 | NetOutflow: 12.7 | NetOverflow: 0 | State: Active
2025-02-16 10:17:01 - Resonance: 2.6 | NetInflow: 16.7 | NetOutflow: 12.7 | NetOverflow: 0 | State: Active
2025-02-16 10:17:01 - Resonance: 2.7 | NetInflow: 16.7 | NetOutflow: 12.7 | NetOverflow: 0 | State: Active
2025-02-16 10:17:01 - Resonance: 2.8 | NetInflow: 16.7 | NetOutflow: 12.7 | NetOverflow: 0 | State: Active
2025-02-16 10:17:01 - Resonance: 2.8 | NetInflow: 16.7 | NetOutflow: 12.7 | NetOverflow: 0 | State: Active
2025-02-16 10:17:01 - Resonance: 2.9 | NetInflow: 16.7 | NetOutflow: 12.7 | NetOverflow: 0 | State: Active
2025-02-16 10:17:01 - Resonance: 3 | NetInflow: 16.7 | NetOutflow: 12.7 | NetOverflow: 0 | State: Active
2025-02-16 10:17:01 - Resonance: 3.1 | NetInflow: 16.7 | NetOutflow: 12.7 | NetOverflow: 0 | State: Active
2025-02-16 10:17:01 - Resonance: 3.2 | NetInflow: 16.7 | NetOutflow: 12.7 | NetOverflow: 0 | State: Active
2025-02-16 10:17:01 - Resonance: 3.2 | NetInflow: 16.7 | NetOutflow: 12.7 | NetOverflow: 0 | State: Active
2025-02-16 10:17:01 - Resonance: 3.3 | NetInflow: 16.7 | NetOutflow: 12.7 | NetOverflow: 0 | State: Active
2025-02-16 10:17:01 - Resonance: 3.4 | NetInflow: 16.7 | NetOutflow: 12.7 | NetOverflow: 0 | State: Active
2025-02-16 10:17:01 - Resonance: 3.5 | NetInflow: 16.7 | NetOutflow: 12.7 | NetOverflow: 0 | State: Active
2025-02-16 10:17:01 - Resonance: 3.6 | NetInflow: 16.7 | NetOutflow: 12.7 | NetOverflow: 0 | State: Active
2025-02-16 10:17:01 - Resonance: 3.6 | NetInflow: 16.7 | NetOutflow: 12.7 | NetOverflow: 0 | State: Active
2025-02-16 10:17:01 - Resonance: 3.7 | NetInflow: 16.7 | NetOutflow: 12.7 | NetOverflow: 0 | State: Active
2025-02-16 10:17:01 - Resonance: 3.8 | NetInflow: 16.7 | NetOutflow: 12.7 | NetOverflow: 0 | State: Active
2025-02-16 10:17:01 - Resonance: 3.9 | NetInflow: 16.7 | NetOutflow: 12.7 | NetOverflow: 0 | State: Active
2025-02-16 10:17:01 - Resonance: 4 | NetInflow: 16.7 | NetOutflow: 12.7 | NetOverflow: 0 | State: Active
2025-02-16 10:17:01 - Resonance: 4 | NetInflow: 16.7 | NetOutflow: 12.7 | NetOverflow: 0 | State: Active
2025-02-16 10:17:01 - Resonance: 4.1 | NetInflow: 16.7 | NetOutflow: 12.7 | NetOverflow: 0 | State: Active
2025-02-16 10:17:01 - Resonance: 4.2 | NetInflow: 16.7 | NetOutflow: 12.7 | NetOverflow: 0 | State: Active
2025-02-16 10:17:01 - Resonance: 4.3 | NetInflow: 16.7 | NetOutflow: 12.7 | NetOverflow: 0 | State: Active
2025-02-16 10:17:01 - Resonance: 4.4 | NetInflow: 16.7 | NetOutflow: 12.7 | NetOverflow: 0 | State: Active
2025-02-16 10:17:01 - Resonance: 4.4 | NetInflow: 16.7 | NetOutflow: 12.7 | NetOverflow: 0 | State: Active
2025-02-16 10:17:01 - Resonance: 4.5 | NetInflow: 16.7 | NetOutflow: 12.7 | NetOverflow: 0 | State: Active
2025-02-16 10:17:01 - Resonance: 4.6 | NetInflow: 16.7 | NetOutflow: 12.7 | NetOverflow: 0 | State: Active
2025-02-16 10:17:01 - Resonance: 4.7 | NetInflow: 16.7 | NetOutflow: 12.7 | NetOverflow: 0 | State: Active
2025-02-16 10:17:01 - Resonance: 4.8 | NetInflow: 16.7 | NetOutflow: 12.7 | NetOverflow: 0 | State: Active
2025-02-16 10:17:01 - Resonance: 4.8 | NetInflow: 16.7 | NetOutflow: 12.7 | NetOverflow: 0 | State: Active
2025-02-16 10:17:01 - Resonance: 4.9 | NetInflow: 16.7 | NetOutflow: 12.7 | NetOverflow: 0 | State: Active
2025-02-16 10:17:01 - Resonance: 5 | NetInflow: 16.7 | NetOutflow: 12.7 | NetOverflow: 0 | State: Active
2025-02-16 10:17:01 - Resonance: 5.1 | NetInflow: 16.7 | NetOutflow: 12.7 | NetOverflow: 0 | State: Active
2025-02-16 10:17:01 - Resonance: 5.2 | NetInflow: 16.7 | NetOutflow: 12.7 | NetOverflow: 0 | State: Active
2025-02-16 10:17:01 - Resonance: 5.2 | NetInflow: 16.7 | NetOutflow: 12.7 | NetOverflow: 0 | State: Active
2025-02-16 10:17:01 - Resonance: 5.3 | NetInflow: 16.7 | NetOutflow: 12.7 | NetOverflow: 0 | State: Active
2025-02-16 10:17:01 - Resonance: 5.4 | NetInflow: 16.7 | NetOutflow: 12.7 | NetOverflow: 0 | State: Active
2025-02-16 10:17:01 - Resonance: 5.5 | NetInflow: 16.7 | NetOutflow: 12.7 | NetOverflow: 0 | State: Active
2025-02-16 10:17:01 - Resonance: 5.6 | NetInflow: 16.7 | NetOutflow: 12.7 | NetOverflow: 0 | State: Active
2025-02-16 10:17:01 - Resonance: 5.6 | NetInflow: 16.7 | NetOutflow: 12.7 | NetOverflow: 0 | State: Active
2025-02-16 10:17:01 - Resonance: 5.7 | NetInflow: 16.7 | NetOutflow: 12.7 | NetOverflow: 0 | State: Active
2025-02-16 10:17:01 - Resonance: 5.8 | NetInflow: 16.7 | NetOutflow: 12.7 | NetOverflow: 0 | State: Active
2025-02-16 10:17:01 - Resonance: 5.9 | NetInflow: 16.7 | NetOutflow: 12.7 | NetOverflow: 0 | State: Active
2025-02-16 10:17:01 - Resonance: 6 | NetInflow: 16.7 | NetOutflow: 12.7 | NetOverflow: 0 | State: Active
2025-02-16 10:17:01 - Resonance: 6 | NetInflow: 16.7 | NetOutflow: 12.7 | NetOverflow: 0 | State: Active
2025-02-16 10:17:01 -  - - - Adding pulse number 3 with midi index 121. - - -
2025-02-16 10:17:01 - Pulse Index: 0 | Midi Index: 48 | Intensity: 32 | Note Name: C3
2025-02-16 10:17:01 - Pulse Index: 1 | Midi Index: 62 | Intensity: 25 | Note Name: D4
2025-02-16 10:17:01 - Pulse Index: 2 | Midi Index: 104 | Intensity: 30 | Note Name: G#/Ab7
2025-02-16 10:17:01 - Pulse Index: 3 | Midi Index: 104 | Intensity: 45 | Note Name: G#/Ab7
2025-02-16 10:17:01 - Pulse Index: 4 | Midi Index: 121 | Intensity: 23 | Note Name: C#/Db9
2025-02-16 10:17:01 - 
Logging Idyll Amount:

2025-02-16 10:17:01 - Resonance: 6 | NetInflow: 15.5 | NetOutflow: 16 | NetOverflow: 0 | State: Active
2025-02-16 10:17:01 - Resonance: 6 | NetInflow: 15.5 | NetOutflow: 16 | NetOverflow: 0 | State: Active
2025-02-16 10:17:01 - Resonance: 6 | NetInflow: 15.5 | NetOutflow: 16 | NetOverflow: 0 | State: Active
2025-02-16 10:17:01 - Resonance: 6 | NetInflow: 15.5 | NetOutflow: 16 | NetOverflow: 0 | State: Active
2025-02-16 10:17:01 - Resonance: 6 | NetInflow: 15.5 | NetOutflow: 16 | NetOverflow: 0 | State: Active
2025-02-16 10:17:01 - Resonance: 6 | NetInflow: 15.5 | NetOutflow: 16 | NetOverflow: 0 | State: Active
2025-02-16 10:17:01 - Resonance: 6 | NetInflow: 15.5 | NetOutflow: 16 | NetOverflow: 0 | State: Active
2025-02-16 10:17:01 - Resonance: 6 | NetInflow: 15.5 | NetOutflow: 16 | NetOverflow: 0 | State: Active
2025-02-16 10:17:01 - Resonance: 5.9 | NetInflow: 15.5 | NetOutflow: 16 | NetOverflow: 0 | State: Active
2025-02-16 10:17:01 - Resonance: 5.9 | NetInflow: 15.5 | NetOutflow: 16 | NetOverflow: 0 | State: Active
2025-02-16 10:17:01 - Resonance: 5.9 | NetInflow: 15.5 | NetOutflow: 16 | NetOverflow: 0 | State: Active
2025-02-16 10:17:01 - Resonance: 5.9 | NetInflow: 15.5 | NetOutflow: 16 | NetOverflow: 0 | State: Active
2025-02-16 10:17:01 - Resonance: 5.9 | NetInflow: 15.5 | NetOutflow: 16 | NetOverflow: 0 | State: Active
2025-02-16 10:17:01 - Resonance: 5.9 | NetInflow: 15.5 | NetOutflow: 16 | NetOverflow: 0 | State: Active
2025-02-16 10:17:01 - Resonance: 5.9 | NetInflow: 15.5 | NetOutflow: 16 | NetOverflow: 0 | State: Active
2025-02-16 10:17:01 - Resonance: 5.9 | NetInflow: 15.5 | NetOutflow: 16 | NetOverflow: 0 | State: Active
2025-02-16 10:17:01 - Resonance: 5.9 | NetInflow: 15.5 | NetOutflow: 16 | NetOverflow: 0 | State: Active
2025-02-16 10:17:01 - Resonance: 5.9 | NetInflow: 15.5 | NetOutflow: 16 | NetOverflow: 0 | State: Active
2025-02-16 10:17:01 - Resonance: 5.8 | NetInflow: 15.5 | NetOutflow: 16 | NetOverflow: 0 | State: Active
2025-02-16 10:17:01 - Resonance: 5.8 | NetInflow: 15.5 | NetOutflow: 16 | NetOverflow: 0 | State: Active
2025-02-16 10:17:01 - Resonance: 5.8 | NetInflow: 15.5 | NetOutflow: 16 | NetOverflow: 0 | State: Active
2025-02-16 10:17:01 - Resonance: 5.8 | NetInflow: 15.5 | NetOutflow: 16 | NetOverflow: 0 | State: Active
2025-02-16 10:17:01 - Resonance: 5.8 | NetInflow: 15.5 | NetOutflow: 16 | NetOverflow: 0 | State: Active
2025-02-16 10:17:01 - Resonance: 5.8 | NetInflow: 15.5 | NetOutflow: 16 | NetOverflow: 0 | State: Active
2025-02-16 10:17:01 - Resonance: 5.8 | NetInflow: 15.5 | NetOutflow: 16 | NetOverflow: 0 | State: Active
2025-02-16 10:17:01 - Resonance: 5.8 | NetInflow: 15.5 | NetOutflow: 16 | NetOverflow: 0 | State: Active
2025-02-16 10:17:01 - Resonance: 5.8 | NetInflow: 15.5 | NetOutflow: 16 | NetOverflow: 0 | State: Active
2025-02-16 10:17:01 - Resonance: 5.8 | NetInflow: 15.5 | NetOutflow: 16 | NetOverflow: 0 | State: Active
2025-02-16 10:17:01 - Resonance: 5.7 | NetInflow: 15.5 | NetOutflow: 16 | NetOverflow: 0 | State: Active
2025-02-16 10:17:01 - Resonance: 5.7 | NetInflow: 15.5 | NetOutflow: 16 | NetOverflow: 0 | State: Active
2025-02-16 10:17:01 - Resonance: 5.7 | NetInflow: 15.5 | NetOutflow: 16 | NetOverflow: 0 | State: Active
2025-02-16 10:17:01 - Resonance: 5.7 | NetInflow: 15.5 | NetOutflow: 16 | NetOverflow: 0 | State: Active
2025-02-16 10:17:01 - Resonance: 5.7 | NetInflow: 15.5 | NetOutflow: 16 | NetOverflow: 0 | State: Active
2025-02-16 10:17:01 - Resonance: 5.7 | NetInflow: 15.5 | NetOutflow: 16 | NetOverflow: 0 | State: Active
2025-02-16 10:17:01 - Resonance: 5.7 | NetInflow: 15.5 | NetOutflow: 16 | NetOverflow: 0 | State: Active
2025-02-16 10:17:01 - Resonance: 5.7 | NetInflow: 15.5 | NetOutflow: 16 | NetOverflow: 0 | State: Active
2025-02-16 10:17:01 - Resonance: 5.7 | NetInflow: 15.5 | NetOutflow: 16 | NetOverflow: 0 | State: Active
2025-02-16 10:17:01 - Resonance: 5.7 | NetInflow: 15.5 | NetOutflow: 16 | NetOverflow: 0 | State: Active
2025-02-16 10:17:01 - Resonance: 5.6 | NetInflow: 15.5 | NetOutflow: 16 | NetOverflow: 0 | State: Active
2025-02-16 10:17:01 - Resonance: 5.6 | NetInflow: 15.5 | NetOutflow: 16 | NetOverflow: 0 | State: Active
2025-02-16 10:17:01 - Resonance: 5.6 | NetInflow: 15.5 | NetOutflow: 16 | NetOverflow: 0 | State: Active
2025-02-16 10:17:01 - Resonance: 5.6 | NetInflow: 15.5 | NetOutflow: 16 | NetOverflow: 0 | State: Active
2025-02-16 10:17:01 - Resonance: 5.6 | NetInflow: 15.5 | NetOutflow: 16 | NetOverflow: 0 | State: Active
2025-02-16 10:17:01 - Resonance: 5.6 | NetInflow: 15.5 | NetOutflow: 16 | NetOverflow: 0 | State: Active
2025-02-16 10:17:01 - Resonance: 5.6 | NetInflow: 15.5 | NetOutflow: 16 | NetOverflow: 0 | State: Active
2025-02-16 10:17:01 - Resonance: 5.6 | NetInflow: 15.5 | NetOutflow: 16 | NetOverflow: 0 | State: Active
2025-02-16 10:17:01 - Resonance: 5.6 | NetInflow: 15.5 | NetOutflow: 16 | NetOverflow: 0 | State: Active
2025-02-16 10:17:01 - Resonance: 5.6 | NetInflow: 15.5 | NetOutflow: 16 | NetOverflow: 0 | State: Active
2025-02-16 10:17:01 - Resonance: 5.5 | NetInflow: 15.5 | NetOutflow: 16 | NetOverflow: 0 | State: Active
2025-02-16 10:17:01 - Resonance: 5.5 | NetInflow: 15.5 | NetOutflow: 16 | NetOverflow: 0 | State: Active
2025-02-16 10:17:01 -  - - - Adding pulse number 4 with midi index 64. - - -
2025-02-16 10:17:01 - Pulse Index: 0 | Midi Index: 48 | Intensity: 32 | Note Name: C3
2025-02-16 10:17:01 - Pulse Index: 1 | Midi Index: 62 | Intensity: 25 | Note Name: D4
2025-02-16 10:17:01 - Pulse Index: 2 | Midi Index: 64 | Intensity: 30 | Note Name: E4
2025-02-16 10:17:01 - Pulse Index: 3 | Midi Index: 104 | Intensity: 30 | Note Name: G#/Ab7
2025-02-16 10:17:01 - Pulse Index: 4 | Midi Index: 104 | Intensity: 45 | Note Name: G#/Ab7
2025-02-16 10:17:01 - Pulse Index: 5 | Midi Index: 121 | Intensity: 23 | Note Name: C#/Db9
2025-02-16 10:17:01 - 
Logging Idyll Amount:

2025-02-16 10:17:01 - Resonance: 5.6 | NetInflow: 16.8 | NetOutflow: 16 | NetOverflow: 0 | State: Active
2025-02-16 10:17:01 - Resonance: 5.6 | NetInflow: 16.8 | NetOutflow: 16 | NetOverflow: 0 | State: Active
2025-02-16 10:17:01 - Resonance: 5.6 | NetInflow: 16.8 | NetOutflow: 16 | NetOverflow: 0 | State: Active
2025-02-16 10:17:01 - Resonance: 5.6 | NetInflow: 16.8 | NetOutflow: 16 | NetOverflow: 0 | State: Active
2025-02-16 10:17:01 - Resonance: 5.6 | NetInflow: 16.8 | NetOutflow: 16 | NetOverflow: 0 | State: Active
2025-02-16 10:17:01 - Resonance: 5.6 | NetInflow: 16.8 | NetOutflow: 16 | NetOverflow: 0 | State: Active
2025-02-16 10:17:01 - Resonance: 5.7 | NetInflow: 16.8 | NetOutflow: 16 | NetOverflow: 0 | State: Active
2025-02-16 10:17:01 - Resonance: 5.7 | NetInflow: 16.8 | NetOutflow: 16 | NetOverflow: 0 | State: Active
2025-02-16 10:17:01 - Resonance: 5.7 | NetInflow: 16.8 | NetOutflow: 16 | NetOverflow: 0 | State: Active
2025-02-16 10:17:01 - Resonance: 5.7 | NetInflow: 16.8 | NetOutflow: 16 | NetOverflow: 0 | State: Active
2025-02-16 10:17:01 - Resonance: 5.7 | NetInflow: 16.8 | NetOutflow: 16 | NetOverflow: 0 | State: Active
2025-02-16 10:17:01 - Resonance: 5.7 | NetInflow: 16.8 | NetOutflow: 16 | NetOverflow: 0 | State: Active
2025-02-16 10:17:01 - Resonance: 5.7 | NetInflow: 16.8 | NetOutflow: 16 | NetOverflow: 0 | State: Active
2025-02-16 10:17:01 - Resonance: 5.8 | NetInflow: 16.8 | NetOutflow: 16 | NetOverflow: 0 | State: Active
2025-02-16 10:17:01 - Resonance: 5.8 | NetInflow: 16.8 | NetOutflow: 16 | NetOverflow: 0 | State: Active
2025-02-16 10:17:01 - Resonance: 5.8 | NetInflow: 16.8 | NetOutflow: 16 | NetOverflow: 0 | State: Active
2025-02-16 10:17:01 - Resonance: 5.8 | NetInflow: 16.8 | NetOutflow: 16 | NetOverflow: 0 | State: Active
2025-02-16 10:17:01 - Resonance: 5.8 | NetInflow: 16.8 | NetOutflow: 16 | NetOverflow: 0 | State: Active
2025-02-16 10:17:01 - Resonance: 5.8 | NetInflow: 16.8 | NetOutflow: 16 | NetOverflow: 0 | State: Active
2025-02-16 10:17:01 - Resonance: 5.9 | NetInflow: 16.8 | NetOutflow: 16 | NetOverflow: 0 | State: Active
2025-02-16 10:17:01 - Resonance: 5.9 | NetInflow: 16.8 | NetOutflow: 16 | NetOverflow: 0 | State: Active
2025-02-16 10:17:01 - Resonance: 5.9 | NetInflow: 16.8 | NetOutflow: 16 | NetOverflow: 0 | State: Active
2025-02-16 10:17:01 - Resonance: 5.9 | NetInflow: 16.8 | NetOutflow: 16 | NetOverflow: 0 | State: Active
2025-02-16 10:17:01 - Resonance: 5.9 | NetInflow: 16.8 | NetOutflow: 16 | NetOverflow: 0 | State: Active
2025-02-16 10:17:01 - Resonance: 5.9 | NetInflow: 16.8 | NetOutflow: 16 | NetOverflow: 0 | State: Active
2025-02-16 10:17:01 - Resonance: 6 | NetInflow: 16.8 | NetOutflow: 16 | NetOverflow: 0 | State: Active
2025-02-16 10:17:01 - Resonance: 6 | NetInflow: 16.8 | NetOutflow: 16 | NetOverflow: 0 | State: Active
2025-02-16 10:17:01 - Resonance: 6 | NetInflow: 16.8 | NetOutflow: 16 | NetOverflow: 0 | State: Active
2025-02-16 10:17:01 - Resonance: 6 | NetInflow: 16.8 | NetOutflow: 16 | NetOverflow: 0 | State: Active
2025-02-16 10:17:01 - Resonance: 6 | NetInflow: 16.8 | NetOutflow: 16 | NetOverflow: 0 | State: Active
2025-02-16 10:17:01 - Resonance: 6 | NetInflow: 16.8 | NetOutflow: 16 | NetOverflow: 0 | State: Active
2025-02-16 10:17:01 - Resonance: 6.1 | NetInflow: 16.8 | NetOutflow: 16 | NetOverflow: 0 | State: Active
2025-02-16 10:17:01 - Resonance: 6.1 | NetInflow: 16.8 | NetOutflow: 16 | NetOverflow: 0 | State: Active
2025-02-16 10:17:01 - Resonance: 6.1 | NetInflow: 16.8 | NetOutflow: 16 | NetOverflow: 0 | State: Active
2025-02-16 10:17:01 - Resonance: 6.1 | NetInflow: 16.8 | NetOutflow: 16 | NetOverflow: 0 | State: Active
2025-02-16 10:17:01 - Resonance: 6.1 | NetInflow: 16.8 | NetOutflow: 16 | NetOverflow: 0 | State: Active
2025-02-16 10:17:01 - Resonance: 6.1 | NetInflow: 16.8 | NetOutflow: 16 | NetOverflow: 0 | State: Active
2025-02-16 10:17:01 - Resonance: 6.1 | NetInflow: 16.8 | NetOutflow: 16 | NetOverflow: 0 | State: Active
2025-02-16 10:17:01 - Resonance: 6.2 | NetInflow: 16.8 | NetOutflow: 16 | NetOverflow: 0 | State: Active
2025-02-16 10:17:01 - Resonance: 6.2 | NetInflow: 16.8 | NetOutflow: 16 | NetOverflow: 0 | State: Active
2025-02-16 10:17:01 - Resonance: 6.2 | NetInflow: 16.8 | NetOutflow: 16 | NetOverflow: 0 | State: Active
2025-02-16 10:17:01 - Resonance: 6.2 | NetInflow: 16.8 | NetOutflow: 16 | NetOverflow: 0 | State: Active
2025-02-16 10:17:01 - Resonance: 6.2 | NetInflow: 16.8 | NetOutflow: 16 | NetOverflow: 0 | State: Active
2025-02-16 10:17:01 - Resonance: 6.2 | NetInflow: 16.8 | NetOutflow: 16 | NetOverflow: 0 | State: Active
2025-02-16 10:17:01 - Resonance: 6.3 | NetInflow: 16.8 | NetOutflow: 16 | NetOverflow: 0 | State: Active
2025-02-16 10:17:01 - Resonance: 6.3 | NetInflow: 16.8 | NetOutflow: 16 | NetOverflow: 0 | State: Active
2025-02-16 10:17:01 - Resonance: 6.3 | NetInflow: 16.8 | NetOutflow: 16 | NetOverflow: 0 | State: Active
2025-02-16 10:17:01 - Resonance: 6.3 | NetInflow: 16.8 | NetOutflow: 16 | NetOverflow: 0 | State: Active
2025-02-16 10:17:01 - Resonance: 6.3 | NetInflow: 16.8 | NetOutflow: 16 | NetOverflow: 0 | State: Active
2025-02-16 10:17:01 - Resonance: 6.3 | NetInflow: 16.8 | NetOutflow: 16 | NetOverflow: 0 | State: Active
2025-02-16 10:17:01 - Pulse Index: 0 | Midi Index: 48 | Intensity: 32 | Note Name: C3
2025-02-16 10:17:01 - Pulse Index: 1 | Midi Index: 62 | Intensity: 25 | Note Name: D4
2025-02-16 10:17:01 - Pulse Index: 2 | Midi Index: 64 | Intensity: 30 | Note Name: E4
2025-02-16 10:17:01 - Pulse Index: 3 | Midi Index: 104 | Intensity: 30 | Note Name: G#/Ab7
2025-02-16 10:17:01 - Pulse Index: 4 | Midi Index: 104 | Intensity: 45 | Note Name: G#/Ab7
2025-02-16 10:17:01 - Pulse Index: 5 | Midi Index: 121 | Intensity: 23 | Note Name: C#/Db9
2025-02-16 10:17:01 - - - - Resonator Parameter: 244215 - - - 
2025-02-16 10:17:01 - OriginFrequency: 128 | OriginIntensity: 32 | MaxIdyllAmount: 16 | CriticalEffect: 0 | CriticalEffectDurationThreshold: 0 | CriticalEffectIntensity: 0
2025-02-16 10:17:01 - InflowLimit: 32 | OutflowLimit: 16 | OverflowLimit: 16
2025-02-16 10:17:01 - ID: 0 | InflowMultiplier: 1 | OutflowMultiplier: 2 | OverflowMultiplier: 1 | InflowEffect: 0 | OutflowEffect: 0 | OverflowEffect: 0
2025-02-16 10:17:01 - ID: 1 | InflowMultiplier: 1 | OutflowMultiplier: 1 | OverflowMultiplier: 1 | InflowEffect: 0 | OutflowEffect: 0 | OverflowEffect: 0
2025-02-16 10:17:01 - ID: 2 | InflowMultiplier: 5 | OutflowMultiplier: 1 | OverflowMultiplier: 1 | InflowEffect: 0 | OutflowEffect: 0 | OverflowEffect: 0
2025-02-16 10:17:01 - ID: 3 | InflowMultiplier: 1 | OutflowMultiplier: 1 | OverflowMultiplier: 4 | InflowEffect: 0 | OutflowEffect: 0 | OverflowEffect: 0
2025-02-16 10:17:01 - ID: 4 | InflowMultiplier: 1 | OutflowMultiplier: 3 | OverflowMultiplier: 1 | InflowEffect: 0 | OutflowEffect: 0 | OverflowEffect: 0
2025-02-16 10:17:01 - ID: 5 | InflowMultiplier: 1 | OutflowMultiplier: 1 | OverflowMultiplier: 1 | InflowEffect: 0 | OutflowEffect: 0 | OverflowEffect: 0
2025-02-16 10:17:01 - ID: 6 | InflowMultiplier: 3 | OutflowMultiplier: 1 | OverflowMultiplier: 1 | InflowEffect: 0 | OutflowEffect: 0 | OverflowEffect: 0
2025-02-16 10:17:01 - ID: 7 | InflowMultiplier: 1 | OutflowMultiplier: 1 | OverflowMultiplier: 1 | InflowEffect: 0 | OutflowEffect: 0 | OverflowEffect: 0
2025-02-16 10:17:01 - ID: 8 | InflowMultiplier: 1 | OutflowMultiplier: 1 | OverflowMultiplier: 1 | InflowEffect: 0 | OutflowEffect: 0 | OverflowEffect: 0
2025-02-16 10:17:01 - ID: 9 | InflowMultiplier: 1 | OutflowMultiplier: 1 | OverflowMultiplier: 1 | InflowEffect: 0 | OutflowEffect: 0 | OverflowEffect: 0
2025-02-16 10:17:01 - ID: 10 | InflowMultiplier: 1 | OutflowMultiplier: 1 | OverflowMultiplier: 1 | InflowEffect: 0 | OutflowEffect: 0 | OverflowEffect: 0
2025-02-16 10:17:01 - ID: 11 | InflowMultiplier: 1 | OutflowMultiplier: 1 | OverflowMultiplier: 1 | InflowEffect: 0 | OutflowEffect: 0 | OverflowEffect: 0
2025-02-16 10:17:01 - ID: 12 | InflowMultiplier: 1 | OutflowMultiplier: 1 | OverflowMultiplier: 1 | InflowEffect: 0 | OutflowEffect: 0 | OverflowEffect: 0
2025-02-16 10:17:01 - ID: 13 | InflowMultiplier: 1 | OutflowMultiplier: 1 | OverflowMultiplier: 1 | InflowEffect: 0 | OutflowEffect: 0 | OverflowEffect: 0
