2025-02-02 01:34:58 - Debugger session started.
2025-02-02 01:34:58 - BasilMuguet Test_1 started
2025-02-02 01:34:58 -  - - - Adding pulse number 0 with midi index 97. - - -
2025-02-02 01:34:58 - Pulse Index: 0 | Midi Index: 48 | Intensity: 32 | Note Name: C3
2025-02-02 01:34:58 - Pulse Index: 1 | Midi Index: 97 | Intensity: 52 | Note Name: C#/Db7
2025-02-02 01:34:58 - 
Logging Idyll Amount:

2025-02-02 01:34:58 - Resonance: 0.2 | NetInflow: 8 | NetOutflow: 0 | NetOverflow: 0 | State: Active
2025-02-02 01:34:58 - Resonance: 0.2 | NetInflow: 8 | NetOutflow: 8 | NetOverflow: 0 | State: Active
2025-02-02 01:34:58 - Resonance: 0.2 | NetInflow: 8 | NetOutflow: 8 | NetOverflow: 0 | State: Active
2025-02-02 01:34:58 - Resonance: 0.2 | NetInflow: 8 | NetOutflow: 8 | NetOverflow: 0 | State: Active
2025-02-02 01:34:58 - Resonance: 0.2 | NetInflow: 8 | NetOutflow: 8 | NetOverflow: 0 | State: Active
2025-02-02 01:34:58 - Resonance: 0.2 | NetInflow: 8 | NetOutflow: 8 | NetOverflow: 0 | State: Active
2025-02-02 01:34:58 - Resonance: 0.2 | NetInflow: 8 | NetOutflow: 8 | NetOverflow: 0 | State: Active
2025-02-02 01:34:58 - Resonance: 0.2 | NetInflow: 8 | NetOutflow: 8 | NetOverflow: 0 | State: Active
2025-02-02 01:34:58 - Resonance: 0.2 | NetInflow: 8 | NetOutflow: 8 | NetOverflow: 0 | State: Active
2025-02-02 01:34:58 - Resonance: 0.2 | NetInflow: 8 | NetOutflow: 8 | NetOverflow: 0 | State: Active
2025-02-02 01:34:58 - Resonance: 0.2 | NetInflow: 8 | NetOutflow: 8 | NetOverflow: 0 | State: Active
2025-02-02 01:34:58 - Resonance: 0.2 | NetInflow: 8 | NetOutflow: 8 | NetOverflow: 0 | State: Active
2025-02-02 01:34:58 - Resonance: 0.2 | NetInflow: 8 | NetOutflow: 8 | NetOverflow: 0 | State: Active
2025-02-02 01:34:58 - Resonance: 0.2 | NetInflow: 8 | NetOutflow: 8 | NetOverflow: 0 | State: Active
2025-02-02 01:34:58 - Resonance: 0.2 | NetInflow: 8 | NetOutflow: 8 | NetOverflow: 0 | State: Active
2025-02-02 01:34:58 - Resonance: 0.2 | NetInflow: 8 | NetOutflow: 8 | NetOverflow: 0 | State: Active
2025-02-02 01:34:58 - Resonance: 0.2 | NetInflow: 8 | NetOutflow: 8 | NetOverflow: 0 | State: Active
2025-02-02 01:34:58 - Resonance: 0.2 | NetInflow: 8 | NetOutflow: 8 | NetOverflow: 0 | State: Active
2025-02-02 01:34:58 - Resonance: 0.2 | NetInflow: 8 | NetOutflow: 8 | NetOverflow: 0 | State: Active
2025-02-02 01:34:58 - Resonance: 0.2 | NetInflow: 8 | NetOutflow: 8 | NetOverflow: 0 | State: Active
2025-02-02 01:34:58 - Resonance: 0.2 | NetInflow: 8 | NetOutflow: 8 | NetOverflow: 0 | State: Active
2025-02-02 01:34:58 - Resonance: 0.2 | NetInflow: 8 | NetOutflow: 8 | NetOverflow: 0 | State: Active
2025-02-02 01:34:58 - Resonance: 0.2 | NetInflow: 8 | NetOutflow: 8 | NetOverflow: 0 | State: Active
2025-02-02 01:34:58 - Resonance: 0.2 | NetInflow: 8 | NetOutflow: 8 | NetOverflow: 0 | State: Active
2025-02-02 01:34:58 - Resonance: 0.2 | NetInflow: 8 | NetOutflow: 8 | NetOverflow: 0 | State: Active
2025-02-02 01:34:58 - Resonance: 0.2 | NetInflow: 8 | NetOutflow: 8 | NetOverflow: 0 | State: Active
2025-02-02 01:34:58 - Resonance: 0.2 | NetInflow: 8 | NetOutflow: 8 | NetOverflow: 0 | State: Active
2025-02-02 01:34:58 - Resonance: 0.2 | NetInflow: 8 | NetOutflow: 8 | NetOverflow: 0 | State: Active
2025-02-02 01:34:58 - Resonance: 0.2 | NetInflow: 8 | NetOutflow: 8 | NetOverflow: 0 | State: Active
2025-02-02 01:34:58 - Resonance: 0.2 | NetInflow: 8 | NetOutflow: 8 | NetOverflow: 0 | State: Active
2025-02-02 01:34:58 - Resonance: 0.2 | NetInflow: 8 | NetOutflow: 8 | NetOverflow: 0 | State: Active
2025-02-02 01:34:58 - Resonance: 0.2 | NetInflow: 8 | NetOutflow: 8 | NetOverflow: 0 | State: Active
2025-02-02 01:34:58 - Resonance: 0.2 | NetInflow: 8 | NetOutflow: 8 | NetOverflow: 0 | State: Active
2025-02-02 01:34:58 - Resonance: 0.2 | NetInflow: 8 | NetOutflow: 8 | NetOverflow: 0 | State: Active
2025-02-02 01:34:58 - Resonance: 0.2 | NetInflow: 8 | NetOutflow: 8 | NetOverflow: 0 | State: Active
2025-02-02 01:34:58 - Resonance: 0.2 | NetInflow: 8 | NetOutflow: 8 | NetOverflow: 0 | State: Active
2025-02-02 01:34:58 - Resonance: 0.2 | NetInflow: 8 | NetOutflow: 8 | NetOverflow: 0 | State: Active
2025-02-02 01:34:58 - Resonance: 0.2 | NetInflow: 8 | NetOutflow: 8 | NetOverflow: 0 | State: Active
2025-02-02 01:34:58 - Resonance: 0.2 | NetInflow: 8 | NetOutflow: 8 | NetOverflow: 0 | State: Active
2025-02-02 01:34:58 - Resonance: 0.2 | NetInflow: 8 | NetOutflow: 8 | NetOverflow: 0 | State: Active
2025-02-02 01:34:58 - Resonance: 0.2 | NetInflow: 8 | NetOutflow: 8 | NetOverflow: 0 | State: Active
2025-02-02 01:34:58 - Resonance: 0.2 | NetInflow: 8 | NetOutflow: 8 | NetOverflow: 0 | State: Active
2025-02-02 01:34:58 - Resonance: 0.2 | NetInflow: 8 | NetOutflow: 8 | NetOverflow: 0 | State: Active
2025-02-02 01:34:58 - Resonance: 0.2 | NetInflow: 8 | NetOutflow: 8 | NetOverflow: 0 | State: Active
2025-02-02 01:34:58 - Resonance: 0.2 | NetInflow: 8 | NetOutflow: 8 | NetOverflow: 0 | State: Active
2025-02-02 01:34:58 - Resonance: 0.2 | NetInflow: 8 | NetOutflow: 8 | NetOverflow: 0 | State: Active
2025-02-02 01:34:58 - Resonance: 0.2 | NetInflow: 8 | NetOutflow: 8 | NetOverflow: 0 | State: Active
2025-02-02 01:34:58 - Resonance: 0.2 | NetInflow: 8 | NetOutflow: 8 | NetOverflow: 0 | State: Active
2025-02-02 01:34:58 - Resonance: 0.2 | NetInflow: 8 | NetOutflow: 8 | NetOverflow: 0 | State: Active
2025-02-02 01:34:58 - Resonance: 0.2 | NetInflow: 8 | NetOutflow: 8 | NetOverflow: 0 | State: Active
2025-02-02 01:34:58 -  - - - Adding pulse number 1 with midi index 86. - - -
2025-02-02 01:34:58 - Pulse Index: 0 | Midi Index: 48 | Intensity: 32 | Note Name: C3
2025-02-02 01:34:58 - Pulse Index: 1 | Midi Index: 86 | Intensity: 54 | Note Name: D6
2025-02-02 01:34:58 - Pulse Index: 2 | Midi Index: 97 | Intensity: 52 | Note Name: C#/Db7
2025-02-02 01:34:58 - 
Logging Idyll Amount:

2025-02-02 01:34:58 - Resonance: 0.2 | NetInflow: 13 | NetOutflow: 13 | NetOverflow: 0 | State: Active
2025-02-02 01:34:58 - Resonance: 0.2 | NetInflow: 13 | NetOutflow: 13 | NetOverflow: 0 | State: Active
2025-02-02 01:34:58 - Resonance: 0.2 | NetInflow: 13 | NetOutflow: 13 | NetOverflow: 0 | State: Active
2025-02-02 01:34:58 - Resonance: 0.2 | NetInflow: 13 | NetOutflow: 13 | NetOverflow: 0 | State: Active
2025-02-02 01:34:58 - Resonance: 0.2 | NetInflow: 13 | NetOutflow: 13 | NetOverflow: 0 | State: Active
2025-02-02 01:34:58 - Resonance: 0.2 | NetInflow: 13 | NetOutflow: 13 | NetOverflow: 0 | State: Active
2025-02-02 01:34:58 - Resonance: 0.2 | NetInflow: 13 | NetOutflow: 13 | NetOverflow: 0 | State: Active
2025-02-02 01:34:58 - Resonance: 0.2 | NetInflow: 13 | NetOutflow: 13 | NetOverflow: 0 | State: Active
2025-02-02 01:34:58 - Resonance: 0.2 | NetInflow: 13 | NetOutflow: 13 | NetOverflow: 0 | State: Active
2025-02-02 01:34:58 - Resonance: 0.2 | NetInflow: 13 | NetOutflow: 13 | NetOverflow: 0 | State: Active
2025-02-02 01:34:58 - Resonance: 0.2 | NetInflow: 13 | NetOutflow: 13 | NetOverflow: 0 | State: Active
2025-02-02 01:34:58 - Resonance: 0.2 | NetInflow: 13 | NetOutflow: 13 | NetOverflow: 0 | State: Active
2025-02-02 01:34:58 - Resonance: 0.2 | NetInflow: 13 | NetOutflow: 13 | NetOverflow: 0 | State: Active
2025-02-02 01:34:58 - Resonance: 0.2 | NetInflow: 13 | NetOutflow: 13 | NetOverflow: 0 | State: Active
2025-02-02 01:34:58 - Resonance: 0.2 | NetInflow: 13 | NetOutflow: 13 | NetOverflow: 0 | State: Active
2025-02-02 01:34:58 - Resonance: 0.2 | NetInflow: 13 | NetOutflow: 13 | NetOverflow: 0 | State: Active
2025-02-02 01:34:58 - Resonance: 0.2 | NetInflow: 13 | NetOutflow: 13 | NetOverflow: 0 | State: Active
2025-02-02 01:34:58 - Resonance: 0.2 | NetInflow: 13 | NetOutflow: 13 | NetOverflow: 0 | State: Active
2025-02-02 01:34:58 - Resonance: 0.2 | NetInflow: 13 | NetOutflow: 13 | NetOverflow: 0 | State: Active
2025-02-02 01:34:58 - Resonance: 0.2 | NetInflow: 13 | NetOutflow: 13 | NetOverflow: 0 | State: Active
2025-02-02 01:34:58 - Resonance: 0.2 | NetInflow: 13 | NetOutflow: 13 | NetOverflow: 0 | State: Active
2025-02-02 01:34:58 - Resonance: 0.2 | NetInflow: 13 | NetOutflow: 13 | NetOverflow: 0 | State: Active
2025-02-02 01:34:58 - Resonance: 0.2 | NetInflow: 13 | NetOutflow: 13 | NetOverflow: 0 | State: Active
2025-02-02 01:34:58 - Resonance: 0.2 | NetInflow: 13 | NetOutflow: 13 | NetOverflow: 0 | State: Active
2025-02-02 01:34:58 - Resonance: 0.2 | NetInflow: 13 | NetOutflow: 13 | NetOverflow: 0 | State: Active
2025-02-02 01:34:58 - Resonance: 0.2 | NetInflow: 13 | NetOutflow: 13 | NetOverflow: 0 | State: Active
2025-02-02 01:34:58 - Resonance: 0.2 | NetInflow: 13 | NetOutflow: 13 | NetOverflow: 0 | State: Active
2025-02-02 01:34:58 - Resonance: 0.2 | NetInflow: 13 | NetOutflow: 13 | NetOverflow: 0 | State: Active
2025-02-02 01:34:58 - Resonance: 0.2 | NetInflow: 13 | NetOutflow: 13 | NetOverflow: 0 | State: Active
2025-02-02 01:34:58 - Resonance: 0.2 | NetInflow: 13 | NetOutflow: 13 | NetOverflow: 0 | State: Active
2025-02-02 01:34:58 - Resonance: 0.2 | NetInflow: 13 | NetOutflow: 13 | NetOverflow: 0 | State: Active
2025-02-02 01:34:58 - Resonance: 0.2 | NetInflow: 13 | NetOutflow: 13 | NetOverflow: 0 | State: Active
2025-02-02 01:34:58 - Resonance: 0.2 | NetInflow: 13 | NetOutflow: 13 | NetOverflow: 0 | State: Active
2025-02-02 01:34:58 - Resonance: 0.2 | NetInflow: 13 | NetOutflow: 13 | NetOverflow: 0 | State: Active
2025-02-02 01:34:58 - Resonance: 0.2 | NetInflow: 13 | NetOutflow: 13 | NetOverflow: 0 | State: Active
2025-02-02 01:34:58 - Resonance: 0.2 | NetInflow: 13 | NetOutflow: 13 | NetOverflow: 0 | State: Active
2025-02-02 01:34:58 - Resonance: 0.2 | NetInflow: 13 | NetOutflow: 13 | NetOverflow: 0 | State: Active
2025-02-02 01:34:58 - Resonance: 0.2 | NetInflow: 13 | NetOutflow: 13 | NetOverflow: 0 | State: Active
2025-02-02 01:34:58 - Resonance: 0.2 | NetInflow: 13 | NetOutflow: 13 | NetOverflow: 0 | State: Active
2025-02-02 01:34:58 - Resonance: 0.2 | NetInflow: 13 | NetOutflow: 13 | NetOverflow: 0 | State: Active
2025-02-02 01:34:58 - Resonance: 0.2 | NetInflow: 13 | NetOutflow: 13 | NetOverflow: 0 | State: Active
2025-02-02 01:34:58 - Resonance: 0.2 | NetInflow: 13 | NetOutflow: 13 | NetOverflow: 0 | State: Active
2025-02-02 01:34:58 - Resonance: 0.2 | NetInflow: 13 | NetOutflow: 13 | NetOverflow: 0 | State: Active
2025-02-02 01:34:58 - Resonance: 0.2 | NetInflow: 13 | NetOutflow: 13 | NetOverflow: 0 | State: Active
2025-02-02 01:34:58 - Resonance: 0.2 | NetInflow: 13 | NetOutflow: 13 | NetOverflow: 0 | State: Active
2025-02-02 01:34:58 - Resonance: 0.2 | NetInflow: 13 | NetOutflow: 13 | NetOverflow: 0 | State: Active
2025-02-02 01:34:58 - Resonance: 0.2 | NetInflow: 13 | NetOutflow: 13 | NetOverflow: 0 | State: Active
2025-02-02 01:34:58 - Resonance: 0.2 | NetInflow: 13 | NetOutflow: 13 | NetOverflow: 0 | State: Active
2025-02-02 01:34:58 - Resonance: 0.2 | NetInflow: 13 | NetOutflow: 13 | NetOverflow: 0 | State: Active
2025-02-02 01:34:58 - Resonance: 0.2 | NetInflow: 13 | NetOutflow: 13 | NetOverflow: 0 | State: Active
2025-02-02 01:34:58 -  - - - Adding pulse number 2 with midi index 60. - - -
2025-02-02 01:34:58 - Pulse Index: 0 | Midi Index: 48 | Intensity: 32 | Note Name: C3
2025-02-02 01:34:58 - Pulse Index: 1 | Midi Index: 60 | Intensity: 57 | Note Name: C4
2025-02-02 01:34:58 - Pulse Index: 2 | Midi Index: 86 | Intensity: 54 | Note Name: D6
2025-02-02 01:34:58 - Pulse Index: 3 | Midi Index: 97 | Intensity: 52 | Note Name: C#/Db7
2025-02-02 01:34:58 - 
Logging Idyll Amount:

2025-02-02 01:34:58 - Resonance: 0.3 | NetInflow: 23.3 | NetOutflow: 16 | NetOverflow: 0 | State: Active
2025-02-02 01:34:58 - Resonance: 0.5 | NetInflow: 23.3 | NetOutflow: 16 | NetOverflow: 0 | State: Active
2025-02-02 01:34:58 - Resonance: 0.6 | NetInflow: 23.3 | NetOutflow: 16 | NetOverflow: 0 | State: Active
2025-02-02 01:34:58 - Resonance: 0.7 | NetInflow: 23.3 | NetOutflow: 16 | NetOverflow: 0 | State: Active
2025-02-02 01:34:58 - Resonance: 0.9 | NetInflow: 23.3 | NetOutflow: 16 | NetOverflow: 0 | State: Active
2025-02-02 01:34:58 - Resonance: 1 | NetInflow: 23.3 | NetOutflow: 16 | NetOverflow: 0 | State: Active
2025-02-02 01:34:58 - Resonance: 1.2 | NetInflow: 23.3 | NetOutflow: 16 | NetOverflow: 0 | State: Active
2025-02-02 01:34:58 - Resonance: 1.3 | NetInflow: 23.3 | NetOutflow: 16 | NetOverflow: 0 | State: Active
2025-02-02 01:34:58 - Resonance: 1.5 | NetInflow: 23.3 | NetOutflow: 16 | NetOverflow: 0 | State: Active
2025-02-02 01:34:58 - Resonance: 1.6 | NetInflow: 23.3 | NetOutflow: 16 | NetOverflow: 0 | State: Active
2025-02-02 01:34:58 - Resonance: 1.8 | NetInflow: 23.3 | NetOutflow: 16 | NetOverflow: 0 | State: Active
2025-02-02 01:34:58 - Resonance: 1.9 | NetInflow: 23.3 | NetOutflow: 16 | NetOverflow: 0 | State: Active
2025-02-02 01:34:58 - Resonance: 2.1 | NetInflow: 23.3 | NetOutflow: 16 | NetOverflow: 0 | State: Active
2025-02-02 01:34:58 - Resonance: 2.2 | NetInflow: 23.3 | NetOutflow: 16 | NetOverflow: 0 | State: Active
2025-02-02 01:34:58 - Resonance: 2.4 | NetInflow: 23.3 | NetOutflow: 16 | NetOverflow: 0 | State: Active
2025-02-02 01:34:58 - Resonance: 2.5 | NetInflow: 23.3 | NetOutflow: 16 | NetOverflow: 0 | State: Active
2025-02-02 01:34:58 - Resonance: 2.7 | NetInflow: 23.3 | NetOutflow: 16 | NetOverflow: 0 | State: Active
2025-02-02 01:34:58 - Resonance: 2.8 | NetInflow: 23.3 | NetOutflow: 16 | NetOverflow: 0 | State: Active
2025-02-02 01:34:58 - Resonance: 2.9 | NetInflow: 23.3 | NetOutflow: 16 | NetOverflow: 0 | State: Active
2025-02-02 01:34:58 - Resonance: 3.1 | NetInflow: 23.3 | NetOutflow: 16 | NetOverflow: 0 | State: Active
2025-02-02 01:34:58 - Resonance: 3.2 | NetInflow: 23.3 | NetOutflow: 16 | NetOverflow: 0 | State: Active
2025-02-02 01:34:58 - Resonance: 3.4 | NetInflow: 23.3 | NetOutflow: 16 | NetOverflow: 0 | State: Active
2025-02-02 01:34:58 - Resonance: 3.5 | NetInflow: 23.3 | NetOutflow: 16 | NetOverflow: 0 | State: Active
2025-02-02 01:34:58 - Resonance: 3.7 | NetInflow: 23.3 | NetOutflow: 16 | NetOverflow: 0 | State: Active
2025-02-02 01:34:58 - Resonance: 3.8 | NetInflow: 23.3 | NetOutflow: 16 | NetOverflow: 0 | State: Active
2025-02-02 01:34:58 - Resonance: 4 | NetInflow: 23.3 | NetOutflow: 16 | NetOverflow: 0 | State: Active
2025-02-02 01:34:58 - Resonance: 4.1 | NetInflow: 23.3 | NetOutflow: 16 | NetOverflow: 0 | State: Active
2025-02-02 01:34:58 - Resonance: 4.3 | NetInflow: 23.3 | NetOutflow: 16 | NetOverflow: 0 | State: Active
2025-02-02 01:34:58 - Resonance: 4.4 | NetInflow: 23.3 | NetOutflow: 16 | NetOverflow: 0 | State: Active
2025-02-02 01:34:58 - Resonance: 4.6 | NetInflow: 23.3 | NetOutflow: 16 | NetOverflow: 0 | State: Active
2025-02-02 01:34:58 - Resonance: 4.7 | NetInflow: 23.3 | NetOutflow: 16 | NetOverflow: 0 | State: Active
2025-02-02 01:34:58 - Resonance: 4.9 | NetInflow: 23.3 | NetOutflow: 16 | NetOverflow: 0 | State: Active
2025-02-02 01:34:58 - Resonance: 5 | NetInflow: 23.3 | NetOutflow: 16 | NetOverflow: 0 | State: Active
2025-02-02 01:34:58 - Resonance: 5.1 | NetInflow: 23.3 | NetOutflow: 16 | NetOverflow: 0 | State: Active
2025-02-02 01:34:58 - Resonance: 5.3 | NetInflow: 23.3 | NetOutflow: 16 | NetOverflow: 0 | State: Active
2025-02-02 01:34:58 - Resonance: 5.4 | NetInflow: 23.3 | NetOutflow: 16 | NetOverflow: 0 | State: Active
2025-02-02 01:34:58 - Resonance: 5.6 | NetInflow: 23.3 | NetOutflow: 16 | NetOverflow: 0 | State: Active
2025-02-02 01:34:58 - Resonance: 5.7 | NetInflow: 23.3 | NetOutflow: 16 | NetOverflow: 0 | State: Active
2025-02-02 01:34:58 - Resonance: 5.9 | NetInflow: 23.3 | NetOutflow: 16 | NetOverflow: 0 | State: Active
2025-02-02 01:34:58 - Resonance: 6 | NetInflow: 23.3 | NetOutflow: 16 | NetOverflow: 0 | State: Active
2025-02-02 01:34:58 - Resonance: 6.2 | NetInflow: 23.3 | NetOutflow: 16 | NetOverflow: 0 | State: Active
2025-02-02 01:34:58 - Resonance: 6.3 | NetInflow: 23.3 | NetOutflow: 16 | NetOverflow: 0 | State: Active
2025-02-02 01:34:58 - Resonance: 6.5 | NetInflow: 23.3 | NetOutflow: 16 | NetOverflow: 0 | State: Active
2025-02-02 01:34:58 - Resonance: 6.6 | NetInflow: 23.3 | NetOutflow: 16 | NetOverflow: 0 | State: Active
2025-02-02 01:34:58 - Resonance: 6.8 | NetInflow: 23.3 | NetOutflow: 16 | NetOverflow: 0 | State: Active
2025-02-02 01:34:58 - Resonance: 6.9 | NetInflow: 23.3 | NetOutflow: 16 | NetOverflow: 0 | State: Active
2025-02-02 01:34:58 - Resonance: 7.1 | NetInflow: 23.3 | NetOutflow: 16 | NetOverflow: 0 | State: Active
2025-02-02 01:34:58 - Resonance: 7.2 | NetInflow: 23.3 | NetOutflow: 16 | NetOverflow: 0 | State: Active
2025-02-02 01:34:58 - Resonance: 7.3 | NetInflow: 23.3 | NetOutflow: 16 | NetOverflow: 0 | State: Active
2025-02-02 01:34:58 - Resonance: 7.5 | NetInflow: 23.3 | NetOutflow: 16 | NetOverflow: 0 | State: Active
2025-02-02 01:34:58 -  - - - Adding pulse number 3 with midi index 85. - - -
2025-02-02 01:34:58 - Pulse Index: 0 | Midi Index: 48 | Intensity: 32 | Note Name: C3
2025-02-02 01:34:58 - Pulse Index: 1 | Midi Index: 60 | Intensity: 57 | Note Name: C4
2025-02-02 01:34:58 - Pulse Index: 2 | Midi Index: 85 | Intensity: 41 | Note Name: C#/Db6
2025-02-02 01:34:58 - Pulse Index: 3 | Midi Index: 86 | Intensity: 54 | Note Name: D6
2025-02-02 01:34:58 - Pulse Index: 4 | Midi Index: 97 | Intensity: 52 | Note Name: C#/Db7
2025-02-02 01:34:58 - 
Logging Idyll Amount:

2025-02-02 01:34:58 - Resonance: 7.7 | NetInflow: 26 | NetOutflow: 16 | NetOverflow: 0 | State: Active
2025-02-02 01:34:58 - Resonance: 7.9 | NetInflow: 26 | NetOutflow: 16 | NetOverflow: 0 | State: Active
2025-02-02 01:34:58 - Resonance: 8.1 | NetInflow: 26 | NetOutflow: 16 | NetOverflow: 0 | State: Active
2025-02-02 01:34:58 - Resonance: 8.3 | NetInflow: 26 | NetOutflow: 16 | NetOverflow: 0 | State: Active
2025-02-02 01:34:58 - Resonance: 8.5 | NetInflow: 26 | NetOutflow: 16 | NetOverflow: 0 | State: Active
2025-02-02 01:34:58 - Resonance: 8.7 | NetInflow: 26 | NetOutflow: 16 | NetOverflow: 0 | State: Active
2025-02-02 01:34:58 - Resonance: 8.9 | NetInflow: 26 | NetOutflow: 16 | NetOverflow: 0 | State: Active
2025-02-02 01:34:58 - Resonance: 9.1 | NetInflow: 26 | NetOutflow: 16 | NetOverflow: 0 | State: Active
2025-02-02 01:34:58 - Resonance: 9.3 | NetInflow: 26 | NetOutflow: 16 | NetOverflow: 0 | State: Active
2025-02-02 01:34:58 - Resonance: 9.5 | NetInflow: 26 | NetOutflow: 16 | NetOverflow: 0 | State: Active
2025-02-02 01:34:58 - Resonance: 9.7 | NetInflow: 26 | NetOutflow: 16 | NetOverflow: 0 | State: Active
2025-02-02 01:34:58 - Resonance: 9.9 | NetInflow: 26 | NetOutflow: 16 | NetOverflow: 0 | State: Active
2025-02-02 01:34:58 - Resonance: 10.1 | NetInflow: 26 | NetOutflow: 16 | NetOverflow: 0 | State: Active
2025-02-02 01:34:58 - Resonance: 10.3 | NetInflow: 26 | NetOutflow: 16 | NetOverflow: 0 | State: Active
2025-02-02 01:34:58 - Resonance: 10.5 | NetInflow: 26 | NetOutflow: 16 | NetOverflow: 0 | State: Active
2025-02-02 01:34:58 - Resonance: 10.7 | NetInflow: 26 | NetOutflow: 16 | NetOverflow: 0 | State: Active
2025-02-02 01:34:58 - Resonance: 10.9 | NetInflow: 26 | NetOutflow: 16 | NetOverflow: 0 | State: Active
2025-02-02 01:34:58 - Resonance: 11.1 | NetInflow: 26 | NetOutflow: 16 | NetOverflow: 0 | State: Active
2025-02-02 01:34:58 - Resonance: 11.3 | NetInflow: 26 | NetOutflow: 16 | NetOverflow: 0 | State: Active
2025-02-02 01:34:58 - Resonance: 11.5 | NetInflow: 26 | NetOutflow: 16 | NetOverflow: 0 | State: Active
2025-02-02 01:34:58 - Resonance: 11.7 | NetInflow: 26 | NetOutflow: 16 | NetOverflow: 0 | State: Active
2025-02-02 01:34:58 - Resonance: 11.9 | NetInflow: 26 | NetOutflow: 16 | NetOverflow: 0 | State: Active
2025-02-02 01:34:58 - Resonance: 12.1 | NetInflow: 26 | NetOutflow: 16 | NetOverflow: 0 | State: Active
2025-02-02 01:34:58 - Resonance: 12.3 | NetInflow: 26 | NetOutflow: 16 | NetOverflow: 0 | State: Active
2025-02-02 01:34:58 - Resonance: 12.5 | NetInflow: 26 | NetOutflow: 16 | NetOverflow: 0 | State: Active
2025-02-02 01:34:58 - Resonance: 12.7 | NetInflow: 26 | NetOutflow: 16 | NetOverflow: 0 | State: Active
2025-02-02 01:34:58 - Resonance: 12.9 | NetInflow: 26 | NetOutflow: 16 | NetOverflow: 0 | State: Active
2025-02-02 01:34:58 - Resonance: 13.1 | NetInflow: 26 | NetOutflow: 16 | NetOverflow: 0 | State: Active
2025-02-02 01:34:58 - Resonance: 13.3 | NetInflow: 26 | NetOutflow: 16 | NetOverflow: 0 | State: Active
2025-02-02 01:34:58 - Resonance: 13.5 | NetInflow: 26 | NetOutflow: 16 | NetOverflow: 0 | State: Active
2025-02-02 01:34:58 - Resonance: 13.7 | NetInflow: 26 | NetOutflow: 16 | NetOverflow: 0 | State: Active
2025-02-02 01:34:58 - Resonance: 13.9 | NetInflow: 26 | NetOutflow: 16 | NetOverflow: 0 | State: Active
2025-02-02 01:34:58 - Resonance: 14.1 | NetInflow: 26 | NetOutflow: 16 | NetOverflow: 0 | State: Active
2025-02-02 01:34:58 - Resonance: 14.3 | NetInflow: 26 | NetOutflow: 16 | NetOverflow: 0 | State: Active
2025-02-02 01:34:58 - Resonance: 14.5 | NetInflow: 26 | NetOutflow: 16 | NetOverflow: 0 | State: Active
2025-02-02 01:34:58 - Resonance: 14.7 | NetInflow: 26 | NetOutflow: 16 | NetOverflow: 0 | State: Active
2025-02-02 01:34:58 - Resonance: 14.9 | NetInflow: 26 | NetOutflow: 16 | NetOverflow: 0 | State: Active
2025-02-02 01:34:58 - Resonance: 15.1 | NetInflow: 26 | NetOutflow: 16 | NetOverflow: 0 | State: Active
2025-02-02 01:34:58 - Resonance: 15.3 | NetInflow: 26 | NetOutflow: 16 | NetOverflow: 0 | State: Active
2025-02-02 01:34:58 - Resonance: 15.5 | NetInflow: 26 | NetOutflow: 16 | NetOverflow: 0 | State: Active
2025-02-02 01:34:58 - Resonance: 15.7 | NetInflow: 26 | NetOutflow: 16 | NetOverflow: 0 | State: Active
2025-02-02 01:34:58 - Resonance: 15.9 | NetInflow: 26 | NetOutflow: 16 | NetOverflow: 0 | State: Active
2025-02-02 01:34:58 - Resonance: 16 | NetInflow: 26 | NetOutflow: 16 | NetOverflow: 4.7 | State: Overflow
2025-02-02 01:34:58 - Resonance: 16 | NetInflow: 26 | NetOutflow: 16 | NetOverflow: 10 | State: Overflow
2025-02-02 01:34:58 - Resonance: 16 | NetInflow: 26 | NetOutflow: 16 | NetOverflow: 10 | State: Overflow
2025-02-02 01:34:58 - Resonance: 16 | NetInflow: 26 | NetOutflow: 16 | NetOverflow: 10 | State: Overflow
2025-02-02 01:34:58 - Resonance: 16 | NetInflow: 26 | NetOutflow: 16 | NetOverflow: 10 | State: Overflow
2025-02-02 01:34:58 - Resonance: 16 | NetInflow: 26 | NetOutflow: 16 | NetOverflow: 10 | State: Overflow
2025-02-02 01:34:58 - Resonance: 16 | NetInflow: 26 | NetOutflow: 16 | NetOverflow: 10 | State: Overflow
2025-02-02 01:34:58 - Resonance: 16 | NetInflow: 26 | NetOutflow: 16 | NetOverflow: 10 | State: Overflow
2025-02-02 01:34:58 -  - - - Adding pulse number 4 with midi index 74. - - -
2025-02-02 01:34:58 - Pulse Index: 0 | Midi Index: 48 | Intensity: 32 | Note Name: C3
2025-02-02 01:34:58 - Pulse Index: 1 | Midi Index: 60 | Intensity: 57 | Note Name: C4
2025-02-02 01:34:58 - Pulse Index: 2 | Midi Index: 74 | Intensity: 30 | Note Name: D5
2025-02-02 01:34:58 - Pulse Index: 3 | Midi Index: 85 | Intensity: 41 | Note Name: C#/Db6
2025-02-02 01:34:58 - Pulse Index: 4 | Midi Index: 86 | Intensity: 54 | Note Name: D6
2025-02-02 01:34:58 - Pulse Index: 5 | Midi Index: 97 | Intensity: 52 | Note Name: C#/Db7
2025-02-02 01:34:58 - 
Logging Idyll Amount:

2025-02-02 01:34:58 - Resonance: 16 | NetInflow: 27.2 | NetOutflow: 16 | NetOverflow: 11.2 | State: Overflow
2025-02-02 01:34:58 - Resonance: 16 | NetInflow: 27.2 | NetOutflow: 16 | NetOverflow: 11.2 | State: Overflow
2025-02-02 01:34:58 - Resonance: 16 | NetInflow: 27.2 | NetOutflow: 16 | NetOverflow: 11.2 | State: Overflow
2025-02-02 01:34:58 - Resonance: 16 | NetInflow: 27.2 | NetOutflow: 16 | NetOverflow: 11.2 | State: Overflow
2025-02-02 01:34:58 - Resonance: 16 | NetInflow: 27.2 | NetOutflow: 16 | NetOverflow: 11.2 | State: Overflow
2025-02-02 01:34:58 - Resonance: 16 | NetInflow: 27.2 | NetOutflow: 16 | NetOverflow: 11.2 | State: Overflow
2025-02-02 01:34:58 - Resonance: 16 | NetInflow: 27.2 | NetOutflow: 16 | NetOverflow: 11.2 | State: Overflow
2025-02-02 01:34:58 - Resonance: 16 | NetInflow: 27.2 | NetOutflow: 16 | NetOverflow: 11.2 | State: Overflow
2025-02-02 01:34:58 - Resonance: 16 | NetInflow: 27.2 | NetOutflow: 16 | NetOverflow: 11.2 | State: Overflow
2025-02-02 01:34:58 - Resonance: 16 | NetInflow: 27.2 | NetOutflow: 16 | NetOverflow: 11.2 | State: Overflow
2025-02-02 01:34:58 - Resonance: 16 | NetInflow: 27.2 | NetOutflow: 16 | NetOverflow: 11.2 | State: Overflow
2025-02-02 01:34:58 - Resonance: 16 | NetInflow: 27.2 | NetOutflow: 16 | NetOverflow: 11.2 | State: Overflow
2025-02-02 01:34:58 - Resonance: 16 | NetInflow: 27.2 | NetOutflow: 16 | NetOverflow: 11.2 | State: Overflow
2025-02-02 01:34:58 - Resonance: 16 | NetInflow: 27.2 | NetOutflow: 16 | NetOverflow: 11.2 | State: Overflow
2025-02-02 01:34:58 - Resonance: 16 | NetInflow: 27.2 | NetOutflow: 16 | NetOverflow: 11.2 | State: Overflow
2025-02-02 01:34:58 - Resonance: 16 | NetInflow: 27.2 | NetOutflow: 16 | NetOverflow: 11.2 | State: Overflow
2025-02-02 01:34:58 - Resonance: 16 | NetInflow: 27.2 | NetOutflow: 16 | NetOverflow: 11.2 | State: Overflow
2025-02-02 01:34:58 - Resonance: 16 | NetInflow: 27.2 | NetOutflow: 16 | NetOverflow: 11.2 | State: Overflow
2025-02-02 01:34:58 - Resonance: 16 | NetInflow: 27.2 | NetOutflow: 16 | NetOverflow: 11.2 | State: Overflow
2025-02-02 01:34:58 - Resonance: 16 | NetInflow: 27.2 | NetOutflow: 16 | NetOverflow: 11.2 | State: Overflow
2025-02-02 01:34:58 - Resonance: 16 | NetInflow: 27.2 | NetOutflow: 16 | NetOverflow: 11.2 | State: Overflow
2025-02-02 01:34:58 - Resonance: 16 | NetInflow: 27.2 | NetOutflow: 16 | NetOverflow: 11.2 | State: Overflow
2025-02-02 01:34:58 - Resonance: 16 | NetInflow: 27.2 | NetOutflow: 16 | NetOverflow: 11.2 | State: Overflow
2025-02-02 01:34:58 - Resonance: 16 | NetInflow: 27.2 | NetOutflow: 16 | NetOverflow: 11.2 | State: Overflow
2025-02-02 01:34:58 - Resonance: 16 | NetInflow: 27.2 | NetOutflow: 16 | NetOverflow: 11.2 | State: Overflow
2025-02-02 01:34:58 - Resonance: 16 | NetInflow: 27.2 | NetOutflow: 16 | NetOverflow: 11.2 | State: Overflow
2025-02-02 01:34:58 - Resonance: 16 | NetInflow: 27.2 | NetOutflow: 16 | NetOverflow: 11.2 | State: Overflow
2025-02-02 01:34:58 - Resonance: 16 | NetInflow: 27.2 | NetOutflow: 16 | NetOverflow: 11.2 | State: Overflow
2025-02-02 01:34:58 - Resonance: 16 | NetInflow: 27.2 | NetOutflow: 16 | NetOverflow: 11.2 | State: Overflow
2025-02-02 01:34:58 - Resonance: 16 | NetInflow: 27.2 | NetOutflow: 16 | NetOverflow: 11.2 | State: Overflow
2025-02-02 01:34:58 - Resonance: 16 | NetInflow: 27.2 | NetOutflow: 16 | NetOverflow: 11.2 | State: Overflow
2025-02-02 01:34:58 - Resonance: 16 | NetInflow: 27.2 | NetOutflow: 16 | NetOverflow: 11.2 | State: Overflow
2025-02-02 01:34:58 - Resonance: 16 | NetInflow: 27.2 | NetOutflow: 16 | NetOverflow: 11.2 | State: Overflow
2025-02-02 01:34:58 - Resonance: 16 | NetInflow: 27.2 | NetOutflow: 16 | NetOverflow: 11.2 | State: Overflow
2025-02-02 01:34:58 - Resonance: 16 | NetInflow: 27.2 | NetOutflow: 16 | NetOverflow: 11.2 | State: Overflow
2025-02-02 01:34:58 - Resonance: 16 | NetInflow: 27.2 | NetOutflow: 16 | NetOverflow: 11.2 | State: Overflow
2025-02-02 01:34:58 - Resonance: 16 | NetInflow: 27.2 | NetOutflow: 16 | NetOverflow: 11.2 | State: Overflow
2025-02-02 01:34:58 - Resonance: 16 | NetInflow: 27.2 | NetOutflow: 16 | NetOverflow: 11.2 | State: Overflow
2025-02-02 01:34:58 - Resonance: 16 | NetInflow: 27.2 | NetOutflow: 16 | NetOverflow: 11.2 | State: Overflow
2025-02-02 01:34:58 - Resonance: 16 | NetInflow: 27.2 | NetOutflow: 16 | NetOverflow: 11.2 | State: Overflow
2025-02-02 01:34:58 - Resonance: 16 | NetInflow: 27.2 | NetOutflow: 16 | NetOverflow: 11.2 | State: Overflow
2025-02-02 01:34:58 - Resonance: 16 | NetInflow: 27.2 | NetOutflow: 16 | NetOverflow: 11.2 | State: Overflow
2025-02-02 01:34:58 - Resonance: 16 | NetInflow: 27.2 | NetOutflow: 16 | NetOverflow: 11.2 | State: Overflow
2025-02-02 01:34:58 - Resonance: 16 | NetInflow: 27.2 | NetOutflow: 16 | NetOverflow: 11.2 | State: Overflow
2025-02-02 01:34:58 - Resonance: 16 | NetInflow: 27.2 | NetOutflow: 16 | NetOverflow: 11.2 | State: Overflow
2025-02-02 01:34:58 - Resonance: 16 | NetInflow: 27.2 | NetOutflow: 16 | NetOverflow: 11.2 | State: Overflow
2025-02-02 01:34:58 - Resonance: 16 | NetInflow: 27.2 | NetOutflow: 16 | NetOverflow: 11.2 | State: Overflow
2025-02-02 01:34:58 - Resonance: 16 | NetInflow: 27.2 | NetOutflow: 16 | NetOverflow: 11.2 | State: Overflow
2025-02-02 01:34:58 - Resonance: 16 | NetInflow: 27.2 | NetOutflow: 16 | NetOverflow: 11.2 | State: Overflow
2025-02-02 01:34:58 - Resonance: 16 | NetInflow: 27.2 | NetOutflow: 16 | NetOverflow: 11.2 | State: Overflow
2025-02-02 01:34:58 - Pulse Index: 0 | Midi Index: 48 | Intensity: 32 | Note Name: C3
2025-02-02 01:34:58 - Pulse Index: 1 | Midi Index: 60 | Intensity: 57 | Note Name: C4
2025-02-02 01:34:58 - Pulse Index: 2 | Midi Index: 74 | Intensity: 30 | Note Name: D5
2025-02-02 01:34:58 - Pulse Index: 3 | Midi Index: 85 | Intensity: 41 | Note Name: C#/Db6
2025-02-02 01:34:58 - Pulse Index: 4 | Midi Index: 86 | Intensity: 54 | Note Name: D6
2025-02-02 01:34:58 - Pulse Index: 5 | Midi Index: 97 | Intensity: 52 | Note Name: C#/Db7
