2025-02-16 08:49:02 - Debugger session started.
2025-02-16 08:49:02 - BasilMuguet Test_1 started
2025-02-16 08:49:02 -  - - - Adding pulse number 0 with midi index 72. - - -
2025-02-16 08:49:02 - Pulse Index: 0 | Midi Index: 69 | Intensity: 32 | Note Name: A4
2025-02-16 08:49:02 - Pulse Index: 1 | Midi Index: 72 | Intensity: 24 | Note Name: C5
2025-02-16 08:49:02 - 
Logging Idyll Amount:

2025-02-16 08:49:02 - Resonance: 0 | NetInflow: 0 | NetOutflow: 0 | NetOverflow: 0 | State: Static
2025-02-16 08:49:02 - Resonance: 0 | NetInflow: 0 | NetOutflow: 0 | NetOverflow: 0 | State: Static
2025-02-16 08:49:02 - Resonance: 0 | NetInflow: 0 | NetOutflow: 0 | NetOverflow: 0 | State: Static
2025-02-16 08:49:02 - Resonance: 0 | NetInflow: 0 | NetOutflow: 0 | NetOverflow: 0 | State: Static
2025-02-16 08:49:02 - Resonance: 0 | NetInflow: 0 | NetOutflow: 0 | NetOverflow: 0 | State: Static
2025-02-16 08:49:02 - Resonance: 0 | NetInflow: 0 | NetOutflow: 0 | NetOverflow: 0 | State: Static
2025-02-16 08:49:02 - Resonance: 0 | NetInflow: 0 | NetOutflow: 0 | NetOverflow: 0 | State: Static
2025-02-16 08:49:02 - Resonance: 0 | NetInflow: 0 | NetOutflow: 0 | NetOverflow: 0 | State: Static
2025-02-16 08:49:02 - Resonance: 0 | NetInflow: 0 | NetOutflow: 0 | NetOverflow: 0 | State: Static
2025-02-16 08:49:02 - Resonance: 0 | NetInflow: 0 | NetOutflow: 0 | NetOverflow: 0 | State: Static
2025-02-16 08:49:02 - Resonance: 0 | NetInflow: 0 | NetOutflow: 0 | NetOverflow: 0 | State: Static
2025-02-16 08:49:02 - Resonance: 0 | NetInflow: 0 | NetOutflow: 0 | NetOverflow: 0 | State: Static
2025-02-16 08:49:02 - Resonance: 0 | NetInflow: 0 | NetOutflow: 0 | NetOverflow: 0 | State: Static
2025-02-16 08:49:02 - Resonance: 0 | NetInflow: 0 | NetOutflow: 0 | NetOverflow: 0 | State: Static
2025-02-16 08:49:02 - Resonance: 0 | NetInflow: 0 | NetOutflow: 0 | NetOverflow: 0 | State: Static
2025-02-16 08:49:02 - Resonance: 0 | NetInflow: 0 | NetOutflow: 0 | NetOverflow: 0 | State: Static
2025-02-16 08:49:02 - Resonance: 0 | NetInflow: 0 | NetOutflow: 0 | NetOverflow: 0 | State: Static
2025-02-16 08:49:02 - Resonance: 0 | NetInflow: 0 | NetOutflow: 0 | NetOverflow: 0 | State: Static
2025-02-16 08:49:02 - Resonance: 0 | NetInflow: 0 | NetOutflow: 0 | NetOverflow: 0 | State: Static
2025-02-16 08:49:02 - Resonance: 0 | NetInflow: 0 | NetOutflow: 0 | NetOverflow: 0 | State: Static
2025-02-16 08:49:02 - Resonance: 0 | NetInflow: 0 | NetOutflow: 0 | NetOverflow: 0 | State: Static
2025-02-16 08:49:02 - Resonance: 0 | NetInflow: 0 | NetOutflow: 0 | NetOverflow: 0 | State: Static
2025-02-16 08:49:02 - Resonance: 0 | NetInflow: 0 | NetOutflow: 0 | NetOverflow: 0 | State: Static
2025-02-16 08:49:02 - Resonance: 0 | NetInflow: 0 | NetOutflow: 0 | NetOverflow: 0 | State: Static
2025-02-16 08:49:02 - Resonance: 0 | NetInflow: 0 | NetOutflow: 0 | NetOverflow: 0 | State: Static
2025-02-16 08:49:02 - Resonance: 0 | NetInflow: 0 | NetOutflow: 0 | NetOverflow: 0 | State: Static
2025-02-16 08:49:02 - Resonance: 0 | NetInflow: 0 | NetOutflow: 0 | NetOverflow: 0 | State: Static
2025-02-16 08:49:02 - Resonance: 0 | NetInflow: 0 | NetOutflow: 0 | NetOverflow: 0 | State: Static
2025-02-16 08:49:02 - Resonance: 0 | NetInflow: 0 | NetOutflow: 0 | NetOverflow: 0 | State: Static
2025-02-16 08:49:02 - Resonance: 0 | NetInflow: 0 | NetOutflow: 0 | NetOverflow: 0 | State: Static
2025-02-16 08:49:02 - Resonance: 0 | NetInflow: 0 | NetOutflow: 0 | NetOverflow: 0 | State: Static
2025-02-16 08:49:02 - Resonance: 0 | NetInflow: 0 | NetOutflow: 0 | NetOverflow: 0 | State: Static
2025-02-16 08:49:02 - Resonance: 0 | NetInflow: 0 | NetOutflow: 0 | NetOverflow: 0 | State: Static
2025-02-16 08:49:02 - Resonance: 0 | NetInflow: 0 | NetOutflow: 0 | NetOverflow: 0 | State: Static
2025-02-16 08:49:02 - Resonance: 0 | NetInflow: 0 | NetOutflow: 0 | NetOverflow: 0 | State: Static
2025-02-16 08:49:02 - Resonance: 0 | NetInflow: 0 | NetOutflow: 0 | NetOverflow: 0 | State: Static
2025-02-16 08:49:02 - Resonance: 0 | NetInflow: 0 | NetOutflow: 0 | NetOverflow: 0 | State: Static
2025-02-16 08:49:02 - Resonance: 0 | NetInflow: 0 | NetOutflow: 0 | NetOverflow: 0 | State: Static
2025-02-16 08:49:02 - Resonance: 0 | NetInflow: 0 | NetOutflow: 0 | NetOverflow: 0 | State: Static
2025-02-16 08:49:02 - Resonance: 0 | NetInflow: 0 | NetOutflow: 0 | NetOverflow: 0 | State: Static
2025-02-16 08:49:02 - Resonance: 0 | NetInflow: 0 | NetOutflow: 0 | NetOverflow: 0 | State: Static
2025-02-16 08:49:02 - Resonance: 0 | NetInflow: 0 | NetOutflow: 0 | NetOverflow: 0 | State: Static
2025-02-16 08:49:02 - Resonance: 0 | NetInflow: 0 | NetOutflow: 0 | NetOverflow: 0 | State: Static
2025-02-16 08:49:02 - Resonance: 0 | NetInflow: 0 | NetOutflow: 0 | NetOverflow: 0 | State: Static
2025-02-16 08:49:02 - Resonance: 0 | NetInflow: 0 | NetOutflow: 0 | NetOverflow: 0 | State: Static
2025-02-16 08:49:02 - Resonance: 0 | NetInflow: 0 | NetOutflow: 0 | NetOverflow: 0 | State: Static
2025-02-16 08:49:02 - Resonance: 0 | NetInflow: 0 | NetOutflow: 0 | NetOverflow: 0 | State: Static
2025-02-16 08:49:02 - Resonance: 0 | NetInflow: 0 | NetOutflow: 0 | NetOverflow: 0 | State: Static
2025-02-16 08:49:02 - Resonance: 0 | NetInflow: 0 | NetOutflow: 0 | NetOverflow: 0 | State: Static
2025-02-16 08:49:02 - Resonance: 0 | NetInflow: 0 | NetOutflow: 0 | NetOverflow: 0 | State: Static
2025-02-16 08:49:02 -  - - - Adding pulse number 1 with midi index 110. - - -
2025-02-16 08:49:02 - Pulse Index: 0 | Midi Index: 69 | Intensity: 32 | Note Name: A4
2025-02-16 08:49:02 - Pulse Index: 1 | Midi Index: 72 | Intensity: 24 | Note Name: C5
2025-02-16 08:49:02 - Pulse Index: 2 | Midi Index: 110 | Intensity: 39 | Note Name: D8
2025-02-16 08:49:02 - 
Logging Idyll Amount:

2025-02-16 08:49:02 - Resonance: 0 | NetInflow: 1 | NetOutflow: 0 | NetOverflow: 0 | State: Active
2025-02-16 08:49:02 - Resonance: 0 | NetInflow: 1 | NetOutflow: 1 | NetOverflow: 0 | State: Active
2025-02-16 08:49:02 - Resonance: 0 | NetInflow: 1 | NetOutflow: 1 | NetOverflow: 0 | State: Active
2025-02-16 08:49:02 - Resonance: 0 | NetInflow: 1 | NetOutflow: 1 | NetOverflow: 0 | State: Active
2025-02-16 08:49:02 - Resonance: 0 | NetInflow: 1 | NetOutflow: 1 | NetOverflow: 0 | State: Active
2025-02-16 08:49:02 - Resonance: 0 | NetInflow: 1 | NetOutflow: 1 | NetOverflow: 0 | State: Active
2025-02-16 08:49:02 - Resonance: 0 | NetInflow: 1 | NetOutflow: 1 | NetOverflow: 0 | State: Active
2025-02-16 08:49:02 - Resonance: 0 | NetInflow: 1 | NetOutflow: 1 | NetOverflow: 0 | State: Active
2025-02-16 08:49:02 - Resonance: 0 | NetInflow: 1 | NetOutflow: 1 | NetOverflow: 0 | State: Active
2025-02-16 08:49:02 - Resonance: 0 | NetInflow: 1 | NetOutflow: 1 | NetOverflow: 0 | State: Active
2025-02-16 08:49:02 - Resonance: 0 | NetInflow: 1 | NetOutflow: 1 | NetOverflow: 0 | State: Active
2025-02-16 08:49:02 - Resonance: 0 | NetInflow: 1 | NetOutflow: 1 | NetOverflow: 0 | State: Active
2025-02-16 08:49:02 - Resonance: 0 | NetInflow: 1 | NetOutflow: 1 | NetOverflow: 0 | State: Active
2025-02-16 08:49:02 - Resonance: 0 | NetInflow: 1 | NetOutflow: 1 | NetOverflow: 0 | State: Active
2025-02-16 08:49:02 - Resonance: 0 | NetInflow: 1 | NetOutflow: 1 | NetOverflow: 0 | State: Active
2025-02-16 08:49:02 - Resonance: 0 | NetInflow: 1 | NetOutflow: 1 | NetOverflow: 0 | State: Active
2025-02-16 08:49:02 - Resonance: 0 | NetInflow: 1 | NetOutflow: 1 | NetOverflow: 0 | State: Active
2025-02-16 08:49:02 - Resonance: 0 | NetInflow: 1 | NetOutflow: 1 | NetOverflow: 0 | State: Active
2025-02-16 08:49:02 - Resonance: 0 | NetInflow: 1 | NetOutflow: 1 | NetOverflow: 0 | State: Active
2025-02-16 08:49:02 - Resonance: 0 | NetInflow: 1 | NetOutflow: 1 | NetOverflow: 0 | State: Active
2025-02-16 08:49:02 - Resonance: 0 | NetInflow: 1 | NetOutflow: 1 | NetOverflow: 0 | State: Active
2025-02-16 08:49:02 - Resonance: 0 | NetInflow: 1 | NetOutflow: 1 | NetOverflow: 0 | State: Active
2025-02-16 08:49:02 - Resonance: 0 | NetInflow: 1 | NetOutflow: 1 | NetOverflow: 0 | State: Active
2025-02-16 08:49:02 - Resonance: 0 | NetInflow: 1 | NetOutflow: 1 | NetOverflow: 0 | State: Active
2025-02-16 08:49:02 - Resonance: 0 | NetInflow: 1 | NetOutflow: 1 | NetOverflow: 0 | State: Active
2025-02-16 08:49:02 - Resonance: 0 | NetInflow: 1 | NetOutflow: 1 | NetOverflow: 0 | State: Active
2025-02-16 08:49:02 - Resonance: 0 | NetInflow: 1 | NetOutflow: 1 | NetOverflow: 0 | State: Active
2025-02-16 08:49:02 - Resonance: 0 | NetInflow: 1 | NetOutflow: 1 | NetOverflow: 0 | State: Active
2025-02-16 08:49:02 - Resonance: 0 | NetInflow: 1 | NetOutflow: 1 | NetOverflow: 0 | State: Active
2025-02-16 08:49:02 - Resonance: 0 | NetInflow: 1 | NetOutflow: 1 | NetOverflow: 0 | State: Active
2025-02-16 08:49:02 - Resonance: 0 | NetInflow: 1 | NetOutflow: 1 | NetOverflow: 0 | State: Active
2025-02-16 08:49:02 - Resonance: 0 | NetInflow: 1 | NetOutflow: 1 | NetOverflow: 0 | State: Active
2025-02-16 08:49:02 - Resonance: 0 | NetInflow: 1 | NetOutflow: 1 | NetOverflow: 0 | State: Active
2025-02-16 08:49:02 - Resonance: 0 | NetInflow: 1 | NetOutflow: 1 | NetOverflow: 0 | State: Active
2025-02-16 08:49:02 - Resonance: 0 | NetInflow: 1 | NetOutflow: 1 | NetOverflow: 0 | State: Active
2025-02-16 08:49:02 - Resonance: 0 | NetInflow: 1 | NetOutflow: 1 | NetOverflow: 0 | State: Active
2025-02-16 08:49:02 - Resonance: 0 | NetInflow: 1 | NetOutflow: 1 | NetOverflow: 0 | State: Active
2025-02-16 08:49:02 - Resonance: 0 | NetInflow: 1 | NetOutflow: 1 | NetOverflow: 0 | State: Active
2025-02-16 08:49:02 - Resonance: 0 | NetInflow: 1 | NetOutflow: 1 | NetOverflow: 0 | State: Active
2025-02-16 08:49:02 - Resonance: 0 | NetInflow: 1 | NetOutflow: 1 | NetOverflow: 0 | State: Active
2025-02-16 08:49:02 - Resonance: 0 | NetInflow: 1 | NetOutflow: 1 | NetOverflow: 0 | State: Active
2025-02-16 08:49:02 - Resonance: 0 | NetInflow: 1 | NetOutflow: 1 | NetOverflow: 0 | State: Active
2025-02-16 08:49:02 - Resonance: 0 | NetInflow: 1 | NetOutflow: 1 | NetOverflow: 0 | State: Active
2025-02-16 08:49:02 - Resonance: 0 | NetInflow: 1 | NetOutflow: 1 | NetOverflow: 0 | State: Active
2025-02-16 08:49:02 - Resonance: 0 | NetInflow: 1 | NetOutflow: 1 | NetOverflow: 0 | State: Active
2025-02-16 08:49:02 - Resonance: 0 | NetInflow: 1 | NetOutflow: 1 | NetOverflow: 0 | State: Active
2025-02-16 08:49:02 - Resonance: 0 | NetInflow: 1 | NetOutflow: 1 | NetOverflow: 0 | State: Active
2025-02-16 08:49:02 - Resonance: 0 | NetInflow: 1 | NetOutflow: 1 | NetOverflow: 0 | State: Active
2025-02-16 08:49:02 - Resonance: 0 | NetInflow: 1 | NetOutflow: 1 | NetOverflow: 0 | State: Active
2025-02-16 08:49:02 - Resonance: 0 | NetInflow: 1 | NetOutflow: 1 | NetOverflow: 0 | State: Active
2025-02-16 08:49:02 -  - - - Adding pulse number 2 with midi index 92. - - -
2025-02-16 08:49:02 - Pulse Index: 0 | Midi Index: 69 | Intensity: 32 | Note Name: A4
2025-02-16 08:49:02 - Pulse Index: 1 | Midi Index: 72 | Intensity: 24 | Note Name: C5
2025-02-16 08:49:02 - Pulse Index: 2 | Midi Index: 92 | Intensity: 29 | Note Name: G#/Ab6
2025-02-16 08:49:02 - Pulse Index: 3 | Midi Index: 110 | Intensity: 39 | Note Name: D8
2025-02-16 08:49:02 - 
Logging Idyll Amount:

2025-02-16 08:49:02 - Resonance: 0 | NetInflow: 4 | NetOutflow: 4 | NetOverflow: 0 | State: Active
2025-02-16 08:49:02 - Resonance: 0 | NetInflow: 4 | NetOutflow: 4 | NetOverflow: 0 | State: Active
2025-02-16 08:49:02 - Resonance: 0 | NetInflow: 4 | NetOutflow: 4 | NetOverflow: 0 | State: Active
2025-02-16 08:49:02 - Resonance: 0 | NetInflow: 4 | NetOutflow: 4 | NetOverflow: 0 | State: Active
2025-02-16 08:49:02 - Resonance: 0 | NetInflow: 4 | NetOutflow: 4 | NetOverflow: 0 | State: Active
2025-02-16 08:49:02 - Resonance: 0 | NetInflow: 4 | NetOutflow: 4 | NetOverflow: 0 | State: Active
2025-02-16 08:49:02 - Resonance: 0 | NetInflow: 4 | NetOutflow: 4 | NetOverflow: 0 | State: Active
2025-02-16 08:49:02 - Resonance: 0 | NetInflow: 4 | NetOutflow: 4 | NetOverflow: 0 | State: Active
2025-02-16 08:49:02 - Resonance: 0 | NetInflow: 4 | NetOutflow: 4 | NetOverflow: 0 | State: Active
2025-02-16 08:49:02 - Resonance: 0 | NetInflow: 4 | NetOutflow: 4 | NetOverflow: 0 | State: Active
2025-02-16 08:49:02 - Resonance: 0 | NetInflow: 4 | NetOutflow: 4 | NetOverflow: 0 | State: Active
2025-02-16 08:49:02 - Resonance: 0 | NetInflow: 4 | NetOutflow: 4 | NetOverflow: 0 | State: Active
2025-02-16 08:49:03 - Resonance: 0 | NetInflow: 4 | NetOutflow: 4 | NetOverflow: 0 | State: Active
2025-02-16 08:49:03 - Resonance: 0 | NetInflow: 4 | NetOutflow: 4 | NetOverflow: 0 | State: Active
2025-02-16 08:49:03 - Resonance: 0 | NetInflow: 4 | NetOutflow: 4 | NetOverflow: 0 | State: Active
2025-02-16 08:49:03 - Resonance: 0 | NetInflow: 4 | NetOutflow: 4 | NetOverflow: 0 | State: Active
2025-02-16 08:49:03 - Resonance: 0 | NetInflow: 4 | NetOutflow: 4 | NetOverflow: 0 | State: Active
2025-02-16 08:49:03 - Resonance: 0 | NetInflow: 4 | NetOutflow: 4 | NetOverflow: 0 | State: Active
2025-02-16 08:49:03 - Resonance: 0 | NetInflow: 4 | NetOutflow: 4 | NetOverflow: 0 | State: Active
2025-02-16 08:49:03 - Resonance: 0 | NetInflow: 4 | NetOutflow: 4 | NetOverflow: 0 | State: Active
2025-02-16 08:49:03 - Resonance: 0 | NetInflow: 4 | NetOutflow: 4 | NetOverflow: 0 | State: Active
2025-02-16 08:49:03 - Resonance: 0 | NetInflow: 4 | NetOutflow: 4 | NetOverflow: 0 | State: Active
2025-02-16 08:49:03 - Resonance: 0 | NetInflow: 4 | NetOutflow: 4 | NetOverflow: 0 | State: Active
2025-02-16 08:49:03 - Resonance: 0 | NetInflow: 4 | NetOutflow: 4 | NetOverflow: 0 | State: Active
2025-02-16 08:49:03 - Resonance: 0 | NetInflow: 4 | NetOutflow: 4 | NetOverflow: 0 | State: Active
2025-02-16 08:49:03 - Resonance: 0 | NetInflow: 4 | NetOutflow: 4 | NetOverflow: 0 | State: Active
2025-02-16 08:49:03 - Resonance: 0 | NetInflow: 4 | NetOutflow: 4 | NetOverflow: 0 | State: Active
2025-02-16 08:49:03 - Resonance: 0 | NetInflow: 4 | NetOutflow: 4 | NetOverflow: 0 | State: Active
2025-02-16 08:49:03 - Resonance: 0 | NetInflow: 4 | NetOutflow: 4 | NetOverflow: 0 | State: Active
2025-02-16 08:49:03 - Resonance: 0 | NetInflow: 4 | NetOutflow: 4 | NetOverflow: 0 | State: Active
2025-02-16 08:49:03 - Resonance: 0 | NetInflow: 4 | NetOutflow: 4 | NetOverflow: 0 | State: Active
2025-02-16 08:49:03 - Resonance: 0 | NetInflow: 4 | NetOutflow: 4 | NetOverflow: 0 | State: Active
2025-02-16 08:49:03 - Resonance: 0 | NetInflow: 4 | NetOutflow: 4 | NetOverflow: 0 | State: Active
2025-02-16 08:49:03 - Resonance: 0 | NetInflow: 4 | NetOutflow: 4 | NetOverflow: 0 | State: Active
2025-02-16 08:49:03 - Resonance: 0 | NetInflow: 4 | NetOutflow: 4 | NetOverflow: 0 | State: Active
2025-02-16 08:49:03 - Resonance: 0 | NetInflow: 4 | NetOutflow: 4 | NetOverflow: 0 | State: Active
2025-02-16 08:49:03 - Resonance: 0 | NetInflow: 4 | NetOutflow: 4 | NetOverflow: 0 | State: Active
2025-02-16 08:49:03 - Resonance: 0 | NetInflow: 4 | NetOutflow: 4 | NetOverflow: 0 | State: Active
2025-02-16 08:49:03 - Resonance: 0 | NetInflow: 4 | NetOutflow: 4 | NetOverflow: 0 | State: Active
2025-02-16 08:49:03 - Resonance: 0 | NetInflow: 4 | NetOutflow: 4 | NetOverflow: 0 | State: Active
2025-02-16 08:49:03 - Resonance: 0 | NetInflow: 4 | NetOutflow: 4 | NetOverflow: 0 | State: Active
2025-02-16 08:49:03 - Resonance: 0 | NetInflow: 4 | NetOutflow: 4 | NetOverflow: 0 | State: Active
2025-02-16 08:49:03 - Resonance: 0 | NetInflow: 4 | NetOutflow: 4 | NetOverflow: 0 | State: Active
2025-02-16 08:49:03 - Resonance: 0 | NetInflow: 4 | NetOutflow: 4 | NetOverflow: 0 | State: Active
2025-02-16 08:49:03 - Resonance: 0 | NetInflow: 4 | NetOutflow: 4 | NetOverflow: 0 | State: Active
2025-02-16 08:49:03 - Resonance: 0 | NetInflow: 4 | NetOutflow: 4 | NetOverflow: 0 | State: Active
2025-02-16 08:49:03 - Resonance: 0 | NetInflow: 4 | NetOutflow: 4 | NetOverflow: 0 | State: Active
2025-02-16 08:49:03 - Resonance: 0 | NetInflow: 4 | NetOutflow: 4 | NetOverflow: 0 | State: Active
2025-02-16 08:49:03 - Resonance: 0 | NetInflow: 4 | NetOutflow: 4 | NetOverflow: 0 | State: Active
2025-02-16 08:49:03 - Resonance: 0 | NetInflow: 4 | NetOutflow: 4 | NetOverflow: 0 | State: Active
2025-02-16 08:49:03 -  - - - Adding pulse number 3 with midi index 111. - - -
2025-02-16 08:49:03 - Pulse Index: 0 | Midi Index: 69 | Intensity: 32 | Note Name: A4
2025-02-16 08:49:03 - Pulse Index: 1 | Midi Index: 72 | Intensity: 24 | Note Name: C5
2025-02-16 08:49:03 - Pulse Index: 2 | Midi Index: 92 | Intensity: 29 | Note Name: G#/Ab6
2025-02-16 08:49:03 - Pulse Index: 3 | Midi Index: 110 | Intensity: 39 | Note Name: D8
2025-02-16 08:49:03 - Pulse Index: 4 | Midi Index: 111 | Intensity: 55 | Note Name: D#/Eb8
2025-02-16 08:49:03 - 
Logging Idyll Amount:

2025-02-16 08:49:03 - Resonance: 0 | NetInflow: 11 | NetOutflow: 11 | NetOverflow: 0 | State: Active
2025-02-16 08:49:03 - Resonance: 0 | NetInflow: 11 | NetOutflow: 11 | NetOverflow: 0 | State: Active
2025-02-16 08:49:03 - Resonance: 0 | NetInflow: 11 | NetOutflow: 11 | NetOverflow: 0 | State: Active
2025-02-16 08:49:03 - Resonance: 0 | NetInflow: 11 | NetOutflow: 11 | NetOverflow: 0 | State: Active
2025-02-16 08:49:03 - Resonance: 0 | NetInflow: 11 | NetOutflow: 11 | NetOverflow: 0 | State: Active
2025-02-16 08:49:03 - Resonance: 0 | NetInflow: 11 | NetOutflow: 11 | NetOverflow: 0 | State: Active
2025-02-16 08:49:03 - Resonance: 0 | NetInflow: 11 | NetOutflow: 11 | NetOverflow: 0 | State: Active
2025-02-16 08:49:03 - Resonance: 0 | NetInflow: 11 | NetOutflow: 11 | NetOverflow: 0 | State: Active
2025-02-16 08:49:03 - Resonance: 0 | NetInflow: 11 | NetOutflow: 11 | NetOverflow: 0 | State: Active
2025-02-16 08:49:03 - Resonance: 0 | NetInflow: 11 | NetOutflow: 11 | NetOverflow: 0 | State: Active
2025-02-16 08:49:03 - Resonance: 0 | NetInflow: 11 | NetOutflow: 11 | NetOverflow: 0 | State: Active
2025-02-16 08:49:03 - Resonance: 0 | NetInflow: 11 | NetOutflow: 11 | NetOverflow: 0 | State: Active
2025-02-16 08:49:03 - Resonance: 0 | NetInflow: 11 | NetOutflow: 11 | NetOverflow: 0 | State: Active
2025-02-16 08:49:03 - Resonance: 0 | NetInflow: 11 | NetOutflow: 11 | NetOverflow: 0 | State: Active
2025-02-16 08:49:03 - Resonance: 0 | NetInflow: 11 | NetOutflow: 11 | NetOverflow: 0 | State: Active
2025-02-16 08:49:03 - Resonance: 0 | NetInflow: 11 | NetOutflow: 11 | NetOverflow: 0 | State: Active
2025-02-16 08:49:03 - Resonance: 0 | NetInflow: 11 | NetOutflow: 11 | NetOverflow: 0 | State: Active
2025-02-16 08:49:03 - Resonance: 0 | NetInflow: 11 | NetOutflow: 11 | NetOverflow: 0 | State: Active
2025-02-16 08:49:03 - Resonance: 0 | NetInflow: 11 | NetOutflow: 11 | NetOverflow: 0 | State: Active
2025-02-16 08:49:03 - Resonance: 0 | NetInflow: 11 | NetOutflow: 11 | NetOverflow: 0 | State: Active
2025-02-16 08:49:03 - Resonance: 0 | NetInflow: 11 | NetOutflow: 11 | NetOverflow: 0 | State: Active
2025-02-16 08:49:03 - Resonance: 0 | NetInflow: 11 | NetOutflow: 11 | NetOverflow: 0 | State: Active
2025-02-16 08:49:03 - Resonance: 0 | NetInflow: 11 | NetOutflow: 11 | NetOverflow: 0 | State: Active
2025-02-16 08:49:03 - Resonance: 0 | NetInflow: 11 | NetOutflow: 11 | NetOverflow: 0 | State: Active
2025-02-16 08:49:03 - Resonance: 0 | NetInflow: 11 | NetOutflow: 11 | NetOverflow: 0 | State: Active
2025-02-16 08:49:03 - Resonance: 0 | NetInflow: 11 | NetOutflow: 11 | NetOverflow: 0 | State: Active
2025-02-16 08:49:03 - Resonance: 0 | NetInflow: 11 | NetOutflow: 11 | NetOverflow: 0 | State: Active
2025-02-16 08:49:03 - Resonance: 0 | NetInflow: 11 | NetOutflow: 11 | NetOverflow: 0 | State: Active
2025-02-16 08:49:03 - Resonance: 0 | NetInflow: 11 | NetOutflow: 11 | NetOverflow: 0 | State: Active
2025-02-16 08:49:03 - Resonance: 0 | NetInflow: 11 | NetOutflow: 11 | NetOverflow: 0 | State: Active
2025-02-16 08:49:03 - Resonance: 0 | NetInflow: 11 | NetOutflow: 11 | NetOverflow: 0 | State: Active
2025-02-16 08:49:03 - Resonance: 0 | NetInflow: 11 | NetOutflow: 11 | NetOverflow: 0 | State: Active
2025-02-16 08:49:03 - Resonance: 0 | NetInflow: 11 | NetOutflow: 11 | NetOverflow: 0 | State: Active
2025-02-16 08:49:03 - Resonance: 0 | NetInflow: 11 | NetOutflow: 11 | NetOverflow: 0 | State: Active
2025-02-16 08:49:03 - Resonance: 0 | NetInflow: 11 | NetOutflow: 11 | NetOverflow: 0 | State: Active
2025-02-16 08:49:03 - Resonance: 0 | NetInflow: 11 | NetOutflow: 11 | NetOverflow: 0 | State: Active
2025-02-16 08:49:03 - Resonance: 0 | NetInflow: 11 | NetOutflow: 11 | NetOverflow: 0 | State: Active
2025-02-16 08:49:03 - Resonance: 0 | NetInflow: 11 | NetOutflow: 11 | NetOverflow: 0 | State: Active
2025-02-16 08:49:03 - Resonance: 0 | NetInflow: 11 | NetOutflow: 11 | NetOverflow: 0 | State: Active
2025-02-16 08:49:03 - Resonance: 0 | NetInflow: 11 | NetOutflow: 11 | NetOverflow: 0 | State: Active
2025-02-16 08:49:03 - Resonance: 0 | NetInflow: 11 | NetOutflow: 11 | NetOverflow: 0 | State: Active
2025-02-16 08:49:03 - Resonance: 0 | NetInflow: 11 | NetOutflow: 11 | NetOverflow: 0 | State: Active
2025-02-16 08:49:03 - Resonance: 0 | NetInflow: 11 | NetOutflow: 11 | NetOverflow: 0 | State: Active
2025-02-16 08:49:03 - Resonance: 0 | NetInflow: 11 | NetOutflow: 11 | NetOverflow: 0 | State: Active
2025-02-16 08:49:03 - Resonance: 0 | NetInflow: 11 | NetOutflow: 11 | NetOverflow: 0 | State: Active
2025-02-16 08:49:03 - Resonance: 0 | NetInflow: 11 | NetOutflow: 11 | NetOverflow: 0 | State: Active
2025-02-16 08:49:03 - Resonance: 0 | NetInflow: 11 | NetOutflow: 11 | NetOverflow: 0 | State: Active
2025-02-16 08:49:03 - Resonance: 0 | NetInflow: 11 | NetOutflow: 11 | NetOverflow: 0 | State: Active
2025-02-16 08:49:03 - Resonance: 0 | NetInflow: 11 | NetOutflow: 11 | NetOverflow: 0 | State: Active
2025-02-16 08:49:03 - Resonance: 0 | NetInflow: 11 | NetOutflow: 11 | NetOverflow: 0 | State: Active
2025-02-16 08:49:03 -  - - - Adding pulse number 4 with midi index 87. - - -
2025-02-16 08:49:03 - Pulse Index: 0 | Midi Index: 69 | Intensity: 32 | Note Name: A4
2025-02-16 08:49:03 - Pulse Index: 1 | Midi Index: 72 | Intensity: 24 | Note Name: C5
2025-02-16 08:49:03 - Pulse Index: 2 | Midi Index: 87 | Intensity: 35 | Note Name: D#/Eb6
2025-02-16 08:49:03 - Pulse Index: 3 | Midi Index: 92 | Intensity: 29 | Note Name: G#/Ab6
2025-02-16 08:49:03 - Pulse Index: 4 | Midi Index: 110 | Intensity: 39 | Note Name: D8
2025-02-16 08:49:03 - Pulse Index: 5 | Midi Index: 111 | Intensity: 55 | Note Name: D#/Eb8
2025-02-16 08:49:03 - 
Logging Idyll Amount:

2025-02-16 08:49:03 - Resonance: 0 | NetInflow: 12.8 | NetOutflow: 12.8 | NetOverflow: 0 | State: Active
2025-02-16 08:49:03 - Resonance: 0 | NetInflow: 12.8 | NetOutflow: 12.8 | NetOverflow: 0 | State: Active
2025-02-16 08:49:03 - Resonance: 0 | NetInflow: 12.8 | NetOutflow: 12.8 | NetOverflow: 0 | State: Active
2025-02-16 08:49:03 - Resonance: 0 | NetInflow: 12.8 | NetOutflow: 12.8 | NetOverflow: 0 | State: Active
2025-02-16 08:49:03 - Resonance: 0 | NetInflow: 12.8 | NetOutflow: 12.8 | NetOverflow: 0 | State: Active
2025-02-16 08:49:03 - Resonance: 0 | NetInflow: 12.8 | NetOutflow: 12.8 | NetOverflow: 0 | State: Active
2025-02-16 08:49:03 - Resonance: 0 | NetInflow: 12.8 | NetOutflow: 12.8 | NetOverflow: 0 | State: Active
2025-02-16 08:49:03 - Resonance: 0 | NetInflow: 12.8 | NetOutflow: 12.8 | NetOverflow: 0 | State: Active
2025-02-16 08:49:03 - Resonance: 0 | NetInflow: 12.8 | NetOutflow: 12.8 | NetOverflow: 0 | State: Active
2025-02-16 08:49:03 - Resonance: 0 | NetInflow: 12.8 | NetOutflow: 12.8 | NetOverflow: 0 | State: Active
2025-02-16 08:49:03 - Resonance: 0 | NetInflow: 12.8 | NetOutflow: 12.8 | NetOverflow: 0 | State: Active
2025-02-16 08:49:03 - Resonance: 0 | NetInflow: 12.8 | NetOutflow: 12.8 | NetOverflow: 0 | State: Active
2025-02-16 08:49:03 - Resonance: 0 | NetInflow: 12.8 | NetOutflow: 12.8 | NetOverflow: 0 | State: Active
2025-02-16 08:49:03 - Resonance: 0 | NetInflow: 12.8 | NetOutflow: 12.8 | NetOverflow: 0 | State: Active
2025-02-16 08:49:03 - Resonance: 0 | NetInflow: 12.8 | NetOutflow: 12.8 | NetOverflow: 0 | State: Active
2025-02-16 08:49:03 - Resonance: 0 | NetInflow: 12.8 | NetOutflow: 12.8 | NetOverflow: 0 | State: Active
2025-02-16 08:49:03 - Resonance: 0 | NetInflow: 12.8 | NetOutflow: 12.8 | NetOverflow: 0 | State: Active
2025-02-16 08:49:03 - Resonance: 0 | NetInflow: 12.8 | NetOutflow: 12.8 | NetOverflow: 0 | State: Active
2025-02-16 08:49:03 - Resonance: 0 | NetInflow: 12.8 | NetOutflow: 12.8 | NetOverflow: 0 | State: Active
2025-02-16 08:49:03 - Resonance: 0 | NetInflow: 12.8 | NetOutflow: 12.8 | NetOverflow: 0 | State: Active
2025-02-16 08:49:03 - Resonance: 0 | NetInflow: 12.8 | NetOutflow: 12.8 | NetOverflow: 0 | State: Active
2025-02-16 08:49:03 - Resonance: 0 | NetInflow: 12.8 | NetOutflow: 12.8 | NetOverflow: 0 | State: Active
2025-02-16 08:49:03 - Resonance: 0 | NetInflow: 12.8 | NetOutflow: 12.8 | NetOverflow: 0 | State: Active
2025-02-16 08:49:03 - Resonance: 0 | NetInflow: 12.8 | NetOutflow: 12.8 | NetOverflow: 0 | State: Active
2025-02-16 08:49:03 - Resonance: 0 | NetInflow: 12.8 | NetOutflow: 12.8 | NetOverflow: 0 | State: Active
2025-02-16 08:49:03 - Resonance: 0 | NetInflow: 12.8 | NetOutflow: 12.8 | NetOverflow: 0 | State: Active
2025-02-16 08:49:03 - Resonance: 0 | NetInflow: 12.8 | NetOutflow: 12.8 | NetOverflow: 0 | State: Active
2025-02-16 08:49:03 - Resonance: 0 | NetInflow: 12.8 | NetOutflow: 12.8 | NetOverflow: 0 | State: Active
2025-02-16 08:49:03 - Resonance: 0 | NetInflow: 12.8 | NetOutflow: 12.8 | NetOverflow: 0 | State: Active
2025-02-16 08:49:03 - Resonance: 0 | NetInflow: 12.8 | NetOutflow: 12.8 | NetOverflow: 0 | State: Active
2025-02-16 08:49:03 - Resonance: 0 | NetInflow: 12.8 | NetOutflow: 12.8 | NetOverflow: 0 | State: Active
2025-02-16 08:49:03 - Resonance: 0 | NetInflow: 12.8 | NetOutflow: 12.8 | NetOverflow: 0 | State: Active
2025-02-16 08:49:03 - Resonance: 0 | NetInflow: 12.8 | NetOutflow: 12.8 | NetOverflow: 0 | State: Active
2025-02-16 08:49:03 - Resonance: 0 | NetInflow: 12.8 | NetOutflow: 12.8 | NetOverflow: 0 | State: Active
2025-02-16 08:49:03 - Resonance: 0 | NetInflow: 12.8 | NetOutflow: 12.8 | NetOverflow: 0 | State: Active
2025-02-16 08:49:03 - Resonance: 0 | NetInflow: 12.8 | NetOutflow: 12.8 | NetOverflow: 0 | State: Active
2025-02-16 08:49:03 - Resonance: 0 | NetInflow: 12.8 | NetOutflow: 12.8 | NetOverflow: 0 | State: Active
2025-02-16 08:49:03 - Resonance: 0 | NetInflow: 12.8 | NetOutflow: 12.8 | NetOverflow: 0 | State: Active
2025-02-16 08:49:03 - Resonance: 0 | NetInflow: 12.8 | NetOutflow: 12.8 | NetOverflow: 0 | State: Active
2025-02-16 08:49:03 - Resonance: 0 | NetInflow: 12.8 | NetOutflow: 12.8 | NetOverflow: 0 | State: Active
2025-02-16 08:49:03 - Resonance: 0 | NetInflow: 12.8 | NetOutflow: 12.8 | NetOverflow: 0 | State: Active
2025-02-16 08:49:03 - Resonance: 0 | NetInflow: 12.8 | NetOutflow: 12.8 | NetOverflow: 0 | State: Active
2025-02-16 08:49:03 - Resonance: 0 | NetInflow: 12.8 | NetOutflow: 12.8 | NetOverflow: 0 | State: Active
2025-02-16 08:49:03 - Resonance: 0 | NetInflow: 12.8 | NetOutflow: 12.8 | NetOverflow: 0 | State: Active
2025-02-16 08:49:03 - Resonance: 0 | NetInflow: 12.8 | NetOutflow: 12.8 | NetOverflow: 0 | State: Active
2025-02-16 08:49:03 - Resonance: 0 | NetInflow: 12.8 | NetOutflow: 12.8 | NetOverflow: 0 | State: Active
2025-02-16 08:49:03 - Resonance: 0 | NetInflow: 12.8 | NetOutflow: 12.8 | NetOverflow: 0 | State: Active
2025-02-16 08:49:03 - Resonance: 0 | NetInflow: 12.8 | NetOutflow: 12.8 | NetOverflow: 0 | State: Active
2025-02-16 08:49:03 - Resonance: 0 | NetInflow: 12.8 | NetOutflow: 12.8 | NetOverflow: 0 | State: Active
2025-02-16 08:49:03 - Resonance: 0 | NetInflow: 12.8 | NetOutflow: 12.8 | NetOverflow: 0 | State: Active
2025-02-16 08:49:03 - Pulse Index: 0 | Midi Index: 69 | Intensity: 32 | Note Name: A4
2025-02-16 08:49:03 - Pulse Index: 1 | Midi Index: 72 | Intensity: 24 | Note Name: C5
2025-02-16 08:49:03 - Pulse Index: 2 | Midi Index: 87 | Intensity: 35 | Note Name: D#/Eb6
2025-02-16 08:49:03 - Pulse Index: 3 | Midi Index: 92 | Intensity: 29 | Note Name: G#/Ab6
2025-02-16 08:49:03 - Pulse Index: 4 | Midi Index: 110 | Intensity: 39 | Note Name: D8
2025-02-16 08:49:03 - Pulse Index: 5 | Midi Index: 111 | Intensity: 55 | Note Name: D#/Eb8
2025-02-16 08:49:03 - - - - Resonator Parameter: 244215 - - - 
2025-02-16 08:49:03 - OriginFrequency: 440 | OriginIntensity: 32 | MaxIdyllAmount: 16 | CriticalEffect: 0 | CriticalEffectDurationThreshold: 0 | CriticalEffectIntensity: 0
2025-02-16 08:49:03 - InflowLimit: 32 | OutflowLimit: 16 | OverflowLimit: 16
2025-02-16 08:49:03 - ID: 0 | InflowMultiplier: 1 | OutflowMultiplier: 1 | OverflowMultiplier: 1 | InflowEffect: 0 | OutflowEffect: 0 | OverflowEffect: 0
2025-02-16 08:49:03 - ID: 1 | InflowMultiplier: 1 | OutflowMultiplier: 1 | OverflowMultiplier: 1 | InflowEffect: 0 | OutflowEffect: 0 | OverflowEffect: 0
2025-02-16 08:49:03 - ID: 2 | InflowMultiplier: 1 | OutflowMultiplier: 1 | OverflowMultiplier: 1 | InflowEffect: 0 | OutflowEffect: 0 | OverflowEffect: 0
2025-02-16 08:49:03 - ID: 3 | InflowMultiplier: 1 | OutflowMultiplier: 1 | OverflowMultiplier: 1 | InflowEffect: 0 | OutflowEffect: 0 | OverflowEffect: 0
2025-02-16 08:49:03 - ID: 4 | InflowMultiplier: 1 | OutflowMultiplier: 1 | OverflowMultiplier: 1 | InflowEffect: 0 | OutflowEffect: 0 | OverflowEffect: 0
2025-02-16 08:49:03 - ID: 5 | InflowMultiplier: 1 | OutflowMultiplier: 1 | OverflowMultiplier: 1 | InflowEffect: 0 | OutflowEffect: 0 | OverflowEffect: 0
2025-02-16 08:49:03 - ID: 6 | InflowMultiplier: 1 | OutflowMultiplier: 1 | OverflowMultiplier: 1 | InflowEffect: 0 | OutflowEffect: 0 | OverflowEffect: 0
2025-02-16 08:49:03 - ID: 7 | InflowMultiplier: 1 | OutflowMultiplier: 1 | OverflowMultiplier: 1 | InflowEffect: 0 | OutflowEffect: 0 | OverflowEffect: 0
2025-02-16 08:49:03 - ID: 8 | InflowMultiplier: 1 | OutflowMultiplier: 1 | OverflowMultiplier: 1 | InflowEffect: 0 | OutflowEffect: 0 | OverflowEffect: 0
2025-02-16 08:49:03 - ID: 9 | InflowMultiplier: 1 | OutflowMultiplier: 1 | OverflowMultiplier: 1 | InflowEffect: 0 | OutflowEffect: 0 | OverflowEffect: 0
2025-02-16 08:49:03 - ID: 10 | InflowMultiplier: 1 | OutflowMultiplier: 1 | OverflowMultiplier: 1 | InflowEffect: 0 | OutflowEffect: 0 | OverflowEffect: 0
2025-02-16 08:49:03 - ID: 11 | InflowMultiplier: 1 | OutflowMultiplier: 1 | OverflowMultiplier: 1 | InflowEffect: 0 | OutflowEffect: 0 | OverflowEffect: 0
2025-02-16 08:49:03 - ID: 12 | InflowMultiplier: 1 | OutflowMultiplier: 1 | OverflowMultiplier: 1 | InflowEffect: 0 | OutflowEffect: 0 | OverflowEffect: 0
2025-02-16 08:49:03 - ID: 13 | InflowMultiplier: 1 | OutflowMultiplier: 1 | OverflowMultiplier: 1 | InflowEffect: 0 | OutflowEffect: 0 | OverflowEffect: 0
