2025-01-25 03:48:04 - Debugger session started.
2025-01-25 03:48:04 - BasilMuguet Test_1 started
2025-01-25 03:48:04 -  - - - Adding pulse number 0 with midi index 99. - - -
2025-01-25 03:48:04 -  - - - Adding pulse number 1 with midi index 88. - - -
2025-01-25 03:48:04 -  - - - Adding pulse number 2 with midi index 83. - - -
2025-01-25 03:48:04 -  - - - Adding pulse number 3 with midi index 118. - - -
2025-01-25 03:48:04 -  - - - Adding pulse number 4 with midi index 121. - - -
2025-01-25 03:48:04 - Pulse Index: 0 | Midi Index: 48 | Intensity: 32 | Note Name: C3
2025-01-25 03:48:04 - Pulse Index: 1 | Midi Index: 83 | Intensity: 24 | Note Name: B5
2025-01-25 03:48:04 - Pulse Index: 2 | Midi Index: 88 | Intensity: 59 | Note Name: E6
2025-01-25 03:48:04 - Pulse Index: 3 | Midi Index: 99 | Intensity: 36 | Note Name: D#/Eb7
2025-01-25 03:48:04 - Pulse Index: 4 | Midi Index: 118 | Intensity: 50 | Note Name: A#/Bb8
2025-01-25 03:48:04 - Pulse Index: 5 | Midi Index: 121 | Intensity: 56 | Note Name: C#/Db9
2025-01-25 03:48:04 - NaN Check: 1 False
2025-01-25 03:48:04 - NaN Check: 2 False
2025-01-25 03:48:04 - NaN Check: 1 False
2025-01-25 03:48:04 - NaN Check: 2 False
2025-01-25 03:48:04 - 
Logging Idyll Amount:

2025-01-25 03:48:04 - NaN Check: 1 False
2025-01-25 03:48:04 - NaN Check: 2 False
2025-01-25 03:48:04 - Resonance: 2.5 | NetInflow: 30.5 | NetOutflow: 16 | NetOverflow: 0 | State: Active
2025-01-25 03:48:04 - NaN Check: 1 False
2025-01-25 03:48:04 - NaN Check: 2 False
2025-01-25 03:48:04 - Resonance: 2.8 | NetInflow: 30.5 | NetOutflow: 16 | NetOverflow: 0 | State: Active
2025-01-25 03:48:04 - NaN Check: 1 False
2025-01-25 03:48:04 - NaN Check: 2 False
2025-01-25 03:48:04 - Resonance: 3.1 | NetInflow: 30.5 | NetOutflow: 16 | NetOverflow: 0 | State: Active
2025-01-25 03:48:04 - NaN Check: 1 False
2025-01-25 03:48:04 - NaN Check: 2 False
2025-01-25 03:48:04 - Resonance: 3.4 | NetInflow: 30.5 | NetOutflow: 16 | NetOverflow: 0 | State: Active
2025-01-25 03:48:04 - NaN Check: 1 False
2025-01-25 03:48:04 - NaN Check: 2 False
2025-01-25 03:48:04 - Resonance: 3.7 | NetInflow: 30.5 | NetOutflow: 16 | NetOverflow: 0 | State: Active
2025-01-25 03:48:04 - NaN Check: 1 False
2025-01-25 03:48:04 - NaN Check: 2 False
2025-01-25 03:48:04 - Resonance: 4 | NetInflow: 30.5 | NetOutflow: 16 | NetOverflow: 0 | State: Active
2025-01-25 03:48:04 - NaN Check: 1 False
2025-01-25 03:48:04 - NaN Check: 2 False
2025-01-25 03:48:04 - Resonance: 4.3 | NetInflow: 30.5 | NetOutflow: 16 | NetOverflow: 0 | State: Active
2025-01-25 03:48:04 - NaN Check: 1 False
2025-01-25 03:48:04 - NaN Check: 2 False
2025-01-25 03:48:04 - Resonance: 4.6 | NetInflow: 30.5 | NetOutflow: 16 | NetOverflow: 0 | State: Active
2025-01-25 03:48:04 - NaN Check: 1 False
2025-01-25 03:48:04 - NaN Check: 2 False
2025-01-25 03:48:04 - Resonance: 4.9 | NetInflow: 30.5 | NetOutflow: 16 | NetOverflow: 0 | State: Active
2025-01-25 03:48:04 - NaN Check: 1 False
2025-01-25 03:48:04 - NaN Check: 2 False
2025-01-25 03:48:04 - Resonance: 5.1 | NetInflow: 30.5 | NetOutflow: 16 | NetOverflow: 0 | State: Active
2025-01-25 03:48:04 - NaN Check: 1 False
2025-01-25 03:48:04 - NaN Check: 2 False
2025-01-25 03:48:04 - Resonance: 5.4 | NetInflow: 30.5 | NetOutflow: 16 | NetOverflow: 0 | State: Active
2025-01-25 03:48:04 - NaN Check: 1 False
2025-01-25 03:48:04 - NaN Check: 2 False
2025-01-25 03:48:04 - Resonance: 5.7 | NetInflow: 30.5 | NetOutflow: 16 | NetOverflow: 0 | State: Active
2025-01-25 03:48:04 - NaN Check: 1 False
2025-01-25 03:48:04 - NaN Check: 2 False
2025-01-25 03:48:04 - Resonance: 6 | NetInflow: 30.5 | NetOutflow: 16 | NetOverflow: 0 | State: Active
2025-01-25 03:48:04 - NaN Check: 1 False
2025-01-25 03:48:04 - NaN Check: 2 False
2025-01-25 03:48:04 - Resonance: 6.3 | NetInflow: 30.5 | NetOutflow: 16 | NetOverflow: 0 | State: Active
2025-01-25 03:48:04 - NaN Check: 1 False
2025-01-25 03:48:04 - NaN Check: 2 False
2025-01-25 03:48:04 - Resonance: 6.6 | NetInflow: 30.5 | NetOutflow: 16 | NetOverflow: 0 | State: Active
2025-01-25 03:48:04 - NaN Check: 1 False
2025-01-25 03:48:04 - NaN Check: 2 False
2025-01-25 03:48:04 - Resonance: 6.9 | NetInflow: 30.5 | NetOutflow: 16 | NetOverflow: 0 | State: Active
2025-01-25 03:48:04 - NaN Check: 1 False
2025-01-25 03:48:04 - NaN Check: 2 False
2025-01-25 03:48:04 - Resonance: 7.2 | NetInflow: 30.5 | NetOutflow: 16 | NetOverflow: 0 | State: Active
2025-01-25 03:48:04 - NaN Check: 1 False
2025-01-25 03:48:04 - NaN Check: 2 False
2025-01-25 03:48:04 - Resonance: 7.5 | NetInflow: 30.5 | NetOutflow: 16 | NetOverflow: 0 | State: Active
2025-01-25 03:48:04 - NaN Check: 1 False
2025-01-25 03:48:04 - NaN Check: 2 False
2025-01-25 03:48:04 - Resonance: 7.8 | NetInflow: 30.5 | NetOutflow: 16 | NetOverflow: 0 | State: Active
2025-01-25 03:48:04 - NaN Check: 1 False
2025-01-25 03:48:04 - NaN Check: 2 False
2025-01-25 03:48:04 - Resonance: 8 | NetInflow: 30.5 | NetOutflow: 16 | NetOverflow: 0 | State: Active
2025-01-25 03:48:04 - NaN Check: 1 False
2025-01-25 03:48:04 - NaN Check: 2 False
2025-01-25 03:48:04 - Resonance: 8.3 | NetInflow: 30.5 | NetOutflow: 16 | NetOverflow: 0 | State: Active
2025-01-25 03:48:04 - NaN Check: 1 False
2025-01-25 03:48:04 - NaN Check: 2 False
2025-01-25 03:48:04 - Resonance: 8.6 | NetInflow: 30.5 | NetOutflow: 16 | NetOverflow: 0 | State: Active
2025-01-25 03:48:04 - NaN Check: 1 False
2025-01-25 03:48:04 - NaN Check: 2 False
2025-01-25 03:48:04 - Resonance: 8.9 | NetInflow: 30.5 | NetOutflow: 16 | NetOverflow: 0 | State: Active
2025-01-25 03:48:04 - NaN Check: 1 False
2025-01-25 03:48:04 - NaN Check: 2 False
2025-01-25 03:48:04 - Resonance: 9.2 | NetInflow: 30.5 | NetOutflow: 16 | NetOverflow: 0 | State: Active
2025-01-25 03:48:04 - NaN Check: 1 False
2025-01-25 03:48:04 - NaN Check: 2 False
2025-01-25 03:48:04 - Resonance: 9.5 | NetInflow: 30.5 | NetOutflow: 16 | NetOverflow: 0 | State: Active
2025-01-25 03:48:04 - NaN Check: 1 False
2025-01-25 03:48:04 - NaN Check: 2 False
2025-01-25 03:48:04 - Resonance: 9.8 | NetInflow: 30.5 | NetOutflow: 16 | NetOverflow: 0 | State: Active
2025-01-25 03:48:04 - NaN Check: 1 False
2025-01-25 03:48:04 - NaN Check: 2 False
2025-01-25 03:48:04 - Resonance: 10.1 | NetInflow: 30.5 | NetOutflow: 16 | NetOverflow: 0 | State: Active
2025-01-25 03:48:04 - NaN Check: 1 False
2025-01-25 03:48:04 - NaN Check: 2 False
2025-01-25 03:48:04 - Resonance: 10.4 | NetInflow: 30.5 | NetOutflow: 16 | NetOverflow: 0 | State: Active
2025-01-25 03:48:04 - NaN Check: 1 False
2025-01-25 03:48:04 - NaN Check: 2 False
2025-01-25 03:48:04 - Resonance: 10.7 | NetInflow: 30.5 | NetOutflow: 16 | NetOverflow: 0 | State: Active
2025-01-25 03:48:04 - NaN Check: 1 False
2025-01-25 03:48:04 - NaN Check: 2 False
2025-01-25 03:48:04 - Resonance: 10.9 | NetInflow: 30.5 | NetOutflow: 16 | NetOverflow: 0 | State: Active
2025-01-25 03:48:04 - NaN Check: 1 False
2025-01-25 03:48:04 - NaN Check: 2 False
2025-01-25 03:48:04 - Resonance: 11.2 | NetInflow: 30.5 | NetOutflow: 16 | NetOverflow: 0 | State: Active
2025-01-25 03:48:04 - NaN Check: 1 False
2025-01-25 03:48:04 - NaN Check: 2 False
2025-01-25 03:48:04 - Resonance: 11.5 | NetInflow: 30.5 | NetOutflow: 16 | NetOverflow: 0 | State: Active
2025-01-25 03:48:04 - NaN Check: 1 False
2025-01-25 03:48:04 - NaN Check: 2 False
2025-01-25 03:48:04 - Resonance: 11.8 | NetInflow: 30.5 | NetOutflow: 16 | NetOverflow: 0 | State: Active
2025-01-25 03:48:04 - NaN Check: 1 False
2025-01-25 03:48:04 - NaN Check: 2 False
2025-01-25 03:48:04 - Resonance: 12.1 | NetInflow: 30.5 | NetOutflow: 16 | NetOverflow: 0 | State: Active
2025-01-25 03:48:04 - NaN Check: 1 False
2025-01-25 03:48:04 - NaN Check: 2 False
2025-01-25 03:48:04 - Resonance: 12.4 | NetInflow: 30.5 | NetOutflow: 16 | NetOverflow: 0 | State: Active
2025-01-25 03:48:04 - NaN Check: 1 False
2025-01-25 03:48:04 - NaN Check: 2 False
2025-01-25 03:48:04 - Resonance: 12.7 | NetInflow: 30.5 | NetOutflow: 16 | NetOverflow: 0 | State: Active
2025-01-25 03:48:04 - NaN Check: 1 False
2025-01-25 03:48:04 - NaN Check: 2 False
2025-01-25 03:48:04 - Resonance: 13 | NetInflow: 30.5 | NetOutflow: 16 | NetOverflow: 0 | State: Active
2025-01-25 03:48:04 - NaN Check: 1 False
2025-01-25 03:48:04 - NaN Check: 2 False
2025-01-25 03:48:04 - Resonance: 13.3 | NetInflow: 30.5 | NetOutflow: 16 | NetOverflow: 0 | State: Active
2025-01-25 03:48:04 - NaN Check: 1 False
2025-01-25 03:48:04 - NaN Check: 2 False
2025-01-25 03:48:04 - Resonance: 13.6 | NetInflow: 30.5 | NetOutflow: 16 | NetOverflow: 0 | State: Active
2025-01-25 03:48:04 - NaN Check: 1 False
2025-01-25 03:48:04 - NaN Check: 2 False
2025-01-25 03:48:04 - Resonance: 13.8 | NetInflow: 30.5 | NetOutflow: 16 | NetOverflow: 0 | State: Active
2025-01-25 03:48:04 - NaN Check: 1 False
2025-01-25 03:48:04 - NaN Check: 2 False
2025-01-25 03:48:04 - Resonance: 14.1 | NetInflow: 30.5 | NetOutflow: 16 | NetOverflow: 0 | State: Active
2025-01-25 03:48:04 - NaN Check: 1 False
2025-01-25 03:48:04 - NaN Check: 2 False
2025-01-25 03:48:04 - Resonance: 14.4 | NetInflow: 30.5 | NetOutflow: 16 | NetOverflow: 0 | State: Active
2025-01-25 03:48:04 - NaN Check: 1 False
2025-01-25 03:48:04 - NaN Check: 2 False
2025-01-25 03:48:04 - Resonance: 14.7 | NetInflow: 30.5 | NetOutflow: 16 | NetOverflow: 0 | State: Active
2025-01-25 03:48:04 - NaN Check: 1 False
2025-01-25 03:48:04 - NaN Check: 2 False
2025-01-25 03:48:04 - Resonance: 15 | NetInflow: 30.5 | NetOutflow: 16 | NetOverflow: 0 | State: Active
2025-01-25 03:48:04 - NaN Check: 1 False
2025-01-25 03:48:04 - NaN Check: 2 False
2025-01-25 03:48:04 - Resonance: 15.3 | NetInflow: 30.5 | NetOutflow: 16 | NetOverflow: 0 | State: Active
2025-01-25 03:48:04 - NaN Check: 1 False
2025-01-25 03:48:04 - NaN Check: 2 False
2025-01-25 03:48:04 - Resonance: 15.6 | NetInflow: 30.5 | NetOutflow: 16 | NetOverflow: 0 | State: Active
2025-01-25 03:48:04 - NaN Check: 1 False
2025-01-25 03:48:04 - NaN Check: 2 False
2025-01-25 03:48:04 - Resonance: 15.9 | NetInflow: 30.5 | NetOutflow: 16 | NetOverflow: 0 | State: Active
2025-01-25 03:48:04 - NaN Check: 1 False
2025-01-25 03:48:04 - NaN Check: 2 False
2025-01-25 03:48:04 - Resonance: 16 | NetInflow: 30.5 | NetOutflow: 16 | NetOverflow: 8.5 | State: Overflow
2025-01-25 03:48:04 - NaN Check: 1 False
2025-01-25 03:48:04 - NaN Check: 2 False
2025-01-25 03:48:04 - Resonance: 16 | NetInflow: 30.5 | NetOutflow: 16 | NetOverflow: 14.5 | State: Overflow
2025-01-25 03:48:04 - NaN Check: 1 False
2025-01-25 03:48:04 - NaN Check: 2 False
2025-01-25 03:48:04 - Resonance: 16 | NetInflow: 30.5 | NetOutflow: 16 | NetOverflow: 14.5 | State: Overflow
2025-01-25 03:48:04 - NaN Check: 1 False
2025-01-25 03:48:04 - NaN Check: 2 False
2025-01-25 03:48:04 - Resonance: 16 | NetInflow: 30.5 | NetOutflow: 16 | NetOverflow: 14.5 | State: Overflow
2025-01-25 03:48:04 - NaN Check: 1 False
2025-01-25 03:48:04 - NaN Check: 2 False
2025-01-25 03:48:04 - Resonance: 16 | NetInflow: 30.5 | NetOutflow: 16 | NetOverflow: 14.5 | State: Overflow
2025-01-25 03:48:04 - NaN Check: 1 False
2025-01-25 03:48:04 - NaN Check: 2 False
2025-01-25 03:48:04 - Resonance: 16 | NetInflow: 30.5 | NetOutflow: 16 | NetOverflow: 14.5 | State: Overflow
2025-01-25 03:48:04 - NaN Check: 1 False
2025-01-25 03:48:04 - NaN Check: 2 False
2025-01-25 03:48:04 - Resonance: 16 | NetInflow: 30.5 | NetOutflow: 16 | NetOverflow: 14.5 | State: Overflow
2025-01-25 03:48:04 - NaN Check: 1 False
2025-01-25 03:48:04 - NaN Check: 2 False
2025-01-25 03:48:04 - Resonance: 16 | NetInflow: 30.5 | NetOutflow: 16 | NetOverflow: 14.5 | State: Overflow
2025-01-25 03:48:04 - NaN Check: 1 False
2025-01-25 03:48:04 - NaN Check: 2 False
2025-01-25 03:48:04 - Resonance: 16 | NetInflow: 30.5 | NetOutflow: 16 | NetOverflow: 14.5 | State: Overflow
2025-01-25 03:48:04 - NaN Check: 1 False
2025-01-25 03:48:04 - NaN Check: 2 False
2025-01-25 03:48:04 - Resonance: 16 | NetInflow: 30.5 | NetOutflow: 16 | NetOverflow: 14.5 | State: Overflow
2025-01-25 03:48:04 - NaN Check: 1 False
2025-01-25 03:48:04 - NaN Check: 2 False
2025-01-25 03:48:04 - Resonance: 16 | NetInflow: 30.5 | NetOutflow: 16 | NetOverflow: 14.5 | State: Overflow
2025-01-25 03:48:04 - NaN Check: 1 False
2025-01-25 03:48:04 - NaN Check: 2 False
2025-01-25 03:48:04 - Resonance: 16 | NetInflow: 30.5 | NetOutflow: 16 | NetOverflow: 14.5 | State: Overflow
2025-01-25 03:48:04 - NaN Check: 1 False
2025-01-25 03:48:04 - NaN Check: 2 False
2025-01-25 03:48:04 - Resonance: 16 | NetInflow: 30.5 | NetOutflow: 16 | NetOverflow: 14.5 | State: Overflow
2025-01-25 03:48:04 - NaN Check: 1 False
2025-01-25 03:48:04 - NaN Check: 2 False
2025-01-25 03:48:04 - Resonance: 16 | NetInflow: 30.5 | NetOutflow: 16 | NetOverflow: 14.5 | State: Overflow
2025-01-25 03:48:04 - NaN Check: 1 False
2025-01-25 03:48:04 - NaN Check: 2 False
2025-01-25 03:48:04 - Resonance: 16 | NetInflow: 30.5 | NetOutflow: 16 | NetOverflow: 14.5 | State: Overflow
2025-01-25 03:48:04 - NaN Check: 1 False
2025-01-25 03:48:04 - NaN Check: 2 False
2025-01-25 03:48:04 - Resonance: 16 | NetInflow: 30.5 | NetOutflow: 16 | NetOverflow: 14.5 | State: Overflow
2025-01-25 03:48:04 - NaN Check: 1 False
2025-01-25 03:48:04 - NaN Check: 2 False
2025-01-25 03:48:04 - Resonance: 16 | NetInflow: 30.5 | NetOutflow: 16 | NetOverflow: 14.5 | State: Overflow
2025-01-25 03:48:04 - NaN Check: 1 False
2025-01-25 03:48:04 - NaN Check: 2 False
2025-01-25 03:48:04 - Resonance: 16 | NetInflow: 30.5 | NetOutflow: 16 | NetOverflow: 14.5 | State: Overflow
2025-01-25 03:48:04 - NaN Check: 1 False
2025-01-25 03:48:04 - NaN Check: 2 False
2025-01-25 03:48:04 - Resonance: 16 | NetInflow: 30.5 | NetOutflow: 16 | NetOverflow: 14.5 | State: Overflow
2025-01-25 03:48:04 - NaN Check: 1 False
2025-01-25 03:48:04 - NaN Check: 2 False
2025-01-25 03:48:04 - Resonance: 16 | NetInflow: 30.5 | NetOutflow: 16 | NetOverflow: 14.5 | State: Overflow
2025-01-25 03:48:04 - NaN Check: 1 False
2025-01-25 03:48:04 - NaN Check: 2 False
2025-01-25 03:48:04 - Resonance: 16 | NetInflow: 30.5 | NetOutflow: 16 | NetOverflow: 14.5 | State: Overflow
2025-01-25 03:48:04 - NaN Check: 1 False
2025-01-25 03:48:04 - NaN Check: 2 False
2025-01-25 03:48:04 - Resonance: 16 | NetInflow: 30.5 | NetOutflow: 16 | NetOverflow: 14.5 | State: Overflow
2025-01-25 03:48:04 - NaN Check: 1 False
2025-01-25 03:48:04 - NaN Check: 2 False
2025-01-25 03:48:04 - Resonance: 16 | NetInflow: 30.5 | NetOutflow: 16 | NetOverflow: 14.5 | State: Overflow
2025-01-25 03:48:04 - NaN Check: 1 False
2025-01-25 03:48:04 - NaN Check: 2 False
2025-01-25 03:48:04 - Resonance: 16 | NetInflow: 30.5 | NetOutflow: 16 | NetOverflow: 14.5 | State: Overflow
2025-01-25 03:48:04 - NaN Check: 1 False
2025-01-25 03:48:04 - NaN Check: 2 False
2025-01-25 03:48:04 - Resonance: 16 | NetInflow: 30.5 | NetOutflow: 16 | NetOverflow: 14.5 | State: Overflow
2025-01-25 03:48:04 - NaN Check: 1 False
2025-01-25 03:48:04 - NaN Check: 2 False
2025-01-25 03:48:04 - Resonance: 16 | NetInflow: 30.5 | NetOutflow: 16 | NetOverflow: 14.5 | State: Overflow
2025-01-25 03:48:04 - NaN Check: 1 False
2025-01-25 03:48:04 - NaN Check: 2 False
2025-01-25 03:48:04 - Resonance: 16 | NetInflow: 30.5 | NetOutflow: 16 | NetOverflow: 14.5 | State: Overflow
2025-01-25 03:48:04 - NaN Check: 1 False
2025-01-25 03:48:04 - NaN Check: 2 False
2025-01-25 03:48:04 - Resonance: 16 | NetInflow: 30.5 | NetOutflow: 16 | NetOverflow: 14.5 | State: Overflow
2025-01-25 03:48:04 - NaN Check: 1 False
2025-01-25 03:48:04 - NaN Check: 2 False
2025-01-25 03:48:04 - Resonance: 16 | NetInflow: 30.5 | NetOutflow: 16 | NetOverflow: 14.5 | State: Overflow
2025-01-25 03:48:04 - NaN Check: 1 False
2025-01-25 03:48:04 - NaN Check: 2 False
2025-01-25 03:48:04 - Resonance: 16 | NetInflow: 30.5 | NetOutflow: 16 | NetOverflow: 14.5 | State: Overflow
2025-01-25 03:48:04 - NaN Check: 1 False
2025-01-25 03:48:04 - NaN Check: 2 False
2025-01-25 03:48:04 - Resonance: 16 | NetInflow: 30.5 | NetOutflow: 16 | NetOverflow: 14.5 | State: Overflow
2025-01-25 03:48:04 - NaN Check: 1 False
2025-01-25 03:48:04 - NaN Check: 2 False
2025-01-25 03:48:04 - Resonance: 16 | NetInflow: 30.5 | NetOutflow: 16 | NetOverflow: 14.5 | State: Overflow
2025-01-25 03:48:04 - NaN Check: 1 False
2025-01-25 03:48:04 - NaN Check: 2 False
2025-01-25 03:48:04 - Resonance: 16 | NetInflow: 30.5 | NetOutflow: 16 | NetOverflow: 14.5 | State: Overflow
2025-01-25 03:48:04 - NaN Check: 1 False
2025-01-25 03:48:04 - NaN Check: 2 False
2025-01-25 03:48:04 - Resonance: 16 | NetInflow: 30.5 | NetOutflow: 16 | NetOverflow: 14.5 | State: Overflow
2025-01-25 03:48:04 - NaN Check: 1 False
2025-01-25 03:48:04 - NaN Check: 2 False
2025-01-25 03:48:04 - Resonance: 16 | NetInflow: 30.5 | NetOutflow: 16 | NetOverflow: 14.5 | State: Overflow
2025-01-25 03:48:04 - NaN Check: 1 False
2025-01-25 03:48:04 - NaN Check: 2 False
2025-01-25 03:48:04 - Resonance: 16 | NetInflow: 30.5 | NetOutflow: 16 | NetOverflow: 14.5 | State: Overflow
2025-01-25 03:48:04 - NaN Check: 1 False
2025-01-25 03:48:04 - NaN Check: 2 False
2025-01-25 03:48:04 - Resonance: 16 | NetInflow: 30.5 | NetOutflow: 16 | NetOverflow: 14.5 | State: Overflow
2025-01-25 03:48:04 - NaN Check: 1 False
2025-01-25 03:48:04 - NaN Check: 2 False
2025-01-25 03:48:04 - Resonance: 16 | NetInflow: 30.5 | NetOutflow: 16 | NetOverflow: 14.5 | State: Overflow
2025-01-25 03:48:04 - NaN Check: 1 False
2025-01-25 03:48:04 - NaN Check: 2 False
2025-01-25 03:48:04 - Resonance: 16 | NetInflow: 30.5 | NetOutflow: 16 | NetOverflow: 14.5 | State: Overflow
2025-01-25 03:48:04 - NaN Check: 1 False
2025-01-25 03:48:04 - NaN Check: 2 False
2025-01-25 03:48:04 - Resonance: 16 | NetInflow: 30.5 | NetOutflow: 16 | NetOverflow: 14.5 | State: Overflow
2025-01-25 03:48:04 - NaN Check: 1 False
2025-01-25 03:48:04 - NaN Check: 2 False
2025-01-25 03:48:04 - Resonance: 16 | NetInflow: 30.5 | NetOutflow: 16 | NetOverflow: 14.5 | State: Overflow
2025-01-25 03:48:04 - NaN Check: 1 False
2025-01-25 03:48:04 - NaN Check: 2 False
2025-01-25 03:48:04 - Resonance: 16 | NetInflow: 30.5 | NetOutflow: 16 | NetOverflow: 14.5 | State: Overflow
2025-01-25 03:48:04 - NaN Check: 1 False
2025-01-25 03:48:04 - NaN Check: 2 False
2025-01-25 03:48:04 - Resonance: 16 | NetInflow: 30.5 | NetOutflow: 16 | NetOverflow: 14.5 | State: Overflow
2025-01-25 03:48:04 - NaN Check: 1 False
2025-01-25 03:48:04 - NaN Check: 2 False
2025-01-25 03:48:04 - Resonance: 16 | NetInflow: 30.5 | NetOutflow: 16 | NetOverflow: 14.5 | State: Overflow
2025-01-25 03:48:04 - NaN Check: 1 False
2025-01-25 03:48:04 - NaN Check: 2 False
2025-01-25 03:48:04 - Resonance: 16 | NetInflow: 30.5 | NetOutflow: 16 | NetOverflow: 14.5 | State: Overflow
2025-01-25 03:48:04 - NaN Check: 1 False
2025-01-25 03:48:04 - NaN Check: 2 False
2025-01-25 03:48:04 - Resonance: 16 | NetInflow: 30.5 | NetOutflow: 16 | NetOverflow: 14.5 | State: Overflow
2025-01-25 03:48:04 - NaN Check: 1 False
2025-01-25 03:48:04 - NaN Check: 2 False
2025-01-25 03:48:04 - Resonance: 16 | NetInflow: 30.5 | NetOutflow: 16 | NetOverflow: 14.5 | State: Overflow
2025-01-25 03:48:04 - NaN Check: 1 False
2025-01-25 03:48:04 - NaN Check: 2 False
2025-01-25 03:48:04 - Resonance: 16 | NetInflow: 30.5 | NetOutflow: 16 | NetOverflow: 14.5 | State: Overflow
2025-01-25 03:48:04 - NaN Check: 1 False
2025-01-25 03:48:04 - NaN Check: 2 False
2025-01-25 03:48:04 - Resonance: 16 | NetInflow: 30.5 | NetOutflow: 16 | NetOverflow: 14.5 | State: Overflow
2025-01-25 03:48:04 - NaN Check: 1 False
2025-01-25 03:48:04 - NaN Check: 2 False
2025-01-25 03:48:04 - Resonance: 16 | NetInflow: 30.5 | NetOutflow: 16 | NetOverflow: 14.5 | State: Overflow
2025-01-25 03:48:04 - NaN Check: 1 False
2025-01-25 03:48:04 - NaN Check: 2 False
2025-01-25 03:48:04 - Resonance: 16 | NetInflow: 30.5 | NetOutflow: 16 | NetOverflow: 14.5 | State: Overflow
2025-01-25 03:48:04 - NaN Check: 1 False
2025-01-25 03:48:04 - NaN Check: 2 False
2025-01-25 03:48:04 - Resonance: 16 | NetInflow: 30.5 | NetOutflow: 16 | NetOverflow: 14.5 | State: Overflow
2025-01-25 03:48:04 - NaN Check: 1 False
2025-01-25 03:48:04 - NaN Check: 2 False
2025-01-25 03:48:04 - Resonance: 16 | NetInflow: 30.5 | NetOutflow: 16 | NetOverflow: 14.5 | State: Overflow
2025-01-25 03:48:04 - NaN Check: 1 False
2025-01-25 03:48:04 - NaN Check: 2 False
2025-01-25 03:48:04 - Resonance: 16 | NetInflow: 30.5 | NetOutflow: 16 | NetOverflow: 14.5 | State: Overflow
2025-01-25 03:48:04 - NaN Check: 1 False
2025-01-25 03:48:04 - NaN Check: 2 False
2025-01-25 03:48:04 - Resonance: 16 | NetInflow: 30.5 | NetOutflow: 16 | NetOverflow: 14.5 | State: Overflow
2025-01-25 03:48:04 - NaN Check: 1 False
2025-01-25 03:48:04 - NaN Check: 2 False
2025-01-25 03:48:04 - Resonance: 16 | NetInflow: 30.5 | NetOutflow: 16 | NetOverflow: 14.5 | State: Overflow
2025-01-25 03:48:04 - NaN Check: 1 False
2025-01-25 03:48:04 - NaN Check: 2 False
2025-01-25 03:48:04 - Resonance: 16 | NetInflow: 30.5 | NetOutflow: 16 | NetOverflow: 14.5 | State: Overflow
2025-01-25 03:48:05 - NaN Check: 1 False
2025-01-25 03:48:05 - NaN Check: 2 False
2025-01-25 03:48:05 - Resonance: 16 | NetInflow: 30.5 | NetOutflow: 16 | NetOverflow: 14.5 | State: Overflow
2025-01-25 03:48:05 - NaN Check: 1 False
2025-01-25 03:48:05 - NaN Check: 2 False
2025-01-25 03:48:05 - Resonance: 16 | NetInflow: 30.5 | NetOutflow: 16 | NetOverflow: 14.5 | State: Overflow
2025-01-25 03:48:05 - NaN Check: 1 False
2025-01-25 03:48:05 - NaN Check: 2 False
2025-01-25 03:48:05 - Resonance: 16 | NetInflow: 30.5 | NetOutflow: 16 | NetOverflow: 14.5 | State: Overflow
2025-01-25 03:48:05 - NaN Check: 1 False
2025-01-25 03:48:05 - NaN Check: 2 False
2025-01-25 03:48:05 - Resonance: 16 | NetInflow: 30.5 | NetOutflow: 16 | NetOverflow: 14.5 | State: Overflow
2025-01-25 03:48:05 - NaN Check: 1 False
2025-01-25 03:48:05 - NaN Check: 2 False
2025-01-25 03:48:05 - Resonance: 16 | NetInflow: 30.5 | NetOutflow: 16 | NetOverflow: 14.5 | State: Overflow
2025-01-25 03:48:05 - NaN Check: 1 False
2025-01-25 03:48:05 - NaN Check: 2 False
2025-01-25 03:48:05 - Resonance: 16 | NetInflow: 30.5 | NetOutflow: 16 | NetOverflow: 14.5 | State: Overflow
2025-01-25 03:48:05 - NaN Check: 1 False
2025-01-25 03:48:05 - NaN Check: 2 False
2025-01-25 03:48:05 - Resonance: 16 | NetInflow: 30.5 | NetOutflow: 16 | NetOverflow: 14.5 | State: Overflow
2025-01-25 03:48:05 - NaN Check: 1 False
2025-01-25 03:48:05 - NaN Check: 2 False
2025-01-25 03:48:05 - Resonance: 16 | NetInflow: 30.5 | NetOutflow: 16 | NetOverflow: 14.5 | State: Overflow
2025-01-25 03:48:05 - NaN Check: 1 False
2025-01-25 03:48:05 - NaN Check: 2 False
2025-01-25 03:48:05 - Resonance: 16 | NetInflow: 30.5 | NetOutflow: 16 | NetOverflow: 14.5 | State: Overflow
2025-01-25 03:48:05 - NaN Check: 1 False
2025-01-25 03:48:05 - NaN Check: 2 False
2025-01-25 03:48:05 - Resonance: 16 | NetInflow: 30.5 | NetOutflow: 16 | NetOverflow: 14.5 | State: Overflow
2025-01-25 03:48:05 - NaN Check: 1 False
2025-01-25 03:48:05 - NaN Check: 2 False
2025-01-25 03:48:05 - Resonance: 16 | NetInflow: 30.5 | NetOutflow: 16 | NetOverflow: 14.5 | State: Overflow
2025-01-25 03:48:05 - NaN Check: 1 False
2025-01-25 03:48:05 - NaN Check: 2 False
2025-01-25 03:48:05 - Resonance: 16 | NetInflow: 30.5 | NetOutflow: 16 | NetOverflow: 14.5 | State: Overflow
2025-01-25 03:48:05 - NaN Check: 1 False
2025-01-25 03:48:05 - NaN Check: 2 False
2025-01-25 03:48:05 - Resonance: 16 | NetInflow: 30.5 | NetOutflow: 16 | NetOverflow: 14.5 | State: Overflow
2025-01-25 03:48:05 - NaN Check: 1 False
2025-01-25 03:48:05 - NaN Check: 2 False
2025-01-25 03:48:05 - Resonance: 16 | NetInflow: 30.5 | NetOutflow: 16 | NetOverflow: 14.5 | State: Overflow
2025-01-25 03:48:05 - NaN Check: 1 False
2025-01-25 03:48:05 - NaN Check: 2 False
2025-01-25 03:48:05 - Resonance: 16 | NetInflow: 30.5 | NetOutflow: 16 | NetOverflow: 14.5 | State: Overflow
2025-01-25 03:48:05 - NaN Check: 1 False
2025-01-25 03:48:05 - NaN Check: 2 False
2025-01-25 03:48:05 - Resonance: 16 | NetInflow: 30.5 | NetOutflow: 16 | NetOverflow: 14.5 | State: Overflow
2025-01-25 03:48:05 - NaN Check: 1 False
2025-01-25 03:48:05 - NaN Check: 2 False
2025-01-25 03:48:05 - Resonance: 16 | NetInflow: 30.5 | NetOutflow: 16 | NetOverflow: 14.5 | State: Overflow
2025-01-25 03:48:05 - NaN Check: 1 False
2025-01-25 03:48:05 - NaN Check: 2 False
2025-01-25 03:48:05 - Resonance: 16 | NetInflow: 30.5 | NetOutflow: 16 | NetOverflow: 14.5 | State: Overflow
2025-01-25 03:48:05 - NaN Check: 1 False
2025-01-25 03:48:05 - NaN Check: 2 False
2025-01-25 03:48:05 - Resonance: 16 | NetInflow: 30.5 | NetOutflow: 16 | NetOverflow: 14.5 | State: Overflow
2025-01-25 03:48:05 - NaN Check: 1 False
2025-01-25 03:48:05 - NaN Check: 2 False
2025-01-25 03:48:05 - Resonance: 16 | NetInflow: 30.5 | NetOutflow: 16 | NetOverflow: 14.5 | State: Overflow
2025-01-25 03:48:05 - NaN Check: 1 False
2025-01-25 03:48:05 - NaN Check: 2 False
2025-01-25 03:48:05 - Resonance: 16 | NetInflow: 30.5 | NetOutflow: 16 | NetOverflow: 14.5 | State: Overflow
2025-01-25 03:48:05 - NaN Check: 1 False
2025-01-25 03:48:05 - NaN Check: 2 False
2025-01-25 03:48:05 - Resonance: 16 | NetInflow: 30.5 | NetOutflow: 16 | NetOverflow: 14.5 | State: Overflow
2025-01-25 03:48:05 - NaN Check: 1 False
2025-01-25 03:48:05 - NaN Check: 2 False
2025-01-25 03:48:05 - Resonance: 16 | NetInflow: 30.5 | NetOutflow: 16 | NetOverflow: 14.5 | State: Overflow
2025-01-25 03:48:05 - NaN Check: 1 False
2025-01-25 03:48:05 - NaN Check: 2 False
2025-01-25 03:48:05 - Resonance: 16 | NetInflow: 30.5 | NetOutflow: 16 | NetOverflow: 14.5 | State: Overflow
2025-01-25 03:48:05 - NaN Check: 1 False
2025-01-25 03:48:05 - NaN Check: 2 False
2025-01-25 03:48:05 - Resonance: 16 | NetInflow: 30.5 | NetOutflow: 16 | NetOverflow: 14.5 | State: Overflow
2025-01-25 03:48:05 - NaN Check: 1 False
2025-01-25 03:48:05 - NaN Check: 2 False
2025-01-25 03:48:05 - Resonance: 16 | NetInflow: 30.5 | NetOutflow: 16 | NetOverflow: 14.5 | State: Overflow
2025-01-25 03:48:05 - NaN Check: 1 False
2025-01-25 03:48:05 - NaN Check: 2 False
2025-01-25 03:48:05 - Resonance: 16 | NetInflow: 30.5 | NetOutflow: 16 | NetOverflow: 14.5 | State: Overflow
2025-01-25 03:48:05 - NaN Check: 1 False
2025-01-25 03:48:05 - NaN Check: 2 False
2025-01-25 03:48:05 - Resonance: 16 | NetInflow: 30.5 | NetOutflow: 16 | NetOverflow: 14.5 | State: Overflow
2025-01-25 03:48:05 - NaN Check: 1 False
2025-01-25 03:48:05 - NaN Check: 2 False
2025-01-25 03:48:05 - Resonance: 16 | NetInflow: 30.5 | NetOutflow: 16 | NetOverflow: 14.5 | State: Overflow
2025-01-25 03:48:05 - NaN Check: 1 False
2025-01-25 03:48:05 - NaN Check: 2 False
2025-01-25 03:48:05 - Resonance: 16 | NetInflow: 30.5 | NetOutflow: 16 | NetOverflow: 14.5 | State: Overflow
2025-01-25 03:48:05 - NaN Check: 1 False
2025-01-25 03:48:05 - NaN Check: 2 False
2025-01-25 03:48:05 - Resonance: 16 | NetInflow: 30.5 | NetOutflow: 16 | NetOverflow: 14.5 | State: Overflow
2025-01-25 03:48:05 - NaN Check: 1 False
2025-01-25 03:48:05 - NaN Check: 2 False
2025-01-25 03:48:05 - Resonance: 16 | NetInflow: 30.5 | NetOutflow: 16 | NetOverflow: 14.5 | State: Overflow
2025-01-25 03:48:05 - NaN Check: 1 False
2025-01-25 03:48:05 - NaN Check: 2 False
2025-01-25 03:48:05 - Resonance: 16 | NetInflow: 30.5 | NetOutflow: 16 | NetOverflow: 14.5 | State: Overflow
2025-01-25 03:48:05 - NaN Check: 1 False
2025-01-25 03:48:05 - NaN Check: 2 False
2025-01-25 03:48:05 - Resonance: 16 | NetInflow: 30.5 | NetOutflow: 16 | NetOverflow: 14.5 | State: Overflow
2025-01-25 03:48:05 - NaN Check: 1 False
2025-01-25 03:48:05 - NaN Check: 2 False
2025-01-25 03:48:05 - Resonance: 16 | NetInflow: 30.5 | NetOutflow: 16 | NetOverflow: 14.5 | State: Overflow
2025-01-25 03:48:05 - NaN Check: 1 False
2025-01-25 03:48:05 - NaN Check: 2 False
2025-01-25 03:48:05 - Resonance: 16 | NetInflow: 30.5 | NetOutflow: 16 | NetOverflow: 14.5 | State: Overflow
2025-01-25 03:48:05 - NaN Check: 1 False
2025-01-25 03:48:05 - NaN Check: 2 False
2025-01-25 03:48:05 - Resonance: 16 | NetInflow: 30.5 | NetOutflow: 16 | NetOverflow: 14.5 | State: Overflow
2025-01-25 03:48:05 - NaN Check: 1 False
2025-01-25 03:48:05 - NaN Check: 2 False
2025-01-25 03:48:05 - Resonance: 16 | NetInflow: 30.5 | NetOutflow: 16 | NetOverflow: 14.5 | State: Overflow
2025-01-25 03:48:05 - NaN Check: 1 False
2025-01-25 03:48:05 - NaN Check: 2 False
2025-01-25 03:48:05 - Resonance: 16 | NetInflow: 30.5 | NetOutflow: 16 | NetOverflow: 14.5 | State: Overflow
2025-01-25 03:48:05 - NaN Check: 1 False
2025-01-25 03:48:05 - NaN Check: 2 False
2025-01-25 03:48:05 - Resonance: 16 | NetInflow: 30.5 | NetOutflow: 16 | NetOverflow: 14.5 | State: Overflow
2025-01-25 03:48:05 - NaN Check: 1 False
2025-01-25 03:48:05 - NaN Check: 2 False
2025-01-25 03:48:05 - Resonance: 16 | NetInflow: 30.5 | NetOutflow: 16 | NetOverflow: 14.5 | State: Overflow
2025-01-25 03:48:05 - NaN Check: 1 False
2025-01-25 03:48:05 - NaN Check: 2 False
2025-01-25 03:48:05 - Resonance: 16 | NetInflow: 30.5 | NetOutflow: 16 | NetOverflow: 14.5 | State: Overflow
2025-01-25 03:48:05 - NaN Check: 1 False
2025-01-25 03:48:05 - NaN Check: 2 False
2025-01-25 03:48:05 - Resonance: 16 | NetInflow: 30.5 | NetOutflow: 16 | NetOverflow: 14.5 | State: Overflow
2025-01-25 03:48:05 - NaN Check: 1 False
2025-01-25 03:48:05 - NaN Check: 2 False
2025-01-25 03:48:05 - Resonance: 16 | NetInflow: 30.5 | NetOutflow: 16 | NetOverflow: 14.5 | State: Overflow
2025-01-25 03:48:05 - NaN Check: 1 False
2025-01-25 03:48:05 - NaN Check: 2 False
2025-01-25 03:48:05 - Resonance: 16 | NetInflow: 30.5 | NetOutflow: 16 | NetOverflow: 14.5 | State: Overflow
2025-01-25 03:48:05 - NaN Check: 1 False
2025-01-25 03:48:05 - NaN Check: 2 False
2025-01-25 03:48:05 - Resonance: 16 | NetInflow: 30.5 | NetOutflow: 16 | NetOverflow: 14.5 | State: Overflow
2025-01-25 03:48:05 - NaN Check: 1 False
2025-01-25 03:48:05 - NaN Check: 2 False
2025-01-25 03:48:05 - Resonance: 16 | NetInflow: 30.5 | NetOutflow: 16 | NetOverflow: 14.5 | State: Overflow
2025-01-25 03:48:05 - NaN Check: 1 False
2025-01-25 03:48:05 - NaN Check: 2 False
2025-01-25 03:48:05 - Resonance: 16 | NetInflow: 30.5 | NetOutflow: 16 | NetOverflow: 14.5 | State: Overflow
2025-01-25 03:48:05 - NaN Check: 1 False
2025-01-25 03:48:05 - NaN Check: 2 False
2025-01-25 03:48:05 - Resonance: 16 | NetInflow: 30.5 | NetOutflow: 16 | NetOverflow: 14.5 | State: Overflow
2025-01-25 03:48:05 - NaN Check: 1 False
2025-01-25 03:48:05 - NaN Check: 2 False
2025-01-25 03:48:05 - Resonance: 16 | NetInflow: 30.5 | NetOutflow: 16 | NetOverflow: 14.5 | State: Overflow
2025-01-25 03:48:05 - NaN Check: 1 False
2025-01-25 03:48:05 - NaN Check: 2 False
2025-01-25 03:48:05 - Resonance: 16 | NetInflow: 30.5 | NetOutflow: 16 | NetOverflow: 14.5 | State: Overflow
2025-01-25 03:48:05 - NaN Check: 1 False
2025-01-25 03:48:05 - NaN Check: 2 False
2025-01-25 03:48:05 - Resonance: 16 | NetInflow: 30.5 | NetOutflow: 16 | NetOverflow: 14.5 | State: Overflow
2025-01-25 03:48:05 - NaN Check: 1 False
2025-01-25 03:48:05 - NaN Check: 2 False
2025-01-25 03:48:05 - Resonance: 16 | NetInflow: 30.5 | NetOutflow: 16 | NetOverflow: 14.5 | State: Overflow
2025-01-25 03:48:05 - NaN Check: 1 False
2025-01-25 03:48:05 - NaN Check: 2 False
2025-01-25 03:48:05 - Resonance: 16 | NetInflow: 30.5 | NetOutflow: 16 | NetOverflow: 14.5 | State: Overflow
2025-01-25 03:48:05 - NaN Check: 1 False
2025-01-25 03:48:05 - NaN Check: 2 False
2025-01-25 03:48:05 - Resonance: 16 | NetInflow: 30.5 | NetOutflow: 16 | NetOverflow: 14.5 | State: Overflow
2025-01-25 03:48:05 - NaN Check: 1 False
2025-01-25 03:48:05 - NaN Check: 2 False
2025-01-25 03:48:05 - Resonance: 16 | NetInflow: 30.5 | NetOutflow: 16 | NetOverflow: 14.5 | State: Overflow
2025-01-25 03:48:05 - NaN Check: 1 False
2025-01-25 03:48:05 - NaN Check: 2 False
2025-01-25 03:48:05 - Resonance: 16 | NetInflow: 30.5 | NetOutflow: 16 | NetOverflow: 14.5 | State: Overflow
2025-01-25 03:48:05 - NaN Check: 1 False
2025-01-25 03:48:05 - NaN Check: 2 False
2025-01-25 03:48:05 - Resonance: 16 | NetInflow: 30.5 | NetOutflow: 16 | NetOverflow: 14.5 | State: Overflow
2025-01-25 03:48:05 - NaN Check: 1 False
2025-01-25 03:48:05 - NaN Check: 2 False
2025-01-25 03:48:05 - Resonance: 16 | NetInflow: 30.5 | NetOutflow: 16 | NetOverflow: 14.5 | State: Overflow
2025-01-25 03:48:05 - NaN Check: 1 False
2025-01-25 03:48:05 - NaN Check: 2 False
2025-01-25 03:48:05 - Resonance: 16 | NetInflow: 30.5 | NetOutflow: 16 | NetOverflow: 14.5 | State: Overflow
2025-01-25 03:48:05 - NaN Check: 1 False
2025-01-25 03:48:05 - NaN Check: 2 False
2025-01-25 03:48:05 - Resonance: 16 | NetInflow: 30.5 | NetOutflow: 16 | NetOverflow: 14.5 | State: Overflow
2025-01-25 03:48:05 - NaN Check: 1 False
2025-01-25 03:48:05 - NaN Check: 2 False
2025-01-25 03:48:05 - Resonance: 16 | NetInflow: 30.5 | NetOutflow: 16 | NetOverflow: 14.5 | State: Overflow
2025-01-25 03:48:05 - NaN Check: 1 False
2025-01-25 03:48:05 - NaN Check: 2 False
2025-01-25 03:48:05 - Resonance: 16 | NetInflow: 30.5 | NetOutflow: 16 | NetOverflow: 14.5 | State: Overflow
2025-01-25 03:48:05 - NaN Check: 1 False
2025-01-25 03:48:05 - NaN Check: 2 False
2025-01-25 03:48:05 - Resonance: 16 | NetInflow: 30.5 | NetOutflow: 16 | NetOverflow: 14.5 | State: Overflow
2025-01-25 03:48:05 - NaN Check: 1 False
2025-01-25 03:48:05 - NaN Check: 2 False
2025-01-25 03:48:05 - Resonance: 16 | NetInflow: 30.5 | NetOutflow: 16 | NetOverflow: 14.5 | State: Overflow
2025-01-25 03:48:05 - NaN Check: 1 False
2025-01-25 03:48:05 - NaN Check: 2 False
2025-01-25 03:48:05 - Resonance: 16 | NetInflow: 30.5 | NetOutflow: 16 | NetOverflow: 14.5 | State: Overflow
2025-01-25 03:48:05 - NaN Check: 1 False
2025-01-25 03:48:05 - NaN Check: 2 False
2025-01-25 03:48:05 - Resonance: 16 | NetInflow: 30.5 | NetOutflow: 16 | NetOverflow: 14.5 | State: Overflow
2025-01-25 03:48:05 - NaN Check: 1 False
2025-01-25 03:48:05 - NaN Check: 2 False
2025-01-25 03:48:05 - Resonance: 16 | NetInflow: 30.5 | NetOutflow: 16 | NetOverflow: 14.5 | State: Overflow
2025-01-25 03:48:05 - NaN Check: 1 False
2025-01-25 03:48:05 - NaN Check: 2 False
2025-01-25 03:48:05 - Resonance: 16 | NetInflow: 30.5 | NetOutflow: 16 | NetOverflow: 14.5 | State: Overflow
2025-01-25 03:48:05 - NaN Check: 1 False
2025-01-25 03:48:05 - NaN Check: 2 False
2025-01-25 03:48:05 - Resonance: 16 | NetInflow: 30.5 | NetOutflow: 16 | NetOverflow: 14.5 | State: Overflow
2025-01-25 03:48:05 - NaN Check: 1 False
2025-01-25 03:48:05 - NaN Check: 2 False
2025-01-25 03:48:05 - Resonance: 16 | NetInflow: 30.5 | NetOutflow: 16 | NetOverflow: 14.5 | State: Overflow
2025-01-25 03:48:05 - NaN Check: 1 False
2025-01-25 03:48:05 - NaN Check: 2 False
2025-01-25 03:48:05 - Resonance: 16 | NetInflow: 30.5 | NetOutflow: 16 | NetOverflow: 14.5 | State: Overflow
2025-01-25 03:48:05 - NaN Check: 1 False
2025-01-25 03:48:05 - NaN Check: 2 False
2025-01-25 03:48:05 - Resonance: 16 | NetInflow: 30.5 | NetOutflow: 16 | NetOverflow: 14.5 | State: Overflow
2025-01-25 03:48:05 - NaN Check: 1 False
2025-01-25 03:48:05 - NaN Check: 2 False
2025-01-25 03:48:05 - Resonance: 16 | NetInflow: 30.5 | NetOutflow: 16 | NetOverflow: 14.5 | State: Overflow
2025-01-25 03:48:05 - NaN Check: 1 False
2025-01-25 03:48:05 - NaN Check: 2 False
2025-01-25 03:48:05 - Resonance: 16 | NetInflow: 30.5 | NetOutflow: 16 | NetOverflow: 14.5 | State: Overflow
2025-01-25 03:48:05 - NaN Check: 1 False
2025-01-25 03:48:05 - NaN Check: 2 False
2025-01-25 03:48:05 - Resonance: 16 | NetInflow: 30.5 | NetOutflow: 16 | NetOverflow: 14.5 | State: Overflow
2025-01-25 03:48:05 - NaN Check: 1 False
2025-01-25 03:48:05 - NaN Check: 2 False
2025-01-25 03:48:05 - Resonance: 16 | NetInflow: 30.5 | NetOutflow: 16 | NetOverflow: 14.5 | State: Overflow
2025-01-25 03:48:05 - NaN Check: 1 False
2025-01-25 03:48:05 - NaN Check: 2 False
2025-01-25 03:48:05 - Resonance: 16 | NetInflow: 30.5 | NetOutflow: 16 | NetOverflow: 14.5 | State: Overflow
2025-01-25 03:48:05 - NaN Check: 1 False
2025-01-25 03:48:05 - NaN Check: 2 False
2025-01-25 03:48:05 - Resonance: 16 | NetInflow: 30.5 | NetOutflow: 16 | NetOverflow: 14.5 | State: Overflow
2025-01-25 03:48:05 - NaN Check: 1 False
2025-01-25 03:48:05 - NaN Check: 2 False
2025-01-25 03:48:05 - Resonance: 16 | NetInflow: 30.5 | NetOutflow: 16 | NetOverflow: 14.5 | State: Overflow
2025-01-25 03:48:05 - NaN Check: 1 False
2025-01-25 03:48:05 - NaN Check: 2 False
2025-01-25 03:48:05 - Resonance: 16 | NetInflow: 30.5 | NetOutflow: 16 | NetOverflow: 14.5 | State: Overflow
2025-01-25 03:48:05 - NaN Check: 1 False
2025-01-25 03:48:05 - NaN Check: 2 False
2025-01-25 03:48:05 - Resonance: 16 | NetInflow: 30.5 | NetOutflow: 16 | NetOverflow: 14.5 | State: Overflow
2025-01-25 03:48:05 - NaN Check: 1 False
2025-01-25 03:48:05 - NaN Check: 2 False
2025-01-25 03:48:05 - Resonance: 16 | NetInflow: 30.5 | NetOutflow: 16 | NetOverflow: 14.5 | State: Overflow
2025-01-25 03:48:05 - NaN Check: 1 False
2025-01-25 03:48:05 - NaN Check: 2 False
2025-01-25 03:48:05 - Resonance: 16 | NetInflow: 30.5 | NetOutflow: 16 | NetOverflow: 14.5 | State: Overflow
2025-01-25 03:48:05 - NaN Check: 1 False
2025-01-25 03:48:05 - NaN Check: 2 False
2025-01-25 03:48:05 - Resonance: 16 | NetInflow: 30.5 | NetOutflow: 16 | NetOverflow: 14.5 | State: Overflow
2025-01-25 03:48:05 - NaN Check: 1 False
2025-01-25 03:48:05 - NaN Check: 2 False
2025-01-25 03:48:05 - Resonance: 16 | NetInflow: 30.5 | NetOutflow: 16 | NetOverflow: 14.5 | State: Overflow
2025-01-25 03:48:05 - NaN Check: 1 False
2025-01-25 03:48:05 - NaN Check: 2 False
2025-01-25 03:48:05 - Resonance: 16 | NetInflow: 30.5 | NetOutflow: 16 | NetOverflow: 14.5 | State: Overflow
2025-01-25 03:48:05 - NaN Check: 1 False
2025-01-25 03:48:05 - NaN Check: 2 False
2025-01-25 03:48:05 - Resonance: 16 | NetInflow: 30.5 | NetOutflow: 16 | NetOverflow: 14.5 | State: Overflow
2025-01-25 03:48:05 - NaN Check: 1 False
2025-01-25 03:48:05 - NaN Check: 2 False
2025-01-25 03:48:05 - Resonance: 16 | NetInflow: 30.5 | NetOutflow: 16 | NetOverflow: 14.5 | State: Overflow
2025-01-25 03:48:05 - NaN Check: 1 False
2025-01-25 03:48:05 - NaN Check: 2 False
2025-01-25 03:48:05 - Resonance: 16 | NetInflow: 30.5 | NetOutflow: 16 | NetOverflow: 14.5 | State: Overflow
2025-01-25 03:48:05 - NaN Check: 1 False
2025-01-25 03:48:05 - NaN Check: 2 False
2025-01-25 03:48:05 - Resonance: 16 | NetInflow: 30.5 | NetOutflow: 16 | NetOverflow: 14.5 | State: Overflow
2025-01-25 03:48:05 - NaN Check: 1 False
2025-01-25 03:48:05 - NaN Check: 2 False
2025-01-25 03:48:05 - Resonance: 16 | NetInflow: 30.5 | NetOutflow: 16 | NetOverflow: 14.5 | State: Overflow
2025-01-25 03:48:05 - NaN Check: 1 False
2025-01-25 03:48:05 - NaN Check: 2 False
2025-01-25 03:48:05 - Resonance: 16 | NetInflow: 30.5 | NetOutflow: 16 | NetOverflow: 14.5 | State: Overflow
2025-01-25 03:48:05 - NaN Check: 1 False
2025-01-25 03:48:05 - NaN Check: 2 False
2025-01-25 03:48:05 - Resonance: 16 | NetInflow: 30.5 | NetOutflow: 16 | NetOverflow: 14.5 | State: Overflow
2025-01-25 03:48:05 - NaN Check: 1 False
2025-01-25 03:48:05 - NaN Check: 2 False
2025-01-25 03:48:05 - Resonance: 16 | NetInflow: 30.5 | NetOutflow: 16 | NetOverflow: 14.5 | State: Overflow
2025-01-25 03:48:05 - NaN Check: 1 False
2025-01-25 03:48:05 - NaN Check: 2 False
2025-01-25 03:48:05 - Resonance: 16 | NetInflow: 30.5 | NetOutflow: 16 | NetOverflow: 14.5 | State: Overflow
